[2025-12-12T07:25:54.195-0500] {processor.py:161} INFO - Started process (PID=56880) to work on /Users/evankrupa/airflow_project/env/lib/python3.11/site-packages/airflow/example_dags/example_external_task_marker_dag.py
[2025-12-12T07:25:54.195-0500] {processor.py:830} INFO - Processing file /Users/evankrupa/airflow_project/env/lib/python3.11/site-packages/airflow/example_dags/example_external_task_marker_dag.py for tasks to queue
[2025-12-12T07:25:54.196-0500] {logging_mixin.py:188} INFO - [2025-12-12T07:25:54.196-0500] {dagbag.py:545} INFO - Filling up the DagBag from /Users/evankrupa/airflow_project/env/lib/python3.11/site-packages/airflow/example_dags/example_external_task_marker_dag.py
[2025-12-12T07:25:54.200-0500] {processor.py:840} INFO - DAG(s) 'example_external_task_marker_child', 'example_external_task_marker_parent' retrieved from /Users/evankrupa/airflow_project/env/lib/python3.11/site-packages/airflow/example_dags/example_external_task_marker_dag.py
[2025-12-12T07:25:54.252-0500] {logging_mixin.py:188} INFO - [2025-12-12T07:25:54.252-0500] {override.py:1829} INFO - Created Permission View: can edit on DAG:example_external_task_marker_child
[2025-12-12T07:25:54.254-0500] {logging_mixin.py:188} INFO - [2025-12-12T07:25:54.254-0500] {override.py:1829} INFO - Created Permission View: can read on DAG:example_external_task_marker_child
[2025-12-12T07:25:54.256-0500] {logging_mixin.py:188} INFO - [2025-12-12T07:25:54.256-0500] {override.py:1829} INFO - Created Permission View: can delete on DAG:example_external_task_marker_child
[2025-12-12T07:25:54.258-0500] {logging_mixin.py:188} INFO - [2025-12-12T07:25:54.258-0500] {override.py:1829} INFO - Created Permission View: can edit on DAG:example_external_task_marker_parent
[2025-12-12T07:25:54.260-0500] {logging_mixin.py:188} INFO - [2025-12-12T07:25:54.260-0500] {override.py:1829} INFO - Created Permission View: can read on DAG:example_external_task_marker_parent
[2025-12-12T07:25:54.261-0500] {logging_mixin.py:188} INFO - [2025-12-12T07:25:54.261-0500] {override.py:1829} INFO - Created Permission View: can delete on DAG:example_external_task_marker_parent
[2025-12-12T07:25:54.261-0500] {logging_mixin.py:188} INFO - [2025-12-12T07:25:54.261-0500] {dag.py:3096} INFO - Sync 2 DAGs
[2025-12-12T07:25:54.264-0500] {logging_mixin.py:188} INFO - [2025-12-12T07:25:54.264-0500] {dag.py:3118} INFO - Creating ORM DAG for example_external_task_marker_parent
[2025-12-12T07:25:54.264-0500] {logging_mixin.py:188} INFO - [2025-12-12T07:25:54.264-0500] {dag.py:3118} INFO - Creating ORM DAG for example_external_task_marker_child
[2025-12-12T07:25:54.264-0500] {logging_mixin.py:188} INFO - [2025-12-12T07:25:54.264-0500] {dag.py:3954} INFO - Setting next_dagrun for example_external_task_marker_child to None, run_after=None
[2025-12-12T07:25:54.264-0500] {logging_mixin.py:188} INFO - [2025-12-12T07:25:54.264-0500] {dag.py:3954} INFO - Setting next_dagrun for example_external_task_marker_parent to None, run_after=None
[2025-12-12T07:25:54.269-0500] {processor.py:183} INFO - Processing /Users/evankrupa/airflow_project/env/lib/python3.11/site-packages/airflow/example_dags/example_external_task_marker_dag.py took 0.075 seconds
[2025-12-12T07:27:19.085-0500] {processor.py:161} INFO - Started process (PID=57503) to work on /Users/evankrupa/airflow_project/env/lib/python3.11/site-packages/airflow/example_dags/example_external_task_marker_dag.py
[2025-12-12T07:27:19.086-0500] {processor.py:830} INFO - Processing file /Users/evankrupa/airflow_project/env/lib/python3.11/site-packages/airflow/example_dags/example_external_task_marker_dag.py for tasks to queue
[2025-12-12T07:27:19.086-0500] {logging_mixin.py:188} INFO - [2025-12-12T07:27:19.086-0500] {dagbag.py:545} INFO - Filling up the DagBag from /Users/evankrupa/airflow_project/env/lib/python3.11/site-packages/airflow/example_dags/example_external_task_marker_dag.py
[2025-12-12T07:27:19.090-0500] {processor.py:840} INFO - DAG(s) 'example_external_task_marker_child', 'example_external_task_marker_parent' retrieved from /Users/evankrupa/airflow_project/env/lib/python3.11/site-packages/airflow/example_dags/example_external_task_marker_dag.py
[2025-12-12T07:27:19.119-0500] {logging_mixin.py:188} INFO - [2025-12-12T07:27:19.119-0500] {dag.py:3096} INFO - Sync 2 DAGs
[2025-12-12T07:27:19.122-0500] {logging_mixin.py:188} INFO - [2025-12-12T07:27:19.122-0500] {dag.py:3954} INFO - Setting next_dagrun for example_external_task_marker_child to None, run_after=None
[2025-12-12T07:27:19.123-0500] {logging_mixin.py:188} INFO - [2025-12-12T07:27:19.123-0500] {dag.py:3954} INFO - Setting next_dagrun for example_external_task_marker_parent to None, run_after=None
[2025-12-12T07:27:19.128-0500] {processor.py:183} INFO - Processing /Users/evankrupa/airflow_project/env/lib/python3.11/site-packages/airflow/example_dags/example_external_task_marker_dag.py took 0.044 seconds
[2025-12-12T07:28:45.851-0500] {processor.py:161} INFO - Started process (PID=57758) to work on /Users/evankrupa/airflow_project/env/lib/python3.11/site-packages/airflow/example_dags/example_external_task_marker_dag.py
[2025-12-12T07:28:45.852-0500] {processor.py:830} INFO - Processing file /Users/evankrupa/airflow_project/env/lib/python3.11/site-packages/airflow/example_dags/example_external_task_marker_dag.py for tasks to queue
[2025-12-12T07:28:45.852-0500] {logging_mixin.py:188} INFO - [2025-12-12T07:28:45.852-0500] {dagbag.py:545} INFO - Filling up the DagBag from /Users/evankrupa/airflow_project/env/lib/python3.11/site-packages/airflow/example_dags/example_external_task_marker_dag.py
[2025-12-12T07:28:45.856-0500] {processor.py:840} INFO - DAG(s) 'example_external_task_marker_child', 'example_external_task_marker_parent' retrieved from /Users/evankrupa/airflow_project/env/lib/python3.11/site-packages/airflow/example_dags/example_external_task_marker_dag.py
[2025-12-12T07:28:45.887-0500] {logging_mixin.py:188} INFO - [2025-12-12T07:28:45.887-0500] {dag.py:3096} INFO - Sync 2 DAGs
[2025-12-12T07:28:45.889-0500] {logging_mixin.py:188} INFO - [2025-12-12T07:28:45.889-0500] {dag.py:3954} INFO - Setting next_dagrun for example_external_task_marker_child to None, run_after=None
[2025-12-12T07:28:45.890-0500] {logging_mixin.py:188} INFO - [2025-12-12T07:28:45.890-0500] {dag.py:3954} INFO - Setting next_dagrun for example_external_task_marker_parent to None, run_after=None
[2025-12-12T07:28:45.895-0500] {processor.py:183} INFO - Processing /Users/evankrupa/airflow_project/env/lib/python3.11/site-packages/airflow/example_dags/example_external_task_marker_dag.py took 0.045 seconds
[2025-12-12T07:30:10.168-0500] {processor.py:161} INFO - Started process (PID=57996) to work on /Users/evankrupa/airflow_project/env/lib/python3.11/site-packages/airflow/example_dags/example_external_task_marker_dag.py
[2025-12-12T07:30:10.169-0500] {processor.py:830} INFO - Processing file /Users/evankrupa/airflow_project/env/lib/python3.11/site-packages/airflow/example_dags/example_external_task_marker_dag.py for tasks to queue
[2025-12-12T07:30:10.169-0500] {logging_mixin.py:188} INFO - [2025-12-12T07:30:10.169-0500] {dagbag.py:545} INFO - Filling up the DagBag from /Users/evankrupa/airflow_project/env/lib/python3.11/site-packages/airflow/example_dags/example_external_task_marker_dag.py
[2025-12-12T07:30:10.173-0500] {processor.py:840} INFO - DAG(s) 'example_external_task_marker_child', 'example_external_task_marker_parent' retrieved from /Users/evankrupa/airflow_project/env/lib/python3.11/site-packages/airflow/example_dags/example_external_task_marker_dag.py
[2025-12-12T07:30:10.203-0500] {logging_mixin.py:188} INFO - [2025-12-12T07:30:10.203-0500] {dag.py:3096} INFO - Sync 2 DAGs
[2025-12-12T07:30:10.206-0500] {logging_mixin.py:188} INFO - [2025-12-12T07:30:10.206-0500] {dag.py:3954} INFO - Setting next_dagrun for example_external_task_marker_child to None, run_after=None
[2025-12-12T07:30:10.207-0500] {logging_mixin.py:188} INFO - [2025-12-12T07:30:10.207-0500] {dag.py:3954} INFO - Setting next_dagrun for example_external_task_marker_parent to None, run_after=None
[2025-12-12T07:30:10.212-0500] {processor.py:183} INFO - Processing /Users/evankrupa/airflow_project/env/lib/python3.11/site-packages/airflow/example_dags/example_external_task_marker_dag.py took 0.045 seconds
[2025-12-12T07:31:35.639-0500] {processor.py:161} INFO - Started process (PID=58325) to work on /Users/evankrupa/airflow_project/env/lib/python3.11/site-packages/airflow/example_dags/example_external_task_marker_dag.py
[2025-12-12T07:31:35.640-0500] {processor.py:830} INFO - Processing file /Users/evankrupa/airflow_project/env/lib/python3.11/site-packages/airflow/example_dags/example_external_task_marker_dag.py for tasks to queue
[2025-12-12T07:31:35.640-0500] {logging_mixin.py:188} INFO - [2025-12-12T07:31:35.640-0500] {dagbag.py:545} INFO - Filling up the DagBag from /Users/evankrupa/airflow_project/env/lib/python3.11/site-packages/airflow/example_dags/example_external_task_marker_dag.py
[2025-12-12T07:31:35.647-0500] {processor.py:840} INFO - DAG(s) 'example_external_task_marker_parent', 'example_external_task_marker_child' retrieved from /Users/evankrupa/airflow_project/env/lib/python3.11/site-packages/airflow/example_dags/example_external_task_marker_dag.py
[2025-12-12T07:31:35.687-0500] {logging_mixin.py:188} INFO - [2025-12-12T07:31:35.687-0500] {dag.py:3096} INFO - Sync 2 DAGs
[2025-12-12T07:31:35.690-0500] {logging_mixin.py:188} INFO - [2025-12-12T07:31:35.690-0500] {dag.py:3954} INFO - Setting next_dagrun for example_external_task_marker_child to None, run_after=None
[2025-12-12T07:31:35.691-0500] {logging_mixin.py:188} INFO - [2025-12-12T07:31:35.691-0500] {dag.py:3954} INFO - Setting next_dagrun for example_external_task_marker_parent to None, run_after=None
[2025-12-12T07:31:35.698-0500] {processor.py:183} INFO - Processing /Users/evankrupa/airflow_project/env/lib/python3.11/site-packages/airflow/example_dags/example_external_task_marker_dag.py took 0.059 seconds
[2025-12-12T07:33:03.091-0500] {processor.py:161} INFO - Started process (PID=58434) to work on /Users/evankrupa/airflow_project/env/lib/python3.11/site-packages/airflow/example_dags/example_external_task_marker_dag.py
[2025-12-12T07:33:03.093-0500] {processor.py:830} INFO - Processing file /Users/evankrupa/airflow_project/env/lib/python3.11/site-packages/airflow/example_dags/example_external_task_marker_dag.py for tasks to queue
[2025-12-12T07:33:03.093-0500] {logging_mixin.py:188} INFO - [2025-12-12T07:33:03.093-0500] {dagbag.py:545} INFO - Filling up the DagBag from /Users/evankrupa/airflow_project/env/lib/python3.11/site-packages/airflow/example_dags/example_external_task_marker_dag.py
[2025-12-12T07:33:03.097-0500] {processor.py:840} INFO - DAG(s) 'example_external_task_marker_parent', 'example_external_task_marker_child' retrieved from /Users/evankrupa/airflow_project/env/lib/python3.11/site-packages/airflow/example_dags/example_external_task_marker_dag.py
[2025-12-12T07:33:03.126-0500] {logging_mixin.py:188} INFO - [2025-12-12T07:33:03.126-0500] {dag.py:3096} INFO - Sync 2 DAGs
[2025-12-12T07:33:03.129-0500] {logging_mixin.py:188} INFO - [2025-12-12T07:33:03.129-0500] {dag.py:3954} INFO - Setting next_dagrun for example_external_task_marker_child to None, run_after=None
[2025-12-12T07:33:03.130-0500] {logging_mixin.py:188} INFO - [2025-12-12T07:33:03.130-0500] {dag.py:3954} INFO - Setting next_dagrun for example_external_task_marker_parent to None, run_after=None
[2025-12-12T07:33:03.135-0500] {processor.py:183} INFO - Processing /Users/evankrupa/airflow_project/env/lib/python3.11/site-packages/airflow/example_dags/example_external_task_marker_dag.py took 0.045 seconds
[2025-12-12T07:34:28.860-0500] {processor.py:161} INFO - Started process (PID=58510) to work on /Users/evankrupa/airflow_project/env/lib/python3.11/site-packages/airflow/example_dags/example_external_task_marker_dag.py
[2025-12-12T07:34:28.861-0500] {processor.py:830} INFO - Processing file /Users/evankrupa/airflow_project/env/lib/python3.11/site-packages/airflow/example_dags/example_external_task_marker_dag.py for tasks to queue
[2025-12-12T07:34:28.862-0500] {logging_mixin.py:188} INFO - [2025-12-12T07:34:28.862-0500] {dagbag.py:545} INFO - Filling up the DagBag from /Users/evankrupa/airflow_project/env/lib/python3.11/site-packages/airflow/example_dags/example_external_task_marker_dag.py
[2025-12-12T07:34:28.866-0500] {processor.py:840} INFO - DAG(s) 'example_external_task_marker_parent', 'example_external_task_marker_child' retrieved from /Users/evankrupa/airflow_project/env/lib/python3.11/site-packages/airflow/example_dags/example_external_task_marker_dag.py
[2025-12-12T07:34:28.897-0500] {logging_mixin.py:188} INFO - [2025-12-12T07:34:28.897-0500] {dag.py:3096} INFO - Sync 2 DAGs
[2025-12-12T07:34:28.900-0500] {logging_mixin.py:188} INFO - [2025-12-12T07:34:28.900-0500] {dag.py:3954} INFO - Setting next_dagrun for example_external_task_marker_child to None, run_after=None
[2025-12-12T07:34:28.901-0500] {logging_mixin.py:188} INFO - [2025-12-12T07:34:28.901-0500] {dag.py:3954} INFO - Setting next_dagrun for example_external_task_marker_parent to None, run_after=None
[2025-12-12T07:34:28.907-0500] {processor.py:183} INFO - Processing /Users/evankrupa/airflow_project/env/lib/python3.11/site-packages/airflow/example_dags/example_external_task_marker_dag.py took 0.047 seconds
[2025-12-12T07:35:51.883-0500] {processor.py:161} INFO - Started process (PID=58585) to work on /Users/evankrupa/airflow_project/env/lib/python3.11/site-packages/airflow/example_dags/example_external_task_marker_dag.py
[2025-12-12T07:35:51.884-0500] {processor.py:830} INFO - Processing file /Users/evankrupa/airflow_project/env/lib/python3.11/site-packages/airflow/example_dags/example_external_task_marker_dag.py for tasks to queue
[2025-12-12T07:35:51.884-0500] {logging_mixin.py:188} INFO - [2025-12-12T07:35:51.884-0500] {dagbag.py:545} INFO - Filling up the DagBag from /Users/evankrupa/airflow_project/env/lib/python3.11/site-packages/airflow/example_dags/example_external_task_marker_dag.py
[2025-12-12T07:35:51.888-0500] {processor.py:840} INFO - DAG(s) 'example_external_task_marker_parent', 'example_external_task_marker_child' retrieved from /Users/evankrupa/airflow_project/env/lib/python3.11/site-packages/airflow/example_dags/example_external_task_marker_dag.py
[2025-12-12T07:35:51.917-0500] {logging_mixin.py:188} INFO - [2025-12-12T07:35:51.917-0500] {dag.py:3096} INFO - Sync 2 DAGs
[2025-12-12T07:35:51.919-0500] {logging_mixin.py:188} INFO - [2025-12-12T07:35:51.919-0500] {dag.py:3954} INFO - Setting next_dagrun for example_external_task_marker_child to None, run_after=None
[2025-12-12T07:35:51.920-0500] {logging_mixin.py:188} INFO - [2025-12-12T07:35:51.920-0500] {dag.py:3954} INFO - Setting next_dagrun for example_external_task_marker_parent to None, run_after=None
[2025-12-12T07:35:51.925-0500] {processor.py:183} INFO - Processing /Users/evankrupa/airflow_project/env/lib/python3.11/site-packages/airflow/example_dags/example_external_task_marker_dag.py took 0.043 seconds
[2025-12-12T07:37:16.530-0500] {processor.py:161} INFO - Started process (PID=58653) to work on /Users/evankrupa/airflow_project/env/lib/python3.11/site-packages/airflow/example_dags/example_external_task_marker_dag.py
[2025-12-12T07:37:16.531-0500] {processor.py:830} INFO - Processing file /Users/evankrupa/airflow_project/env/lib/python3.11/site-packages/airflow/example_dags/example_external_task_marker_dag.py for tasks to queue
[2025-12-12T07:37:16.531-0500] {logging_mixin.py:188} INFO - [2025-12-12T07:37:16.531-0500] {dagbag.py:545} INFO - Filling up the DagBag from /Users/evankrupa/airflow_project/env/lib/python3.11/site-packages/airflow/example_dags/example_external_task_marker_dag.py
[2025-12-12T07:37:16.535-0500] {processor.py:840} INFO - DAG(s) 'example_external_task_marker_parent', 'example_external_task_marker_child' retrieved from /Users/evankrupa/airflow_project/env/lib/python3.11/site-packages/airflow/example_dags/example_external_task_marker_dag.py
[2025-12-12T07:37:16.564-0500] {logging_mixin.py:188} INFO - [2025-12-12T07:37:16.564-0500] {dag.py:3096} INFO - Sync 2 DAGs
[2025-12-12T07:37:16.566-0500] {logging_mixin.py:188} INFO - [2025-12-12T07:37:16.566-0500] {dag.py:3954} INFO - Setting next_dagrun for example_external_task_marker_child to None, run_after=None
[2025-12-12T07:37:16.567-0500] {logging_mixin.py:188} INFO - [2025-12-12T07:37:16.567-0500] {dag.py:3954} INFO - Setting next_dagrun for example_external_task_marker_parent to None, run_after=None
[2025-12-12T07:37:16.572-0500] {processor.py:183} INFO - Processing /Users/evankrupa/airflow_project/env/lib/python3.11/site-packages/airflow/example_dags/example_external_task_marker_dag.py took 0.043 seconds
[2025-12-12T07:38:39.824-0500] {processor.py:161} INFO - Started process (PID=58734) to work on /Users/evankrupa/airflow_project/env/lib/python3.11/site-packages/airflow/example_dags/example_external_task_marker_dag.py
[2025-12-12T07:38:39.825-0500] {processor.py:830} INFO - Processing file /Users/evankrupa/airflow_project/env/lib/python3.11/site-packages/airflow/example_dags/example_external_task_marker_dag.py for tasks to queue
[2025-12-12T07:38:39.825-0500] {logging_mixin.py:188} INFO - [2025-12-12T07:38:39.825-0500] {dagbag.py:545} INFO - Filling up the DagBag from /Users/evankrupa/airflow_project/env/lib/python3.11/site-packages/airflow/example_dags/example_external_task_marker_dag.py
[2025-12-12T07:38:39.829-0500] {processor.py:840} INFO - DAG(s) 'example_external_task_marker_parent', 'example_external_task_marker_child' retrieved from /Users/evankrupa/airflow_project/env/lib/python3.11/site-packages/airflow/example_dags/example_external_task_marker_dag.py
[2025-12-12T07:38:39.858-0500] {logging_mixin.py:188} INFO - [2025-12-12T07:38:39.858-0500] {dag.py:3096} INFO - Sync 2 DAGs
[2025-12-12T07:38:39.861-0500] {logging_mixin.py:188} INFO - [2025-12-12T07:38:39.861-0500] {dag.py:3954} INFO - Setting next_dagrun for example_external_task_marker_child to None, run_after=None
[2025-12-12T07:38:39.861-0500] {logging_mixin.py:188} INFO - [2025-12-12T07:38:39.861-0500] {dag.py:3954} INFO - Setting next_dagrun for example_external_task_marker_parent to None, run_after=None
[2025-12-12T07:38:39.867-0500] {processor.py:183} INFO - Processing /Users/evankrupa/airflow_project/env/lib/python3.11/site-packages/airflow/example_dags/example_external_task_marker_dag.py took 0.044 seconds
[2025-12-12T07:40:06.953-0500] {processor.py:161} INFO - Started process (PID=58856) to work on /Users/evankrupa/airflow_project/env/lib/python3.11/site-packages/airflow/example_dags/example_external_task_marker_dag.py
[2025-12-12T07:40:06.954-0500] {processor.py:830} INFO - Processing file /Users/evankrupa/airflow_project/env/lib/python3.11/site-packages/airflow/example_dags/example_external_task_marker_dag.py for tasks to queue
[2025-12-12T07:40:06.955-0500] {logging_mixin.py:188} INFO - [2025-12-12T07:40:06.954-0500] {dagbag.py:545} INFO - Filling up the DagBag from /Users/evankrupa/airflow_project/env/lib/python3.11/site-packages/airflow/example_dags/example_external_task_marker_dag.py
[2025-12-12T07:40:06.958-0500] {processor.py:840} INFO - DAG(s) 'example_external_task_marker_child', 'example_external_task_marker_parent' retrieved from /Users/evankrupa/airflow_project/env/lib/python3.11/site-packages/airflow/example_dags/example_external_task_marker_dag.py
[2025-12-12T07:40:06.989-0500] {logging_mixin.py:188} INFO - [2025-12-12T07:40:06.989-0500] {dag.py:3096} INFO - Sync 2 DAGs
[2025-12-12T07:40:06.992-0500] {logging_mixin.py:188} INFO - [2025-12-12T07:40:06.992-0500] {dag.py:3954} INFO - Setting next_dagrun for example_external_task_marker_child to None, run_after=None
[2025-12-12T07:40:06.993-0500] {logging_mixin.py:188} INFO - [2025-12-12T07:40:06.993-0500] {dag.py:3954} INFO - Setting next_dagrun for example_external_task_marker_parent to None, run_after=None
[2025-12-12T07:40:06.998-0500] {processor.py:183} INFO - Processing /Users/evankrupa/airflow_project/env/lib/python3.11/site-packages/airflow/example_dags/example_external_task_marker_dag.py took 0.045 seconds
[2025-12-12T07:41:31.675-0500] {processor.py:161} INFO - Started process (PID=58951) to work on /Users/evankrupa/airflow_project/env/lib/python3.11/site-packages/airflow/example_dags/example_external_task_marker_dag.py
[2025-12-12T07:41:31.675-0500] {processor.py:830} INFO - Processing file /Users/evankrupa/airflow_project/env/lib/python3.11/site-packages/airflow/example_dags/example_external_task_marker_dag.py for tasks to queue
[2025-12-12T07:41:31.676-0500] {logging_mixin.py:188} INFO - [2025-12-12T07:41:31.676-0500] {dagbag.py:545} INFO - Filling up the DagBag from /Users/evankrupa/airflow_project/env/lib/python3.11/site-packages/airflow/example_dags/example_external_task_marker_dag.py
[2025-12-12T07:41:31.680-0500] {processor.py:840} INFO - DAG(s) 'example_external_task_marker_child', 'example_external_task_marker_parent' retrieved from /Users/evankrupa/airflow_project/env/lib/python3.11/site-packages/airflow/example_dags/example_external_task_marker_dag.py
[2025-12-12T07:41:31.709-0500] {logging_mixin.py:188} INFO - [2025-12-12T07:41:31.709-0500] {dag.py:3096} INFO - Sync 2 DAGs
[2025-12-12T07:41:31.712-0500] {logging_mixin.py:188} INFO - [2025-12-12T07:41:31.712-0500] {dag.py:3954} INFO - Setting next_dagrun for example_external_task_marker_child to None, run_after=None
[2025-12-12T07:41:31.713-0500] {logging_mixin.py:188} INFO - [2025-12-12T07:41:31.713-0500] {dag.py:3954} INFO - Setting next_dagrun for example_external_task_marker_parent to None, run_after=None
[2025-12-12T07:41:31.718-0500] {processor.py:183} INFO - Processing /Users/evankrupa/airflow_project/env/lib/python3.11/site-packages/airflow/example_dags/example_external_task_marker_dag.py took 0.044 seconds
[2025-12-12T07:42:55.469-0500] {processor.py:161} INFO - Started process (PID=59113) to work on /Users/evankrupa/airflow_project/env/lib/python3.11/site-packages/airflow/example_dags/example_external_task_marker_dag.py
[2025-12-12T07:42:55.470-0500] {processor.py:830} INFO - Processing file /Users/evankrupa/airflow_project/env/lib/python3.11/site-packages/airflow/example_dags/example_external_task_marker_dag.py for tasks to queue
[2025-12-12T07:42:55.471-0500] {logging_mixin.py:188} INFO - [2025-12-12T07:42:55.471-0500] {dagbag.py:545} INFO - Filling up the DagBag from /Users/evankrupa/airflow_project/env/lib/python3.11/site-packages/airflow/example_dags/example_external_task_marker_dag.py
[2025-12-12T07:42:55.475-0500] {processor.py:840} INFO - DAG(s) 'example_external_task_marker_child', 'example_external_task_marker_parent' retrieved from /Users/evankrupa/airflow_project/env/lib/python3.11/site-packages/airflow/example_dags/example_external_task_marker_dag.py
[2025-12-12T07:42:55.504-0500] {logging_mixin.py:188} INFO - [2025-12-12T07:42:55.503-0500] {dag.py:3096} INFO - Sync 2 DAGs
[2025-12-12T07:42:55.506-0500] {logging_mixin.py:188} INFO - [2025-12-12T07:42:55.506-0500] {dag.py:3954} INFO - Setting next_dagrun for example_external_task_marker_child to None, run_after=None
[2025-12-12T07:42:55.507-0500] {logging_mixin.py:188} INFO - [2025-12-12T07:42:55.507-0500] {dag.py:3954} INFO - Setting next_dagrun for example_external_task_marker_parent to None, run_after=None
[2025-12-12T07:42:55.512-0500] {processor.py:183} INFO - Processing /Users/evankrupa/airflow_project/env/lib/python3.11/site-packages/airflow/example_dags/example_external_task_marker_dag.py took 0.044 seconds
[2025-12-12T07:44:19.935-0500] {processor.py:161} INFO - Started process (PID=59199) to work on /Users/evankrupa/airflow_project/env/lib/python3.11/site-packages/airflow/example_dags/example_external_task_marker_dag.py
[2025-12-12T07:44:19.936-0500] {processor.py:830} INFO - Processing file /Users/evankrupa/airflow_project/env/lib/python3.11/site-packages/airflow/example_dags/example_external_task_marker_dag.py for tasks to queue
[2025-12-12T07:44:19.937-0500] {logging_mixin.py:188} INFO - [2025-12-12T07:44:19.937-0500] {dagbag.py:545} INFO - Filling up the DagBag from /Users/evankrupa/airflow_project/env/lib/python3.11/site-packages/airflow/example_dags/example_external_task_marker_dag.py
[2025-12-12T07:44:19.940-0500] {processor.py:840} INFO - DAG(s) 'example_external_task_marker_parent', 'example_external_task_marker_child' retrieved from /Users/evankrupa/airflow_project/env/lib/python3.11/site-packages/airflow/example_dags/example_external_task_marker_dag.py
[2025-12-12T07:44:19.969-0500] {logging_mixin.py:188} INFO - [2025-12-12T07:44:19.969-0500] {dag.py:3096} INFO - Sync 2 DAGs
[2025-12-12T07:44:19.972-0500] {logging_mixin.py:188} INFO - [2025-12-12T07:44:19.972-0500] {dag.py:3954} INFO - Setting next_dagrun for example_external_task_marker_child to None, run_after=None
[2025-12-12T07:44:19.973-0500] {logging_mixin.py:188} INFO - [2025-12-12T07:44:19.973-0500] {dag.py:3954} INFO - Setting next_dagrun for example_external_task_marker_parent to None, run_after=None
[2025-12-12T07:44:19.978-0500] {processor.py:183} INFO - Processing /Users/evankrupa/airflow_project/env/lib/python3.11/site-packages/airflow/example_dags/example_external_task_marker_dag.py took 0.044 seconds
[2025-12-12T07:45:46.967-0500] {processor.py:161} INFO - Started process (PID=59281) to work on /Users/evankrupa/airflow_project/env/lib/python3.11/site-packages/airflow/example_dags/example_external_task_marker_dag.py
[2025-12-12T07:45:46.968-0500] {processor.py:830} INFO - Processing file /Users/evankrupa/airflow_project/env/lib/python3.11/site-packages/airflow/example_dags/example_external_task_marker_dag.py for tasks to queue
[2025-12-12T07:45:46.968-0500] {logging_mixin.py:188} INFO - [2025-12-12T07:45:46.968-0500] {dagbag.py:545} INFO - Filling up the DagBag from /Users/evankrupa/airflow_project/env/lib/python3.11/site-packages/airflow/example_dags/example_external_task_marker_dag.py
[2025-12-12T07:45:46.972-0500] {processor.py:840} INFO - DAG(s) 'example_external_task_marker_child', 'example_external_task_marker_parent' retrieved from /Users/evankrupa/airflow_project/env/lib/python3.11/site-packages/airflow/example_dags/example_external_task_marker_dag.py
[2025-12-12T07:45:47.001-0500] {logging_mixin.py:188} INFO - [2025-12-12T07:45:47.001-0500] {dag.py:3096} INFO - Sync 2 DAGs
[2025-12-12T07:45:47.004-0500] {logging_mixin.py:188} INFO - [2025-12-12T07:45:47.004-0500] {dag.py:3954} INFO - Setting next_dagrun for example_external_task_marker_child to None, run_after=None
[2025-12-12T07:45:47.005-0500] {logging_mixin.py:188} INFO - [2025-12-12T07:45:47.005-0500] {dag.py:3954} INFO - Setting next_dagrun for example_external_task_marker_parent to None, run_after=None
[2025-12-12T07:45:47.010-0500] {processor.py:183} INFO - Processing /Users/evankrupa/airflow_project/env/lib/python3.11/site-packages/airflow/example_dags/example_external_task_marker_dag.py took 0.044 seconds
[2025-12-12T07:47:09.956-0500] {processor.py:161} INFO - Started process (PID=59358) to work on /Users/evankrupa/airflow_project/env/lib/python3.11/site-packages/airflow/example_dags/example_external_task_marker_dag.py
[2025-12-12T07:47:09.957-0500] {processor.py:830} INFO - Processing file /Users/evankrupa/airflow_project/env/lib/python3.11/site-packages/airflow/example_dags/example_external_task_marker_dag.py for tasks to queue
[2025-12-12T07:47:09.957-0500] {logging_mixin.py:188} INFO - [2025-12-12T07:47:09.957-0500] {dagbag.py:545} INFO - Filling up the DagBag from /Users/evankrupa/airflow_project/env/lib/python3.11/site-packages/airflow/example_dags/example_external_task_marker_dag.py
[2025-12-12T07:47:09.961-0500] {processor.py:840} INFO - DAG(s) 'example_external_task_marker_parent', 'example_external_task_marker_child' retrieved from /Users/evankrupa/airflow_project/env/lib/python3.11/site-packages/airflow/example_dags/example_external_task_marker_dag.py
[2025-12-12T07:47:09.989-0500] {logging_mixin.py:188} INFO - [2025-12-12T07:47:09.989-0500] {dag.py:3096} INFO - Sync 2 DAGs
[2025-12-12T07:47:09.992-0500] {logging_mixin.py:188} INFO - [2025-12-12T07:47:09.992-0500] {dag.py:3954} INFO - Setting next_dagrun for example_external_task_marker_child to None, run_after=None
[2025-12-12T07:47:09.993-0500] {logging_mixin.py:188} INFO - [2025-12-12T07:47:09.993-0500] {dag.py:3954} INFO - Setting next_dagrun for example_external_task_marker_parent to None, run_after=None
[2025-12-12T07:47:09.998-0500] {processor.py:183} INFO - Processing /Users/evankrupa/airflow_project/env/lib/python3.11/site-packages/airflow/example_dags/example_external_task_marker_dag.py took 0.043 seconds
[2025-12-12T07:48:37.982-0500] {processor.py:161} INFO - Started process (PID=59473) to work on /Users/evankrupa/airflow_project/env/lib/python3.11/site-packages/airflow/example_dags/example_external_task_marker_dag.py
[2025-12-12T07:48:37.983-0500] {processor.py:830} INFO - Processing file /Users/evankrupa/airflow_project/env/lib/python3.11/site-packages/airflow/example_dags/example_external_task_marker_dag.py for tasks to queue
[2025-12-12T07:48:37.983-0500] {logging_mixin.py:188} INFO - [2025-12-12T07:48:37.983-0500] {dagbag.py:545} INFO - Filling up the DagBag from /Users/evankrupa/airflow_project/env/lib/python3.11/site-packages/airflow/example_dags/example_external_task_marker_dag.py
[2025-12-12T07:48:37.987-0500] {processor.py:840} INFO - DAG(s) 'example_external_task_marker_child', 'example_external_task_marker_parent' retrieved from /Users/evankrupa/airflow_project/env/lib/python3.11/site-packages/airflow/example_dags/example_external_task_marker_dag.py
[2025-12-12T07:48:38.018-0500] {logging_mixin.py:188} INFO - [2025-12-12T07:48:38.018-0500] {dag.py:3096} INFO - Sync 2 DAGs
[2025-12-12T07:48:38.021-0500] {logging_mixin.py:188} INFO - [2025-12-12T07:48:38.021-0500] {dag.py:3954} INFO - Setting next_dagrun for example_external_task_marker_child to None, run_after=None
[2025-12-12T07:48:38.022-0500] {logging_mixin.py:188} INFO - [2025-12-12T07:48:38.022-0500] {dag.py:3954} INFO - Setting next_dagrun for example_external_task_marker_parent to None, run_after=None
[2025-12-12T07:48:38.027-0500] {processor.py:183} INFO - Processing /Users/evankrupa/airflow_project/env/lib/python3.11/site-packages/airflow/example_dags/example_external_task_marker_dag.py took 0.046 seconds
[2025-12-12T07:50:03.482-0500] {processor.py:161} INFO - Started process (PID=59551) to work on /Users/evankrupa/airflow_project/env/lib/python3.11/site-packages/airflow/example_dags/example_external_task_marker_dag.py
[2025-12-12T07:50:03.483-0500] {processor.py:830} INFO - Processing file /Users/evankrupa/airflow_project/env/lib/python3.11/site-packages/airflow/example_dags/example_external_task_marker_dag.py for tasks to queue
[2025-12-12T07:50:03.484-0500] {logging_mixin.py:188} INFO - [2025-12-12T07:50:03.484-0500] {dagbag.py:545} INFO - Filling up the DagBag from /Users/evankrupa/airflow_project/env/lib/python3.11/site-packages/airflow/example_dags/example_external_task_marker_dag.py
[2025-12-12T07:50:03.487-0500] {processor.py:840} INFO - DAG(s) 'example_external_task_marker_parent', 'example_external_task_marker_child' retrieved from /Users/evankrupa/airflow_project/env/lib/python3.11/site-packages/airflow/example_dags/example_external_task_marker_dag.py
[2025-12-12T07:50:03.517-0500] {logging_mixin.py:188} INFO - [2025-12-12T07:50:03.516-0500] {dag.py:3096} INFO - Sync 2 DAGs
[2025-12-12T07:50:03.519-0500] {logging_mixin.py:188} INFO - [2025-12-12T07:50:03.519-0500] {dag.py:3954} INFO - Setting next_dagrun for example_external_task_marker_child to None, run_after=None
[2025-12-12T07:50:03.520-0500] {logging_mixin.py:188} INFO - [2025-12-12T07:50:03.520-0500] {dag.py:3954} INFO - Setting next_dagrun for example_external_task_marker_parent to None, run_after=None
[2025-12-12T07:50:03.525-0500] {processor.py:183} INFO - Processing /Users/evankrupa/airflow_project/env/lib/python3.11/site-packages/airflow/example_dags/example_external_task_marker_dag.py took 0.044 seconds
[2025-12-12T07:51:28.271-0500] {processor.py:161} INFO - Started process (PID=59618) to work on /Users/evankrupa/airflow_project/env/lib/python3.11/site-packages/airflow/example_dags/example_external_task_marker_dag.py
[2025-12-12T07:51:28.272-0500] {processor.py:830} INFO - Processing file /Users/evankrupa/airflow_project/env/lib/python3.11/site-packages/airflow/example_dags/example_external_task_marker_dag.py for tasks to queue
[2025-12-12T07:51:28.272-0500] {logging_mixin.py:188} INFO - [2025-12-12T07:51:28.272-0500] {dagbag.py:545} INFO - Filling up the DagBag from /Users/evankrupa/airflow_project/env/lib/python3.11/site-packages/airflow/example_dags/example_external_task_marker_dag.py
[2025-12-12T07:51:28.276-0500] {processor.py:840} INFO - DAG(s) 'example_external_task_marker_parent', 'example_external_task_marker_child' retrieved from /Users/evankrupa/airflow_project/env/lib/python3.11/site-packages/airflow/example_dags/example_external_task_marker_dag.py
[2025-12-12T07:51:28.305-0500] {logging_mixin.py:188} INFO - [2025-12-12T07:51:28.305-0500] {dag.py:3096} INFO - Sync 2 DAGs
[2025-12-12T07:51:28.308-0500] {logging_mixin.py:188} INFO - [2025-12-12T07:51:28.308-0500] {dag.py:3954} INFO - Setting next_dagrun for example_external_task_marker_child to None, run_after=None
[2025-12-12T07:51:28.309-0500] {logging_mixin.py:188} INFO - [2025-12-12T07:51:28.309-0500] {dag.py:3954} INFO - Setting next_dagrun for example_external_task_marker_parent to None, run_after=None
[2025-12-12T07:51:28.314-0500] {processor.py:183} INFO - Processing /Users/evankrupa/airflow_project/env/lib/python3.11/site-packages/airflow/example_dags/example_external_task_marker_dag.py took 0.044 seconds
[2025-12-12T07:52:52.370-0500] {processor.py:161} INFO - Started process (PID=59694) to work on /Users/evankrupa/airflow_project/env/lib/python3.11/site-packages/airflow/example_dags/example_external_task_marker_dag.py
[2025-12-12T07:52:52.370-0500] {processor.py:830} INFO - Processing file /Users/evankrupa/airflow_project/env/lib/python3.11/site-packages/airflow/example_dags/example_external_task_marker_dag.py for tasks to queue
[2025-12-12T07:52:52.371-0500] {logging_mixin.py:188} INFO - [2025-12-12T07:52:52.370-0500] {dagbag.py:545} INFO - Filling up the DagBag from /Users/evankrupa/airflow_project/env/lib/python3.11/site-packages/airflow/example_dags/example_external_task_marker_dag.py
[2025-12-12T07:52:52.375-0500] {processor.py:840} INFO - DAG(s) 'example_external_task_marker_parent', 'example_external_task_marker_child' retrieved from /Users/evankrupa/airflow_project/env/lib/python3.11/site-packages/airflow/example_dags/example_external_task_marker_dag.py
[2025-12-12T07:52:52.406-0500] {logging_mixin.py:188} INFO - [2025-12-12T07:52:52.406-0500] {dag.py:3096} INFO - Sync 2 DAGs
[2025-12-12T07:52:52.409-0500] {logging_mixin.py:188} INFO - [2025-12-12T07:52:52.409-0500] {dag.py:3954} INFO - Setting next_dagrun for example_external_task_marker_child to None, run_after=None
[2025-12-12T07:52:52.410-0500] {logging_mixin.py:188} INFO - [2025-12-12T07:52:52.410-0500] {dag.py:3954} INFO - Setting next_dagrun for example_external_task_marker_parent to None, run_after=None
[2025-12-12T07:52:52.415-0500] {processor.py:183} INFO - Processing /Users/evankrupa/airflow_project/env/lib/python3.11/site-packages/airflow/example_dags/example_external_task_marker_dag.py took 0.046 seconds
[2025-12-12T07:54:12.905-0500] {processor.py:161} INFO - Started process (PID=59771) to work on /Users/evankrupa/airflow_project/env/lib/python3.11/site-packages/airflow/example_dags/example_external_task_marker_dag.py
[2025-12-12T07:54:12.906-0500] {processor.py:830} INFO - Processing file /Users/evankrupa/airflow_project/env/lib/python3.11/site-packages/airflow/example_dags/example_external_task_marker_dag.py for tasks to queue
[2025-12-12T07:54:12.906-0500] {logging_mixin.py:188} INFO - [2025-12-12T07:54:12.906-0500] {dagbag.py:545} INFO - Filling up the DagBag from /Users/evankrupa/airflow_project/env/lib/python3.11/site-packages/airflow/example_dags/example_external_task_marker_dag.py
[2025-12-12T07:54:12.910-0500] {processor.py:840} INFO - DAG(s) 'example_external_task_marker_child', 'example_external_task_marker_parent' retrieved from /Users/evankrupa/airflow_project/env/lib/python3.11/site-packages/airflow/example_dags/example_external_task_marker_dag.py
[2025-12-12T07:54:12.939-0500] {logging_mixin.py:188} INFO - [2025-12-12T07:54:12.939-0500] {dag.py:3096} INFO - Sync 2 DAGs
[2025-12-12T07:54:12.941-0500] {logging_mixin.py:188} INFO - [2025-12-12T07:54:12.941-0500] {dag.py:3954} INFO - Setting next_dagrun for example_external_task_marker_child to None, run_after=None
[2025-12-12T07:54:12.942-0500] {logging_mixin.py:188} INFO - [2025-12-12T07:54:12.942-0500] {dag.py:3954} INFO - Setting next_dagrun for example_external_task_marker_parent to None, run_after=None
[2025-12-12T07:54:12.947-0500] {processor.py:183} INFO - Processing /Users/evankrupa/airflow_project/env/lib/python3.11/site-packages/airflow/example_dags/example_external_task_marker_dag.py took 0.043 seconds
[2025-12-12T07:55:39.372-0500] {processor.py:161} INFO - Started process (PID=59858) to work on /Users/evankrupa/airflow_project/env/lib/python3.11/site-packages/airflow/example_dags/example_external_task_marker_dag.py
[2025-12-12T07:55:39.374-0500] {processor.py:830} INFO - Processing file /Users/evankrupa/airflow_project/env/lib/python3.11/site-packages/airflow/example_dags/example_external_task_marker_dag.py for tasks to queue
[2025-12-12T07:55:39.374-0500] {logging_mixin.py:188} INFO - [2025-12-12T07:55:39.374-0500] {dagbag.py:545} INFO - Filling up the DagBag from /Users/evankrupa/airflow_project/env/lib/python3.11/site-packages/airflow/example_dags/example_external_task_marker_dag.py
[2025-12-12T07:55:39.378-0500] {processor.py:840} INFO - DAG(s) 'example_external_task_marker_child', 'example_external_task_marker_parent' retrieved from /Users/evankrupa/airflow_project/env/lib/python3.11/site-packages/airflow/example_dags/example_external_task_marker_dag.py
[2025-12-12T07:55:39.406-0500] {logging_mixin.py:188} INFO - [2025-12-12T07:55:39.406-0500] {dag.py:3096} INFO - Sync 2 DAGs
[2025-12-12T07:55:39.409-0500] {logging_mixin.py:188} INFO - [2025-12-12T07:55:39.409-0500] {dag.py:3954} INFO - Setting next_dagrun for example_external_task_marker_child to None, run_after=None
[2025-12-12T07:55:39.410-0500] {logging_mixin.py:188} INFO - [2025-12-12T07:55:39.410-0500] {dag.py:3954} INFO - Setting next_dagrun for example_external_task_marker_parent to None, run_after=None
[2025-12-12T07:55:39.415-0500] {processor.py:183} INFO - Processing /Users/evankrupa/airflow_project/env/lib/python3.11/site-packages/airflow/example_dags/example_external_task_marker_dag.py took 0.044 seconds
[2025-12-12T07:57:03.990-0500] {processor.py:161} INFO - Started process (PID=59926) to work on /Users/evankrupa/airflow_project/env/lib/python3.11/site-packages/airflow/example_dags/example_external_task_marker_dag.py
[2025-12-12T07:57:03.991-0500] {processor.py:830} INFO - Processing file /Users/evankrupa/airflow_project/env/lib/python3.11/site-packages/airflow/example_dags/example_external_task_marker_dag.py for tasks to queue
[2025-12-12T07:57:03.991-0500] {logging_mixin.py:188} INFO - [2025-12-12T07:57:03.991-0500] {dagbag.py:545} INFO - Filling up the DagBag from /Users/evankrupa/airflow_project/env/lib/python3.11/site-packages/airflow/example_dags/example_external_task_marker_dag.py
[2025-12-12T07:57:03.995-0500] {processor.py:840} INFO - DAG(s) 'example_external_task_marker_parent', 'example_external_task_marker_child' retrieved from /Users/evankrupa/airflow_project/env/lib/python3.11/site-packages/airflow/example_dags/example_external_task_marker_dag.py
[2025-12-12T07:57:04.024-0500] {logging_mixin.py:188} INFO - [2025-12-12T07:57:04.024-0500] {dag.py:3096} INFO - Sync 2 DAGs
[2025-12-12T07:57:04.027-0500] {logging_mixin.py:188} INFO - [2025-12-12T07:57:04.027-0500] {dag.py:3954} INFO - Setting next_dagrun for example_external_task_marker_child to None, run_after=None
[2025-12-12T07:57:04.027-0500] {logging_mixin.py:188} INFO - [2025-12-12T07:57:04.027-0500] {dag.py:3954} INFO - Setting next_dagrun for example_external_task_marker_parent to None, run_after=None
[2025-12-12T07:57:04.033-0500] {processor.py:183} INFO - Processing /Users/evankrupa/airflow_project/env/lib/python3.11/site-packages/airflow/example_dags/example_external_task_marker_dag.py took 0.044 seconds
[2025-12-12T07:58:27.710-0500] {processor.py:161} INFO - Started process (PID=61187) to work on /Users/evankrupa/airflow_project/env/lib/python3.11/site-packages/airflow/example_dags/example_external_task_marker_dag.py
[2025-12-12T07:58:27.711-0500] {processor.py:830} INFO - Processing file /Users/evankrupa/airflow_project/env/lib/python3.11/site-packages/airflow/example_dags/example_external_task_marker_dag.py for tasks to queue
[2025-12-12T07:58:27.711-0500] {logging_mixin.py:188} INFO - [2025-12-12T07:58:27.711-0500] {dagbag.py:545} INFO - Filling up the DagBag from /Users/evankrupa/airflow_project/env/lib/python3.11/site-packages/airflow/example_dags/example_external_task_marker_dag.py
[2025-12-12T07:58:27.715-0500] {processor.py:840} INFO - DAG(s) 'example_external_task_marker_child', 'example_external_task_marker_parent' retrieved from /Users/evankrupa/airflow_project/env/lib/python3.11/site-packages/airflow/example_dags/example_external_task_marker_dag.py
[2025-12-12T07:58:27.746-0500] {logging_mixin.py:188} INFO - [2025-12-12T07:58:27.745-0500] {dag.py:3096} INFO - Sync 2 DAGs
[2025-12-12T07:58:27.749-0500] {logging_mixin.py:188} INFO - [2025-12-12T07:58:27.749-0500] {dag.py:3954} INFO - Setting next_dagrun for example_external_task_marker_child to None, run_after=None
[2025-12-12T07:58:27.750-0500] {logging_mixin.py:188} INFO - [2025-12-12T07:58:27.750-0500] {dag.py:3954} INFO - Setting next_dagrun for example_external_task_marker_parent to None, run_after=None
[2025-12-12T07:58:27.755-0500] {processor.py:183} INFO - Processing /Users/evankrupa/airflow_project/env/lib/python3.11/site-packages/airflow/example_dags/example_external_task_marker_dag.py took 0.046 seconds
[2025-12-12T07:59:55.025-0500] {processor.py:161} INFO - Started process (PID=62735) to work on /Users/evankrupa/airflow_project/env/lib/python3.11/site-packages/airflow/example_dags/example_external_task_marker_dag.py
[2025-12-12T07:59:55.026-0500] {processor.py:830} INFO - Processing file /Users/evankrupa/airflow_project/env/lib/python3.11/site-packages/airflow/example_dags/example_external_task_marker_dag.py for tasks to queue
[2025-12-12T07:59:55.026-0500] {logging_mixin.py:188} INFO - [2025-12-12T07:59:55.026-0500] {dagbag.py:545} INFO - Filling up the DagBag from /Users/evankrupa/airflow_project/env/lib/python3.11/site-packages/airflow/example_dags/example_external_task_marker_dag.py
[2025-12-12T07:59:55.033-0500] {processor.py:840} INFO - DAG(s) 'example_external_task_marker_parent', 'example_external_task_marker_child' retrieved from /Users/evankrupa/airflow_project/env/lib/python3.11/site-packages/airflow/example_dags/example_external_task_marker_dag.py
[2025-12-12T07:59:55.107-0500] {logging_mixin.py:188} INFO - [2025-12-12T07:59:55.107-0500] {dag.py:3096} INFO - Sync 2 DAGs
[2025-12-12T07:59:55.111-0500] {logging_mixin.py:188} INFO - [2025-12-12T07:59:55.111-0500] {dag.py:3954} INFO - Setting next_dagrun for example_external_task_marker_child to None, run_after=None
[2025-12-12T07:59:55.112-0500] {logging_mixin.py:188} INFO - [2025-12-12T07:59:55.112-0500] {dag.py:3954} INFO - Setting next_dagrun for example_external_task_marker_parent to None, run_after=None
[2025-12-12T07:59:55.118-0500] {processor.py:183} INFO - Processing /Users/evankrupa/airflow_project/env/lib/python3.11/site-packages/airflow/example_dags/example_external_task_marker_dag.py took 0.093 seconds
[2025-12-12T08:01:15.806-0500] {processor.py:161} INFO - Started process (PID=62803) to work on /Users/evankrupa/airflow_project/env/lib/python3.11/site-packages/airflow/example_dags/example_external_task_marker_dag.py
[2025-12-12T08:01:15.806-0500] {processor.py:830} INFO - Processing file /Users/evankrupa/airflow_project/env/lib/python3.11/site-packages/airflow/example_dags/example_external_task_marker_dag.py for tasks to queue
[2025-12-12T08:01:15.806-0500] {logging_mixin.py:188} INFO - [2025-12-12T08:01:15.806-0500] {dagbag.py:545} INFO - Filling up the DagBag from /Users/evankrupa/airflow_project/env/lib/python3.11/site-packages/airflow/example_dags/example_external_task_marker_dag.py
[2025-12-12T08:01:15.810-0500] {processor.py:840} INFO - DAG(s) 'example_external_task_marker_parent', 'example_external_task_marker_child' retrieved from /Users/evankrupa/airflow_project/env/lib/python3.11/site-packages/airflow/example_dags/example_external_task_marker_dag.py
[2025-12-12T08:01:15.848-0500] {logging_mixin.py:188} INFO - [2025-12-12T08:01:15.848-0500] {dag.py:3096} INFO - Sync 2 DAGs
[2025-12-12T08:01:15.853-0500] {logging_mixin.py:188} INFO - [2025-12-12T08:01:15.852-0500] {dag.py:3954} INFO - Setting next_dagrun for example_external_task_marker_child to None, run_after=None
[2025-12-12T08:01:15.855-0500] {logging_mixin.py:188} INFO - [2025-12-12T08:01:15.855-0500] {dag.py:3954} INFO - Setting next_dagrun for example_external_task_marker_parent to None, run_after=None
[2025-12-12T08:01:15.862-0500] {processor.py:183} INFO - Processing /Users/evankrupa/airflow_project/env/lib/python3.11/site-packages/airflow/example_dags/example_external_task_marker_dag.py took 0.058 seconds
[2025-12-12T08:02:41.353-0500] {processor.py:161} INFO - Started process (PID=62870) to work on /Users/evankrupa/airflow_project/env/lib/python3.11/site-packages/airflow/example_dags/example_external_task_marker_dag.py
[2025-12-12T08:02:41.354-0500] {processor.py:830} INFO - Processing file /Users/evankrupa/airflow_project/env/lib/python3.11/site-packages/airflow/example_dags/example_external_task_marker_dag.py for tasks to queue
[2025-12-12T08:02:41.355-0500] {logging_mixin.py:188} INFO - [2025-12-12T08:02:41.355-0500] {dagbag.py:545} INFO - Filling up the DagBag from /Users/evankrupa/airflow_project/env/lib/python3.11/site-packages/airflow/example_dags/example_external_task_marker_dag.py
[2025-12-12T08:02:41.359-0500] {processor.py:840} INFO - DAG(s) 'example_external_task_marker_parent', 'example_external_task_marker_child' retrieved from /Users/evankrupa/airflow_project/env/lib/python3.11/site-packages/airflow/example_dags/example_external_task_marker_dag.py
[2025-12-12T08:02:41.388-0500] {logging_mixin.py:188} INFO - [2025-12-12T08:02:41.388-0500] {dag.py:3096} INFO - Sync 2 DAGs
[2025-12-12T08:02:41.391-0500] {logging_mixin.py:188} INFO - [2025-12-12T08:02:41.391-0500] {dag.py:3954} INFO - Setting next_dagrun for example_external_task_marker_child to None, run_after=None
[2025-12-12T08:02:41.392-0500] {logging_mixin.py:188} INFO - [2025-12-12T08:02:41.392-0500] {dag.py:3954} INFO - Setting next_dagrun for example_external_task_marker_parent to None, run_after=None
[2025-12-12T08:02:41.397-0500] {processor.py:183} INFO - Processing /Users/evankrupa/airflow_project/env/lib/python3.11/site-packages/airflow/example_dags/example_external_task_marker_dag.py took 0.045 seconds
[2025-12-12T08:04:07.937-0500] {processor.py:161} INFO - Started process (PID=62959) to work on /Users/evankrupa/airflow_project/env/lib/python3.11/site-packages/airflow/example_dags/example_external_task_marker_dag.py
[2025-12-12T08:04:07.938-0500] {processor.py:830} INFO - Processing file /Users/evankrupa/airflow_project/env/lib/python3.11/site-packages/airflow/example_dags/example_external_task_marker_dag.py for tasks to queue
[2025-12-12T08:04:07.938-0500] {logging_mixin.py:188} INFO - [2025-12-12T08:04:07.938-0500] {dagbag.py:545} INFO - Filling up the DagBag from /Users/evankrupa/airflow_project/env/lib/python3.11/site-packages/airflow/example_dags/example_external_task_marker_dag.py
[2025-12-12T08:04:07.942-0500] {processor.py:840} INFO - DAG(s) 'example_external_task_marker_child', 'example_external_task_marker_parent' retrieved from /Users/evankrupa/airflow_project/env/lib/python3.11/site-packages/airflow/example_dags/example_external_task_marker_dag.py
[2025-12-12T08:04:07.972-0500] {logging_mixin.py:188} INFO - [2025-12-12T08:04:07.972-0500] {dag.py:3096} INFO - Sync 2 DAGs
[2025-12-12T08:04:07.975-0500] {logging_mixin.py:188} INFO - [2025-12-12T08:04:07.974-0500] {dag.py:3954} INFO - Setting next_dagrun for example_external_task_marker_child to None, run_after=None
[2025-12-12T08:04:07.975-0500] {logging_mixin.py:188} INFO - [2025-12-12T08:04:07.975-0500] {dag.py:3954} INFO - Setting next_dagrun for example_external_task_marker_parent to None, run_after=None
[2025-12-12T08:04:07.981-0500] {processor.py:183} INFO - Processing /Users/evankrupa/airflow_project/env/lib/python3.11/site-packages/airflow/example_dags/example_external_task_marker_dag.py took 0.044 seconds
[2025-12-12T08:05:29.651-0500] {processor.py:161} INFO - Started process (PID=63091) to work on /Users/evankrupa/airflow_project/env/lib/python3.11/site-packages/airflow/example_dags/example_external_task_marker_dag.py
[2025-12-12T08:05:29.651-0500] {processor.py:830} INFO - Processing file /Users/evankrupa/airflow_project/env/lib/python3.11/site-packages/airflow/example_dags/example_external_task_marker_dag.py for tasks to queue
[2025-12-12T08:05:29.652-0500] {logging_mixin.py:188} INFO - [2025-12-12T08:05:29.652-0500] {dagbag.py:545} INFO - Filling up the DagBag from /Users/evankrupa/airflow_project/env/lib/python3.11/site-packages/airflow/example_dags/example_external_task_marker_dag.py
[2025-12-12T08:05:29.656-0500] {processor.py:840} INFO - DAG(s) 'example_external_task_marker_parent', 'example_external_task_marker_child' retrieved from /Users/evankrupa/airflow_project/env/lib/python3.11/site-packages/airflow/example_dags/example_external_task_marker_dag.py
[2025-12-12T08:05:29.686-0500] {logging_mixin.py:188} INFO - [2025-12-12T08:05:29.686-0500] {dag.py:3096} INFO - Sync 2 DAGs
[2025-12-12T08:05:29.689-0500] {logging_mixin.py:188} INFO - [2025-12-12T08:05:29.689-0500] {dag.py:3954} INFO - Setting next_dagrun for example_external_task_marker_child to None, run_after=None
[2025-12-12T08:05:29.690-0500] {logging_mixin.py:188} INFO - [2025-12-12T08:05:29.690-0500] {dag.py:3954} INFO - Setting next_dagrun for example_external_task_marker_parent to None, run_after=None
[2025-12-12T08:05:29.695-0500] {processor.py:183} INFO - Processing /Users/evankrupa/airflow_project/env/lib/python3.11/site-packages/airflow/example_dags/example_external_task_marker_dag.py took 0.045 seconds
[2025-12-12T08:06:56.473-0500] {processor.py:161} INFO - Started process (PID=63502) to work on /Users/evankrupa/airflow_project/env/lib/python3.11/site-packages/airflow/example_dags/example_external_task_marker_dag.py
[2025-12-12T08:06:56.473-0500] {processor.py:830} INFO - Processing file /Users/evankrupa/airflow_project/env/lib/python3.11/site-packages/airflow/example_dags/example_external_task_marker_dag.py for tasks to queue
[2025-12-12T08:06:56.473-0500] {logging_mixin.py:188} INFO - [2025-12-12T08:06:56.473-0500] {dagbag.py:545} INFO - Filling up the DagBag from /Users/evankrupa/airflow_project/env/lib/python3.11/site-packages/airflow/example_dags/example_external_task_marker_dag.py
[2025-12-12T08:06:56.487-0500] {processor.py:840} INFO - DAG(s) 'example_external_task_marker_child', 'example_external_task_marker_parent' retrieved from /Users/evankrupa/airflow_project/env/lib/python3.11/site-packages/airflow/example_dags/example_external_task_marker_dag.py
[2025-12-12T08:06:56.524-0500] {logging_mixin.py:188} INFO - [2025-12-12T08:06:56.523-0500] {dag.py:3096} INFO - Sync 2 DAGs
[2025-12-12T08:06:56.528-0500] {logging_mixin.py:188} INFO - [2025-12-12T08:06:56.527-0500] {dag.py:3954} INFO - Setting next_dagrun for example_external_task_marker_child to None, run_after=None
[2025-12-12T08:06:56.529-0500] {logging_mixin.py:188} INFO - [2025-12-12T08:06:56.529-0500] {dag.py:3954} INFO - Setting next_dagrun for example_external_task_marker_parent to None, run_after=None
[2025-12-12T08:06:56.538-0500] {processor.py:183} INFO - Processing /Users/evankrupa/airflow_project/env/lib/python3.11/site-packages/airflow/example_dags/example_external_task_marker_dag.py took 0.067 seconds
[2025-12-12T08:08:26.454-0500] {processor.py:161} INFO - Started process (PID=63690) to work on /Users/evankrupa/airflow_project/env/lib/python3.11/site-packages/airflow/example_dags/example_external_task_marker_dag.py
[2025-12-12T08:08:26.455-0500] {processor.py:830} INFO - Processing file /Users/evankrupa/airflow_project/env/lib/python3.11/site-packages/airflow/example_dags/example_external_task_marker_dag.py for tasks to queue
[2025-12-12T08:08:26.455-0500] {logging_mixin.py:188} INFO - [2025-12-12T08:08:26.455-0500] {dagbag.py:545} INFO - Filling up the DagBag from /Users/evankrupa/airflow_project/env/lib/python3.11/site-packages/airflow/example_dags/example_external_task_marker_dag.py
[2025-12-12T08:08:26.459-0500] {processor.py:840} INFO - DAG(s) 'example_external_task_marker_child', 'example_external_task_marker_parent' retrieved from /Users/evankrupa/airflow_project/env/lib/python3.11/site-packages/airflow/example_dags/example_external_task_marker_dag.py
[2025-12-12T08:08:26.488-0500] {logging_mixin.py:188} INFO - [2025-12-12T08:08:26.488-0500] {dag.py:3096} INFO - Sync 2 DAGs
[2025-12-12T08:08:26.491-0500] {logging_mixin.py:188} INFO - [2025-12-12T08:08:26.491-0500] {dag.py:3954} INFO - Setting next_dagrun for example_external_task_marker_child to None, run_after=None
[2025-12-12T08:08:26.492-0500] {logging_mixin.py:188} INFO - [2025-12-12T08:08:26.492-0500] {dag.py:3954} INFO - Setting next_dagrun for example_external_task_marker_parent to None, run_after=None
[2025-12-12T08:08:26.497-0500] {processor.py:183} INFO - Processing /Users/evankrupa/airflow_project/env/lib/python3.11/site-packages/airflow/example_dags/example_external_task_marker_dag.py took 0.044 seconds
[2025-12-12T08:09:51.630-0500] {processor.py:161} INFO - Started process (PID=63758) to work on /Users/evankrupa/airflow_project/env/lib/python3.11/site-packages/airflow/example_dags/example_external_task_marker_dag.py
[2025-12-12T08:09:51.631-0500] {processor.py:830} INFO - Processing file /Users/evankrupa/airflow_project/env/lib/python3.11/site-packages/airflow/example_dags/example_external_task_marker_dag.py for tasks to queue
[2025-12-12T08:09:51.631-0500] {logging_mixin.py:188} INFO - [2025-12-12T08:09:51.631-0500] {dagbag.py:545} INFO - Filling up the DagBag from /Users/evankrupa/airflow_project/env/lib/python3.11/site-packages/airflow/example_dags/example_external_task_marker_dag.py
[2025-12-12T08:09:51.635-0500] {processor.py:840} INFO - DAG(s) 'example_external_task_marker_parent', 'example_external_task_marker_child' retrieved from /Users/evankrupa/airflow_project/env/lib/python3.11/site-packages/airflow/example_dags/example_external_task_marker_dag.py
[2025-12-12T08:09:51.667-0500] {logging_mixin.py:188} INFO - [2025-12-12T08:09:51.667-0500] {dag.py:3096} INFO - Sync 2 DAGs
[2025-12-12T08:09:51.670-0500] {logging_mixin.py:188} INFO - [2025-12-12T08:09:51.670-0500] {dag.py:3954} INFO - Setting next_dagrun for example_external_task_marker_child to None, run_after=None
[2025-12-12T08:09:51.672-0500] {logging_mixin.py:188} INFO - [2025-12-12T08:09:51.671-0500] {dag.py:3954} INFO - Setting next_dagrun for example_external_task_marker_parent to None, run_after=None
[2025-12-12T08:09:51.677-0500] {processor.py:183} INFO - Processing /Users/evankrupa/airflow_project/env/lib/python3.11/site-packages/airflow/example_dags/example_external_task_marker_dag.py took 0.048 seconds
[2025-12-12T08:11:18.349-0500] {processor.py:161} INFO - Started process (PID=63827) to work on /Users/evankrupa/airflow_project/env/lib/python3.11/site-packages/airflow/example_dags/example_external_task_marker_dag.py
[2025-12-12T08:11:18.349-0500] {processor.py:830} INFO - Processing file /Users/evankrupa/airflow_project/env/lib/python3.11/site-packages/airflow/example_dags/example_external_task_marker_dag.py for tasks to queue
[2025-12-12T08:11:18.350-0500] {logging_mixin.py:188} INFO - [2025-12-12T08:11:18.350-0500] {dagbag.py:545} INFO - Filling up the DagBag from /Users/evankrupa/airflow_project/env/lib/python3.11/site-packages/airflow/example_dags/example_external_task_marker_dag.py
[2025-12-12T08:11:18.354-0500] {processor.py:840} INFO - DAG(s) 'example_external_task_marker_parent', 'example_external_task_marker_child' retrieved from /Users/evankrupa/airflow_project/env/lib/python3.11/site-packages/airflow/example_dags/example_external_task_marker_dag.py
[2025-12-12T08:11:18.385-0500] {logging_mixin.py:188} INFO - [2025-12-12T08:11:18.385-0500] {dag.py:3096} INFO - Sync 2 DAGs
[2025-12-12T08:11:18.388-0500] {logging_mixin.py:188} INFO - [2025-12-12T08:11:18.388-0500] {dag.py:3954} INFO - Setting next_dagrun for example_external_task_marker_child to None, run_after=None
[2025-12-12T08:11:18.389-0500] {logging_mixin.py:188} INFO - [2025-12-12T08:11:18.389-0500] {dag.py:3954} INFO - Setting next_dagrun for example_external_task_marker_parent to None, run_after=None
[2025-12-12T08:11:18.394-0500] {processor.py:183} INFO - Processing /Users/evankrupa/airflow_project/env/lib/python3.11/site-packages/airflow/example_dags/example_external_task_marker_dag.py took 0.046 seconds
[2025-12-12T08:12:44.632-0500] {processor.py:161} INFO - Started process (PID=63894) to work on /Users/evankrupa/airflow_project/env/lib/python3.11/site-packages/airflow/example_dags/example_external_task_marker_dag.py
[2025-12-12T08:12:44.633-0500] {processor.py:830} INFO - Processing file /Users/evankrupa/airflow_project/env/lib/python3.11/site-packages/airflow/example_dags/example_external_task_marker_dag.py for tasks to queue
[2025-12-12T08:12:44.633-0500] {logging_mixin.py:188} INFO - [2025-12-12T08:12:44.633-0500] {dagbag.py:545} INFO - Filling up the DagBag from /Users/evankrupa/airflow_project/env/lib/python3.11/site-packages/airflow/example_dags/example_external_task_marker_dag.py
[2025-12-12T08:12:44.637-0500] {processor.py:840} INFO - DAG(s) 'example_external_task_marker_child', 'example_external_task_marker_parent' retrieved from /Users/evankrupa/airflow_project/env/lib/python3.11/site-packages/airflow/example_dags/example_external_task_marker_dag.py
[2025-12-12T08:12:44.667-0500] {logging_mixin.py:188} INFO - [2025-12-12T08:12:44.667-0500] {dag.py:3096} INFO - Sync 2 DAGs
[2025-12-12T08:12:44.670-0500] {logging_mixin.py:188} INFO - [2025-12-12T08:12:44.670-0500] {dag.py:3954} INFO - Setting next_dagrun for example_external_task_marker_child to None, run_after=None
[2025-12-12T08:12:44.671-0500] {logging_mixin.py:188} INFO - [2025-12-12T08:12:44.671-0500] {dag.py:3954} INFO - Setting next_dagrun for example_external_task_marker_parent to None, run_after=None
[2025-12-12T08:12:44.676-0500] {processor.py:183} INFO - Processing /Users/evankrupa/airflow_project/env/lib/python3.11/site-packages/airflow/example_dags/example_external_task_marker_dag.py took 0.045 seconds
[2025-12-12T08:14:07.121-0500] {processor.py:161} INFO - Started process (PID=63960) to work on /Users/evankrupa/airflow_project/env/lib/python3.11/site-packages/airflow/example_dags/example_external_task_marker_dag.py
[2025-12-12T08:14:07.122-0500] {processor.py:830} INFO - Processing file /Users/evankrupa/airflow_project/env/lib/python3.11/site-packages/airflow/example_dags/example_external_task_marker_dag.py for tasks to queue
[2025-12-12T08:14:07.122-0500] {logging_mixin.py:188} INFO - [2025-12-12T08:14:07.122-0500] {dagbag.py:545} INFO - Filling up the DagBag from /Users/evankrupa/airflow_project/env/lib/python3.11/site-packages/airflow/example_dags/example_external_task_marker_dag.py
[2025-12-12T08:14:07.127-0500] {processor.py:840} INFO - DAG(s) 'example_external_task_marker_child', 'example_external_task_marker_parent' retrieved from /Users/evankrupa/airflow_project/env/lib/python3.11/site-packages/airflow/example_dags/example_external_task_marker_dag.py
[2025-12-12T08:14:07.159-0500] {logging_mixin.py:188} INFO - [2025-12-12T08:14:07.159-0500] {dag.py:3096} INFO - Sync 2 DAGs
[2025-12-12T08:14:07.162-0500] {logging_mixin.py:188} INFO - [2025-12-12T08:14:07.162-0500] {dag.py:3954} INFO - Setting next_dagrun for example_external_task_marker_child to None, run_after=None
[2025-12-12T08:14:07.163-0500] {logging_mixin.py:188} INFO - [2025-12-12T08:14:07.163-0500] {dag.py:3954} INFO - Setting next_dagrun for example_external_task_marker_parent to None, run_after=None
[2025-12-12T08:14:07.168-0500] {processor.py:183} INFO - Processing /Users/evankrupa/airflow_project/env/lib/python3.11/site-packages/airflow/example_dags/example_external_task_marker_dag.py took 0.049 seconds
[2025-12-12T08:15:29.636-0500] {processor.py:161} INFO - Started process (PID=64035) to work on /Users/evankrupa/airflow_project/env/lib/python3.11/site-packages/airflow/example_dags/example_external_task_marker_dag.py
[2025-12-12T08:15:29.637-0500] {processor.py:830} INFO - Processing file /Users/evankrupa/airflow_project/env/lib/python3.11/site-packages/airflow/example_dags/example_external_task_marker_dag.py for tasks to queue
[2025-12-12T08:15:29.638-0500] {logging_mixin.py:188} INFO - [2025-12-12T08:15:29.638-0500] {dagbag.py:545} INFO - Filling up the DagBag from /Users/evankrupa/airflow_project/env/lib/python3.11/site-packages/airflow/example_dags/example_external_task_marker_dag.py
[2025-12-12T08:15:29.642-0500] {processor.py:840} INFO - DAG(s) 'example_external_task_marker_child', 'example_external_task_marker_parent' retrieved from /Users/evankrupa/airflow_project/env/lib/python3.11/site-packages/airflow/example_dags/example_external_task_marker_dag.py
[2025-12-12T08:15:29.671-0500] {logging_mixin.py:188} INFO - [2025-12-12T08:15:29.671-0500] {dag.py:3096} INFO - Sync 2 DAGs
[2025-12-12T08:15:29.673-0500] {logging_mixin.py:188} INFO - [2025-12-12T08:15:29.673-0500] {dag.py:3954} INFO - Setting next_dagrun for example_external_task_marker_child to None, run_after=None
[2025-12-12T08:15:29.674-0500] {logging_mixin.py:188} INFO - [2025-12-12T08:15:29.674-0500] {dag.py:3954} INFO - Setting next_dagrun for example_external_task_marker_parent to None, run_after=None
[2025-12-12T08:15:29.679-0500] {processor.py:183} INFO - Processing /Users/evankrupa/airflow_project/env/lib/python3.11/site-packages/airflow/example_dags/example_external_task_marker_dag.py took 0.044 seconds
[2025-12-12T08:16:53.194-0500] {processor.py:161} INFO - Started process (PID=64103) to work on /Users/evankrupa/airflow_project/env/lib/python3.11/site-packages/airflow/example_dags/example_external_task_marker_dag.py
[2025-12-12T08:16:53.195-0500] {processor.py:830} INFO - Processing file /Users/evankrupa/airflow_project/env/lib/python3.11/site-packages/airflow/example_dags/example_external_task_marker_dag.py for tasks to queue
[2025-12-12T08:16:53.195-0500] {logging_mixin.py:188} INFO - [2025-12-12T08:16:53.195-0500] {dagbag.py:545} INFO - Filling up the DagBag from /Users/evankrupa/airflow_project/env/lib/python3.11/site-packages/airflow/example_dags/example_external_task_marker_dag.py
[2025-12-12T08:16:53.199-0500] {processor.py:840} INFO - DAG(s) 'example_external_task_marker_parent', 'example_external_task_marker_child' retrieved from /Users/evankrupa/airflow_project/env/lib/python3.11/site-packages/airflow/example_dags/example_external_task_marker_dag.py
[2025-12-12T08:16:53.229-0500] {logging_mixin.py:188} INFO - [2025-12-12T08:16:53.229-0500] {dag.py:3096} INFO - Sync 2 DAGs
[2025-12-12T08:16:53.231-0500] {logging_mixin.py:188} INFO - [2025-12-12T08:16:53.231-0500] {dag.py:3954} INFO - Setting next_dagrun for example_external_task_marker_child to None, run_after=None
[2025-12-12T08:16:53.232-0500] {logging_mixin.py:188} INFO - [2025-12-12T08:16:53.232-0500] {dag.py:3954} INFO - Setting next_dagrun for example_external_task_marker_parent to None, run_after=None
[2025-12-12T08:16:53.237-0500] {processor.py:183} INFO - Processing /Users/evankrupa/airflow_project/env/lib/python3.11/site-packages/airflow/example_dags/example_external_task_marker_dag.py took 0.045 seconds
[2025-12-12T08:18:18.519-0500] {processor.py:161} INFO - Started process (PID=64170) to work on /Users/evankrupa/airflow_project/env/lib/python3.11/site-packages/airflow/example_dags/example_external_task_marker_dag.py
[2025-12-12T08:18:18.520-0500] {processor.py:830} INFO - Processing file /Users/evankrupa/airflow_project/env/lib/python3.11/site-packages/airflow/example_dags/example_external_task_marker_dag.py for tasks to queue
[2025-12-12T08:18:18.520-0500] {logging_mixin.py:188} INFO - [2025-12-12T08:18:18.520-0500] {dagbag.py:545} INFO - Filling up the DagBag from /Users/evankrupa/airflow_project/env/lib/python3.11/site-packages/airflow/example_dags/example_external_task_marker_dag.py
[2025-12-12T08:18:18.524-0500] {processor.py:840} INFO - DAG(s) 'example_external_task_marker_child', 'example_external_task_marker_parent' retrieved from /Users/evankrupa/airflow_project/env/lib/python3.11/site-packages/airflow/example_dags/example_external_task_marker_dag.py
[2025-12-12T08:18:18.554-0500] {logging_mixin.py:188} INFO - [2025-12-12T08:18:18.553-0500] {dag.py:3096} INFO - Sync 2 DAGs
[2025-12-12T08:18:18.556-0500] {logging_mixin.py:188} INFO - [2025-12-12T08:18:18.556-0500] {dag.py:3954} INFO - Setting next_dagrun for example_external_task_marker_child to None, run_after=None
[2025-12-12T08:18:18.557-0500] {logging_mixin.py:188} INFO - [2025-12-12T08:18:18.557-0500] {dag.py:3954} INFO - Setting next_dagrun for example_external_task_marker_parent to None, run_after=None
[2025-12-12T08:18:18.562-0500] {processor.py:183} INFO - Processing /Users/evankrupa/airflow_project/env/lib/python3.11/site-packages/airflow/example_dags/example_external_task_marker_dag.py took 0.044 seconds
[2025-12-12T08:19:41.101-0500] {processor.py:161} INFO - Started process (PID=64237) to work on /Users/evankrupa/airflow_project/env/lib/python3.11/site-packages/airflow/example_dags/example_external_task_marker_dag.py
[2025-12-12T08:19:41.102-0500] {processor.py:830} INFO - Processing file /Users/evankrupa/airflow_project/env/lib/python3.11/site-packages/airflow/example_dags/example_external_task_marker_dag.py for tasks to queue
[2025-12-12T08:19:41.102-0500] {logging_mixin.py:188} INFO - [2025-12-12T08:19:41.102-0500] {dagbag.py:545} INFO - Filling up the DagBag from /Users/evankrupa/airflow_project/env/lib/python3.11/site-packages/airflow/example_dags/example_external_task_marker_dag.py
[2025-12-12T08:19:41.106-0500] {processor.py:840} INFO - DAG(s) 'example_external_task_marker_parent', 'example_external_task_marker_child' retrieved from /Users/evankrupa/airflow_project/env/lib/python3.11/site-packages/airflow/example_dags/example_external_task_marker_dag.py
[2025-12-12T08:19:41.136-0500] {logging_mixin.py:188} INFO - [2025-12-12T08:19:41.136-0500] {dag.py:3096} INFO - Sync 2 DAGs
[2025-12-12T08:19:41.138-0500] {logging_mixin.py:188} INFO - [2025-12-12T08:19:41.138-0500] {dag.py:3954} INFO - Setting next_dagrun for example_external_task_marker_child to None, run_after=None
[2025-12-12T08:19:41.139-0500] {logging_mixin.py:188} INFO - [2025-12-12T08:19:41.139-0500] {dag.py:3954} INFO - Setting next_dagrun for example_external_task_marker_parent to None, run_after=None
[2025-12-12T08:19:41.144-0500] {processor.py:183} INFO - Processing /Users/evankrupa/airflow_project/env/lib/python3.11/site-packages/airflow/example_dags/example_external_task_marker_dag.py took 0.044 seconds
[2025-12-12T08:21:06.164-0500] {processor.py:161} INFO - Started process (PID=64305) to work on /Users/evankrupa/airflow_project/env/lib/python3.11/site-packages/airflow/example_dags/example_external_task_marker_dag.py
[2025-12-12T08:21:06.165-0500] {processor.py:830} INFO - Processing file /Users/evankrupa/airflow_project/env/lib/python3.11/site-packages/airflow/example_dags/example_external_task_marker_dag.py for tasks to queue
[2025-12-12T08:21:06.166-0500] {logging_mixin.py:188} INFO - [2025-12-12T08:21:06.166-0500] {dagbag.py:545} INFO - Filling up the DagBag from /Users/evankrupa/airflow_project/env/lib/python3.11/site-packages/airflow/example_dags/example_external_task_marker_dag.py
[2025-12-12T08:21:06.170-0500] {processor.py:840} INFO - DAG(s) 'example_external_task_marker_parent', 'example_external_task_marker_child' retrieved from /Users/evankrupa/airflow_project/env/lib/python3.11/site-packages/airflow/example_dags/example_external_task_marker_dag.py
[2025-12-12T08:21:06.199-0500] {logging_mixin.py:188} INFO - [2025-12-12T08:21:06.199-0500] {dag.py:3096} INFO - Sync 2 DAGs
[2025-12-12T08:21:06.201-0500] {logging_mixin.py:188} INFO - [2025-12-12T08:21:06.201-0500] {dag.py:3954} INFO - Setting next_dagrun for example_external_task_marker_child to None, run_after=None
[2025-12-12T08:21:06.202-0500] {logging_mixin.py:188} INFO - [2025-12-12T08:21:06.202-0500] {dag.py:3954} INFO - Setting next_dagrun for example_external_task_marker_parent to None, run_after=None
[2025-12-12T08:21:06.207-0500] {processor.py:183} INFO - Processing /Users/evankrupa/airflow_project/env/lib/python3.11/site-packages/airflow/example_dags/example_external_task_marker_dag.py took 0.044 seconds
[2025-12-12T08:22:29.079-0500] {processor.py:161} INFO - Started process (PID=64372) to work on /Users/evankrupa/airflow_project/env/lib/python3.11/site-packages/airflow/example_dags/example_external_task_marker_dag.py
[2025-12-12T08:22:29.080-0500] {processor.py:830} INFO - Processing file /Users/evankrupa/airflow_project/env/lib/python3.11/site-packages/airflow/example_dags/example_external_task_marker_dag.py for tasks to queue
[2025-12-12T08:22:29.080-0500] {logging_mixin.py:188} INFO - [2025-12-12T08:22:29.080-0500] {dagbag.py:545} INFO - Filling up the DagBag from /Users/evankrupa/airflow_project/env/lib/python3.11/site-packages/airflow/example_dags/example_external_task_marker_dag.py
[2025-12-12T08:22:29.084-0500] {processor.py:840} INFO - DAG(s) 'example_external_task_marker_parent', 'example_external_task_marker_child' retrieved from /Users/evankrupa/airflow_project/env/lib/python3.11/site-packages/airflow/example_dags/example_external_task_marker_dag.py
[2025-12-12T08:22:29.115-0500] {logging_mixin.py:188} INFO - [2025-12-12T08:22:29.115-0500] {dag.py:3096} INFO - Sync 2 DAGs
[2025-12-12T08:22:29.117-0500] {logging_mixin.py:188} INFO - [2025-12-12T08:22:29.117-0500] {dag.py:3954} INFO - Setting next_dagrun for example_external_task_marker_child to None, run_after=None
[2025-12-12T08:22:29.118-0500] {logging_mixin.py:188} INFO - [2025-12-12T08:22:29.118-0500] {dag.py:3954} INFO - Setting next_dagrun for example_external_task_marker_parent to None, run_after=None
[2025-12-12T08:22:29.124-0500] {processor.py:183} INFO - Processing /Users/evankrupa/airflow_project/env/lib/python3.11/site-packages/airflow/example_dags/example_external_task_marker_dag.py took 0.046 seconds
[2025-12-12T08:23:55.448-0500] {processor.py:161} INFO - Started process (PID=64447) to work on /Users/evankrupa/airflow_project/env/lib/python3.11/site-packages/airflow/example_dags/example_external_task_marker_dag.py
[2025-12-12T08:23:55.449-0500] {processor.py:830} INFO - Processing file /Users/evankrupa/airflow_project/env/lib/python3.11/site-packages/airflow/example_dags/example_external_task_marker_dag.py for tasks to queue
[2025-12-12T08:23:55.449-0500] {logging_mixin.py:188} INFO - [2025-12-12T08:23:55.449-0500] {dagbag.py:545} INFO - Filling up the DagBag from /Users/evankrupa/airflow_project/env/lib/python3.11/site-packages/airflow/example_dags/example_external_task_marker_dag.py
[2025-12-12T08:23:55.453-0500] {processor.py:840} INFO - DAG(s) 'example_external_task_marker_child', 'example_external_task_marker_parent' retrieved from /Users/evankrupa/airflow_project/env/lib/python3.11/site-packages/airflow/example_dags/example_external_task_marker_dag.py
[2025-12-12T08:23:55.481-0500] {logging_mixin.py:188} INFO - [2025-12-12T08:23:55.481-0500] {dag.py:3096} INFO - Sync 2 DAGs
[2025-12-12T08:23:55.484-0500] {logging_mixin.py:188} INFO - [2025-12-12T08:23:55.484-0500] {dag.py:3954} INFO - Setting next_dagrun for example_external_task_marker_child to None, run_after=None
[2025-12-12T08:23:55.485-0500] {logging_mixin.py:188} INFO - [2025-12-12T08:23:55.485-0500] {dag.py:3954} INFO - Setting next_dagrun for example_external_task_marker_parent to None, run_after=None
[2025-12-12T08:23:55.490-0500] {processor.py:183} INFO - Processing /Users/evankrupa/airflow_project/env/lib/python3.11/site-packages/airflow/example_dags/example_external_task_marker_dag.py took 0.043 seconds
[2025-12-12T08:25:16.205-0500] {processor.py:161} INFO - Started process (PID=64513) to work on /Users/evankrupa/airflow_project/env/lib/python3.11/site-packages/airflow/example_dags/example_external_task_marker_dag.py
[2025-12-12T08:25:16.205-0500] {processor.py:830} INFO - Processing file /Users/evankrupa/airflow_project/env/lib/python3.11/site-packages/airflow/example_dags/example_external_task_marker_dag.py for tasks to queue
[2025-12-12T08:25:16.205-0500] {logging_mixin.py:188} INFO - [2025-12-12T08:25:16.205-0500] {dagbag.py:545} INFO - Filling up the DagBag from /Users/evankrupa/airflow_project/env/lib/python3.11/site-packages/airflow/example_dags/example_external_task_marker_dag.py
[2025-12-12T08:25:16.209-0500] {processor.py:840} INFO - DAG(s) 'example_external_task_marker_child', 'example_external_task_marker_parent' retrieved from /Users/evankrupa/airflow_project/env/lib/python3.11/site-packages/airflow/example_dags/example_external_task_marker_dag.py
[2025-12-12T08:25:16.238-0500] {logging_mixin.py:188} INFO - [2025-12-12T08:25:16.238-0500] {dag.py:3096} INFO - Sync 2 DAGs
[2025-12-12T08:25:16.241-0500] {logging_mixin.py:188} INFO - [2025-12-12T08:25:16.241-0500] {dag.py:3954} INFO - Setting next_dagrun for example_external_task_marker_child to None, run_after=None
[2025-12-12T08:25:16.242-0500] {logging_mixin.py:188} INFO - [2025-12-12T08:25:16.241-0500] {dag.py:3954} INFO - Setting next_dagrun for example_external_task_marker_parent to None, run_after=None
[2025-12-12T08:25:16.247-0500] {processor.py:183} INFO - Processing /Users/evankrupa/airflow_project/env/lib/python3.11/site-packages/airflow/example_dags/example_external_task_marker_dag.py took 0.043 seconds
[2025-12-12T08:26:42.450-0500] {processor.py:161} INFO - Started process (PID=64587) to work on /Users/evankrupa/airflow_project/env/lib/python3.11/site-packages/airflow/example_dags/example_external_task_marker_dag.py
[2025-12-12T08:26:42.450-0500] {processor.py:830} INFO - Processing file /Users/evankrupa/airflow_project/env/lib/python3.11/site-packages/airflow/example_dags/example_external_task_marker_dag.py for tasks to queue
[2025-12-12T08:26:42.450-0500] {logging_mixin.py:188} INFO - [2025-12-12T08:26:42.450-0500] {dagbag.py:545} INFO - Filling up the DagBag from /Users/evankrupa/airflow_project/env/lib/python3.11/site-packages/airflow/example_dags/example_external_task_marker_dag.py
[2025-12-12T08:26:42.454-0500] {processor.py:840} INFO - DAG(s) 'example_external_task_marker_child', 'example_external_task_marker_parent' retrieved from /Users/evankrupa/airflow_project/env/lib/python3.11/site-packages/airflow/example_dags/example_external_task_marker_dag.py
[2025-12-12T08:26:42.484-0500] {logging_mixin.py:188} INFO - [2025-12-12T08:26:42.484-0500] {dag.py:3096} INFO - Sync 2 DAGs
[2025-12-12T08:26:42.487-0500] {logging_mixin.py:188} INFO - [2025-12-12T08:26:42.487-0500] {dag.py:3954} INFO - Setting next_dagrun for example_external_task_marker_child to None, run_after=None
[2025-12-12T08:26:42.488-0500] {logging_mixin.py:188} INFO - [2025-12-12T08:26:42.488-0500] {dag.py:3954} INFO - Setting next_dagrun for example_external_task_marker_parent to None, run_after=None
[2025-12-12T08:26:42.493-0500] {processor.py:183} INFO - Processing /Users/evankrupa/airflow_project/env/lib/python3.11/site-packages/airflow/example_dags/example_external_task_marker_dag.py took 0.045 seconds
[2025-12-12T08:28:09.377-0500] {processor.py:161} INFO - Started process (PID=64686) to work on /Users/evankrupa/airflow_project/env/lib/python3.11/site-packages/airflow/example_dags/example_external_task_marker_dag.py
[2025-12-12T08:28:09.378-0500] {processor.py:830} INFO - Processing file /Users/evankrupa/airflow_project/env/lib/python3.11/site-packages/airflow/example_dags/example_external_task_marker_dag.py for tasks to queue
[2025-12-12T08:28:09.378-0500] {logging_mixin.py:188} INFO - [2025-12-12T08:28:09.378-0500] {dagbag.py:545} INFO - Filling up the DagBag from /Users/evankrupa/airflow_project/env/lib/python3.11/site-packages/airflow/example_dags/example_external_task_marker_dag.py
[2025-12-12T08:28:09.382-0500] {processor.py:840} INFO - DAG(s) 'example_external_task_marker_child', 'example_external_task_marker_parent' retrieved from /Users/evankrupa/airflow_project/env/lib/python3.11/site-packages/airflow/example_dags/example_external_task_marker_dag.py
[2025-12-12T08:28:09.411-0500] {logging_mixin.py:188} INFO - [2025-12-12T08:28:09.411-0500] {dag.py:3096} INFO - Sync 2 DAGs
[2025-12-12T08:28:09.414-0500] {logging_mixin.py:188} INFO - [2025-12-12T08:28:09.414-0500] {dag.py:3954} INFO - Setting next_dagrun for example_external_task_marker_child to None, run_after=None
[2025-12-12T08:28:09.414-0500] {logging_mixin.py:188} INFO - [2025-12-12T08:28:09.414-0500] {dag.py:3954} INFO - Setting next_dagrun for example_external_task_marker_parent to None, run_after=None
[2025-12-12T08:28:09.420-0500] {processor.py:183} INFO - Processing /Users/evankrupa/airflow_project/env/lib/python3.11/site-packages/airflow/example_dags/example_external_task_marker_dag.py took 0.043 seconds
[2025-12-12T08:29:31.028-0500] {processor.py:161} INFO - Started process (PID=64764) to work on /Users/evankrupa/airflow_project/env/lib/python3.11/site-packages/airflow/example_dags/example_external_task_marker_dag.py
[2025-12-12T08:29:31.029-0500] {processor.py:830} INFO - Processing file /Users/evankrupa/airflow_project/env/lib/python3.11/site-packages/airflow/example_dags/example_external_task_marker_dag.py for tasks to queue
[2025-12-12T08:29:31.029-0500] {logging_mixin.py:188} INFO - [2025-12-12T08:29:31.029-0500] {dagbag.py:545} INFO - Filling up the DagBag from /Users/evankrupa/airflow_project/env/lib/python3.11/site-packages/airflow/example_dags/example_external_task_marker_dag.py
[2025-12-12T08:29:31.033-0500] {processor.py:840} INFO - DAG(s) 'example_external_task_marker_child', 'example_external_task_marker_parent' retrieved from /Users/evankrupa/airflow_project/env/lib/python3.11/site-packages/airflow/example_dags/example_external_task_marker_dag.py
[2025-12-12T08:29:31.061-0500] {logging_mixin.py:188} INFO - [2025-12-12T08:29:31.061-0500] {dag.py:3096} INFO - Sync 2 DAGs
[2025-12-12T08:29:31.064-0500] {logging_mixin.py:188} INFO - [2025-12-12T08:29:31.064-0500] {dag.py:3954} INFO - Setting next_dagrun for example_external_task_marker_child to None, run_after=None
[2025-12-12T08:29:31.065-0500] {logging_mixin.py:188} INFO - [2025-12-12T08:29:31.065-0500] {dag.py:3954} INFO - Setting next_dagrun for example_external_task_marker_parent to None, run_after=None
[2025-12-12T08:29:31.070-0500] {processor.py:183} INFO - Processing /Users/evankrupa/airflow_project/env/lib/python3.11/site-packages/airflow/example_dags/example_external_task_marker_dag.py took 0.043 seconds
[2025-12-12T08:30:52.531-0500] {processor.py:161} INFO - Started process (PID=64843) to work on /Users/evankrupa/airflow_project/env/lib/python3.11/site-packages/airflow/example_dags/example_external_task_marker_dag.py
[2025-12-12T08:30:52.532-0500] {processor.py:830} INFO - Processing file /Users/evankrupa/airflow_project/env/lib/python3.11/site-packages/airflow/example_dags/example_external_task_marker_dag.py for tasks to queue
[2025-12-12T08:30:52.532-0500] {logging_mixin.py:188} INFO - [2025-12-12T08:30:52.532-0500] {dagbag.py:545} INFO - Filling up the DagBag from /Users/evankrupa/airflow_project/env/lib/python3.11/site-packages/airflow/example_dags/example_external_task_marker_dag.py
[2025-12-12T08:30:52.536-0500] {processor.py:840} INFO - DAG(s) 'example_external_task_marker_child', 'example_external_task_marker_parent' retrieved from /Users/evankrupa/airflow_project/env/lib/python3.11/site-packages/airflow/example_dags/example_external_task_marker_dag.py
[2025-12-12T08:30:52.565-0500] {logging_mixin.py:188} INFO - [2025-12-12T08:30:52.565-0500] {dag.py:3096} INFO - Sync 2 DAGs
[2025-12-12T08:30:52.568-0500] {logging_mixin.py:188} INFO - [2025-12-12T08:30:52.568-0500] {dag.py:3954} INFO - Setting next_dagrun for example_external_task_marker_child to None, run_after=None
[2025-12-12T08:30:52.569-0500] {logging_mixin.py:188} INFO - [2025-12-12T08:30:52.569-0500] {dag.py:3954} INFO - Setting next_dagrun for example_external_task_marker_parent to None, run_after=None
[2025-12-12T08:30:52.574-0500] {processor.py:183} INFO - Processing /Users/evankrupa/airflow_project/env/lib/python3.11/site-packages/airflow/example_dags/example_external_task_marker_dag.py took 0.044 seconds
[2025-12-12T08:32:17.000-0500] {processor.py:161} INFO - Started process (PID=64924) to work on /Users/evankrupa/airflow_project/env/lib/python3.11/site-packages/airflow/example_dags/example_external_task_marker_dag.py
[2025-12-12T08:32:17.001-0500] {processor.py:830} INFO - Processing file /Users/evankrupa/airflow_project/env/lib/python3.11/site-packages/airflow/example_dags/example_external_task_marker_dag.py for tasks to queue
[2025-12-12T08:32:17.001-0500] {logging_mixin.py:188} INFO - [2025-12-12T08:32:17.001-0500] {dagbag.py:545} INFO - Filling up the DagBag from /Users/evankrupa/airflow_project/env/lib/python3.11/site-packages/airflow/example_dags/example_external_task_marker_dag.py
[2025-12-12T08:32:17.005-0500] {processor.py:840} INFO - DAG(s) 'example_external_task_marker_child', 'example_external_task_marker_parent' retrieved from /Users/evankrupa/airflow_project/env/lib/python3.11/site-packages/airflow/example_dags/example_external_task_marker_dag.py
[2025-12-12T08:32:17.035-0500] {logging_mixin.py:188} INFO - [2025-12-12T08:32:17.035-0500] {dag.py:3096} INFO - Sync 2 DAGs
[2025-12-12T08:32:17.038-0500] {logging_mixin.py:188} INFO - [2025-12-12T08:32:17.038-0500] {dag.py:3954} INFO - Setting next_dagrun for example_external_task_marker_child to None, run_after=None
[2025-12-12T08:32:17.039-0500] {logging_mixin.py:188} INFO - [2025-12-12T08:32:17.039-0500] {dag.py:3954} INFO - Setting next_dagrun for example_external_task_marker_parent to None, run_after=None
[2025-12-12T08:32:17.044-0500] {processor.py:183} INFO - Processing /Users/evankrupa/airflow_project/env/lib/python3.11/site-packages/airflow/example_dags/example_external_task_marker_dag.py took 0.045 seconds
[2025-12-12T08:33:41.910-0500] {processor.py:161} INFO - Started process (PID=65028) to work on /Users/evankrupa/airflow_project/env/lib/python3.11/site-packages/airflow/example_dags/example_external_task_marker_dag.py
[2025-12-12T08:33:41.911-0500] {processor.py:830} INFO - Processing file /Users/evankrupa/airflow_project/env/lib/python3.11/site-packages/airflow/example_dags/example_external_task_marker_dag.py for tasks to queue
[2025-12-12T08:33:41.911-0500] {logging_mixin.py:188} INFO - [2025-12-12T08:33:41.911-0500] {dagbag.py:545} INFO - Filling up the DagBag from /Users/evankrupa/airflow_project/env/lib/python3.11/site-packages/airflow/example_dags/example_external_task_marker_dag.py
[2025-12-12T08:33:41.915-0500] {processor.py:840} INFO - DAG(s) 'example_external_task_marker_child', 'example_external_task_marker_parent' retrieved from /Users/evankrupa/airflow_project/env/lib/python3.11/site-packages/airflow/example_dags/example_external_task_marker_dag.py
[2025-12-12T08:33:41.944-0500] {logging_mixin.py:188} INFO - [2025-12-12T08:33:41.944-0500] {dag.py:3096} INFO - Sync 2 DAGs
[2025-12-12T08:33:41.946-0500] {logging_mixin.py:188} INFO - [2025-12-12T08:33:41.946-0500] {dag.py:3954} INFO - Setting next_dagrun for example_external_task_marker_child to None, run_after=None
[2025-12-12T08:33:41.947-0500] {logging_mixin.py:188} INFO - [2025-12-12T08:33:41.947-0500] {dag.py:3954} INFO - Setting next_dagrun for example_external_task_marker_parent to None, run_after=None
[2025-12-12T08:33:41.953-0500] {processor.py:183} INFO - Processing /Users/evankrupa/airflow_project/env/lib/python3.11/site-packages/airflow/example_dags/example_external_task_marker_dag.py took 0.044 seconds
[2025-12-12T08:35:08.281-0500] {processor.py:161} INFO - Started process (PID=65127) to work on /Users/evankrupa/airflow_project/env/lib/python3.11/site-packages/airflow/example_dags/example_external_task_marker_dag.py
[2025-12-12T08:35:08.282-0500] {processor.py:830} INFO - Processing file /Users/evankrupa/airflow_project/env/lib/python3.11/site-packages/airflow/example_dags/example_external_task_marker_dag.py for tasks to queue
[2025-12-12T08:35:08.282-0500] {logging_mixin.py:188} INFO - [2025-12-12T08:35:08.282-0500] {dagbag.py:545} INFO - Filling up the DagBag from /Users/evankrupa/airflow_project/env/lib/python3.11/site-packages/airflow/example_dags/example_external_task_marker_dag.py
[2025-12-12T08:35:08.286-0500] {processor.py:840} INFO - DAG(s) 'example_external_task_marker_child', 'example_external_task_marker_parent' retrieved from /Users/evankrupa/airflow_project/env/lib/python3.11/site-packages/airflow/example_dags/example_external_task_marker_dag.py
[2025-12-12T08:35:08.315-0500] {logging_mixin.py:188} INFO - [2025-12-12T08:35:08.315-0500] {dag.py:3096} INFO - Sync 2 DAGs
[2025-12-12T08:35:08.318-0500] {logging_mixin.py:188} INFO - [2025-12-12T08:35:08.318-0500] {dag.py:3954} INFO - Setting next_dagrun for example_external_task_marker_child to None, run_after=None
[2025-12-12T08:35:08.319-0500] {logging_mixin.py:188} INFO - [2025-12-12T08:35:08.319-0500] {dag.py:3954} INFO - Setting next_dagrun for example_external_task_marker_parent to None, run_after=None
[2025-12-12T08:35:08.324-0500] {processor.py:183} INFO - Processing /Users/evankrupa/airflow_project/env/lib/python3.11/site-packages/airflow/example_dags/example_external_task_marker_dag.py took 0.044 seconds
[2025-12-12T08:36:31.658-0500] {processor.py:161} INFO - Started process (PID=65208) to work on /Users/evankrupa/airflow_project/env/lib/python3.11/site-packages/airflow/example_dags/example_external_task_marker_dag.py
[2025-12-12T08:36:31.659-0500] {processor.py:830} INFO - Processing file /Users/evankrupa/airflow_project/env/lib/python3.11/site-packages/airflow/example_dags/example_external_task_marker_dag.py for tasks to queue
[2025-12-12T08:36:31.659-0500] {logging_mixin.py:188} INFO - [2025-12-12T08:36:31.659-0500] {dagbag.py:545} INFO - Filling up the DagBag from /Users/evankrupa/airflow_project/env/lib/python3.11/site-packages/airflow/example_dags/example_external_task_marker_dag.py
[2025-12-12T08:36:31.663-0500] {processor.py:840} INFO - DAG(s) 'example_external_task_marker_parent', 'example_external_task_marker_child' retrieved from /Users/evankrupa/airflow_project/env/lib/python3.11/site-packages/airflow/example_dags/example_external_task_marker_dag.py
[2025-12-12T08:36:31.693-0500] {logging_mixin.py:188} INFO - [2025-12-12T08:36:31.693-0500] {dag.py:3096} INFO - Sync 2 DAGs
[2025-12-12T08:36:31.696-0500] {logging_mixin.py:188} INFO - [2025-12-12T08:36:31.696-0500] {dag.py:3954} INFO - Setting next_dagrun for example_external_task_marker_child to None, run_after=None
[2025-12-12T08:36:31.697-0500] {logging_mixin.py:188} INFO - [2025-12-12T08:36:31.697-0500] {dag.py:3954} INFO - Setting next_dagrun for example_external_task_marker_parent to None, run_after=None
[2025-12-12T08:36:31.702-0500] {processor.py:183} INFO - Processing /Users/evankrupa/airflow_project/env/lib/python3.11/site-packages/airflow/example_dags/example_external_task_marker_dag.py took 0.045 seconds
[2025-12-12T08:37:56.421-0500] {processor.py:161} INFO - Started process (PID=65276) to work on /Users/evankrupa/airflow_project/env/lib/python3.11/site-packages/airflow/example_dags/example_external_task_marker_dag.py
[2025-12-12T08:37:56.422-0500] {processor.py:830} INFO - Processing file /Users/evankrupa/airflow_project/env/lib/python3.11/site-packages/airflow/example_dags/example_external_task_marker_dag.py for tasks to queue
[2025-12-12T08:37:56.422-0500] {logging_mixin.py:188} INFO - [2025-12-12T08:37:56.422-0500] {dagbag.py:545} INFO - Filling up the DagBag from /Users/evankrupa/airflow_project/env/lib/python3.11/site-packages/airflow/example_dags/example_external_task_marker_dag.py
[2025-12-12T08:37:56.426-0500] {processor.py:840} INFO - DAG(s) 'example_external_task_marker_parent', 'example_external_task_marker_child' retrieved from /Users/evankrupa/airflow_project/env/lib/python3.11/site-packages/airflow/example_dags/example_external_task_marker_dag.py
[2025-12-12T08:37:56.456-0500] {logging_mixin.py:188} INFO - [2025-12-12T08:37:56.455-0500] {dag.py:3096} INFO - Sync 2 DAGs
[2025-12-12T08:37:56.458-0500] {logging_mixin.py:188} INFO - [2025-12-12T08:37:56.458-0500] {dag.py:3954} INFO - Setting next_dagrun for example_external_task_marker_child to None, run_after=None
[2025-12-12T08:37:56.459-0500] {logging_mixin.py:188} INFO - [2025-12-12T08:37:56.459-0500] {dag.py:3954} INFO - Setting next_dagrun for example_external_task_marker_parent to None, run_after=None
[2025-12-12T08:37:56.465-0500] {processor.py:183} INFO - Processing /Users/evankrupa/airflow_project/env/lib/python3.11/site-packages/airflow/example_dags/example_external_task_marker_dag.py took 0.045 seconds
[2025-12-12T08:39:18.668-0500] {processor.py:161} INFO - Started process (PID=65355) to work on /Users/evankrupa/airflow_project/env/lib/python3.11/site-packages/airflow/example_dags/example_external_task_marker_dag.py
[2025-12-12T08:39:18.669-0500] {processor.py:830} INFO - Processing file /Users/evankrupa/airflow_project/env/lib/python3.11/site-packages/airflow/example_dags/example_external_task_marker_dag.py for tasks to queue
[2025-12-12T08:39:18.669-0500] {logging_mixin.py:188} INFO - [2025-12-12T08:39:18.669-0500] {dagbag.py:545} INFO - Filling up the DagBag from /Users/evankrupa/airflow_project/env/lib/python3.11/site-packages/airflow/example_dags/example_external_task_marker_dag.py
[2025-12-12T08:39:18.673-0500] {processor.py:840} INFO - DAG(s) 'example_external_task_marker_parent', 'example_external_task_marker_child' retrieved from /Users/evankrupa/airflow_project/env/lib/python3.11/site-packages/airflow/example_dags/example_external_task_marker_dag.py
[2025-12-12T08:39:18.702-0500] {logging_mixin.py:188} INFO - [2025-12-12T08:39:18.702-0500] {dag.py:3096} INFO - Sync 2 DAGs
[2025-12-12T08:39:18.705-0500] {logging_mixin.py:188} INFO - [2025-12-12T08:39:18.705-0500] {dag.py:3954} INFO - Setting next_dagrun for example_external_task_marker_child to None, run_after=None
[2025-12-12T08:39:18.705-0500] {logging_mixin.py:188} INFO - [2025-12-12T08:39:18.705-0500] {dag.py:3954} INFO - Setting next_dagrun for example_external_task_marker_parent to None, run_after=None
[2025-12-12T08:39:18.711-0500] {processor.py:183} INFO - Processing /Users/evankrupa/airflow_project/env/lib/python3.11/site-packages/airflow/example_dags/example_external_task_marker_dag.py took 0.043 seconds
[2025-12-12T08:40:43.136-0500] {processor.py:161} INFO - Started process (PID=65441) to work on /Users/evankrupa/airflow_project/env/lib/python3.11/site-packages/airflow/example_dags/example_external_task_marker_dag.py
[2025-12-12T08:40:43.137-0500] {processor.py:830} INFO - Processing file /Users/evankrupa/airflow_project/env/lib/python3.11/site-packages/airflow/example_dags/example_external_task_marker_dag.py for tasks to queue
[2025-12-12T08:40:43.137-0500] {logging_mixin.py:188} INFO - [2025-12-12T08:40:43.137-0500] {dagbag.py:545} INFO - Filling up the DagBag from /Users/evankrupa/airflow_project/env/lib/python3.11/site-packages/airflow/example_dags/example_external_task_marker_dag.py
[2025-12-12T08:40:43.141-0500] {processor.py:840} INFO - DAG(s) 'example_external_task_marker_child', 'example_external_task_marker_parent' retrieved from /Users/evankrupa/airflow_project/env/lib/python3.11/site-packages/airflow/example_dags/example_external_task_marker_dag.py
[2025-12-12T08:40:43.170-0500] {logging_mixin.py:188} INFO - [2025-12-12T08:40:43.170-0500] {dag.py:3096} INFO - Sync 2 DAGs
[2025-12-12T08:40:43.173-0500] {logging_mixin.py:188} INFO - [2025-12-12T08:40:43.173-0500] {dag.py:3954} INFO - Setting next_dagrun for example_external_task_marker_child to None, run_after=None
[2025-12-12T08:40:43.174-0500] {logging_mixin.py:188} INFO - [2025-12-12T08:40:43.174-0500] {dag.py:3954} INFO - Setting next_dagrun for example_external_task_marker_parent to None, run_after=None
[2025-12-12T08:40:43.179-0500] {processor.py:183} INFO - Processing /Users/evankrupa/airflow_project/env/lib/python3.11/site-packages/airflow/example_dags/example_external_task_marker_dag.py took 0.045 seconds
[2025-12-12T08:42:05.713-0500] {processor.py:161} INFO - Started process (PID=65509) to work on /Users/evankrupa/airflow_project/env/lib/python3.11/site-packages/airflow/example_dags/example_external_task_marker_dag.py
[2025-12-12T08:42:05.714-0500] {processor.py:830} INFO - Processing file /Users/evankrupa/airflow_project/env/lib/python3.11/site-packages/airflow/example_dags/example_external_task_marker_dag.py for tasks to queue
[2025-12-12T08:42:05.715-0500] {logging_mixin.py:188} INFO - [2025-12-12T08:42:05.714-0500] {dagbag.py:545} INFO - Filling up the DagBag from /Users/evankrupa/airflow_project/env/lib/python3.11/site-packages/airflow/example_dags/example_external_task_marker_dag.py
[2025-12-12T08:42:05.718-0500] {processor.py:840} INFO - DAG(s) 'example_external_task_marker_parent', 'example_external_task_marker_child' retrieved from /Users/evankrupa/airflow_project/env/lib/python3.11/site-packages/airflow/example_dags/example_external_task_marker_dag.py
[2025-12-12T08:42:05.747-0500] {logging_mixin.py:188} INFO - [2025-12-12T08:42:05.747-0500] {dag.py:3096} INFO - Sync 2 DAGs
[2025-12-12T08:42:05.750-0500] {logging_mixin.py:188} INFO - [2025-12-12T08:42:05.750-0500] {dag.py:3954} INFO - Setting next_dagrun for example_external_task_marker_child to None, run_after=None
[2025-12-12T08:42:05.751-0500] {logging_mixin.py:188} INFO - [2025-12-12T08:42:05.751-0500] {dag.py:3954} INFO - Setting next_dagrun for example_external_task_marker_parent to None, run_after=None
[2025-12-12T08:42:05.756-0500] {processor.py:183} INFO - Processing /Users/evankrupa/airflow_project/env/lib/python3.11/site-packages/airflow/example_dags/example_external_task_marker_dag.py took 0.043 seconds
[2025-12-12T08:43:29.126-0500] {processor.py:161} INFO - Started process (PID=65593) to work on /Users/evankrupa/airflow_project/env/lib/python3.11/site-packages/airflow/example_dags/example_external_task_marker_dag.py
[2025-12-12T08:43:29.126-0500] {processor.py:830} INFO - Processing file /Users/evankrupa/airflow_project/env/lib/python3.11/site-packages/airflow/example_dags/example_external_task_marker_dag.py for tasks to queue
[2025-12-12T08:43:29.126-0500] {logging_mixin.py:188} INFO - [2025-12-12T08:43:29.126-0500] {dagbag.py:545} INFO - Filling up the DagBag from /Users/evankrupa/airflow_project/env/lib/python3.11/site-packages/airflow/example_dags/example_external_task_marker_dag.py
[2025-12-12T08:43:29.130-0500] {processor.py:840} INFO - DAG(s) 'example_external_task_marker_child', 'example_external_task_marker_parent' retrieved from /Users/evankrupa/airflow_project/env/lib/python3.11/site-packages/airflow/example_dags/example_external_task_marker_dag.py
[2025-12-12T08:43:29.159-0500] {logging_mixin.py:188} INFO - [2025-12-12T08:43:29.159-0500] {dag.py:3096} INFO - Sync 2 DAGs
[2025-12-12T08:43:29.161-0500] {logging_mixin.py:188} INFO - [2025-12-12T08:43:29.161-0500] {dag.py:3954} INFO - Setting next_dagrun for example_external_task_marker_child to None, run_after=None
[2025-12-12T08:43:29.162-0500] {logging_mixin.py:188} INFO - [2025-12-12T08:43:29.162-0500] {dag.py:3954} INFO - Setting next_dagrun for example_external_task_marker_parent to None, run_after=None
[2025-12-12T08:43:29.168-0500] {processor.py:183} INFO - Processing /Users/evankrupa/airflow_project/env/lib/python3.11/site-packages/airflow/example_dags/example_external_task_marker_dag.py took 0.043 seconds
[2025-12-12T08:44:53.602-0500] {processor.py:161} INFO - Started process (PID=65659) to work on /Users/evankrupa/airflow_project/env/lib/python3.11/site-packages/airflow/example_dags/example_external_task_marker_dag.py
[2025-12-12T08:44:53.603-0500] {processor.py:830} INFO - Processing file /Users/evankrupa/airflow_project/env/lib/python3.11/site-packages/airflow/example_dags/example_external_task_marker_dag.py for tasks to queue
[2025-12-12T08:44:53.603-0500] {logging_mixin.py:188} INFO - [2025-12-12T08:44:53.603-0500] {dagbag.py:545} INFO - Filling up the DagBag from /Users/evankrupa/airflow_project/env/lib/python3.11/site-packages/airflow/example_dags/example_external_task_marker_dag.py
[2025-12-12T08:44:53.607-0500] {processor.py:840} INFO - DAG(s) 'example_external_task_marker_parent', 'example_external_task_marker_child' retrieved from /Users/evankrupa/airflow_project/env/lib/python3.11/site-packages/airflow/example_dags/example_external_task_marker_dag.py
[2025-12-12T08:44:53.635-0500] {logging_mixin.py:188} INFO - [2025-12-12T08:44:53.635-0500] {dag.py:3096} INFO - Sync 2 DAGs
[2025-12-12T08:44:53.638-0500] {logging_mixin.py:188} INFO - [2025-12-12T08:44:53.638-0500] {dag.py:3954} INFO - Setting next_dagrun for example_external_task_marker_child to None, run_after=None
[2025-12-12T08:44:53.639-0500] {logging_mixin.py:188} INFO - [2025-12-12T08:44:53.639-0500] {dag.py:3954} INFO - Setting next_dagrun for example_external_task_marker_parent to None, run_after=None
[2025-12-12T08:44:53.644-0500] {processor.py:183} INFO - Processing /Users/evankrupa/airflow_project/env/lib/python3.11/site-packages/airflow/example_dags/example_external_task_marker_dag.py took 0.043 seconds
