[2025-12-12T07:25:56.646-0500] {processor.py:161} INFO - Started process (PID=56882) to work on /Users/evankrupa/airflow_project/env/lib/python3.11/site-packages/airflow/example_dags/example_dynamic_task_mapping.py
[2025-12-12T07:25:56.646-0500] {processor.py:830} INFO - Processing file /Users/evankrupa/airflow_project/env/lib/python3.11/site-packages/airflow/example_dags/example_dynamic_task_mapping.py for tasks to queue
[2025-12-12T07:25:56.646-0500] {logging_mixin.py:188} INFO - [2025-12-12T07:25:56.646-0500] {dagbag.py:545} INFO - Filling up the DagBag from /Users/evankrupa/airflow_project/env/lib/python3.11/site-packages/airflow/example_dags/example_dynamic_task_mapping.py
[2025-12-12T07:25:56.658-0500] {processor.py:840} INFO - DAG(s) 'example_dynamic_task_mapping' retrieved from /Users/evankrupa/airflow_project/env/lib/python3.11/site-packages/airflow/example_dags/example_dynamic_task_mapping.py
[2025-12-12T07:25:56.709-0500] {logging_mixin.py:188} INFO - [2025-12-12T07:25:56.709-0500] {override.py:1829} INFO - Created Permission View: can edit on DAG:example_dynamic_task_mapping
[2025-12-12T07:25:56.711-0500] {logging_mixin.py:188} INFO - [2025-12-12T07:25:56.711-0500] {override.py:1829} INFO - Created Permission View: can delete on DAG:example_dynamic_task_mapping
[2025-12-12T07:25:56.713-0500] {logging_mixin.py:188} INFO - [2025-12-12T07:25:56.713-0500] {override.py:1829} INFO - Created Permission View: can read on DAG:example_dynamic_task_mapping
[2025-12-12T07:25:56.713-0500] {logging_mixin.py:188} INFO - [2025-12-12T07:25:56.713-0500] {dag.py:3096} INFO - Sync 1 DAGs
[2025-12-12T07:25:56.716-0500] {logging_mixin.py:188} INFO - [2025-12-12T07:25:56.716-0500] {dag.py:3118} INFO - Creating ORM DAG for example_dynamic_task_mapping
[2025-12-12T07:25:56.739-0500] {logging_mixin.py:188} INFO - [2025-12-12T07:25:56.739-0500] {dag.py:3954} INFO - Setting next_dagrun for example_dynamic_task_mapping to 2022-03-04 00:00:00+00:00, run_after=2022-03-05 00:00:00+00:00
[2025-12-12T07:25:56.745-0500] {processor.py:183} INFO - Processing /Users/evankrupa/airflow_project/env/lib/python3.11/site-packages/airflow/example_dags/example_dynamic_task_mapping.py took 0.100 seconds
[2025-12-12T07:27:22.210-0500] {processor.py:161} INFO - Started process (PID=57507) to work on /Users/evankrupa/airflow_project/env/lib/python3.11/site-packages/airflow/example_dags/example_dynamic_task_mapping.py
[2025-12-12T07:27:22.211-0500] {processor.py:830} INFO - Processing file /Users/evankrupa/airflow_project/env/lib/python3.11/site-packages/airflow/example_dags/example_dynamic_task_mapping.py for tasks to queue
[2025-12-12T07:27:22.211-0500] {logging_mixin.py:188} INFO - [2025-12-12T07:27:22.211-0500] {dagbag.py:545} INFO - Filling up the DagBag from /Users/evankrupa/airflow_project/env/lib/python3.11/site-packages/airflow/example_dags/example_dynamic_task_mapping.py
[2025-12-12T07:27:22.223-0500] {processor.py:840} INFO - DAG(s) 'example_dynamic_task_mapping' retrieved from /Users/evankrupa/airflow_project/env/lib/python3.11/site-packages/airflow/example_dags/example_dynamic_task_mapping.py
[2025-12-12T07:27:22.250-0500] {logging_mixin.py:188} INFO - [2025-12-12T07:27:22.250-0500] {dag.py:3096} INFO - Sync 1 DAGs
[2025-12-12T07:27:22.255-0500] {logging_mixin.py:188} INFO - [2025-12-12T07:27:22.254-0500] {dag.py:3954} INFO - Setting next_dagrun for example_dynamic_task_mapping to 2022-03-04 00:00:00+00:00, run_after=2022-03-05 00:00:00+00:00
[2025-12-12T07:27:22.260-0500] {processor.py:183} INFO - Processing /Users/evankrupa/airflow_project/env/lib/python3.11/site-packages/airflow/example_dags/example_dynamic_task_mapping.py took 0.051 seconds
[2025-12-12T07:28:48.286-0500] {processor.py:161} INFO - Started process (PID=57760) to work on /Users/evankrupa/airflow_project/env/lib/python3.11/site-packages/airflow/example_dags/example_dynamic_task_mapping.py
[2025-12-12T07:28:48.287-0500] {processor.py:830} INFO - Processing file /Users/evankrupa/airflow_project/env/lib/python3.11/site-packages/airflow/example_dags/example_dynamic_task_mapping.py for tasks to queue
[2025-12-12T07:28:48.287-0500] {logging_mixin.py:188} INFO - [2025-12-12T07:28:48.287-0500] {dagbag.py:545} INFO - Filling up the DagBag from /Users/evankrupa/airflow_project/env/lib/python3.11/site-packages/airflow/example_dags/example_dynamic_task_mapping.py
[2025-12-12T07:28:48.299-0500] {processor.py:840} INFO - DAG(s) 'example_dynamic_task_mapping' retrieved from /Users/evankrupa/airflow_project/env/lib/python3.11/site-packages/airflow/example_dags/example_dynamic_task_mapping.py
[2025-12-12T07:28:48.327-0500] {logging_mixin.py:188} INFO - [2025-12-12T07:28:48.327-0500] {dag.py:3096} INFO - Sync 1 DAGs
[2025-12-12T07:28:48.332-0500] {logging_mixin.py:188} INFO - [2025-12-12T07:28:48.332-0500] {dag.py:3954} INFO - Setting next_dagrun for example_dynamic_task_mapping to 2022-03-04 00:00:00+00:00, run_after=2022-03-05 00:00:00+00:00
[2025-12-12T07:28:48.338-0500] {processor.py:183} INFO - Processing /Users/evankrupa/airflow_project/env/lib/python3.11/site-packages/airflow/example_dags/example_dynamic_task_mapping.py took 0.053 seconds
[2025-12-12T07:30:13.316-0500] {processor.py:161} INFO - Started process (PID=58001) to work on /Users/evankrupa/airflow_project/env/lib/python3.11/site-packages/airflow/example_dags/example_dynamic_task_mapping.py
[2025-12-12T07:30:13.317-0500] {processor.py:830} INFO - Processing file /Users/evankrupa/airflow_project/env/lib/python3.11/site-packages/airflow/example_dags/example_dynamic_task_mapping.py for tasks to queue
[2025-12-12T07:30:13.317-0500] {logging_mixin.py:188} INFO - [2025-12-12T07:30:13.317-0500] {dagbag.py:545} INFO - Filling up the DagBag from /Users/evankrupa/airflow_project/env/lib/python3.11/site-packages/airflow/example_dags/example_dynamic_task_mapping.py
[2025-12-12T07:30:13.329-0500] {processor.py:840} INFO - DAG(s) 'example_dynamic_task_mapping' retrieved from /Users/evankrupa/airflow_project/env/lib/python3.11/site-packages/airflow/example_dags/example_dynamic_task_mapping.py
[2025-12-12T07:30:13.355-0500] {logging_mixin.py:188} INFO - [2025-12-12T07:30:13.355-0500] {dag.py:3096} INFO - Sync 1 DAGs
[2025-12-12T07:30:13.359-0500] {logging_mixin.py:188} INFO - [2025-12-12T07:30:13.359-0500] {dag.py:3954} INFO - Setting next_dagrun for example_dynamic_task_mapping to 2022-03-04 00:00:00+00:00, run_after=2022-03-05 00:00:00+00:00
[2025-12-12T07:30:13.365-0500] {processor.py:183} INFO - Processing /Users/evankrupa/airflow_project/env/lib/python3.11/site-packages/airflow/example_dags/example_dynamic_task_mapping.py took 0.049 seconds
[2025-12-12T07:31:38.869-0500] {processor.py:161} INFO - Started process (PID=58335) to work on /Users/evankrupa/airflow_project/env/lib/python3.11/site-packages/airflow/example_dags/example_dynamic_task_mapping.py
[2025-12-12T07:31:38.870-0500] {processor.py:830} INFO - Processing file /Users/evankrupa/airflow_project/env/lib/python3.11/site-packages/airflow/example_dags/example_dynamic_task_mapping.py for tasks to queue
[2025-12-12T07:31:38.870-0500] {logging_mixin.py:188} INFO - [2025-12-12T07:31:38.870-0500] {dagbag.py:545} INFO - Filling up the DagBag from /Users/evankrupa/airflow_project/env/lib/python3.11/site-packages/airflow/example_dags/example_dynamic_task_mapping.py
[2025-12-12T07:31:38.882-0500] {processor.py:840} INFO - DAG(s) 'example_dynamic_task_mapping' retrieved from /Users/evankrupa/airflow_project/env/lib/python3.11/site-packages/airflow/example_dags/example_dynamic_task_mapping.py
[2025-12-12T07:31:38.910-0500] {logging_mixin.py:188} INFO - [2025-12-12T07:31:38.910-0500] {dag.py:3096} INFO - Sync 1 DAGs
[2025-12-12T07:31:38.915-0500] {logging_mixin.py:188} INFO - [2025-12-12T07:31:38.915-0500] {dag.py:3954} INFO - Setting next_dagrun for example_dynamic_task_mapping to 2022-03-04 00:00:00+00:00, run_after=2022-03-05 00:00:00+00:00
[2025-12-12T07:31:38.920-0500] {processor.py:183} INFO - Processing /Users/evankrupa/airflow_project/env/lib/python3.11/site-packages/airflow/example_dags/example_dynamic_task_mapping.py took 0.052 seconds
[2025-12-12T07:33:05.952-0500] {processor.py:161} INFO - Started process (PID=58436) to work on /Users/evankrupa/airflow_project/env/lib/python3.11/site-packages/airflow/example_dags/example_dynamic_task_mapping.py
[2025-12-12T07:33:05.953-0500] {processor.py:830} INFO - Processing file /Users/evankrupa/airflow_project/env/lib/python3.11/site-packages/airflow/example_dags/example_dynamic_task_mapping.py for tasks to queue
[2025-12-12T07:33:05.953-0500] {logging_mixin.py:188} INFO - [2025-12-12T07:33:05.953-0500] {dagbag.py:545} INFO - Filling up the DagBag from /Users/evankrupa/airflow_project/env/lib/python3.11/site-packages/airflow/example_dags/example_dynamic_task_mapping.py
[2025-12-12T07:33:05.965-0500] {processor.py:840} INFO - DAG(s) 'example_dynamic_task_mapping' retrieved from /Users/evankrupa/airflow_project/env/lib/python3.11/site-packages/airflow/example_dags/example_dynamic_task_mapping.py
[2025-12-12T07:33:05.991-0500] {logging_mixin.py:188} INFO - [2025-12-12T07:33:05.991-0500] {dag.py:3096} INFO - Sync 1 DAGs
[2025-12-12T07:33:05.996-0500] {logging_mixin.py:188} INFO - [2025-12-12T07:33:05.996-0500] {dag.py:3954} INFO - Setting next_dagrun for example_dynamic_task_mapping to 2022-03-04 00:00:00+00:00, run_after=2022-03-05 00:00:00+00:00
[2025-12-12T07:33:06.001-0500] {processor.py:183} INFO - Processing /Users/evankrupa/airflow_project/env/lib/python3.11/site-packages/airflow/example_dags/example_dynamic_task_mapping.py took 0.049 seconds
[2025-12-12T07:34:31.590-0500] {processor.py:161} INFO - Started process (PID=58512) to work on /Users/evankrupa/airflow_project/env/lib/python3.11/site-packages/airflow/example_dags/example_dynamic_task_mapping.py
[2025-12-12T07:34:31.591-0500] {processor.py:830} INFO - Processing file /Users/evankrupa/airflow_project/env/lib/python3.11/site-packages/airflow/example_dags/example_dynamic_task_mapping.py for tasks to queue
[2025-12-12T07:34:31.592-0500] {logging_mixin.py:188} INFO - [2025-12-12T07:34:31.592-0500] {dagbag.py:545} INFO - Filling up the DagBag from /Users/evankrupa/airflow_project/env/lib/python3.11/site-packages/airflow/example_dags/example_dynamic_task_mapping.py
[2025-12-12T07:34:31.604-0500] {processor.py:840} INFO - DAG(s) 'example_dynamic_task_mapping' retrieved from /Users/evankrupa/airflow_project/env/lib/python3.11/site-packages/airflow/example_dags/example_dynamic_task_mapping.py
[2025-12-12T07:34:31.634-0500] {logging_mixin.py:188} INFO - [2025-12-12T07:34:31.634-0500] {dag.py:3096} INFO - Sync 1 DAGs
[2025-12-12T07:34:31.639-0500] {logging_mixin.py:188} INFO - [2025-12-12T07:34:31.638-0500] {dag.py:3954} INFO - Setting next_dagrun for example_dynamic_task_mapping to 2022-03-04 00:00:00+00:00, run_after=2022-03-05 00:00:00+00:00
[2025-12-12T07:34:31.644-0500] {processor.py:183} INFO - Processing /Users/evankrupa/airflow_project/env/lib/python3.11/site-packages/airflow/example_dags/example_dynamic_task_mapping.py took 0.055 seconds
[2025-12-12T07:35:55.002-0500] {processor.py:161} INFO - Started process (PID=58587) to work on /Users/evankrupa/airflow_project/env/lib/python3.11/site-packages/airflow/example_dags/example_dynamic_task_mapping.py
[2025-12-12T07:35:55.002-0500] {processor.py:830} INFO - Processing file /Users/evankrupa/airflow_project/env/lib/python3.11/site-packages/airflow/example_dags/example_dynamic_task_mapping.py for tasks to queue
[2025-12-12T07:35:55.003-0500] {logging_mixin.py:188} INFO - [2025-12-12T07:35:55.003-0500] {dagbag.py:545} INFO - Filling up the DagBag from /Users/evankrupa/airflow_project/env/lib/python3.11/site-packages/airflow/example_dags/example_dynamic_task_mapping.py
[2025-12-12T07:35:55.015-0500] {processor.py:840} INFO - DAG(s) 'example_dynamic_task_mapping' retrieved from /Users/evankrupa/airflow_project/env/lib/python3.11/site-packages/airflow/example_dags/example_dynamic_task_mapping.py
[2025-12-12T07:35:55.042-0500] {logging_mixin.py:188} INFO - [2025-12-12T07:35:55.042-0500] {dag.py:3096} INFO - Sync 1 DAGs
[2025-12-12T07:35:55.047-0500] {logging_mixin.py:188} INFO - [2025-12-12T07:35:55.046-0500] {dag.py:3954} INFO - Setting next_dagrun for example_dynamic_task_mapping to 2022-03-04 00:00:00+00:00, run_after=2022-03-05 00:00:00+00:00
[2025-12-12T07:35:55.052-0500] {processor.py:183} INFO - Processing /Users/evankrupa/airflow_project/env/lib/python3.11/site-packages/airflow/example_dags/example_dynamic_task_mapping.py took 0.051 seconds
[2025-12-12T07:37:18.673-0500] {processor.py:161} INFO - Started process (PID=58655) to work on /Users/evankrupa/airflow_project/env/lib/python3.11/site-packages/airflow/example_dags/example_dynamic_task_mapping.py
[2025-12-12T07:37:18.674-0500] {processor.py:830} INFO - Processing file /Users/evankrupa/airflow_project/env/lib/python3.11/site-packages/airflow/example_dags/example_dynamic_task_mapping.py for tasks to queue
[2025-12-12T07:37:18.674-0500] {logging_mixin.py:188} INFO - [2025-12-12T07:37:18.674-0500] {dagbag.py:545} INFO - Filling up the DagBag from /Users/evankrupa/airflow_project/env/lib/python3.11/site-packages/airflow/example_dags/example_dynamic_task_mapping.py
[2025-12-12T07:37:18.686-0500] {processor.py:840} INFO - DAG(s) 'example_dynamic_task_mapping' retrieved from /Users/evankrupa/airflow_project/env/lib/python3.11/site-packages/airflow/example_dags/example_dynamic_task_mapping.py
[2025-12-12T07:37:18.713-0500] {logging_mixin.py:188} INFO - [2025-12-12T07:37:18.713-0500] {dag.py:3096} INFO - Sync 1 DAGs
[2025-12-12T07:37:18.718-0500] {logging_mixin.py:188} INFO - [2025-12-12T07:37:18.718-0500] {dag.py:3954} INFO - Setting next_dagrun for example_dynamic_task_mapping to 2022-03-04 00:00:00+00:00, run_after=2022-03-05 00:00:00+00:00
[2025-12-12T07:37:18.723-0500] {processor.py:183} INFO - Processing /Users/evankrupa/airflow_project/env/lib/python3.11/site-packages/airflow/example_dags/example_dynamic_task_mapping.py took 0.051 seconds
[2025-12-12T07:38:42.242-0500] {processor.py:161} INFO - Started process (PID=58736) to work on /Users/evankrupa/airflow_project/env/lib/python3.11/site-packages/airflow/example_dags/example_dynamic_task_mapping.py
[2025-12-12T07:38:42.243-0500] {processor.py:830} INFO - Processing file /Users/evankrupa/airflow_project/env/lib/python3.11/site-packages/airflow/example_dags/example_dynamic_task_mapping.py for tasks to queue
[2025-12-12T07:38:42.243-0500] {logging_mixin.py:188} INFO - [2025-12-12T07:38:42.243-0500] {dagbag.py:545} INFO - Filling up the DagBag from /Users/evankrupa/airflow_project/env/lib/python3.11/site-packages/airflow/example_dags/example_dynamic_task_mapping.py
[2025-12-12T07:38:42.255-0500] {processor.py:840} INFO - DAG(s) 'example_dynamic_task_mapping' retrieved from /Users/evankrupa/airflow_project/env/lib/python3.11/site-packages/airflow/example_dags/example_dynamic_task_mapping.py
[2025-12-12T07:38:42.282-0500] {logging_mixin.py:188} INFO - [2025-12-12T07:38:42.282-0500] {dag.py:3096} INFO - Sync 1 DAGs
[2025-12-12T07:38:42.286-0500] {logging_mixin.py:188} INFO - [2025-12-12T07:38:42.286-0500] {dag.py:3954} INFO - Setting next_dagrun for example_dynamic_task_mapping to 2022-03-04 00:00:00+00:00, run_after=2022-03-05 00:00:00+00:00
[2025-12-12T07:38:42.291-0500] {processor.py:183} INFO - Processing /Users/evankrupa/airflow_project/env/lib/python3.11/site-packages/airflow/example_dags/example_dynamic_task_mapping.py took 0.050 seconds
[2025-12-12T07:40:08.854-0500] {processor.py:161} INFO - Started process (PID=58860) to work on /Users/evankrupa/airflow_project/env/lib/python3.11/site-packages/airflow/example_dags/example_dynamic_task_mapping.py
[2025-12-12T07:40:08.854-0500] {processor.py:830} INFO - Processing file /Users/evankrupa/airflow_project/env/lib/python3.11/site-packages/airflow/example_dags/example_dynamic_task_mapping.py for tasks to queue
[2025-12-12T07:40:08.854-0500] {logging_mixin.py:188} INFO - [2025-12-12T07:40:08.854-0500] {dagbag.py:545} INFO - Filling up the DagBag from /Users/evankrupa/airflow_project/env/lib/python3.11/site-packages/airflow/example_dags/example_dynamic_task_mapping.py
[2025-12-12T07:40:08.866-0500] {processor.py:840} INFO - DAG(s) 'example_dynamic_task_mapping' retrieved from /Users/evankrupa/airflow_project/env/lib/python3.11/site-packages/airflow/example_dags/example_dynamic_task_mapping.py
[2025-12-12T07:40:08.894-0500] {logging_mixin.py:188} INFO - [2025-12-12T07:40:08.894-0500] {dag.py:3096} INFO - Sync 1 DAGs
[2025-12-12T07:40:08.899-0500] {logging_mixin.py:188} INFO - [2025-12-12T07:40:08.899-0500] {dag.py:3954} INFO - Setting next_dagrun for example_dynamic_task_mapping to 2022-03-04 00:00:00+00:00, run_after=2022-03-05 00:00:00+00:00
[2025-12-12T07:40:08.905-0500] {processor.py:183} INFO - Processing /Users/evankrupa/airflow_project/env/lib/python3.11/site-packages/airflow/example_dags/example_dynamic_task_mapping.py took 0.052 seconds
[2025-12-12T07:41:34.811-0500] {processor.py:161} INFO - Started process (PID=58954) to work on /Users/evankrupa/airflow_project/env/lib/python3.11/site-packages/airflow/example_dags/example_dynamic_task_mapping.py
[2025-12-12T07:41:34.812-0500] {processor.py:830} INFO - Processing file /Users/evankrupa/airflow_project/env/lib/python3.11/site-packages/airflow/example_dags/example_dynamic_task_mapping.py for tasks to queue
[2025-12-12T07:41:34.812-0500] {logging_mixin.py:188} INFO - [2025-12-12T07:41:34.812-0500] {dagbag.py:545} INFO - Filling up the DagBag from /Users/evankrupa/airflow_project/env/lib/python3.11/site-packages/airflow/example_dags/example_dynamic_task_mapping.py
[2025-12-12T07:41:34.824-0500] {processor.py:840} INFO - DAG(s) 'example_dynamic_task_mapping' retrieved from /Users/evankrupa/airflow_project/env/lib/python3.11/site-packages/airflow/example_dags/example_dynamic_task_mapping.py
[2025-12-12T07:41:34.851-0500] {logging_mixin.py:188} INFO - [2025-12-12T07:41:34.851-0500] {dag.py:3096} INFO - Sync 1 DAGs
[2025-12-12T07:41:34.856-0500] {logging_mixin.py:188} INFO - [2025-12-12T07:41:34.856-0500] {dag.py:3954} INFO - Setting next_dagrun for example_dynamic_task_mapping to 2022-03-04 00:00:00+00:00, run_after=2022-03-05 00:00:00+00:00
[2025-12-12T07:41:34.861-0500] {processor.py:183} INFO - Processing /Users/evankrupa/airflow_project/env/lib/python3.11/site-packages/airflow/example_dags/example_dynamic_task_mapping.py took 0.051 seconds
[2025-12-12T07:42:58.627-0500] {processor.py:161} INFO - Started process (PID=59115) to work on /Users/evankrupa/airflow_project/env/lib/python3.11/site-packages/airflow/example_dags/example_dynamic_task_mapping.py
[2025-12-12T07:42:58.627-0500] {processor.py:830} INFO - Processing file /Users/evankrupa/airflow_project/env/lib/python3.11/site-packages/airflow/example_dags/example_dynamic_task_mapping.py for tasks to queue
[2025-12-12T07:42:58.628-0500] {logging_mixin.py:188} INFO - [2025-12-12T07:42:58.627-0500] {dagbag.py:545} INFO - Filling up the DagBag from /Users/evankrupa/airflow_project/env/lib/python3.11/site-packages/airflow/example_dags/example_dynamic_task_mapping.py
[2025-12-12T07:42:58.640-0500] {processor.py:840} INFO - DAG(s) 'example_dynamic_task_mapping' retrieved from /Users/evankrupa/airflow_project/env/lib/python3.11/site-packages/airflow/example_dags/example_dynamic_task_mapping.py
[2025-12-12T07:42:58.668-0500] {logging_mixin.py:188} INFO - [2025-12-12T07:42:58.667-0500] {dag.py:3096} INFO - Sync 1 DAGs
[2025-12-12T07:42:58.672-0500] {logging_mixin.py:188} INFO - [2025-12-12T07:42:58.672-0500] {dag.py:3954} INFO - Setting next_dagrun for example_dynamic_task_mapping to 2022-03-04 00:00:00+00:00, run_after=2022-03-05 00:00:00+00:00
[2025-12-12T07:42:58.677-0500] {processor.py:183} INFO - Processing /Users/evankrupa/airflow_project/env/lib/python3.11/site-packages/airflow/example_dags/example_dynamic_task_mapping.py took 0.051 seconds
[2025-12-12T07:44:23.046-0500] {processor.py:161} INFO - Started process (PID=59202) to work on /Users/evankrupa/airflow_project/env/lib/python3.11/site-packages/airflow/example_dags/example_dynamic_task_mapping.py
[2025-12-12T07:44:23.047-0500] {processor.py:830} INFO - Processing file /Users/evankrupa/airflow_project/env/lib/python3.11/site-packages/airflow/example_dags/example_dynamic_task_mapping.py for tasks to queue
[2025-12-12T07:44:23.048-0500] {logging_mixin.py:188} INFO - [2025-12-12T07:44:23.048-0500] {dagbag.py:545} INFO - Filling up the DagBag from /Users/evankrupa/airflow_project/env/lib/python3.11/site-packages/airflow/example_dags/example_dynamic_task_mapping.py
[2025-12-12T07:44:23.059-0500] {processor.py:840} INFO - DAG(s) 'example_dynamic_task_mapping' retrieved from /Users/evankrupa/airflow_project/env/lib/python3.11/site-packages/airflow/example_dags/example_dynamic_task_mapping.py
[2025-12-12T07:44:23.086-0500] {logging_mixin.py:188} INFO - [2025-12-12T07:44:23.085-0500] {dag.py:3096} INFO - Sync 1 DAGs
[2025-12-12T07:44:23.090-0500] {logging_mixin.py:188} INFO - [2025-12-12T07:44:23.090-0500] {dag.py:3954} INFO - Setting next_dagrun for example_dynamic_task_mapping to 2022-03-04 00:00:00+00:00, run_after=2022-03-05 00:00:00+00:00
[2025-12-12T07:44:23.095-0500] {processor.py:183} INFO - Processing /Users/evankrupa/airflow_project/env/lib/python3.11/site-packages/airflow/example_dags/example_dynamic_task_mapping.py took 0.050 seconds
[2025-12-12T07:45:49.412-0500] {processor.py:161} INFO - Started process (PID=59283) to work on /Users/evankrupa/airflow_project/env/lib/python3.11/site-packages/airflow/example_dags/example_dynamic_task_mapping.py
[2025-12-12T07:45:49.413-0500] {processor.py:830} INFO - Processing file /Users/evankrupa/airflow_project/env/lib/python3.11/site-packages/airflow/example_dags/example_dynamic_task_mapping.py for tasks to queue
[2025-12-12T07:45:49.413-0500] {logging_mixin.py:188} INFO - [2025-12-12T07:45:49.413-0500] {dagbag.py:545} INFO - Filling up the DagBag from /Users/evankrupa/airflow_project/env/lib/python3.11/site-packages/airflow/example_dags/example_dynamic_task_mapping.py
[2025-12-12T07:45:49.425-0500] {processor.py:840} INFO - DAG(s) 'example_dynamic_task_mapping' retrieved from /Users/evankrupa/airflow_project/env/lib/python3.11/site-packages/airflow/example_dags/example_dynamic_task_mapping.py
[2025-12-12T07:45:49.451-0500] {logging_mixin.py:188} INFO - [2025-12-12T07:45:49.451-0500] {dag.py:3096} INFO - Sync 1 DAGs
[2025-12-12T07:45:49.455-0500] {logging_mixin.py:188} INFO - [2025-12-12T07:45:49.455-0500] {dag.py:3954} INFO - Setting next_dagrun for example_dynamic_task_mapping to 2022-03-04 00:00:00+00:00, run_after=2022-03-05 00:00:00+00:00
[2025-12-12T07:45:49.461-0500] {processor.py:183} INFO - Processing /Users/evankrupa/airflow_project/env/lib/python3.11/site-packages/airflow/example_dags/example_dynamic_task_mapping.py took 0.050 seconds
[2025-12-12T07:47:13.140-0500] {processor.py:161} INFO - Started process (PID=59360) to work on /Users/evankrupa/airflow_project/env/lib/python3.11/site-packages/airflow/example_dags/example_dynamic_task_mapping.py
[2025-12-12T07:47:13.140-0500] {processor.py:830} INFO - Processing file /Users/evankrupa/airflow_project/env/lib/python3.11/site-packages/airflow/example_dags/example_dynamic_task_mapping.py for tasks to queue
[2025-12-12T07:47:13.141-0500] {logging_mixin.py:188} INFO - [2025-12-12T07:47:13.140-0500] {dagbag.py:545} INFO - Filling up the DagBag from /Users/evankrupa/airflow_project/env/lib/python3.11/site-packages/airflow/example_dags/example_dynamic_task_mapping.py
[2025-12-12T07:47:13.153-0500] {processor.py:840} INFO - DAG(s) 'example_dynamic_task_mapping' retrieved from /Users/evankrupa/airflow_project/env/lib/python3.11/site-packages/airflow/example_dags/example_dynamic_task_mapping.py
[2025-12-12T07:47:13.180-0500] {logging_mixin.py:188} INFO - [2025-12-12T07:47:13.180-0500] {dag.py:3096} INFO - Sync 1 DAGs
[2025-12-12T07:47:13.184-0500] {logging_mixin.py:188} INFO - [2025-12-12T07:47:13.184-0500] {dag.py:3954} INFO - Setting next_dagrun for example_dynamic_task_mapping to 2022-03-04 00:00:00+00:00, run_after=2022-03-05 00:00:00+00:00
[2025-12-12T07:47:13.190-0500] {processor.py:183} INFO - Processing /Users/evankrupa/airflow_project/env/lib/python3.11/site-packages/airflow/example_dags/example_dynamic_task_mapping.py took 0.051 seconds
[2025-12-12T07:48:40.658-0500] {processor.py:161} INFO - Started process (PID=59476) to work on /Users/evankrupa/airflow_project/env/lib/python3.11/site-packages/airflow/example_dags/example_dynamic_task_mapping.py
[2025-12-12T07:48:40.658-0500] {processor.py:830} INFO - Processing file /Users/evankrupa/airflow_project/env/lib/python3.11/site-packages/airflow/example_dags/example_dynamic_task_mapping.py for tasks to queue
[2025-12-12T07:48:40.659-0500] {logging_mixin.py:188} INFO - [2025-12-12T07:48:40.659-0500] {dagbag.py:545} INFO - Filling up the DagBag from /Users/evankrupa/airflow_project/env/lib/python3.11/site-packages/airflow/example_dags/example_dynamic_task_mapping.py
[2025-12-12T07:48:40.671-0500] {processor.py:840} INFO - DAG(s) 'example_dynamic_task_mapping' retrieved from /Users/evankrupa/airflow_project/env/lib/python3.11/site-packages/airflow/example_dags/example_dynamic_task_mapping.py
[2025-12-12T07:48:40.699-0500] {logging_mixin.py:188} INFO - [2025-12-12T07:48:40.699-0500] {dag.py:3096} INFO - Sync 1 DAGs
[2025-12-12T07:48:40.704-0500] {logging_mixin.py:188} INFO - [2025-12-12T07:48:40.704-0500] {dag.py:3954} INFO - Setting next_dagrun for example_dynamic_task_mapping to 2022-03-04 00:00:00+00:00, run_after=2022-03-05 00:00:00+00:00
[2025-12-12T07:48:40.709-0500] {processor.py:183} INFO - Processing /Users/evankrupa/airflow_project/env/lib/python3.11/site-packages/airflow/example_dags/example_dynamic_task_mapping.py took 0.052 seconds
[2025-12-12T07:50:05.890-0500] {processor.py:161} INFO - Started process (PID=59553) to work on /Users/evankrupa/airflow_project/env/lib/python3.11/site-packages/airflow/example_dags/example_dynamic_task_mapping.py
[2025-12-12T07:50:05.890-0500] {processor.py:830} INFO - Processing file /Users/evankrupa/airflow_project/env/lib/python3.11/site-packages/airflow/example_dags/example_dynamic_task_mapping.py for tasks to queue
[2025-12-12T07:50:05.890-0500] {logging_mixin.py:188} INFO - [2025-12-12T07:50:05.890-0500] {dagbag.py:545} INFO - Filling up the DagBag from /Users/evankrupa/airflow_project/env/lib/python3.11/site-packages/airflow/example_dags/example_dynamic_task_mapping.py
[2025-12-12T07:50:05.902-0500] {processor.py:840} INFO - DAG(s) 'example_dynamic_task_mapping' retrieved from /Users/evankrupa/airflow_project/env/lib/python3.11/site-packages/airflow/example_dags/example_dynamic_task_mapping.py
[2025-12-12T07:50:05.929-0500] {logging_mixin.py:188} INFO - [2025-12-12T07:50:05.929-0500] {dag.py:3096} INFO - Sync 1 DAGs
[2025-12-12T07:50:05.934-0500] {logging_mixin.py:188} INFO - [2025-12-12T07:50:05.934-0500] {dag.py:3954} INFO - Setting next_dagrun for example_dynamic_task_mapping to 2022-03-04 00:00:00+00:00, run_after=2022-03-05 00:00:00+00:00
[2025-12-12T07:50:05.939-0500] {processor.py:183} INFO - Processing /Users/evankrupa/airflow_project/env/lib/python3.11/site-packages/airflow/example_dags/example_dynamic_task_mapping.py took 0.050 seconds
[2025-12-12T07:51:30.966-0500] {processor.py:161} INFO - Started process (PID=59620) to work on /Users/evankrupa/airflow_project/env/lib/python3.11/site-packages/airflow/example_dags/example_dynamic_task_mapping.py
[2025-12-12T07:51:30.967-0500] {processor.py:830} INFO - Processing file /Users/evankrupa/airflow_project/env/lib/python3.11/site-packages/airflow/example_dags/example_dynamic_task_mapping.py for tasks to queue
[2025-12-12T07:51:30.967-0500] {logging_mixin.py:188} INFO - [2025-12-12T07:51:30.967-0500] {dagbag.py:545} INFO - Filling up the DagBag from /Users/evankrupa/airflow_project/env/lib/python3.11/site-packages/airflow/example_dags/example_dynamic_task_mapping.py
[2025-12-12T07:51:30.979-0500] {processor.py:840} INFO - DAG(s) 'example_dynamic_task_mapping' retrieved from /Users/evankrupa/airflow_project/env/lib/python3.11/site-packages/airflow/example_dags/example_dynamic_task_mapping.py
[2025-12-12T07:51:31.005-0500] {logging_mixin.py:188} INFO - [2025-12-12T07:51:31.005-0500] {dag.py:3096} INFO - Sync 1 DAGs
[2025-12-12T07:51:31.010-0500] {logging_mixin.py:188} INFO - [2025-12-12T07:51:31.010-0500] {dag.py:3954} INFO - Setting next_dagrun for example_dynamic_task_mapping to 2022-03-04 00:00:00+00:00, run_after=2022-03-05 00:00:00+00:00
[2025-12-12T07:51:31.015-0500] {processor.py:183} INFO - Processing /Users/evankrupa/airflow_project/env/lib/python3.11/site-packages/airflow/example_dags/example_dynamic_task_mapping.py took 0.050 seconds
[2025-12-12T07:52:54.801-0500] {processor.py:161} INFO - Started process (PID=59698) to work on /Users/evankrupa/airflow_project/env/lib/python3.11/site-packages/airflow/example_dags/example_dynamic_task_mapping.py
[2025-12-12T07:52:54.802-0500] {processor.py:830} INFO - Processing file /Users/evankrupa/airflow_project/env/lib/python3.11/site-packages/airflow/example_dags/example_dynamic_task_mapping.py for tasks to queue
[2025-12-12T07:52:54.802-0500] {logging_mixin.py:188} INFO - [2025-12-12T07:52:54.802-0500] {dagbag.py:545} INFO - Filling up the DagBag from /Users/evankrupa/airflow_project/env/lib/python3.11/site-packages/airflow/example_dags/example_dynamic_task_mapping.py
[2025-12-12T07:52:54.814-0500] {processor.py:840} INFO - DAG(s) 'example_dynamic_task_mapping' retrieved from /Users/evankrupa/airflow_project/env/lib/python3.11/site-packages/airflow/example_dags/example_dynamic_task_mapping.py
[2025-12-12T07:52:54.841-0500] {logging_mixin.py:188} INFO - [2025-12-12T07:52:54.841-0500] {dag.py:3096} INFO - Sync 1 DAGs
[2025-12-12T07:52:54.845-0500] {logging_mixin.py:188} INFO - [2025-12-12T07:52:54.845-0500] {dag.py:3954} INFO - Setting next_dagrun for example_dynamic_task_mapping to 2022-03-04 00:00:00+00:00, run_after=2022-03-05 00:00:00+00:00
[2025-12-12T07:52:54.851-0500] {processor.py:183} INFO - Processing /Users/evankrupa/airflow_project/env/lib/python3.11/site-packages/airflow/example_dags/example_dynamic_task_mapping.py took 0.051 seconds
[2025-12-12T07:54:16.110-0500] {processor.py:161} INFO - Started process (PID=59774) to work on /Users/evankrupa/airflow_project/env/lib/python3.11/site-packages/airflow/example_dags/example_dynamic_task_mapping.py
[2025-12-12T07:54:16.110-0500] {processor.py:830} INFO - Processing file /Users/evankrupa/airflow_project/env/lib/python3.11/site-packages/airflow/example_dags/example_dynamic_task_mapping.py for tasks to queue
[2025-12-12T07:54:16.110-0500] {logging_mixin.py:188} INFO - [2025-12-12T07:54:16.110-0500] {dagbag.py:545} INFO - Filling up the DagBag from /Users/evankrupa/airflow_project/env/lib/python3.11/site-packages/airflow/example_dags/example_dynamic_task_mapping.py
[2025-12-12T07:54:16.122-0500] {processor.py:840} INFO - DAG(s) 'example_dynamic_task_mapping' retrieved from /Users/evankrupa/airflow_project/env/lib/python3.11/site-packages/airflow/example_dags/example_dynamic_task_mapping.py
[2025-12-12T07:54:16.148-0500] {logging_mixin.py:188} INFO - [2025-12-12T07:54:16.148-0500] {dag.py:3096} INFO - Sync 1 DAGs
[2025-12-12T07:54:16.154-0500] {logging_mixin.py:188} INFO - [2025-12-12T07:54:16.154-0500] {dag.py:3954} INFO - Setting next_dagrun for example_dynamic_task_mapping to 2022-03-04 00:00:00+00:00, run_after=2022-03-05 00:00:00+00:00
[2025-12-12T07:54:16.159-0500] {processor.py:183} INFO - Processing /Users/evankrupa/airflow_project/env/lib/python3.11/site-packages/airflow/example_dags/example_dynamic_task_mapping.py took 0.050 seconds
[2025-12-12T07:55:42.510-0500] {processor.py:161} INFO - Started process (PID=59861) to work on /Users/evankrupa/airflow_project/env/lib/python3.11/site-packages/airflow/example_dags/example_dynamic_task_mapping.py
[2025-12-12T07:55:42.511-0500] {processor.py:830} INFO - Processing file /Users/evankrupa/airflow_project/env/lib/python3.11/site-packages/airflow/example_dags/example_dynamic_task_mapping.py for tasks to queue
[2025-12-12T07:55:42.511-0500] {logging_mixin.py:188} INFO - [2025-12-12T07:55:42.511-0500] {dagbag.py:545} INFO - Filling up the DagBag from /Users/evankrupa/airflow_project/env/lib/python3.11/site-packages/airflow/example_dags/example_dynamic_task_mapping.py
[2025-12-12T07:55:42.523-0500] {processor.py:840} INFO - DAG(s) 'example_dynamic_task_mapping' retrieved from /Users/evankrupa/airflow_project/env/lib/python3.11/site-packages/airflow/example_dags/example_dynamic_task_mapping.py
[2025-12-12T07:55:42.550-0500] {logging_mixin.py:188} INFO - [2025-12-12T07:55:42.550-0500] {dag.py:3096} INFO - Sync 1 DAGs
[2025-12-12T07:55:42.555-0500] {logging_mixin.py:188} INFO - [2025-12-12T07:55:42.555-0500] {dag.py:3954} INFO - Setting next_dagrun for example_dynamic_task_mapping to 2022-03-04 00:00:00+00:00, run_after=2022-03-05 00:00:00+00:00
[2025-12-12T07:55:42.560-0500] {processor.py:183} INFO - Processing /Users/evankrupa/airflow_project/env/lib/python3.11/site-packages/airflow/example_dags/example_dynamic_task_mapping.py took 0.051 seconds
[2025-12-12T07:57:07.092-0500] {processor.py:161} INFO - Started process (PID=59928) to work on /Users/evankrupa/airflow_project/env/lib/python3.11/site-packages/airflow/example_dags/example_dynamic_task_mapping.py
[2025-12-12T07:57:07.093-0500] {processor.py:830} INFO - Processing file /Users/evankrupa/airflow_project/env/lib/python3.11/site-packages/airflow/example_dags/example_dynamic_task_mapping.py for tasks to queue
[2025-12-12T07:57:07.093-0500] {logging_mixin.py:188} INFO - [2025-12-12T07:57:07.093-0500] {dagbag.py:545} INFO - Filling up the DagBag from /Users/evankrupa/airflow_project/env/lib/python3.11/site-packages/airflow/example_dags/example_dynamic_task_mapping.py
[2025-12-12T07:57:07.105-0500] {processor.py:840} INFO - DAG(s) 'example_dynamic_task_mapping' retrieved from /Users/evankrupa/airflow_project/env/lib/python3.11/site-packages/airflow/example_dags/example_dynamic_task_mapping.py
[2025-12-12T07:57:07.132-0500] {logging_mixin.py:188} INFO - [2025-12-12T07:57:07.132-0500] {dag.py:3096} INFO - Sync 1 DAGs
[2025-12-12T07:57:07.136-0500] {logging_mixin.py:188} INFO - [2025-12-12T07:57:07.136-0500] {dag.py:3954} INFO - Setting next_dagrun for example_dynamic_task_mapping to 2022-03-04 00:00:00+00:00, run_after=2022-03-05 00:00:00+00:00
[2025-12-12T07:57:07.141-0500] {processor.py:183} INFO - Processing /Users/evankrupa/airflow_project/env/lib/python3.11/site-packages/airflow/example_dags/example_dynamic_task_mapping.py took 0.051 seconds
[2025-12-12T07:58:30.830-0500] {processor.py:161} INFO - Started process (PID=61190) to work on /Users/evankrupa/airflow_project/env/lib/python3.11/site-packages/airflow/example_dags/example_dynamic_task_mapping.py
[2025-12-12T07:58:30.831-0500] {processor.py:830} INFO - Processing file /Users/evankrupa/airflow_project/env/lib/python3.11/site-packages/airflow/example_dags/example_dynamic_task_mapping.py for tasks to queue
[2025-12-12T07:58:30.831-0500] {logging_mixin.py:188} INFO - [2025-12-12T07:58:30.831-0500] {dagbag.py:545} INFO - Filling up the DagBag from /Users/evankrupa/airflow_project/env/lib/python3.11/site-packages/airflow/example_dags/example_dynamic_task_mapping.py
[2025-12-12T07:58:30.843-0500] {processor.py:840} INFO - DAG(s) 'example_dynamic_task_mapping' retrieved from /Users/evankrupa/airflow_project/env/lib/python3.11/site-packages/airflow/example_dags/example_dynamic_task_mapping.py
[2025-12-12T07:58:30.871-0500] {logging_mixin.py:188} INFO - [2025-12-12T07:58:30.871-0500] {dag.py:3096} INFO - Sync 1 DAGs
[2025-12-12T07:58:30.875-0500] {logging_mixin.py:188} INFO - [2025-12-12T07:58:30.875-0500] {dag.py:3954} INFO - Setting next_dagrun for example_dynamic_task_mapping to 2022-03-04 00:00:00+00:00, run_after=2022-03-05 00:00:00+00:00
[2025-12-12T07:58:30.880-0500] {processor.py:183} INFO - Processing /Users/evankrupa/airflow_project/env/lib/python3.11/site-packages/airflow/example_dags/example_dynamic_task_mapping.py took 0.052 seconds
[2025-12-12T07:59:58.169-0500] {processor.py:161} INFO - Started process (PID=62737) to work on /Users/evankrupa/airflow_project/env/lib/python3.11/site-packages/airflow/example_dags/example_dynamic_task_mapping.py
[2025-12-12T07:59:58.171-0500] {processor.py:830} INFO - Processing file /Users/evankrupa/airflow_project/env/lib/python3.11/site-packages/airflow/example_dags/example_dynamic_task_mapping.py for tasks to queue
[2025-12-12T07:59:58.171-0500] {logging_mixin.py:188} INFO - [2025-12-12T07:59:58.171-0500] {dagbag.py:545} INFO - Filling up the DagBag from /Users/evankrupa/airflow_project/env/lib/python3.11/site-packages/airflow/example_dags/example_dynamic_task_mapping.py
[2025-12-12T07:59:58.183-0500] {processor.py:840} INFO - DAG(s) 'example_dynamic_task_mapping' retrieved from /Users/evankrupa/airflow_project/env/lib/python3.11/site-packages/airflow/example_dags/example_dynamic_task_mapping.py
[2025-12-12T07:59:58.210-0500] {logging_mixin.py:188} INFO - [2025-12-12T07:59:58.210-0500] {dag.py:3096} INFO - Sync 1 DAGs
[2025-12-12T07:59:58.215-0500] {logging_mixin.py:188} INFO - [2025-12-12T07:59:58.215-0500] {dag.py:3954} INFO - Setting next_dagrun for example_dynamic_task_mapping to 2022-03-04 00:00:00+00:00, run_after=2022-03-05 00:00:00+00:00
[2025-12-12T07:59:58.220-0500] {processor.py:183} INFO - Processing /Users/evankrupa/airflow_project/env/lib/python3.11/site-packages/airflow/example_dags/example_dynamic_task_mapping.py took 0.051 seconds
[2025-12-12T08:01:18.022-0500] {processor.py:161} INFO - Started process (PID=62805) to work on /Users/evankrupa/airflow_project/env/lib/python3.11/site-packages/airflow/example_dags/example_dynamic_task_mapping.py
[2025-12-12T08:01:18.023-0500] {processor.py:830} INFO - Processing file /Users/evankrupa/airflow_project/env/lib/python3.11/site-packages/airflow/example_dags/example_dynamic_task_mapping.py for tasks to queue
[2025-12-12T08:01:18.023-0500] {logging_mixin.py:188} INFO - [2025-12-12T08:01:18.023-0500] {dagbag.py:545} INFO - Filling up the DagBag from /Users/evankrupa/airflow_project/env/lib/python3.11/site-packages/airflow/example_dags/example_dynamic_task_mapping.py
[2025-12-12T08:01:18.035-0500] {processor.py:840} INFO - DAG(s) 'example_dynamic_task_mapping' retrieved from /Users/evankrupa/airflow_project/env/lib/python3.11/site-packages/airflow/example_dags/example_dynamic_task_mapping.py
[2025-12-12T08:01:18.062-0500] {logging_mixin.py:188} INFO - [2025-12-12T08:01:18.062-0500] {dag.py:3096} INFO - Sync 1 DAGs
[2025-12-12T08:01:18.067-0500] {logging_mixin.py:188} INFO - [2025-12-12T08:01:18.067-0500] {dag.py:3954} INFO - Setting next_dagrun for example_dynamic_task_mapping to 2022-03-04 00:00:00+00:00, run_after=2022-03-05 00:00:00+00:00
[2025-12-12T08:01:18.072-0500] {processor.py:183} INFO - Processing /Users/evankrupa/airflow_project/env/lib/python3.11/site-packages/airflow/example_dags/example_dynamic_task_mapping.py took 0.051 seconds
[2025-12-12T08:02:44.481-0500] {processor.py:161} INFO - Started process (PID=62872) to work on /Users/evankrupa/airflow_project/env/lib/python3.11/site-packages/airflow/example_dags/example_dynamic_task_mapping.py
[2025-12-12T08:02:44.482-0500] {processor.py:830} INFO - Processing file /Users/evankrupa/airflow_project/env/lib/python3.11/site-packages/airflow/example_dags/example_dynamic_task_mapping.py for tasks to queue
[2025-12-12T08:02:44.482-0500] {logging_mixin.py:188} INFO - [2025-12-12T08:02:44.482-0500] {dagbag.py:545} INFO - Filling up the DagBag from /Users/evankrupa/airflow_project/env/lib/python3.11/site-packages/airflow/example_dags/example_dynamic_task_mapping.py
[2025-12-12T08:02:44.494-0500] {processor.py:840} INFO - DAG(s) 'example_dynamic_task_mapping' retrieved from /Users/evankrupa/airflow_project/env/lib/python3.11/site-packages/airflow/example_dags/example_dynamic_task_mapping.py
[2025-12-12T08:02:44.521-0500] {logging_mixin.py:188} INFO - [2025-12-12T08:02:44.521-0500] {dag.py:3096} INFO - Sync 1 DAGs
[2025-12-12T08:02:44.525-0500] {logging_mixin.py:188} INFO - [2025-12-12T08:02:44.525-0500] {dag.py:3954} INFO - Setting next_dagrun for example_dynamic_task_mapping to 2022-03-04 00:00:00+00:00, run_after=2022-03-05 00:00:00+00:00
[2025-12-12T08:02:44.530-0500] {processor.py:183} INFO - Processing /Users/evankrupa/airflow_project/env/lib/python3.11/site-packages/airflow/example_dags/example_dynamic_task_mapping.py took 0.050 seconds
[2025-12-12T08:04:09.718-0500] {processor.py:161} INFO - Started process (PID=62961) to work on /Users/evankrupa/airflow_project/env/lib/python3.11/site-packages/airflow/example_dags/example_dynamic_task_mapping.py
[2025-12-12T08:04:09.719-0500] {processor.py:830} INFO - Processing file /Users/evankrupa/airflow_project/env/lib/python3.11/site-packages/airflow/example_dags/example_dynamic_task_mapping.py for tasks to queue
[2025-12-12T08:04:09.719-0500] {logging_mixin.py:188} INFO - [2025-12-12T08:04:09.719-0500] {dagbag.py:545} INFO - Filling up the DagBag from /Users/evankrupa/airflow_project/env/lib/python3.11/site-packages/airflow/example_dags/example_dynamic_task_mapping.py
[2025-12-12T08:04:09.731-0500] {processor.py:840} INFO - DAG(s) 'example_dynamic_task_mapping' retrieved from /Users/evankrupa/airflow_project/env/lib/python3.11/site-packages/airflow/example_dags/example_dynamic_task_mapping.py
[2025-12-12T08:04:09.758-0500] {logging_mixin.py:188} INFO - [2025-12-12T08:04:09.758-0500] {dag.py:3096} INFO - Sync 1 DAGs
[2025-12-12T08:04:09.762-0500] {logging_mixin.py:188} INFO - [2025-12-12T08:04:09.762-0500] {dag.py:3954} INFO - Setting next_dagrun for example_dynamic_task_mapping to 2022-03-04 00:00:00+00:00, run_after=2022-03-05 00:00:00+00:00
[2025-12-12T08:04:09.767-0500] {processor.py:183} INFO - Processing /Users/evankrupa/airflow_project/env/lib/python3.11/site-packages/airflow/example_dags/example_dynamic_task_mapping.py took 0.050 seconds
[2025-12-12T08:05:32.770-0500] {processor.py:161} INFO - Started process (PID=63093) to work on /Users/evankrupa/airflow_project/env/lib/python3.11/site-packages/airflow/example_dags/example_dynamic_task_mapping.py
[2025-12-12T08:05:32.771-0500] {processor.py:830} INFO - Processing file /Users/evankrupa/airflow_project/env/lib/python3.11/site-packages/airflow/example_dags/example_dynamic_task_mapping.py for tasks to queue
[2025-12-12T08:05:32.771-0500] {logging_mixin.py:188} INFO - [2025-12-12T08:05:32.771-0500] {dagbag.py:545} INFO - Filling up the DagBag from /Users/evankrupa/airflow_project/env/lib/python3.11/site-packages/airflow/example_dags/example_dynamic_task_mapping.py
[2025-12-12T08:05:32.783-0500] {processor.py:840} INFO - DAG(s) 'example_dynamic_task_mapping' retrieved from /Users/evankrupa/airflow_project/env/lib/python3.11/site-packages/airflow/example_dags/example_dynamic_task_mapping.py
[2025-12-12T08:05:32.810-0500] {logging_mixin.py:188} INFO - [2025-12-12T08:05:32.810-0500] {dag.py:3096} INFO - Sync 1 DAGs
[2025-12-12T08:05:32.815-0500] {logging_mixin.py:188} INFO - [2025-12-12T08:05:32.815-0500] {dag.py:3954} INFO - Setting next_dagrun for example_dynamic_task_mapping to 2022-03-04 00:00:00+00:00, run_after=2022-03-05 00:00:00+00:00
[2025-12-12T08:05:32.820-0500] {processor.py:183} INFO - Processing /Users/evankrupa/airflow_project/env/lib/python3.11/site-packages/airflow/example_dags/example_dynamic_task_mapping.py took 0.051 seconds
[2025-12-12T08:06:59.807-0500] {processor.py:161} INFO - Started process (PID=63588) to work on /Users/evankrupa/airflow_project/env/lib/python3.11/site-packages/airflow/example_dags/example_dynamic_task_mapping.py
[2025-12-12T08:06:59.809-0500] {processor.py:830} INFO - Processing file /Users/evankrupa/airflow_project/env/lib/python3.11/site-packages/airflow/example_dags/example_dynamic_task_mapping.py for tasks to queue
[2025-12-12T08:06:59.810-0500] {logging_mixin.py:188} INFO - [2025-12-12T08:06:59.810-0500] {dagbag.py:545} INFO - Filling up the DagBag from /Users/evankrupa/airflow_project/env/lib/python3.11/site-packages/airflow/example_dags/example_dynamic_task_mapping.py
[2025-12-12T08:06:59.824-0500] {processor.py:840} INFO - DAG(s) 'example_dynamic_task_mapping' retrieved from /Users/evankrupa/airflow_project/env/lib/python3.11/site-packages/airflow/example_dags/example_dynamic_task_mapping.py
[2025-12-12T08:06:59.855-0500] {logging_mixin.py:188} INFO - [2025-12-12T08:06:59.855-0500] {dag.py:3096} INFO - Sync 1 DAGs
[2025-12-12T08:06:59.860-0500] {logging_mixin.py:188} INFO - [2025-12-12T08:06:59.860-0500] {dag.py:3954} INFO - Setting next_dagrun for example_dynamic_task_mapping to 2022-03-04 00:00:00+00:00, run_after=2022-03-05 00:00:00+00:00
[2025-12-12T08:06:59.866-0500] {processor.py:183} INFO - Processing /Users/evankrupa/airflow_project/env/lib/python3.11/site-packages/airflow/example_dags/example_dynamic_task_mapping.py took 0.060 seconds
[2025-12-12T08:08:28.875-0500] {processor.py:161} INFO - Started process (PID=63692) to work on /Users/evankrupa/airflow_project/env/lib/python3.11/site-packages/airflow/example_dags/example_dynamic_task_mapping.py
[2025-12-12T08:08:28.875-0500] {processor.py:830} INFO - Processing file /Users/evankrupa/airflow_project/env/lib/python3.11/site-packages/airflow/example_dags/example_dynamic_task_mapping.py for tasks to queue
[2025-12-12T08:08:28.875-0500] {logging_mixin.py:188} INFO - [2025-12-12T08:08:28.875-0500] {dagbag.py:545} INFO - Filling up the DagBag from /Users/evankrupa/airflow_project/env/lib/python3.11/site-packages/airflow/example_dags/example_dynamic_task_mapping.py
[2025-12-12T08:08:28.887-0500] {processor.py:840} INFO - DAG(s) 'example_dynamic_task_mapping' retrieved from /Users/evankrupa/airflow_project/env/lib/python3.11/site-packages/airflow/example_dags/example_dynamic_task_mapping.py
[2025-12-12T08:08:28.915-0500] {logging_mixin.py:188} INFO - [2025-12-12T08:08:28.915-0500] {dag.py:3096} INFO - Sync 1 DAGs
[2025-12-12T08:08:28.920-0500] {logging_mixin.py:188} INFO - [2025-12-12T08:08:28.920-0500] {dag.py:3954} INFO - Setting next_dagrun for example_dynamic_task_mapping to 2022-03-04 00:00:00+00:00, run_after=2022-03-05 00:00:00+00:00
[2025-12-12T08:08:28.925-0500] {processor.py:183} INFO - Processing /Users/evankrupa/airflow_project/env/lib/python3.11/site-packages/airflow/example_dags/example_dynamic_task_mapping.py took 0.051 seconds
[2025-12-12T08:09:53.537-0500] {processor.py:161} INFO - Started process (PID=63761) to work on /Users/evankrupa/airflow_project/env/lib/python3.11/site-packages/airflow/example_dags/example_dynamic_task_mapping.py
[2025-12-12T08:09:53.539-0500] {processor.py:830} INFO - Processing file /Users/evankrupa/airflow_project/env/lib/python3.11/site-packages/airflow/example_dags/example_dynamic_task_mapping.py for tasks to queue
[2025-12-12T08:09:53.539-0500] {logging_mixin.py:188} INFO - [2025-12-12T08:09:53.539-0500] {dagbag.py:545} INFO - Filling up the DagBag from /Users/evankrupa/airflow_project/env/lib/python3.11/site-packages/airflow/example_dags/example_dynamic_task_mapping.py
[2025-12-12T08:09:53.551-0500] {processor.py:840} INFO - DAG(s) 'example_dynamic_task_mapping' retrieved from /Users/evankrupa/airflow_project/env/lib/python3.11/site-packages/airflow/example_dags/example_dynamic_task_mapping.py
[2025-12-12T08:09:53.578-0500] {logging_mixin.py:188} INFO - [2025-12-12T08:09:53.578-0500] {dag.py:3096} INFO - Sync 1 DAGs
[2025-12-12T08:09:53.583-0500] {logging_mixin.py:188} INFO - [2025-12-12T08:09:53.583-0500] {dag.py:3954} INFO - Setting next_dagrun for example_dynamic_task_mapping to 2022-03-04 00:00:00+00:00, run_after=2022-03-05 00:00:00+00:00
[2025-12-12T08:09:53.588-0500] {processor.py:183} INFO - Processing /Users/evankrupa/airflow_project/env/lib/python3.11/site-packages/airflow/example_dags/example_dynamic_task_mapping.py took 0.051 seconds
[2025-12-12T08:11:21.567-0500] {processor.py:161} INFO - Started process (PID=63830) to work on /Users/evankrupa/airflow_project/env/lib/python3.11/site-packages/airflow/example_dags/example_dynamic_task_mapping.py
[2025-12-12T08:11:21.568-0500] {processor.py:830} INFO - Processing file /Users/evankrupa/airflow_project/env/lib/python3.11/site-packages/airflow/example_dags/example_dynamic_task_mapping.py for tasks to queue
[2025-12-12T08:11:21.568-0500] {logging_mixin.py:188} INFO - [2025-12-12T08:11:21.568-0500] {dagbag.py:545} INFO - Filling up the DagBag from /Users/evankrupa/airflow_project/env/lib/python3.11/site-packages/airflow/example_dags/example_dynamic_task_mapping.py
[2025-12-12T08:11:21.580-0500] {processor.py:840} INFO - DAG(s) 'example_dynamic_task_mapping' retrieved from /Users/evankrupa/airflow_project/env/lib/python3.11/site-packages/airflow/example_dags/example_dynamic_task_mapping.py
[2025-12-12T08:11:21.607-0500] {logging_mixin.py:188} INFO - [2025-12-12T08:11:21.607-0500] {dag.py:3096} INFO - Sync 1 DAGs
[2025-12-12T08:11:21.612-0500] {logging_mixin.py:188} INFO - [2025-12-12T08:11:21.612-0500] {dag.py:3954} INFO - Setting next_dagrun for example_dynamic_task_mapping to 2022-03-04 00:00:00+00:00, run_after=2022-03-05 00:00:00+00:00
[2025-12-12T08:11:21.618-0500] {processor.py:183} INFO - Processing /Users/evankrupa/airflow_project/env/lib/python3.11/site-packages/airflow/example_dags/example_dynamic_task_mapping.py took 0.052 seconds
[2025-12-12T08:12:47.759-0500] {processor.py:161} INFO - Started process (PID=63896) to work on /Users/evankrupa/airflow_project/env/lib/python3.11/site-packages/airflow/example_dags/example_dynamic_task_mapping.py
[2025-12-12T08:12:47.761-0500] {processor.py:830} INFO - Processing file /Users/evankrupa/airflow_project/env/lib/python3.11/site-packages/airflow/example_dags/example_dynamic_task_mapping.py for tasks to queue
[2025-12-12T08:12:47.761-0500] {logging_mixin.py:188} INFO - [2025-12-12T08:12:47.761-0500] {dagbag.py:545} INFO - Filling up the DagBag from /Users/evankrupa/airflow_project/env/lib/python3.11/site-packages/airflow/example_dags/example_dynamic_task_mapping.py
[2025-12-12T08:12:47.773-0500] {processor.py:840} INFO - DAG(s) 'example_dynamic_task_mapping' retrieved from /Users/evankrupa/airflow_project/env/lib/python3.11/site-packages/airflow/example_dags/example_dynamic_task_mapping.py
[2025-12-12T08:12:47.800-0500] {logging_mixin.py:188} INFO - [2025-12-12T08:12:47.800-0500] {dag.py:3096} INFO - Sync 1 DAGs
[2025-12-12T08:12:47.805-0500] {logging_mixin.py:188} INFO - [2025-12-12T08:12:47.805-0500] {dag.py:3954} INFO - Setting next_dagrun for example_dynamic_task_mapping to 2022-03-04 00:00:00+00:00, run_after=2022-03-05 00:00:00+00:00
[2025-12-12T08:12:47.810-0500] {processor.py:183} INFO - Processing /Users/evankrupa/airflow_project/env/lib/python3.11/site-packages/airflow/example_dags/example_dynamic_task_mapping.py took 0.052 seconds
[2025-12-12T08:14:09.367-0500] {processor.py:161} INFO - Started process (PID=63962) to work on /Users/evankrupa/airflow_project/env/lib/python3.11/site-packages/airflow/example_dags/example_dynamic_task_mapping.py
[2025-12-12T08:14:09.367-0500] {processor.py:830} INFO - Processing file /Users/evankrupa/airflow_project/env/lib/python3.11/site-packages/airflow/example_dags/example_dynamic_task_mapping.py for tasks to queue
[2025-12-12T08:14:09.368-0500] {logging_mixin.py:188} INFO - [2025-12-12T08:14:09.367-0500] {dagbag.py:545} INFO - Filling up the DagBag from /Users/evankrupa/airflow_project/env/lib/python3.11/site-packages/airflow/example_dags/example_dynamic_task_mapping.py
[2025-12-12T08:14:09.380-0500] {processor.py:840} INFO - DAG(s) 'example_dynamic_task_mapping' retrieved from /Users/evankrupa/airflow_project/env/lib/python3.11/site-packages/airflow/example_dags/example_dynamic_task_mapping.py
[2025-12-12T08:14:09.409-0500] {logging_mixin.py:188} INFO - [2025-12-12T08:14:09.409-0500] {dag.py:3096} INFO - Sync 1 DAGs
[2025-12-12T08:14:09.415-0500] {logging_mixin.py:188} INFO - [2025-12-12T08:14:09.415-0500] {dag.py:3954} INFO - Setting next_dagrun for example_dynamic_task_mapping to 2022-03-04 00:00:00+00:00, run_after=2022-03-05 00:00:00+00:00
[2025-12-12T08:14:09.420-0500] {processor.py:183} INFO - Processing /Users/evankrupa/airflow_project/env/lib/python3.11/site-packages/airflow/example_dags/example_dynamic_task_mapping.py took 0.054 seconds
[2025-12-12T08:15:31.745-0500] {processor.py:161} INFO - Started process (PID=64037) to work on /Users/evankrupa/airflow_project/env/lib/python3.11/site-packages/airflow/example_dags/example_dynamic_task_mapping.py
[2025-12-12T08:15:31.747-0500] {processor.py:830} INFO - Processing file /Users/evankrupa/airflow_project/env/lib/python3.11/site-packages/airflow/example_dags/example_dynamic_task_mapping.py for tasks to queue
[2025-12-12T08:15:31.747-0500] {logging_mixin.py:188} INFO - [2025-12-12T08:15:31.747-0500] {dagbag.py:545} INFO - Filling up the DagBag from /Users/evankrupa/airflow_project/env/lib/python3.11/site-packages/airflow/example_dags/example_dynamic_task_mapping.py
[2025-12-12T08:15:31.759-0500] {processor.py:840} INFO - DAG(s) 'example_dynamic_task_mapping' retrieved from /Users/evankrupa/airflow_project/env/lib/python3.11/site-packages/airflow/example_dags/example_dynamic_task_mapping.py
[2025-12-12T08:15:31.787-0500] {logging_mixin.py:188} INFO - [2025-12-12T08:15:31.787-0500] {dag.py:3096} INFO - Sync 1 DAGs
[2025-12-12T08:15:31.792-0500] {logging_mixin.py:188} INFO - [2025-12-12T08:15:31.792-0500] {dag.py:3954} INFO - Setting next_dagrun for example_dynamic_task_mapping to 2022-03-04 00:00:00+00:00, run_after=2022-03-05 00:00:00+00:00
[2025-12-12T08:15:31.797-0500] {processor.py:183} INFO - Processing /Users/evankrupa/airflow_project/env/lib/python3.11/site-packages/airflow/example_dags/example_dynamic_task_mapping.py took 0.053 seconds
[2025-12-12T08:16:56.168-0500] {processor.py:161} INFO - Started process (PID=64105) to work on /Users/evankrupa/airflow_project/env/lib/python3.11/site-packages/airflow/example_dags/example_dynamic_task_mapping.py
[2025-12-12T08:16:56.169-0500] {processor.py:830} INFO - Processing file /Users/evankrupa/airflow_project/env/lib/python3.11/site-packages/airflow/example_dags/example_dynamic_task_mapping.py for tasks to queue
[2025-12-12T08:16:56.169-0500] {logging_mixin.py:188} INFO - [2025-12-12T08:16:56.169-0500] {dagbag.py:545} INFO - Filling up the DagBag from /Users/evankrupa/airflow_project/env/lib/python3.11/site-packages/airflow/example_dags/example_dynamic_task_mapping.py
[2025-12-12T08:16:56.181-0500] {processor.py:840} INFO - DAG(s) 'example_dynamic_task_mapping' retrieved from /Users/evankrupa/airflow_project/env/lib/python3.11/site-packages/airflow/example_dags/example_dynamic_task_mapping.py
[2025-12-12T08:16:56.209-0500] {logging_mixin.py:188} INFO - [2025-12-12T08:16:56.209-0500] {dag.py:3096} INFO - Sync 1 DAGs
[2025-12-12T08:16:56.213-0500] {logging_mixin.py:188} INFO - [2025-12-12T08:16:56.213-0500] {dag.py:3954} INFO - Setting next_dagrun for example_dynamic_task_mapping to 2022-03-04 00:00:00+00:00, run_after=2022-03-05 00:00:00+00:00
[2025-12-12T08:16:56.218-0500] {processor.py:183} INFO - Processing /Users/evankrupa/airflow_project/env/lib/python3.11/site-packages/airflow/example_dags/example_dynamic_task_mapping.py took 0.052 seconds
[2025-12-12T08:18:21.651-0500] {processor.py:161} INFO - Started process (PID=64173) to work on /Users/evankrupa/airflow_project/env/lib/python3.11/site-packages/airflow/example_dags/example_dynamic_task_mapping.py
[2025-12-12T08:18:21.652-0500] {processor.py:830} INFO - Processing file /Users/evankrupa/airflow_project/env/lib/python3.11/site-packages/airflow/example_dags/example_dynamic_task_mapping.py for tasks to queue
[2025-12-12T08:18:21.653-0500] {logging_mixin.py:188} INFO - [2025-12-12T08:18:21.653-0500] {dagbag.py:545} INFO - Filling up the DagBag from /Users/evankrupa/airflow_project/env/lib/python3.11/site-packages/airflow/example_dags/example_dynamic_task_mapping.py
[2025-12-12T08:18:21.664-0500] {processor.py:840} INFO - DAG(s) 'example_dynamic_task_mapping' retrieved from /Users/evankrupa/airflow_project/env/lib/python3.11/site-packages/airflow/example_dags/example_dynamic_task_mapping.py
[2025-12-12T08:18:21.691-0500] {logging_mixin.py:188} INFO - [2025-12-12T08:18:21.691-0500] {dag.py:3096} INFO - Sync 1 DAGs
[2025-12-12T08:18:21.696-0500] {logging_mixin.py:188} INFO - [2025-12-12T08:18:21.696-0500] {dag.py:3954} INFO - Setting next_dagrun for example_dynamic_task_mapping to 2022-03-04 00:00:00+00:00, run_after=2022-03-05 00:00:00+00:00
[2025-12-12T08:18:21.701-0500] {processor.py:183} INFO - Processing /Users/evankrupa/airflow_project/env/lib/python3.11/site-packages/airflow/example_dags/example_dynamic_task_mapping.py took 0.051 seconds
[2025-12-12T08:19:44.223-0500] {processor.py:161} INFO - Started process (PID=64239) to work on /Users/evankrupa/airflow_project/env/lib/python3.11/site-packages/airflow/example_dags/example_dynamic_task_mapping.py
[2025-12-12T08:19:44.225-0500] {processor.py:830} INFO - Processing file /Users/evankrupa/airflow_project/env/lib/python3.11/site-packages/airflow/example_dags/example_dynamic_task_mapping.py for tasks to queue
[2025-12-12T08:19:44.225-0500] {logging_mixin.py:188} INFO - [2025-12-12T08:19:44.225-0500] {dagbag.py:545} INFO - Filling up the DagBag from /Users/evankrupa/airflow_project/env/lib/python3.11/site-packages/airflow/example_dags/example_dynamic_task_mapping.py
[2025-12-12T08:19:44.237-0500] {processor.py:840} INFO - DAG(s) 'example_dynamic_task_mapping' retrieved from /Users/evankrupa/airflow_project/env/lib/python3.11/site-packages/airflow/example_dags/example_dynamic_task_mapping.py
[2025-12-12T08:19:44.264-0500] {logging_mixin.py:188} INFO - [2025-12-12T08:19:44.264-0500] {dag.py:3096} INFO - Sync 1 DAGs
[2025-12-12T08:19:44.270-0500] {logging_mixin.py:188} INFO - [2025-12-12T08:19:44.270-0500] {dag.py:3954} INFO - Setting next_dagrun for example_dynamic_task_mapping to 2022-03-04 00:00:00+00:00, run_after=2022-03-05 00:00:00+00:00
[2025-12-12T08:19:44.276-0500] {processor.py:183} INFO - Processing /Users/evankrupa/airflow_project/env/lib/python3.11/site-packages/airflow/example_dags/example_dynamic_task_mapping.py took 0.053 seconds
[2025-12-12T08:21:09.305-0500] {processor.py:161} INFO - Started process (PID=64307) to work on /Users/evankrupa/airflow_project/env/lib/python3.11/site-packages/airflow/example_dags/example_dynamic_task_mapping.py
[2025-12-12T08:21:09.306-0500] {processor.py:830} INFO - Processing file /Users/evankrupa/airflow_project/env/lib/python3.11/site-packages/airflow/example_dags/example_dynamic_task_mapping.py for tasks to queue
[2025-12-12T08:21:09.306-0500] {logging_mixin.py:188} INFO - [2025-12-12T08:21:09.306-0500] {dagbag.py:545} INFO - Filling up the DagBag from /Users/evankrupa/airflow_project/env/lib/python3.11/site-packages/airflow/example_dags/example_dynamic_task_mapping.py
[2025-12-12T08:21:09.318-0500] {processor.py:840} INFO - DAG(s) 'example_dynamic_task_mapping' retrieved from /Users/evankrupa/airflow_project/env/lib/python3.11/site-packages/airflow/example_dags/example_dynamic_task_mapping.py
[2025-12-12T08:21:09.345-0500] {logging_mixin.py:188} INFO - [2025-12-12T08:21:09.345-0500] {dag.py:3096} INFO - Sync 1 DAGs
[2025-12-12T08:21:09.350-0500] {logging_mixin.py:188} INFO - [2025-12-12T08:21:09.350-0500] {dag.py:3954} INFO - Setting next_dagrun for example_dynamic_task_mapping to 2022-03-04 00:00:00+00:00, run_after=2022-03-05 00:00:00+00:00
[2025-12-12T08:21:09.355-0500] {processor.py:183} INFO - Processing /Users/evankrupa/airflow_project/env/lib/python3.11/site-packages/airflow/example_dags/example_dynamic_task_mapping.py took 0.051 seconds
[2025-12-12T08:22:32.262-0500] {processor.py:161} INFO - Started process (PID=64374) to work on /Users/evankrupa/airflow_project/env/lib/python3.11/site-packages/airflow/example_dags/example_dynamic_task_mapping.py
[2025-12-12T08:22:32.263-0500] {processor.py:830} INFO - Processing file /Users/evankrupa/airflow_project/env/lib/python3.11/site-packages/airflow/example_dags/example_dynamic_task_mapping.py for tasks to queue
[2025-12-12T08:22:32.263-0500] {logging_mixin.py:188} INFO - [2025-12-12T08:22:32.263-0500] {dagbag.py:545} INFO - Filling up the DagBag from /Users/evankrupa/airflow_project/env/lib/python3.11/site-packages/airflow/example_dags/example_dynamic_task_mapping.py
[2025-12-12T08:22:32.277-0500] {processor.py:840} INFO - DAG(s) 'example_dynamic_task_mapping' retrieved from /Users/evankrupa/airflow_project/env/lib/python3.11/site-packages/airflow/example_dags/example_dynamic_task_mapping.py
[2025-12-12T08:22:32.306-0500] {logging_mixin.py:188} INFO - [2025-12-12T08:22:32.306-0500] {dag.py:3096} INFO - Sync 1 DAGs
[2025-12-12T08:22:32.310-0500] {logging_mixin.py:188} INFO - [2025-12-12T08:22:32.310-0500] {dag.py:3954} INFO - Setting next_dagrun for example_dynamic_task_mapping to 2022-03-04 00:00:00+00:00, run_after=2022-03-05 00:00:00+00:00
[2025-12-12T08:22:32.315-0500] {processor.py:183} INFO - Processing /Users/evankrupa/airflow_project/env/lib/python3.11/site-packages/airflow/example_dags/example_dynamic_task_mapping.py took 0.054 seconds
[2025-12-12T08:23:58.573-0500] {processor.py:161} INFO - Started process (PID=64449) to work on /Users/evankrupa/airflow_project/env/lib/python3.11/site-packages/airflow/example_dags/example_dynamic_task_mapping.py
[2025-12-12T08:23:58.574-0500] {processor.py:830} INFO - Processing file /Users/evankrupa/airflow_project/env/lib/python3.11/site-packages/airflow/example_dags/example_dynamic_task_mapping.py for tasks to queue
[2025-12-12T08:23:58.574-0500] {logging_mixin.py:188} INFO - [2025-12-12T08:23:58.574-0500] {dagbag.py:545} INFO - Filling up the DagBag from /Users/evankrupa/airflow_project/env/lib/python3.11/site-packages/airflow/example_dags/example_dynamic_task_mapping.py
[2025-12-12T08:23:58.585-0500] {processor.py:840} INFO - DAG(s) 'example_dynamic_task_mapping' retrieved from /Users/evankrupa/airflow_project/env/lib/python3.11/site-packages/airflow/example_dags/example_dynamic_task_mapping.py
[2025-12-12T08:23:58.613-0500] {logging_mixin.py:188} INFO - [2025-12-12T08:23:58.612-0500] {dag.py:3096} INFO - Sync 1 DAGs
[2025-12-12T08:23:58.617-0500] {logging_mixin.py:188} INFO - [2025-12-12T08:23:58.617-0500] {dag.py:3954} INFO - Setting next_dagrun for example_dynamic_task_mapping to 2022-03-04 00:00:00+00:00, run_after=2022-03-05 00:00:00+00:00
[2025-12-12T08:23:58.622-0500] {processor.py:183} INFO - Processing /Users/evankrupa/airflow_project/env/lib/python3.11/site-packages/airflow/example_dags/example_dynamic_task_mapping.py took 0.050 seconds
[2025-12-12T08:25:19.139-0500] {processor.py:161} INFO - Started process (PID=64515) to work on /Users/evankrupa/airflow_project/env/lib/python3.11/site-packages/airflow/example_dags/example_dynamic_task_mapping.py
[2025-12-12T08:25:19.140-0500] {processor.py:830} INFO - Processing file /Users/evankrupa/airflow_project/env/lib/python3.11/site-packages/airflow/example_dags/example_dynamic_task_mapping.py for tasks to queue
[2025-12-12T08:25:19.140-0500] {logging_mixin.py:188} INFO - [2025-12-12T08:25:19.140-0500] {dagbag.py:545} INFO - Filling up the DagBag from /Users/evankrupa/airflow_project/env/lib/python3.11/site-packages/airflow/example_dags/example_dynamic_task_mapping.py
[2025-12-12T08:25:19.153-0500] {processor.py:840} INFO - DAG(s) 'example_dynamic_task_mapping' retrieved from /Users/evankrupa/airflow_project/env/lib/python3.11/site-packages/airflow/example_dags/example_dynamic_task_mapping.py
[2025-12-12T08:25:19.180-0500] {logging_mixin.py:188} INFO - [2025-12-12T08:25:19.180-0500] {dag.py:3096} INFO - Sync 1 DAGs
[2025-12-12T08:25:19.185-0500] {logging_mixin.py:188} INFO - [2025-12-12T08:25:19.185-0500] {dag.py:3954} INFO - Setting next_dagrun for example_dynamic_task_mapping to 2022-03-04 00:00:00+00:00, run_after=2022-03-05 00:00:00+00:00
[2025-12-12T08:25:19.190-0500] {processor.py:183} INFO - Processing /Users/evankrupa/airflow_project/env/lib/python3.11/site-packages/airflow/example_dags/example_dynamic_task_mapping.py took 0.052 seconds
[2025-12-12T08:26:45.391-0500] {processor.py:161} INFO - Started process (PID=64590) to work on /Users/evankrupa/airflow_project/env/lib/python3.11/site-packages/airflow/example_dags/example_dynamic_task_mapping.py
[2025-12-12T08:26:45.392-0500] {processor.py:830} INFO - Processing file /Users/evankrupa/airflow_project/env/lib/python3.11/site-packages/airflow/example_dags/example_dynamic_task_mapping.py for tasks to queue
[2025-12-12T08:26:45.392-0500] {logging_mixin.py:188} INFO - [2025-12-12T08:26:45.392-0500] {dagbag.py:545} INFO - Filling up the DagBag from /Users/evankrupa/airflow_project/env/lib/python3.11/site-packages/airflow/example_dags/example_dynamic_task_mapping.py
[2025-12-12T08:26:45.404-0500] {processor.py:840} INFO - DAG(s) 'example_dynamic_task_mapping' retrieved from /Users/evankrupa/airflow_project/env/lib/python3.11/site-packages/airflow/example_dags/example_dynamic_task_mapping.py
[2025-12-12T08:26:45.432-0500] {logging_mixin.py:188} INFO - [2025-12-12T08:26:45.432-0500] {dag.py:3096} INFO - Sync 1 DAGs
[2025-12-12T08:26:45.436-0500] {logging_mixin.py:188} INFO - [2025-12-12T08:26:45.436-0500] {dag.py:3954} INFO - Setting next_dagrun for example_dynamic_task_mapping to 2022-03-04 00:00:00+00:00, run_after=2022-03-05 00:00:00+00:00
[2025-12-12T08:26:45.443-0500] {processor.py:183} INFO - Processing /Users/evankrupa/airflow_project/env/lib/python3.11/site-packages/airflow/example_dags/example_dynamic_task_mapping.py took 0.053 seconds
[2025-12-12T08:28:11.843-0500] {processor.py:161} INFO - Started process (PID=64688) to work on /Users/evankrupa/airflow_project/env/lib/python3.11/site-packages/airflow/example_dags/example_dynamic_task_mapping.py
[2025-12-12T08:28:11.843-0500] {processor.py:830} INFO - Processing file /Users/evankrupa/airflow_project/env/lib/python3.11/site-packages/airflow/example_dags/example_dynamic_task_mapping.py for tasks to queue
[2025-12-12T08:28:11.843-0500] {logging_mixin.py:188} INFO - [2025-12-12T08:28:11.843-0500] {dagbag.py:545} INFO - Filling up the DagBag from /Users/evankrupa/airflow_project/env/lib/python3.11/site-packages/airflow/example_dags/example_dynamic_task_mapping.py
[2025-12-12T08:28:11.857-0500] {processor.py:840} INFO - DAG(s) 'example_dynamic_task_mapping' retrieved from /Users/evankrupa/airflow_project/env/lib/python3.11/site-packages/airflow/example_dags/example_dynamic_task_mapping.py
[2025-12-12T08:28:11.885-0500] {logging_mixin.py:188} INFO - [2025-12-12T08:28:11.884-0500] {dag.py:3096} INFO - Sync 1 DAGs
[2025-12-12T08:28:11.889-0500] {logging_mixin.py:188} INFO - [2025-12-12T08:28:11.889-0500] {dag.py:3954} INFO - Setting next_dagrun for example_dynamic_task_mapping to 2022-03-04 00:00:00+00:00, run_after=2022-03-05 00:00:00+00:00
[2025-12-12T08:28:11.894-0500] {processor.py:183} INFO - Processing /Users/evankrupa/airflow_project/env/lib/python3.11/site-packages/airflow/example_dags/example_dynamic_task_mapping.py took 0.053 seconds
[2025-12-12T08:29:34.191-0500] {processor.py:161} INFO - Started process (PID=64766) to work on /Users/evankrupa/airflow_project/env/lib/python3.11/site-packages/airflow/example_dags/example_dynamic_task_mapping.py
[2025-12-12T08:29:34.192-0500] {processor.py:830} INFO - Processing file /Users/evankrupa/airflow_project/env/lib/python3.11/site-packages/airflow/example_dags/example_dynamic_task_mapping.py for tasks to queue
[2025-12-12T08:29:34.192-0500] {logging_mixin.py:188} INFO - [2025-12-12T08:29:34.192-0500] {dagbag.py:545} INFO - Filling up the DagBag from /Users/evankrupa/airflow_project/env/lib/python3.11/site-packages/airflow/example_dags/example_dynamic_task_mapping.py
[2025-12-12T08:29:34.204-0500] {processor.py:840} INFO - DAG(s) 'example_dynamic_task_mapping' retrieved from /Users/evankrupa/airflow_project/env/lib/python3.11/site-packages/airflow/example_dags/example_dynamic_task_mapping.py
[2025-12-12T08:29:34.232-0500] {logging_mixin.py:188} INFO - [2025-12-12T08:29:34.232-0500] {dag.py:3096} INFO - Sync 1 DAGs
[2025-12-12T08:29:34.237-0500] {logging_mixin.py:188} INFO - [2025-12-12T08:29:34.237-0500] {dag.py:3954} INFO - Setting next_dagrun for example_dynamic_task_mapping to 2022-03-04 00:00:00+00:00, run_after=2022-03-05 00:00:00+00:00
[2025-12-12T08:29:34.242-0500] {processor.py:183} INFO - Processing /Users/evankrupa/airflow_project/env/lib/python3.11/site-packages/airflow/example_dags/example_dynamic_task_mapping.py took 0.052 seconds
[2025-12-12T08:30:55.814-0500] {processor.py:161} INFO - Started process (PID=64848) to work on /Users/evankrupa/airflow_project/env/lib/python3.11/site-packages/airflow/example_dags/example_dynamic_task_mapping.py
[2025-12-12T08:30:55.815-0500] {processor.py:830} INFO - Processing file /Users/evankrupa/airflow_project/env/lib/python3.11/site-packages/airflow/example_dags/example_dynamic_task_mapping.py for tasks to queue
[2025-12-12T08:30:55.815-0500] {logging_mixin.py:188} INFO - [2025-12-12T08:30:55.815-0500] {dagbag.py:545} INFO - Filling up the DagBag from /Users/evankrupa/airflow_project/env/lib/python3.11/site-packages/airflow/example_dags/example_dynamic_task_mapping.py
[2025-12-12T08:30:55.827-0500] {processor.py:840} INFO - DAG(s) 'example_dynamic_task_mapping' retrieved from /Users/evankrupa/airflow_project/env/lib/python3.11/site-packages/airflow/example_dags/example_dynamic_task_mapping.py
[2025-12-12T08:30:55.854-0500] {logging_mixin.py:188} INFO - [2025-12-12T08:30:55.854-0500] {dag.py:3096} INFO - Sync 1 DAGs
[2025-12-12T08:30:55.858-0500] {logging_mixin.py:188} INFO - [2025-12-12T08:30:55.858-0500] {dag.py:3954} INFO - Setting next_dagrun for example_dynamic_task_mapping to 2022-03-04 00:00:00+00:00, run_after=2022-03-05 00:00:00+00:00
[2025-12-12T08:30:55.863-0500] {processor.py:183} INFO - Processing /Users/evankrupa/airflow_project/env/lib/python3.11/site-packages/airflow/example_dags/example_dynamic_task_mapping.py took 0.050 seconds
[2025-12-12T08:32:20.371-0500] {processor.py:161} INFO - Started process (PID=64929) to work on /Users/evankrupa/airflow_project/env/lib/python3.11/site-packages/airflow/example_dags/example_dynamic_task_mapping.py
[2025-12-12T08:32:20.372-0500] {processor.py:830} INFO - Processing file /Users/evankrupa/airflow_project/env/lib/python3.11/site-packages/airflow/example_dags/example_dynamic_task_mapping.py for tasks to queue
[2025-12-12T08:32:20.372-0500] {logging_mixin.py:188} INFO - [2025-12-12T08:32:20.372-0500] {dagbag.py:545} INFO - Filling up the DagBag from /Users/evankrupa/airflow_project/env/lib/python3.11/site-packages/airflow/example_dags/example_dynamic_task_mapping.py
[2025-12-12T08:32:20.385-0500] {processor.py:840} INFO - DAG(s) 'example_dynamic_task_mapping' retrieved from /Users/evankrupa/airflow_project/env/lib/python3.11/site-packages/airflow/example_dags/example_dynamic_task_mapping.py
[2025-12-12T08:32:20.416-0500] {logging_mixin.py:188} INFO - [2025-12-12T08:32:20.416-0500] {dag.py:3096} INFO - Sync 1 DAGs
[2025-12-12T08:32:20.421-0500] {logging_mixin.py:188} INFO - [2025-12-12T08:32:20.421-0500] {dag.py:3954} INFO - Setting next_dagrun for example_dynamic_task_mapping to 2022-03-04 00:00:00+00:00, run_after=2022-03-05 00:00:00+00:00
[2025-12-12T08:32:20.427-0500] {processor.py:183} INFO - Processing /Users/evankrupa/airflow_project/env/lib/python3.11/site-packages/airflow/example_dags/example_dynamic_task_mapping.py took 0.057 seconds
[2025-12-12T08:33:44.333-0500] {processor.py:161} INFO - Started process (PID=65032) to work on /Users/evankrupa/airflow_project/env/lib/python3.11/site-packages/airflow/example_dags/example_dynamic_task_mapping.py
[2025-12-12T08:33:44.334-0500] {processor.py:830} INFO - Processing file /Users/evankrupa/airflow_project/env/lib/python3.11/site-packages/airflow/example_dags/example_dynamic_task_mapping.py for tasks to queue
[2025-12-12T08:33:44.334-0500] {logging_mixin.py:188} INFO - [2025-12-12T08:33:44.334-0500] {dagbag.py:545} INFO - Filling up the DagBag from /Users/evankrupa/airflow_project/env/lib/python3.11/site-packages/airflow/example_dags/example_dynamic_task_mapping.py
[2025-12-12T08:33:44.346-0500] {processor.py:840} INFO - DAG(s) 'example_dynamic_task_mapping' retrieved from /Users/evankrupa/airflow_project/env/lib/python3.11/site-packages/airflow/example_dags/example_dynamic_task_mapping.py
[2025-12-12T08:33:44.374-0500] {logging_mixin.py:188} INFO - [2025-12-12T08:33:44.374-0500] {dag.py:3096} INFO - Sync 1 DAGs
[2025-12-12T08:33:44.378-0500] {logging_mixin.py:188} INFO - [2025-12-12T08:33:44.378-0500] {dag.py:3954} INFO - Setting next_dagrun for example_dynamic_task_mapping to 2022-03-04 00:00:00+00:00, run_after=2022-03-05 00:00:00+00:00
[2025-12-12T08:33:44.383-0500] {processor.py:183} INFO - Processing /Users/evankrupa/airflow_project/env/lib/python3.11/site-packages/airflow/example_dags/example_dynamic_task_mapping.py took 0.051 seconds
[2025-12-12T08:35:11.428-0500] {processor.py:161} INFO - Started process (PID=65131) to work on /Users/evankrupa/airflow_project/env/lib/python3.11/site-packages/airflow/example_dags/example_dynamic_task_mapping.py
[2025-12-12T08:35:11.428-0500] {processor.py:830} INFO - Processing file /Users/evankrupa/airflow_project/env/lib/python3.11/site-packages/airflow/example_dags/example_dynamic_task_mapping.py for tasks to queue
[2025-12-12T08:35:11.429-0500] {logging_mixin.py:188} INFO - [2025-12-12T08:35:11.429-0500] {dagbag.py:545} INFO - Filling up the DagBag from /Users/evankrupa/airflow_project/env/lib/python3.11/site-packages/airflow/example_dags/example_dynamic_task_mapping.py
[2025-12-12T08:35:11.440-0500] {processor.py:840} INFO - DAG(s) 'example_dynamic_task_mapping' retrieved from /Users/evankrupa/airflow_project/env/lib/python3.11/site-packages/airflow/example_dags/example_dynamic_task_mapping.py
[2025-12-12T08:35:11.467-0500] {logging_mixin.py:188} INFO - [2025-12-12T08:35:11.467-0500] {dag.py:3096} INFO - Sync 1 DAGs
[2025-12-12T08:35:11.471-0500] {logging_mixin.py:188} INFO - [2025-12-12T08:35:11.471-0500] {dag.py:3954} INFO - Setting next_dagrun for example_dynamic_task_mapping to 2022-03-04 00:00:00+00:00, run_after=2022-03-05 00:00:00+00:00
[2025-12-12T08:35:11.476-0500] {processor.py:183} INFO - Processing /Users/evankrupa/airflow_project/env/lib/python3.11/site-packages/airflow/example_dags/example_dynamic_task_mapping.py took 0.050 seconds
[2025-12-12T08:36:33.973-0500] {processor.py:161} INFO - Started process (PID=65210) to work on /Users/evankrupa/airflow_project/env/lib/python3.11/site-packages/airflow/example_dags/example_dynamic_task_mapping.py
[2025-12-12T08:36:33.974-0500] {processor.py:830} INFO - Processing file /Users/evankrupa/airflow_project/env/lib/python3.11/site-packages/airflow/example_dags/example_dynamic_task_mapping.py for tasks to queue
[2025-12-12T08:36:33.975-0500] {logging_mixin.py:188} INFO - [2025-12-12T08:36:33.975-0500] {dagbag.py:545} INFO - Filling up the DagBag from /Users/evankrupa/airflow_project/env/lib/python3.11/site-packages/airflow/example_dags/example_dynamic_task_mapping.py
[2025-12-12T08:36:33.986-0500] {processor.py:840} INFO - DAG(s) 'example_dynamic_task_mapping' retrieved from /Users/evankrupa/airflow_project/env/lib/python3.11/site-packages/airflow/example_dags/example_dynamic_task_mapping.py
[2025-12-12T08:36:34.013-0500] {logging_mixin.py:188} INFO - [2025-12-12T08:36:34.013-0500] {dag.py:3096} INFO - Sync 1 DAGs
[2025-12-12T08:36:34.018-0500] {logging_mixin.py:188} INFO - [2025-12-12T08:36:34.018-0500] {dag.py:3954} INFO - Setting next_dagrun for example_dynamic_task_mapping to 2022-03-04 00:00:00+00:00, run_after=2022-03-05 00:00:00+00:00
[2025-12-12T08:36:34.023-0500] {processor.py:183} INFO - Processing /Users/evankrupa/airflow_project/env/lib/python3.11/site-packages/airflow/example_dags/example_dynamic_task_mapping.py took 0.050 seconds
[2025-12-12T08:37:59.463-0500] {processor.py:161} INFO - Started process (PID=65278) to work on /Users/evankrupa/airflow_project/env/lib/python3.11/site-packages/airflow/example_dags/example_dynamic_task_mapping.py
[2025-12-12T08:37:59.465-0500] {processor.py:830} INFO - Processing file /Users/evankrupa/airflow_project/env/lib/python3.11/site-packages/airflow/example_dags/example_dynamic_task_mapping.py for tasks to queue
[2025-12-12T08:37:59.465-0500] {logging_mixin.py:188} INFO - [2025-12-12T08:37:59.465-0500] {dagbag.py:545} INFO - Filling up the DagBag from /Users/evankrupa/airflow_project/env/lib/python3.11/site-packages/airflow/example_dags/example_dynamic_task_mapping.py
[2025-12-12T08:37:59.479-0500] {processor.py:840} INFO - DAG(s) 'example_dynamic_task_mapping' retrieved from /Users/evankrupa/airflow_project/env/lib/python3.11/site-packages/airflow/example_dags/example_dynamic_task_mapping.py
[2025-12-12T08:37:59.505-0500] {logging_mixin.py:188} INFO - [2025-12-12T08:37:59.505-0500] {dag.py:3096} INFO - Sync 1 DAGs
[2025-12-12T08:37:59.510-0500] {logging_mixin.py:188} INFO - [2025-12-12T08:37:59.510-0500] {dag.py:3954} INFO - Setting next_dagrun for example_dynamic_task_mapping to 2022-03-04 00:00:00+00:00, run_after=2022-03-05 00:00:00+00:00
[2025-12-12T08:37:59.515-0500] {processor.py:183} INFO - Processing /Users/evankrupa/airflow_project/env/lib/python3.11/site-packages/airflow/example_dags/example_dynamic_task_mapping.py took 0.052 seconds
[2025-12-12T08:39:21.803-0500] {processor.py:161} INFO - Started process (PID=65357) to work on /Users/evankrupa/airflow_project/env/lib/python3.11/site-packages/airflow/example_dags/example_dynamic_task_mapping.py
[2025-12-12T08:39:21.805-0500] {processor.py:830} INFO - Processing file /Users/evankrupa/airflow_project/env/lib/python3.11/site-packages/airflow/example_dags/example_dynamic_task_mapping.py for tasks to queue
[2025-12-12T08:39:21.805-0500] {logging_mixin.py:188} INFO - [2025-12-12T08:39:21.805-0500] {dagbag.py:545} INFO - Filling up the DagBag from /Users/evankrupa/airflow_project/env/lib/python3.11/site-packages/airflow/example_dags/example_dynamic_task_mapping.py
[2025-12-12T08:39:21.817-0500] {processor.py:840} INFO - DAG(s) 'example_dynamic_task_mapping' retrieved from /Users/evankrupa/airflow_project/env/lib/python3.11/site-packages/airflow/example_dags/example_dynamic_task_mapping.py
[2025-12-12T08:39:21.843-0500] {logging_mixin.py:188} INFO - [2025-12-12T08:39:21.843-0500] {dag.py:3096} INFO - Sync 1 DAGs
[2025-12-12T08:39:21.848-0500] {logging_mixin.py:188} INFO - [2025-12-12T08:39:21.847-0500] {dag.py:3954} INFO - Setting next_dagrun for example_dynamic_task_mapping to 2022-03-04 00:00:00+00:00, run_after=2022-03-05 00:00:00+00:00
[2025-12-12T08:39:21.853-0500] {processor.py:183} INFO - Processing /Users/evankrupa/airflow_project/env/lib/python3.11/site-packages/airflow/example_dags/example_dynamic_task_mapping.py took 0.050 seconds
[2025-12-12T08:40:46.197-0500] {processor.py:161} INFO - Started process (PID=65443) to work on /Users/evankrupa/airflow_project/env/lib/python3.11/site-packages/airflow/example_dags/example_dynamic_task_mapping.py
[2025-12-12T08:40:46.197-0500] {processor.py:830} INFO - Processing file /Users/evankrupa/airflow_project/env/lib/python3.11/site-packages/airflow/example_dags/example_dynamic_task_mapping.py for tasks to queue
[2025-12-12T08:40:46.197-0500] {logging_mixin.py:188} INFO - [2025-12-12T08:40:46.197-0500] {dagbag.py:545} INFO - Filling up the DagBag from /Users/evankrupa/airflow_project/env/lib/python3.11/site-packages/airflow/example_dags/example_dynamic_task_mapping.py
[2025-12-12T08:40:46.209-0500] {processor.py:840} INFO - DAG(s) 'example_dynamic_task_mapping' retrieved from /Users/evankrupa/airflow_project/env/lib/python3.11/site-packages/airflow/example_dags/example_dynamic_task_mapping.py
[2025-12-12T08:40:46.236-0500] {logging_mixin.py:188} INFO - [2025-12-12T08:40:46.235-0500] {dag.py:3096} INFO - Sync 1 DAGs
[2025-12-12T08:40:46.240-0500] {logging_mixin.py:188} INFO - [2025-12-12T08:40:46.240-0500] {dag.py:3954} INFO - Setting next_dagrun for example_dynamic_task_mapping to 2022-03-04 00:00:00+00:00, run_after=2022-03-05 00:00:00+00:00
[2025-12-12T08:40:46.245-0500] {processor.py:183} INFO - Processing /Users/evankrupa/airflow_project/env/lib/python3.11/site-packages/airflow/example_dags/example_dynamic_task_mapping.py took 0.050 seconds
[2025-12-12T08:42:08.135-0500] {processor.py:161} INFO - Started process (PID=65511) to work on /Users/evankrupa/airflow_project/env/lib/python3.11/site-packages/airflow/example_dags/example_dynamic_task_mapping.py
[2025-12-12T08:42:08.137-0500] {processor.py:830} INFO - Processing file /Users/evankrupa/airflow_project/env/lib/python3.11/site-packages/airflow/example_dags/example_dynamic_task_mapping.py for tasks to queue
[2025-12-12T08:42:08.137-0500] {logging_mixin.py:188} INFO - [2025-12-12T08:42:08.137-0500] {dagbag.py:545} INFO - Filling up the DagBag from /Users/evankrupa/airflow_project/env/lib/python3.11/site-packages/airflow/example_dags/example_dynamic_task_mapping.py
[2025-12-12T08:42:08.149-0500] {processor.py:840} INFO - DAG(s) 'example_dynamic_task_mapping' retrieved from /Users/evankrupa/airflow_project/env/lib/python3.11/site-packages/airflow/example_dags/example_dynamic_task_mapping.py
[2025-12-12T08:42:08.176-0500] {logging_mixin.py:188} INFO - [2025-12-12T08:42:08.176-0500] {dag.py:3096} INFO - Sync 1 DAGs
[2025-12-12T08:42:08.181-0500] {logging_mixin.py:188} INFO - [2025-12-12T08:42:08.181-0500] {dag.py:3954} INFO - Setting next_dagrun for example_dynamic_task_mapping to 2022-03-04 00:00:00+00:00, run_after=2022-03-05 00:00:00+00:00
[2025-12-12T08:42:08.186-0500] {processor.py:183} INFO - Processing /Users/evankrupa/airflow_project/env/lib/python3.11/site-packages/airflow/example_dags/example_dynamic_task_mapping.py took 0.051 seconds
[2025-12-12T08:43:32.156-0500] {processor.py:161} INFO - Started process (PID=65596) to work on /Users/evankrupa/airflow_project/env/lib/python3.11/site-packages/airflow/example_dags/example_dynamic_task_mapping.py
[2025-12-12T08:43:32.156-0500] {processor.py:830} INFO - Processing file /Users/evankrupa/airflow_project/env/lib/python3.11/site-packages/airflow/example_dags/example_dynamic_task_mapping.py for tasks to queue
[2025-12-12T08:43:32.156-0500] {logging_mixin.py:188} INFO - [2025-12-12T08:43:32.156-0500] {dagbag.py:545} INFO - Filling up the DagBag from /Users/evankrupa/airflow_project/env/lib/python3.11/site-packages/airflow/example_dags/example_dynamic_task_mapping.py
[2025-12-12T08:43:32.168-0500] {processor.py:840} INFO - DAG(s) 'example_dynamic_task_mapping' retrieved from /Users/evankrupa/airflow_project/env/lib/python3.11/site-packages/airflow/example_dags/example_dynamic_task_mapping.py
[2025-12-12T08:43:32.194-0500] {logging_mixin.py:188} INFO - [2025-12-12T08:43:32.194-0500] {dag.py:3096} INFO - Sync 1 DAGs
[2025-12-12T08:43:32.199-0500] {logging_mixin.py:188} INFO - [2025-12-12T08:43:32.199-0500] {dag.py:3954} INFO - Setting next_dagrun for example_dynamic_task_mapping to 2022-03-04 00:00:00+00:00, run_after=2022-03-05 00:00:00+00:00
[2025-12-12T08:43:32.204-0500] {processor.py:183} INFO - Processing /Users/evankrupa/airflow_project/env/lib/python3.11/site-packages/airflow/example_dags/example_dynamic_task_mapping.py took 0.049 seconds
[2025-12-12T08:44:56.019-0500] {processor.py:161} INFO - Started process (PID=65662) to work on /Users/evankrupa/airflow_project/env/lib/python3.11/site-packages/airflow/example_dags/example_dynamic_task_mapping.py
[2025-12-12T08:44:56.021-0500] {processor.py:830} INFO - Processing file /Users/evankrupa/airflow_project/env/lib/python3.11/site-packages/airflow/example_dags/example_dynamic_task_mapping.py for tasks to queue
[2025-12-12T08:44:56.021-0500] {logging_mixin.py:188} INFO - [2025-12-12T08:44:56.021-0500] {dagbag.py:545} INFO - Filling up the DagBag from /Users/evankrupa/airflow_project/env/lib/python3.11/site-packages/airflow/example_dags/example_dynamic_task_mapping.py
[2025-12-12T08:44:56.032-0500] {processor.py:840} INFO - DAG(s) 'example_dynamic_task_mapping' retrieved from /Users/evankrupa/airflow_project/env/lib/python3.11/site-packages/airflow/example_dags/example_dynamic_task_mapping.py
[2025-12-12T08:44:56.059-0500] {logging_mixin.py:188} INFO - [2025-12-12T08:44:56.059-0500] {dag.py:3096} INFO - Sync 1 DAGs
[2025-12-12T08:44:56.063-0500] {logging_mixin.py:188} INFO - [2025-12-12T08:44:56.063-0500] {dag.py:3954} INFO - Setting next_dagrun for example_dynamic_task_mapping to 2022-03-04 00:00:00+00:00, run_after=2022-03-05 00:00:00+00:00
[2025-12-12T08:44:56.069-0500] {processor.py:183} INFO - Processing /Users/evankrupa/airflow_project/env/lib/python3.11/site-packages/airflow/example_dags/example_dynamic_task_mapping.py took 0.050 seconds
