[2025-12-12T07:25:23.049-0500] {processor.py:161} INFO - Started process (PID=56849) to work on /Users/evankrupa/airflow_project/env/lib/python3.11/site-packages/airflow/example_dags/example_time_delta_sensor_async.py
[2025-12-12T07:25:23.049-0500] {processor.py:830} INFO - Processing file /Users/evankrupa/airflow_project/env/lib/python3.11/site-packages/airflow/example_dags/example_time_delta_sensor_async.py for tasks to queue
[2025-12-12T07:25:23.050-0500] {logging_mixin.py:188} INFO - [2025-12-12T07:25:23.049-0500] {dagbag.py:545} INFO - Filling up the DagBag from /Users/evankrupa/airflow_project/env/lib/python3.11/site-packages/airflow/example_dags/example_time_delta_sensor_async.py
[2025-12-12T07:25:23.053-0500] {processor.py:840} INFO - DAG(s) 'example_time_delta_sensor_async' retrieved from /Users/evankrupa/airflow_project/env/lib/python3.11/site-packages/airflow/example_dags/example_time_delta_sensor_async.py
[2025-12-12T07:25:23.109-0500] {logging_mixin.py:188} INFO - [2025-12-12T07:25:23.109-0500] {override.py:1829} INFO - Created Permission View: can delete on DAG:example_time_delta_sensor_async
[2025-12-12T07:25:23.111-0500] {logging_mixin.py:188} INFO - [2025-12-12T07:25:23.111-0500] {override.py:1829} INFO - Created Permission View: can edit on DAG:example_time_delta_sensor_async
[2025-12-12T07:25:23.113-0500] {logging_mixin.py:188} INFO - [2025-12-12T07:25:23.113-0500] {override.py:1829} INFO - Created Permission View: can read on DAG:example_time_delta_sensor_async
[2025-12-12T07:25:23.113-0500] {logging_mixin.py:188} INFO - [2025-12-12T07:25:23.113-0500] {dag.py:3096} INFO - Sync 1 DAGs
[2025-12-12T07:25:23.116-0500] {logging_mixin.py:188} INFO - [2025-12-12T07:25:23.116-0500] {dag.py:3118} INFO - Creating ORM DAG for example_time_delta_sensor_async
[2025-12-12T07:25:23.116-0500] {logging_mixin.py:188} INFO - [2025-12-12T07:25:23.116-0500] {dag.py:3954} INFO - Setting next_dagrun for example_time_delta_sensor_async to None, run_after=None
[2025-12-12T07:25:23.121-0500] {processor.py:183} INFO - Processing /Users/evankrupa/airflow_project/env/lib/python3.11/site-packages/airflow/example_dags/example_time_delta_sensor_async.py took 0.073 seconds
[2025-12-12T07:26:36.015-0500] {processor.py:161} INFO - Started process (PID=56915) to work on /Users/evankrupa/airflow_project/env/lib/python3.11/site-packages/airflow/example_dags/example_time_delta_sensor_async.py
[2025-12-12T07:26:36.015-0500] {processor.py:830} INFO - Processing file /Users/evankrupa/airflow_project/env/lib/python3.11/site-packages/airflow/example_dags/example_time_delta_sensor_async.py for tasks to queue
[2025-12-12T07:26:36.016-0500] {logging_mixin.py:188} INFO - [2025-12-12T07:26:36.016-0500] {dagbag.py:545} INFO - Filling up the DagBag from /Users/evankrupa/airflow_project/env/lib/python3.11/site-packages/airflow/example_dags/example_time_delta_sensor_async.py
[2025-12-12T07:26:36.018-0500] {processor.py:840} INFO - DAG(s) 'example_time_delta_sensor_async' retrieved from /Users/evankrupa/airflow_project/env/lib/python3.11/site-packages/airflow/example_dags/example_time_delta_sensor_async.py
[2025-12-12T07:26:36.049-0500] {logging_mixin.py:188} INFO - [2025-12-12T07:26:36.049-0500] {dag.py:3096} INFO - Sync 1 DAGs
[2025-12-12T07:26:36.053-0500] {logging_mixin.py:188} INFO - [2025-12-12T07:26:36.052-0500] {dag.py:3954} INFO - Setting next_dagrun for example_time_delta_sensor_async to None, run_after=None
[2025-12-12T07:26:36.059-0500] {processor.py:183} INFO - Processing /Users/evankrupa/airflow_project/env/lib/python3.11/site-packages/airflow/example_dags/example_time_delta_sensor_async.py took 0.045 seconds
[2025-12-12T07:28:01.206-0500] {processor.py:161} INFO - Started process (PID=57564) to work on /Users/evankrupa/airflow_project/env/lib/python3.11/site-packages/airflow/example_dags/example_time_delta_sensor_async.py
[2025-12-12T07:28:01.207-0500] {processor.py:830} INFO - Processing file /Users/evankrupa/airflow_project/env/lib/python3.11/site-packages/airflow/example_dags/example_time_delta_sensor_async.py for tasks to queue
[2025-12-12T07:28:01.207-0500] {logging_mixin.py:188} INFO - [2025-12-12T07:28:01.207-0500] {dagbag.py:545} INFO - Filling up the DagBag from /Users/evankrupa/airflow_project/env/lib/python3.11/site-packages/airflow/example_dags/example_time_delta_sensor_async.py
[2025-12-12T07:28:01.210-0500] {processor.py:840} INFO - DAG(s) 'example_time_delta_sensor_async' retrieved from /Users/evankrupa/airflow_project/env/lib/python3.11/site-packages/airflow/example_dags/example_time_delta_sensor_async.py
[2025-12-12T07:28:01.239-0500] {logging_mixin.py:188} INFO - [2025-12-12T07:28:01.239-0500] {dag.py:3096} INFO - Sync 1 DAGs
[2025-12-12T07:28:01.242-0500] {logging_mixin.py:188} INFO - [2025-12-12T07:28:01.242-0500] {dag.py:3954} INFO - Setting next_dagrun for example_time_delta_sensor_async to None, run_after=None
[2025-12-12T07:28:01.248-0500] {processor.py:183} INFO - Processing /Users/evankrupa/airflow_project/env/lib/python3.11/site-packages/airflow/example_dags/example_time_delta_sensor_async.py took 0.042 seconds
[2025-12-12T07:29:26.432-0500] {processor.py:161} INFO - Started process (PID=57924) to work on /Users/evankrupa/airflow_project/env/lib/python3.11/site-packages/airflow/example_dags/example_time_delta_sensor_async.py
[2025-12-12T07:29:26.433-0500] {processor.py:830} INFO - Processing file /Users/evankrupa/airflow_project/env/lib/python3.11/site-packages/airflow/example_dags/example_time_delta_sensor_async.py for tasks to queue
[2025-12-12T07:29:26.433-0500] {logging_mixin.py:188} INFO - [2025-12-12T07:29:26.433-0500] {dagbag.py:545} INFO - Filling up the DagBag from /Users/evankrupa/airflow_project/env/lib/python3.11/site-packages/airflow/example_dags/example_time_delta_sensor_async.py
[2025-12-12T07:29:26.436-0500] {processor.py:840} INFO - DAG(s) 'example_time_delta_sensor_async' retrieved from /Users/evankrupa/airflow_project/env/lib/python3.11/site-packages/airflow/example_dags/example_time_delta_sensor_async.py
[2025-12-12T07:29:26.465-0500] {logging_mixin.py:188} INFO - [2025-12-12T07:29:26.465-0500] {dag.py:3096} INFO - Sync 1 DAGs
[2025-12-12T07:29:26.467-0500] {logging_mixin.py:188} INFO - [2025-12-12T07:29:26.467-0500] {dag.py:3954} INFO - Setting next_dagrun for example_time_delta_sensor_async to None, run_after=None
[2025-12-12T07:29:26.473-0500] {processor.py:183} INFO - Processing /Users/evankrupa/airflow_project/env/lib/python3.11/site-packages/airflow/example_dags/example_time_delta_sensor_async.py took 0.042 seconds
[2025-12-12T07:30:51.110-0500] {processor.py:161} INFO - Started process (PID=58053) to work on /Users/evankrupa/airflow_project/env/lib/python3.11/site-packages/airflow/example_dags/example_time_delta_sensor_async.py
[2025-12-12T07:30:51.111-0500] {processor.py:830} INFO - Processing file /Users/evankrupa/airflow_project/env/lib/python3.11/site-packages/airflow/example_dags/example_time_delta_sensor_async.py for tasks to queue
[2025-12-12T07:30:51.111-0500] {logging_mixin.py:188} INFO - [2025-12-12T07:30:51.111-0500] {dagbag.py:545} INFO - Filling up the DagBag from /Users/evankrupa/airflow_project/env/lib/python3.11/site-packages/airflow/example_dags/example_time_delta_sensor_async.py
[2025-12-12T07:30:51.114-0500] {processor.py:840} INFO - DAG(s) 'example_time_delta_sensor_async' retrieved from /Users/evankrupa/airflow_project/env/lib/python3.11/site-packages/airflow/example_dags/example_time_delta_sensor_async.py
[2025-12-12T07:30:51.169-0500] {logging_mixin.py:188} INFO - [2025-12-12T07:30:51.169-0500] {dag.py:3096} INFO - Sync 1 DAGs
[2025-12-12T07:30:51.172-0500] {logging_mixin.py:188} INFO - [2025-12-12T07:30:51.172-0500] {dag.py:3954} INFO - Setting next_dagrun for example_time_delta_sensor_async to None, run_after=None
[2025-12-12T07:30:51.178-0500] {processor.py:183} INFO - Processing /Users/evankrupa/airflow_project/env/lib/python3.11/site-packages/airflow/example_dags/example_time_delta_sensor_async.py took 0.069 seconds
[2025-12-12T07:32:19.047-0500] {processor.py:161} INFO - Started process (PID=58382) to work on /Users/evankrupa/airflow_project/env/lib/python3.11/site-packages/airflow/example_dags/example_time_delta_sensor_async.py
[2025-12-12T07:32:19.048-0500] {processor.py:830} INFO - Processing file /Users/evankrupa/airflow_project/env/lib/python3.11/site-packages/airflow/example_dags/example_time_delta_sensor_async.py for tasks to queue
[2025-12-12T07:32:19.048-0500] {logging_mixin.py:188} INFO - [2025-12-12T07:32:19.048-0500] {dagbag.py:545} INFO - Filling up the DagBag from /Users/evankrupa/airflow_project/env/lib/python3.11/site-packages/airflow/example_dags/example_time_delta_sensor_async.py
[2025-12-12T07:32:19.051-0500] {processor.py:840} INFO - DAG(s) 'example_time_delta_sensor_async' retrieved from /Users/evankrupa/airflow_project/env/lib/python3.11/site-packages/airflow/example_dags/example_time_delta_sensor_async.py
[2025-12-12T07:32:19.080-0500] {logging_mixin.py:188} INFO - [2025-12-12T07:32:19.080-0500] {dag.py:3096} INFO - Sync 1 DAGs
[2025-12-12T07:32:19.083-0500] {logging_mixin.py:188} INFO - [2025-12-12T07:32:19.083-0500] {dag.py:3954} INFO - Setting next_dagrun for example_time_delta_sensor_async to None, run_after=None
[2025-12-12T07:32:19.089-0500] {processor.py:183} INFO - Processing /Users/evankrupa/airflow_project/env/lib/python3.11/site-packages/airflow/example_dags/example_time_delta_sensor_async.py took 0.043 seconds
[2025-12-12T07:33:44.988-0500] {processor.py:161} INFO - Started process (PID=58470) to work on /Users/evankrupa/airflow_project/env/lib/python3.11/site-packages/airflow/example_dags/example_time_delta_sensor_async.py
[2025-12-12T07:33:44.989-0500] {processor.py:830} INFO - Processing file /Users/evankrupa/airflow_project/env/lib/python3.11/site-packages/airflow/example_dags/example_time_delta_sensor_async.py for tasks to queue
[2025-12-12T07:33:44.989-0500] {logging_mixin.py:188} INFO - [2025-12-12T07:33:44.989-0500] {dagbag.py:545} INFO - Filling up the DagBag from /Users/evankrupa/airflow_project/env/lib/python3.11/site-packages/airflow/example_dags/example_time_delta_sensor_async.py
[2025-12-12T07:33:44.992-0500] {processor.py:840} INFO - DAG(s) 'example_time_delta_sensor_async' retrieved from /Users/evankrupa/airflow_project/env/lib/python3.11/site-packages/airflow/example_dags/example_time_delta_sensor_async.py
[2025-12-12T07:33:45.021-0500] {logging_mixin.py:188} INFO - [2025-12-12T07:33:45.021-0500] {dag.py:3096} INFO - Sync 1 DAGs
[2025-12-12T07:33:45.023-0500] {logging_mixin.py:188} INFO - [2025-12-12T07:33:45.023-0500] {dag.py:3954} INFO - Setting next_dagrun for example_time_delta_sensor_async to None, run_after=None
[2025-12-12T07:33:45.029-0500] {processor.py:183} INFO - Processing /Users/evankrupa/airflow_project/env/lib/python3.11/site-packages/airflow/example_dags/example_time_delta_sensor_async.py took 0.042 seconds
[2025-12-12T07:35:08.787-0500] {processor.py:161} INFO - Started process (PID=58549) to work on /Users/evankrupa/airflow_project/env/lib/python3.11/site-packages/airflow/example_dags/example_time_delta_sensor_async.py
[2025-12-12T07:35:08.788-0500] {processor.py:830} INFO - Processing file /Users/evankrupa/airflow_project/env/lib/python3.11/site-packages/airflow/example_dags/example_time_delta_sensor_async.py for tasks to queue
[2025-12-12T07:35:08.788-0500] {logging_mixin.py:188} INFO - [2025-12-12T07:35:08.788-0500] {dagbag.py:545} INFO - Filling up the DagBag from /Users/evankrupa/airflow_project/env/lib/python3.11/site-packages/airflow/example_dags/example_time_delta_sensor_async.py
[2025-12-12T07:35:08.791-0500] {processor.py:840} INFO - DAG(s) 'example_time_delta_sensor_async' retrieved from /Users/evankrupa/airflow_project/env/lib/python3.11/site-packages/airflow/example_dags/example_time_delta_sensor_async.py
[2025-12-12T07:35:08.821-0500] {logging_mixin.py:188} INFO - [2025-12-12T07:35:08.821-0500] {dag.py:3096} INFO - Sync 1 DAGs
[2025-12-12T07:35:08.824-0500] {logging_mixin.py:188} INFO - [2025-12-12T07:35:08.824-0500] {dag.py:3954} INFO - Setting next_dagrun for example_time_delta_sensor_async to None, run_after=None
[2025-12-12T07:35:08.830-0500] {processor.py:183} INFO - Processing /Users/evankrupa/airflow_project/env/lib/python3.11/site-packages/airflow/example_dags/example_time_delta_sensor_async.py took 0.044 seconds
[2025-12-12T07:36:32.528-0500] {processor.py:161} INFO - Started process (PID=58618) to work on /Users/evankrupa/airflow_project/env/lib/python3.11/site-packages/airflow/example_dags/example_time_delta_sensor_async.py
[2025-12-12T07:36:32.529-0500] {processor.py:830} INFO - Processing file /Users/evankrupa/airflow_project/env/lib/python3.11/site-packages/airflow/example_dags/example_time_delta_sensor_async.py for tasks to queue
[2025-12-12T07:36:32.529-0500] {logging_mixin.py:188} INFO - [2025-12-12T07:36:32.529-0500] {dagbag.py:545} INFO - Filling up the DagBag from /Users/evankrupa/airflow_project/env/lib/python3.11/site-packages/airflow/example_dags/example_time_delta_sensor_async.py
[2025-12-12T07:36:32.532-0500] {processor.py:840} INFO - DAG(s) 'example_time_delta_sensor_async' retrieved from /Users/evankrupa/airflow_project/env/lib/python3.11/site-packages/airflow/example_dags/example_time_delta_sensor_async.py
[2025-12-12T07:36:32.563-0500] {logging_mixin.py:188} INFO - [2025-12-12T07:36:32.562-0500] {dag.py:3096} INFO - Sync 1 DAGs
[2025-12-12T07:36:32.565-0500] {logging_mixin.py:188} INFO - [2025-12-12T07:36:32.565-0500] {dag.py:3954} INFO - Setting next_dagrun for example_time_delta_sensor_async to None, run_after=None
[2025-12-12T07:36:32.571-0500] {processor.py:183} INFO - Processing /Users/evankrupa/airflow_project/env/lib/python3.11/site-packages/airflow/example_dags/example_time_delta_sensor_async.py took 0.044 seconds
[2025-12-12T07:37:57.630-0500] {processor.py:161} INFO - Started process (PID=58687) to work on /Users/evankrupa/airflow_project/env/lib/python3.11/site-packages/airflow/example_dags/example_time_delta_sensor_async.py
[2025-12-12T07:37:57.631-0500] {processor.py:830} INFO - Processing file /Users/evankrupa/airflow_project/env/lib/python3.11/site-packages/airflow/example_dags/example_time_delta_sensor_async.py for tasks to queue
[2025-12-12T07:37:57.631-0500] {logging_mixin.py:188} INFO - [2025-12-12T07:37:57.631-0500] {dagbag.py:545} INFO - Filling up the DagBag from /Users/evankrupa/airflow_project/env/lib/python3.11/site-packages/airflow/example_dags/example_time_delta_sensor_async.py
[2025-12-12T07:37:57.634-0500] {processor.py:840} INFO - DAG(s) 'example_time_delta_sensor_async' retrieved from /Users/evankrupa/airflow_project/env/lib/python3.11/site-packages/airflow/example_dags/example_time_delta_sensor_async.py
[2025-12-12T07:37:57.664-0500] {logging_mixin.py:188} INFO - [2025-12-12T07:37:57.663-0500] {dag.py:3096} INFO - Sync 1 DAGs
[2025-12-12T07:37:57.666-0500] {logging_mixin.py:188} INFO - [2025-12-12T07:37:57.666-0500] {dag.py:3954} INFO - Setting next_dagrun for example_time_delta_sensor_async to None, run_after=None
[2025-12-12T07:37:57.672-0500] {processor.py:183} INFO - Processing /Users/evankrupa/airflow_project/env/lib/python3.11/site-packages/airflow/example_dags/example_time_delta_sensor_async.py took 0.043 seconds
[2025-12-12T07:39:22.177-0500] {processor.py:161} INFO - Started process (PID=58805) to work on /Users/evankrupa/airflow_project/env/lib/python3.11/site-packages/airflow/example_dags/example_time_delta_sensor_async.py
[2025-12-12T07:39:22.178-0500] {processor.py:830} INFO - Processing file /Users/evankrupa/airflow_project/env/lib/python3.11/site-packages/airflow/example_dags/example_time_delta_sensor_async.py for tasks to queue
[2025-12-12T07:39:22.178-0500] {logging_mixin.py:188} INFO - [2025-12-12T07:39:22.178-0500] {dagbag.py:545} INFO - Filling up the DagBag from /Users/evankrupa/airflow_project/env/lib/python3.11/site-packages/airflow/example_dags/example_time_delta_sensor_async.py
[2025-12-12T07:39:22.181-0500] {processor.py:840} INFO - DAG(s) 'example_time_delta_sensor_async' retrieved from /Users/evankrupa/airflow_project/env/lib/python3.11/site-packages/airflow/example_dags/example_time_delta_sensor_async.py
[2025-12-12T07:39:22.211-0500] {logging_mixin.py:188} INFO - [2025-12-12T07:39:22.211-0500] {dag.py:3096} INFO - Sync 1 DAGs
[2025-12-12T07:39:22.214-0500] {logging_mixin.py:188} INFO - [2025-12-12T07:39:22.214-0500] {dag.py:3954} INFO - Setting next_dagrun for example_time_delta_sensor_async to None, run_after=None
[2025-12-12T07:39:22.219-0500] {processor.py:183} INFO - Processing /Users/evankrupa/airflow_project/env/lib/python3.11/site-packages/airflow/example_dags/example_time_delta_sensor_async.py took 0.043 seconds
[2025-12-12T07:40:47.937-0500] {processor.py:161} INFO - Started process (PID=58916) to work on /Users/evankrupa/airflow_project/env/lib/python3.11/site-packages/airflow/example_dags/example_time_delta_sensor_async.py
[2025-12-12T07:40:47.938-0500] {processor.py:830} INFO - Processing file /Users/evankrupa/airflow_project/env/lib/python3.11/site-packages/airflow/example_dags/example_time_delta_sensor_async.py for tasks to queue
[2025-12-12T07:40:47.938-0500] {logging_mixin.py:188} INFO - [2025-12-12T07:40:47.938-0500] {dagbag.py:545} INFO - Filling up the DagBag from /Users/evankrupa/airflow_project/env/lib/python3.11/site-packages/airflow/example_dags/example_time_delta_sensor_async.py
[2025-12-12T07:40:47.941-0500] {processor.py:840} INFO - DAG(s) 'example_time_delta_sensor_async' retrieved from /Users/evankrupa/airflow_project/env/lib/python3.11/site-packages/airflow/example_dags/example_time_delta_sensor_async.py
[2025-12-12T07:40:47.970-0500] {logging_mixin.py:188} INFO - [2025-12-12T07:40:47.970-0500] {dag.py:3096} INFO - Sync 1 DAGs
[2025-12-12T07:40:47.973-0500] {logging_mixin.py:188} INFO - [2025-12-12T07:40:47.973-0500] {dag.py:3954} INFO - Setting next_dagrun for example_time_delta_sensor_async to None, run_after=None
[2025-12-12T07:40:47.979-0500] {processor.py:183} INFO - Processing /Users/evankrupa/airflow_project/env/lib/python3.11/site-packages/airflow/example_dags/example_time_delta_sensor_async.py took 0.042 seconds
[2025-12-12T07:42:12.602-0500] {processor.py:161} INFO - Started process (PID=58985) to work on /Users/evankrupa/airflow_project/env/lib/python3.11/site-packages/airflow/example_dags/example_time_delta_sensor_async.py
[2025-12-12T07:42:12.603-0500] {processor.py:830} INFO - Processing file /Users/evankrupa/airflow_project/env/lib/python3.11/site-packages/airflow/example_dags/example_time_delta_sensor_async.py for tasks to queue
[2025-12-12T07:42:12.603-0500] {logging_mixin.py:188} INFO - [2025-12-12T07:42:12.603-0500] {dagbag.py:545} INFO - Filling up the DagBag from /Users/evankrupa/airflow_project/env/lib/python3.11/site-packages/airflow/example_dags/example_time_delta_sensor_async.py
[2025-12-12T07:42:12.606-0500] {processor.py:840} INFO - DAG(s) 'example_time_delta_sensor_async' retrieved from /Users/evankrupa/airflow_project/env/lib/python3.11/site-packages/airflow/example_dags/example_time_delta_sensor_async.py
[2025-12-12T07:42:12.635-0500] {logging_mixin.py:188} INFO - [2025-12-12T07:42:12.635-0500] {dag.py:3096} INFO - Sync 1 DAGs
[2025-12-12T07:42:12.638-0500] {logging_mixin.py:188} INFO - [2025-12-12T07:42:12.638-0500] {dag.py:3954} INFO - Setting next_dagrun for example_time_delta_sensor_async to None, run_after=None
[2025-12-12T07:42:12.644-0500] {processor.py:183} INFO - Processing /Users/evankrupa/airflow_project/env/lib/python3.11/site-packages/airflow/example_dags/example_time_delta_sensor_async.py took 0.042 seconds
[2025-12-12T07:43:35.963-0500] {processor.py:161} INFO - Started process (PID=59151) to work on /Users/evankrupa/airflow_project/env/lib/python3.11/site-packages/airflow/example_dags/example_time_delta_sensor_async.py
[2025-12-12T07:43:35.964-0500] {processor.py:830} INFO - Processing file /Users/evankrupa/airflow_project/env/lib/python3.11/site-packages/airflow/example_dags/example_time_delta_sensor_async.py for tasks to queue
[2025-12-12T07:43:35.964-0500] {logging_mixin.py:188} INFO - [2025-12-12T07:43:35.964-0500] {dagbag.py:545} INFO - Filling up the DagBag from /Users/evankrupa/airflow_project/env/lib/python3.11/site-packages/airflow/example_dags/example_time_delta_sensor_async.py
[2025-12-12T07:43:35.967-0500] {processor.py:840} INFO - DAG(s) 'example_time_delta_sensor_async' retrieved from /Users/evankrupa/airflow_project/env/lib/python3.11/site-packages/airflow/example_dags/example_time_delta_sensor_async.py
[2025-12-12T07:43:35.998-0500] {logging_mixin.py:188} INFO - [2025-12-12T07:43:35.998-0500] {dag.py:3096} INFO - Sync 1 DAGs
[2025-12-12T07:43:36.001-0500] {logging_mixin.py:188} INFO - [2025-12-12T07:43:36.001-0500] {dag.py:3954} INFO - Setting next_dagrun for example_time_delta_sensor_async to None, run_after=None
[2025-12-12T07:43:36.007-0500] {processor.py:183} INFO - Processing /Users/evankrupa/airflow_project/env/lib/python3.11/site-packages/airflow/example_dags/example_time_delta_sensor_async.py took 0.045 seconds
[2025-12-12T07:45:01.551-0500] {processor.py:161} INFO - Started process (PID=59241) to work on /Users/evankrupa/airflow_project/env/lib/python3.11/site-packages/airflow/example_dags/example_time_delta_sensor_async.py
[2025-12-12T07:45:01.552-0500] {processor.py:830} INFO - Processing file /Users/evankrupa/airflow_project/env/lib/python3.11/site-packages/airflow/example_dags/example_time_delta_sensor_async.py for tasks to queue
[2025-12-12T07:45:01.552-0500] {logging_mixin.py:188} INFO - [2025-12-12T07:45:01.552-0500] {dagbag.py:545} INFO - Filling up the DagBag from /Users/evankrupa/airflow_project/env/lib/python3.11/site-packages/airflow/example_dags/example_time_delta_sensor_async.py
[2025-12-12T07:45:01.556-0500] {processor.py:840} INFO - DAG(s) 'example_time_delta_sensor_async' retrieved from /Users/evankrupa/airflow_project/env/lib/python3.11/site-packages/airflow/example_dags/example_time_delta_sensor_async.py
[2025-12-12T07:45:01.587-0500] {logging_mixin.py:188} INFO - [2025-12-12T07:45:01.587-0500] {dag.py:3096} INFO - Sync 1 DAGs
[2025-12-12T07:45:01.590-0500] {logging_mixin.py:188} INFO - [2025-12-12T07:45:01.590-0500] {dag.py:3954} INFO - Setting next_dagrun for example_time_delta_sensor_async to None, run_after=None
[2025-12-12T07:45:01.596-0500] {processor.py:183} INFO - Processing /Users/evankrupa/airflow_project/env/lib/python3.11/site-packages/airflow/example_dags/example_time_delta_sensor_async.py took 0.046 seconds
[2025-12-12T07:46:27.034-0500] {processor.py:161} INFO - Started process (PID=59318) to work on /Users/evankrupa/airflow_project/env/lib/python3.11/site-packages/airflow/example_dags/example_time_delta_sensor_async.py
[2025-12-12T07:46:27.035-0500] {processor.py:830} INFO - Processing file /Users/evankrupa/airflow_project/env/lib/python3.11/site-packages/airflow/example_dags/example_time_delta_sensor_async.py for tasks to queue
[2025-12-12T07:46:27.035-0500] {logging_mixin.py:188} INFO - [2025-12-12T07:46:27.035-0500] {dagbag.py:545} INFO - Filling up the DagBag from /Users/evankrupa/airflow_project/env/lib/python3.11/site-packages/airflow/example_dags/example_time_delta_sensor_async.py
[2025-12-12T07:46:27.038-0500] {processor.py:840} INFO - DAG(s) 'example_time_delta_sensor_async' retrieved from /Users/evankrupa/airflow_project/env/lib/python3.11/site-packages/airflow/example_dags/example_time_delta_sensor_async.py
[2025-12-12T07:46:27.068-0500] {logging_mixin.py:188} INFO - [2025-12-12T07:46:27.068-0500] {dag.py:3096} INFO - Sync 1 DAGs
[2025-12-12T07:46:27.070-0500] {logging_mixin.py:188} INFO - [2025-12-12T07:46:27.070-0500] {dag.py:3954} INFO - Setting next_dagrun for example_time_delta_sensor_async to None, run_after=None
[2025-12-12T07:46:27.076-0500] {processor.py:183} INFO - Processing /Users/evankrupa/airflow_project/env/lib/python3.11/site-packages/airflow/example_dags/example_time_delta_sensor_async.py took 0.043 seconds
[2025-12-12T07:47:49.325-0500] {processor.py:161} INFO - Started process (PID=59405) to work on /Users/evankrupa/airflow_project/env/lib/python3.11/site-packages/airflow/example_dags/example_time_delta_sensor_async.py
[2025-12-12T07:47:49.325-0500] {processor.py:830} INFO - Processing file /Users/evankrupa/airflow_project/env/lib/python3.11/site-packages/airflow/example_dags/example_time_delta_sensor_async.py for tasks to queue
[2025-12-12T07:47:49.325-0500] {logging_mixin.py:188} INFO - [2025-12-12T07:47:49.325-0500] {dagbag.py:545} INFO - Filling up the DagBag from /Users/evankrupa/airflow_project/env/lib/python3.11/site-packages/airflow/example_dags/example_time_delta_sensor_async.py
[2025-12-12T07:47:49.329-0500] {processor.py:840} INFO - DAG(s) 'example_time_delta_sensor_async' retrieved from /Users/evankrupa/airflow_project/env/lib/python3.11/site-packages/airflow/example_dags/example_time_delta_sensor_async.py
[2025-12-12T07:47:49.364-0500] {logging_mixin.py:188} INFO - [2025-12-12T07:47:49.363-0500] {dag.py:3096} INFO - Sync 1 DAGs
[2025-12-12T07:47:49.368-0500] {logging_mixin.py:188} INFO - [2025-12-12T07:47:49.367-0500] {dag.py:3954} INFO - Setting next_dagrun for example_time_delta_sensor_async to None, run_after=None
[2025-12-12T07:47:49.375-0500] {processor.py:183} INFO - Processing /Users/evankrupa/airflow_project/env/lib/python3.11/site-packages/airflow/example_dags/example_time_delta_sensor_async.py took 0.051 seconds
[2025-12-12T07:49:18.540-0500] {processor.py:161} INFO - Started process (PID=59506) to work on /Users/evankrupa/airflow_project/env/lib/python3.11/site-packages/airflow/example_dags/example_time_delta_sensor_async.py
[2025-12-12T07:49:18.540-0500] {processor.py:830} INFO - Processing file /Users/evankrupa/airflow_project/env/lib/python3.11/site-packages/airflow/example_dags/example_time_delta_sensor_async.py for tasks to queue
[2025-12-12T07:49:18.541-0500] {logging_mixin.py:188} INFO - [2025-12-12T07:49:18.541-0500] {dagbag.py:545} INFO - Filling up the DagBag from /Users/evankrupa/airflow_project/env/lib/python3.11/site-packages/airflow/example_dags/example_time_delta_sensor_async.py
[2025-12-12T07:49:18.544-0500] {processor.py:840} INFO - DAG(s) 'example_time_delta_sensor_async' retrieved from /Users/evankrupa/airflow_project/env/lib/python3.11/site-packages/airflow/example_dags/example_time_delta_sensor_async.py
[2025-12-12T07:49:18.581-0500] {logging_mixin.py:188} INFO - [2025-12-12T07:49:18.581-0500] {dag.py:3096} INFO - Sync 1 DAGs
[2025-12-12T07:49:18.585-0500] {logging_mixin.py:188} INFO - [2025-12-12T07:49:18.584-0500] {dag.py:3954} INFO - Setting next_dagrun for example_time_delta_sensor_async to None, run_after=None
[2025-12-12T07:49:18.592-0500] {processor.py:183} INFO - Processing /Users/evankrupa/airflow_project/env/lib/python3.11/site-packages/airflow/example_dags/example_time_delta_sensor_async.py took 0.053 seconds
[2025-12-12T07:50:44.091-0500] {processor.py:161} INFO - Started process (PID=59581) to work on /Users/evankrupa/airflow_project/env/lib/python3.11/site-packages/airflow/example_dags/example_time_delta_sensor_async.py
[2025-12-12T07:50:44.092-0500] {processor.py:830} INFO - Processing file /Users/evankrupa/airflow_project/env/lib/python3.11/site-packages/airflow/example_dags/example_time_delta_sensor_async.py for tasks to queue
[2025-12-12T07:50:44.092-0500] {logging_mixin.py:188} INFO - [2025-12-12T07:50:44.092-0500] {dagbag.py:545} INFO - Filling up the DagBag from /Users/evankrupa/airflow_project/env/lib/python3.11/site-packages/airflow/example_dags/example_time_delta_sensor_async.py
[2025-12-12T07:50:44.095-0500] {processor.py:840} INFO - DAG(s) 'example_time_delta_sensor_async' retrieved from /Users/evankrupa/airflow_project/env/lib/python3.11/site-packages/airflow/example_dags/example_time_delta_sensor_async.py
[2025-12-12T07:50:44.125-0500] {logging_mixin.py:188} INFO - [2025-12-12T07:50:44.124-0500] {dag.py:3096} INFO - Sync 1 DAGs
[2025-12-12T07:50:44.127-0500] {logging_mixin.py:188} INFO - [2025-12-12T07:50:44.127-0500] {dag.py:3954} INFO - Setting next_dagrun for example_time_delta_sensor_async to None, run_after=None
[2025-12-12T07:50:44.133-0500] {processor.py:183} INFO - Processing /Users/evankrupa/airflow_project/env/lib/python3.11/site-packages/airflow/example_dags/example_time_delta_sensor_async.py took 0.043 seconds
[2025-12-12T07:52:08.801-0500] {processor.py:161} INFO - Started process (PID=59650) to work on /Users/evankrupa/airflow_project/env/lib/python3.11/site-packages/airflow/example_dags/example_time_delta_sensor_async.py
[2025-12-12T07:52:08.803-0500] {processor.py:830} INFO - Processing file /Users/evankrupa/airflow_project/env/lib/python3.11/site-packages/airflow/example_dags/example_time_delta_sensor_async.py for tasks to queue
[2025-12-12T07:52:08.803-0500] {logging_mixin.py:188} INFO - [2025-12-12T07:52:08.803-0500] {dagbag.py:545} INFO - Filling up the DagBag from /Users/evankrupa/airflow_project/env/lib/python3.11/site-packages/airflow/example_dags/example_time_delta_sensor_async.py
[2025-12-12T07:52:08.806-0500] {processor.py:840} INFO - DAG(s) 'example_time_delta_sensor_async' retrieved from /Users/evankrupa/airflow_project/env/lib/python3.11/site-packages/airflow/example_dags/example_time_delta_sensor_async.py
[2025-12-12T07:52:08.835-0500] {logging_mixin.py:188} INFO - [2025-12-12T07:52:08.835-0500] {dag.py:3096} INFO - Sync 1 DAGs
[2025-12-12T07:52:08.838-0500] {logging_mixin.py:188} INFO - [2025-12-12T07:52:08.838-0500] {dag.py:3954} INFO - Setting next_dagrun for example_time_delta_sensor_async to None, run_after=None
[2025-12-12T07:52:08.843-0500] {processor.py:183} INFO - Processing /Users/evankrupa/airflow_project/env/lib/python3.11/site-packages/airflow/example_dags/example_time_delta_sensor_async.py took 0.043 seconds
[2025-12-12T07:53:31.599-0500] {processor.py:161} INFO - Started process (PID=59738) to work on /Users/evankrupa/airflow_project/env/lib/python3.11/site-packages/airflow/example_dags/example_time_delta_sensor_async.py
[2025-12-12T07:53:31.600-0500] {processor.py:830} INFO - Processing file /Users/evankrupa/airflow_project/env/lib/python3.11/site-packages/airflow/example_dags/example_time_delta_sensor_async.py for tasks to queue
[2025-12-12T07:53:31.601-0500] {logging_mixin.py:188} INFO - [2025-12-12T07:53:31.600-0500] {dagbag.py:545} INFO - Filling up the DagBag from /Users/evankrupa/airflow_project/env/lib/python3.11/site-packages/airflow/example_dags/example_time_delta_sensor_async.py
[2025-12-12T07:53:31.603-0500] {processor.py:840} INFO - DAG(s) 'example_time_delta_sensor_async' retrieved from /Users/evankrupa/airflow_project/env/lib/python3.11/site-packages/airflow/example_dags/example_time_delta_sensor_async.py
[2025-12-12T07:53:31.633-0500] {logging_mixin.py:188} INFO - [2025-12-12T07:53:31.632-0500] {dag.py:3096} INFO - Sync 1 DAGs
[2025-12-12T07:53:31.635-0500] {logging_mixin.py:188} INFO - [2025-12-12T07:53:31.635-0500] {dag.py:3954} INFO - Setting next_dagrun for example_time_delta_sensor_async to None, run_after=None
[2025-12-12T07:53:31.641-0500] {processor.py:183} INFO - Processing /Users/evankrupa/airflow_project/env/lib/python3.11/site-packages/airflow/example_dags/example_time_delta_sensor_async.py took 0.043 seconds
[2025-12-12T07:54:54.420-0500] {processor.py:161} INFO - Started process (PID=59812) to work on /Users/evankrupa/airflow_project/env/lib/python3.11/site-packages/airflow/example_dags/example_time_delta_sensor_async.py
[2025-12-12T07:54:54.422-0500] {processor.py:830} INFO - Processing file /Users/evankrupa/airflow_project/env/lib/python3.11/site-packages/airflow/example_dags/example_time_delta_sensor_async.py for tasks to queue
[2025-12-12T07:54:54.422-0500] {logging_mixin.py:188} INFO - [2025-12-12T07:54:54.422-0500] {dagbag.py:545} INFO - Filling up the DagBag from /Users/evankrupa/airflow_project/env/lib/python3.11/site-packages/airflow/example_dags/example_time_delta_sensor_async.py
[2025-12-12T07:54:54.425-0500] {processor.py:840} INFO - DAG(s) 'example_time_delta_sensor_async' retrieved from /Users/evankrupa/airflow_project/env/lib/python3.11/site-packages/airflow/example_dags/example_time_delta_sensor_async.py
[2025-12-12T07:54:54.454-0500] {logging_mixin.py:188} INFO - [2025-12-12T07:54:54.454-0500] {dag.py:3096} INFO - Sync 1 DAGs
[2025-12-12T07:54:54.457-0500] {logging_mixin.py:188} INFO - [2025-12-12T07:54:54.456-0500] {dag.py:3954} INFO - Setting next_dagrun for example_time_delta_sensor_async to None, run_after=None
[2025-12-12T07:54:54.462-0500] {processor.py:183} INFO - Processing /Users/evankrupa/airflow_project/env/lib/python3.11/site-packages/airflow/example_dags/example_time_delta_sensor_async.py took 0.043 seconds
[2025-12-12T07:56:20.028-0500] {processor.py:161} INFO - Started process (PID=59891) to work on /Users/evankrupa/airflow_project/env/lib/python3.11/site-packages/airflow/example_dags/example_time_delta_sensor_async.py
[2025-12-12T07:56:20.028-0500] {processor.py:830} INFO - Processing file /Users/evankrupa/airflow_project/env/lib/python3.11/site-packages/airflow/example_dags/example_time_delta_sensor_async.py for tasks to queue
[2025-12-12T07:56:20.028-0500] {logging_mixin.py:188} INFO - [2025-12-12T07:56:20.028-0500] {dagbag.py:545} INFO - Filling up the DagBag from /Users/evankrupa/airflow_project/env/lib/python3.11/site-packages/airflow/example_dags/example_time_delta_sensor_async.py
[2025-12-12T07:56:20.031-0500] {processor.py:840} INFO - DAG(s) 'example_time_delta_sensor_async' retrieved from /Users/evankrupa/airflow_project/env/lib/python3.11/site-packages/airflow/example_dags/example_time_delta_sensor_async.py
[2025-12-12T07:56:20.062-0500] {logging_mixin.py:188} INFO - [2025-12-12T07:56:20.062-0500] {dag.py:3096} INFO - Sync 1 DAGs
[2025-12-12T07:56:20.065-0500] {logging_mixin.py:188} INFO - [2025-12-12T07:56:20.065-0500] {dag.py:3954} INFO - Setting next_dagrun for example_time_delta_sensor_async to None, run_after=None
[2025-12-12T07:56:20.071-0500] {processor.py:183} INFO - Processing /Users/evankrupa/airflow_project/env/lib/python3.11/site-packages/airflow/example_dags/example_time_delta_sensor_async.py took 0.045 seconds
[2025-12-12T07:57:46.638-0500] {processor.py:161} INFO - Started process (PID=60412) to work on /Users/evankrupa/airflow_project/env/lib/python3.11/site-packages/airflow/example_dags/example_time_delta_sensor_async.py
[2025-12-12T07:57:46.639-0500] {processor.py:830} INFO - Processing file /Users/evankrupa/airflow_project/env/lib/python3.11/site-packages/airflow/example_dags/example_time_delta_sensor_async.py for tasks to queue
[2025-12-12T07:57:46.639-0500] {logging_mixin.py:188} INFO - [2025-12-12T07:57:46.639-0500] {dagbag.py:545} INFO - Filling up the DagBag from /Users/evankrupa/airflow_project/env/lib/python3.11/site-packages/airflow/example_dags/example_time_delta_sensor_async.py
[2025-12-12T07:57:46.642-0500] {processor.py:840} INFO - DAG(s) 'example_time_delta_sensor_async' retrieved from /Users/evankrupa/airflow_project/env/lib/python3.11/site-packages/airflow/example_dags/example_time_delta_sensor_async.py
[2025-12-12T07:57:46.672-0500] {logging_mixin.py:188} INFO - [2025-12-12T07:57:46.672-0500] {dag.py:3096} INFO - Sync 1 DAGs
[2025-12-12T07:57:46.675-0500] {logging_mixin.py:188} INFO - [2025-12-12T07:57:46.675-0500] {dag.py:3954} INFO - Setting next_dagrun for example_time_delta_sensor_async to None, run_after=None
[2025-12-12T07:57:46.681-0500] {processor.py:183} INFO - Processing /Users/evankrupa/airflow_project/env/lib/python3.11/site-packages/airflow/example_dags/example_time_delta_sensor_async.py took 0.044 seconds
[2025-12-12T07:59:11.984-0500] {processor.py:161} INFO - Started process (PID=62595) to work on /Users/evankrupa/airflow_project/env/lib/python3.11/site-packages/airflow/example_dags/example_time_delta_sensor_async.py
[2025-12-12T07:59:11.987-0500] {processor.py:830} INFO - Processing file /Users/evankrupa/airflow_project/env/lib/python3.11/site-packages/airflow/example_dags/example_time_delta_sensor_async.py for tasks to queue
[2025-12-12T07:59:11.988-0500] {logging_mixin.py:188} INFO - [2025-12-12T07:59:11.988-0500] {dagbag.py:545} INFO - Filling up the DagBag from /Users/evankrupa/airflow_project/env/lib/python3.11/site-packages/airflow/example_dags/example_time_delta_sensor_async.py
[2025-12-12T07:59:11.991-0500] {processor.py:840} INFO - DAG(s) 'example_time_delta_sensor_async' retrieved from /Users/evankrupa/airflow_project/env/lib/python3.11/site-packages/airflow/example_dags/example_time_delta_sensor_async.py
[2025-12-12T07:59:12.023-0500] {logging_mixin.py:188} INFO - [2025-12-12T07:59:12.022-0500] {dag.py:3096} INFO - Sync 1 DAGs
[2025-12-12T07:59:12.025-0500] {logging_mixin.py:188} INFO - [2025-12-12T07:59:12.025-0500] {dag.py:3954} INFO - Setting next_dagrun for example_time_delta_sensor_async to None, run_after=None
[2025-12-12T07:59:12.031-0500] {processor.py:183} INFO - Processing /Users/evankrupa/airflow_project/env/lib/python3.11/site-packages/airflow/example_dags/example_time_delta_sensor_async.py took 0.048 seconds
[2025-12-12T08:00:33.788-0500] {processor.py:161} INFO - Started process (PID=62770) to work on /Users/evankrupa/airflow_project/env/lib/python3.11/site-packages/airflow/example_dags/example_time_delta_sensor_async.py
[2025-12-12T08:00:33.789-0500] {processor.py:830} INFO - Processing file /Users/evankrupa/airflow_project/env/lib/python3.11/site-packages/airflow/example_dags/example_time_delta_sensor_async.py for tasks to queue
[2025-12-12T08:00:33.789-0500] {logging_mixin.py:188} INFO - [2025-12-12T08:00:33.789-0500] {dagbag.py:545} INFO - Filling up the DagBag from /Users/evankrupa/airflow_project/env/lib/python3.11/site-packages/airflow/example_dags/example_time_delta_sensor_async.py
[2025-12-12T08:00:33.792-0500] {processor.py:840} INFO - DAG(s) 'example_time_delta_sensor_async' retrieved from /Users/evankrupa/airflow_project/env/lib/python3.11/site-packages/airflow/example_dags/example_time_delta_sensor_async.py
[2025-12-12T08:00:33.822-0500] {logging_mixin.py:188} INFO - [2025-12-12T08:00:33.822-0500] {dag.py:3096} INFO - Sync 1 DAGs
[2025-12-12T08:00:33.825-0500] {logging_mixin.py:188} INFO - [2025-12-12T08:00:33.824-0500] {dag.py:3954} INFO - Setting next_dagrun for example_time_delta_sensor_async to None, run_after=None
[2025-12-12T08:00:33.830-0500] {processor.py:183} INFO - Processing /Users/evankrupa/airflow_project/env/lib/python3.11/site-packages/airflow/example_dags/example_time_delta_sensor_async.py took 0.044 seconds
[2025-12-12T08:01:56.850-0500] {processor.py:161} INFO - Started process (PID=62836) to work on /Users/evankrupa/airflow_project/env/lib/python3.11/site-packages/airflow/example_dags/example_time_delta_sensor_async.py
[2025-12-12T08:01:56.851-0500] {processor.py:830} INFO - Processing file /Users/evankrupa/airflow_project/env/lib/python3.11/site-packages/airflow/example_dags/example_time_delta_sensor_async.py for tasks to queue
[2025-12-12T08:01:56.852-0500] {logging_mixin.py:188} INFO - [2025-12-12T08:01:56.851-0500] {dagbag.py:545} INFO - Filling up the DagBag from /Users/evankrupa/airflow_project/env/lib/python3.11/site-packages/airflow/example_dags/example_time_delta_sensor_async.py
[2025-12-12T08:01:56.854-0500] {processor.py:840} INFO - DAG(s) 'example_time_delta_sensor_async' retrieved from /Users/evankrupa/airflow_project/env/lib/python3.11/site-packages/airflow/example_dags/example_time_delta_sensor_async.py
[2025-12-12T08:01:56.884-0500] {logging_mixin.py:188} INFO - [2025-12-12T08:01:56.884-0500] {dag.py:3096} INFO - Sync 1 DAGs
[2025-12-12T08:01:56.887-0500] {logging_mixin.py:188} INFO - [2025-12-12T08:01:56.887-0500] {dag.py:3954} INFO - Setting next_dagrun for example_time_delta_sensor_async to None, run_after=None
[2025-12-12T08:01:56.893-0500] {processor.py:183} INFO - Processing /Users/evankrupa/airflow_project/env/lib/python3.11/site-packages/airflow/example_dags/example_time_delta_sensor_async.py took 0.043 seconds
[2025-12-12T08:03:22.826-0500] {processor.py:161} INFO - Started process (PID=62902) to work on /Users/evankrupa/airflow_project/env/lib/python3.11/site-packages/airflow/example_dags/example_time_delta_sensor_async.py
[2025-12-12T08:03:22.827-0500] {processor.py:830} INFO - Processing file /Users/evankrupa/airflow_project/env/lib/python3.11/site-packages/airflow/example_dags/example_time_delta_sensor_async.py for tasks to queue
[2025-12-12T08:03:22.827-0500] {logging_mixin.py:188} INFO - [2025-12-12T08:03:22.827-0500] {dagbag.py:545} INFO - Filling up the DagBag from /Users/evankrupa/airflow_project/env/lib/python3.11/site-packages/airflow/example_dags/example_time_delta_sensor_async.py
[2025-12-12T08:03:22.830-0500] {processor.py:840} INFO - DAG(s) 'example_time_delta_sensor_async' retrieved from /Users/evankrupa/airflow_project/env/lib/python3.11/site-packages/airflow/example_dags/example_time_delta_sensor_async.py
[2025-12-12T08:03:22.860-0500] {logging_mixin.py:188} INFO - [2025-12-12T08:03:22.860-0500] {dag.py:3096} INFO - Sync 1 DAGs
[2025-12-12T08:03:22.862-0500] {logging_mixin.py:188} INFO - [2025-12-12T08:03:22.862-0500] {dag.py:3954} INFO - Setting next_dagrun for example_time_delta_sensor_async to None, run_after=None
[2025-12-12T08:03:22.868-0500] {processor.py:183} INFO - Processing /Users/evankrupa/airflow_project/env/lib/python3.11/site-packages/airflow/example_dags/example_time_delta_sensor_async.py took 0.043 seconds
[2025-12-12T08:04:47.831-0500] {processor.py:161} INFO - Started process (PID=63052) to work on /Users/evankrupa/airflow_project/env/lib/python3.11/site-packages/airflow/example_dags/example_time_delta_sensor_async.py
[2025-12-12T08:04:47.832-0500] {processor.py:830} INFO - Processing file /Users/evankrupa/airflow_project/env/lib/python3.11/site-packages/airflow/example_dags/example_time_delta_sensor_async.py for tasks to queue
[2025-12-12T08:04:47.832-0500] {logging_mixin.py:188} INFO - [2025-12-12T08:04:47.832-0500] {dagbag.py:545} INFO - Filling up the DagBag from /Users/evankrupa/airflow_project/env/lib/python3.11/site-packages/airflow/example_dags/example_time_delta_sensor_async.py
[2025-12-12T08:04:47.835-0500] {processor.py:840} INFO - DAG(s) 'example_time_delta_sensor_async' retrieved from /Users/evankrupa/airflow_project/env/lib/python3.11/site-packages/airflow/example_dags/example_time_delta_sensor_async.py
[2025-12-12T08:04:47.864-0500] {logging_mixin.py:188} INFO - [2025-12-12T08:04:47.864-0500] {dag.py:3096} INFO - Sync 1 DAGs
[2025-12-12T08:04:47.867-0500] {logging_mixin.py:188} INFO - [2025-12-12T08:04:47.867-0500] {dag.py:3954} INFO - Setting next_dagrun for example_time_delta_sensor_async to None, run_after=None
[2025-12-12T08:04:47.873-0500] {processor.py:183} INFO - Processing /Users/evankrupa/airflow_project/env/lib/python3.11/site-packages/airflow/example_dags/example_time_delta_sensor_async.py took 0.042 seconds
[2025-12-12T08:06:11.435-0500] {processor.py:161} INFO - Started process (PID=63128) to work on /Users/evankrupa/airflow_project/env/lib/python3.11/site-packages/airflow/example_dags/example_time_delta_sensor_async.py
[2025-12-12T08:06:11.435-0500] {processor.py:830} INFO - Processing file /Users/evankrupa/airflow_project/env/lib/python3.11/site-packages/airflow/example_dags/example_time_delta_sensor_async.py for tasks to queue
[2025-12-12T08:06:11.436-0500] {logging_mixin.py:188} INFO - [2025-12-12T08:06:11.436-0500] {dagbag.py:545} INFO - Filling up the DagBag from /Users/evankrupa/airflow_project/env/lib/python3.11/site-packages/airflow/example_dags/example_time_delta_sensor_async.py
[2025-12-12T08:06:11.439-0500] {processor.py:840} INFO - DAG(s) 'example_time_delta_sensor_async' retrieved from /Users/evankrupa/airflow_project/env/lib/python3.11/site-packages/airflow/example_dags/example_time_delta_sensor_async.py
[2025-12-12T08:06:11.469-0500] {logging_mixin.py:188} INFO - [2025-12-12T08:06:11.468-0500] {dag.py:3096} INFO - Sync 1 DAGs
[2025-12-12T08:06:11.471-0500] {logging_mixin.py:188} INFO - [2025-12-12T08:06:11.471-0500] {dag.py:3954} INFO - Setting next_dagrun for example_time_delta_sensor_async to None, run_after=None
[2025-12-12T08:06:11.477-0500] {processor.py:183} INFO - Processing /Users/evankrupa/airflow_project/env/lib/python3.11/site-packages/airflow/example_dags/example_time_delta_sensor_async.py took 0.043 seconds
[2025-12-12T08:07:40.436-0500] {processor.py:161} INFO - Started process (PID=63655) to work on /Users/evankrupa/airflow_project/env/lib/python3.11/site-packages/airflow/example_dags/example_time_delta_sensor_async.py
[2025-12-12T08:07:40.437-0500] {processor.py:830} INFO - Processing file /Users/evankrupa/airflow_project/env/lib/python3.11/site-packages/airflow/example_dags/example_time_delta_sensor_async.py for tasks to queue
[2025-12-12T08:07:40.437-0500] {logging_mixin.py:188} INFO - [2025-12-12T08:07:40.437-0500] {dagbag.py:545} INFO - Filling up the DagBag from /Users/evankrupa/airflow_project/env/lib/python3.11/site-packages/airflow/example_dags/example_time_delta_sensor_async.py
[2025-12-12T08:07:40.440-0500] {processor.py:840} INFO - DAG(s) 'example_time_delta_sensor_async' retrieved from /Users/evankrupa/airflow_project/env/lib/python3.11/site-packages/airflow/example_dags/example_time_delta_sensor_async.py
[2025-12-12T08:07:40.470-0500] {logging_mixin.py:188} INFO - [2025-12-12T08:07:40.470-0500] {dag.py:3096} INFO - Sync 1 DAGs
[2025-12-12T08:07:40.472-0500] {logging_mixin.py:188} INFO - [2025-12-12T08:07:40.472-0500] {dag.py:3954} INFO - Setting next_dagrun for example_time_delta_sensor_async to None, run_after=None
[2025-12-12T08:07:40.478-0500] {processor.py:183} INFO - Processing /Users/evankrupa/airflow_project/env/lib/python3.11/site-packages/airflow/example_dags/example_time_delta_sensor_async.py took 0.043 seconds
[2025-12-12T08:09:05.673-0500] {processor.py:161} INFO - Started process (PID=63720) to work on /Users/evankrupa/airflow_project/env/lib/python3.11/site-packages/airflow/example_dags/example_time_delta_sensor_async.py
[2025-12-12T08:09:05.674-0500] {processor.py:830} INFO - Processing file /Users/evankrupa/airflow_project/env/lib/python3.11/site-packages/airflow/example_dags/example_time_delta_sensor_async.py for tasks to queue
[2025-12-12T08:09:05.674-0500] {logging_mixin.py:188} INFO - [2025-12-12T08:09:05.674-0500] {dagbag.py:545} INFO - Filling up the DagBag from /Users/evankrupa/airflow_project/env/lib/python3.11/site-packages/airflow/example_dags/example_time_delta_sensor_async.py
[2025-12-12T08:09:05.677-0500] {processor.py:840} INFO - DAG(s) 'example_time_delta_sensor_async' retrieved from /Users/evankrupa/airflow_project/env/lib/python3.11/site-packages/airflow/example_dags/example_time_delta_sensor_async.py
[2025-12-12T08:09:05.707-0500] {logging_mixin.py:188} INFO - [2025-12-12T08:09:05.707-0500] {dag.py:3096} INFO - Sync 1 DAGs
[2025-12-12T08:09:05.710-0500] {logging_mixin.py:188} INFO - [2025-12-12T08:09:05.710-0500] {dag.py:3954} INFO - Setting next_dagrun for example_time_delta_sensor_async to None, run_after=None
[2025-12-12T08:09:05.716-0500] {processor.py:183} INFO - Processing /Users/evankrupa/airflow_project/env/lib/python3.11/site-packages/airflow/example_dags/example_time_delta_sensor_async.py took 0.044 seconds
[2025-12-12T08:10:32.001-0500] {processor.py:161} INFO - Started process (PID=63792) to work on /Users/evankrupa/airflow_project/env/lib/python3.11/site-packages/airflow/example_dags/example_time_delta_sensor_async.py
[2025-12-12T08:10:32.002-0500] {processor.py:830} INFO - Processing file /Users/evankrupa/airflow_project/env/lib/python3.11/site-packages/airflow/example_dags/example_time_delta_sensor_async.py for tasks to queue
[2025-12-12T08:10:32.002-0500] {logging_mixin.py:188} INFO - [2025-12-12T08:10:32.002-0500] {dagbag.py:545} INFO - Filling up the DagBag from /Users/evankrupa/airflow_project/env/lib/python3.11/site-packages/airflow/example_dags/example_time_delta_sensor_async.py
[2025-12-12T08:10:32.005-0500] {processor.py:840} INFO - DAG(s) 'example_time_delta_sensor_async' retrieved from /Users/evankrupa/airflow_project/env/lib/python3.11/site-packages/airflow/example_dags/example_time_delta_sensor_async.py
[2025-12-12T08:10:32.040-0500] {logging_mixin.py:188} INFO - [2025-12-12T08:10:32.040-0500] {dag.py:3096} INFO - Sync 1 DAGs
[2025-12-12T08:10:32.044-0500] {logging_mixin.py:188} INFO - [2025-12-12T08:10:32.044-0500] {dag.py:3954} INFO - Setting next_dagrun for example_time_delta_sensor_async to None, run_after=None
[2025-12-12T08:10:32.052-0500] {processor.py:183} INFO - Processing /Users/evankrupa/airflow_project/env/lib/python3.11/site-packages/airflow/example_dags/example_time_delta_sensor_async.py took 0.052 seconds
[2025-12-12T08:11:59.634-0500] {processor.py:161} INFO - Started process (PID=63859) to work on /Users/evankrupa/airflow_project/env/lib/python3.11/site-packages/airflow/example_dags/example_time_delta_sensor_async.py
[2025-12-12T08:11:59.635-0500] {processor.py:830} INFO - Processing file /Users/evankrupa/airflow_project/env/lib/python3.11/site-packages/airflow/example_dags/example_time_delta_sensor_async.py for tasks to queue
[2025-12-12T08:11:59.635-0500] {logging_mixin.py:188} INFO - [2025-12-12T08:11:59.635-0500] {dagbag.py:545} INFO - Filling up the DagBag from /Users/evankrupa/airflow_project/env/lib/python3.11/site-packages/airflow/example_dags/example_time_delta_sensor_async.py
[2025-12-12T08:11:59.638-0500] {processor.py:840} INFO - DAG(s) 'example_time_delta_sensor_async' retrieved from /Users/evankrupa/airflow_project/env/lib/python3.11/site-packages/airflow/example_dags/example_time_delta_sensor_async.py
[2025-12-12T08:11:59.672-0500] {logging_mixin.py:188} INFO - [2025-12-12T08:11:59.671-0500] {dag.py:3096} INFO - Sync 1 DAGs
[2025-12-12T08:11:59.674-0500] {logging_mixin.py:188} INFO - [2025-12-12T08:11:59.674-0500] {dag.py:3954} INFO - Setting next_dagrun for example_time_delta_sensor_async to None, run_after=None
[2025-12-12T08:11:59.680-0500] {processor.py:183} INFO - Processing /Users/evankrupa/airflow_project/env/lib/python3.11/site-packages/airflow/example_dags/example_time_delta_sensor_async.py took 0.048 seconds
[2025-12-12T08:13:23.202-0500] {processor.py:161} INFO - Started process (PID=63925) to work on /Users/evankrupa/airflow_project/env/lib/python3.11/site-packages/airflow/example_dags/example_time_delta_sensor_async.py
[2025-12-12T08:13:23.203-0500] {processor.py:830} INFO - Processing file /Users/evankrupa/airflow_project/env/lib/python3.11/site-packages/airflow/example_dags/example_time_delta_sensor_async.py for tasks to queue
[2025-12-12T08:13:23.203-0500] {logging_mixin.py:188} INFO - [2025-12-12T08:13:23.203-0500] {dagbag.py:545} INFO - Filling up the DagBag from /Users/evankrupa/airflow_project/env/lib/python3.11/site-packages/airflow/example_dags/example_time_delta_sensor_async.py
[2025-12-12T08:13:23.206-0500] {processor.py:840} INFO - DAG(s) 'example_time_delta_sensor_async' retrieved from /Users/evankrupa/airflow_project/env/lib/python3.11/site-packages/airflow/example_dags/example_time_delta_sensor_async.py
[2025-12-12T08:13:23.238-0500] {logging_mixin.py:188} INFO - [2025-12-12T08:13:23.238-0500] {dag.py:3096} INFO - Sync 1 DAGs
[2025-12-12T08:13:23.241-0500] {logging_mixin.py:188} INFO - [2025-12-12T08:13:23.241-0500] {dag.py:3954} INFO - Setting next_dagrun for example_time_delta_sensor_async to None, run_after=None
[2025-12-12T08:13:23.247-0500] {processor.py:183} INFO - Processing /Users/evankrupa/airflow_project/env/lib/python3.11/site-packages/airflow/example_dags/example_time_delta_sensor_async.py took 0.046 seconds
[2025-12-12T08:14:47.341-0500] {processor.py:161} INFO - Started process (PID=63992) to work on /Users/evankrupa/airflow_project/env/lib/python3.11/site-packages/airflow/example_dags/example_time_delta_sensor_async.py
[2025-12-12T08:14:47.342-0500] {processor.py:830} INFO - Processing file /Users/evankrupa/airflow_project/env/lib/python3.11/site-packages/airflow/example_dags/example_time_delta_sensor_async.py for tasks to queue
[2025-12-12T08:14:47.342-0500] {logging_mixin.py:188} INFO - [2025-12-12T08:14:47.342-0500] {dagbag.py:545} INFO - Filling up the DagBag from /Users/evankrupa/airflow_project/env/lib/python3.11/site-packages/airflow/example_dags/example_time_delta_sensor_async.py
[2025-12-12T08:14:47.345-0500] {processor.py:840} INFO - DAG(s) 'example_time_delta_sensor_async' retrieved from /Users/evankrupa/airflow_project/env/lib/python3.11/site-packages/airflow/example_dags/example_time_delta_sensor_async.py
[2025-12-12T08:14:47.376-0500] {logging_mixin.py:188} INFO - [2025-12-12T08:14:47.376-0500] {dag.py:3096} INFO - Sync 1 DAGs
[2025-12-12T08:14:47.379-0500] {logging_mixin.py:188} INFO - [2025-12-12T08:14:47.378-0500] {dag.py:3954} INFO - Setting next_dagrun for example_time_delta_sensor_async to None, run_after=None
[2025-12-12T08:14:47.385-0500] {processor.py:183} INFO - Processing /Users/evankrupa/airflow_project/env/lib/python3.11/site-packages/airflow/example_dags/example_time_delta_sensor_async.py took 0.045 seconds
[2025-12-12T08:16:07.617-0500] {processor.py:161} INFO - Started process (PID=64066) to work on /Users/evankrupa/airflow_project/env/lib/python3.11/site-packages/airflow/example_dags/example_time_delta_sensor_async.py
[2025-12-12T08:16:07.618-0500] {processor.py:830} INFO - Processing file /Users/evankrupa/airflow_project/env/lib/python3.11/site-packages/airflow/example_dags/example_time_delta_sensor_async.py for tasks to queue
[2025-12-12T08:16:07.618-0500] {logging_mixin.py:188} INFO - [2025-12-12T08:16:07.618-0500] {dagbag.py:545} INFO - Filling up the DagBag from /Users/evankrupa/airflow_project/env/lib/python3.11/site-packages/airflow/example_dags/example_time_delta_sensor_async.py
[2025-12-12T08:16:07.621-0500] {processor.py:840} INFO - DAG(s) 'example_time_delta_sensor_async' retrieved from /Users/evankrupa/airflow_project/env/lib/python3.11/site-packages/airflow/example_dags/example_time_delta_sensor_async.py
[2025-12-12T08:16:07.651-0500] {logging_mixin.py:188} INFO - [2025-12-12T08:16:07.651-0500] {dag.py:3096} INFO - Sync 1 DAGs
[2025-12-12T08:16:07.654-0500] {logging_mixin.py:188} INFO - [2025-12-12T08:16:07.654-0500] {dag.py:3954} INFO - Setting next_dagrun for example_time_delta_sensor_async to None, run_after=None
[2025-12-12T08:16:07.660-0500] {processor.py:183} INFO - Processing /Users/evankrupa/airflow_project/env/lib/python3.11/site-packages/airflow/example_dags/example_time_delta_sensor_async.py took 0.044 seconds
[2025-12-12T08:17:33.952-0500] {processor.py:161} INFO - Started process (PID=64134) to work on /Users/evankrupa/airflow_project/env/lib/python3.11/site-packages/airflow/example_dags/example_time_delta_sensor_async.py
[2025-12-12T08:17:33.953-0500] {processor.py:830} INFO - Processing file /Users/evankrupa/airflow_project/env/lib/python3.11/site-packages/airflow/example_dags/example_time_delta_sensor_async.py for tasks to queue
[2025-12-12T08:17:33.953-0500] {logging_mixin.py:188} INFO - [2025-12-12T08:17:33.953-0500] {dagbag.py:545} INFO - Filling up the DagBag from /Users/evankrupa/airflow_project/env/lib/python3.11/site-packages/airflow/example_dags/example_time_delta_sensor_async.py
[2025-12-12T08:17:33.956-0500] {processor.py:840} INFO - DAG(s) 'example_time_delta_sensor_async' retrieved from /Users/evankrupa/airflow_project/env/lib/python3.11/site-packages/airflow/example_dags/example_time_delta_sensor_async.py
[2025-12-12T08:17:33.986-0500] {logging_mixin.py:188} INFO - [2025-12-12T08:17:33.986-0500] {dag.py:3096} INFO - Sync 1 DAGs
[2025-12-12T08:17:33.989-0500] {logging_mixin.py:188} INFO - [2025-12-12T08:17:33.989-0500] {dag.py:3954} INFO - Setting next_dagrun for example_time_delta_sensor_async to None, run_after=None
[2025-12-12T08:17:33.995-0500] {processor.py:183} INFO - Processing /Users/evankrupa/airflow_project/env/lib/python3.11/site-packages/airflow/example_dags/example_time_delta_sensor_async.py took 0.044 seconds
[2025-12-12T08:18:56.666-0500] {processor.py:161} INFO - Started process (PID=64203) to work on /Users/evankrupa/airflow_project/env/lib/python3.11/site-packages/airflow/example_dags/example_time_delta_sensor_async.py
[2025-12-12T08:18:56.667-0500] {processor.py:830} INFO - Processing file /Users/evankrupa/airflow_project/env/lib/python3.11/site-packages/airflow/example_dags/example_time_delta_sensor_async.py for tasks to queue
[2025-12-12T08:18:56.667-0500] {logging_mixin.py:188} INFO - [2025-12-12T08:18:56.667-0500] {dagbag.py:545} INFO - Filling up the DagBag from /Users/evankrupa/airflow_project/env/lib/python3.11/site-packages/airflow/example_dags/example_time_delta_sensor_async.py
[2025-12-12T08:18:56.670-0500] {processor.py:840} INFO - DAG(s) 'example_time_delta_sensor_async' retrieved from /Users/evankrupa/airflow_project/env/lib/python3.11/site-packages/airflow/example_dags/example_time_delta_sensor_async.py
[2025-12-12T08:18:56.700-0500] {logging_mixin.py:188} INFO - [2025-12-12T08:18:56.700-0500] {dag.py:3096} INFO - Sync 1 DAGs
[2025-12-12T08:18:56.703-0500] {logging_mixin.py:188} INFO - [2025-12-12T08:18:56.703-0500] {dag.py:3954} INFO - Setting next_dagrun for example_time_delta_sensor_async to None, run_after=None
[2025-12-12T08:18:56.709-0500] {processor.py:183} INFO - Processing /Users/evankrupa/airflow_project/env/lib/python3.11/site-packages/airflow/example_dags/example_time_delta_sensor_async.py took 0.044 seconds
[2025-12-12T08:20:21.797-0500] {processor.py:161} INFO - Started process (PID=64271) to work on /Users/evankrupa/airflow_project/env/lib/python3.11/site-packages/airflow/example_dags/example_time_delta_sensor_async.py
[2025-12-12T08:20:21.798-0500] {processor.py:830} INFO - Processing file /Users/evankrupa/airflow_project/env/lib/python3.11/site-packages/airflow/example_dags/example_time_delta_sensor_async.py for tasks to queue
[2025-12-12T08:20:21.798-0500] {logging_mixin.py:188} INFO - [2025-12-12T08:20:21.798-0500] {dagbag.py:545} INFO - Filling up the DagBag from /Users/evankrupa/airflow_project/env/lib/python3.11/site-packages/airflow/example_dags/example_time_delta_sensor_async.py
[2025-12-12T08:20:21.801-0500] {processor.py:840} INFO - DAG(s) 'example_time_delta_sensor_async' retrieved from /Users/evankrupa/airflow_project/env/lib/python3.11/site-packages/airflow/example_dags/example_time_delta_sensor_async.py
[2025-12-12T08:20:21.834-0500] {logging_mixin.py:188} INFO - [2025-12-12T08:20:21.834-0500] {dag.py:3096} INFO - Sync 1 DAGs
[2025-12-12T08:20:21.837-0500] {logging_mixin.py:188} INFO - [2025-12-12T08:20:21.837-0500] {dag.py:3954} INFO - Setting next_dagrun for example_time_delta_sensor_async to None, run_after=None
[2025-12-12T08:20:21.842-0500] {processor.py:183} INFO - Processing /Users/evankrupa/airflow_project/env/lib/python3.11/site-packages/airflow/example_dags/example_time_delta_sensor_async.py took 0.046 seconds
[2025-12-12T08:21:45.052-0500] {processor.py:161} INFO - Started process (PID=64336) to work on /Users/evankrupa/airflow_project/env/lib/python3.11/site-packages/airflow/example_dags/example_time_delta_sensor_async.py
[2025-12-12T08:21:45.052-0500] {processor.py:830} INFO - Processing file /Users/evankrupa/airflow_project/env/lib/python3.11/site-packages/airflow/example_dags/example_time_delta_sensor_async.py for tasks to queue
[2025-12-12T08:21:45.053-0500] {logging_mixin.py:188} INFO - [2025-12-12T08:21:45.052-0500] {dagbag.py:545} INFO - Filling up the DagBag from /Users/evankrupa/airflow_project/env/lib/python3.11/site-packages/airflow/example_dags/example_time_delta_sensor_async.py
[2025-12-12T08:21:45.056-0500] {processor.py:840} INFO - DAG(s) 'example_time_delta_sensor_async' retrieved from /Users/evankrupa/airflow_project/env/lib/python3.11/site-packages/airflow/example_dags/example_time_delta_sensor_async.py
[2025-12-12T08:21:45.088-0500] {logging_mixin.py:188} INFO - [2025-12-12T08:21:45.088-0500] {dag.py:3096} INFO - Sync 1 DAGs
[2025-12-12T08:21:45.091-0500] {logging_mixin.py:188} INFO - [2025-12-12T08:21:45.091-0500] {dag.py:3954} INFO - Setting next_dagrun for example_time_delta_sensor_async to None, run_after=None
[2025-12-12T08:21:45.098-0500] {processor.py:183} INFO - Processing /Users/evankrupa/airflow_project/env/lib/python3.11/site-packages/airflow/example_dags/example_time_delta_sensor_async.py took 0.047 seconds
[2025-12-12T08:23:10.943-0500] {processor.py:161} INFO - Started process (PID=64403) to work on /Users/evankrupa/airflow_project/env/lib/python3.11/site-packages/airflow/example_dags/example_time_delta_sensor_async.py
[2025-12-12T08:23:10.944-0500] {processor.py:830} INFO - Processing file /Users/evankrupa/airflow_project/env/lib/python3.11/site-packages/airflow/example_dags/example_time_delta_sensor_async.py for tasks to queue
[2025-12-12T08:23:10.944-0500] {logging_mixin.py:188} INFO - [2025-12-12T08:23:10.944-0500] {dagbag.py:545} INFO - Filling up the DagBag from /Users/evankrupa/airflow_project/env/lib/python3.11/site-packages/airflow/example_dags/example_time_delta_sensor_async.py
[2025-12-12T08:23:10.947-0500] {processor.py:840} INFO - DAG(s) 'example_time_delta_sensor_async' retrieved from /Users/evankrupa/airflow_project/env/lib/python3.11/site-packages/airflow/example_dags/example_time_delta_sensor_async.py
[2025-12-12T08:23:10.976-0500] {logging_mixin.py:188} INFO - [2025-12-12T08:23:10.976-0500] {dag.py:3096} INFO - Sync 1 DAGs
[2025-12-12T08:23:10.979-0500] {logging_mixin.py:188} INFO - [2025-12-12T08:23:10.979-0500] {dag.py:3954} INFO - Setting next_dagrun for example_time_delta_sensor_async to None, run_after=None
[2025-12-12T08:23:10.985-0500] {processor.py:183} INFO - Processing /Users/evankrupa/airflow_project/env/lib/python3.11/site-packages/airflow/example_dags/example_time_delta_sensor_async.py took 0.043 seconds
[2025-12-12T08:24:32.236-0500] {processor.py:161} INFO - Started process (PID=64477) to work on /Users/evankrupa/airflow_project/env/lib/python3.11/site-packages/airflow/example_dags/example_time_delta_sensor_async.py
[2025-12-12T08:24:32.236-0500] {processor.py:830} INFO - Processing file /Users/evankrupa/airflow_project/env/lib/python3.11/site-packages/airflow/example_dags/example_time_delta_sensor_async.py for tasks to queue
[2025-12-12T08:24:32.237-0500] {logging_mixin.py:188} INFO - [2025-12-12T08:24:32.236-0500] {dagbag.py:545} INFO - Filling up the DagBag from /Users/evankrupa/airflow_project/env/lib/python3.11/site-packages/airflow/example_dags/example_time_delta_sensor_async.py
[2025-12-12T08:24:32.239-0500] {processor.py:840} INFO - DAG(s) 'example_time_delta_sensor_async' retrieved from /Users/evankrupa/airflow_project/env/lib/python3.11/site-packages/airflow/example_dags/example_time_delta_sensor_async.py
[2025-12-12T08:24:32.270-0500] {logging_mixin.py:188} INFO - [2025-12-12T08:24:32.270-0500] {dag.py:3096} INFO - Sync 1 DAGs
[2025-12-12T08:24:32.272-0500] {logging_mixin.py:188} INFO - [2025-12-12T08:24:32.272-0500] {dag.py:3954} INFO - Setting next_dagrun for example_time_delta_sensor_async to None, run_after=None
[2025-12-12T08:24:32.278-0500] {processor.py:183} INFO - Processing /Users/evankrupa/airflow_project/env/lib/python3.11/site-packages/airflow/example_dags/example_time_delta_sensor_async.py took 0.043 seconds
[2025-12-12T08:25:57.659-0500] {processor.py:161} INFO - Started process (PID=64546) to work on /Users/evankrupa/airflow_project/env/lib/python3.11/site-packages/airflow/example_dags/example_time_delta_sensor_async.py
[2025-12-12T08:25:57.660-0500] {processor.py:830} INFO - Processing file /Users/evankrupa/airflow_project/env/lib/python3.11/site-packages/airflow/example_dags/example_time_delta_sensor_async.py for tasks to queue
[2025-12-12T08:25:57.660-0500] {logging_mixin.py:188} INFO - [2025-12-12T08:25:57.660-0500] {dagbag.py:545} INFO - Filling up the DagBag from /Users/evankrupa/airflow_project/env/lib/python3.11/site-packages/airflow/example_dags/example_time_delta_sensor_async.py
[2025-12-12T08:25:57.663-0500] {processor.py:840} INFO - DAG(s) 'example_time_delta_sensor_async' retrieved from /Users/evankrupa/airflow_project/env/lib/python3.11/site-packages/airflow/example_dags/example_time_delta_sensor_async.py
[2025-12-12T08:25:57.693-0500] {logging_mixin.py:188} INFO - [2025-12-12T08:25:57.692-0500] {dag.py:3096} INFO - Sync 1 DAGs
[2025-12-12T08:25:57.695-0500] {logging_mixin.py:188} INFO - [2025-12-12T08:25:57.695-0500] {dag.py:3954} INFO - Setting next_dagrun for example_time_delta_sensor_async to None, run_after=None
[2025-12-12T08:25:57.701-0500] {processor.py:183} INFO - Processing /Users/evankrupa/airflow_project/env/lib/python3.11/site-packages/airflow/example_dags/example_time_delta_sensor_async.py took 0.043 seconds
[2025-12-12T08:27:23.589-0500] {processor.py:161} INFO - Started process (PID=64630) to work on /Users/evankrupa/airflow_project/env/lib/python3.11/site-packages/airflow/example_dags/example_time_delta_sensor_async.py
[2025-12-12T08:27:23.589-0500] {processor.py:830} INFO - Processing file /Users/evankrupa/airflow_project/env/lib/python3.11/site-packages/airflow/example_dags/example_time_delta_sensor_async.py for tasks to queue
[2025-12-12T08:27:23.590-0500] {logging_mixin.py:188} INFO - [2025-12-12T08:27:23.589-0500] {dagbag.py:545} INFO - Filling up the DagBag from /Users/evankrupa/airflow_project/env/lib/python3.11/site-packages/airflow/example_dags/example_time_delta_sensor_async.py
[2025-12-12T08:27:23.593-0500] {processor.py:840} INFO - DAG(s) 'example_time_delta_sensor_async' retrieved from /Users/evankrupa/airflow_project/env/lib/python3.11/site-packages/airflow/example_dags/example_time_delta_sensor_async.py
[2025-12-12T08:27:23.623-0500] {logging_mixin.py:188} INFO - [2025-12-12T08:27:23.622-0500] {dag.py:3096} INFO - Sync 1 DAGs
[2025-12-12T08:27:23.625-0500] {logging_mixin.py:188} INFO - [2025-12-12T08:27:23.625-0500] {dag.py:3954} INFO - Setting next_dagrun for example_time_delta_sensor_async to None, run_after=None
[2025-12-12T08:27:23.631-0500] {processor.py:183} INFO - Processing /Users/evankrupa/airflow_project/env/lib/python3.11/site-packages/airflow/example_dags/example_time_delta_sensor_async.py took 0.043 seconds
[2025-12-12T08:28:48.493-0500] {processor.py:161} INFO - Started process (PID=64722) to work on /Users/evankrupa/airflow_project/env/lib/python3.11/site-packages/airflow/example_dags/example_time_delta_sensor_async.py
[2025-12-12T08:28:48.494-0500] {processor.py:830} INFO - Processing file /Users/evankrupa/airflow_project/env/lib/python3.11/site-packages/airflow/example_dags/example_time_delta_sensor_async.py for tasks to queue
[2025-12-12T08:28:48.494-0500] {logging_mixin.py:188} INFO - [2025-12-12T08:28:48.494-0500] {dagbag.py:545} INFO - Filling up the DagBag from /Users/evankrupa/airflow_project/env/lib/python3.11/site-packages/airflow/example_dags/example_time_delta_sensor_async.py
[2025-12-12T08:28:48.497-0500] {processor.py:840} INFO - DAG(s) 'example_time_delta_sensor_async' retrieved from /Users/evankrupa/airflow_project/env/lib/python3.11/site-packages/airflow/example_dags/example_time_delta_sensor_async.py
[2025-12-12T08:28:48.529-0500] {logging_mixin.py:188} INFO - [2025-12-12T08:28:48.529-0500] {dag.py:3096} INFO - Sync 1 DAGs
[2025-12-12T08:28:48.531-0500] {logging_mixin.py:188} INFO - [2025-12-12T08:28:48.531-0500] {dag.py:3954} INFO - Setting next_dagrun for example_time_delta_sensor_async to None, run_after=None
[2025-12-12T08:28:48.537-0500] {processor.py:183} INFO - Processing /Users/evankrupa/airflow_project/env/lib/python3.11/site-packages/airflow/example_dags/example_time_delta_sensor_async.py took 0.045 seconds
[2025-12-12T08:30:08.700-0500] {processor.py:161} INFO - Started process (PID=64804) to work on /Users/evankrupa/airflow_project/env/lib/python3.11/site-packages/airflow/example_dags/example_time_delta_sensor_async.py
[2025-12-12T08:30:08.701-0500] {processor.py:830} INFO - Processing file /Users/evankrupa/airflow_project/env/lib/python3.11/site-packages/airflow/example_dags/example_time_delta_sensor_async.py for tasks to queue
[2025-12-12T08:30:08.702-0500] {logging_mixin.py:188} INFO - [2025-12-12T08:30:08.701-0500] {dagbag.py:545} INFO - Filling up the DagBag from /Users/evankrupa/airflow_project/env/lib/python3.11/site-packages/airflow/example_dags/example_time_delta_sensor_async.py
[2025-12-12T08:30:08.704-0500] {processor.py:840} INFO - DAG(s) 'example_time_delta_sensor_async' retrieved from /Users/evankrupa/airflow_project/env/lib/python3.11/site-packages/airflow/example_dags/example_time_delta_sensor_async.py
[2025-12-12T08:30:08.733-0500] {logging_mixin.py:188} INFO - [2025-12-12T08:30:08.733-0500] {dag.py:3096} INFO - Sync 1 DAGs
[2025-12-12T08:30:08.736-0500] {logging_mixin.py:188} INFO - [2025-12-12T08:30:08.736-0500] {dag.py:3954} INFO - Setting next_dagrun for example_time_delta_sensor_async to None, run_after=None
[2025-12-12T08:30:08.742-0500] {processor.py:183} INFO - Processing /Users/evankrupa/airflow_project/env/lib/python3.11/site-packages/airflow/example_dags/example_time_delta_sensor_async.py took 0.043 seconds
[2025-12-12T08:31:30.698-0500] {processor.py:161} INFO - Started process (PID=64881) to work on /Users/evankrupa/airflow_project/env/lib/python3.11/site-packages/airflow/example_dags/example_time_delta_sensor_async.py
[2025-12-12T08:31:30.699-0500] {processor.py:830} INFO - Processing file /Users/evankrupa/airflow_project/env/lib/python3.11/site-packages/airflow/example_dags/example_time_delta_sensor_async.py for tasks to queue
[2025-12-12T08:31:30.700-0500] {logging_mixin.py:188} INFO - [2025-12-12T08:31:30.700-0500] {dagbag.py:545} INFO - Filling up the DagBag from /Users/evankrupa/airflow_project/env/lib/python3.11/site-packages/airflow/example_dags/example_time_delta_sensor_async.py
[2025-12-12T08:31:30.703-0500] {processor.py:840} INFO - DAG(s) 'example_time_delta_sensor_async' retrieved from /Users/evankrupa/airflow_project/env/lib/python3.11/site-packages/airflow/example_dags/example_time_delta_sensor_async.py
[2025-12-12T08:31:30.732-0500] {logging_mixin.py:188} INFO - [2025-12-12T08:31:30.732-0500] {dag.py:3096} INFO - Sync 1 DAGs
[2025-12-12T08:31:30.735-0500] {logging_mixin.py:188} INFO - [2025-12-12T08:31:30.735-0500] {dag.py:3954} INFO - Setting next_dagrun for example_time_delta_sensor_async to None, run_after=None
[2025-12-12T08:31:30.741-0500] {processor.py:183} INFO - Processing /Users/evankrupa/airflow_project/env/lib/python3.11/site-packages/airflow/example_dags/example_time_delta_sensor_async.py took 0.043 seconds
[2025-12-12T08:32:55.932-0500] {processor.py:161} INFO - Started process (PID=64979) to work on /Users/evankrupa/airflow_project/env/lib/python3.11/site-packages/airflow/example_dags/example_time_delta_sensor_async.py
[2025-12-12T08:32:55.933-0500] {processor.py:830} INFO - Processing file /Users/evankrupa/airflow_project/env/lib/python3.11/site-packages/airflow/example_dags/example_time_delta_sensor_async.py for tasks to queue
[2025-12-12T08:32:55.933-0500] {logging_mixin.py:188} INFO - [2025-12-12T08:32:55.933-0500] {dagbag.py:545} INFO - Filling up the DagBag from /Users/evankrupa/airflow_project/env/lib/python3.11/site-packages/airflow/example_dags/example_time_delta_sensor_async.py
[2025-12-12T08:32:55.936-0500] {processor.py:840} INFO - DAG(s) 'example_time_delta_sensor_async' retrieved from /Users/evankrupa/airflow_project/env/lib/python3.11/site-packages/airflow/example_dags/example_time_delta_sensor_async.py
[2025-12-12T08:32:55.966-0500] {logging_mixin.py:188} INFO - [2025-12-12T08:32:55.965-0500] {dag.py:3096} INFO - Sync 1 DAGs
[2025-12-12T08:32:55.968-0500] {logging_mixin.py:188} INFO - [2025-12-12T08:32:55.968-0500] {dag.py:3954} INFO - Setting next_dagrun for example_time_delta_sensor_async to None, run_after=None
[2025-12-12T08:32:55.974-0500] {processor.py:183} INFO - Processing /Users/evankrupa/airflow_project/env/lib/python3.11/site-packages/airflow/example_dags/example_time_delta_sensor_async.py took 0.043 seconds
[2025-12-12T08:34:22.241-0500] {processor.py:161} INFO - Started process (PID=65067) to work on /Users/evankrupa/airflow_project/env/lib/python3.11/site-packages/airflow/example_dags/example_time_delta_sensor_async.py
[2025-12-12T08:34:22.242-0500] {processor.py:830} INFO - Processing file /Users/evankrupa/airflow_project/env/lib/python3.11/site-packages/airflow/example_dags/example_time_delta_sensor_async.py for tasks to queue
[2025-12-12T08:34:22.242-0500] {logging_mixin.py:188} INFO - [2025-12-12T08:34:22.242-0500] {dagbag.py:545} INFO - Filling up the DagBag from /Users/evankrupa/airflow_project/env/lib/python3.11/site-packages/airflow/example_dags/example_time_delta_sensor_async.py
[2025-12-12T08:34:22.245-0500] {processor.py:840} INFO - DAG(s) 'example_time_delta_sensor_async' retrieved from /Users/evankrupa/airflow_project/env/lib/python3.11/site-packages/airflow/example_dags/example_time_delta_sensor_async.py
[2025-12-12T08:34:22.274-0500] {logging_mixin.py:188} INFO - [2025-12-12T08:34:22.274-0500] {dag.py:3096} INFO - Sync 1 DAGs
[2025-12-12T08:34:22.277-0500] {logging_mixin.py:188} INFO - [2025-12-12T08:34:22.277-0500] {dag.py:3954} INFO - Setting next_dagrun for example_time_delta_sensor_async to None, run_after=None
[2025-12-12T08:34:22.282-0500] {processor.py:183} INFO - Processing /Users/evankrupa/airflow_project/env/lib/python3.11/site-packages/airflow/example_dags/example_time_delta_sensor_async.py took 0.042 seconds
[2025-12-12T08:35:47.525-0500] {processor.py:161} INFO - Started process (PID=65166) to work on /Users/evankrupa/airflow_project/env/lib/python3.11/site-packages/airflow/example_dags/example_time_delta_sensor_async.py
[2025-12-12T08:35:47.526-0500] {processor.py:830} INFO - Processing file /Users/evankrupa/airflow_project/env/lib/python3.11/site-packages/airflow/example_dags/example_time_delta_sensor_async.py for tasks to queue
[2025-12-12T08:35:47.526-0500] {logging_mixin.py:188} INFO - [2025-12-12T08:35:47.526-0500] {dagbag.py:545} INFO - Filling up the DagBag from /Users/evankrupa/airflow_project/env/lib/python3.11/site-packages/airflow/example_dags/example_time_delta_sensor_async.py
[2025-12-12T08:35:47.529-0500] {processor.py:840} INFO - DAG(s) 'example_time_delta_sensor_async' retrieved from /Users/evankrupa/airflow_project/env/lib/python3.11/site-packages/airflow/example_dags/example_time_delta_sensor_async.py
[2025-12-12T08:35:47.558-0500] {logging_mixin.py:188} INFO - [2025-12-12T08:35:47.558-0500] {dag.py:3096} INFO - Sync 1 DAGs
[2025-12-12T08:35:47.561-0500] {logging_mixin.py:188} INFO - [2025-12-12T08:35:47.561-0500] {dag.py:3954} INFO - Setting next_dagrun for example_time_delta_sensor_async to None, run_after=None
[2025-12-12T08:35:47.567-0500] {processor.py:183} INFO - Processing /Users/evankrupa/airflow_project/env/lib/python3.11/site-packages/airflow/example_dags/example_time_delta_sensor_async.py took 0.043 seconds
[2025-12-12T08:37:09.858-0500] {processor.py:161} INFO - Started process (PID=65241) to work on /Users/evankrupa/airflow_project/env/lib/python3.11/site-packages/airflow/example_dags/example_time_delta_sensor_async.py
[2025-12-12T08:37:09.860-0500] {processor.py:830} INFO - Processing file /Users/evankrupa/airflow_project/env/lib/python3.11/site-packages/airflow/example_dags/example_time_delta_sensor_async.py for tasks to queue
[2025-12-12T08:37:09.860-0500] {logging_mixin.py:188} INFO - [2025-12-12T08:37:09.860-0500] {dagbag.py:545} INFO - Filling up the DagBag from /Users/evankrupa/airflow_project/env/lib/python3.11/site-packages/airflow/example_dags/example_time_delta_sensor_async.py
[2025-12-12T08:37:09.863-0500] {processor.py:840} INFO - DAG(s) 'example_time_delta_sensor_async' retrieved from /Users/evankrupa/airflow_project/env/lib/python3.11/site-packages/airflow/example_dags/example_time_delta_sensor_async.py
[2025-12-12T08:37:09.892-0500] {logging_mixin.py:188} INFO - [2025-12-12T08:37:09.892-0500] {dag.py:3096} INFO - Sync 1 DAGs
[2025-12-12T08:37:09.895-0500] {logging_mixin.py:188} INFO - [2025-12-12T08:37:09.895-0500] {dag.py:3954} INFO - Setting next_dagrun for example_time_delta_sensor_async to None, run_after=None
[2025-12-12T08:37:09.901-0500] {processor.py:183} INFO - Processing /Users/evankrupa/airflow_project/env/lib/python3.11/site-packages/airflow/example_dags/example_time_delta_sensor_async.py took 0.043 seconds
[2025-12-12T08:38:35.626-0500] {processor.py:161} INFO - Started process (PID=65310) to work on /Users/evankrupa/airflow_project/env/lib/python3.11/site-packages/airflow/example_dags/example_time_delta_sensor_async.py
[2025-12-12T08:38:35.627-0500] {processor.py:830} INFO - Processing file /Users/evankrupa/airflow_project/env/lib/python3.11/site-packages/airflow/example_dags/example_time_delta_sensor_async.py for tasks to queue
[2025-12-12T08:38:35.627-0500] {logging_mixin.py:188} INFO - [2025-12-12T08:38:35.627-0500] {dagbag.py:545} INFO - Filling up the DagBag from /Users/evankrupa/airflow_project/env/lib/python3.11/site-packages/airflow/example_dags/example_time_delta_sensor_async.py
[2025-12-12T08:38:35.630-0500] {processor.py:840} INFO - DAG(s) 'example_time_delta_sensor_async' retrieved from /Users/evankrupa/airflow_project/env/lib/python3.11/site-packages/airflow/example_dags/example_time_delta_sensor_async.py
[2025-12-12T08:38:35.659-0500] {logging_mixin.py:188} INFO - [2025-12-12T08:38:35.659-0500] {dag.py:3096} INFO - Sync 1 DAGs
[2025-12-12T08:38:35.662-0500] {logging_mixin.py:188} INFO - [2025-12-12T08:38:35.662-0500] {dag.py:3954} INFO - Setting next_dagrun for example_time_delta_sensor_async to None, run_after=None
[2025-12-12T08:38:35.668-0500] {processor.py:183} INFO - Processing /Users/evankrupa/airflow_project/env/lib/python3.11/site-packages/airflow/example_dags/example_time_delta_sensor_async.py took 0.042 seconds
[2025-12-12T08:39:58.241-0500] {processor.py:161} INFO - Started process (PID=65387) to work on /Users/evankrupa/airflow_project/env/lib/python3.11/site-packages/airflow/example_dags/example_time_delta_sensor_async.py
[2025-12-12T08:39:58.242-0500] {processor.py:830} INFO - Processing file /Users/evankrupa/airflow_project/env/lib/python3.11/site-packages/airflow/example_dags/example_time_delta_sensor_async.py for tasks to queue
[2025-12-12T08:39:58.242-0500] {logging_mixin.py:188} INFO - [2025-12-12T08:39:58.242-0500] {dagbag.py:545} INFO - Filling up the DagBag from /Users/evankrupa/airflow_project/env/lib/python3.11/site-packages/airflow/example_dags/example_time_delta_sensor_async.py
[2025-12-12T08:39:58.245-0500] {processor.py:840} INFO - DAG(s) 'example_time_delta_sensor_async' retrieved from /Users/evankrupa/airflow_project/env/lib/python3.11/site-packages/airflow/example_dags/example_time_delta_sensor_async.py
[2025-12-12T08:39:58.276-0500] {logging_mixin.py:188} INFO - [2025-12-12T08:39:58.276-0500] {dag.py:3096} INFO - Sync 1 DAGs
[2025-12-12T08:39:58.279-0500] {logging_mixin.py:188} INFO - [2025-12-12T08:39:58.279-0500] {dag.py:3954} INFO - Setting next_dagrun for example_time_delta_sensor_async to None, run_after=None
[2025-12-12T08:39:58.284-0500] {processor.py:183} INFO - Processing /Users/evankrupa/airflow_project/env/lib/python3.11/site-packages/airflow/example_dags/example_time_delta_sensor_async.py took 0.044 seconds
[2025-12-12T08:41:23.683-0500] {processor.py:161} INFO - Started process (PID=65473) to work on /Users/evankrupa/airflow_project/env/lib/python3.11/site-packages/airflow/example_dags/example_time_delta_sensor_async.py
[2025-12-12T08:41:23.684-0500] {processor.py:830} INFO - Processing file /Users/evankrupa/airflow_project/env/lib/python3.11/site-packages/airflow/example_dags/example_time_delta_sensor_async.py for tasks to queue
[2025-12-12T08:41:23.685-0500] {logging_mixin.py:188} INFO - [2025-12-12T08:41:23.684-0500] {dagbag.py:545} INFO - Filling up the DagBag from /Users/evankrupa/airflow_project/env/lib/python3.11/site-packages/airflow/example_dags/example_time_delta_sensor_async.py
[2025-12-12T08:41:23.688-0500] {processor.py:840} INFO - DAG(s) 'example_time_delta_sensor_async' retrieved from /Users/evankrupa/airflow_project/env/lib/python3.11/site-packages/airflow/example_dags/example_time_delta_sensor_async.py
[2025-12-12T08:41:23.718-0500] {logging_mixin.py:188} INFO - [2025-12-12T08:41:23.718-0500] {dag.py:3096} INFO - Sync 1 DAGs
[2025-12-12T08:41:23.721-0500] {logging_mixin.py:188} INFO - [2025-12-12T08:41:23.720-0500] {dag.py:3954} INFO - Setting next_dagrun for example_time_delta_sensor_async to None, run_after=None
[2025-12-12T08:41:23.726-0500] {processor.py:183} INFO - Processing /Users/evankrupa/airflow_project/env/lib/python3.11/site-packages/airflow/example_dags/example_time_delta_sensor_async.py took 0.044 seconds
[2025-12-12T08:42:45.152-0500] {processor.py:161} INFO - Started process (PID=65544) to work on /Users/evankrupa/airflow_project/env/lib/python3.11/site-packages/airflow/example_dags/example_time_delta_sensor_async.py
[2025-12-12T08:42:45.153-0500] {processor.py:830} INFO - Processing file /Users/evankrupa/airflow_project/env/lib/python3.11/site-packages/airflow/example_dags/example_time_delta_sensor_async.py for tasks to queue
[2025-12-12T08:42:45.154-0500] {logging_mixin.py:188} INFO - [2025-12-12T08:42:45.153-0500] {dagbag.py:545} INFO - Filling up the DagBag from /Users/evankrupa/airflow_project/env/lib/python3.11/site-packages/airflow/example_dags/example_time_delta_sensor_async.py
[2025-12-12T08:42:45.156-0500] {processor.py:840} INFO - DAG(s) 'example_time_delta_sensor_async' retrieved from /Users/evankrupa/airflow_project/env/lib/python3.11/site-packages/airflow/example_dags/example_time_delta_sensor_async.py
[2025-12-12T08:42:45.186-0500] {logging_mixin.py:188} INFO - [2025-12-12T08:42:45.186-0500] {dag.py:3096} INFO - Sync 1 DAGs
[2025-12-12T08:42:45.188-0500] {logging_mixin.py:188} INFO - [2025-12-12T08:42:45.188-0500] {dag.py:3954} INFO - Setting next_dagrun for example_time_delta_sensor_async to None, run_after=None
[2025-12-12T08:42:45.194-0500] {processor.py:183} INFO - Processing /Users/evankrupa/airflow_project/env/lib/python3.11/site-packages/airflow/example_dags/example_time_delta_sensor_async.py took 0.043 seconds
[2025-12-12T08:44:09.053-0500] {processor.py:161} INFO - Started process (PID=65624) to work on /Users/evankrupa/airflow_project/env/lib/python3.11/site-packages/airflow/example_dags/example_time_delta_sensor_async.py
[2025-12-12T08:44:09.055-0500] {processor.py:830} INFO - Processing file /Users/evankrupa/airflow_project/env/lib/python3.11/site-packages/airflow/example_dags/example_time_delta_sensor_async.py for tasks to queue
[2025-12-12T08:44:09.055-0500] {logging_mixin.py:188} INFO - [2025-12-12T08:44:09.055-0500] {dagbag.py:545} INFO - Filling up the DagBag from /Users/evankrupa/airflow_project/env/lib/python3.11/site-packages/airflow/example_dags/example_time_delta_sensor_async.py
[2025-12-12T08:44:09.057-0500] {processor.py:840} INFO - DAG(s) 'example_time_delta_sensor_async' retrieved from /Users/evankrupa/airflow_project/env/lib/python3.11/site-packages/airflow/example_dags/example_time_delta_sensor_async.py
[2025-12-12T08:44:09.087-0500] {logging_mixin.py:188} INFO - [2025-12-12T08:44:09.087-0500] {dag.py:3096} INFO - Sync 1 DAGs
[2025-12-12T08:44:09.089-0500] {logging_mixin.py:188} INFO - [2025-12-12T08:44:09.089-0500] {dag.py:3954} INFO - Setting next_dagrun for example_time_delta_sensor_async to None, run_after=None
[2025-12-12T08:44:09.096-0500] {processor.py:183} INFO - Processing /Users/evankrupa/airflow_project/env/lib/python3.11/site-packages/airflow/example_dags/example_time_delta_sensor_async.py took 0.043 seconds
[2025-12-12T08:45:33.342-0500] {processor.py:161} INFO - Started process (PID=65704) to work on /Users/evankrupa/airflow_project/env/lib/python3.11/site-packages/airflow/example_dags/example_time_delta_sensor_async.py
[2025-12-12T08:45:33.343-0500] {processor.py:830} INFO - Processing file /Users/evankrupa/airflow_project/env/lib/python3.11/site-packages/airflow/example_dags/example_time_delta_sensor_async.py for tasks to queue
[2025-12-12T08:45:33.343-0500] {logging_mixin.py:188} INFO - [2025-12-12T08:45:33.343-0500] {dagbag.py:545} INFO - Filling up the DagBag from /Users/evankrupa/airflow_project/env/lib/python3.11/site-packages/airflow/example_dags/example_time_delta_sensor_async.py
[2025-12-12T08:45:33.346-0500] {processor.py:840} INFO - DAG(s) 'example_time_delta_sensor_async' retrieved from /Users/evankrupa/airflow_project/env/lib/python3.11/site-packages/airflow/example_dags/example_time_delta_sensor_async.py
[2025-12-12T08:45:33.375-0500] {logging_mixin.py:188} INFO - [2025-12-12T08:45:33.375-0500] {dag.py:3096} INFO - Sync 1 DAGs
[2025-12-12T08:45:33.378-0500] {logging_mixin.py:188} INFO - [2025-12-12T08:45:33.378-0500] {dag.py:3954} INFO - Setting next_dagrun for example_time_delta_sensor_async to None, run_after=None
[2025-12-12T08:45:33.384-0500] {processor.py:183} INFO - Processing /Users/evankrupa/airflow_project/env/lib/python3.11/site-packages/airflow/example_dags/example_time_delta_sensor_async.py took 0.042 seconds
