[2025-12-12T07:25:47.105-0500] {processor.py:161} INFO - Started process (PID=56868) to work on /Users/evankrupa/airflow_project/env/lib/python3.11/site-packages/airflow/example_dags/example_nested_branch_dag.py
[2025-12-12T07:25:47.105-0500] {processor.py:830} INFO - Processing file /Users/evankrupa/airflow_project/env/lib/python3.11/site-packages/airflow/example_dags/example_nested_branch_dag.py for tasks to queue
[2025-12-12T07:25:47.105-0500] {logging_mixin.py:188} INFO - [2025-12-12T07:25:47.105-0500] {dagbag.py:545} INFO - Filling up the DagBag from /Users/evankrupa/airflow_project/env/lib/python3.11/site-packages/airflow/example_dags/example_nested_branch_dag.py
[2025-12-12T07:25:47.120-0500] {processor.py:840} INFO - DAG(s) 'example_nested_branch_dag' retrieved from /Users/evankrupa/airflow_project/env/lib/python3.11/site-packages/airflow/example_dags/example_nested_branch_dag.py
[2025-12-12T07:25:47.216-0500] {logging_mixin.py:188} INFO - [2025-12-12T07:25:47.216-0500] {override.py:1829} INFO - Created Permission View: can edit on DAG:example_nested_branch_dag
[2025-12-12T07:25:47.221-0500] {logging_mixin.py:188} INFO - [2025-12-12T07:25:47.221-0500] {override.py:1829} INFO - Created Permission View: can read on DAG:example_nested_branch_dag
[2025-12-12T07:25:47.223-0500] {logging_mixin.py:188} INFO - [2025-12-12T07:25:47.223-0500] {override.py:1829} INFO - Created Permission View: can delete on DAG:example_nested_branch_dag
[2025-12-12T07:25:47.223-0500] {logging_mixin.py:188} INFO - [2025-12-12T07:25:47.223-0500] {dag.py:3096} INFO - Sync 1 DAGs
[2025-12-12T07:25:47.228-0500] {logging_mixin.py:188} INFO - [2025-12-12T07:25:47.228-0500] {dag.py:3118} INFO - Creating ORM DAG for example_nested_branch_dag
[2025-12-12T07:25:47.256-0500] {logging_mixin.py:188} INFO - [2025-12-12T07:25:47.256-0500] {dag.py:3954} INFO - Setting next_dagrun for example_nested_branch_dag to 2025-12-11 00:00:00+00:00, run_after=2025-12-12 00:00:00+00:00
[2025-12-12T07:25:47.263-0500] {processor.py:183} INFO - Processing /Users/evankrupa/airflow_project/env/lib/python3.11/site-packages/airflow/example_dags/example_nested_branch_dag.py took 0.159 seconds
[2025-12-12T07:27:12.688-0500] {processor.py:161} INFO - Started process (PID=57494) to work on /Users/evankrupa/airflow_project/env/lib/python3.11/site-packages/airflow/example_dags/example_nested_branch_dag.py
[2025-12-12T07:27:12.688-0500] {processor.py:830} INFO - Processing file /Users/evankrupa/airflow_project/env/lib/python3.11/site-packages/airflow/example_dags/example_nested_branch_dag.py for tasks to queue
[2025-12-12T07:27:12.688-0500] {logging_mixin.py:188} INFO - [2025-12-12T07:27:12.688-0500] {dagbag.py:545} INFO - Filling up the DagBag from /Users/evankrupa/airflow_project/env/lib/python3.11/site-packages/airflow/example_dags/example_nested_branch_dag.py
[2025-12-12T07:27:12.701-0500] {processor.py:840} INFO - DAG(s) 'example_nested_branch_dag' retrieved from /Users/evankrupa/airflow_project/env/lib/python3.11/site-packages/airflow/example_dags/example_nested_branch_dag.py
[2025-12-12T07:27:12.728-0500] {logging_mixin.py:188} INFO - [2025-12-12T07:27:12.728-0500] {dag.py:3096} INFO - Sync 1 DAGs
[2025-12-12T07:27:12.734-0500] {logging_mixin.py:188} INFO - [2025-12-12T07:27:12.734-0500] {dag.py:3954} INFO - Setting next_dagrun for example_nested_branch_dag to 2025-12-11 00:00:00+00:00, run_after=2025-12-12 00:00:00+00:00
[2025-12-12T07:27:12.739-0500] {processor.py:183} INFO - Processing /Users/evankrupa/airflow_project/env/lib/python3.11/site-packages/airflow/example_dags/example_nested_branch_dag.py took 0.052 seconds
[2025-12-12T07:28:38.707-0500] {processor.py:161} INFO - Started process (PID=57753) to work on /Users/evankrupa/airflow_project/env/lib/python3.11/site-packages/airflow/example_dags/example_nested_branch_dag.py
[2025-12-12T07:28:38.708-0500] {processor.py:830} INFO - Processing file /Users/evankrupa/airflow_project/env/lib/python3.11/site-packages/airflow/example_dags/example_nested_branch_dag.py for tasks to queue
[2025-12-12T07:28:38.709-0500] {logging_mixin.py:188} INFO - [2025-12-12T07:28:38.708-0500] {dagbag.py:545} INFO - Filling up the DagBag from /Users/evankrupa/airflow_project/env/lib/python3.11/site-packages/airflow/example_dags/example_nested_branch_dag.py
[2025-12-12T07:28:38.722-0500] {processor.py:840} INFO - DAG(s) 'example_nested_branch_dag' retrieved from /Users/evankrupa/airflow_project/env/lib/python3.11/site-packages/airflow/example_dags/example_nested_branch_dag.py
[2025-12-12T07:28:38.749-0500] {logging_mixin.py:188} INFO - [2025-12-12T07:28:38.749-0500] {dag.py:3096} INFO - Sync 1 DAGs
[2025-12-12T07:28:38.754-0500] {logging_mixin.py:188} INFO - [2025-12-12T07:28:38.754-0500] {dag.py:3954} INFO - Setting next_dagrun for example_nested_branch_dag to 2025-12-11 00:00:00+00:00, run_after=2025-12-12 00:00:00+00:00
[2025-12-12T07:28:38.759-0500] {processor.py:183} INFO - Processing /Users/evankrupa/airflow_project/env/lib/python3.11/site-packages/airflow/example_dags/example_nested_branch_dag.py took 0.052 seconds
[2025-12-12T07:30:03.950-0500] {processor.py:161} INFO - Started process (PID=57986) to work on /Users/evankrupa/airflow_project/env/lib/python3.11/site-packages/airflow/example_dags/example_nested_branch_dag.py
[2025-12-12T07:30:03.951-0500] {processor.py:830} INFO - Processing file /Users/evankrupa/airflow_project/env/lib/python3.11/site-packages/airflow/example_dags/example_nested_branch_dag.py for tasks to queue
[2025-12-12T07:30:03.951-0500] {logging_mixin.py:188} INFO - [2025-12-12T07:30:03.951-0500] {dagbag.py:545} INFO - Filling up the DagBag from /Users/evankrupa/airflow_project/env/lib/python3.11/site-packages/airflow/example_dags/example_nested_branch_dag.py
[2025-12-12T07:30:03.964-0500] {processor.py:840} INFO - DAG(s) 'example_nested_branch_dag' retrieved from /Users/evankrupa/airflow_project/env/lib/python3.11/site-packages/airflow/example_dags/example_nested_branch_dag.py
[2025-12-12T07:30:03.991-0500] {logging_mixin.py:188} INFO - [2025-12-12T07:30:03.991-0500] {dag.py:3096} INFO - Sync 1 DAGs
[2025-12-12T07:30:03.996-0500] {logging_mixin.py:188} INFO - [2025-12-12T07:30:03.996-0500] {dag.py:3954} INFO - Setting next_dagrun for example_nested_branch_dag to 2025-12-11 00:00:00+00:00, run_after=2025-12-12 00:00:00+00:00
[2025-12-12T07:30:04.001-0500] {processor.py:183} INFO - Processing /Users/evankrupa/airflow_project/env/lib/python3.11/site-packages/airflow/example_dags/example_nested_branch_dag.py took 0.052 seconds
[2025-12-12T07:31:29.180-0500] {processor.py:161} INFO - Started process (PID=58315) to work on /Users/evankrupa/airflow_project/env/lib/python3.11/site-packages/airflow/example_dags/example_nested_branch_dag.py
[2025-12-12T07:31:29.180-0500] {processor.py:830} INFO - Processing file /Users/evankrupa/airflow_project/env/lib/python3.11/site-packages/airflow/example_dags/example_nested_branch_dag.py for tasks to queue
[2025-12-12T07:31:29.180-0500] {logging_mixin.py:188} INFO - [2025-12-12T07:31:29.180-0500] {dagbag.py:545} INFO - Filling up the DagBag from /Users/evankrupa/airflow_project/env/lib/python3.11/site-packages/airflow/example_dags/example_nested_branch_dag.py
[2025-12-12T07:31:29.194-0500] {processor.py:840} INFO - DAG(s) 'example_nested_branch_dag' retrieved from /Users/evankrupa/airflow_project/env/lib/python3.11/site-packages/airflow/example_dags/example_nested_branch_dag.py
[2025-12-12T07:31:29.222-0500] {logging_mixin.py:188} INFO - [2025-12-12T07:31:29.222-0500] {dag.py:3096} INFO - Sync 1 DAGs
[2025-12-12T07:31:29.228-0500] {logging_mixin.py:188} INFO - [2025-12-12T07:31:29.228-0500] {dag.py:3954} INFO - Setting next_dagrun for example_nested_branch_dag to 2025-12-11 00:00:00+00:00, run_after=2025-12-12 00:00:00+00:00
[2025-12-12T07:31:29.233-0500] {processor.py:183} INFO - Processing /Users/evankrupa/airflow_project/env/lib/python3.11/site-packages/airflow/example_dags/example_nested_branch_dag.py took 0.055 seconds
[2025-12-12T07:32:56.362-0500] {processor.py:161} INFO - Started process (PID=58429) to work on /Users/evankrupa/airflow_project/env/lib/python3.11/site-packages/airflow/example_dags/example_nested_branch_dag.py
[2025-12-12T07:32:56.363-0500] {processor.py:830} INFO - Processing file /Users/evankrupa/airflow_project/env/lib/python3.11/site-packages/airflow/example_dags/example_nested_branch_dag.py for tasks to queue
[2025-12-12T07:32:56.364-0500] {logging_mixin.py:188} INFO - [2025-12-12T07:32:56.364-0500] {dagbag.py:545} INFO - Filling up the DagBag from /Users/evankrupa/airflow_project/env/lib/python3.11/site-packages/airflow/example_dags/example_nested_branch_dag.py
[2025-12-12T07:32:56.376-0500] {processor.py:840} INFO - DAG(s) 'example_nested_branch_dag' retrieved from /Users/evankrupa/airflow_project/env/lib/python3.11/site-packages/airflow/example_dags/example_nested_branch_dag.py
[2025-12-12T07:32:56.404-0500] {logging_mixin.py:188} INFO - [2025-12-12T07:32:56.403-0500] {dag.py:3096} INFO - Sync 1 DAGs
[2025-12-12T07:32:56.409-0500] {logging_mixin.py:188} INFO - [2025-12-12T07:32:56.409-0500] {dag.py:3954} INFO - Setting next_dagrun for example_nested_branch_dag to 2025-12-11 00:00:00+00:00, run_after=2025-12-12 00:00:00+00:00
[2025-12-12T07:32:56.414-0500] {processor.py:183} INFO - Processing /Users/evankrupa/airflow_project/env/lib/python3.11/site-packages/airflow/example_dags/example_nested_branch_dag.py took 0.052 seconds
[2025-12-12T07:34:21.860-0500] {processor.py:161} INFO - Started process (PID=58505) to work on /Users/evankrupa/airflow_project/env/lib/python3.11/site-packages/airflow/example_dags/example_nested_branch_dag.py
[2025-12-12T07:34:21.861-0500] {processor.py:830} INFO - Processing file /Users/evankrupa/airflow_project/env/lib/python3.11/site-packages/airflow/example_dags/example_nested_branch_dag.py for tasks to queue
[2025-12-12T07:34:21.861-0500] {logging_mixin.py:188} INFO - [2025-12-12T07:34:21.861-0500] {dagbag.py:545} INFO - Filling up the DagBag from /Users/evankrupa/airflow_project/env/lib/python3.11/site-packages/airflow/example_dags/example_nested_branch_dag.py
[2025-12-12T07:34:21.875-0500] {processor.py:840} INFO - DAG(s) 'example_nested_branch_dag' retrieved from /Users/evankrupa/airflow_project/env/lib/python3.11/site-packages/airflow/example_dags/example_nested_branch_dag.py
[2025-12-12T07:34:21.903-0500] {logging_mixin.py:188} INFO - [2025-12-12T07:34:21.903-0500] {dag.py:3096} INFO - Sync 1 DAGs
[2025-12-12T07:34:21.908-0500] {logging_mixin.py:188} INFO - [2025-12-12T07:34:21.907-0500] {dag.py:3954} INFO - Setting next_dagrun for example_nested_branch_dag to 2025-12-11 00:00:00+00:00, run_after=2025-12-12 00:00:00+00:00
[2025-12-12T07:34:21.913-0500] {processor.py:183} INFO - Processing /Users/evankrupa/airflow_project/env/lib/python3.11/site-packages/airflow/example_dags/example_nested_branch_dag.py took 0.053 seconds
[2025-12-12T07:35:44.741-0500] {processor.py:161} INFO - Started process (PID=58579) to work on /Users/evankrupa/airflow_project/env/lib/python3.11/site-packages/airflow/example_dags/example_nested_branch_dag.py
[2025-12-12T07:35:44.742-0500] {processor.py:830} INFO - Processing file /Users/evankrupa/airflow_project/env/lib/python3.11/site-packages/airflow/example_dags/example_nested_branch_dag.py for tasks to queue
[2025-12-12T07:35:44.742-0500] {logging_mixin.py:188} INFO - [2025-12-12T07:35:44.742-0500] {dagbag.py:545} INFO - Filling up the DagBag from /Users/evankrupa/airflow_project/env/lib/python3.11/site-packages/airflow/example_dags/example_nested_branch_dag.py
[2025-12-12T07:35:44.755-0500] {processor.py:840} INFO - DAG(s) 'example_nested_branch_dag' retrieved from /Users/evankrupa/airflow_project/env/lib/python3.11/site-packages/airflow/example_dags/example_nested_branch_dag.py
[2025-12-12T07:35:44.782-0500] {logging_mixin.py:188} INFO - [2025-12-12T07:35:44.782-0500] {dag.py:3096} INFO - Sync 1 DAGs
[2025-12-12T07:35:44.787-0500] {logging_mixin.py:188} INFO - [2025-12-12T07:35:44.787-0500] {dag.py:3954} INFO - Setting next_dagrun for example_nested_branch_dag to 2025-12-11 00:00:00+00:00, run_after=2025-12-12 00:00:00+00:00
[2025-12-12T07:35:44.792-0500] {processor.py:183} INFO - Processing /Users/evankrupa/airflow_project/env/lib/python3.11/site-packages/airflow/example_dags/example_nested_branch_dag.py took 0.052 seconds
[2025-12-12T07:37:08.708-0500] {processor.py:161} INFO - Started process (PID=58648) to work on /Users/evankrupa/airflow_project/env/lib/python3.11/site-packages/airflow/example_dags/example_nested_branch_dag.py
[2025-12-12T07:37:08.709-0500] {processor.py:830} INFO - Processing file /Users/evankrupa/airflow_project/env/lib/python3.11/site-packages/airflow/example_dags/example_nested_branch_dag.py for tasks to queue
[2025-12-12T07:37:08.709-0500] {logging_mixin.py:188} INFO - [2025-12-12T07:37:08.709-0500] {dagbag.py:545} INFO - Filling up the DagBag from /Users/evankrupa/airflow_project/env/lib/python3.11/site-packages/airflow/example_dags/example_nested_branch_dag.py
[2025-12-12T07:37:08.722-0500] {processor.py:840} INFO - DAG(s) 'example_nested_branch_dag' retrieved from /Users/evankrupa/airflow_project/env/lib/python3.11/site-packages/airflow/example_dags/example_nested_branch_dag.py
[2025-12-12T07:37:08.750-0500] {logging_mixin.py:188} INFO - [2025-12-12T07:37:08.750-0500] {dag.py:3096} INFO - Sync 1 DAGs
[2025-12-12T07:37:08.755-0500] {logging_mixin.py:188} INFO - [2025-12-12T07:37:08.755-0500] {dag.py:3954} INFO - Setting next_dagrun for example_nested_branch_dag to 2025-12-11 00:00:00+00:00, run_after=2025-12-12 00:00:00+00:00
[2025-12-12T07:37:08.760-0500] {processor.py:183} INFO - Processing /Users/evankrupa/airflow_project/env/lib/python3.11/site-packages/airflow/example_dags/example_nested_branch_dag.py took 0.053 seconds
[2025-12-12T07:38:33.256-0500] {processor.py:161} INFO - Started process (PID=58728) to work on /Users/evankrupa/airflow_project/env/lib/python3.11/site-packages/airflow/example_dags/example_nested_branch_dag.py
[2025-12-12T07:38:33.257-0500] {processor.py:830} INFO - Processing file /Users/evankrupa/airflow_project/env/lib/python3.11/site-packages/airflow/example_dags/example_nested_branch_dag.py for tasks to queue
[2025-12-12T07:38:33.258-0500] {logging_mixin.py:188} INFO - [2025-12-12T07:38:33.258-0500] {dagbag.py:545} INFO - Filling up the DagBag from /Users/evankrupa/airflow_project/env/lib/python3.11/site-packages/airflow/example_dags/example_nested_branch_dag.py
[2025-12-12T07:38:33.270-0500] {processor.py:840} INFO - DAG(s) 'example_nested_branch_dag' retrieved from /Users/evankrupa/airflow_project/env/lib/python3.11/site-packages/airflow/example_dags/example_nested_branch_dag.py
[2025-12-12T07:38:33.298-0500] {logging_mixin.py:188} INFO - [2025-12-12T07:38:33.298-0500] {dag.py:3096} INFO - Sync 1 DAGs
[2025-12-12T07:38:33.303-0500] {logging_mixin.py:188} INFO - [2025-12-12T07:38:33.302-0500] {dag.py:3954} INFO - Setting next_dagrun for example_nested_branch_dag to 2025-12-11 00:00:00+00:00, run_after=2025-12-12 00:00:00+00:00
[2025-12-12T07:38:33.308-0500] {processor.py:183} INFO - Processing /Users/evankrupa/airflow_project/env/lib/python3.11/site-packages/airflow/example_dags/example_nested_branch_dag.py took 0.052 seconds
[2025-12-12T07:39:59.754-0500] {processor.py:161} INFO - Started process (PID=58845) to work on /Users/evankrupa/airflow_project/env/lib/python3.11/site-packages/airflow/example_dags/example_nested_branch_dag.py
[2025-12-12T07:39:59.755-0500] {processor.py:830} INFO - Processing file /Users/evankrupa/airflow_project/env/lib/python3.11/site-packages/airflow/example_dags/example_nested_branch_dag.py for tasks to queue
[2025-12-12T07:39:59.755-0500] {logging_mixin.py:188} INFO - [2025-12-12T07:39:59.755-0500] {dagbag.py:545} INFO - Filling up the DagBag from /Users/evankrupa/airflow_project/env/lib/python3.11/site-packages/airflow/example_dags/example_nested_branch_dag.py
[2025-12-12T07:39:59.769-0500] {processor.py:840} INFO - DAG(s) 'example_nested_branch_dag' retrieved from /Users/evankrupa/airflow_project/env/lib/python3.11/site-packages/airflow/example_dags/example_nested_branch_dag.py
[2025-12-12T07:39:59.798-0500] {logging_mixin.py:188} INFO - [2025-12-12T07:39:59.798-0500] {dag.py:3096} INFO - Sync 1 DAGs
[2025-12-12T07:39:59.803-0500] {logging_mixin.py:188} INFO - [2025-12-12T07:39:59.803-0500] {dag.py:3954} INFO - Setting next_dagrun for example_nested_branch_dag to 2025-12-11 00:00:00+00:00, run_after=2025-12-12 00:00:00+00:00
[2025-12-12T07:39:59.809-0500] {processor.py:183} INFO - Processing /Users/evankrupa/airflow_project/env/lib/python3.11/site-packages/airflow/example_dags/example_nested_branch_dag.py took 0.056 seconds
[2025-12-12T07:41:25.474-0500] {processor.py:161} INFO - Started process (PID=58946) to work on /Users/evankrupa/airflow_project/env/lib/python3.11/site-packages/airflow/example_dags/example_nested_branch_dag.py
[2025-12-12T07:41:25.475-0500] {processor.py:830} INFO - Processing file /Users/evankrupa/airflow_project/env/lib/python3.11/site-packages/airflow/example_dags/example_nested_branch_dag.py for tasks to queue
[2025-12-12T07:41:25.476-0500] {logging_mixin.py:188} INFO - [2025-12-12T07:41:25.476-0500] {dagbag.py:545} INFO - Filling up the DagBag from /Users/evankrupa/airflow_project/env/lib/python3.11/site-packages/airflow/example_dags/example_nested_branch_dag.py
[2025-12-12T07:41:25.488-0500] {processor.py:840} INFO - DAG(s) 'example_nested_branch_dag' retrieved from /Users/evankrupa/airflow_project/env/lib/python3.11/site-packages/airflow/example_dags/example_nested_branch_dag.py
[2025-12-12T07:41:25.516-0500] {logging_mixin.py:188} INFO - [2025-12-12T07:41:25.516-0500] {dag.py:3096} INFO - Sync 1 DAGs
[2025-12-12T07:41:25.521-0500] {logging_mixin.py:188} INFO - [2025-12-12T07:41:25.520-0500] {dag.py:3954} INFO - Setting next_dagrun for example_nested_branch_dag to 2025-12-11 00:00:00+00:00, run_after=2025-12-12 00:00:00+00:00
[2025-12-12T07:41:25.526-0500] {processor.py:183} INFO - Processing /Users/evankrupa/airflow_project/env/lib/python3.11/site-packages/airflow/example_dags/example_nested_branch_dag.py took 0.052 seconds
[2025-12-12T07:42:49.242-0500] {processor.py:161} INFO - Started process (PID=59105) to work on /Users/evankrupa/airflow_project/env/lib/python3.11/site-packages/airflow/example_dags/example_nested_branch_dag.py
[2025-12-12T07:42:49.243-0500] {processor.py:830} INFO - Processing file /Users/evankrupa/airflow_project/env/lib/python3.11/site-packages/airflow/example_dags/example_nested_branch_dag.py for tasks to queue
[2025-12-12T07:42:49.243-0500] {logging_mixin.py:188} INFO - [2025-12-12T07:42:49.243-0500] {dagbag.py:545} INFO - Filling up the DagBag from /Users/evankrupa/airflow_project/env/lib/python3.11/site-packages/airflow/example_dags/example_nested_branch_dag.py
[2025-12-12T07:42:49.256-0500] {processor.py:840} INFO - DAG(s) 'example_nested_branch_dag' retrieved from /Users/evankrupa/airflow_project/env/lib/python3.11/site-packages/airflow/example_dags/example_nested_branch_dag.py
[2025-12-12T07:42:49.284-0500] {logging_mixin.py:188} INFO - [2025-12-12T07:42:49.284-0500] {dag.py:3096} INFO - Sync 1 DAGs
[2025-12-12T07:42:49.289-0500] {logging_mixin.py:188} INFO - [2025-12-12T07:42:49.289-0500] {dag.py:3954} INFO - Setting next_dagrun for example_nested_branch_dag to 2025-12-11 00:00:00+00:00, run_after=2025-12-12 00:00:00+00:00
[2025-12-12T07:42:49.294-0500] {processor.py:183} INFO - Processing /Users/evankrupa/airflow_project/env/lib/python3.11/site-packages/airflow/example_dags/example_nested_branch_dag.py took 0.053 seconds
[2025-12-12T07:44:13.541-0500] {processor.py:161} INFO - Started process (PID=59194) to work on /Users/evankrupa/airflow_project/env/lib/python3.11/site-packages/airflow/example_dags/example_nested_branch_dag.py
[2025-12-12T07:44:13.542-0500] {processor.py:830} INFO - Processing file /Users/evankrupa/airflow_project/env/lib/python3.11/site-packages/airflow/example_dags/example_nested_branch_dag.py for tasks to queue
[2025-12-12T07:44:13.542-0500] {logging_mixin.py:188} INFO - [2025-12-12T07:44:13.542-0500] {dagbag.py:545} INFO - Filling up the DagBag from /Users/evankrupa/airflow_project/env/lib/python3.11/site-packages/airflow/example_dags/example_nested_branch_dag.py
[2025-12-12T07:44:13.555-0500] {processor.py:840} INFO - DAG(s) 'example_nested_branch_dag' retrieved from /Users/evankrupa/airflow_project/env/lib/python3.11/site-packages/airflow/example_dags/example_nested_branch_dag.py
[2025-12-12T07:44:13.582-0500] {logging_mixin.py:188} INFO - [2025-12-12T07:44:13.582-0500] {dag.py:3096} INFO - Sync 1 DAGs
[2025-12-12T07:44:13.587-0500] {logging_mixin.py:188} INFO - [2025-12-12T07:44:13.587-0500] {dag.py:3954} INFO - Setting next_dagrun for example_nested_branch_dag to 2025-12-11 00:00:00+00:00, run_after=2025-12-12 00:00:00+00:00
[2025-12-12T07:44:13.592-0500] {processor.py:183} INFO - Processing /Users/evankrupa/airflow_project/env/lib/python3.11/site-packages/airflow/example_dags/example_nested_branch_dag.py took 0.052 seconds
[2025-12-12T07:45:39.837-0500] {processor.py:161} INFO - Started process (PID=59275) to work on /Users/evankrupa/airflow_project/env/lib/python3.11/site-packages/airflow/example_dags/example_nested_branch_dag.py
[2025-12-12T07:45:39.839-0500] {processor.py:830} INFO - Processing file /Users/evankrupa/airflow_project/env/lib/python3.11/site-packages/airflow/example_dags/example_nested_branch_dag.py for tasks to queue
[2025-12-12T07:45:39.839-0500] {logging_mixin.py:188} INFO - [2025-12-12T07:45:39.839-0500] {dagbag.py:545} INFO - Filling up the DagBag from /Users/evankrupa/airflow_project/env/lib/python3.11/site-packages/airflow/example_dags/example_nested_branch_dag.py
[2025-12-12T07:45:39.852-0500] {processor.py:840} INFO - DAG(s) 'example_nested_branch_dag' retrieved from /Users/evankrupa/airflow_project/env/lib/python3.11/site-packages/airflow/example_dags/example_nested_branch_dag.py
[2025-12-12T07:45:39.879-0500] {logging_mixin.py:188} INFO - [2025-12-12T07:45:39.879-0500] {dag.py:3096} INFO - Sync 1 DAGs
[2025-12-12T07:45:39.885-0500] {logging_mixin.py:188} INFO - [2025-12-12T07:45:39.885-0500] {dag.py:3954} INFO - Setting next_dagrun for example_nested_branch_dag to 2025-12-11 00:00:00+00:00, run_after=2025-12-12 00:00:00+00:00
[2025-12-12T07:45:39.890-0500] {processor.py:183} INFO - Processing /Users/evankrupa/airflow_project/env/lib/python3.11/site-packages/airflow/example_dags/example_nested_branch_dag.py took 0.054 seconds
[2025-12-12T07:47:05.040-0500] {processor.py:161} INFO - Started process (PID=59353) to work on /Users/evankrupa/airflow_project/env/lib/python3.11/site-packages/airflow/example_dags/example_nested_branch_dag.py
[2025-12-12T07:47:05.040-0500] {processor.py:830} INFO - Processing file /Users/evankrupa/airflow_project/env/lib/python3.11/site-packages/airflow/example_dags/example_nested_branch_dag.py for tasks to queue
[2025-12-12T07:47:05.040-0500] {logging_mixin.py:188} INFO - [2025-12-12T07:47:05.040-0500] {dagbag.py:545} INFO - Filling up the DagBag from /Users/evankrupa/airflow_project/env/lib/python3.11/site-packages/airflow/example_dags/example_nested_branch_dag.py
[2025-12-12T07:47:05.053-0500] {processor.py:840} INFO - DAG(s) 'example_nested_branch_dag' retrieved from /Users/evankrupa/airflow_project/env/lib/python3.11/site-packages/airflow/example_dags/example_nested_branch_dag.py
[2025-12-12T07:47:05.080-0500] {logging_mixin.py:188} INFO - [2025-12-12T07:47:05.080-0500] {dag.py:3096} INFO - Sync 1 DAGs
[2025-12-12T07:47:05.086-0500] {logging_mixin.py:188} INFO - [2025-12-12T07:47:05.085-0500] {dag.py:3954} INFO - Setting next_dagrun for example_nested_branch_dag to 2025-12-11 00:00:00+00:00, run_after=2025-12-12 00:00:00+00:00
[2025-12-12T07:47:05.091-0500] {processor.py:183} INFO - Processing /Users/evankrupa/airflow_project/env/lib/python3.11/site-packages/airflow/example_dags/example_nested_branch_dag.py took 0.052 seconds
[2025-12-12T07:48:30.803-0500] {processor.py:161} INFO - Started process (PID=59466) to work on /Users/evankrupa/airflow_project/env/lib/python3.11/site-packages/airflow/example_dags/example_nested_branch_dag.py
[2025-12-12T07:48:30.803-0500] {processor.py:830} INFO - Processing file /Users/evankrupa/airflow_project/env/lib/python3.11/site-packages/airflow/example_dags/example_nested_branch_dag.py for tasks to queue
[2025-12-12T07:48:30.803-0500] {logging_mixin.py:188} INFO - [2025-12-12T07:48:30.803-0500] {dagbag.py:545} INFO - Filling up the DagBag from /Users/evankrupa/airflow_project/env/lib/python3.11/site-packages/airflow/example_dags/example_nested_branch_dag.py
[2025-12-12T07:48:30.817-0500] {processor.py:840} INFO - DAG(s) 'example_nested_branch_dag' retrieved from /Users/evankrupa/airflow_project/env/lib/python3.11/site-packages/airflow/example_dags/example_nested_branch_dag.py
[2025-12-12T07:48:30.847-0500] {logging_mixin.py:188} INFO - [2025-12-12T07:48:30.847-0500] {dag.py:3096} INFO - Sync 1 DAGs
[2025-12-12T07:48:30.852-0500] {logging_mixin.py:188} INFO - [2025-12-12T07:48:30.852-0500] {dag.py:3954} INFO - Setting next_dagrun for example_nested_branch_dag to 2025-12-11 00:00:00+00:00, run_after=2025-12-12 00:00:00+00:00
[2025-12-12T07:48:30.857-0500] {processor.py:183} INFO - Processing /Users/evankrupa/airflow_project/env/lib/python3.11/site-packages/airflow/example_dags/example_nested_branch_dag.py took 0.056 seconds
[2025-12-12T07:49:56.235-0500] {processor.py:161} INFO - Started process (PID=59544) to work on /Users/evankrupa/airflow_project/env/lib/python3.11/site-packages/airflow/example_dags/example_nested_branch_dag.py
[2025-12-12T07:49:56.235-0500] {processor.py:830} INFO - Processing file /Users/evankrupa/airflow_project/env/lib/python3.11/site-packages/airflow/example_dags/example_nested_branch_dag.py for tasks to queue
[2025-12-12T07:49:56.235-0500] {logging_mixin.py:188} INFO - [2025-12-12T07:49:56.235-0500] {dagbag.py:545} INFO - Filling up the DagBag from /Users/evankrupa/airflow_project/env/lib/python3.11/site-packages/airflow/example_dags/example_nested_branch_dag.py
[2025-12-12T07:49:56.249-0500] {processor.py:840} INFO - DAG(s) 'example_nested_branch_dag' retrieved from /Users/evankrupa/airflow_project/env/lib/python3.11/site-packages/airflow/example_dags/example_nested_branch_dag.py
[2025-12-12T07:49:56.276-0500] {logging_mixin.py:188} INFO - [2025-12-12T07:49:56.276-0500] {dag.py:3096} INFO - Sync 1 DAGs
[2025-12-12T07:49:56.281-0500] {logging_mixin.py:188} INFO - [2025-12-12T07:49:56.281-0500] {dag.py:3954} INFO - Setting next_dagrun for example_nested_branch_dag to 2025-12-11 00:00:00+00:00, run_after=2025-12-12 00:00:00+00:00
[2025-12-12T07:49:56.286-0500] {processor.py:183} INFO - Processing /Users/evankrupa/airflow_project/env/lib/python3.11/site-packages/airflow/example_dags/example_nested_branch_dag.py took 0.053 seconds
[2025-12-12T07:51:21.417-0500] {processor.py:161} INFO - Started process (PID=59613) to work on /Users/evankrupa/airflow_project/env/lib/python3.11/site-packages/airflow/example_dags/example_nested_branch_dag.py
[2025-12-12T07:51:21.417-0500] {processor.py:830} INFO - Processing file /Users/evankrupa/airflow_project/env/lib/python3.11/site-packages/airflow/example_dags/example_nested_branch_dag.py for tasks to queue
[2025-12-12T07:51:21.418-0500] {logging_mixin.py:188} INFO - [2025-12-12T07:51:21.418-0500] {dagbag.py:545} INFO - Filling up the DagBag from /Users/evankrupa/airflow_project/env/lib/python3.11/site-packages/airflow/example_dags/example_nested_branch_dag.py
[2025-12-12T07:51:21.434-0500] {processor.py:840} INFO - DAG(s) 'example_nested_branch_dag' retrieved from /Users/evankrupa/airflow_project/env/lib/python3.11/site-packages/airflow/example_dags/example_nested_branch_dag.py
[2025-12-12T07:51:21.466-0500] {logging_mixin.py:188} INFO - [2025-12-12T07:51:21.466-0500] {dag.py:3096} INFO - Sync 1 DAGs
[2025-12-12T07:51:21.472-0500] {logging_mixin.py:188} INFO - [2025-12-12T07:51:21.472-0500] {dag.py:3954} INFO - Setting next_dagrun for example_nested_branch_dag to 2025-12-11 00:00:00+00:00, run_after=2025-12-12 00:00:00+00:00
[2025-12-12T07:51:21.479-0500] {processor.py:183} INFO - Processing /Users/evankrupa/airflow_project/env/lib/python3.11/site-packages/airflow/example_dags/example_nested_branch_dag.py took 0.063 seconds
[2025-12-12T07:52:45.276-0500] {processor.py:161} INFO - Started process (PID=59682) to work on /Users/evankrupa/airflow_project/env/lib/python3.11/site-packages/airflow/example_dags/example_nested_branch_dag.py
[2025-12-12T07:52:45.277-0500] {processor.py:830} INFO - Processing file /Users/evankrupa/airflow_project/env/lib/python3.11/site-packages/airflow/example_dags/example_nested_branch_dag.py for tasks to queue
[2025-12-12T07:52:45.277-0500] {logging_mixin.py:188} INFO - [2025-12-12T07:52:45.277-0500] {dagbag.py:545} INFO - Filling up the DagBag from /Users/evankrupa/airflow_project/env/lib/python3.11/site-packages/airflow/example_dags/example_nested_branch_dag.py
[2025-12-12T07:52:45.290-0500] {processor.py:840} INFO - DAG(s) 'example_nested_branch_dag' retrieved from /Users/evankrupa/airflow_project/env/lib/python3.11/site-packages/airflow/example_dags/example_nested_branch_dag.py
[2025-12-12T07:52:45.317-0500] {logging_mixin.py:188} INFO - [2025-12-12T07:52:45.317-0500] {dag.py:3096} INFO - Sync 1 DAGs
[2025-12-12T07:52:45.323-0500] {logging_mixin.py:188} INFO - [2025-12-12T07:52:45.322-0500] {dag.py:3954} INFO - Setting next_dagrun for example_nested_branch_dag to 2025-12-11 00:00:00+00:00, run_after=2025-12-12 00:00:00+00:00
[2025-12-12T07:52:45.328-0500] {processor.py:183} INFO - Processing /Users/evankrupa/airflow_project/env/lib/python3.11/site-packages/airflow/example_dags/example_nested_branch_dag.py took 0.053 seconds
[2025-12-12T07:54:06.532-0500] {processor.py:161} INFO - Started process (PID=59766) to work on /Users/evankrupa/airflow_project/env/lib/python3.11/site-packages/airflow/example_dags/example_nested_branch_dag.py
[2025-12-12T07:54:06.533-0500] {processor.py:830} INFO - Processing file /Users/evankrupa/airflow_project/env/lib/python3.11/site-packages/airflow/example_dags/example_nested_branch_dag.py for tasks to queue
[2025-12-12T07:54:06.533-0500] {logging_mixin.py:188} INFO - [2025-12-12T07:54:06.533-0500] {dagbag.py:545} INFO - Filling up the DagBag from /Users/evankrupa/airflow_project/env/lib/python3.11/site-packages/airflow/example_dags/example_nested_branch_dag.py
[2025-12-12T07:54:06.546-0500] {processor.py:840} INFO - DAG(s) 'example_nested_branch_dag' retrieved from /Users/evankrupa/airflow_project/env/lib/python3.11/site-packages/airflow/example_dags/example_nested_branch_dag.py
[2025-12-12T07:54:06.573-0500] {logging_mixin.py:188} INFO - [2025-12-12T07:54:06.573-0500] {dag.py:3096} INFO - Sync 1 DAGs
[2025-12-12T07:54:06.578-0500] {logging_mixin.py:188} INFO - [2025-12-12T07:54:06.578-0500] {dag.py:3954} INFO - Setting next_dagrun for example_nested_branch_dag to 2025-12-11 00:00:00+00:00, run_after=2025-12-12 00:00:00+00:00
[2025-12-12T07:54:06.583-0500] {processor.py:183} INFO - Processing /Users/evankrupa/airflow_project/env/lib/python3.11/site-packages/airflow/example_dags/example_nested_branch_dag.py took 0.052 seconds
[2025-12-12T07:55:32.985-0500] {processor.py:161} INFO - Started process (PID=59853) to work on /Users/evankrupa/airflow_project/env/lib/python3.11/site-packages/airflow/example_dags/example_nested_branch_dag.py
[2025-12-12T07:55:32.986-0500] {processor.py:830} INFO - Processing file /Users/evankrupa/airflow_project/env/lib/python3.11/site-packages/airflow/example_dags/example_nested_branch_dag.py for tasks to queue
[2025-12-12T07:55:32.986-0500] {logging_mixin.py:188} INFO - [2025-12-12T07:55:32.986-0500] {dagbag.py:545} INFO - Filling up the DagBag from /Users/evankrupa/airflow_project/env/lib/python3.11/site-packages/airflow/example_dags/example_nested_branch_dag.py
[2025-12-12T07:55:32.999-0500] {processor.py:840} INFO - DAG(s) 'example_nested_branch_dag' retrieved from /Users/evankrupa/airflow_project/env/lib/python3.11/site-packages/airflow/example_dags/example_nested_branch_dag.py
[2025-12-12T07:55:33.027-0500] {logging_mixin.py:188} INFO - [2025-12-12T07:55:33.027-0500] {dag.py:3096} INFO - Sync 1 DAGs
[2025-12-12T07:55:33.032-0500] {logging_mixin.py:188} INFO - [2025-12-12T07:55:33.032-0500] {dag.py:3954} INFO - Setting next_dagrun for example_nested_branch_dag to 2025-12-11 00:00:00+00:00, run_after=2025-12-12 00:00:00+00:00
[2025-12-12T07:55:33.037-0500] {processor.py:183} INFO - Processing /Users/evankrupa/airflow_project/env/lib/python3.11/site-packages/airflow/example_dags/example_nested_branch_dag.py took 0.053 seconds
[2025-12-12T07:56:56.848-0500] {processor.py:161} INFO - Started process (PID=59921) to work on /Users/evankrupa/airflow_project/env/lib/python3.11/site-packages/airflow/example_dags/example_nested_branch_dag.py
[2025-12-12T07:56:56.849-0500] {processor.py:830} INFO - Processing file /Users/evankrupa/airflow_project/env/lib/python3.11/site-packages/airflow/example_dags/example_nested_branch_dag.py for tasks to queue
[2025-12-12T07:56:56.849-0500] {logging_mixin.py:188} INFO - [2025-12-12T07:56:56.849-0500] {dagbag.py:545} INFO - Filling up the DagBag from /Users/evankrupa/airflow_project/env/lib/python3.11/site-packages/airflow/example_dags/example_nested_branch_dag.py
[2025-12-12T07:56:56.862-0500] {processor.py:840} INFO - DAG(s) 'example_nested_branch_dag' retrieved from /Users/evankrupa/airflow_project/env/lib/python3.11/site-packages/airflow/example_dags/example_nested_branch_dag.py
[2025-12-12T07:56:56.890-0500] {logging_mixin.py:188} INFO - [2025-12-12T07:56:56.890-0500] {dag.py:3096} INFO - Sync 1 DAGs
[2025-12-12T07:56:56.895-0500] {logging_mixin.py:188} INFO - [2025-12-12T07:56:56.895-0500] {dag.py:3954} INFO - Setting next_dagrun for example_nested_branch_dag to 2025-12-11 00:00:00+00:00, run_after=2025-12-12 00:00:00+00:00
[2025-12-12T07:56:56.900-0500] {processor.py:183} INFO - Processing /Users/evankrupa/airflow_project/env/lib/python3.11/site-packages/airflow/example_dags/example_nested_branch_dag.py took 0.053 seconds
[2025-12-12T07:58:20.679-0500] {processor.py:161} INFO - Started process (PID=61182) to work on /Users/evankrupa/airflow_project/env/lib/python3.11/site-packages/airflow/example_dags/example_nested_branch_dag.py
[2025-12-12T07:58:20.680-0500] {processor.py:830} INFO - Processing file /Users/evankrupa/airflow_project/env/lib/python3.11/site-packages/airflow/example_dags/example_nested_branch_dag.py for tasks to queue
[2025-12-12T07:58:20.680-0500] {logging_mixin.py:188} INFO - [2025-12-12T07:58:20.680-0500] {dagbag.py:545} INFO - Filling up the DagBag from /Users/evankrupa/airflow_project/env/lib/python3.11/site-packages/airflow/example_dags/example_nested_branch_dag.py
[2025-12-12T07:58:20.693-0500] {processor.py:840} INFO - DAG(s) 'example_nested_branch_dag' retrieved from /Users/evankrupa/airflow_project/env/lib/python3.11/site-packages/airflow/example_dags/example_nested_branch_dag.py
[2025-12-12T07:58:20.721-0500] {logging_mixin.py:188} INFO - [2025-12-12T07:58:20.721-0500] {dag.py:3096} INFO - Sync 1 DAGs
[2025-12-12T07:58:20.726-0500] {logging_mixin.py:188} INFO - [2025-12-12T07:58:20.726-0500] {dag.py:3954} INFO - Setting next_dagrun for example_nested_branch_dag to 2025-12-11 00:00:00+00:00, run_after=2025-12-12 00:00:00+00:00
[2025-12-12T07:58:20.732-0500] {processor.py:183} INFO - Processing /Users/evankrupa/airflow_project/env/lib/python3.11/site-packages/airflow/example_dags/example_nested_branch_dag.py took 0.053 seconds
[2025-12-12T07:59:48.719-0500] {processor.py:161} INFO - Started process (PID=62729) to work on /Users/evankrupa/airflow_project/env/lib/python3.11/site-packages/airflow/example_dags/example_nested_branch_dag.py
[2025-12-12T07:59:48.720-0500] {processor.py:830} INFO - Processing file /Users/evankrupa/airflow_project/env/lib/python3.11/site-packages/airflow/example_dags/example_nested_branch_dag.py for tasks to queue
[2025-12-12T07:59:48.720-0500] {logging_mixin.py:188} INFO - [2025-12-12T07:59:48.720-0500] {dagbag.py:545} INFO - Filling up the DagBag from /Users/evankrupa/airflow_project/env/lib/python3.11/site-packages/airflow/example_dags/example_nested_branch_dag.py
[2025-12-12T07:59:48.733-0500] {processor.py:840} INFO - DAG(s) 'example_nested_branch_dag' retrieved from /Users/evankrupa/airflow_project/env/lib/python3.11/site-packages/airflow/example_dags/example_nested_branch_dag.py
[2025-12-12T07:59:48.762-0500] {logging_mixin.py:188} INFO - [2025-12-12T07:59:48.761-0500] {dag.py:3096} INFO - Sync 1 DAGs
[2025-12-12T07:59:48.767-0500] {logging_mixin.py:188} INFO - [2025-12-12T07:59:48.767-0500] {dag.py:3954} INFO - Setting next_dagrun for example_nested_branch_dag to 2025-12-11 00:00:00+00:00, run_after=2025-12-12 00:00:00+00:00
[2025-12-12T07:59:48.772-0500] {processor.py:183} INFO - Processing /Users/evankrupa/airflow_project/env/lib/python3.11/site-packages/airflow/example_dags/example_nested_branch_dag.py took 0.054 seconds
[2025-12-12T08:01:08.278-0500] {processor.py:161} INFO - Started process (PID=62797) to work on /Users/evankrupa/airflow_project/env/lib/python3.11/site-packages/airflow/example_dags/example_nested_branch_dag.py
[2025-12-12T08:01:08.279-0500] {processor.py:830} INFO - Processing file /Users/evankrupa/airflow_project/env/lib/python3.11/site-packages/airflow/example_dags/example_nested_branch_dag.py for tasks to queue
[2025-12-12T08:01:08.280-0500] {logging_mixin.py:188} INFO - [2025-12-12T08:01:08.279-0500] {dagbag.py:545} INFO - Filling up the DagBag from /Users/evankrupa/airflow_project/env/lib/python3.11/site-packages/airflow/example_dags/example_nested_branch_dag.py
[2025-12-12T08:01:08.292-0500] {processor.py:840} INFO - DAG(s) 'example_nested_branch_dag' retrieved from /Users/evankrupa/airflow_project/env/lib/python3.11/site-packages/airflow/example_dags/example_nested_branch_dag.py
[2025-12-12T08:01:08.320-0500] {logging_mixin.py:188} INFO - [2025-12-12T08:01:08.320-0500] {dag.py:3096} INFO - Sync 1 DAGs
[2025-12-12T08:01:08.325-0500] {logging_mixin.py:188} INFO - [2025-12-12T08:01:08.325-0500] {dag.py:3954} INFO - Setting next_dagrun for example_nested_branch_dag to 2025-12-11 00:00:00+00:00, run_after=2025-12-12 00:00:00+00:00
[2025-12-12T08:01:08.330-0500] {processor.py:183} INFO - Processing /Users/evankrupa/airflow_project/env/lib/python3.11/site-packages/airflow/example_dags/example_nested_branch_dag.py took 0.053 seconds
[2025-12-12T08:02:34.853-0500] {processor.py:161} INFO - Started process (PID=62865) to work on /Users/evankrupa/airflow_project/env/lib/python3.11/site-packages/airflow/example_dags/example_nested_branch_dag.py
[2025-12-12T08:02:34.853-0500] {processor.py:830} INFO - Processing file /Users/evankrupa/airflow_project/env/lib/python3.11/site-packages/airflow/example_dags/example_nested_branch_dag.py for tasks to queue
[2025-12-12T08:02:34.854-0500] {logging_mixin.py:188} INFO - [2025-12-12T08:02:34.854-0500] {dagbag.py:545} INFO - Filling up the DagBag from /Users/evankrupa/airflow_project/env/lib/python3.11/site-packages/airflow/example_dags/example_nested_branch_dag.py
[2025-12-12T08:02:34.867-0500] {processor.py:840} INFO - DAG(s) 'example_nested_branch_dag' retrieved from /Users/evankrupa/airflow_project/env/lib/python3.11/site-packages/airflow/example_dags/example_nested_branch_dag.py
[2025-12-12T08:02:34.894-0500] {logging_mixin.py:188} INFO - [2025-12-12T08:02:34.894-0500] {dag.py:3096} INFO - Sync 1 DAGs
[2025-12-12T08:02:34.899-0500] {logging_mixin.py:188} INFO - [2025-12-12T08:02:34.899-0500] {dag.py:3954} INFO - Setting next_dagrun for example_nested_branch_dag to 2025-12-11 00:00:00+00:00, run_after=2025-12-12 00:00:00+00:00
[2025-12-12T08:02:34.905-0500] {processor.py:183} INFO - Processing /Users/evankrupa/airflow_project/env/lib/python3.11/site-packages/airflow/example_dags/example_nested_branch_dag.py took 0.053 seconds
[2025-12-12T08:04:00.731-0500] {processor.py:161} INFO - Started process (PID=62947) to work on /Users/evankrupa/airflow_project/env/lib/python3.11/site-packages/airflow/example_dags/example_nested_branch_dag.py
[2025-12-12T08:04:00.731-0500] {processor.py:830} INFO - Processing file /Users/evankrupa/airflow_project/env/lib/python3.11/site-packages/airflow/example_dags/example_nested_branch_dag.py for tasks to queue
[2025-12-12T08:04:00.731-0500] {logging_mixin.py:188} INFO - [2025-12-12T08:04:00.731-0500] {dagbag.py:545} INFO - Filling up the DagBag from /Users/evankrupa/airflow_project/env/lib/python3.11/site-packages/airflow/example_dags/example_nested_branch_dag.py
[2025-12-12T08:04:00.748-0500] {processor.py:840} INFO - DAG(s) 'example_nested_branch_dag' retrieved from /Users/evankrupa/airflow_project/env/lib/python3.11/site-packages/airflow/example_dags/example_nested_branch_dag.py
[2025-12-12T08:04:00.782-0500] {logging_mixin.py:188} INFO - [2025-12-12T08:04:00.782-0500] {dag.py:3096} INFO - Sync 1 DAGs
[2025-12-12T08:04:00.792-0500] {logging_mixin.py:188} INFO - [2025-12-12T08:04:00.792-0500] {dag.py:3954} INFO - Setting next_dagrun for example_nested_branch_dag to 2025-12-11 00:00:00+00:00, run_after=2025-12-12 00:00:00+00:00
[2025-12-12T08:04:00.799-0500] {processor.py:183} INFO - Processing /Users/evankrupa/airflow_project/env/lib/python3.11/site-packages/airflow/example_dags/example_nested_branch_dag.py took 0.070 seconds
[2025-12-12T08:05:22.467-0500] {processor.py:161} INFO - Started process (PID=63084) to work on /Users/evankrupa/airflow_project/env/lib/python3.11/site-packages/airflow/example_dags/example_nested_branch_dag.py
[2025-12-12T08:05:22.468-0500] {processor.py:830} INFO - Processing file /Users/evankrupa/airflow_project/env/lib/python3.11/site-packages/airflow/example_dags/example_nested_branch_dag.py for tasks to queue
[2025-12-12T08:05:22.468-0500] {logging_mixin.py:188} INFO - [2025-12-12T08:05:22.468-0500] {dagbag.py:545} INFO - Filling up the DagBag from /Users/evankrupa/airflow_project/env/lib/python3.11/site-packages/airflow/example_dags/example_nested_branch_dag.py
[2025-12-12T08:05:22.482-0500] {processor.py:840} INFO - DAG(s) 'example_nested_branch_dag' retrieved from /Users/evankrupa/airflow_project/env/lib/python3.11/site-packages/airflow/example_dags/example_nested_branch_dag.py
[2025-12-12T08:05:22.511-0500] {logging_mixin.py:188} INFO - [2025-12-12T08:05:22.511-0500] {dag.py:3096} INFO - Sync 1 DAGs
[2025-12-12T08:05:22.516-0500] {logging_mixin.py:188} INFO - [2025-12-12T08:05:22.516-0500] {dag.py:3954} INFO - Setting next_dagrun for example_nested_branch_dag to 2025-12-11 00:00:00+00:00, run_after=2025-12-12 00:00:00+00:00
[2025-12-12T08:05:22.522-0500] {processor.py:183} INFO - Processing /Users/evankrupa/airflow_project/env/lib/python3.11/site-packages/airflow/example_dags/example_nested_branch_dag.py took 0.056 seconds
[2025-12-12T08:06:49.600-0500] {processor.py:161} INFO - Started process (PID=63177) to work on /Users/evankrupa/airflow_project/env/lib/python3.11/site-packages/airflow/example_dags/example_nested_branch_dag.py
[2025-12-12T08:06:49.601-0500] {processor.py:830} INFO - Processing file /Users/evankrupa/airflow_project/env/lib/python3.11/site-packages/airflow/example_dags/example_nested_branch_dag.py for tasks to queue
[2025-12-12T08:06:49.601-0500] {logging_mixin.py:188} INFO - [2025-12-12T08:06:49.601-0500] {dagbag.py:545} INFO - Filling up the DagBag from /Users/evankrupa/airflow_project/env/lib/python3.11/site-packages/airflow/example_dags/example_nested_branch_dag.py
[2025-12-12T08:06:49.615-0500] {processor.py:840} INFO - DAG(s) 'example_nested_branch_dag' retrieved from /Users/evankrupa/airflow_project/env/lib/python3.11/site-packages/airflow/example_dags/example_nested_branch_dag.py
[2025-12-12T08:06:49.643-0500] {logging_mixin.py:188} INFO - [2025-12-12T08:06:49.643-0500] {dag.py:3096} INFO - Sync 1 DAGs
[2025-12-12T08:06:49.648-0500] {logging_mixin.py:188} INFO - [2025-12-12T08:06:49.648-0500] {dag.py:3954} INFO - Setting next_dagrun for example_nested_branch_dag to 2025-12-11 00:00:00+00:00, run_after=2025-12-12 00:00:00+00:00
[2025-12-12T08:06:49.654-0500] {processor.py:183} INFO - Processing /Users/evankrupa/airflow_project/env/lib/python3.11/site-packages/airflow/example_dags/example_nested_branch_dag.py took 0.055 seconds
[2025-12-12T08:08:19.267-0500] {processor.py:161} INFO - Started process (PID=63685) to work on /Users/evankrupa/airflow_project/env/lib/python3.11/site-packages/airflow/example_dags/example_nested_branch_dag.py
[2025-12-12T08:08:19.268-0500] {processor.py:830} INFO - Processing file /Users/evankrupa/airflow_project/env/lib/python3.11/site-packages/airflow/example_dags/example_nested_branch_dag.py for tasks to queue
[2025-12-12T08:08:19.269-0500] {logging_mixin.py:188} INFO - [2025-12-12T08:08:19.269-0500] {dagbag.py:545} INFO - Filling up the DagBag from /Users/evankrupa/airflow_project/env/lib/python3.11/site-packages/airflow/example_dags/example_nested_branch_dag.py
[2025-12-12T08:08:19.282-0500] {processor.py:840} INFO - DAG(s) 'example_nested_branch_dag' retrieved from /Users/evankrupa/airflow_project/env/lib/python3.11/site-packages/airflow/example_dags/example_nested_branch_dag.py
[2025-12-12T08:08:19.310-0500] {logging_mixin.py:188} INFO - [2025-12-12T08:08:19.310-0500] {dag.py:3096} INFO - Sync 1 DAGs
[2025-12-12T08:08:19.315-0500] {logging_mixin.py:188} INFO - [2025-12-12T08:08:19.314-0500] {dag.py:3954} INFO - Setting next_dagrun for example_nested_branch_dag to 2025-12-11 00:00:00+00:00, run_after=2025-12-12 00:00:00+00:00
[2025-12-12T08:08:19.320-0500] {processor.py:183} INFO - Processing /Users/evankrupa/airflow_project/env/lib/python3.11/site-packages/airflow/example_dags/example_nested_branch_dag.py took 0.053 seconds
[2025-12-12T08:09:44.558-0500] {processor.py:161} INFO - Started process (PID=63751) to work on /Users/evankrupa/airflow_project/env/lib/python3.11/site-packages/airflow/example_dags/example_nested_branch_dag.py
[2025-12-12T08:09:44.559-0500] {processor.py:830} INFO - Processing file /Users/evankrupa/airflow_project/env/lib/python3.11/site-packages/airflow/example_dags/example_nested_branch_dag.py for tasks to queue
[2025-12-12T08:09:44.559-0500] {logging_mixin.py:188} INFO - [2025-12-12T08:09:44.559-0500] {dagbag.py:545} INFO - Filling up the DagBag from /Users/evankrupa/airflow_project/env/lib/python3.11/site-packages/airflow/example_dags/example_nested_branch_dag.py
[2025-12-12T08:09:44.573-0500] {processor.py:840} INFO - DAG(s) 'example_nested_branch_dag' retrieved from /Users/evankrupa/airflow_project/env/lib/python3.11/site-packages/airflow/example_dags/example_nested_branch_dag.py
[2025-12-12T08:09:44.604-0500] {logging_mixin.py:188} INFO - [2025-12-12T08:09:44.604-0500] {dag.py:3096} INFO - Sync 1 DAGs
[2025-12-12T08:09:44.609-0500] {logging_mixin.py:188} INFO - [2025-12-12T08:09:44.609-0500] {dag.py:3954} INFO - Setting next_dagrun for example_nested_branch_dag to 2025-12-11 00:00:00+00:00, run_after=2025-12-12 00:00:00+00:00
[2025-12-12T08:09:44.615-0500] {processor.py:183} INFO - Processing /Users/evankrupa/airflow_project/env/lib/python3.11/site-packages/airflow/example_dags/example_nested_branch_dag.py took 0.058 seconds
[2025-12-12T08:11:12.373-0500] {processor.py:161} INFO - Started process (PID=63822) to work on /Users/evankrupa/airflow_project/env/lib/python3.11/site-packages/airflow/example_dags/example_nested_branch_dag.py
[2025-12-12T08:11:12.374-0500] {processor.py:830} INFO - Processing file /Users/evankrupa/airflow_project/env/lib/python3.11/site-packages/airflow/example_dags/example_nested_branch_dag.py for tasks to queue
[2025-12-12T08:11:12.374-0500] {logging_mixin.py:188} INFO - [2025-12-12T08:11:12.374-0500] {dagbag.py:545} INFO - Filling up the DagBag from /Users/evankrupa/airflow_project/env/lib/python3.11/site-packages/airflow/example_dags/example_nested_branch_dag.py
[2025-12-12T08:11:12.387-0500] {processor.py:840} INFO - DAG(s) 'example_nested_branch_dag' retrieved from /Users/evankrupa/airflow_project/env/lib/python3.11/site-packages/airflow/example_dags/example_nested_branch_dag.py
[2025-12-12T08:11:12.415-0500] {logging_mixin.py:188} INFO - [2025-12-12T08:11:12.415-0500] {dag.py:3096} INFO - Sync 1 DAGs
[2025-12-12T08:11:12.420-0500] {logging_mixin.py:188} INFO - [2025-12-12T08:11:12.420-0500] {dag.py:3954} INFO - Setting next_dagrun for example_nested_branch_dag to 2025-12-11 00:00:00+00:00, run_after=2025-12-12 00:00:00+00:00
[2025-12-12T08:11:12.425-0500] {processor.py:183} INFO - Processing /Users/evankrupa/airflow_project/env/lib/python3.11/site-packages/airflow/example_dags/example_nested_branch_dag.py took 0.053 seconds
[2025-12-12T08:12:37.525-0500] {processor.py:161} INFO - Started process (PID=63889) to work on /Users/evankrupa/airflow_project/env/lib/python3.11/site-packages/airflow/example_dags/example_nested_branch_dag.py
[2025-12-12T08:12:37.526-0500] {processor.py:830} INFO - Processing file /Users/evankrupa/airflow_project/env/lib/python3.11/site-packages/airflow/example_dags/example_nested_branch_dag.py for tasks to queue
[2025-12-12T08:12:37.526-0500] {logging_mixin.py:188} INFO - [2025-12-12T08:12:37.526-0500] {dagbag.py:545} INFO - Filling up the DagBag from /Users/evankrupa/airflow_project/env/lib/python3.11/site-packages/airflow/example_dags/example_nested_branch_dag.py
[2025-12-12T08:12:37.539-0500] {processor.py:840} INFO - DAG(s) 'example_nested_branch_dag' retrieved from /Users/evankrupa/airflow_project/env/lib/python3.11/site-packages/airflow/example_dags/example_nested_branch_dag.py
[2025-12-12T08:12:37.567-0500] {logging_mixin.py:188} INFO - [2025-12-12T08:12:37.567-0500] {dag.py:3096} INFO - Sync 1 DAGs
[2025-12-12T08:12:37.572-0500] {logging_mixin.py:188} INFO - [2025-12-12T08:12:37.572-0500] {dag.py:3954} INFO - Setting next_dagrun for example_nested_branch_dag to 2025-12-11 00:00:00+00:00, run_after=2025-12-12 00:00:00+00:00
[2025-12-12T08:12:37.578-0500] {processor.py:183} INFO - Processing /Users/evankrupa/airflow_project/env/lib/python3.11/site-packages/airflow/example_dags/example_nested_branch_dag.py took 0.054 seconds
[2025-12-12T08:13:59.895-0500] {processor.py:161} INFO - Started process (PID=63955) to work on /Users/evankrupa/airflow_project/env/lib/python3.11/site-packages/airflow/example_dags/example_nested_branch_dag.py
[2025-12-12T08:13:59.896-0500] {processor.py:830} INFO - Processing file /Users/evankrupa/airflow_project/env/lib/python3.11/site-packages/airflow/example_dags/example_nested_branch_dag.py for tasks to queue
[2025-12-12T08:13:59.896-0500] {logging_mixin.py:188} INFO - [2025-12-12T08:13:59.896-0500] {dagbag.py:545} INFO - Filling up the DagBag from /Users/evankrupa/airflow_project/env/lib/python3.11/site-packages/airflow/example_dags/example_nested_branch_dag.py
[2025-12-12T08:13:59.909-0500] {processor.py:840} INFO - DAG(s) 'example_nested_branch_dag' retrieved from /Users/evankrupa/airflow_project/env/lib/python3.11/site-packages/airflow/example_dags/example_nested_branch_dag.py
[2025-12-12T08:13:59.938-0500] {logging_mixin.py:188} INFO - [2025-12-12T08:13:59.938-0500] {dag.py:3096} INFO - Sync 1 DAGs
[2025-12-12T08:13:59.943-0500] {logging_mixin.py:188} INFO - [2025-12-12T08:13:59.943-0500] {dag.py:3954} INFO - Setting next_dagrun for example_nested_branch_dag to 2025-12-11 00:00:00+00:00, run_after=2025-12-12 00:00:00+00:00
[2025-12-12T08:13:59.949-0500] {processor.py:183} INFO - Processing /Users/evankrupa/airflow_project/env/lib/python3.11/site-packages/airflow/example_dags/example_nested_branch_dag.py took 0.055 seconds
[2025-12-12T08:15:23.766-0500] {processor.py:161} INFO - Started process (PID=64027) to work on /Users/evankrupa/airflow_project/env/lib/python3.11/site-packages/airflow/example_dags/example_nested_branch_dag.py
[2025-12-12T08:15:23.767-0500] {processor.py:830} INFO - Processing file /Users/evankrupa/airflow_project/env/lib/python3.11/site-packages/airflow/example_dags/example_nested_branch_dag.py for tasks to queue
[2025-12-12T08:15:23.767-0500] {logging_mixin.py:188} INFO - [2025-12-12T08:15:23.767-0500] {dagbag.py:545} INFO - Filling up the DagBag from /Users/evankrupa/airflow_project/env/lib/python3.11/site-packages/airflow/example_dags/example_nested_branch_dag.py
[2025-12-12T08:15:23.781-0500] {processor.py:840} INFO - DAG(s) 'example_nested_branch_dag' retrieved from /Users/evankrupa/airflow_project/env/lib/python3.11/site-packages/airflow/example_dags/example_nested_branch_dag.py
[2025-12-12T08:15:23.811-0500] {logging_mixin.py:188} INFO - [2025-12-12T08:15:23.810-0500] {dag.py:3096} INFO - Sync 1 DAGs
[2025-12-12T08:15:23.816-0500] {logging_mixin.py:188} INFO - [2025-12-12T08:15:23.816-0500] {dag.py:3954} INFO - Setting next_dagrun for example_nested_branch_dag to 2025-12-11 00:00:00+00:00, run_after=2025-12-12 00:00:00+00:00
[2025-12-12T08:15:23.821-0500] {processor.py:183} INFO - Processing /Users/evankrupa/airflow_project/env/lib/python3.11/site-packages/airflow/example_dags/example_nested_branch_dag.py took 0.055 seconds
[2025-12-12T08:16:46.581-0500] {processor.py:161} INFO - Started process (PID=64096) to work on /Users/evankrupa/airflow_project/env/lib/python3.11/site-packages/airflow/example_dags/example_nested_branch_dag.py
[2025-12-12T08:16:46.582-0500] {processor.py:830} INFO - Processing file /Users/evankrupa/airflow_project/env/lib/python3.11/site-packages/airflow/example_dags/example_nested_branch_dag.py for tasks to queue
[2025-12-12T08:16:46.582-0500] {logging_mixin.py:188} INFO - [2025-12-12T08:16:46.582-0500] {dagbag.py:545} INFO - Filling up the DagBag from /Users/evankrupa/airflow_project/env/lib/python3.11/site-packages/airflow/example_dags/example_nested_branch_dag.py
[2025-12-12T08:16:46.595-0500] {processor.py:840} INFO - DAG(s) 'example_nested_branch_dag' retrieved from /Users/evankrupa/airflow_project/env/lib/python3.11/site-packages/airflow/example_dags/example_nested_branch_dag.py
[2025-12-12T08:16:46.623-0500] {logging_mixin.py:188} INFO - [2025-12-12T08:16:46.623-0500] {dag.py:3096} INFO - Sync 1 DAGs
[2025-12-12T08:16:46.628-0500] {logging_mixin.py:188} INFO - [2025-12-12T08:16:46.628-0500] {dag.py:3954} INFO - Setting next_dagrun for example_nested_branch_dag to 2025-12-11 00:00:00+00:00, run_after=2025-12-12 00:00:00+00:00
[2025-12-12T08:16:46.633-0500] {processor.py:183} INFO - Processing /Users/evankrupa/airflow_project/env/lib/python3.11/site-packages/airflow/example_dags/example_nested_branch_dag.py took 0.053 seconds
[2025-12-12T08:18:12.098-0500] {processor.py:161} INFO - Started process (PID=64164) to work on /Users/evankrupa/airflow_project/env/lib/python3.11/site-packages/airflow/example_dags/example_nested_branch_dag.py
[2025-12-12T08:18:12.098-0500] {processor.py:830} INFO - Processing file /Users/evankrupa/airflow_project/env/lib/python3.11/site-packages/airflow/example_dags/example_nested_branch_dag.py for tasks to queue
[2025-12-12T08:18:12.099-0500] {logging_mixin.py:188} INFO - [2025-12-12T08:18:12.099-0500] {dagbag.py:545} INFO - Filling up the DagBag from /Users/evankrupa/airflow_project/env/lib/python3.11/site-packages/airflow/example_dags/example_nested_branch_dag.py
[2025-12-12T08:18:12.113-0500] {processor.py:840} INFO - DAG(s) 'example_nested_branch_dag' retrieved from /Users/evankrupa/airflow_project/env/lib/python3.11/site-packages/airflow/example_dags/example_nested_branch_dag.py
[2025-12-12T08:18:12.146-0500] {logging_mixin.py:188} INFO - [2025-12-12T08:18:12.146-0500] {dag.py:3096} INFO - Sync 1 DAGs
[2025-12-12T08:18:12.152-0500] {logging_mixin.py:188} INFO - [2025-12-12T08:18:12.151-0500] {dag.py:3954} INFO - Setting next_dagrun for example_nested_branch_dag to 2025-12-11 00:00:00+00:00, run_after=2025-12-12 00:00:00+00:00
[2025-12-12T08:18:12.158-0500] {processor.py:183} INFO - Processing /Users/evankrupa/airflow_project/env/lib/python3.11/site-packages/airflow/example_dags/example_nested_branch_dag.py took 0.061 seconds
[2025-12-12T08:19:34.692-0500] {processor.py:161} INFO - Started process (PID=64232) to work on /Users/evankrupa/airflow_project/env/lib/python3.11/site-packages/airflow/example_dags/example_nested_branch_dag.py
[2025-12-12T08:19:34.693-0500] {processor.py:830} INFO - Processing file /Users/evankrupa/airflow_project/env/lib/python3.11/site-packages/airflow/example_dags/example_nested_branch_dag.py for tasks to queue
[2025-12-12T08:19:34.693-0500] {logging_mixin.py:188} INFO - [2025-12-12T08:19:34.693-0500] {dagbag.py:545} INFO - Filling up the DagBag from /Users/evankrupa/airflow_project/env/lib/python3.11/site-packages/airflow/example_dags/example_nested_branch_dag.py
[2025-12-12T08:19:34.710-0500] {processor.py:840} INFO - DAG(s) 'example_nested_branch_dag' retrieved from /Users/evankrupa/airflow_project/env/lib/python3.11/site-packages/airflow/example_dags/example_nested_branch_dag.py
[2025-12-12T08:19:34.741-0500] {logging_mixin.py:188} INFO - [2025-12-12T08:19:34.741-0500] {dag.py:3096} INFO - Sync 1 DAGs
[2025-12-12T08:19:34.749-0500] {logging_mixin.py:188} INFO - [2025-12-12T08:19:34.749-0500] {dag.py:3954} INFO - Setting next_dagrun for example_nested_branch_dag to 2025-12-11 00:00:00+00:00, run_after=2025-12-12 00:00:00+00:00
[2025-12-12T08:19:34.756-0500] {processor.py:183} INFO - Processing /Users/evankrupa/airflow_project/env/lib/python3.11/site-packages/airflow/example_dags/example_nested_branch_dag.py took 0.065 seconds
[2025-12-12T08:20:59.191-0500] {processor.py:161} INFO - Started process (PID=64300) to work on /Users/evankrupa/airflow_project/env/lib/python3.11/site-packages/airflow/example_dags/example_nested_branch_dag.py
[2025-12-12T08:20:59.192-0500] {processor.py:830} INFO - Processing file /Users/evankrupa/airflow_project/env/lib/python3.11/site-packages/airflow/example_dags/example_nested_branch_dag.py for tasks to queue
[2025-12-12T08:20:59.192-0500] {logging_mixin.py:188} INFO - [2025-12-12T08:20:59.192-0500] {dagbag.py:545} INFO - Filling up the DagBag from /Users/evankrupa/airflow_project/env/lib/python3.11/site-packages/airflow/example_dags/example_nested_branch_dag.py
[2025-12-12T08:20:59.205-0500] {processor.py:840} INFO - DAG(s) 'example_nested_branch_dag' retrieved from /Users/evankrupa/airflow_project/env/lib/python3.11/site-packages/airflow/example_dags/example_nested_branch_dag.py
[2025-12-12T08:20:59.232-0500] {logging_mixin.py:188} INFO - [2025-12-12T08:20:59.232-0500] {dag.py:3096} INFO - Sync 1 DAGs
[2025-12-12T08:20:59.237-0500] {logging_mixin.py:188} INFO - [2025-12-12T08:20:59.237-0500] {dag.py:3954} INFO - Setting next_dagrun for example_nested_branch_dag to 2025-12-11 00:00:00+00:00, run_after=2025-12-12 00:00:00+00:00
[2025-12-12T08:20:59.242-0500] {processor.py:183} INFO - Processing /Users/evankrupa/airflow_project/env/lib/python3.11/site-packages/airflow/example_dags/example_nested_branch_dag.py took 0.052 seconds
[2025-12-12T08:22:22.395-0500] {processor.py:161} INFO - Started process (PID=64366) to work on /Users/evankrupa/airflow_project/env/lib/python3.11/site-packages/airflow/example_dags/example_nested_branch_dag.py
[2025-12-12T08:22:22.396-0500] {processor.py:830} INFO - Processing file /Users/evankrupa/airflow_project/env/lib/python3.11/site-packages/airflow/example_dags/example_nested_branch_dag.py for tasks to queue
[2025-12-12T08:22:22.396-0500] {logging_mixin.py:188} INFO - [2025-12-12T08:22:22.396-0500] {dagbag.py:545} INFO - Filling up the DagBag from /Users/evankrupa/airflow_project/env/lib/python3.11/site-packages/airflow/example_dags/example_nested_branch_dag.py
[2025-12-12T08:22:22.410-0500] {processor.py:840} INFO - DAG(s) 'example_nested_branch_dag' retrieved from /Users/evankrupa/airflow_project/env/lib/python3.11/site-packages/airflow/example_dags/example_nested_branch_dag.py
[2025-12-12T08:22:22.438-0500] {logging_mixin.py:188} INFO - [2025-12-12T08:22:22.438-0500] {dag.py:3096} INFO - Sync 1 DAGs
[2025-12-12T08:22:22.443-0500] {logging_mixin.py:188} INFO - [2025-12-12T08:22:22.443-0500] {dag.py:3954} INFO - Setting next_dagrun for example_nested_branch_dag to 2025-12-11 00:00:00+00:00, run_after=2025-12-12 00:00:00+00:00
[2025-12-12T08:22:22.448-0500] {processor.py:183} INFO - Processing /Users/evankrupa/airflow_project/env/lib/python3.11/site-packages/airflow/example_dags/example_nested_branch_dag.py took 0.054 seconds
[2025-12-12T08:23:49.040-0500] {processor.py:161} INFO - Started process (PID=64440) to work on /Users/evankrupa/airflow_project/env/lib/python3.11/site-packages/airflow/example_dags/example_nested_branch_dag.py
[2025-12-12T08:23:49.041-0500] {processor.py:830} INFO - Processing file /Users/evankrupa/airflow_project/env/lib/python3.11/site-packages/airflow/example_dags/example_nested_branch_dag.py for tasks to queue
[2025-12-12T08:23:49.042-0500] {logging_mixin.py:188} INFO - [2025-12-12T08:23:49.042-0500] {dagbag.py:545} INFO - Filling up the DagBag from /Users/evankrupa/airflow_project/env/lib/python3.11/site-packages/airflow/example_dags/example_nested_branch_dag.py
[2025-12-12T08:23:49.054-0500] {processor.py:840} INFO - DAG(s) 'example_nested_branch_dag' retrieved from /Users/evankrupa/airflow_project/env/lib/python3.11/site-packages/airflow/example_dags/example_nested_branch_dag.py
[2025-12-12T08:23:49.081-0500] {logging_mixin.py:188} INFO - [2025-12-12T08:23:49.081-0500] {dag.py:3096} INFO - Sync 1 DAGs
[2025-12-12T08:23:49.086-0500] {logging_mixin.py:188} INFO - [2025-12-12T08:23:49.086-0500] {dag.py:3954} INFO - Setting next_dagrun for example_nested_branch_dag to 2025-12-11 00:00:00+00:00, run_after=2025-12-12 00:00:00+00:00
[2025-12-12T08:23:49.092-0500] {processor.py:183} INFO - Processing /Users/evankrupa/airflow_project/env/lib/python3.11/site-packages/airflow/example_dags/example_nested_branch_dag.py took 0.052 seconds
[2025-12-12T08:25:09.622-0500] {processor.py:161} INFO - Started process (PID=64508) to work on /Users/evankrupa/airflow_project/env/lib/python3.11/site-packages/airflow/example_dags/example_nested_branch_dag.py
[2025-12-12T08:25:09.622-0500] {processor.py:830} INFO - Processing file /Users/evankrupa/airflow_project/env/lib/python3.11/site-packages/airflow/example_dags/example_nested_branch_dag.py for tasks to queue
[2025-12-12T08:25:09.623-0500] {logging_mixin.py:188} INFO - [2025-12-12T08:25:09.623-0500] {dagbag.py:545} INFO - Filling up the DagBag from /Users/evankrupa/airflow_project/env/lib/python3.11/site-packages/airflow/example_dags/example_nested_branch_dag.py
[2025-12-12T08:25:09.636-0500] {processor.py:840} INFO - DAG(s) 'example_nested_branch_dag' retrieved from /Users/evankrupa/airflow_project/env/lib/python3.11/site-packages/airflow/example_dags/example_nested_branch_dag.py
[2025-12-12T08:25:09.665-0500] {logging_mixin.py:188} INFO - [2025-12-12T08:25:09.664-0500] {dag.py:3096} INFO - Sync 1 DAGs
[2025-12-12T08:25:09.670-0500] {logging_mixin.py:188} INFO - [2025-12-12T08:25:09.670-0500] {dag.py:3954} INFO - Setting next_dagrun for example_nested_branch_dag to 2025-12-11 00:00:00+00:00, run_after=2025-12-12 00:00:00+00:00
[2025-12-12T08:25:09.675-0500] {processor.py:183} INFO - Processing /Users/evankrupa/airflow_project/env/lib/python3.11/site-packages/airflow/example_dags/example_nested_branch_dag.py took 0.054 seconds
[2025-12-12T08:26:35.972-0500] {processor.py:161} INFO - Started process (PID=64574) to work on /Users/evankrupa/airflow_project/env/lib/python3.11/site-packages/airflow/example_dags/example_nested_branch_dag.py
[2025-12-12T08:26:35.974-0500] {processor.py:830} INFO - Processing file /Users/evankrupa/airflow_project/env/lib/python3.11/site-packages/airflow/example_dags/example_nested_branch_dag.py for tasks to queue
[2025-12-12T08:26:35.974-0500] {logging_mixin.py:188} INFO - [2025-12-12T08:26:35.974-0500] {dagbag.py:545} INFO - Filling up the DagBag from /Users/evankrupa/airflow_project/env/lib/python3.11/site-packages/airflow/example_dags/example_nested_branch_dag.py
[2025-12-12T08:26:35.987-0500] {processor.py:840} INFO - DAG(s) 'example_nested_branch_dag' retrieved from /Users/evankrupa/airflow_project/env/lib/python3.11/site-packages/airflow/example_dags/example_nested_branch_dag.py
[2025-12-12T08:26:36.016-0500] {logging_mixin.py:188} INFO - [2025-12-12T08:26:36.016-0500] {dag.py:3096} INFO - Sync 1 DAGs
[2025-12-12T08:26:36.022-0500] {logging_mixin.py:188} INFO - [2025-12-12T08:26:36.022-0500] {dag.py:3954} INFO - Setting next_dagrun for example_nested_branch_dag to 2025-12-11 00:00:00+00:00, run_after=2025-12-12 00:00:00+00:00
[2025-12-12T08:26:36.028-0500] {processor.py:183} INFO - Processing /Users/evankrupa/airflow_project/env/lib/python3.11/site-packages/airflow/example_dags/example_nested_branch_dag.py took 0.057 seconds
[2025-12-12T08:28:02.260-0500] {processor.py:161} INFO - Started process (PID=64678) to work on /Users/evankrupa/airflow_project/env/lib/python3.11/site-packages/airflow/example_dags/example_nested_branch_dag.py
[2025-12-12T08:28:02.261-0500] {processor.py:830} INFO - Processing file /Users/evankrupa/airflow_project/env/lib/python3.11/site-packages/airflow/example_dags/example_nested_branch_dag.py for tasks to queue
[2025-12-12T08:28:02.261-0500] {logging_mixin.py:188} INFO - [2025-12-12T08:28:02.261-0500] {dagbag.py:545} INFO - Filling up the DagBag from /Users/evankrupa/airflow_project/env/lib/python3.11/site-packages/airflow/example_dags/example_nested_branch_dag.py
[2025-12-12T08:28:02.274-0500] {processor.py:840} INFO - DAG(s) 'example_nested_branch_dag' retrieved from /Users/evankrupa/airflow_project/env/lib/python3.11/site-packages/airflow/example_dags/example_nested_branch_dag.py
[2025-12-12T08:28:02.303-0500] {logging_mixin.py:188} INFO - [2025-12-12T08:28:02.303-0500] {dag.py:3096} INFO - Sync 1 DAGs
[2025-12-12T08:28:02.307-0500] {logging_mixin.py:188} INFO - [2025-12-12T08:28:02.307-0500] {dag.py:3954} INFO - Setting next_dagrun for example_nested_branch_dag to 2025-12-11 00:00:00+00:00, run_after=2025-12-12 00:00:00+00:00
[2025-12-12T08:28:02.313-0500] {processor.py:183} INFO - Processing /Users/evankrupa/airflow_project/env/lib/python3.11/site-packages/airflow/example_dags/example_nested_branch_dag.py took 0.054 seconds
[2025-12-12T08:29:24.446-0500] {processor.py:161} INFO - Started process (PID=64757) to work on /Users/evankrupa/airflow_project/env/lib/python3.11/site-packages/airflow/example_dags/example_nested_branch_dag.py
[2025-12-12T08:29:24.447-0500] {processor.py:830} INFO - Processing file /Users/evankrupa/airflow_project/env/lib/python3.11/site-packages/airflow/example_dags/example_nested_branch_dag.py for tasks to queue
[2025-12-12T08:29:24.448-0500] {logging_mixin.py:188} INFO - [2025-12-12T08:29:24.447-0500] {dagbag.py:545} INFO - Filling up the DagBag from /Users/evankrupa/airflow_project/env/lib/python3.11/site-packages/airflow/example_dags/example_nested_branch_dag.py
[2025-12-12T08:29:24.461-0500] {processor.py:840} INFO - DAG(s) 'example_nested_branch_dag' retrieved from /Users/evankrupa/airflow_project/env/lib/python3.11/site-packages/airflow/example_dags/example_nested_branch_dag.py
[2025-12-12T08:29:24.488-0500] {logging_mixin.py:188} INFO - [2025-12-12T08:29:24.488-0500] {dag.py:3096} INFO - Sync 1 DAGs
[2025-12-12T08:29:24.493-0500] {logging_mixin.py:188} INFO - [2025-12-12T08:29:24.493-0500] {dag.py:3954} INFO - Setting next_dagrun for example_nested_branch_dag to 2025-12-11 00:00:00+00:00, run_after=2025-12-12 00:00:00+00:00
[2025-12-12T08:29:24.498-0500] {processor.py:183} INFO - Processing /Users/evankrupa/airflow_project/env/lib/python3.11/site-packages/airflow/example_dags/example_nested_branch_dag.py took 0.053 seconds
[2025-12-12T08:30:46.299-0500] {processor.py:161} INFO - Started process (PID=64836) to work on /Users/evankrupa/airflow_project/env/lib/python3.11/site-packages/airflow/example_dags/example_nested_branch_dag.py
[2025-12-12T08:30:46.300-0500] {processor.py:830} INFO - Processing file /Users/evankrupa/airflow_project/env/lib/python3.11/site-packages/airflow/example_dags/example_nested_branch_dag.py for tasks to queue
[2025-12-12T08:30:46.300-0500] {logging_mixin.py:188} INFO - [2025-12-12T08:30:46.300-0500] {dagbag.py:545} INFO - Filling up the DagBag from /Users/evankrupa/airflow_project/env/lib/python3.11/site-packages/airflow/example_dags/example_nested_branch_dag.py
[2025-12-12T08:30:46.313-0500] {processor.py:840} INFO - DAG(s) 'example_nested_branch_dag' retrieved from /Users/evankrupa/airflow_project/env/lib/python3.11/site-packages/airflow/example_dags/example_nested_branch_dag.py
[2025-12-12T08:30:46.340-0500] {logging_mixin.py:188} INFO - [2025-12-12T08:30:46.340-0500] {dag.py:3096} INFO - Sync 1 DAGs
[2025-12-12T08:30:46.345-0500] {logging_mixin.py:188} INFO - [2025-12-12T08:30:46.345-0500] {dag.py:3954} INFO - Setting next_dagrun for example_nested_branch_dag to 2025-12-11 00:00:00+00:00, run_after=2025-12-12 00:00:00+00:00
[2025-12-12T08:30:46.351-0500] {processor.py:183} INFO - Processing /Users/evankrupa/airflow_project/env/lib/python3.11/site-packages/airflow/example_dags/example_nested_branch_dag.py took 0.052 seconds
[2025-12-12T08:32:09.732-0500] {processor.py:161} INFO - Started process (PID=64919) to work on /Users/evankrupa/airflow_project/env/lib/python3.11/site-packages/airflow/example_dags/example_nested_branch_dag.py
[2025-12-12T08:32:09.733-0500] {processor.py:830} INFO - Processing file /Users/evankrupa/airflow_project/env/lib/python3.11/site-packages/airflow/example_dags/example_nested_branch_dag.py for tasks to queue
[2025-12-12T08:32:09.733-0500] {logging_mixin.py:188} INFO - [2025-12-12T08:32:09.733-0500] {dagbag.py:545} INFO - Filling up the DagBag from /Users/evankrupa/airflow_project/env/lib/python3.11/site-packages/airflow/example_dags/example_nested_branch_dag.py
[2025-12-12T08:32:09.749-0500] {processor.py:840} INFO - DAG(s) 'example_nested_branch_dag' retrieved from /Users/evankrupa/airflow_project/env/lib/python3.11/site-packages/airflow/example_dags/example_nested_branch_dag.py
[2025-12-12T08:32:09.780-0500] {logging_mixin.py:188} INFO - [2025-12-12T08:32:09.780-0500] {dag.py:3096} INFO - Sync 1 DAGs
[2025-12-12T08:32:09.786-0500] {logging_mixin.py:188} INFO - [2025-12-12T08:32:09.786-0500] {dag.py:3954} INFO - Setting next_dagrun for example_nested_branch_dag to 2025-12-11 00:00:00+00:00, run_after=2025-12-12 00:00:00+00:00
[2025-12-12T08:32:09.792-0500] {processor.py:183} INFO - Processing /Users/evankrupa/airflow_project/env/lib/python3.11/site-packages/airflow/example_dags/example_nested_branch_dag.py took 0.060 seconds
[2025-12-12T08:33:34.207-0500] {processor.py:161} INFO - Started process (PID=65019) to work on /Users/evankrupa/airflow_project/env/lib/python3.11/site-packages/airflow/example_dags/example_nested_branch_dag.py
[2025-12-12T08:33:34.208-0500] {processor.py:830} INFO - Processing file /Users/evankrupa/airflow_project/env/lib/python3.11/site-packages/airflow/example_dags/example_nested_branch_dag.py for tasks to queue
[2025-12-12T08:33:34.209-0500] {logging_mixin.py:188} INFO - [2025-12-12T08:33:34.208-0500] {dagbag.py:545} INFO - Filling up the DagBag from /Users/evankrupa/airflow_project/env/lib/python3.11/site-packages/airflow/example_dags/example_nested_branch_dag.py
[2025-12-12T08:33:34.222-0500] {processor.py:840} INFO - DAG(s) 'example_nested_branch_dag' retrieved from /Users/evankrupa/airflow_project/env/lib/python3.11/site-packages/airflow/example_dags/example_nested_branch_dag.py
[2025-12-12T08:33:34.250-0500] {logging_mixin.py:188} INFO - [2025-12-12T08:33:34.249-0500] {dag.py:3096} INFO - Sync 1 DAGs
[2025-12-12T08:33:34.254-0500] {logging_mixin.py:188} INFO - [2025-12-12T08:33:34.254-0500] {dag.py:3954} INFO - Setting next_dagrun for example_nested_branch_dag to 2025-12-11 00:00:00+00:00, run_after=2025-12-12 00:00:00+00:00
[2025-12-12T08:33:34.259-0500] {processor.py:183} INFO - Processing /Users/evankrupa/airflow_project/env/lib/python3.11/site-packages/airflow/example_dags/example_nested_branch_dag.py took 0.053 seconds
[2025-12-12T08:35:01.672-0500] {processor.py:161} INFO - Started process (PID=65118) to work on /Users/evankrupa/airflow_project/env/lib/python3.11/site-packages/airflow/example_dags/example_nested_branch_dag.py
[2025-12-12T08:35:01.673-0500] {processor.py:830} INFO - Processing file /Users/evankrupa/airflow_project/env/lib/python3.11/site-packages/airflow/example_dags/example_nested_branch_dag.py for tasks to queue
[2025-12-12T08:35:01.673-0500] {logging_mixin.py:188} INFO - [2025-12-12T08:35:01.673-0500] {dagbag.py:545} INFO - Filling up the DagBag from /Users/evankrupa/airflow_project/env/lib/python3.11/site-packages/airflow/example_dags/example_nested_branch_dag.py
[2025-12-12T08:35:01.687-0500] {processor.py:840} INFO - DAG(s) 'example_nested_branch_dag' retrieved from /Users/evankrupa/airflow_project/env/lib/python3.11/site-packages/airflow/example_dags/example_nested_branch_dag.py
[2025-12-12T08:35:01.715-0500] {logging_mixin.py:188} INFO - [2025-12-12T08:35:01.715-0500] {dag.py:3096} INFO - Sync 1 DAGs
[2025-12-12T08:35:01.720-0500] {logging_mixin.py:188} INFO - [2025-12-12T08:35:01.720-0500] {dag.py:3954} INFO - Setting next_dagrun for example_nested_branch_dag to 2025-12-11 00:00:00+00:00, run_after=2025-12-12 00:00:00+00:00
[2025-12-12T08:35:01.725-0500] {processor.py:183} INFO - Processing /Users/evankrupa/airflow_project/env/lib/python3.11/site-packages/airflow/example_dags/example_nested_branch_dag.py took 0.054 seconds
[2025-12-12T08:36:25.353-0500] {processor.py:161} INFO - Started process (PID=65201) to work on /Users/evankrupa/airflow_project/env/lib/python3.11/site-packages/airflow/example_dags/example_nested_branch_dag.py
[2025-12-12T08:36:25.353-0500] {processor.py:830} INFO - Processing file /Users/evankrupa/airflow_project/env/lib/python3.11/site-packages/airflow/example_dags/example_nested_branch_dag.py for tasks to queue
[2025-12-12T08:36:25.354-0500] {logging_mixin.py:188} INFO - [2025-12-12T08:36:25.353-0500] {dagbag.py:545} INFO - Filling up the DagBag from /Users/evankrupa/airflow_project/env/lib/python3.11/site-packages/airflow/example_dags/example_nested_branch_dag.py
[2025-12-12T08:36:25.366-0500] {processor.py:840} INFO - DAG(s) 'example_nested_branch_dag' retrieved from /Users/evankrupa/airflow_project/env/lib/python3.11/site-packages/airflow/example_dags/example_nested_branch_dag.py
[2025-12-12T08:36:25.394-0500] {logging_mixin.py:188} INFO - [2025-12-12T08:36:25.394-0500] {dag.py:3096} INFO - Sync 1 DAGs
[2025-12-12T08:36:25.398-0500] {logging_mixin.py:188} INFO - [2025-12-12T08:36:25.398-0500] {dag.py:3954} INFO - Setting next_dagrun for example_nested_branch_dag to 2025-12-11 00:00:00+00:00, run_after=2025-12-12 00:00:00+00:00
[2025-12-12T08:36:25.404-0500] {processor.py:183} INFO - Processing /Users/evankrupa/airflow_project/env/lib/python3.11/site-packages/airflow/example_dags/example_nested_branch_dag.py took 0.052 seconds
[2025-12-12T08:37:49.862-0500] {processor.py:161} INFO - Started process (PID=65270) to work on /Users/evankrupa/airflow_project/env/lib/python3.11/site-packages/airflow/example_dags/example_nested_branch_dag.py
[2025-12-12T08:37:49.863-0500] {processor.py:830} INFO - Processing file /Users/evankrupa/airflow_project/env/lib/python3.11/site-packages/airflow/example_dags/example_nested_branch_dag.py for tasks to queue
[2025-12-12T08:37:49.864-0500] {logging_mixin.py:188} INFO - [2025-12-12T08:37:49.864-0500] {dagbag.py:545} INFO - Filling up the DagBag from /Users/evankrupa/airflow_project/env/lib/python3.11/site-packages/airflow/example_dags/example_nested_branch_dag.py
[2025-12-12T08:37:49.877-0500] {processor.py:840} INFO - DAG(s) 'example_nested_branch_dag' retrieved from /Users/evankrupa/airflow_project/env/lib/python3.11/site-packages/airflow/example_dags/example_nested_branch_dag.py
[2025-12-12T08:37:49.904-0500] {logging_mixin.py:188} INFO - [2025-12-12T08:37:49.904-0500] {dag.py:3096} INFO - Sync 1 DAGs
[2025-12-12T08:37:49.909-0500] {logging_mixin.py:188} INFO - [2025-12-12T08:37:49.909-0500] {dag.py:3954} INFO - Setting next_dagrun for example_nested_branch_dag to 2025-12-11 00:00:00+00:00, run_after=2025-12-12 00:00:00+00:00
[2025-12-12T08:37:49.914-0500] {processor.py:183} INFO - Processing /Users/evankrupa/airflow_project/env/lib/python3.11/site-packages/airflow/example_dags/example_nested_branch_dag.py took 0.053 seconds
[2025-12-12T08:39:12.590-0500] {processor.py:161} INFO - Started process (PID=65350) to work on /Users/evankrupa/airflow_project/env/lib/python3.11/site-packages/airflow/example_dags/example_nested_branch_dag.py
[2025-12-12T08:39:12.590-0500] {processor.py:830} INFO - Processing file /Users/evankrupa/airflow_project/env/lib/python3.11/site-packages/airflow/example_dags/example_nested_branch_dag.py for tasks to queue
[2025-12-12T08:39:12.590-0500] {logging_mixin.py:188} INFO - [2025-12-12T08:39:12.590-0500] {dagbag.py:545} INFO - Filling up the DagBag from /Users/evankrupa/airflow_project/env/lib/python3.11/site-packages/airflow/example_dags/example_nested_branch_dag.py
[2025-12-12T08:39:12.603-0500] {processor.py:840} INFO - DAG(s) 'example_nested_branch_dag' retrieved from /Users/evankrupa/airflow_project/env/lib/python3.11/site-packages/airflow/example_dags/example_nested_branch_dag.py
[2025-12-12T08:39:12.630-0500] {logging_mixin.py:188} INFO - [2025-12-12T08:39:12.630-0500] {dag.py:3096} INFO - Sync 1 DAGs
[2025-12-12T08:39:12.635-0500] {logging_mixin.py:188} INFO - [2025-12-12T08:39:12.635-0500] {dag.py:3954} INFO - Setting next_dagrun for example_nested_branch_dag to 2025-12-11 00:00:00+00:00, run_after=2025-12-12 00:00:00+00:00
[2025-12-12T08:39:12.640-0500] {processor.py:183} INFO - Processing /Users/evankrupa/airflow_project/env/lib/python3.11/site-packages/airflow/example_dags/example_nested_branch_dag.py took 0.051 seconds
[2025-12-12T08:40:36.647-0500] {processor.py:161} INFO - Started process (PID=65436) to work on /Users/evankrupa/airflow_project/env/lib/python3.11/site-packages/airflow/example_dags/example_nested_branch_dag.py
[2025-12-12T08:40:36.648-0500] {processor.py:830} INFO - Processing file /Users/evankrupa/airflow_project/env/lib/python3.11/site-packages/airflow/example_dags/example_nested_branch_dag.py for tasks to queue
[2025-12-12T08:40:36.649-0500] {logging_mixin.py:188} INFO - [2025-12-12T08:40:36.649-0500] {dagbag.py:545} INFO - Filling up the DagBag from /Users/evankrupa/airflow_project/env/lib/python3.11/site-packages/airflow/example_dags/example_nested_branch_dag.py
[2025-12-12T08:40:36.662-0500] {processor.py:840} INFO - DAG(s) 'example_nested_branch_dag' retrieved from /Users/evankrupa/airflow_project/env/lib/python3.11/site-packages/airflow/example_dags/example_nested_branch_dag.py
[2025-12-12T08:40:36.689-0500] {logging_mixin.py:188} INFO - [2025-12-12T08:40:36.689-0500] {dag.py:3096} INFO - Sync 1 DAGs
[2025-12-12T08:40:36.694-0500] {logging_mixin.py:188} INFO - [2025-12-12T08:40:36.694-0500] {dag.py:3954} INFO - Setting next_dagrun for example_nested_branch_dag to 2025-12-11 00:00:00+00:00, run_after=2025-12-12 00:00:00+00:00
[2025-12-12T08:40:36.699-0500] {processor.py:183} INFO - Processing /Users/evankrupa/airflow_project/env/lib/python3.11/site-packages/airflow/example_dags/example_nested_branch_dag.py took 0.053 seconds
[2025-12-12T08:41:58.584-0500] {processor.py:161} INFO - Started process (PID=65504) to work on /Users/evankrupa/airflow_project/env/lib/python3.11/site-packages/airflow/example_dags/example_nested_branch_dag.py
[2025-12-12T08:41:58.585-0500] {processor.py:830} INFO - Processing file /Users/evankrupa/airflow_project/env/lib/python3.11/site-packages/airflow/example_dags/example_nested_branch_dag.py for tasks to queue
[2025-12-12T08:41:58.585-0500] {logging_mixin.py:188} INFO - [2025-12-12T08:41:58.585-0500] {dagbag.py:545} INFO - Filling up the DagBag from /Users/evankrupa/airflow_project/env/lib/python3.11/site-packages/airflow/example_dags/example_nested_branch_dag.py
[2025-12-12T08:41:58.598-0500] {processor.py:840} INFO - DAG(s) 'example_nested_branch_dag' retrieved from /Users/evankrupa/airflow_project/env/lib/python3.11/site-packages/airflow/example_dags/example_nested_branch_dag.py
[2025-12-12T08:41:58.626-0500] {logging_mixin.py:188} INFO - [2025-12-12T08:41:58.625-0500] {dag.py:3096} INFO - Sync 1 DAGs
[2025-12-12T08:41:58.631-0500] {logging_mixin.py:188} INFO - [2025-12-12T08:41:58.631-0500] {dag.py:3954} INFO - Setting next_dagrun for example_nested_branch_dag to 2025-12-11 00:00:00+00:00, run_after=2025-12-12 00:00:00+00:00
[2025-12-12T08:41:58.636-0500] {processor.py:183} INFO - Processing /Users/evankrupa/airflow_project/env/lib/python3.11/site-packages/airflow/example_dags/example_nested_branch_dag.py took 0.053 seconds
[2025-12-12T08:43:22.653-0500] {processor.py:161} INFO - Started process (PID=65588) to work on /Users/evankrupa/airflow_project/env/lib/python3.11/site-packages/airflow/example_dags/example_nested_branch_dag.py
[2025-12-12T08:43:22.653-0500] {processor.py:830} INFO - Processing file /Users/evankrupa/airflow_project/env/lib/python3.11/site-packages/airflow/example_dags/example_nested_branch_dag.py for tasks to queue
[2025-12-12T08:43:22.653-0500] {logging_mixin.py:188} INFO - [2025-12-12T08:43:22.653-0500] {dagbag.py:545} INFO - Filling up the DagBag from /Users/evankrupa/airflow_project/env/lib/python3.11/site-packages/airflow/example_dags/example_nested_branch_dag.py
[2025-12-12T08:43:22.666-0500] {processor.py:840} INFO - DAG(s) 'example_nested_branch_dag' retrieved from /Users/evankrupa/airflow_project/env/lib/python3.11/site-packages/airflow/example_dags/example_nested_branch_dag.py
[2025-12-12T08:43:22.693-0500] {logging_mixin.py:188} INFO - [2025-12-12T08:43:22.693-0500] {dag.py:3096} INFO - Sync 1 DAGs
[2025-12-12T08:43:22.698-0500] {logging_mixin.py:188} INFO - [2025-12-12T08:43:22.698-0500] {dag.py:3954} INFO - Setting next_dagrun for example_nested_branch_dag to 2025-12-11 00:00:00+00:00, run_after=2025-12-12 00:00:00+00:00
[2025-12-12T08:43:22.704-0500] {processor.py:183} INFO - Processing /Users/evankrupa/airflow_project/env/lib/python3.11/site-packages/airflow/example_dags/example_nested_branch_dag.py took 0.052 seconds
[2025-12-12T08:44:46.449-0500] {processor.py:161} INFO - Started process (PID=65653) to work on /Users/evankrupa/airflow_project/env/lib/python3.11/site-packages/airflow/example_dags/example_nested_branch_dag.py
[2025-12-12T08:44:46.450-0500] {processor.py:830} INFO - Processing file /Users/evankrupa/airflow_project/env/lib/python3.11/site-packages/airflow/example_dags/example_nested_branch_dag.py for tasks to queue
[2025-12-12T08:44:46.451-0500] {logging_mixin.py:188} INFO - [2025-12-12T08:44:46.451-0500] {dagbag.py:545} INFO - Filling up the DagBag from /Users/evankrupa/airflow_project/env/lib/python3.11/site-packages/airflow/example_dags/example_nested_branch_dag.py
[2025-12-12T08:44:46.463-0500] {processor.py:840} INFO - DAG(s) 'example_nested_branch_dag' retrieved from /Users/evankrupa/airflow_project/env/lib/python3.11/site-packages/airflow/example_dags/example_nested_branch_dag.py
[2025-12-12T08:44:46.491-0500] {logging_mixin.py:188} INFO - [2025-12-12T08:44:46.490-0500] {dag.py:3096} INFO - Sync 1 DAGs
[2025-12-12T08:44:46.496-0500] {logging_mixin.py:188} INFO - [2025-12-12T08:44:46.496-0500] {dag.py:3954} INFO - Setting next_dagrun for example_nested_branch_dag to 2025-12-11 00:00:00+00:00, run_after=2025-12-12 00:00:00+00:00
[2025-12-12T08:44:46.503-0500] {processor.py:183} INFO - Processing /Users/evankrupa/airflow_project/env/lib/python3.11/site-packages/airflow/example_dags/example_nested_branch_dag.py took 0.055 seconds
[2025-12-12T08:46:12.776-0500] {processor.py:161} INFO - Started process (PID=65738) to work on /Users/evankrupa/airflow_project/env/lib/python3.11/site-packages/airflow/example_dags/example_nested_branch_dag.py
[2025-12-12T08:46:12.776-0500] {processor.py:830} INFO - Processing file /Users/evankrupa/airflow_project/env/lib/python3.11/site-packages/airflow/example_dags/example_nested_branch_dag.py for tasks to queue
[2025-12-12T08:46:12.776-0500] {logging_mixin.py:188} INFO - [2025-12-12T08:46:12.776-0500] {dagbag.py:545} INFO - Filling up the DagBag from /Users/evankrupa/airflow_project/env/lib/python3.11/site-packages/airflow/example_dags/example_nested_branch_dag.py
[2025-12-12T08:46:12.790-0500] {processor.py:840} INFO - DAG(s) 'example_nested_branch_dag' retrieved from /Users/evankrupa/airflow_project/env/lib/python3.11/site-packages/airflow/example_dags/example_nested_branch_dag.py
[2025-12-12T08:46:12.817-0500] {logging_mixin.py:188} INFO - [2025-12-12T08:46:12.817-0500] {dag.py:3096} INFO - Sync 1 DAGs
[2025-12-12T08:46:12.822-0500] {logging_mixin.py:188} INFO - [2025-12-12T08:46:12.822-0500] {dag.py:3954} INFO - Setting next_dagrun for example_nested_branch_dag to 2025-12-11 00:00:00+00:00, run_after=2025-12-12 00:00:00+00:00
[2025-12-12T08:46:12.827-0500] {processor.py:183} INFO - Processing /Users/evankrupa/airflow_project/env/lib/python3.11/site-packages/airflow/example_dags/example_nested_branch_dag.py took 0.053 seconds
