[2025-12-12T07:25:21.414-0500] {processor.py:161} INFO - Started process (PID=56848) to work on /Users/evankrupa/airflow_project/env/lib/python3.11/site-packages/airflow/example_dags/example_trigger_controller_dag.py
[2025-12-12T07:25:21.415-0500] {processor.py:830} INFO - Processing file /Users/evankrupa/airflow_project/env/lib/python3.11/site-packages/airflow/example_dags/example_trigger_controller_dag.py for tasks to queue
[2025-12-12T07:25:21.415-0500] {logging_mixin.py:188} INFO - [2025-12-12T07:25:21.415-0500] {dagbag.py:545} INFO - Filling up the DagBag from /Users/evankrupa/airflow_project/env/lib/python3.11/site-packages/airflow/example_dags/example_trigger_controller_dag.py
[2025-12-12T07:25:21.418-0500] {processor.py:840} INFO - DAG(s) 'example_trigger_controller_dag' retrieved from /Users/evankrupa/airflow_project/env/lib/python3.11/site-packages/airflow/example_dags/example_trigger_controller_dag.py
[2025-12-12T07:25:21.470-0500] {logging_mixin.py:188} INFO - [2025-12-12T07:25:21.469-0500] {override.py:1829} INFO - Created Permission View: can read on DAG:example_trigger_controller_dag
[2025-12-12T07:25:21.472-0500] {logging_mixin.py:188} INFO - [2025-12-12T07:25:21.472-0500] {override.py:1829} INFO - Created Permission View: can edit on DAG:example_trigger_controller_dag
[2025-12-12T07:25:21.473-0500] {logging_mixin.py:188} INFO - [2025-12-12T07:25:21.473-0500] {override.py:1829} INFO - Created Permission View: can delete on DAG:example_trigger_controller_dag
[2025-12-12T07:25:21.474-0500] {logging_mixin.py:188} INFO - [2025-12-12T07:25:21.473-0500] {dag.py:3096} INFO - Sync 1 DAGs
[2025-12-12T07:25:21.476-0500] {logging_mixin.py:188} INFO - [2025-12-12T07:25:21.476-0500] {dag.py:3118} INFO - Creating ORM DAG for example_trigger_controller_dag
[2025-12-12T07:25:21.479-0500] {logging_mixin.py:188} INFO - [2025-12-12T07:25:21.479-0500] {dag.py:3954} INFO - Setting next_dagrun for example_trigger_controller_dag to 2021-01-01 00:00:00+00:00, run_after=2021-01-01 00:00:00+00:00
[2025-12-12T07:25:21.485-0500] {processor.py:183} INFO - Processing /Users/evankrupa/airflow_project/env/lib/python3.11/site-packages/airflow/example_dags/example_trigger_controller_dag.py took 0.072 seconds
[2025-12-12T07:26:34.435-0500] {processor.py:161} INFO - Started process (PID=56914) to work on /Users/evankrupa/airflow_project/env/lib/python3.11/site-packages/airflow/example_dags/example_trigger_controller_dag.py
[2025-12-12T07:26:34.436-0500] {processor.py:830} INFO - Processing file /Users/evankrupa/airflow_project/env/lib/python3.11/site-packages/airflow/example_dags/example_trigger_controller_dag.py for tasks to queue
[2025-12-12T07:26:34.436-0500] {logging_mixin.py:188} INFO - [2025-12-12T07:26:34.436-0500] {dagbag.py:545} INFO - Filling up the DagBag from /Users/evankrupa/airflow_project/env/lib/python3.11/site-packages/airflow/example_dags/example_trigger_controller_dag.py
[2025-12-12T07:26:34.439-0500] {processor.py:840} INFO - DAG(s) 'example_trigger_controller_dag' retrieved from /Users/evankrupa/airflow_project/env/lib/python3.11/site-packages/airflow/example_dags/example_trigger_controller_dag.py
[2025-12-12T07:26:34.465-0500] {logging_mixin.py:188} INFO - [2025-12-12T07:26:34.465-0500] {dag.py:3096} INFO - Sync 1 DAGs
[2025-12-12T07:26:34.470-0500] {logging_mixin.py:188} INFO - [2025-12-12T07:26:34.470-0500] {dag.py:3954} INFO - Setting next_dagrun for example_trigger_controller_dag to 2021-01-01 00:00:00+00:00, run_after=2021-01-01 00:00:00+00:00
[2025-12-12T07:26:34.475-0500] {processor.py:183} INFO - Processing /Users/evankrupa/airflow_project/env/lib/python3.11/site-packages/airflow/example_dags/example_trigger_controller_dag.py took 0.041 seconds
[2025-12-12T07:27:59.627-0500] {processor.py:161} INFO - Started process (PID=57560) to work on /Users/evankrupa/airflow_project/env/lib/python3.11/site-packages/airflow/example_dags/example_trigger_controller_dag.py
[2025-12-12T07:27:59.627-0500] {processor.py:830} INFO - Processing file /Users/evankrupa/airflow_project/env/lib/python3.11/site-packages/airflow/example_dags/example_trigger_controller_dag.py for tasks to queue
[2025-12-12T07:27:59.628-0500] {logging_mixin.py:188} INFO - [2025-12-12T07:27:59.627-0500] {dagbag.py:545} INFO - Filling up the DagBag from /Users/evankrupa/airflow_project/env/lib/python3.11/site-packages/airflow/example_dags/example_trigger_controller_dag.py
[2025-12-12T07:27:59.631-0500] {processor.py:840} INFO - DAG(s) 'example_trigger_controller_dag' retrieved from /Users/evankrupa/airflow_project/env/lib/python3.11/site-packages/airflow/example_dags/example_trigger_controller_dag.py
[2025-12-12T07:27:59.659-0500] {logging_mixin.py:188} INFO - [2025-12-12T07:27:59.659-0500] {dag.py:3096} INFO - Sync 1 DAGs
[2025-12-12T07:27:59.664-0500] {logging_mixin.py:188} INFO - [2025-12-12T07:27:59.664-0500] {dag.py:3954} INFO - Setting next_dagrun for example_trigger_controller_dag to 2021-01-01 00:00:00+00:00, run_after=2021-01-01 00:00:00+00:00
[2025-12-12T07:27:59.669-0500] {processor.py:183} INFO - Processing /Users/evankrupa/airflow_project/env/lib/python3.11/site-packages/airflow/example_dags/example_trigger_controller_dag.py took 0.043 seconds
[2025-12-12T07:29:24.885-0500] {processor.py:161} INFO - Started process (PID=57923) to work on /Users/evankrupa/airflow_project/env/lib/python3.11/site-packages/airflow/example_dags/example_trigger_controller_dag.py
[2025-12-12T07:29:24.885-0500] {processor.py:830} INFO - Processing file /Users/evankrupa/airflow_project/env/lib/python3.11/site-packages/airflow/example_dags/example_trigger_controller_dag.py for tasks to queue
[2025-12-12T07:29:24.886-0500] {logging_mixin.py:188} INFO - [2025-12-12T07:29:24.886-0500] {dagbag.py:545} INFO - Filling up the DagBag from /Users/evankrupa/airflow_project/env/lib/python3.11/site-packages/airflow/example_dags/example_trigger_controller_dag.py
[2025-12-12T07:29:24.889-0500] {processor.py:840} INFO - DAG(s) 'example_trigger_controller_dag' retrieved from /Users/evankrupa/airflow_project/env/lib/python3.11/site-packages/airflow/example_dags/example_trigger_controller_dag.py
[2025-12-12T07:29:24.915-0500] {logging_mixin.py:188} INFO - [2025-12-12T07:29:24.915-0500] {dag.py:3096} INFO - Sync 1 DAGs
[2025-12-12T07:29:24.919-0500] {logging_mixin.py:188} INFO - [2025-12-12T07:29:24.919-0500] {dag.py:3954} INFO - Setting next_dagrun for example_trigger_controller_dag to 2021-01-01 00:00:00+00:00, run_after=2021-01-01 00:00:00+00:00
[2025-12-12T07:29:24.925-0500] {processor.py:183} INFO - Processing /Users/evankrupa/airflow_project/env/lib/python3.11/site-packages/airflow/example_dags/example_trigger_controller_dag.py took 0.041 seconds
[2025-12-12T07:30:50.305-0500] {processor.py:161} INFO - Started process (PID=58050) to work on /Users/evankrupa/airflow_project/env/lib/python3.11/site-packages/airflow/example_dags/example_trigger_controller_dag.py
[2025-12-12T07:30:50.306-0500] {processor.py:830} INFO - Processing file /Users/evankrupa/airflow_project/env/lib/python3.11/site-packages/airflow/example_dags/example_trigger_controller_dag.py for tasks to queue
[2025-12-12T07:30:50.306-0500] {logging_mixin.py:188} INFO - [2025-12-12T07:30:50.306-0500] {dagbag.py:545} INFO - Filling up the DagBag from /Users/evankrupa/airflow_project/env/lib/python3.11/site-packages/airflow/example_dags/example_trigger_controller_dag.py
[2025-12-12T07:30:50.309-0500] {processor.py:840} INFO - DAG(s) 'example_trigger_controller_dag' retrieved from /Users/evankrupa/airflow_project/env/lib/python3.11/site-packages/airflow/example_dags/example_trigger_controller_dag.py
[2025-12-12T07:30:50.335-0500] {logging_mixin.py:188} INFO - [2025-12-12T07:30:50.335-0500] {dag.py:3096} INFO - Sync 1 DAGs
[2025-12-12T07:30:50.340-0500] {logging_mixin.py:188} INFO - [2025-12-12T07:30:50.340-0500] {dag.py:3954} INFO - Setting next_dagrun for example_trigger_controller_dag to 2021-01-01 00:00:00+00:00, run_after=2021-01-01 00:00:00+00:00
[2025-12-12T07:30:50.346-0500] {processor.py:183} INFO - Processing /Users/evankrupa/airflow_project/env/lib/python3.11/site-packages/airflow/example_dags/example_trigger_controller_dag.py took 0.042 seconds
[2025-12-12T07:32:17.500-0500] {processor.py:161} INFO - Started process (PID=58381) to work on /Users/evankrupa/airflow_project/env/lib/python3.11/site-packages/airflow/example_dags/example_trigger_controller_dag.py
[2025-12-12T07:32:17.500-0500] {processor.py:830} INFO - Processing file /Users/evankrupa/airflow_project/env/lib/python3.11/site-packages/airflow/example_dags/example_trigger_controller_dag.py for tasks to queue
[2025-12-12T07:32:17.501-0500] {logging_mixin.py:188} INFO - [2025-12-12T07:32:17.500-0500] {dagbag.py:545} INFO - Filling up the DagBag from /Users/evankrupa/airflow_project/env/lib/python3.11/site-packages/airflow/example_dags/example_trigger_controller_dag.py
[2025-12-12T07:32:17.504-0500] {processor.py:840} INFO - DAG(s) 'example_trigger_controller_dag' retrieved from /Users/evankrupa/airflow_project/env/lib/python3.11/site-packages/airflow/example_dags/example_trigger_controller_dag.py
[2025-12-12T07:32:17.529-0500] {logging_mixin.py:188} INFO - [2025-12-12T07:32:17.529-0500] {dag.py:3096} INFO - Sync 1 DAGs
[2025-12-12T07:32:17.533-0500] {logging_mixin.py:188} INFO - [2025-12-12T07:32:17.533-0500] {dag.py:3954} INFO - Setting next_dagrun for example_trigger_controller_dag to 2021-01-01 00:00:00+00:00, run_after=2021-01-01 00:00:00+00:00
[2025-12-12T07:32:17.539-0500] {processor.py:183} INFO - Processing /Users/evankrupa/airflow_project/env/lib/python3.11/site-packages/airflow/example_dags/example_trigger_controller_dag.py took 0.040 seconds
[2025-12-12T07:33:43.420-0500] {processor.py:161} INFO - Started process (PID=58469) to work on /Users/evankrupa/airflow_project/env/lib/python3.11/site-packages/airflow/example_dags/example_trigger_controller_dag.py
[2025-12-12T07:33:43.421-0500] {processor.py:830} INFO - Processing file /Users/evankrupa/airflow_project/env/lib/python3.11/site-packages/airflow/example_dags/example_trigger_controller_dag.py for tasks to queue
[2025-12-12T07:33:43.421-0500] {logging_mixin.py:188} INFO - [2025-12-12T07:33:43.421-0500] {dagbag.py:545} INFO - Filling up the DagBag from /Users/evankrupa/airflow_project/env/lib/python3.11/site-packages/airflow/example_dags/example_trigger_controller_dag.py
[2025-12-12T07:33:43.424-0500] {processor.py:840} INFO - DAG(s) 'example_trigger_controller_dag' retrieved from /Users/evankrupa/airflow_project/env/lib/python3.11/site-packages/airflow/example_dags/example_trigger_controller_dag.py
[2025-12-12T07:33:43.450-0500] {logging_mixin.py:188} INFO - [2025-12-12T07:33:43.450-0500] {dag.py:3096} INFO - Sync 1 DAGs
[2025-12-12T07:33:43.454-0500] {logging_mixin.py:188} INFO - [2025-12-12T07:33:43.454-0500] {dag.py:3954} INFO - Setting next_dagrun for example_trigger_controller_dag to 2021-01-01 00:00:00+00:00, run_after=2021-01-01 00:00:00+00:00
[2025-12-12T07:33:43.460-0500] {processor.py:183} INFO - Processing /Users/evankrupa/airflow_project/env/lib/python3.11/site-packages/airflow/example_dags/example_trigger_controller_dag.py took 0.040 seconds
[2025-12-12T07:35:07.184-0500] {processor.py:161} INFO - Started process (PID=58548) to work on /Users/evankrupa/airflow_project/env/lib/python3.11/site-packages/airflow/example_dags/example_trigger_controller_dag.py
[2025-12-12T07:35:07.185-0500] {processor.py:830} INFO - Processing file /Users/evankrupa/airflow_project/env/lib/python3.11/site-packages/airflow/example_dags/example_trigger_controller_dag.py for tasks to queue
[2025-12-12T07:35:07.185-0500] {logging_mixin.py:188} INFO - [2025-12-12T07:35:07.185-0500] {dagbag.py:545} INFO - Filling up the DagBag from /Users/evankrupa/airflow_project/env/lib/python3.11/site-packages/airflow/example_dags/example_trigger_controller_dag.py
[2025-12-12T07:35:07.188-0500] {processor.py:840} INFO - DAG(s) 'example_trigger_controller_dag' retrieved from /Users/evankrupa/airflow_project/env/lib/python3.11/site-packages/airflow/example_dags/example_trigger_controller_dag.py
[2025-12-12T07:35:07.216-0500] {logging_mixin.py:188} INFO - [2025-12-12T07:35:07.216-0500] {dag.py:3096} INFO - Sync 1 DAGs
[2025-12-12T07:35:07.222-0500] {logging_mixin.py:188} INFO - [2025-12-12T07:35:07.222-0500] {dag.py:3954} INFO - Setting next_dagrun for example_trigger_controller_dag to 2021-01-01 00:00:00+00:00, run_after=2021-01-01 00:00:00+00:00
[2025-12-12T07:35:07.227-0500] {processor.py:183} INFO - Processing /Users/evankrupa/airflow_project/env/lib/python3.11/site-packages/airflow/example_dags/example_trigger_controller_dag.py took 0.044 seconds
[2025-12-12T07:36:30.934-0500] {processor.py:161} INFO - Started process (PID=58616) to work on /Users/evankrupa/airflow_project/env/lib/python3.11/site-packages/airflow/example_dags/example_trigger_controller_dag.py
[2025-12-12T07:36:30.934-0500] {processor.py:830} INFO - Processing file /Users/evankrupa/airflow_project/env/lib/python3.11/site-packages/airflow/example_dags/example_trigger_controller_dag.py for tasks to queue
[2025-12-12T07:36:30.934-0500] {logging_mixin.py:188} INFO - [2025-12-12T07:36:30.934-0500] {dagbag.py:545} INFO - Filling up the DagBag from /Users/evankrupa/airflow_project/env/lib/python3.11/site-packages/airflow/example_dags/example_trigger_controller_dag.py
[2025-12-12T07:36:30.938-0500] {processor.py:840} INFO - DAG(s) 'example_trigger_controller_dag' retrieved from /Users/evankrupa/airflow_project/env/lib/python3.11/site-packages/airflow/example_dags/example_trigger_controller_dag.py
[2025-12-12T07:36:30.965-0500] {logging_mixin.py:188} INFO - [2025-12-12T07:36:30.965-0500] {dag.py:3096} INFO - Sync 1 DAGs
[2025-12-12T07:36:30.970-0500] {logging_mixin.py:188} INFO - [2025-12-12T07:36:30.969-0500] {dag.py:3954} INFO - Setting next_dagrun for example_trigger_controller_dag to 2021-01-01 00:00:00+00:00, run_after=2021-01-01 00:00:00+00:00
[2025-12-12T07:36:30.975-0500] {processor.py:183} INFO - Processing /Users/evankrupa/airflow_project/env/lib/python3.11/site-packages/airflow/example_dags/example_trigger_controller_dag.py took 0.042 seconds
[2025-12-12T07:37:56.831-0500] {processor.py:161} INFO - Started process (PID=58686) to work on /Users/evankrupa/airflow_project/env/lib/python3.11/site-packages/airflow/example_dags/example_trigger_controller_dag.py
[2025-12-12T07:37:56.831-0500] {processor.py:830} INFO - Processing file /Users/evankrupa/airflow_project/env/lib/python3.11/site-packages/airflow/example_dags/example_trigger_controller_dag.py for tasks to queue
[2025-12-12T07:37:56.831-0500] {logging_mixin.py:188} INFO - [2025-12-12T07:37:56.831-0500] {dagbag.py:545} INFO - Filling up the DagBag from /Users/evankrupa/airflow_project/env/lib/python3.11/site-packages/airflow/example_dags/example_trigger_controller_dag.py
[2025-12-12T07:37:56.835-0500] {processor.py:840} INFO - DAG(s) 'example_trigger_controller_dag' retrieved from /Users/evankrupa/airflow_project/env/lib/python3.11/site-packages/airflow/example_dags/example_trigger_controller_dag.py
[2025-12-12T07:37:56.862-0500] {logging_mixin.py:188} INFO - [2025-12-12T07:37:56.862-0500] {dag.py:3096} INFO - Sync 1 DAGs
[2025-12-12T07:37:56.866-0500] {logging_mixin.py:188} INFO - [2025-12-12T07:37:56.866-0500] {dag.py:3954} INFO - Setting next_dagrun for example_trigger_controller_dag to 2021-01-01 00:00:00+00:00, run_after=2021-01-01 00:00:00+00:00
[2025-12-12T07:37:56.872-0500] {processor.py:183} INFO - Processing /Users/evankrupa/airflow_project/env/lib/python3.11/site-packages/airflow/example_dags/example_trigger_controller_dag.py took 0.042 seconds
[2025-12-12T07:39:20.862-0500] {processor.py:161} INFO - Started process (PID=58802) to work on /Users/evankrupa/airflow_project/env/lib/python3.11/site-packages/airflow/example_dags/example_trigger_controller_dag.py
[2025-12-12T07:39:20.862-0500] {processor.py:830} INFO - Processing file /Users/evankrupa/airflow_project/env/lib/python3.11/site-packages/airflow/example_dags/example_trigger_controller_dag.py for tasks to queue
[2025-12-12T07:39:20.862-0500] {logging_mixin.py:188} INFO - [2025-12-12T07:39:20.862-0500] {dagbag.py:545} INFO - Filling up the DagBag from /Users/evankrupa/airflow_project/env/lib/python3.11/site-packages/airflow/example_dags/example_trigger_controller_dag.py
[2025-12-12T07:39:20.866-0500] {processor.py:840} INFO - DAG(s) 'example_trigger_controller_dag' retrieved from /Users/evankrupa/airflow_project/env/lib/python3.11/site-packages/airflow/example_dags/example_trigger_controller_dag.py
[2025-12-12T07:39:20.892-0500] {logging_mixin.py:188} INFO - [2025-12-12T07:39:20.892-0500] {dag.py:3096} INFO - Sync 1 DAGs
[2025-12-12T07:39:20.898-0500] {logging_mixin.py:188} INFO - [2025-12-12T07:39:20.898-0500] {dag.py:3954} INFO - Setting next_dagrun for example_trigger_controller_dag to 2021-01-01 00:00:00+00:00, run_after=2021-01-01 00:00:00+00:00
[2025-12-12T07:39:20.904-0500] {processor.py:183} INFO - Processing /Users/evankrupa/airflow_project/env/lib/python3.11/site-packages/airflow/example_dags/example_trigger_controller_dag.py took 0.043 seconds
[2025-12-12T07:40:46.380-0500] {processor.py:161} INFO - Started process (PID=58915) to work on /Users/evankrupa/airflow_project/env/lib/python3.11/site-packages/airflow/example_dags/example_trigger_controller_dag.py
[2025-12-12T07:40:46.381-0500] {processor.py:830} INFO - Processing file /Users/evankrupa/airflow_project/env/lib/python3.11/site-packages/airflow/example_dags/example_trigger_controller_dag.py for tasks to queue
[2025-12-12T07:40:46.381-0500] {logging_mixin.py:188} INFO - [2025-12-12T07:40:46.381-0500] {dagbag.py:545} INFO - Filling up the DagBag from /Users/evankrupa/airflow_project/env/lib/python3.11/site-packages/airflow/example_dags/example_trigger_controller_dag.py
[2025-12-12T07:40:46.384-0500] {processor.py:840} INFO - DAG(s) 'example_trigger_controller_dag' retrieved from /Users/evankrupa/airflow_project/env/lib/python3.11/site-packages/airflow/example_dags/example_trigger_controller_dag.py
[2025-12-12T07:40:46.410-0500] {logging_mixin.py:188} INFO - [2025-12-12T07:40:46.409-0500] {dag.py:3096} INFO - Sync 1 DAGs
[2025-12-12T07:40:46.414-0500] {logging_mixin.py:188} INFO - [2025-12-12T07:40:46.414-0500] {dag.py:3954} INFO - Setting next_dagrun for example_trigger_controller_dag to 2021-01-01 00:00:00+00:00, run_after=2021-01-01 00:00:00+00:00
[2025-12-12T07:40:46.419-0500] {processor.py:183} INFO - Processing /Users/evankrupa/airflow_project/env/lib/python3.11/site-packages/airflow/example_dags/example_trigger_controller_dag.py took 0.040 seconds
[2025-12-12T07:42:11.740-0500] {processor.py:161} INFO - Started process (PID=58984) to work on /Users/evankrupa/airflow_project/env/lib/python3.11/site-packages/airflow/example_dags/example_trigger_controller_dag.py
[2025-12-12T07:42:11.741-0500] {processor.py:830} INFO - Processing file /Users/evankrupa/airflow_project/env/lib/python3.11/site-packages/airflow/example_dags/example_trigger_controller_dag.py for tasks to queue
[2025-12-12T07:42:11.742-0500] {logging_mixin.py:188} INFO - [2025-12-12T07:42:11.742-0500] {dagbag.py:545} INFO - Filling up the DagBag from /Users/evankrupa/airflow_project/env/lib/python3.11/site-packages/airflow/example_dags/example_trigger_controller_dag.py
[2025-12-12T07:42:11.745-0500] {processor.py:840} INFO - DAG(s) 'example_trigger_controller_dag' retrieved from /Users/evankrupa/airflow_project/env/lib/python3.11/site-packages/airflow/example_dags/example_trigger_controller_dag.py
[2025-12-12T07:42:11.771-0500] {logging_mixin.py:188} INFO - [2025-12-12T07:42:11.771-0500] {dag.py:3096} INFO - Sync 1 DAGs
[2025-12-12T07:42:11.775-0500] {logging_mixin.py:188} INFO - [2025-12-12T07:42:11.775-0500] {dag.py:3954} INFO - Setting next_dagrun for example_trigger_controller_dag to 2021-01-01 00:00:00+00:00, run_after=2021-01-01 00:00:00+00:00
[2025-12-12T07:42:11.781-0500] {processor.py:183} INFO - Processing /Users/evankrupa/airflow_project/env/lib/python3.11/site-packages/airflow/example_dags/example_trigger_controller_dag.py took 0.041 seconds
[2025-12-12T07:43:35.242-0500] {processor.py:161} INFO - Started process (PID=59148) to work on /Users/evankrupa/airflow_project/env/lib/python3.11/site-packages/airflow/example_dags/example_trigger_controller_dag.py
[2025-12-12T07:43:35.242-0500] {processor.py:830} INFO - Processing file /Users/evankrupa/airflow_project/env/lib/python3.11/site-packages/airflow/example_dags/example_trigger_controller_dag.py for tasks to queue
[2025-12-12T07:43:35.242-0500] {logging_mixin.py:188} INFO - [2025-12-12T07:43:35.242-0500] {dagbag.py:545} INFO - Filling up the DagBag from /Users/evankrupa/airflow_project/env/lib/python3.11/site-packages/airflow/example_dags/example_trigger_controller_dag.py
[2025-12-12T07:43:35.246-0500] {processor.py:840} INFO - DAG(s) 'example_trigger_controller_dag' retrieved from /Users/evankrupa/airflow_project/env/lib/python3.11/site-packages/airflow/example_dags/example_trigger_controller_dag.py
[2025-12-12T07:43:35.271-0500] {logging_mixin.py:188} INFO - [2025-12-12T07:43:35.271-0500] {dag.py:3096} INFO - Sync 1 DAGs
[2025-12-12T07:43:35.276-0500] {logging_mixin.py:188} INFO - [2025-12-12T07:43:35.276-0500] {dag.py:3954} INFO - Setting next_dagrun for example_trigger_controller_dag to 2021-01-01 00:00:00+00:00, run_after=2021-01-01 00:00:00+00:00
[2025-12-12T07:43:35.281-0500] {processor.py:183} INFO - Processing /Users/evankrupa/airflow_project/env/lib/python3.11/site-packages/airflow/example_dags/example_trigger_controller_dag.py took 0.041 seconds
[2025-12-12T07:45:00.454-0500] {processor.py:161} INFO - Started process (PID=59240) to work on /Users/evankrupa/airflow_project/env/lib/python3.11/site-packages/airflow/example_dags/example_trigger_controller_dag.py
[2025-12-12T07:45:00.455-0500] {processor.py:830} INFO - Processing file /Users/evankrupa/airflow_project/env/lib/python3.11/site-packages/airflow/example_dags/example_trigger_controller_dag.py for tasks to queue
[2025-12-12T07:45:00.455-0500] {logging_mixin.py:188} INFO - [2025-12-12T07:45:00.455-0500] {dagbag.py:545} INFO - Filling up the DagBag from /Users/evankrupa/airflow_project/env/lib/python3.11/site-packages/airflow/example_dags/example_trigger_controller_dag.py
[2025-12-12T07:45:00.458-0500] {processor.py:840} INFO - DAG(s) 'example_trigger_controller_dag' retrieved from /Users/evankrupa/airflow_project/env/lib/python3.11/site-packages/airflow/example_dags/example_trigger_controller_dag.py
[2025-12-12T07:45:00.484-0500] {logging_mixin.py:188} INFO - [2025-12-12T07:45:00.484-0500] {dag.py:3096} INFO - Sync 1 DAGs
[2025-12-12T07:45:00.489-0500] {logging_mixin.py:188} INFO - [2025-12-12T07:45:00.489-0500] {dag.py:3954} INFO - Setting next_dagrun for example_trigger_controller_dag to 2021-01-01 00:00:00+00:00, run_after=2021-01-01 00:00:00+00:00
[2025-12-12T07:45:00.495-0500] {processor.py:183} INFO - Processing /Users/evankrupa/airflow_project/env/lib/python3.11/site-packages/airflow/example_dags/example_trigger_controller_dag.py took 0.042 seconds
[2025-12-12T07:46:25.471-0500] {processor.py:161} INFO - Started process (PID=59317) to work on /Users/evankrupa/airflow_project/env/lib/python3.11/site-packages/airflow/example_dags/example_trigger_controller_dag.py
[2025-12-12T07:46:25.472-0500] {processor.py:830} INFO - Processing file /Users/evankrupa/airflow_project/env/lib/python3.11/site-packages/airflow/example_dags/example_trigger_controller_dag.py for tasks to queue
[2025-12-12T07:46:25.472-0500] {logging_mixin.py:188} INFO - [2025-12-12T07:46:25.472-0500] {dagbag.py:545} INFO - Filling up the DagBag from /Users/evankrupa/airflow_project/env/lib/python3.11/site-packages/airflow/example_dags/example_trigger_controller_dag.py
[2025-12-12T07:46:25.475-0500] {processor.py:840} INFO - DAG(s) 'example_trigger_controller_dag' retrieved from /Users/evankrupa/airflow_project/env/lib/python3.11/site-packages/airflow/example_dags/example_trigger_controller_dag.py
[2025-12-12T07:46:25.501-0500] {logging_mixin.py:188} INFO - [2025-12-12T07:46:25.501-0500] {dag.py:3096} INFO - Sync 1 DAGs
[2025-12-12T07:46:25.506-0500] {logging_mixin.py:188} INFO - [2025-12-12T07:46:25.506-0500] {dag.py:3954} INFO - Setting next_dagrun for example_trigger_controller_dag to 2021-01-01 00:00:00+00:00, run_after=2021-01-01 00:00:00+00:00
[2025-12-12T07:46:25.511-0500] {processor.py:183} INFO - Processing /Users/evankrupa/airflow_project/env/lib/python3.11/site-packages/airflow/example_dags/example_trigger_controller_dag.py took 0.041 seconds
[2025-12-12T07:47:47.669-0500] {processor.py:161} INFO - Started process (PID=59404) to work on /Users/evankrupa/airflow_project/env/lib/python3.11/site-packages/airflow/example_dags/example_trigger_controller_dag.py
[2025-12-12T07:47:47.669-0500] {processor.py:830} INFO - Processing file /Users/evankrupa/airflow_project/env/lib/python3.11/site-packages/airflow/example_dags/example_trigger_controller_dag.py for tasks to queue
[2025-12-12T07:47:47.670-0500] {logging_mixin.py:188} INFO - [2025-12-12T07:47:47.669-0500] {dagbag.py:545} INFO - Filling up the DagBag from /Users/evankrupa/airflow_project/env/lib/python3.11/site-packages/airflow/example_dags/example_trigger_controller_dag.py
[2025-12-12T07:47:47.674-0500] {processor.py:840} INFO - DAG(s) 'example_trigger_controller_dag' retrieved from /Users/evankrupa/airflow_project/env/lib/python3.11/site-packages/airflow/example_dags/example_trigger_controller_dag.py
[2025-12-12T07:47:47.703-0500] {logging_mixin.py:188} INFO - [2025-12-12T07:47:47.703-0500] {dag.py:3096} INFO - Sync 1 DAGs
[2025-12-12T07:47:47.708-0500] {logging_mixin.py:188} INFO - [2025-12-12T07:47:47.708-0500] {dag.py:3954} INFO - Setting next_dagrun for example_trigger_controller_dag to 2021-01-01 00:00:00+00:00, run_after=2021-01-01 00:00:00+00:00
[2025-12-12T07:47:47.725-0500] {processor.py:183} INFO - Processing /Users/evankrupa/airflow_project/env/lib/python3.11/site-packages/airflow/example_dags/example_trigger_controller_dag.py took 0.057 seconds
[2025-12-12T07:49:16.848-0500] {processor.py:161} INFO - Started process (PID=59504) to work on /Users/evankrupa/airflow_project/env/lib/python3.11/site-packages/airflow/example_dags/example_trigger_controller_dag.py
[2025-12-12T07:49:16.849-0500] {processor.py:830} INFO - Processing file /Users/evankrupa/airflow_project/env/lib/python3.11/site-packages/airflow/example_dags/example_trigger_controller_dag.py for tasks to queue
[2025-12-12T07:49:16.849-0500] {logging_mixin.py:188} INFO - [2025-12-12T07:49:16.849-0500] {dagbag.py:545} INFO - Filling up the DagBag from /Users/evankrupa/airflow_project/env/lib/python3.11/site-packages/airflow/example_dags/example_trigger_controller_dag.py
[2025-12-12T07:49:16.853-0500] {processor.py:840} INFO - DAG(s) 'example_trigger_controller_dag' retrieved from /Users/evankrupa/airflow_project/env/lib/python3.11/site-packages/airflow/example_dags/example_trigger_controller_dag.py
[2025-12-12T07:49:16.884-0500] {logging_mixin.py:188} INFO - [2025-12-12T07:49:16.884-0500] {dag.py:3096} INFO - Sync 1 DAGs
[2025-12-12T07:49:16.890-0500] {logging_mixin.py:188} INFO - [2025-12-12T07:49:16.890-0500] {dag.py:3954} INFO - Setting next_dagrun for example_trigger_controller_dag to 2021-01-01 00:00:00+00:00, run_after=2021-01-01 00:00:00+00:00
[2025-12-12T07:49:16.897-0500] {processor.py:183} INFO - Processing /Users/evankrupa/airflow_project/env/lib/python3.11/site-packages/airflow/example_dags/example_trigger_controller_dag.py took 0.051 seconds
[2025-12-12T07:50:42.533-0500] {processor.py:161} INFO - Started process (PID=59580) to work on /Users/evankrupa/airflow_project/env/lib/python3.11/site-packages/airflow/example_dags/example_trigger_controller_dag.py
[2025-12-12T07:50:42.534-0500] {processor.py:830} INFO - Processing file /Users/evankrupa/airflow_project/env/lib/python3.11/site-packages/airflow/example_dags/example_trigger_controller_dag.py for tasks to queue
[2025-12-12T07:50:42.534-0500] {logging_mixin.py:188} INFO - [2025-12-12T07:50:42.534-0500] {dagbag.py:545} INFO - Filling up the DagBag from /Users/evankrupa/airflow_project/env/lib/python3.11/site-packages/airflow/example_dags/example_trigger_controller_dag.py
[2025-12-12T07:50:42.537-0500] {processor.py:840} INFO - DAG(s) 'example_trigger_controller_dag' retrieved from /Users/evankrupa/airflow_project/env/lib/python3.11/site-packages/airflow/example_dags/example_trigger_controller_dag.py
[2025-12-12T07:50:42.563-0500] {logging_mixin.py:188} INFO - [2025-12-12T07:50:42.563-0500] {dag.py:3096} INFO - Sync 1 DAGs
[2025-12-12T07:50:42.567-0500] {logging_mixin.py:188} INFO - [2025-12-12T07:50:42.567-0500] {dag.py:3954} INFO - Setting next_dagrun for example_trigger_controller_dag to 2021-01-01 00:00:00+00:00, run_after=2021-01-01 00:00:00+00:00
[2025-12-12T07:50:42.573-0500] {processor.py:183} INFO - Processing /Users/evankrupa/airflow_project/env/lib/python3.11/site-packages/airflow/example_dags/example_trigger_controller_dag.py took 0.040 seconds
[2025-12-12T07:52:07.961-0500] {processor.py:161} INFO - Started process (PID=59649) to work on /Users/evankrupa/airflow_project/env/lib/python3.11/site-packages/airflow/example_dags/example_trigger_controller_dag.py
[2025-12-12T07:52:07.962-0500] {processor.py:830} INFO - Processing file /Users/evankrupa/airflow_project/env/lib/python3.11/site-packages/airflow/example_dags/example_trigger_controller_dag.py for tasks to queue
[2025-12-12T07:52:07.962-0500] {logging_mixin.py:188} INFO - [2025-12-12T07:52:07.962-0500] {dagbag.py:545} INFO - Filling up the DagBag from /Users/evankrupa/airflow_project/env/lib/python3.11/site-packages/airflow/example_dags/example_trigger_controller_dag.py
[2025-12-12T07:52:07.965-0500] {processor.py:840} INFO - DAG(s) 'example_trigger_controller_dag' retrieved from /Users/evankrupa/airflow_project/env/lib/python3.11/site-packages/airflow/example_dags/example_trigger_controller_dag.py
[2025-12-12T07:52:07.991-0500] {logging_mixin.py:188} INFO - [2025-12-12T07:52:07.991-0500] {dag.py:3096} INFO - Sync 1 DAGs
[2025-12-12T07:52:07.996-0500] {logging_mixin.py:188} INFO - [2025-12-12T07:52:07.996-0500] {dag.py:3954} INFO - Setting next_dagrun for example_trigger_controller_dag to 2021-01-01 00:00:00+00:00, run_after=2021-01-01 00:00:00+00:00
[2025-12-12T07:52:08.001-0500] {processor.py:183} INFO - Processing /Users/evankrupa/airflow_project/env/lib/python3.11/site-packages/airflow/example_dags/example_trigger_controller_dag.py took 0.041 seconds
[2025-12-12T07:53:31.010-0500] {processor.py:161} INFO - Started process (PID=59737) to work on /Users/evankrupa/airflow_project/env/lib/python3.11/site-packages/airflow/example_dags/example_trigger_controller_dag.py
[2025-12-12T07:53:31.012-0500] {processor.py:830} INFO - Processing file /Users/evankrupa/airflow_project/env/lib/python3.11/site-packages/airflow/example_dags/example_trigger_controller_dag.py for tasks to queue
[2025-12-12T07:53:31.012-0500] {logging_mixin.py:188} INFO - [2025-12-12T07:53:31.012-0500] {dagbag.py:545} INFO - Filling up the DagBag from /Users/evankrupa/airflow_project/env/lib/python3.11/site-packages/airflow/example_dags/example_trigger_controller_dag.py
[2025-12-12T07:53:31.015-0500] {processor.py:840} INFO - DAG(s) 'example_trigger_controller_dag' retrieved from /Users/evankrupa/airflow_project/env/lib/python3.11/site-packages/airflow/example_dags/example_trigger_controller_dag.py
[2025-12-12T07:53:31.041-0500] {logging_mixin.py:188} INFO - [2025-12-12T07:53:31.040-0500] {dag.py:3096} INFO - Sync 1 DAGs
[2025-12-12T07:53:31.045-0500] {logging_mixin.py:188} INFO - [2025-12-12T07:53:31.045-0500] {dag.py:3954} INFO - Setting next_dagrun for example_trigger_controller_dag to 2021-01-01 00:00:00+00:00, run_after=2021-01-01 00:00:00+00:00
[2025-12-12T07:53:31.051-0500] {processor.py:183} INFO - Processing /Users/evankrupa/airflow_project/env/lib/python3.11/site-packages/airflow/example_dags/example_trigger_controller_dag.py took 0.041 seconds
[2025-12-12T07:54:52.824-0500] {processor.py:161} INFO - Started process (PID=59811) to work on /Users/evankrupa/airflow_project/env/lib/python3.11/site-packages/airflow/example_dags/example_trigger_controller_dag.py
[2025-12-12T07:54:52.825-0500] {processor.py:830} INFO - Processing file /Users/evankrupa/airflow_project/env/lib/python3.11/site-packages/airflow/example_dags/example_trigger_controller_dag.py for tasks to queue
[2025-12-12T07:54:52.825-0500] {logging_mixin.py:188} INFO - [2025-12-12T07:54:52.825-0500] {dagbag.py:545} INFO - Filling up the DagBag from /Users/evankrupa/airflow_project/env/lib/python3.11/site-packages/airflow/example_dags/example_trigger_controller_dag.py
[2025-12-12T07:54:52.829-0500] {processor.py:840} INFO - DAG(s) 'example_trigger_controller_dag' retrieved from /Users/evankrupa/airflow_project/env/lib/python3.11/site-packages/airflow/example_dags/example_trigger_controller_dag.py
[2025-12-12T07:54:52.857-0500] {logging_mixin.py:188} INFO - [2025-12-12T07:54:52.857-0500] {dag.py:3096} INFO - Sync 1 DAGs
[2025-12-12T07:54:52.863-0500] {logging_mixin.py:188} INFO - [2025-12-12T07:54:52.862-0500] {dag.py:3954} INFO - Setting next_dagrun for example_trigger_controller_dag to 2021-01-01 00:00:00+00:00, run_after=2021-01-01 00:00:00+00:00
[2025-12-12T07:54:52.870-0500] {processor.py:183} INFO - Processing /Users/evankrupa/airflow_project/env/lib/python3.11/site-packages/airflow/example_dags/example_trigger_controller_dag.py took 0.046 seconds
[2025-12-12T07:56:18.381-0500] {processor.py:161} INFO - Started process (PID=59890) to work on /Users/evankrupa/airflow_project/env/lib/python3.11/site-packages/airflow/example_dags/example_trigger_controller_dag.py
[2025-12-12T07:56:18.382-0500] {processor.py:830} INFO - Processing file /Users/evankrupa/airflow_project/env/lib/python3.11/site-packages/airflow/example_dags/example_trigger_controller_dag.py for tasks to queue
[2025-12-12T07:56:18.382-0500] {logging_mixin.py:188} INFO - [2025-12-12T07:56:18.382-0500] {dagbag.py:545} INFO - Filling up the DagBag from /Users/evankrupa/airflow_project/env/lib/python3.11/site-packages/airflow/example_dags/example_trigger_controller_dag.py
[2025-12-12T07:56:18.386-0500] {processor.py:840} INFO - DAG(s) 'example_trigger_controller_dag' retrieved from /Users/evankrupa/airflow_project/env/lib/python3.11/site-packages/airflow/example_dags/example_trigger_controller_dag.py
[2025-12-12T07:56:18.411-0500] {logging_mixin.py:188} INFO - [2025-12-12T07:56:18.411-0500] {dag.py:3096} INFO - Sync 1 DAGs
[2025-12-12T07:56:18.416-0500] {logging_mixin.py:188} INFO - [2025-12-12T07:56:18.415-0500] {dag.py:3954} INFO - Setting next_dagrun for example_trigger_controller_dag to 2021-01-01 00:00:00+00:00, run_after=2021-01-01 00:00:00+00:00
[2025-12-12T07:56:18.421-0500] {processor.py:183} INFO - Processing /Users/evankrupa/airflow_project/env/lib/python3.11/site-packages/airflow/example_dags/example_trigger_controller_dag.py took 0.041 seconds
[2025-12-12T07:57:45.075-0500] {processor.py:161} INFO - Started process (PID=60411) to work on /Users/evankrupa/airflow_project/env/lib/python3.11/site-packages/airflow/example_dags/example_trigger_controller_dag.py
[2025-12-12T07:57:45.076-0500] {processor.py:830} INFO - Processing file /Users/evankrupa/airflow_project/env/lib/python3.11/site-packages/airflow/example_dags/example_trigger_controller_dag.py for tasks to queue
[2025-12-12T07:57:45.076-0500] {logging_mixin.py:188} INFO - [2025-12-12T07:57:45.076-0500] {dagbag.py:545} INFO - Filling up the DagBag from /Users/evankrupa/airflow_project/env/lib/python3.11/site-packages/airflow/example_dags/example_trigger_controller_dag.py
[2025-12-12T07:57:45.079-0500] {processor.py:840} INFO - DAG(s) 'example_trigger_controller_dag' retrieved from /Users/evankrupa/airflow_project/env/lib/python3.11/site-packages/airflow/example_dags/example_trigger_controller_dag.py
[2025-12-12T07:57:45.106-0500] {logging_mixin.py:188} INFO - [2025-12-12T07:57:45.106-0500] {dag.py:3096} INFO - Sync 1 DAGs
[2025-12-12T07:57:45.111-0500] {logging_mixin.py:188} INFO - [2025-12-12T07:57:45.111-0500] {dag.py:3954} INFO - Setting next_dagrun for example_trigger_controller_dag to 2021-01-01 00:00:00+00:00, run_after=2021-01-01 00:00:00+00:00
[2025-12-12T07:57:45.117-0500] {processor.py:183} INFO - Processing /Users/evankrupa/airflow_project/env/lib/python3.11/site-packages/airflow/example_dags/example_trigger_controller_dag.py took 0.043 seconds
[2025-12-12T07:59:10.385-0500] {processor.py:161} INFO - Started process (PID=62594) to work on /Users/evankrupa/airflow_project/env/lib/python3.11/site-packages/airflow/example_dags/example_trigger_controller_dag.py
[2025-12-12T07:59:10.386-0500] {processor.py:830} INFO - Processing file /Users/evankrupa/airflow_project/env/lib/python3.11/site-packages/airflow/example_dags/example_trigger_controller_dag.py for tasks to queue
[2025-12-12T07:59:10.386-0500] {logging_mixin.py:188} INFO - [2025-12-12T07:59:10.386-0500] {dagbag.py:545} INFO - Filling up the DagBag from /Users/evankrupa/airflow_project/env/lib/python3.11/site-packages/airflow/example_dags/example_trigger_controller_dag.py
[2025-12-12T07:59:10.390-0500] {processor.py:840} INFO - DAG(s) 'example_trigger_controller_dag' retrieved from /Users/evankrupa/airflow_project/env/lib/python3.11/site-packages/airflow/example_dags/example_trigger_controller_dag.py
[2025-12-12T07:59:10.417-0500] {logging_mixin.py:188} INFO - [2025-12-12T07:59:10.417-0500] {dag.py:3096} INFO - Sync 1 DAGs
[2025-12-12T07:59:10.422-0500] {logging_mixin.py:188} INFO - [2025-12-12T07:59:10.421-0500] {dag.py:3954} INFO - Setting next_dagrun for example_trigger_controller_dag to 2021-01-01 00:00:00+00:00, run_after=2021-01-01 00:00:00+00:00
[2025-12-12T07:59:10.427-0500] {processor.py:183} INFO - Processing /Users/evankrupa/airflow_project/env/lib/python3.11/site-packages/airflow/example_dags/example_trigger_controller_dag.py took 0.043 seconds
[2025-12-12T08:00:32.563-0500] {processor.py:161} INFO - Started process (PID=62769) to work on /Users/evankrupa/airflow_project/env/lib/python3.11/site-packages/airflow/example_dags/example_trigger_controller_dag.py
[2025-12-12T08:00:32.564-0500] {processor.py:830} INFO - Processing file /Users/evankrupa/airflow_project/env/lib/python3.11/site-packages/airflow/example_dags/example_trigger_controller_dag.py for tasks to queue
[2025-12-12T08:00:32.564-0500] {logging_mixin.py:188} INFO - [2025-12-12T08:00:32.564-0500] {dagbag.py:545} INFO - Filling up the DagBag from /Users/evankrupa/airflow_project/env/lib/python3.11/site-packages/airflow/example_dags/example_trigger_controller_dag.py
[2025-12-12T08:00:32.567-0500] {processor.py:840} INFO - DAG(s) 'example_trigger_controller_dag' retrieved from /Users/evankrupa/airflow_project/env/lib/python3.11/site-packages/airflow/example_dags/example_trigger_controller_dag.py
[2025-12-12T08:00:32.593-0500] {logging_mixin.py:188} INFO - [2025-12-12T08:00:32.593-0500] {dag.py:3096} INFO - Sync 1 DAGs
[2025-12-12T08:00:32.597-0500] {logging_mixin.py:188} INFO - [2025-12-12T08:00:32.597-0500] {dag.py:3954} INFO - Setting next_dagrun for example_trigger_controller_dag to 2021-01-01 00:00:00+00:00, run_after=2021-01-01 00:00:00+00:00
[2025-12-12T08:00:32.603-0500] {processor.py:183} INFO - Processing /Users/evankrupa/airflow_project/env/lib/python3.11/site-packages/airflow/example_dags/example_trigger_controller_dag.py took 0.041 seconds
[2025-12-12T08:01:55.377-0500] {processor.py:161} INFO - Started process (PID=62835) to work on /Users/evankrupa/airflow_project/env/lib/python3.11/site-packages/airflow/example_dags/example_trigger_controller_dag.py
[2025-12-12T08:01:55.378-0500] {processor.py:830} INFO - Processing file /Users/evankrupa/airflow_project/env/lib/python3.11/site-packages/airflow/example_dags/example_trigger_controller_dag.py for tasks to queue
[2025-12-12T08:01:55.378-0500] {logging_mixin.py:188} INFO - [2025-12-12T08:01:55.378-0500] {dagbag.py:545} INFO - Filling up the DagBag from /Users/evankrupa/airflow_project/env/lib/python3.11/site-packages/airflow/example_dags/example_trigger_controller_dag.py
[2025-12-12T08:01:55.382-0500] {processor.py:840} INFO - DAG(s) 'example_trigger_controller_dag' retrieved from /Users/evankrupa/airflow_project/env/lib/python3.11/site-packages/airflow/example_dags/example_trigger_controller_dag.py
[2025-12-12T08:01:55.408-0500] {logging_mixin.py:188} INFO - [2025-12-12T08:01:55.407-0500] {dag.py:3096} INFO - Sync 1 DAGs
[2025-12-12T08:01:55.412-0500] {logging_mixin.py:188} INFO - [2025-12-12T08:01:55.412-0500] {dag.py:3954} INFO - Setting next_dagrun for example_trigger_controller_dag to 2021-01-01 00:00:00+00:00, run_after=2021-01-01 00:00:00+00:00
[2025-12-12T08:01:55.417-0500] {processor.py:183} INFO - Processing /Users/evankrupa/airflow_project/env/lib/python3.11/site-packages/airflow/example_dags/example_trigger_controller_dag.py took 0.041 seconds
[2025-12-12T08:03:21.277-0500] {processor.py:161} INFO - Started process (PID=62901) to work on /Users/evankrupa/airflow_project/env/lib/python3.11/site-packages/airflow/example_dags/example_trigger_controller_dag.py
[2025-12-12T08:03:21.278-0500] {processor.py:830} INFO - Processing file /Users/evankrupa/airflow_project/env/lib/python3.11/site-packages/airflow/example_dags/example_trigger_controller_dag.py for tasks to queue
[2025-12-12T08:03:21.278-0500] {logging_mixin.py:188} INFO - [2025-12-12T08:03:21.278-0500] {dagbag.py:545} INFO - Filling up the DagBag from /Users/evankrupa/airflow_project/env/lib/python3.11/site-packages/airflow/example_dags/example_trigger_controller_dag.py
[2025-12-12T08:03:21.282-0500] {processor.py:840} INFO - DAG(s) 'example_trigger_controller_dag' retrieved from /Users/evankrupa/airflow_project/env/lib/python3.11/site-packages/airflow/example_dags/example_trigger_controller_dag.py
[2025-12-12T08:03:21.307-0500] {logging_mixin.py:188} INFO - [2025-12-12T08:03:21.307-0500] {dag.py:3096} INFO - Sync 1 DAGs
[2025-12-12T08:03:21.311-0500] {logging_mixin.py:188} INFO - [2025-12-12T08:03:21.311-0500] {dag.py:3954} INFO - Setting next_dagrun for example_trigger_controller_dag to 2021-01-01 00:00:00+00:00, run_after=2021-01-01 00:00:00+00:00
[2025-12-12T08:03:21.317-0500] {processor.py:183} INFO - Processing /Users/evankrupa/airflow_project/env/lib/python3.11/site-packages/airflow/example_dags/example_trigger_controller_dag.py took 0.041 seconds
[2025-12-12T08:04:46.275-0500] {processor.py:161} INFO - Started process (PID=63049) to work on /Users/evankrupa/airflow_project/env/lib/python3.11/site-packages/airflow/example_dags/example_trigger_controller_dag.py
[2025-12-12T08:04:46.276-0500] {processor.py:830} INFO - Processing file /Users/evankrupa/airflow_project/env/lib/python3.11/site-packages/airflow/example_dags/example_trigger_controller_dag.py for tasks to queue
[2025-12-12T08:04:46.276-0500] {logging_mixin.py:188} INFO - [2025-12-12T08:04:46.276-0500] {dagbag.py:545} INFO - Filling up the DagBag from /Users/evankrupa/airflow_project/env/lib/python3.11/site-packages/airflow/example_dags/example_trigger_controller_dag.py
[2025-12-12T08:04:46.279-0500] {processor.py:840} INFO - DAG(s) 'example_trigger_controller_dag' retrieved from /Users/evankrupa/airflow_project/env/lib/python3.11/site-packages/airflow/example_dags/example_trigger_controller_dag.py
[2025-12-12T08:04:46.306-0500] {logging_mixin.py:188} INFO - [2025-12-12T08:04:46.306-0500] {dag.py:3096} INFO - Sync 1 DAGs
[2025-12-12T08:04:46.311-0500] {logging_mixin.py:188} INFO - [2025-12-12T08:04:46.311-0500] {dag.py:3954} INFO - Setting next_dagrun for example_trigger_controller_dag to 2021-01-01 00:00:00+00:00, run_after=2021-01-01 00:00:00+00:00
[2025-12-12T08:04:46.318-0500] {processor.py:183} INFO - Processing /Users/evankrupa/airflow_project/env/lib/python3.11/site-packages/airflow/example_dags/example_trigger_controller_dag.py took 0.043 seconds
[2025-12-12T08:06:09.863-0500] {processor.py:161} INFO - Started process (PID=63127) to work on /Users/evankrupa/airflow_project/env/lib/python3.11/site-packages/airflow/example_dags/example_trigger_controller_dag.py
[2025-12-12T08:06:09.864-0500] {processor.py:830} INFO - Processing file /Users/evankrupa/airflow_project/env/lib/python3.11/site-packages/airflow/example_dags/example_trigger_controller_dag.py for tasks to queue
[2025-12-12T08:06:09.864-0500] {logging_mixin.py:188} INFO - [2025-12-12T08:06:09.864-0500] {dagbag.py:545} INFO - Filling up the DagBag from /Users/evankrupa/airflow_project/env/lib/python3.11/site-packages/airflow/example_dags/example_trigger_controller_dag.py
[2025-12-12T08:06:09.867-0500] {processor.py:840} INFO - DAG(s) 'example_trigger_controller_dag' retrieved from /Users/evankrupa/airflow_project/env/lib/python3.11/site-packages/airflow/example_dags/example_trigger_controller_dag.py
[2025-12-12T08:06:09.894-0500] {logging_mixin.py:188} INFO - [2025-12-12T08:06:09.894-0500] {dag.py:3096} INFO - Sync 1 DAGs
[2025-12-12T08:06:09.899-0500] {logging_mixin.py:188} INFO - [2025-12-12T08:06:09.899-0500] {dag.py:3954} INFO - Setting next_dagrun for example_trigger_controller_dag to 2021-01-01 00:00:00+00:00, run_after=2021-01-01 00:00:00+00:00
[2025-12-12T08:06:09.904-0500] {processor.py:183} INFO - Processing /Users/evankrupa/airflow_project/env/lib/python3.11/site-packages/airflow/example_dags/example_trigger_controller_dag.py took 0.042 seconds
[2025-12-12T08:07:38.880-0500] {processor.py:161} INFO - Started process (PID=63654) to work on /Users/evankrupa/airflow_project/env/lib/python3.11/site-packages/airflow/example_dags/example_trigger_controller_dag.py
[2025-12-12T08:07:38.882-0500] {processor.py:830} INFO - Processing file /Users/evankrupa/airflow_project/env/lib/python3.11/site-packages/airflow/example_dags/example_trigger_controller_dag.py for tasks to queue
[2025-12-12T08:07:38.882-0500] {logging_mixin.py:188} INFO - [2025-12-12T08:07:38.882-0500] {dagbag.py:545} INFO - Filling up the DagBag from /Users/evankrupa/airflow_project/env/lib/python3.11/site-packages/airflow/example_dags/example_trigger_controller_dag.py
[2025-12-12T08:07:38.885-0500] {processor.py:840} INFO - DAG(s) 'example_trigger_controller_dag' retrieved from /Users/evankrupa/airflow_project/env/lib/python3.11/site-packages/airflow/example_dags/example_trigger_controller_dag.py
[2025-12-12T08:07:38.911-0500] {logging_mixin.py:188} INFO - [2025-12-12T08:07:38.911-0500] {dag.py:3096} INFO - Sync 1 DAGs
[2025-12-12T08:07:38.916-0500] {logging_mixin.py:188} INFO - [2025-12-12T08:07:38.916-0500] {dag.py:3954} INFO - Setting next_dagrun for example_trigger_controller_dag to 2021-01-01 00:00:00+00:00, run_after=2021-01-01 00:00:00+00:00
[2025-12-12T08:07:38.921-0500] {processor.py:183} INFO - Processing /Users/evankrupa/airflow_project/env/lib/python3.11/site-packages/airflow/example_dags/example_trigger_controller_dag.py took 0.042 seconds
[2025-12-12T08:09:04.058-0500] {processor.py:161} INFO - Started process (PID=63719) to work on /Users/evankrupa/airflow_project/env/lib/python3.11/site-packages/airflow/example_dags/example_trigger_controller_dag.py
[2025-12-12T08:09:04.060-0500] {processor.py:830} INFO - Processing file /Users/evankrupa/airflow_project/env/lib/python3.11/site-packages/airflow/example_dags/example_trigger_controller_dag.py for tasks to queue
[2025-12-12T08:09:04.060-0500] {logging_mixin.py:188} INFO - [2025-12-12T08:09:04.060-0500] {dagbag.py:545} INFO - Filling up the DagBag from /Users/evankrupa/airflow_project/env/lib/python3.11/site-packages/airflow/example_dags/example_trigger_controller_dag.py
[2025-12-12T08:09:04.063-0500] {processor.py:840} INFO - DAG(s) 'example_trigger_controller_dag' retrieved from /Users/evankrupa/airflow_project/env/lib/python3.11/site-packages/airflow/example_dags/example_trigger_controller_dag.py
[2025-12-12T08:09:04.090-0500] {logging_mixin.py:188} INFO - [2025-12-12T08:09:04.090-0500] {dag.py:3096} INFO - Sync 1 DAGs
[2025-12-12T08:09:04.095-0500] {logging_mixin.py:188} INFO - [2025-12-12T08:09:04.095-0500] {dag.py:3954} INFO - Setting next_dagrun for example_trigger_controller_dag to 2021-01-01 00:00:00+00:00, run_after=2021-01-01 00:00:00+00:00
[2025-12-12T08:09:04.101-0500] {processor.py:183} INFO - Processing /Users/evankrupa/airflow_project/env/lib/python3.11/site-packages/airflow/example_dags/example_trigger_controller_dag.py took 0.043 seconds
[2025-12-12T08:10:31.141-0500] {processor.py:161} INFO - Started process (PID=63791) to work on /Users/evankrupa/airflow_project/env/lib/python3.11/site-packages/airflow/example_dags/example_trigger_controller_dag.py
[2025-12-12T08:10:31.141-0500] {processor.py:830} INFO - Processing file /Users/evankrupa/airflow_project/env/lib/python3.11/site-packages/airflow/example_dags/example_trigger_controller_dag.py for tasks to queue
[2025-12-12T08:10:31.141-0500] {logging_mixin.py:188} INFO - [2025-12-12T08:10:31.141-0500] {dagbag.py:545} INFO - Filling up the DagBag from /Users/evankrupa/airflow_project/env/lib/python3.11/site-packages/airflow/example_dags/example_trigger_controller_dag.py
[2025-12-12T08:10:31.145-0500] {processor.py:840} INFO - DAG(s) 'example_trigger_controller_dag' retrieved from /Users/evankrupa/airflow_project/env/lib/python3.11/site-packages/airflow/example_dags/example_trigger_controller_dag.py
[2025-12-12T08:10:31.171-0500] {logging_mixin.py:188} INFO - [2025-12-12T08:10:31.171-0500] {dag.py:3096} INFO - Sync 1 DAGs
[2025-12-12T08:10:31.176-0500] {logging_mixin.py:188} INFO - [2025-12-12T08:10:31.176-0500] {dag.py:3954} INFO - Setting next_dagrun for example_trigger_controller_dag to 2021-01-01 00:00:00+00:00, run_after=2021-01-01 00:00:00+00:00
[2025-12-12T08:10:31.181-0500] {processor.py:183} INFO - Processing /Users/evankrupa/airflow_project/env/lib/python3.11/site-packages/airflow/example_dags/example_trigger_controller_dag.py took 0.042 seconds
[2025-12-12T08:11:58.045-0500] {processor.py:161} INFO - Started process (PID=63858) to work on /Users/evankrupa/airflow_project/env/lib/python3.11/site-packages/airflow/example_dags/example_trigger_controller_dag.py
[2025-12-12T08:11:58.046-0500] {processor.py:830} INFO - Processing file /Users/evankrupa/airflow_project/env/lib/python3.11/site-packages/airflow/example_dags/example_trigger_controller_dag.py for tasks to queue
[2025-12-12T08:11:58.046-0500] {logging_mixin.py:188} INFO - [2025-12-12T08:11:58.046-0500] {dagbag.py:545} INFO - Filling up the DagBag from /Users/evankrupa/airflow_project/env/lib/python3.11/site-packages/airflow/example_dags/example_trigger_controller_dag.py
[2025-12-12T08:11:58.050-0500] {processor.py:840} INFO - DAG(s) 'example_trigger_controller_dag' retrieved from /Users/evankrupa/airflow_project/env/lib/python3.11/site-packages/airflow/example_dags/example_trigger_controller_dag.py
[2025-12-12T08:11:58.076-0500] {logging_mixin.py:188} INFO - [2025-12-12T08:11:58.076-0500] {dag.py:3096} INFO - Sync 1 DAGs
[2025-12-12T08:11:58.081-0500] {logging_mixin.py:188} INFO - [2025-12-12T08:11:58.081-0500] {dag.py:3954} INFO - Setting next_dagrun for example_trigger_controller_dag to 2021-01-01 00:00:00+00:00, run_after=2021-01-01 00:00:00+00:00
[2025-12-12T08:11:58.087-0500] {processor.py:183} INFO - Processing /Users/evankrupa/airflow_project/env/lib/python3.11/site-packages/airflow/example_dags/example_trigger_controller_dag.py took 0.043 seconds
[2025-12-12T08:13:22.581-0500] {processor.py:161} INFO - Started process (PID=63924) to work on /Users/evankrupa/airflow_project/env/lib/python3.11/site-packages/airflow/example_dags/example_trigger_controller_dag.py
[2025-12-12T08:13:22.582-0500] {processor.py:830} INFO - Processing file /Users/evankrupa/airflow_project/env/lib/python3.11/site-packages/airflow/example_dags/example_trigger_controller_dag.py for tasks to queue
[2025-12-12T08:13:22.582-0500] {logging_mixin.py:188} INFO - [2025-12-12T08:13:22.582-0500] {dagbag.py:545} INFO - Filling up the DagBag from /Users/evankrupa/airflow_project/env/lib/python3.11/site-packages/airflow/example_dags/example_trigger_controller_dag.py
[2025-12-12T08:13:22.586-0500] {processor.py:840} INFO - DAG(s) 'example_trigger_controller_dag' retrieved from /Users/evankrupa/airflow_project/env/lib/python3.11/site-packages/airflow/example_dags/example_trigger_controller_dag.py
[2025-12-12T08:13:22.616-0500] {logging_mixin.py:188} INFO - [2025-12-12T08:13:22.616-0500] {dag.py:3096} INFO - Sync 1 DAGs
[2025-12-12T08:13:22.622-0500] {logging_mixin.py:188} INFO - [2025-12-12T08:13:22.622-0500] {dag.py:3954} INFO - Setting next_dagrun for example_trigger_controller_dag to 2021-01-01 00:00:00+00:00, run_after=2021-01-01 00:00:00+00:00
[2025-12-12T08:13:22.629-0500] {processor.py:183} INFO - Processing /Users/evankrupa/airflow_project/env/lib/python3.11/site-packages/airflow/example_dags/example_trigger_controller_dag.py took 0.050 seconds
[2025-12-12T08:14:46.530-0500] {processor.py:161} INFO - Started process (PID=63991) to work on /Users/evankrupa/airflow_project/env/lib/python3.11/site-packages/airflow/example_dags/example_trigger_controller_dag.py
[2025-12-12T08:14:46.532-0500] {processor.py:830} INFO - Processing file /Users/evankrupa/airflow_project/env/lib/python3.11/site-packages/airflow/example_dags/example_trigger_controller_dag.py for tasks to queue
[2025-12-12T08:14:46.532-0500] {logging_mixin.py:188} INFO - [2025-12-12T08:14:46.532-0500] {dagbag.py:545} INFO - Filling up the DagBag from /Users/evankrupa/airflow_project/env/lib/python3.11/site-packages/airflow/example_dags/example_trigger_controller_dag.py
[2025-12-12T08:14:46.535-0500] {processor.py:840} INFO - DAG(s) 'example_trigger_controller_dag' retrieved from /Users/evankrupa/airflow_project/env/lib/python3.11/site-packages/airflow/example_dags/example_trigger_controller_dag.py
[2025-12-12T08:14:46.563-0500] {logging_mixin.py:188} INFO - [2025-12-12T08:14:46.562-0500] {dag.py:3096} INFO - Sync 1 DAGs
[2025-12-12T08:14:46.567-0500] {logging_mixin.py:188} INFO - [2025-12-12T08:14:46.567-0500] {dag.py:3954} INFO - Setting next_dagrun for example_trigger_controller_dag to 2021-01-01 00:00:00+00:00, run_after=2021-01-01 00:00:00+00:00
[2025-12-12T08:14:46.573-0500] {processor.py:183} INFO - Processing /Users/evankrupa/airflow_project/env/lib/python3.11/site-packages/airflow/example_dags/example_trigger_controller_dag.py took 0.043 seconds
[2025-12-12T08:16:06.056-0500] {processor.py:161} INFO - Started process (PID=64065) to work on /Users/evankrupa/airflow_project/env/lib/python3.11/site-packages/airflow/example_dags/example_trigger_controller_dag.py
[2025-12-12T08:16:06.057-0500] {processor.py:830} INFO - Processing file /Users/evankrupa/airflow_project/env/lib/python3.11/site-packages/airflow/example_dags/example_trigger_controller_dag.py for tasks to queue
[2025-12-12T08:16:06.058-0500] {logging_mixin.py:188} INFO - [2025-12-12T08:16:06.058-0500] {dagbag.py:545} INFO - Filling up the DagBag from /Users/evankrupa/airflow_project/env/lib/python3.11/site-packages/airflow/example_dags/example_trigger_controller_dag.py
[2025-12-12T08:16:06.061-0500] {processor.py:840} INFO - DAG(s) 'example_trigger_controller_dag' retrieved from /Users/evankrupa/airflow_project/env/lib/python3.11/site-packages/airflow/example_dags/example_trigger_controller_dag.py
[2025-12-12T08:16:06.087-0500] {logging_mixin.py:188} INFO - [2025-12-12T08:16:06.087-0500] {dag.py:3096} INFO - Sync 1 DAGs
[2025-12-12T08:16:06.092-0500] {logging_mixin.py:188} INFO - [2025-12-12T08:16:06.092-0500] {dag.py:3954} INFO - Setting next_dagrun for example_trigger_controller_dag to 2021-01-01 00:00:00+00:00, run_after=2021-01-01 00:00:00+00:00
[2025-12-12T08:16:06.097-0500] {processor.py:183} INFO - Processing /Users/evankrupa/airflow_project/env/lib/python3.11/site-packages/airflow/example_dags/example_trigger_controller_dag.py took 0.042 seconds
[2025-12-12T08:17:32.822-0500] {processor.py:161} INFO - Started process (PID=64133) to work on /Users/evankrupa/airflow_project/env/lib/python3.11/site-packages/airflow/example_dags/example_trigger_controller_dag.py
[2025-12-12T08:17:32.823-0500] {processor.py:830} INFO - Processing file /Users/evankrupa/airflow_project/env/lib/python3.11/site-packages/airflow/example_dags/example_trigger_controller_dag.py for tasks to queue
[2025-12-12T08:17:32.823-0500] {logging_mixin.py:188} INFO - [2025-12-12T08:17:32.823-0500] {dagbag.py:545} INFO - Filling up the DagBag from /Users/evankrupa/airflow_project/env/lib/python3.11/site-packages/airflow/example_dags/example_trigger_controller_dag.py
[2025-12-12T08:17:32.827-0500] {processor.py:840} INFO - DAG(s) 'example_trigger_controller_dag' retrieved from /Users/evankrupa/airflow_project/env/lib/python3.11/site-packages/airflow/example_dags/example_trigger_controller_dag.py
[2025-12-12T08:17:32.852-0500] {logging_mixin.py:188} INFO - [2025-12-12T08:17:32.852-0500] {dag.py:3096} INFO - Sync 1 DAGs
[2025-12-12T08:17:32.857-0500] {logging_mixin.py:188} INFO - [2025-12-12T08:17:32.857-0500] {dag.py:3954} INFO - Setting next_dagrun for example_trigger_controller_dag to 2021-01-01 00:00:00+00:00, run_after=2021-01-01 00:00:00+00:00
[2025-12-12T08:17:32.862-0500] {processor.py:183} INFO - Processing /Users/evankrupa/airflow_project/env/lib/python3.11/site-packages/airflow/example_dags/example_trigger_controller_dag.py took 0.041 seconds
[2025-12-12T08:18:55.808-0500] {processor.py:161} INFO - Started process (PID=64202) to work on /Users/evankrupa/airflow_project/env/lib/python3.11/site-packages/airflow/example_dags/example_trigger_controller_dag.py
[2025-12-12T08:18:55.810-0500] {processor.py:830} INFO - Processing file /Users/evankrupa/airflow_project/env/lib/python3.11/site-packages/airflow/example_dags/example_trigger_controller_dag.py for tasks to queue
[2025-12-12T08:18:55.810-0500] {logging_mixin.py:188} INFO - [2025-12-12T08:18:55.810-0500] {dagbag.py:545} INFO - Filling up the DagBag from /Users/evankrupa/airflow_project/env/lib/python3.11/site-packages/airflow/example_dags/example_trigger_controller_dag.py
[2025-12-12T08:18:55.813-0500] {processor.py:840} INFO - DAG(s) 'example_trigger_controller_dag' retrieved from /Users/evankrupa/airflow_project/env/lib/python3.11/site-packages/airflow/example_dags/example_trigger_controller_dag.py
[2025-12-12T08:18:55.840-0500] {logging_mixin.py:188} INFO - [2025-12-12T08:18:55.840-0500] {dag.py:3096} INFO - Sync 1 DAGs
[2025-12-12T08:18:55.844-0500] {logging_mixin.py:188} INFO - [2025-12-12T08:18:55.844-0500] {dag.py:3954} INFO - Setting next_dagrun for example_trigger_controller_dag to 2021-01-01 00:00:00+00:00, run_after=2021-01-01 00:00:00+00:00
[2025-12-12T08:18:55.850-0500] {processor.py:183} INFO - Processing /Users/evankrupa/airflow_project/env/lib/python3.11/site-packages/airflow/example_dags/example_trigger_controller_dag.py took 0.043 seconds
[2025-12-12T08:20:20.186-0500] {processor.py:161} INFO - Started process (PID=64270) to work on /Users/evankrupa/airflow_project/env/lib/python3.11/site-packages/airflow/example_dags/example_trigger_controller_dag.py
[2025-12-12T08:20:20.188-0500] {processor.py:830} INFO - Processing file /Users/evankrupa/airflow_project/env/lib/python3.11/site-packages/airflow/example_dags/example_trigger_controller_dag.py for tasks to queue
[2025-12-12T08:20:20.188-0500] {logging_mixin.py:188} INFO - [2025-12-12T08:20:20.188-0500] {dagbag.py:545} INFO - Filling up the DagBag from /Users/evankrupa/airflow_project/env/lib/python3.11/site-packages/airflow/example_dags/example_trigger_controller_dag.py
[2025-12-12T08:20:20.191-0500] {processor.py:840} INFO - DAG(s) 'example_trigger_controller_dag' retrieved from /Users/evankrupa/airflow_project/env/lib/python3.11/site-packages/airflow/example_dags/example_trigger_controller_dag.py
[2025-12-12T08:20:20.218-0500] {logging_mixin.py:188} INFO - [2025-12-12T08:20:20.218-0500] {dag.py:3096} INFO - Sync 1 DAGs
[2025-12-12T08:20:20.222-0500] {logging_mixin.py:188} INFO - [2025-12-12T08:20:20.222-0500] {dag.py:3954} INFO - Setting next_dagrun for example_trigger_controller_dag to 2021-01-01 00:00:00+00:00, run_after=2021-01-01 00:00:00+00:00
[2025-12-12T08:20:20.228-0500] {processor.py:183} INFO - Processing /Users/evankrupa/airflow_project/env/lib/python3.11/site-packages/airflow/example_dags/example_trigger_controller_dag.py took 0.043 seconds
[2025-12-12T08:21:43.442-0500] {processor.py:161} INFO - Started process (PID=64335) to work on /Users/evankrupa/airflow_project/env/lib/python3.11/site-packages/airflow/example_dags/example_trigger_controller_dag.py
[2025-12-12T08:21:43.443-0500] {processor.py:830} INFO - Processing file /Users/evankrupa/airflow_project/env/lib/python3.11/site-packages/airflow/example_dags/example_trigger_controller_dag.py for tasks to queue
[2025-12-12T08:21:43.443-0500] {logging_mixin.py:188} INFO - [2025-12-12T08:21:43.443-0500] {dagbag.py:545} INFO - Filling up the DagBag from /Users/evankrupa/airflow_project/env/lib/python3.11/site-packages/airflow/example_dags/example_trigger_controller_dag.py
[2025-12-12T08:21:43.447-0500] {processor.py:840} INFO - DAG(s) 'example_trigger_controller_dag' retrieved from /Users/evankrupa/airflow_project/env/lib/python3.11/site-packages/airflow/example_dags/example_trigger_controller_dag.py
[2025-12-12T08:21:43.475-0500] {logging_mixin.py:188} INFO - [2025-12-12T08:21:43.474-0500] {dag.py:3096} INFO - Sync 1 DAGs
[2025-12-12T08:21:43.479-0500] {logging_mixin.py:188} INFO - [2025-12-12T08:21:43.479-0500] {dag.py:3954} INFO - Setting next_dagrun for example_trigger_controller_dag to 2021-01-01 00:00:00+00:00, run_after=2021-01-01 00:00:00+00:00
[2025-12-12T08:21:43.485-0500] {processor.py:183} INFO - Processing /Users/evankrupa/airflow_project/env/lib/python3.11/site-packages/airflow/example_dags/example_trigger_controller_dag.py took 0.044 seconds
[2025-12-12T08:23:09.512-0500] {processor.py:161} INFO - Started process (PID=64402) to work on /Users/evankrupa/airflow_project/env/lib/python3.11/site-packages/airflow/example_dags/example_trigger_controller_dag.py
[2025-12-12T08:23:09.513-0500] {processor.py:830} INFO - Processing file /Users/evankrupa/airflow_project/env/lib/python3.11/site-packages/airflow/example_dags/example_trigger_controller_dag.py for tasks to queue
[2025-12-12T08:23:09.513-0500] {logging_mixin.py:188} INFO - [2025-12-12T08:23:09.513-0500] {dagbag.py:545} INFO - Filling up the DagBag from /Users/evankrupa/airflow_project/env/lib/python3.11/site-packages/airflow/example_dags/example_trigger_controller_dag.py
[2025-12-12T08:23:09.517-0500] {processor.py:840} INFO - DAG(s) 'example_trigger_controller_dag' retrieved from /Users/evankrupa/airflow_project/env/lib/python3.11/site-packages/airflow/example_dags/example_trigger_controller_dag.py
[2025-12-12T08:23:09.543-0500] {logging_mixin.py:188} INFO - [2025-12-12T08:23:09.543-0500] {dag.py:3096} INFO - Sync 1 DAGs
[2025-12-12T08:23:09.547-0500] {logging_mixin.py:188} INFO - [2025-12-12T08:23:09.547-0500] {dag.py:3954} INFO - Setting next_dagrun for example_trigger_controller_dag to 2021-01-01 00:00:00+00:00, run_after=2021-01-01 00:00:00+00:00
[2025-12-12T08:23:09.553-0500] {processor.py:183} INFO - Processing /Users/evankrupa/airflow_project/env/lib/python3.11/site-packages/airflow/example_dags/example_trigger_controller_dag.py took 0.042 seconds
[2025-12-12T08:24:30.666-0500] {processor.py:161} INFO - Started process (PID=64476) to work on /Users/evankrupa/airflow_project/env/lib/python3.11/site-packages/airflow/example_dags/example_trigger_controller_dag.py
[2025-12-12T08:24:30.667-0500] {processor.py:830} INFO - Processing file /Users/evankrupa/airflow_project/env/lib/python3.11/site-packages/airflow/example_dags/example_trigger_controller_dag.py for tasks to queue
[2025-12-12T08:24:30.667-0500] {logging_mixin.py:188} INFO - [2025-12-12T08:24:30.667-0500] {dagbag.py:545} INFO - Filling up the DagBag from /Users/evankrupa/airflow_project/env/lib/python3.11/site-packages/airflow/example_dags/example_trigger_controller_dag.py
[2025-12-12T08:24:30.670-0500] {processor.py:840} INFO - DAG(s) 'example_trigger_controller_dag' retrieved from /Users/evankrupa/airflow_project/env/lib/python3.11/site-packages/airflow/example_dags/example_trigger_controller_dag.py
[2025-12-12T08:24:30.696-0500] {logging_mixin.py:188} INFO - [2025-12-12T08:24:30.696-0500] {dag.py:3096} INFO - Sync 1 DAGs
[2025-12-12T08:24:30.700-0500] {logging_mixin.py:188} INFO - [2025-12-12T08:24:30.700-0500] {dag.py:3954} INFO - Setting next_dagrun for example_trigger_controller_dag to 2021-01-01 00:00:00+00:00, run_after=2021-01-01 00:00:00+00:00
[2025-12-12T08:24:30.706-0500] {processor.py:183} INFO - Processing /Users/evankrupa/airflow_project/env/lib/python3.11/site-packages/airflow/example_dags/example_trigger_controller_dag.py took 0.041 seconds
[2025-12-12T08:25:57.012-0500] {processor.py:161} INFO - Started process (PID=64545) to work on /Users/evankrupa/airflow_project/env/lib/python3.11/site-packages/airflow/example_dags/example_trigger_controller_dag.py
[2025-12-12T08:25:57.012-0500] {processor.py:830} INFO - Processing file /Users/evankrupa/airflow_project/env/lib/python3.11/site-packages/airflow/example_dags/example_trigger_controller_dag.py for tasks to queue
[2025-12-12T08:25:57.012-0500] {logging_mixin.py:188} INFO - [2025-12-12T08:25:57.012-0500] {dagbag.py:545} INFO - Filling up the DagBag from /Users/evankrupa/airflow_project/env/lib/python3.11/site-packages/airflow/example_dags/example_trigger_controller_dag.py
[2025-12-12T08:25:57.016-0500] {processor.py:840} INFO - DAG(s) 'example_trigger_controller_dag' retrieved from /Users/evankrupa/airflow_project/env/lib/python3.11/site-packages/airflow/example_dags/example_trigger_controller_dag.py
[2025-12-12T08:25:57.044-0500] {logging_mixin.py:188} INFO - [2025-12-12T08:25:57.044-0500] {dag.py:3096} INFO - Sync 1 DAGs
[2025-12-12T08:25:57.049-0500] {logging_mixin.py:188} INFO - [2025-12-12T08:25:57.049-0500] {dag.py:3954} INFO - Setting next_dagrun for example_trigger_controller_dag to 2021-01-01 00:00:00+00:00, run_after=2021-01-01 00:00:00+00:00
[2025-12-12T08:25:57.055-0500] {processor.py:183} INFO - Processing /Users/evankrupa/airflow_project/env/lib/python3.11/site-packages/airflow/example_dags/example_trigger_controller_dag.py took 0.044 seconds
[2025-12-12T08:27:22.023-0500] {processor.py:161} INFO - Started process (PID=64629) to work on /Users/evankrupa/airflow_project/env/lib/python3.11/site-packages/airflow/example_dags/example_trigger_controller_dag.py
[2025-12-12T08:27:22.025-0500] {processor.py:830} INFO - Processing file /Users/evankrupa/airflow_project/env/lib/python3.11/site-packages/airflow/example_dags/example_trigger_controller_dag.py for tasks to queue
[2025-12-12T08:27:22.025-0500] {logging_mixin.py:188} INFO - [2025-12-12T08:27:22.025-0500] {dagbag.py:545} INFO - Filling up the DagBag from /Users/evankrupa/airflow_project/env/lib/python3.11/site-packages/airflow/example_dags/example_trigger_controller_dag.py
[2025-12-12T08:27:22.028-0500] {processor.py:840} INFO - DAG(s) 'example_trigger_controller_dag' retrieved from /Users/evankrupa/airflow_project/env/lib/python3.11/site-packages/airflow/example_dags/example_trigger_controller_dag.py
[2025-12-12T08:27:22.054-0500] {logging_mixin.py:188} INFO - [2025-12-12T08:27:22.054-0500] {dag.py:3096} INFO - Sync 1 DAGs
[2025-12-12T08:27:22.058-0500] {logging_mixin.py:188} INFO - [2025-12-12T08:27:22.058-0500] {dag.py:3954} INFO - Setting next_dagrun for example_trigger_controller_dag to 2021-01-01 00:00:00+00:00, run_after=2021-01-01 00:00:00+00:00
[2025-12-12T08:27:22.064-0500] {processor.py:183} INFO - Processing /Users/evankrupa/airflow_project/env/lib/python3.11/site-packages/airflow/example_dags/example_trigger_controller_dag.py took 0.041 seconds
[2025-12-12T08:28:46.926-0500] {processor.py:161} INFO - Started process (PID=64721) to work on /Users/evankrupa/airflow_project/env/lib/python3.11/site-packages/airflow/example_dags/example_trigger_controller_dag.py
[2025-12-12T08:28:46.927-0500] {processor.py:830} INFO - Processing file /Users/evankrupa/airflow_project/env/lib/python3.11/site-packages/airflow/example_dags/example_trigger_controller_dag.py for tasks to queue
[2025-12-12T08:28:46.927-0500] {logging_mixin.py:188} INFO - [2025-12-12T08:28:46.927-0500] {dagbag.py:545} INFO - Filling up the DagBag from /Users/evankrupa/airflow_project/env/lib/python3.11/site-packages/airflow/example_dags/example_trigger_controller_dag.py
[2025-12-12T08:28:46.931-0500] {processor.py:840} INFO - DAG(s) 'example_trigger_controller_dag' retrieved from /Users/evankrupa/airflow_project/env/lib/python3.11/site-packages/airflow/example_dags/example_trigger_controller_dag.py
[2025-12-12T08:28:46.957-0500] {logging_mixin.py:188} INFO - [2025-12-12T08:28:46.957-0500] {dag.py:3096} INFO - Sync 1 DAGs
[2025-12-12T08:28:46.961-0500] {logging_mixin.py:188} INFO - [2025-12-12T08:28:46.961-0500] {dag.py:3954} INFO - Setting next_dagrun for example_trigger_controller_dag to 2021-01-01 00:00:00+00:00, run_after=2021-01-01 00:00:00+00:00
[2025-12-12T08:28:46.967-0500] {processor.py:183} INFO - Processing /Users/evankrupa/airflow_project/env/lib/python3.11/site-packages/airflow/example_dags/example_trigger_controller_dag.py took 0.042 seconds
[2025-12-12T08:30:07.878-0500] {processor.py:161} INFO - Started process (PID=64800) to work on /Users/evankrupa/airflow_project/env/lib/python3.11/site-packages/airflow/example_dags/example_trigger_controller_dag.py
[2025-12-12T08:30:07.879-0500] {processor.py:830} INFO - Processing file /Users/evankrupa/airflow_project/env/lib/python3.11/site-packages/airflow/example_dags/example_trigger_controller_dag.py for tasks to queue
[2025-12-12T08:30:07.880-0500] {logging_mixin.py:188} INFO - [2025-12-12T08:30:07.880-0500] {dagbag.py:545} INFO - Filling up the DagBag from /Users/evankrupa/airflow_project/env/lib/python3.11/site-packages/airflow/example_dags/example_trigger_controller_dag.py
[2025-12-12T08:30:07.883-0500] {processor.py:840} INFO - DAG(s) 'example_trigger_controller_dag' retrieved from /Users/evankrupa/airflow_project/env/lib/python3.11/site-packages/airflow/example_dags/example_trigger_controller_dag.py
[2025-12-12T08:30:07.910-0500] {logging_mixin.py:188} INFO - [2025-12-12T08:30:07.910-0500] {dag.py:3096} INFO - Sync 1 DAGs
[2025-12-12T08:30:07.915-0500] {logging_mixin.py:188} INFO - [2025-12-12T08:30:07.915-0500] {dag.py:3954} INFO - Setting next_dagrun for example_trigger_controller_dag to 2021-01-01 00:00:00+00:00, run_after=2021-01-01 00:00:00+00:00
[2025-12-12T08:30:07.921-0500] {processor.py:183} INFO - Processing /Users/evankrupa/airflow_project/env/lib/python3.11/site-packages/airflow/example_dags/example_trigger_controller_dag.py took 0.043 seconds
[2025-12-12T08:31:29.118-0500] {processor.py:161} INFO - Started process (PID=64880) to work on /Users/evankrupa/airflow_project/env/lib/python3.11/site-packages/airflow/example_dags/example_trigger_controller_dag.py
[2025-12-12T08:31:29.119-0500] {processor.py:830} INFO - Processing file /Users/evankrupa/airflow_project/env/lib/python3.11/site-packages/airflow/example_dags/example_trigger_controller_dag.py for tasks to queue
[2025-12-12T08:31:29.119-0500] {logging_mixin.py:188} INFO - [2025-12-12T08:31:29.119-0500] {dagbag.py:545} INFO - Filling up the DagBag from /Users/evankrupa/airflow_project/env/lib/python3.11/site-packages/airflow/example_dags/example_trigger_controller_dag.py
[2025-12-12T08:31:29.123-0500] {processor.py:840} INFO - DAG(s) 'example_trigger_controller_dag' retrieved from /Users/evankrupa/airflow_project/env/lib/python3.11/site-packages/airflow/example_dags/example_trigger_controller_dag.py
[2025-12-12T08:31:29.149-0500] {logging_mixin.py:188} INFO - [2025-12-12T08:31:29.148-0500] {dag.py:3096} INFO - Sync 1 DAGs
[2025-12-12T08:31:29.153-0500] {logging_mixin.py:188} INFO - [2025-12-12T08:31:29.153-0500] {dag.py:3954} INFO - Setting next_dagrun for example_trigger_controller_dag to 2021-01-01 00:00:00+00:00, run_after=2021-01-01 00:00:00+00:00
[2025-12-12T08:31:29.159-0500] {processor.py:183} INFO - Processing /Users/evankrupa/airflow_project/env/lib/python3.11/site-packages/airflow/example_dags/example_trigger_controller_dag.py took 0.041 seconds
[2025-12-12T08:32:54.363-0500] {processor.py:161} INFO - Started process (PID=64978) to work on /Users/evankrupa/airflow_project/env/lib/python3.11/site-packages/airflow/example_dags/example_trigger_controller_dag.py
[2025-12-12T08:32:54.364-0500] {processor.py:830} INFO - Processing file /Users/evankrupa/airflow_project/env/lib/python3.11/site-packages/airflow/example_dags/example_trigger_controller_dag.py for tasks to queue
[2025-12-12T08:32:54.364-0500] {logging_mixin.py:188} INFO - [2025-12-12T08:32:54.364-0500] {dagbag.py:545} INFO - Filling up the DagBag from /Users/evankrupa/airflow_project/env/lib/python3.11/site-packages/airflow/example_dags/example_trigger_controller_dag.py
[2025-12-12T08:32:54.367-0500] {processor.py:840} INFO - DAG(s) 'example_trigger_controller_dag' retrieved from /Users/evankrupa/airflow_project/env/lib/python3.11/site-packages/airflow/example_dags/example_trigger_controller_dag.py
[2025-12-12T08:32:54.394-0500] {logging_mixin.py:188} INFO - [2025-12-12T08:32:54.394-0500] {dag.py:3096} INFO - Sync 1 DAGs
[2025-12-12T08:32:54.398-0500] {logging_mixin.py:188} INFO - [2025-12-12T08:32:54.398-0500] {dag.py:3954} INFO - Setting next_dagrun for example_trigger_controller_dag to 2021-01-01 00:00:00+00:00, run_after=2021-01-01 00:00:00+00:00
[2025-12-12T08:32:54.404-0500] {processor.py:183} INFO - Processing /Users/evankrupa/airflow_project/env/lib/python3.11/site-packages/airflow/example_dags/example_trigger_controller_dag.py took 0.042 seconds
[2025-12-12T08:34:20.688-0500] {processor.py:161} INFO - Started process (PID=65066) to work on /Users/evankrupa/airflow_project/env/lib/python3.11/site-packages/airflow/example_dags/example_trigger_controller_dag.py
[2025-12-12T08:34:20.689-0500] {processor.py:830} INFO - Processing file /Users/evankrupa/airflow_project/env/lib/python3.11/site-packages/airflow/example_dags/example_trigger_controller_dag.py for tasks to queue
[2025-12-12T08:34:20.689-0500] {logging_mixin.py:188} INFO - [2025-12-12T08:34:20.689-0500] {dagbag.py:545} INFO - Filling up the DagBag from /Users/evankrupa/airflow_project/env/lib/python3.11/site-packages/airflow/example_dags/example_trigger_controller_dag.py
[2025-12-12T08:34:20.692-0500] {processor.py:840} INFO - DAG(s) 'example_trigger_controller_dag' retrieved from /Users/evankrupa/airflow_project/env/lib/python3.11/site-packages/airflow/example_dags/example_trigger_controller_dag.py
[2025-12-12T08:34:20.718-0500] {logging_mixin.py:188} INFO - [2025-12-12T08:34:20.718-0500] {dag.py:3096} INFO - Sync 1 DAGs
[2025-12-12T08:34:20.722-0500] {logging_mixin.py:188} INFO - [2025-12-12T08:34:20.722-0500] {dag.py:3954} INFO - Setting next_dagrun for example_trigger_controller_dag to 2021-01-01 00:00:00+00:00, run_after=2021-01-01 00:00:00+00:00
[2025-12-12T08:34:20.728-0500] {processor.py:183} INFO - Processing /Users/evankrupa/airflow_project/env/lib/python3.11/site-packages/airflow/example_dags/example_trigger_controller_dag.py took 0.041 seconds
[2025-12-12T08:35:46.218-0500] {processor.py:161} INFO - Started process (PID=65164) to work on /Users/evankrupa/airflow_project/env/lib/python3.11/site-packages/airflow/example_dags/example_trigger_controller_dag.py
[2025-12-12T08:35:46.219-0500] {processor.py:830} INFO - Processing file /Users/evankrupa/airflow_project/env/lib/python3.11/site-packages/airflow/example_dags/example_trigger_controller_dag.py for tasks to queue
[2025-12-12T08:35:46.219-0500] {logging_mixin.py:188} INFO - [2025-12-12T08:35:46.219-0500] {dagbag.py:545} INFO - Filling up the DagBag from /Users/evankrupa/airflow_project/env/lib/python3.11/site-packages/airflow/example_dags/example_trigger_controller_dag.py
[2025-12-12T08:35:46.223-0500] {processor.py:840} INFO - DAG(s) 'example_trigger_controller_dag' retrieved from /Users/evankrupa/airflow_project/env/lib/python3.11/site-packages/airflow/example_dags/example_trigger_controller_dag.py
[2025-12-12T08:35:46.248-0500] {logging_mixin.py:188} INFO - [2025-12-12T08:35:46.248-0500] {dag.py:3096} INFO - Sync 1 DAGs
[2025-12-12T08:35:46.253-0500] {logging_mixin.py:188} INFO - [2025-12-12T08:35:46.252-0500] {dag.py:3954} INFO - Setting next_dagrun for example_trigger_controller_dag to 2021-01-01 00:00:00+00:00, run_after=2021-01-01 00:00:00+00:00
[2025-12-12T08:35:46.258-0500] {processor.py:183} INFO - Processing /Users/evankrupa/airflow_project/env/lib/python3.11/site-packages/airflow/example_dags/example_trigger_controller_dag.py took 0.041 seconds
[2025-12-12T08:37:09.004-0500] {processor.py:161} INFO - Started process (PID=65240) to work on /Users/evankrupa/airflow_project/env/lib/python3.11/site-packages/airflow/example_dags/example_trigger_controller_dag.py
[2025-12-12T08:37:09.005-0500] {processor.py:830} INFO - Processing file /Users/evankrupa/airflow_project/env/lib/python3.11/site-packages/airflow/example_dags/example_trigger_controller_dag.py for tasks to queue
[2025-12-12T08:37:09.005-0500] {logging_mixin.py:188} INFO - [2025-12-12T08:37:09.005-0500] {dagbag.py:545} INFO - Filling up the DagBag from /Users/evankrupa/airflow_project/env/lib/python3.11/site-packages/airflow/example_dags/example_trigger_controller_dag.py
[2025-12-12T08:37:09.008-0500] {processor.py:840} INFO - DAG(s) 'example_trigger_controller_dag' retrieved from /Users/evankrupa/airflow_project/env/lib/python3.11/site-packages/airflow/example_dags/example_trigger_controller_dag.py
[2025-12-12T08:37:09.034-0500] {logging_mixin.py:188} INFO - [2025-12-12T08:37:09.034-0500] {dag.py:3096} INFO - Sync 1 DAGs
[2025-12-12T08:37:09.038-0500] {logging_mixin.py:188} INFO - [2025-12-12T08:37:09.038-0500] {dag.py:3954} INFO - Setting next_dagrun for example_trigger_controller_dag to 2021-01-01 00:00:00+00:00, run_after=2021-01-01 00:00:00+00:00
[2025-12-12T08:37:09.044-0500] {processor.py:183} INFO - Processing /Users/evankrupa/airflow_project/env/lib/python3.11/site-packages/airflow/example_dags/example_trigger_controller_dag.py took 0.040 seconds
[2025-12-12T08:38:34.067-0500] {processor.py:161} INFO - Started process (PID=65309) to work on /Users/evankrupa/airflow_project/env/lib/python3.11/site-packages/airflow/example_dags/example_trigger_controller_dag.py
[2025-12-12T08:38:34.067-0500] {processor.py:830} INFO - Processing file /Users/evankrupa/airflow_project/env/lib/python3.11/site-packages/airflow/example_dags/example_trigger_controller_dag.py for tasks to queue
[2025-12-12T08:38:34.067-0500] {logging_mixin.py:188} INFO - [2025-12-12T08:38:34.067-0500] {dagbag.py:545} INFO - Filling up the DagBag from /Users/evankrupa/airflow_project/env/lib/python3.11/site-packages/airflow/example_dags/example_trigger_controller_dag.py
[2025-12-12T08:38:34.071-0500] {processor.py:840} INFO - DAG(s) 'example_trigger_controller_dag' retrieved from /Users/evankrupa/airflow_project/env/lib/python3.11/site-packages/airflow/example_dags/example_trigger_controller_dag.py
[2025-12-12T08:38:34.096-0500] {logging_mixin.py:188} INFO - [2025-12-12T08:38:34.096-0500] {dag.py:3096} INFO - Sync 1 DAGs
[2025-12-12T08:38:34.101-0500] {logging_mixin.py:188} INFO - [2025-12-12T08:38:34.100-0500] {dag.py:3954} INFO - Setting next_dagrun for example_trigger_controller_dag to 2021-01-01 00:00:00+00:00, run_after=2021-01-01 00:00:00+00:00
[2025-12-12T08:38:34.106-0500] {processor.py:183} INFO - Processing /Users/evankrupa/airflow_project/env/lib/python3.11/site-packages/airflow/example_dags/example_trigger_controller_dag.py took 0.040 seconds
[2025-12-12T08:39:56.640-0500] {processor.py:161} INFO - Started process (PID=65386) to work on /Users/evankrupa/airflow_project/env/lib/python3.11/site-packages/airflow/example_dags/example_trigger_controller_dag.py
[2025-12-12T08:39:56.640-0500] {processor.py:830} INFO - Processing file /Users/evankrupa/airflow_project/env/lib/python3.11/site-packages/airflow/example_dags/example_trigger_controller_dag.py for tasks to queue
[2025-12-12T08:39:56.640-0500] {logging_mixin.py:188} INFO - [2025-12-12T08:39:56.640-0500] {dagbag.py:545} INFO - Filling up the DagBag from /Users/evankrupa/airflow_project/env/lib/python3.11/site-packages/airflow/example_dags/example_trigger_controller_dag.py
[2025-12-12T08:39:56.644-0500] {processor.py:840} INFO - DAG(s) 'example_trigger_controller_dag' retrieved from /Users/evankrupa/airflow_project/env/lib/python3.11/site-packages/airflow/example_dags/example_trigger_controller_dag.py
[2025-12-12T08:39:56.671-0500] {logging_mixin.py:188} INFO - [2025-12-12T08:39:56.671-0500] {dag.py:3096} INFO - Sync 1 DAGs
[2025-12-12T08:39:56.675-0500] {logging_mixin.py:188} INFO - [2025-12-12T08:39:56.675-0500] {dag.py:3954} INFO - Setting next_dagrun for example_trigger_controller_dag to 2021-01-01 00:00:00+00:00, run_after=2021-01-01 00:00:00+00:00
[2025-12-12T08:39:56.681-0500] {processor.py:183} INFO - Processing /Users/evankrupa/airflow_project/env/lib/python3.11/site-packages/airflow/example_dags/example_trigger_controller_dag.py took 0.042 seconds
[2025-12-12T08:41:22.809-0500] {processor.py:161} INFO - Started process (PID=65472) to work on /Users/evankrupa/airflow_project/env/lib/python3.11/site-packages/airflow/example_dags/example_trigger_controller_dag.py
[2025-12-12T08:41:22.810-0500] {processor.py:830} INFO - Processing file /Users/evankrupa/airflow_project/env/lib/python3.11/site-packages/airflow/example_dags/example_trigger_controller_dag.py for tasks to queue
[2025-12-12T08:41:22.810-0500] {logging_mixin.py:188} INFO - [2025-12-12T08:41:22.810-0500] {dagbag.py:545} INFO - Filling up the DagBag from /Users/evankrupa/airflow_project/env/lib/python3.11/site-packages/airflow/example_dags/example_trigger_controller_dag.py
[2025-12-12T08:41:22.813-0500] {processor.py:840} INFO - DAG(s) 'example_trigger_controller_dag' retrieved from /Users/evankrupa/airflow_project/env/lib/python3.11/site-packages/airflow/example_dags/example_trigger_controller_dag.py
[2025-12-12T08:41:22.839-0500] {logging_mixin.py:188} INFO - [2025-12-12T08:41:22.839-0500] {dag.py:3096} INFO - Sync 1 DAGs
[2025-12-12T08:41:22.844-0500] {logging_mixin.py:188} INFO - [2025-12-12T08:41:22.844-0500] {dag.py:3954} INFO - Setting next_dagrun for example_trigger_controller_dag to 2021-01-01 00:00:00+00:00, run_after=2021-01-01 00:00:00+00:00
[2025-12-12T08:41:22.849-0500] {processor.py:183} INFO - Processing /Users/evankrupa/airflow_project/env/lib/python3.11/site-packages/airflow/example_dags/example_trigger_controller_dag.py took 0.041 seconds
[2025-12-12T08:42:44.232-0500] {processor.py:161} INFO - Started process (PID=65543) to work on /Users/evankrupa/airflow_project/env/lib/python3.11/site-packages/airflow/example_dags/example_trigger_controller_dag.py
[2025-12-12T08:42:44.233-0500] {processor.py:830} INFO - Processing file /Users/evankrupa/airflow_project/env/lib/python3.11/site-packages/airflow/example_dags/example_trigger_controller_dag.py for tasks to queue
[2025-12-12T08:42:44.233-0500] {logging_mixin.py:188} INFO - [2025-12-12T08:42:44.233-0500] {dagbag.py:545} INFO - Filling up the DagBag from /Users/evankrupa/airflow_project/env/lib/python3.11/site-packages/airflow/example_dags/example_trigger_controller_dag.py
[2025-12-12T08:42:44.239-0500] {processor.py:840} INFO - DAG(s) 'example_trigger_controller_dag' retrieved from /Users/evankrupa/airflow_project/env/lib/python3.11/site-packages/airflow/example_dags/example_trigger_controller_dag.py
[2025-12-12T08:42:44.264-0500] {logging_mixin.py:188} INFO - [2025-12-12T08:42:44.264-0500] {dag.py:3096} INFO - Sync 1 DAGs
[2025-12-12T08:42:44.269-0500] {logging_mixin.py:188} INFO - [2025-12-12T08:42:44.269-0500] {dag.py:3954} INFO - Setting next_dagrun for example_trigger_controller_dag to 2021-01-01 00:00:00+00:00, run_after=2021-01-01 00:00:00+00:00
[2025-12-12T08:42:44.274-0500] {processor.py:183} INFO - Processing /Users/evankrupa/airflow_project/env/lib/python3.11/site-packages/airflow/example_dags/example_trigger_controller_dag.py took 0.043 seconds
[2025-12-12T08:44:07.463-0500] {processor.py:161} INFO - Started process (PID=65623) to work on /Users/evankrupa/airflow_project/env/lib/python3.11/site-packages/airflow/example_dags/example_trigger_controller_dag.py
[2025-12-12T08:44:07.464-0500] {processor.py:830} INFO - Processing file /Users/evankrupa/airflow_project/env/lib/python3.11/site-packages/airflow/example_dags/example_trigger_controller_dag.py for tasks to queue
[2025-12-12T08:44:07.464-0500] {logging_mixin.py:188} INFO - [2025-12-12T08:44:07.464-0500] {dagbag.py:545} INFO - Filling up the DagBag from /Users/evankrupa/airflow_project/env/lib/python3.11/site-packages/airflow/example_dags/example_trigger_controller_dag.py
[2025-12-12T08:44:07.468-0500] {processor.py:840} INFO - DAG(s) 'example_trigger_controller_dag' retrieved from /Users/evankrupa/airflow_project/env/lib/python3.11/site-packages/airflow/example_dags/example_trigger_controller_dag.py
[2025-12-12T08:44:07.493-0500] {logging_mixin.py:188} INFO - [2025-12-12T08:44:07.493-0500] {dag.py:3096} INFO - Sync 1 DAGs
[2025-12-12T08:44:07.497-0500] {logging_mixin.py:188} INFO - [2025-12-12T08:44:07.497-0500] {dag.py:3954} INFO - Setting next_dagrun for example_trigger_controller_dag to 2021-01-01 00:00:00+00:00, run_after=2021-01-01 00:00:00+00:00
[2025-12-12T08:44:07.503-0500] {processor.py:183} INFO - Processing /Users/evankrupa/airflow_project/env/lib/python3.11/site-packages/airflow/example_dags/example_trigger_controller_dag.py took 0.041 seconds
[2025-12-12T08:45:32.472-0500] {processor.py:161} INFO - Started process (PID=65703) to work on /Users/evankrupa/airflow_project/env/lib/python3.11/site-packages/airflow/example_dags/example_trigger_controller_dag.py
[2025-12-12T08:45:32.472-0500] {processor.py:830} INFO - Processing file /Users/evankrupa/airflow_project/env/lib/python3.11/site-packages/airflow/example_dags/example_trigger_controller_dag.py for tasks to queue
[2025-12-12T08:45:32.472-0500] {logging_mixin.py:188} INFO - [2025-12-12T08:45:32.472-0500] {dagbag.py:545} INFO - Filling up the DagBag from /Users/evankrupa/airflow_project/env/lib/python3.11/site-packages/airflow/example_dags/example_trigger_controller_dag.py
[2025-12-12T08:45:32.476-0500] {processor.py:840} INFO - DAG(s) 'example_trigger_controller_dag' retrieved from /Users/evankrupa/airflow_project/env/lib/python3.11/site-packages/airflow/example_dags/example_trigger_controller_dag.py
[2025-12-12T08:45:32.501-0500] {logging_mixin.py:188} INFO - [2025-12-12T08:45:32.501-0500] {dag.py:3096} INFO - Sync 1 DAGs
[2025-12-12T08:45:32.506-0500] {logging_mixin.py:188} INFO - [2025-12-12T08:45:32.506-0500] {dag.py:3954} INFO - Setting next_dagrun for example_trigger_controller_dag to 2021-01-01 00:00:00+00:00, run_after=2021-01-01 00:00:00+00:00
[2025-12-12T08:45:32.511-0500] {processor.py:183} INFO - Processing /Users/evankrupa/airflow_project/env/lib/python3.11/site-packages/airflow/example_dags/example_trigger_controller_dag.py took 0.041 seconds
