[2025-12-12T07:25:26.313-0500] {processor.py:161} INFO - Started process (PID=56851) to work on /Users/evankrupa/airflow_project/env/lib/python3.11/site-packages/airflow/example_dags/example_task_group.py
[2025-12-12T07:25:26.313-0500] {processor.py:830} INFO - Processing file /Users/evankrupa/airflow_project/env/lib/python3.11/site-packages/airflow/example_dags/example_task_group.py for tasks to queue
[2025-12-12T07:25:26.314-0500] {logging_mixin.py:188} INFO - [2025-12-12T07:25:26.314-0500] {dagbag.py:545} INFO - Filling up the DagBag from /Users/evankrupa/airflow_project/env/lib/python3.11/site-packages/airflow/example_dags/example_task_group.py
[2025-12-12T07:25:26.317-0500] {processor.py:840} INFO - DAG(s) 'example_task_group' retrieved from /Users/evankrupa/airflow_project/env/lib/python3.11/site-packages/airflow/example_dags/example_task_group.py
[2025-12-12T07:25:26.373-0500] {logging_mixin.py:188} INFO - [2025-12-12T07:25:26.373-0500] {override.py:1829} INFO - Created Permission View: can edit on DAG:example_task_group
[2025-12-12T07:25:26.376-0500] {logging_mixin.py:188} INFO - [2025-12-12T07:25:26.376-0500] {override.py:1829} INFO - Created Permission View: can delete on DAG:example_task_group
[2025-12-12T07:25:26.377-0500] {logging_mixin.py:188} INFO - [2025-12-12T07:25:26.377-0500] {override.py:1829} INFO - Created Permission View: can read on DAG:example_task_group
[2025-12-12T07:25:26.378-0500] {logging_mixin.py:188} INFO - [2025-12-12T07:25:26.377-0500] {dag.py:3096} INFO - Sync 1 DAGs
[2025-12-12T07:25:26.380-0500] {logging_mixin.py:188} INFO - [2025-12-12T07:25:26.380-0500] {dag.py:3118} INFO - Creating ORM DAG for example_task_group
[2025-12-12T07:25:26.383-0500] {logging_mixin.py:188} INFO - [2025-12-12T07:25:26.383-0500] {dag.py:3954} INFO - Setting next_dagrun for example_task_group to 2025-12-11 00:00:00+00:00, run_after=2025-12-12 00:00:00+00:00
[2025-12-12T07:25:26.387-0500] {processor.py:183} INFO - Processing /Users/evankrupa/airflow_project/env/lib/python3.11/site-packages/airflow/example_dags/example_task_group.py took 0.075 seconds
[2025-12-12T07:26:39.167-0500] {processor.py:161} INFO - Started process (PID=56917) to work on /Users/evankrupa/airflow_project/env/lib/python3.11/site-packages/airflow/example_dags/example_task_group.py
[2025-12-12T07:26:39.168-0500] {processor.py:830} INFO - Processing file /Users/evankrupa/airflow_project/env/lib/python3.11/site-packages/airflow/example_dags/example_task_group.py for tasks to queue
[2025-12-12T07:26:39.168-0500] {logging_mixin.py:188} INFO - [2025-12-12T07:26:39.168-0500] {dagbag.py:545} INFO - Filling up the DagBag from /Users/evankrupa/airflow_project/env/lib/python3.11/site-packages/airflow/example_dags/example_task_group.py
[2025-12-12T07:26:39.171-0500] {processor.py:840} INFO - DAG(s) 'example_task_group' retrieved from /Users/evankrupa/airflow_project/env/lib/python3.11/site-packages/airflow/example_dags/example_task_group.py
[2025-12-12T07:26:39.201-0500] {logging_mixin.py:188} INFO - [2025-12-12T07:26:39.201-0500] {dag.py:3096} INFO - Sync 1 DAGs
[2025-12-12T07:26:39.205-0500] {logging_mixin.py:188} INFO - [2025-12-12T07:26:39.205-0500] {dag.py:3954} INFO - Setting next_dagrun for example_task_group to 2025-12-11 00:00:00+00:00, run_after=2025-12-12 00:00:00+00:00
[2025-12-12T07:26:39.211-0500] {processor.py:183} INFO - Processing /Users/evankrupa/airflow_project/env/lib/python3.11/site-packages/airflow/example_dags/example_task_group.py took 0.045 seconds
[2025-12-12T07:28:03.614-0500] {processor.py:161} INFO - Started process (PID=57569) to work on /Users/evankrupa/airflow_project/env/lib/python3.11/site-packages/airflow/example_dags/example_task_group.py
[2025-12-12T07:28:03.615-0500] {processor.py:830} INFO - Processing file /Users/evankrupa/airflow_project/env/lib/python3.11/site-packages/airflow/example_dags/example_task_group.py for tasks to queue
[2025-12-12T07:28:03.615-0500] {logging_mixin.py:188} INFO - [2025-12-12T07:28:03.615-0500] {dagbag.py:545} INFO - Filling up the DagBag from /Users/evankrupa/airflow_project/env/lib/python3.11/site-packages/airflow/example_dags/example_task_group.py
[2025-12-12T07:28:03.618-0500] {processor.py:840} INFO - DAG(s) 'example_task_group' retrieved from /Users/evankrupa/airflow_project/env/lib/python3.11/site-packages/airflow/example_dags/example_task_group.py
[2025-12-12T07:28:03.646-0500] {logging_mixin.py:188} INFO - [2025-12-12T07:28:03.646-0500] {dag.py:3096} INFO - Sync 1 DAGs
[2025-12-12T07:28:03.650-0500] {logging_mixin.py:188} INFO - [2025-12-12T07:28:03.650-0500] {dag.py:3954} INFO - Setting next_dagrun for example_task_group to 2025-12-11 00:00:00+00:00, run_after=2025-12-12 00:00:00+00:00
[2025-12-12T07:28:03.656-0500] {processor.py:183} INFO - Processing /Users/evankrupa/airflow_project/env/lib/python3.11/site-packages/airflow/example_dags/example_task_group.py took 0.043 seconds
[2025-12-12T07:29:28.918-0500] {processor.py:161} INFO - Started process (PID=57927) to work on /Users/evankrupa/airflow_project/env/lib/python3.11/site-packages/airflow/example_dags/example_task_group.py
[2025-12-12T07:29:28.920-0500] {processor.py:830} INFO - Processing file /Users/evankrupa/airflow_project/env/lib/python3.11/site-packages/airflow/example_dags/example_task_group.py for tasks to queue
[2025-12-12T07:29:28.920-0500] {logging_mixin.py:188} INFO - [2025-12-12T07:29:28.920-0500] {dagbag.py:545} INFO - Filling up the DagBag from /Users/evankrupa/airflow_project/env/lib/python3.11/site-packages/airflow/example_dags/example_task_group.py
[2025-12-12T07:29:28.922-0500] {processor.py:840} INFO - DAG(s) 'example_task_group' retrieved from /Users/evankrupa/airflow_project/env/lib/python3.11/site-packages/airflow/example_dags/example_task_group.py
[2025-12-12T07:29:28.950-0500] {logging_mixin.py:188} INFO - [2025-12-12T07:29:28.950-0500] {dag.py:3096} INFO - Sync 1 DAGs
[2025-12-12T07:29:28.955-0500] {logging_mixin.py:188} INFO - [2025-12-12T07:29:28.955-0500] {dag.py:3954} INFO - Setting next_dagrun for example_task_group to 2025-12-11 00:00:00+00:00, run_after=2025-12-12 00:00:00+00:00
[2025-12-12T07:29:28.960-0500] {processor.py:183} INFO - Processing /Users/evankrupa/airflow_project/env/lib/python3.11/site-packages/airflow/example_dags/example_task_group.py took 0.043 seconds
[2025-12-12T07:30:53.101-0500] {processor.py:161} INFO - Started process (PID=58056) to work on /Users/evankrupa/airflow_project/env/lib/python3.11/site-packages/airflow/example_dags/example_task_group.py
[2025-12-12T07:30:53.102-0500] {processor.py:830} INFO - Processing file /Users/evankrupa/airflow_project/env/lib/python3.11/site-packages/airflow/example_dags/example_task_group.py for tasks to queue
[2025-12-12T07:30:53.102-0500] {logging_mixin.py:188} INFO - [2025-12-12T07:30:53.102-0500] {dagbag.py:545} INFO - Filling up the DagBag from /Users/evankrupa/airflow_project/env/lib/python3.11/site-packages/airflow/example_dags/example_task_group.py
[2025-12-12T07:30:53.105-0500] {processor.py:840} INFO - DAG(s) 'example_task_group' retrieved from /Users/evankrupa/airflow_project/env/lib/python3.11/site-packages/airflow/example_dags/example_task_group.py
[2025-12-12T07:30:53.134-0500] {logging_mixin.py:188} INFO - [2025-12-12T07:30:53.133-0500] {dag.py:3096} INFO - Sync 1 DAGs
[2025-12-12T07:30:53.138-0500] {logging_mixin.py:188} INFO - [2025-12-12T07:30:53.138-0500] {dag.py:3954} INFO - Setting next_dagrun for example_task_group to 2025-12-11 00:00:00+00:00, run_after=2025-12-12 00:00:00+00:00
[2025-12-12T07:30:53.144-0500] {processor.py:183} INFO - Processing /Users/evankrupa/airflow_project/env/lib/python3.11/site-packages/airflow/example_dags/example_task_group.py took 0.044 seconds
[2025-12-12T07:32:21.423-0500] {processor.py:161} INFO - Started process (PID=58384) to work on /Users/evankrupa/airflow_project/env/lib/python3.11/site-packages/airflow/example_dags/example_task_group.py
[2025-12-12T07:32:21.423-0500] {processor.py:830} INFO - Processing file /Users/evankrupa/airflow_project/env/lib/python3.11/site-packages/airflow/example_dags/example_task_group.py for tasks to queue
[2025-12-12T07:32:21.423-0500] {logging_mixin.py:188} INFO - [2025-12-12T07:32:21.423-0500] {dagbag.py:545} INFO - Filling up the DagBag from /Users/evankrupa/airflow_project/env/lib/python3.11/site-packages/airflow/example_dags/example_task_group.py
[2025-12-12T07:32:21.426-0500] {processor.py:840} INFO - DAG(s) 'example_task_group' retrieved from /Users/evankrupa/airflow_project/env/lib/python3.11/site-packages/airflow/example_dags/example_task_group.py
[2025-12-12T07:32:21.454-0500] {logging_mixin.py:188} INFO - [2025-12-12T07:32:21.454-0500] {dag.py:3096} INFO - Sync 1 DAGs
[2025-12-12T07:32:21.459-0500] {logging_mixin.py:188} INFO - [2025-12-12T07:32:21.459-0500] {dag.py:3954} INFO - Setting next_dagrun for example_task_group to 2025-12-11 00:00:00+00:00, run_after=2025-12-12 00:00:00+00:00
[2025-12-12T07:32:21.464-0500] {processor.py:183} INFO - Processing /Users/evankrupa/airflow_project/env/lib/python3.11/site-packages/airflow/example_dags/example_task_group.py took 0.043 seconds
[2025-12-12T07:33:48.130-0500] {processor.py:161} INFO - Started process (PID=58474) to work on /Users/evankrupa/airflow_project/env/lib/python3.11/site-packages/airflow/example_dags/example_task_group.py
[2025-12-12T07:33:48.131-0500] {processor.py:830} INFO - Processing file /Users/evankrupa/airflow_project/env/lib/python3.11/site-packages/airflow/example_dags/example_task_group.py for tasks to queue
[2025-12-12T07:33:48.131-0500] {logging_mixin.py:188} INFO - [2025-12-12T07:33:48.131-0500] {dagbag.py:545} INFO - Filling up the DagBag from /Users/evankrupa/airflow_project/env/lib/python3.11/site-packages/airflow/example_dags/example_task_group.py
[2025-12-12T07:33:48.134-0500] {processor.py:840} INFO - DAG(s) 'example_task_group' retrieved from /Users/evankrupa/airflow_project/env/lib/python3.11/site-packages/airflow/example_dags/example_task_group.py
[2025-12-12T07:33:48.162-0500] {logging_mixin.py:188} INFO - [2025-12-12T07:33:48.162-0500] {dag.py:3096} INFO - Sync 1 DAGs
[2025-12-12T07:33:48.166-0500] {logging_mixin.py:188} INFO - [2025-12-12T07:33:48.166-0500] {dag.py:3954} INFO - Setting next_dagrun for example_task_group to 2025-12-11 00:00:00+00:00, run_after=2025-12-12 00:00:00+00:00
[2025-12-12T07:33:48.172-0500] {processor.py:183} INFO - Processing /Users/evankrupa/airflow_project/env/lib/python3.11/site-packages/airflow/example_dags/example_task_group.py took 0.043 seconds
[2025-12-12T07:35:11.168-0500] {processor.py:161} INFO - Started process (PID=58551) to work on /Users/evankrupa/airflow_project/env/lib/python3.11/site-packages/airflow/example_dags/example_task_group.py
[2025-12-12T07:35:11.169-0500] {processor.py:830} INFO - Processing file /Users/evankrupa/airflow_project/env/lib/python3.11/site-packages/airflow/example_dags/example_task_group.py for tasks to queue
[2025-12-12T07:35:11.169-0500] {logging_mixin.py:188} INFO - [2025-12-12T07:35:11.169-0500] {dagbag.py:545} INFO - Filling up the DagBag from /Users/evankrupa/airflow_project/env/lib/python3.11/site-packages/airflow/example_dags/example_task_group.py
[2025-12-12T07:35:11.171-0500] {processor.py:840} INFO - DAG(s) 'example_task_group' retrieved from /Users/evankrupa/airflow_project/env/lib/python3.11/site-packages/airflow/example_dags/example_task_group.py
[2025-12-12T07:35:11.200-0500] {logging_mixin.py:188} INFO - [2025-12-12T07:35:11.200-0500] {dag.py:3096} INFO - Sync 1 DAGs
[2025-12-12T07:35:11.204-0500] {logging_mixin.py:188} INFO - [2025-12-12T07:35:11.204-0500] {dag.py:3954} INFO - Setting next_dagrun for example_task_group to 2025-12-11 00:00:00+00:00, run_after=2025-12-12 00:00:00+00:00
[2025-12-12T07:35:11.210-0500] {processor.py:183} INFO - Processing /Users/evankrupa/airflow_project/env/lib/python3.11/site-packages/airflow/example_dags/example_task_group.py took 0.043 seconds
[2025-12-12T07:36:34.917-0500] {processor.py:161} INFO - Started process (PID=58621) to work on /Users/evankrupa/airflow_project/env/lib/python3.11/site-packages/airflow/example_dags/example_task_group.py
[2025-12-12T07:36:34.917-0500] {processor.py:830} INFO - Processing file /Users/evankrupa/airflow_project/env/lib/python3.11/site-packages/airflow/example_dags/example_task_group.py for tasks to queue
[2025-12-12T07:36:34.918-0500] {logging_mixin.py:188} INFO - [2025-12-12T07:36:34.917-0500] {dagbag.py:545} INFO - Filling up the DagBag from /Users/evankrupa/airflow_project/env/lib/python3.11/site-packages/airflow/example_dags/example_task_group.py
[2025-12-12T07:36:34.920-0500] {processor.py:840} INFO - DAG(s) 'example_task_group' retrieved from /Users/evankrupa/airflow_project/env/lib/python3.11/site-packages/airflow/example_dags/example_task_group.py
[2025-12-12T07:36:34.948-0500] {logging_mixin.py:188} INFO - [2025-12-12T07:36:34.948-0500] {dag.py:3096} INFO - Sync 1 DAGs
[2025-12-12T07:36:34.953-0500] {logging_mixin.py:188} INFO - [2025-12-12T07:36:34.953-0500] {dag.py:3954} INFO - Setting next_dagrun for example_task_group to 2025-12-11 00:00:00+00:00, run_after=2025-12-12 00:00:00+00:00
[2025-12-12T07:36:34.959-0500] {processor.py:183} INFO - Processing /Users/evankrupa/airflow_project/env/lib/python3.11/site-packages/airflow/example_dags/example_task_group.py took 0.043 seconds
[2025-12-12T07:38:00.778-0500] {processor.py:161} INFO - Started process (PID=58689) to work on /Users/evankrupa/airflow_project/env/lib/python3.11/site-packages/airflow/example_dags/example_task_group.py
[2025-12-12T07:38:00.778-0500] {processor.py:830} INFO - Processing file /Users/evankrupa/airflow_project/env/lib/python3.11/site-packages/airflow/example_dags/example_task_group.py for tasks to queue
[2025-12-12T07:38:00.778-0500] {logging_mixin.py:188} INFO - [2025-12-12T07:38:00.778-0500] {dagbag.py:545} INFO - Filling up the DagBag from /Users/evankrupa/airflow_project/env/lib/python3.11/site-packages/airflow/example_dags/example_task_group.py
[2025-12-12T07:38:00.781-0500] {processor.py:840} INFO - DAG(s) 'example_task_group' retrieved from /Users/evankrupa/airflow_project/env/lib/python3.11/site-packages/airflow/example_dags/example_task_group.py
[2025-12-12T07:38:00.811-0500] {logging_mixin.py:188} INFO - [2025-12-12T07:38:00.811-0500] {dag.py:3096} INFO - Sync 1 DAGs
[2025-12-12T07:38:00.818-0500] {logging_mixin.py:188} INFO - [2025-12-12T07:38:00.817-0500] {dag.py:3954} INFO - Setting next_dagrun for example_task_group to 2025-12-11 00:00:00+00:00, run_after=2025-12-12 00:00:00+00:00
[2025-12-12T07:38:00.825-0500] {processor.py:183} INFO - Processing /Users/evankrupa/airflow_project/env/lib/python3.11/site-packages/airflow/example_dags/example_task_group.py took 0.049 seconds
[2025-12-12T07:39:25.413-0500] {processor.py:161} INFO - Started process (PID=58809) to work on /Users/evankrupa/airflow_project/env/lib/python3.11/site-packages/airflow/example_dags/example_task_group.py
[2025-12-12T07:39:25.413-0500] {processor.py:830} INFO - Processing file /Users/evankrupa/airflow_project/env/lib/python3.11/site-packages/airflow/example_dags/example_task_group.py for tasks to queue
[2025-12-12T07:39:25.413-0500] {logging_mixin.py:188} INFO - [2025-12-12T07:39:25.413-0500] {dagbag.py:545} INFO - Filling up the DagBag from /Users/evankrupa/airflow_project/env/lib/python3.11/site-packages/airflow/example_dags/example_task_group.py
[2025-12-12T07:39:25.416-0500] {processor.py:840} INFO - DAG(s) 'example_task_group' retrieved from /Users/evankrupa/airflow_project/env/lib/python3.11/site-packages/airflow/example_dags/example_task_group.py
[2025-12-12T07:39:25.445-0500] {logging_mixin.py:188} INFO - [2025-12-12T07:39:25.445-0500] {dag.py:3096} INFO - Sync 1 DAGs
[2025-12-12T07:39:25.450-0500] {logging_mixin.py:188} INFO - [2025-12-12T07:39:25.450-0500] {dag.py:3954} INFO - Setting next_dagrun for example_task_group to 2025-12-11 00:00:00+00:00, run_after=2025-12-12 00:00:00+00:00
[2025-12-12T07:39:25.455-0500] {processor.py:183} INFO - Processing /Users/evankrupa/airflow_project/env/lib/python3.11/site-packages/airflow/example_dags/example_task_group.py took 0.044 seconds
[2025-12-12T07:40:49.875-0500] {processor.py:161} INFO - Started process (PID=58919) to work on /Users/evankrupa/airflow_project/env/lib/python3.11/site-packages/airflow/example_dags/example_task_group.py
[2025-12-12T07:40:49.875-0500] {processor.py:830} INFO - Processing file /Users/evankrupa/airflow_project/env/lib/python3.11/site-packages/airflow/example_dags/example_task_group.py for tasks to queue
[2025-12-12T07:40:49.875-0500] {logging_mixin.py:188} INFO - [2025-12-12T07:40:49.875-0500] {dagbag.py:545} INFO - Filling up the DagBag from /Users/evankrupa/airflow_project/env/lib/python3.11/site-packages/airflow/example_dags/example_task_group.py
[2025-12-12T07:40:49.879-0500] {processor.py:840} INFO - DAG(s) 'example_task_group' retrieved from /Users/evankrupa/airflow_project/env/lib/python3.11/site-packages/airflow/example_dags/example_task_group.py
[2025-12-12T07:40:49.908-0500] {logging_mixin.py:188} INFO - [2025-12-12T07:40:49.908-0500] {dag.py:3096} INFO - Sync 1 DAGs
[2025-12-12T07:40:49.913-0500] {logging_mixin.py:188} INFO - [2025-12-12T07:40:49.912-0500] {dag.py:3954} INFO - Setting next_dagrun for example_task_group to 2025-12-11 00:00:00+00:00, run_after=2025-12-12 00:00:00+00:00
[2025-12-12T07:40:49.918-0500] {processor.py:183} INFO - Processing /Users/evankrupa/airflow_project/env/lib/python3.11/site-packages/airflow/example_dags/example_task_group.py took 0.045 seconds
[2025-12-12T07:42:15.158-0500] {processor.py:161} INFO - Started process (PID=58987) to work on /Users/evankrupa/airflow_project/env/lib/python3.11/site-packages/airflow/example_dags/example_task_group.py
[2025-12-12T07:42:15.159-0500] {processor.py:830} INFO - Processing file /Users/evankrupa/airflow_project/env/lib/python3.11/site-packages/airflow/example_dags/example_task_group.py for tasks to queue
[2025-12-12T07:42:15.160-0500] {logging_mixin.py:188} INFO - [2025-12-12T07:42:15.159-0500] {dagbag.py:545} INFO - Filling up the DagBag from /Users/evankrupa/airflow_project/env/lib/python3.11/site-packages/airflow/example_dags/example_task_group.py
[2025-12-12T07:42:15.162-0500] {processor.py:840} INFO - DAG(s) 'example_task_group' retrieved from /Users/evankrupa/airflow_project/env/lib/python3.11/site-packages/airflow/example_dags/example_task_group.py
[2025-12-12T07:42:15.190-0500] {logging_mixin.py:188} INFO - [2025-12-12T07:42:15.190-0500] {dag.py:3096} INFO - Sync 1 DAGs
[2025-12-12T07:42:15.194-0500] {logging_mixin.py:188} INFO - [2025-12-12T07:42:15.194-0500] {dag.py:3954} INFO - Setting next_dagrun for example_task_group to 2025-12-11 00:00:00+00:00, run_after=2025-12-12 00:00:00+00:00
[2025-12-12T07:42:15.200-0500] {processor.py:183} INFO - Processing /Users/evankrupa/airflow_project/env/lib/python3.11/site-packages/airflow/example_dags/example_task_group.py took 0.043 seconds
[2025-12-12T07:43:38.759-0500] {processor.py:161} INFO - Started process (PID=59155) to work on /Users/evankrupa/airflow_project/env/lib/python3.11/site-packages/airflow/example_dags/example_task_group.py
[2025-12-12T07:43:38.760-0500] {processor.py:830} INFO - Processing file /Users/evankrupa/airflow_project/env/lib/python3.11/site-packages/airflow/example_dags/example_task_group.py for tasks to queue
[2025-12-12T07:43:38.761-0500] {logging_mixin.py:188} INFO - [2025-12-12T07:43:38.761-0500] {dagbag.py:545} INFO - Filling up the DagBag from /Users/evankrupa/airflow_project/env/lib/python3.11/site-packages/airflow/example_dags/example_task_group.py
[2025-12-12T07:43:38.763-0500] {processor.py:840} INFO - DAG(s) 'example_task_group' retrieved from /Users/evankrupa/airflow_project/env/lib/python3.11/site-packages/airflow/example_dags/example_task_group.py
[2025-12-12T07:43:38.793-0500] {logging_mixin.py:188} INFO - [2025-12-12T07:43:38.792-0500] {dag.py:3096} INFO - Sync 1 DAGs
[2025-12-12T07:43:38.797-0500] {logging_mixin.py:188} INFO - [2025-12-12T07:43:38.797-0500] {dag.py:3954} INFO - Setting next_dagrun for example_task_group to 2025-12-11 00:00:00+00:00, run_after=2025-12-12 00:00:00+00:00
[2025-12-12T07:43:38.803-0500] {processor.py:183} INFO - Processing /Users/evankrupa/airflow_project/env/lib/python3.11/site-packages/airflow/example_dags/example_task_group.py took 0.045 seconds
[2025-12-12T07:45:04.466-0500] {processor.py:161} INFO - Started process (PID=59245) to work on /Users/evankrupa/airflow_project/env/lib/python3.11/site-packages/airflow/example_dags/example_task_group.py
[2025-12-12T07:45:04.467-0500] {processor.py:830} INFO - Processing file /Users/evankrupa/airflow_project/env/lib/python3.11/site-packages/airflow/example_dags/example_task_group.py for tasks to queue
[2025-12-12T07:45:04.467-0500] {logging_mixin.py:188} INFO - [2025-12-12T07:45:04.467-0500] {dagbag.py:545} INFO - Filling up the DagBag from /Users/evankrupa/airflow_project/env/lib/python3.11/site-packages/airflow/example_dags/example_task_group.py
[2025-12-12T07:45:04.470-0500] {processor.py:840} INFO - DAG(s) 'example_task_group' retrieved from /Users/evankrupa/airflow_project/env/lib/python3.11/site-packages/airflow/example_dags/example_task_group.py
[2025-12-12T07:45:04.499-0500] {logging_mixin.py:188} INFO - [2025-12-12T07:45:04.498-0500] {dag.py:3096} INFO - Sync 1 DAGs
[2025-12-12T07:45:04.503-0500] {logging_mixin.py:188} INFO - [2025-12-12T07:45:04.503-0500] {dag.py:3954} INFO - Setting next_dagrun for example_task_group to 2025-12-11 00:00:00+00:00, run_after=2025-12-12 00:00:00+00:00
[2025-12-12T07:45:04.509-0500] {processor.py:183} INFO - Processing /Users/evankrupa/airflow_project/env/lib/python3.11/site-packages/airflow/example_dags/example_task_group.py took 0.044 seconds
[2025-12-12T07:46:30.105-0500] {processor.py:161} INFO - Started process (PID=59320) to work on /Users/evankrupa/airflow_project/env/lib/python3.11/site-packages/airflow/example_dags/example_task_group.py
[2025-12-12T07:46:30.107-0500] {processor.py:830} INFO - Processing file /Users/evankrupa/airflow_project/env/lib/python3.11/site-packages/airflow/example_dags/example_task_group.py for tasks to queue
[2025-12-12T07:46:30.107-0500] {logging_mixin.py:188} INFO - [2025-12-12T07:46:30.107-0500] {dagbag.py:545} INFO - Filling up the DagBag from /Users/evankrupa/airflow_project/env/lib/python3.11/site-packages/airflow/example_dags/example_task_group.py
[2025-12-12T07:46:30.110-0500] {processor.py:840} INFO - DAG(s) 'example_task_group' retrieved from /Users/evankrupa/airflow_project/env/lib/python3.11/site-packages/airflow/example_dags/example_task_group.py
[2025-12-12T07:46:30.138-0500] {logging_mixin.py:188} INFO - [2025-12-12T07:46:30.138-0500] {dag.py:3096} INFO - Sync 1 DAGs
[2025-12-12T07:46:30.143-0500] {logging_mixin.py:188} INFO - [2025-12-12T07:46:30.143-0500] {dag.py:3954} INFO - Setting next_dagrun for example_task_group to 2025-12-11 00:00:00+00:00, run_after=2025-12-12 00:00:00+00:00
[2025-12-12T07:46:30.148-0500] {processor.py:183} INFO - Processing /Users/evankrupa/airflow_project/env/lib/python3.11/site-packages/airflow/example_dags/example_task_group.py took 0.044 seconds
[2025-12-12T07:47:52.347-0500] {processor.py:161} INFO - Started process (PID=59410) to work on /Users/evankrupa/airflow_project/env/lib/python3.11/site-packages/airflow/example_dags/example_task_group.py
[2025-12-12T07:47:52.348-0500] {processor.py:830} INFO - Processing file /Users/evankrupa/airflow_project/env/lib/python3.11/site-packages/airflow/example_dags/example_task_group.py for tasks to queue
[2025-12-12T07:47:52.348-0500] {logging_mixin.py:188} INFO - [2025-12-12T07:47:52.348-0500] {dagbag.py:545} INFO - Filling up the DagBag from /Users/evankrupa/airflow_project/env/lib/python3.11/site-packages/airflow/example_dags/example_task_group.py
[2025-12-12T07:47:52.352-0500] {processor.py:840} INFO - DAG(s) 'example_task_group' retrieved from /Users/evankrupa/airflow_project/env/lib/python3.11/site-packages/airflow/example_dags/example_task_group.py
[2025-12-12T07:47:52.390-0500] {logging_mixin.py:188} INFO - [2025-12-12T07:47:52.390-0500] {dag.py:3096} INFO - Sync 1 DAGs
[2025-12-12T07:47:52.397-0500] {logging_mixin.py:188} INFO - [2025-12-12T07:47:52.397-0500] {dag.py:3954} INFO - Setting next_dagrun for example_task_group to 2025-12-11 00:00:00+00:00, run_after=2025-12-12 00:00:00+00:00
[2025-12-12T07:47:52.405-0500] {processor.py:183} INFO - Processing /Users/evankrupa/airflow_project/env/lib/python3.11/site-packages/airflow/example_dags/example_task_group.py took 0.058 seconds
[2025-12-12T07:49:20.816-0500] {processor.py:161} INFO - Started process (PID=59508) to work on /Users/evankrupa/airflow_project/env/lib/python3.11/site-packages/airflow/example_dags/example_task_group.py
[2025-12-12T07:49:20.817-0500] {processor.py:830} INFO - Processing file /Users/evankrupa/airflow_project/env/lib/python3.11/site-packages/airflow/example_dags/example_task_group.py for tasks to queue
[2025-12-12T07:49:20.817-0500] {logging_mixin.py:188} INFO - [2025-12-12T07:49:20.817-0500] {dagbag.py:545} INFO - Filling up the DagBag from /Users/evankrupa/airflow_project/env/lib/python3.11/site-packages/airflow/example_dags/example_task_group.py
[2025-12-12T07:49:20.820-0500] {processor.py:840} INFO - DAG(s) 'example_task_group' retrieved from /Users/evankrupa/airflow_project/env/lib/python3.11/site-packages/airflow/example_dags/example_task_group.py
[2025-12-12T07:49:20.848-0500] {logging_mixin.py:188} INFO - [2025-12-12T07:49:20.848-0500] {dag.py:3096} INFO - Sync 1 DAGs
[2025-12-12T07:49:20.853-0500] {logging_mixin.py:188} INFO - [2025-12-12T07:49:20.853-0500] {dag.py:3954} INFO - Setting next_dagrun for example_task_group to 2025-12-11 00:00:00+00:00, run_after=2025-12-12 00:00:00+00:00
[2025-12-12T07:49:20.858-0500] {processor.py:183} INFO - Processing /Users/evankrupa/airflow_project/env/lib/python3.11/site-packages/airflow/example_dags/example_task_group.py took 0.044 seconds
[2025-12-12T07:50:45.975-0500] {processor.py:161} INFO - Started process (PID=59584) to work on /Users/evankrupa/airflow_project/env/lib/python3.11/site-packages/airflow/example_dags/example_task_group.py
[2025-12-12T07:50:45.976-0500] {processor.py:830} INFO - Processing file /Users/evankrupa/airflow_project/env/lib/python3.11/site-packages/airflow/example_dags/example_task_group.py for tasks to queue
[2025-12-12T07:50:45.976-0500] {logging_mixin.py:188} INFO - [2025-12-12T07:50:45.976-0500] {dagbag.py:545} INFO - Filling up the DagBag from /Users/evankrupa/airflow_project/env/lib/python3.11/site-packages/airflow/example_dags/example_task_group.py
[2025-12-12T07:50:45.979-0500] {processor.py:840} INFO - DAG(s) 'example_task_group' retrieved from /Users/evankrupa/airflow_project/env/lib/python3.11/site-packages/airflow/example_dags/example_task_group.py
[2025-12-12T07:50:46.009-0500] {logging_mixin.py:188} INFO - [2025-12-12T07:50:46.008-0500] {dag.py:3096} INFO - Sync 1 DAGs
[2025-12-12T07:50:46.013-0500] {logging_mixin.py:188} INFO - [2025-12-12T07:50:46.013-0500] {dag.py:3954} INFO - Setting next_dagrun for example_task_group to 2025-12-11 00:00:00+00:00, run_after=2025-12-12 00:00:00+00:00
[2025-12-12T07:50:46.019-0500] {processor.py:183} INFO - Processing /Users/evankrupa/airflow_project/env/lib/python3.11/site-packages/airflow/example_dags/example_task_group.py took 0.045 seconds
[2025-12-12T07:52:11.742-0500] {processor.py:161} INFO - Started process (PID=59652) to work on /Users/evankrupa/airflow_project/env/lib/python3.11/site-packages/airflow/example_dags/example_task_group.py
[2025-12-12T07:52:11.742-0500] {processor.py:830} INFO - Processing file /Users/evankrupa/airflow_project/env/lib/python3.11/site-packages/airflow/example_dags/example_task_group.py for tasks to queue
[2025-12-12T07:52:11.743-0500] {logging_mixin.py:188} INFO - [2025-12-12T07:52:11.743-0500] {dagbag.py:545} INFO - Filling up the DagBag from /Users/evankrupa/airflow_project/env/lib/python3.11/site-packages/airflow/example_dags/example_task_group.py
[2025-12-12T07:52:11.745-0500] {processor.py:840} INFO - DAG(s) 'example_task_group' retrieved from /Users/evankrupa/airflow_project/env/lib/python3.11/site-packages/airflow/example_dags/example_task_group.py
[2025-12-12T07:52:11.774-0500] {logging_mixin.py:188} INFO - [2025-12-12T07:52:11.773-0500] {dag.py:3096} INFO - Sync 1 DAGs
[2025-12-12T07:52:11.779-0500] {logging_mixin.py:188} INFO - [2025-12-12T07:52:11.779-0500] {dag.py:3954} INFO - Setting next_dagrun for example_task_group to 2025-12-11 00:00:00+00:00, run_after=2025-12-12 00:00:00+00:00
[2025-12-12T07:52:11.786-0500] {processor.py:183} INFO - Processing /Users/evankrupa/airflow_project/env/lib/python3.11/site-packages/airflow/example_dags/example_task_group.py took 0.045 seconds
[2025-12-12T07:53:34.442-0500] {processor.py:161} INFO - Started process (PID=59740) to work on /Users/evankrupa/airflow_project/env/lib/python3.11/site-packages/airflow/example_dags/example_task_group.py
[2025-12-12T07:53:34.443-0500] {processor.py:830} INFO - Processing file /Users/evankrupa/airflow_project/env/lib/python3.11/site-packages/airflow/example_dags/example_task_group.py for tasks to queue
[2025-12-12T07:53:34.443-0500] {logging_mixin.py:188} INFO - [2025-12-12T07:53:34.443-0500] {dagbag.py:545} INFO - Filling up the DagBag from /Users/evankrupa/airflow_project/env/lib/python3.11/site-packages/airflow/example_dags/example_task_group.py
[2025-12-12T07:53:34.446-0500] {processor.py:840} INFO - DAG(s) 'example_task_group' retrieved from /Users/evankrupa/airflow_project/env/lib/python3.11/site-packages/airflow/example_dags/example_task_group.py
[2025-12-12T07:53:34.473-0500] {logging_mixin.py:188} INFO - [2025-12-12T07:53:34.473-0500] {dag.py:3096} INFO - Sync 1 DAGs
[2025-12-12T07:53:34.478-0500] {logging_mixin.py:188} INFO - [2025-12-12T07:53:34.478-0500] {dag.py:3954} INFO - Setting next_dagrun for example_task_group to 2025-12-11 00:00:00+00:00, run_after=2025-12-12 00:00:00+00:00
[2025-12-12T07:53:34.484-0500] {processor.py:183} INFO - Processing /Users/evankrupa/airflow_project/env/lib/python3.11/site-packages/airflow/example_dags/example_task_group.py took 0.043 seconds
[2025-12-12T07:54:56.205-0500] {processor.py:161} INFO - Started process (PID=59814) to work on /Users/evankrupa/airflow_project/env/lib/python3.11/site-packages/airflow/example_dags/example_task_group.py
[2025-12-12T07:54:56.205-0500] {processor.py:830} INFO - Processing file /Users/evankrupa/airflow_project/env/lib/python3.11/site-packages/airflow/example_dags/example_task_group.py for tasks to queue
[2025-12-12T07:54:56.205-0500] {logging_mixin.py:188} INFO - [2025-12-12T07:54:56.205-0500] {dagbag.py:545} INFO - Filling up the DagBag from /Users/evankrupa/airflow_project/env/lib/python3.11/site-packages/airflow/example_dags/example_task_group.py
[2025-12-12T07:54:56.209-0500] {processor.py:840} INFO - DAG(s) 'example_task_group' retrieved from /Users/evankrupa/airflow_project/env/lib/python3.11/site-packages/airflow/example_dags/example_task_group.py
[2025-12-12T07:54:56.242-0500] {logging_mixin.py:188} INFO - [2025-12-12T07:54:56.242-0500] {dag.py:3096} INFO - Sync 1 DAGs
[2025-12-12T07:54:56.249-0500] {logging_mixin.py:188} INFO - [2025-12-12T07:54:56.249-0500] {dag.py:3954} INFO - Setting next_dagrun for example_task_group to 2025-12-11 00:00:00+00:00, run_after=2025-12-12 00:00:00+00:00
[2025-12-12T07:54:56.256-0500] {processor.py:183} INFO - Processing /Users/evankrupa/airflow_project/env/lib/python3.11/site-packages/airflow/example_dags/example_task_group.py took 0.052 seconds
[2025-12-12T07:56:23.178-0500] {processor.py:161} INFO - Started process (PID=59894) to work on /Users/evankrupa/airflow_project/env/lib/python3.11/site-packages/airflow/example_dags/example_task_group.py
[2025-12-12T07:56:23.180-0500] {processor.py:830} INFO - Processing file /Users/evankrupa/airflow_project/env/lib/python3.11/site-packages/airflow/example_dags/example_task_group.py for tasks to queue
[2025-12-12T07:56:23.180-0500] {logging_mixin.py:188} INFO - [2025-12-12T07:56:23.180-0500] {dagbag.py:545} INFO - Filling up the DagBag from /Users/evankrupa/airflow_project/env/lib/python3.11/site-packages/airflow/example_dags/example_task_group.py
[2025-12-12T07:56:23.182-0500] {processor.py:840} INFO - DAG(s) 'example_task_group' retrieved from /Users/evankrupa/airflow_project/env/lib/python3.11/site-packages/airflow/example_dags/example_task_group.py
[2025-12-12T07:56:23.211-0500] {logging_mixin.py:188} INFO - [2025-12-12T07:56:23.211-0500] {dag.py:3096} INFO - Sync 1 DAGs
[2025-12-12T07:56:23.215-0500] {logging_mixin.py:188} INFO - [2025-12-12T07:56:23.215-0500] {dag.py:3954} INFO - Setting next_dagrun for example_task_group to 2025-12-11 00:00:00+00:00, run_after=2025-12-12 00:00:00+00:00
[2025-12-12T07:56:23.221-0500] {processor.py:183} INFO - Processing /Users/evankrupa/airflow_project/env/lib/python3.11/site-packages/airflow/example_dags/example_task_group.py took 0.043 seconds
[2025-12-12T07:57:49.085-0500] {processor.py:161} INFO - Started process (PID=60414) to work on /Users/evankrupa/airflow_project/env/lib/python3.11/site-packages/airflow/example_dags/example_task_group.py
[2025-12-12T07:57:49.086-0500] {processor.py:830} INFO - Processing file /Users/evankrupa/airflow_project/env/lib/python3.11/site-packages/airflow/example_dags/example_task_group.py for tasks to queue
[2025-12-12T07:57:49.086-0500] {logging_mixin.py:188} INFO - [2025-12-12T07:57:49.086-0500] {dagbag.py:545} INFO - Filling up the DagBag from /Users/evankrupa/airflow_project/env/lib/python3.11/site-packages/airflow/example_dags/example_task_group.py
[2025-12-12T07:57:49.089-0500] {processor.py:840} INFO - DAG(s) 'example_task_group' retrieved from /Users/evankrupa/airflow_project/env/lib/python3.11/site-packages/airflow/example_dags/example_task_group.py
[2025-12-12T07:57:49.120-0500] {logging_mixin.py:188} INFO - [2025-12-12T07:57:49.120-0500] {dag.py:3096} INFO - Sync 1 DAGs
[2025-12-12T07:57:49.125-0500] {logging_mixin.py:188} INFO - [2025-12-12T07:57:49.125-0500] {dag.py:3954} INFO - Setting next_dagrun for example_task_group to 2025-12-11 00:00:00+00:00, run_after=2025-12-12 00:00:00+00:00
[2025-12-12T07:57:49.131-0500] {processor.py:183} INFO - Processing /Users/evankrupa/airflow_project/env/lib/python3.11/site-packages/airflow/example_dags/example_task_group.py took 0.047 seconds
[2025-12-12T07:59:15.063-0500] {processor.py:161} INFO - Started process (PID=62599) to work on /Users/evankrupa/airflow_project/env/lib/python3.11/site-packages/airflow/example_dags/example_task_group.py
[2025-12-12T07:59:15.063-0500] {processor.py:830} INFO - Processing file /Users/evankrupa/airflow_project/env/lib/python3.11/site-packages/airflow/example_dags/example_task_group.py for tasks to queue
[2025-12-12T07:59:15.063-0500] {logging_mixin.py:188} INFO - [2025-12-12T07:59:15.063-0500] {dagbag.py:545} INFO - Filling up the DagBag from /Users/evankrupa/airflow_project/env/lib/python3.11/site-packages/airflow/example_dags/example_task_group.py
[2025-12-12T07:59:15.067-0500] {processor.py:840} INFO - DAG(s) 'example_task_group' retrieved from /Users/evankrupa/airflow_project/env/lib/python3.11/site-packages/airflow/example_dags/example_task_group.py
[2025-12-12T07:59:15.118-0500] {logging_mixin.py:188} INFO - [2025-12-12T07:59:15.118-0500] {dag.py:3096} INFO - Sync 1 DAGs
[2025-12-12T07:59:15.124-0500] {logging_mixin.py:188} INFO - [2025-12-12T07:59:15.124-0500] {dag.py:3954} INFO - Setting next_dagrun for example_task_group to 2025-12-11 00:00:00+00:00, run_after=2025-12-12 00:00:00+00:00
[2025-12-12T07:59:15.131-0500] {processor.py:183} INFO - Processing /Users/evankrupa/airflow_project/env/lib/python3.11/site-packages/airflow/example_dags/example_task_group.py took 0.070 seconds
[2025-12-12T08:00:37.010-0500] {processor.py:161} INFO - Started process (PID=62772) to work on /Users/evankrupa/airflow_project/env/lib/python3.11/site-packages/airflow/example_dags/example_task_group.py
[2025-12-12T08:00:37.011-0500] {processor.py:830} INFO - Processing file /Users/evankrupa/airflow_project/env/lib/python3.11/site-packages/airflow/example_dags/example_task_group.py for tasks to queue
[2025-12-12T08:00:37.011-0500] {logging_mixin.py:188} INFO - [2025-12-12T08:00:37.011-0500] {dagbag.py:545} INFO - Filling up the DagBag from /Users/evankrupa/airflow_project/env/lib/python3.11/site-packages/airflow/example_dags/example_task_group.py
[2025-12-12T08:00:37.014-0500] {processor.py:840} INFO - DAG(s) 'example_task_group' retrieved from /Users/evankrupa/airflow_project/env/lib/python3.11/site-packages/airflow/example_dags/example_task_group.py
[2025-12-12T08:00:37.043-0500] {logging_mixin.py:188} INFO - [2025-12-12T08:00:37.043-0500] {dag.py:3096} INFO - Sync 1 DAGs
[2025-12-12T08:00:37.048-0500] {logging_mixin.py:188} INFO - [2025-12-12T08:00:37.048-0500] {dag.py:3954} INFO - Setting next_dagrun for example_task_group to 2025-12-11 00:00:00+00:00, run_after=2025-12-12 00:00:00+00:00
[2025-12-12T08:00:37.054-0500] {processor.py:183} INFO - Processing /Users/evankrupa/airflow_project/env/lib/python3.11/site-packages/airflow/example_dags/example_task_group.py took 0.045 seconds
[2025-12-12T08:01:59.979-0500] {processor.py:161} INFO - Started process (PID=62838) to work on /Users/evankrupa/airflow_project/env/lib/python3.11/site-packages/airflow/example_dags/example_task_group.py
[2025-12-12T08:01:59.980-0500] {processor.py:830} INFO - Processing file /Users/evankrupa/airflow_project/env/lib/python3.11/site-packages/airflow/example_dags/example_task_group.py for tasks to queue
[2025-12-12T08:01:59.980-0500] {logging_mixin.py:188} INFO - [2025-12-12T08:01:59.980-0500] {dagbag.py:545} INFO - Filling up the DagBag from /Users/evankrupa/airflow_project/env/lib/python3.11/site-packages/airflow/example_dags/example_task_group.py
[2025-12-12T08:01:59.983-0500] {processor.py:840} INFO - DAG(s) 'example_task_group' retrieved from /Users/evankrupa/airflow_project/env/lib/python3.11/site-packages/airflow/example_dags/example_task_group.py
[2025-12-12T08:02:00.011-0500] {logging_mixin.py:188} INFO - [2025-12-12T08:02:00.011-0500] {dag.py:3096} INFO - Sync 1 DAGs
[2025-12-12T08:02:00.016-0500] {logging_mixin.py:188} INFO - [2025-12-12T08:02:00.016-0500] {dag.py:3954} INFO - Setting next_dagrun for example_task_group to 2025-12-11 00:00:00+00:00, run_after=2025-12-12 00:00:00+00:00
[2025-12-12T08:02:00.022-0500] {processor.py:183} INFO - Processing /Users/evankrupa/airflow_project/env/lib/python3.11/site-packages/airflow/example_dags/example_task_group.py took 0.043 seconds
[2025-12-12T08:03:25.280-0500] {processor.py:161} INFO - Started process (PID=62904) to work on /Users/evankrupa/airflow_project/env/lib/python3.11/site-packages/airflow/example_dags/example_task_group.py
[2025-12-12T08:03:25.282-0500] {processor.py:830} INFO - Processing file /Users/evankrupa/airflow_project/env/lib/python3.11/site-packages/airflow/example_dags/example_task_group.py for tasks to queue
[2025-12-12T08:03:25.282-0500] {logging_mixin.py:188} INFO - [2025-12-12T08:03:25.282-0500] {dagbag.py:545} INFO - Filling up the DagBag from /Users/evankrupa/airflow_project/env/lib/python3.11/site-packages/airflow/example_dags/example_task_group.py
[2025-12-12T08:03:25.285-0500] {processor.py:840} INFO - DAG(s) 'example_task_group' retrieved from /Users/evankrupa/airflow_project/env/lib/python3.11/site-packages/airflow/example_dags/example_task_group.py
[2025-12-12T08:03:25.313-0500] {logging_mixin.py:188} INFO - [2025-12-12T08:03:25.313-0500] {dag.py:3096} INFO - Sync 1 DAGs
[2025-12-12T08:03:25.317-0500] {logging_mixin.py:188} INFO - [2025-12-12T08:03:25.317-0500] {dag.py:3954} INFO - Setting next_dagrun for example_task_group to 2025-12-11 00:00:00+00:00, run_after=2025-12-12 00:00:00+00:00
[2025-12-12T08:03:25.323-0500] {processor.py:183} INFO - Processing /Users/evankrupa/airflow_project/env/lib/python3.11/site-packages/airflow/example_dags/example_task_group.py took 0.044 seconds
[2025-12-12T08:04:50.321-0500] {processor.py:161} INFO - Started process (PID=63054) to work on /Users/evankrupa/airflow_project/env/lib/python3.11/site-packages/airflow/example_dags/example_task_group.py
[2025-12-12T08:04:50.322-0500] {processor.py:830} INFO - Processing file /Users/evankrupa/airflow_project/env/lib/python3.11/site-packages/airflow/example_dags/example_task_group.py for tasks to queue
[2025-12-12T08:04:50.322-0500] {logging_mixin.py:188} INFO - [2025-12-12T08:04:50.322-0500] {dagbag.py:545} INFO - Filling up the DagBag from /Users/evankrupa/airflow_project/env/lib/python3.11/site-packages/airflow/example_dags/example_task_group.py
[2025-12-12T08:04:50.325-0500] {processor.py:840} INFO - DAG(s) 'example_task_group' retrieved from /Users/evankrupa/airflow_project/env/lib/python3.11/site-packages/airflow/example_dags/example_task_group.py
[2025-12-12T08:04:50.353-0500] {logging_mixin.py:188} INFO - [2025-12-12T08:04:50.353-0500] {dag.py:3096} INFO - Sync 1 DAGs
[2025-12-12T08:04:50.358-0500] {logging_mixin.py:188} INFO - [2025-12-12T08:04:50.358-0500] {dag.py:3954} INFO - Setting next_dagrun for example_task_group to 2025-12-11 00:00:00+00:00, run_after=2025-12-12 00:00:00+00:00
[2025-12-12T08:04:50.364-0500] {processor.py:183} INFO - Processing /Users/evankrupa/airflow_project/env/lib/python3.11/site-packages/airflow/example_dags/example_task_group.py took 0.044 seconds
[2025-12-12T08:06:13.887-0500] {processor.py:161} INFO - Started process (PID=63130) to work on /Users/evankrupa/airflow_project/env/lib/python3.11/site-packages/airflow/example_dags/example_task_group.py
[2025-12-12T08:06:13.887-0500] {processor.py:830} INFO - Processing file /Users/evankrupa/airflow_project/env/lib/python3.11/site-packages/airflow/example_dags/example_task_group.py for tasks to queue
[2025-12-12T08:06:13.888-0500] {logging_mixin.py:188} INFO - [2025-12-12T08:06:13.887-0500] {dagbag.py:545} INFO - Filling up the DagBag from /Users/evankrupa/airflow_project/env/lib/python3.11/site-packages/airflow/example_dags/example_task_group.py
[2025-12-12T08:06:13.890-0500] {processor.py:840} INFO - DAG(s) 'example_task_group' retrieved from /Users/evankrupa/airflow_project/env/lib/python3.11/site-packages/airflow/example_dags/example_task_group.py
[2025-12-12T08:06:13.919-0500] {logging_mixin.py:188} INFO - [2025-12-12T08:06:13.919-0500] {dag.py:3096} INFO - Sync 1 DAGs
[2025-12-12T08:06:13.923-0500] {logging_mixin.py:188} INFO - [2025-12-12T08:06:13.923-0500] {dag.py:3954} INFO - Setting next_dagrun for example_task_group to 2025-12-11 00:00:00+00:00, run_after=2025-12-12 00:00:00+00:00
[2025-12-12T08:06:13.929-0500] {processor.py:183} INFO - Processing /Users/evankrupa/airflow_project/env/lib/python3.11/site-packages/airflow/example_dags/example_task_group.py took 0.043 seconds
[2025-12-12T08:07:42.624-0500] {processor.py:161} INFO - Started process (PID=63657) to work on /Users/evankrupa/airflow_project/env/lib/python3.11/site-packages/airflow/example_dags/example_task_group.py
[2025-12-12T08:07:42.625-0500] {processor.py:830} INFO - Processing file /Users/evankrupa/airflow_project/env/lib/python3.11/site-packages/airflow/example_dags/example_task_group.py for tasks to queue
[2025-12-12T08:07:42.625-0500] {logging_mixin.py:188} INFO - [2025-12-12T08:07:42.625-0500] {dagbag.py:545} INFO - Filling up the DagBag from /Users/evankrupa/airflow_project/env/lib/python3.11/site-packages/airflow/example_dags/example_task_group.py
[2025-12-12T08:07:42.628-0500] {processor.py:840} INFO - DAG(s) 'example_task_group' retrieved from /Users/evankrupa/airflow_project/env/lib/python3.11/site-packages/airflow/example_dags/example_task_group.py
[2025-12-12T08:07:42.656-0500] {logging_mixin.py:188} INFO - [2025-12-12T08:07:42.656-0500] {dag.py:3096} INFO - Sync 1 DAGs
[2025-12-12T08:07:42.661-0500] {logging_mixin.py:188} INFO - [2025-12-12T08:07:42.661-0500] {dag.py:3954} INFO - Setting next_dagrun for example_task_group to 2025-12-11 00:00:00+00:00, run_after=2025-12-12 00:00:00+00:00
[2025-12-12T08:07:42.666-0500] {processor.py:183} INFO - Processing /Users/evankrupa/airflow_project/env/lib/python3.11/site-packages/airflow/example_dags/example_task_group.py took 0.043 seconds
[2025-12-12T08:09:07.966-0500] {processor.py:161} INFO - Started process (PID=63722) to work on /Users/evankrupa/airflow_project/env/lib/python3.11/site-packages/airflow/example_dags/example_task_group.py
[2025-12-12T08:09:07.966-0500] {processor.py:830} INFO - Processing file /Users/evankrupa/airflow_project/env/lib/python3.11/site-packages/airflow/example_dags/example_task_group.py for tasks to queue
[2025-12-12T08:09:07.966-0500] {logging_mixin.py:188} INFO - [2025-12-12T08:09:07.966-0500] {dagbag.py:545} INFO - Filling up the DagBag from /Users/evankrupa/airflow_project/env/lib/python3.11/site-packages/airflow/example_dags/example_task_group.py
[2025-12-12T08:09:07.969-0500] {processor.py:840} INFO - DAG(s) 'example_task_group' retrieved from /Users/evankrupa/airflow_project/env/lib/python3.11/site-packages/airflow/example_dags/example_task_group.py
[2025-12-12T08:09:07.999-0500] {logging_mixin.py:188} INFO - [2025-12-12T08:09:07.999-0500] {dag.py:3096} INFO - Sync 1 DAGs
[2025-12-12T08:09:08.005-0500] {logging_mixin.py:188} INFO - [2025-12-12T08:09:08.005-0500] {dag.py:3954} INFO - Setting next_dagrun for example_task_group to 2025-12-11 00:00:00+00:00, run_after=2025-12-12 00:00:00+00:00
[2025-12-12T08:09:08.011-0500] {processor.py:183} INFO - Processing /Users/evankrupa/airflow_project/env/lib/python3.11/site-packages/airflow/example_dags/example_task_group.py took 0.046 seconds
[2025-12-12T08:10:35.251-0500] {processor.py:161} INFO - Started process (PID=63794) to work on /Users/evankrupa/airflow_project/env/lib/python3.11/site-packages/airflow/example_dags/example_task_group.py
[2025-12-12T08:10:35.252-0500] {processor.py:830} INFO - Processing file /Users/evankrupa/airflow_project/env/lib/python3.11/site-packages/airflow/example_dags/example_task_group.py for tasks to queue
[2025-12-12T08:10:35.253-0500] {logging_mixin.py:188} INFO - [2025-12-12T08:10:35.253-0500] {dagbag.py:545} INFO - Filling up the DagBag from /Users/evankrupa/airflow_project/env/lib/python3.11/site-packages/airflow/example_dags/example_task_group.py
[2025-12-12T08:10:35.255-0500] {processor.py:840} INFO - DAG(s) 'example_task_group' retrieved from /Users/evankrupa/airflow_project/env/lib/python3.11/site-packages/airflow/example_dags/example_task_group.py
[2025-12-12T08:10:35.287-0500] {logging_mixin.py:188} INFO - [2025-12-12T08:10:35.287-0500] {dag.py:3096} INFO - Sync 1 DAGs
[2025-12-12T08:10:35.292-0500] {logging_mixin.py:188} INFO - [2025-12-12T08:10:35.292-0500] {dag.py:3954} INFO - Setting next_dagrun for example_task_group to 2025-12-11 00:00:00+00:00, run_after=2025-12-12 00:00:00+00:00
[2025-12-12T08:10:35.300-0500] {processor.py:183} INFO - Processing /Users/evankrupa/airflow_project/env/lib/python3.11/site-packages/airflow/example_dags/example_task_group.py took 0.049 seconds
[2025-12-12T08:12:01.982-0500] {processor.py:161} INFO - Started process (PID=63861) to work on /Users/evankrupa/airflow_project/env/lib/python3.11/site-packages/airflow/example_dags/example_task_group.py
[2025-12-12T08:12:01.983-0500] {processor.py:830} INFO - Processing file /Users/evankrupa/airflow_project/env/lib/python3.11/site-packages/airflow/example_dags/example_task_group.py for tasks to queue
[2025-12-12T08:12:01.983-0500] {logging_mixin.py:188} INFO - [2025-12-12T08:12:01.983-0500] {dagbag.py:545} INFO - Filling up the DagBag from /Users/evankrupa/airflow_project/env/lib/python3.11/site-packages/airflow/example_dags/example_task_group.py
[2025-12-12T08:12:01.986-0500] {processor.py:840} INFO - DAG(s) 'example_task_group' retrieved from /Users/evankrupa/airflow_project/env/lib/python3.11/site-packages/airflow/example_dags/example_task_group.py
[2025-12-12T08:12:02.017-0500] {logging_mixin.py:188} INFO - [2025-12-12T08:12:02.017-0500] {dag.py:3096} INFO - Sync 1 DAGs
[2025-12-12T08:12:02.022-0500] {logging_mixin.py:188} INFO - [2025-12-12T08:12:02.022-0500] {dag.py:3954} INFO - Setting next_dagrun for example_task_group to 2025-12-11 00:00:00+00:00, run_after=2025-12-12 00:00:00+00:00
[2025-12-12T08:12:02.028-0500] {processor.py:183} INFO - Processing /Users/evankrupa/airflow_project/env/lib/python3.11/site-packages/airflow/example_dags/example_task_group.py took 0.046 seconds
[2025-12-12T08:13:25.366-0500] {processor.py:161} INFO - Started process (PID=63927) to work on /Users/evankrupa/airflow_project/env/lib/python3.11/site-packages/airflow/example_dags/example_task_group.py
[2025-12-12T08:13:25.367-0500] {processor.py:830} INFO - Processing file /Users/evankrupa/airflow_project/env/lib/python3.11/site-packages/airflow/example_dags/example_task_group.py for tasks to queue
[2025-12-12T08:13:25.367-0500] {logging_mixin.py:188} INFO - [2025-12-12T08:13:25.367-0500] {dagbag.py:545} INFO - Filling up the DagBag from /Users/evankrupa/airflow_project/env/lib/python3.11/site-packages/airflow/example_dags/example_task_group.py
[2025-12-12T08:13:25.370-0500] {processor.py:840} INFO - DAG(s) 'example_task_group' retrieved from /Users/evankrupa/airflow_project/env/lib/python3.11/site-packages/airflow/example_dags/example_task_group.py
[2025-12-12T08:13:25.400-0500] {logging_mixin.py:188} INFO - [2025-12-12T08:13:25.400-0500] {dag.py:3096} INFO - Sync 1 DAGs
[2025-12-12T08:13:25.405-0500] {logging_mixin.py:188} INFO - [2025-12-12T08:13:25.405-0500] {dag.py:3954} INFO - Setting next_dagrun for example_task_group to 2025-12-11 00:00:00+00:00, run_after=2025-12-12 00:00:00+00:00
[2025-12-12T08:13:25.411-0500] {processor.py:183} INFO - Processing /Users/evankrupa/airflow_project/env/lib/python3.11/site-packages/airflow/example_dags/example_task_group.py took 0.046 seconds
[2025-12-12T08:14:50.523-0500] {processor.py:161} INFO - Started process (PID=63995) to work on /Users/evankrupa/airflow_project/env/lib/python3.11/site-packages/airflow/example_dags/example_task_group.py
[2025-12-12T08:14:50.524-0500] {processor.py:830} INFO - Processing file /Users/evankrupa/airflow_project/env/lib/python3.11/site-packages/airflow/example_dags/example_task_group.py for tasks to queue
[2025-12-12T08:14:50.524-0500] {logging_mixin.py:188} INFO - [2025-12-12T08:14:50.524-0500] {dagbag.py:545} INFO - Filling up the DagBag from /Users/evankrupa/airflow_project/env/lib/python3.11/site-packages/airflow/example_dags/example_task_group.py
[2025-12-12T08:14:50.527-0500] {processor.py:840} INFO - DAG(s) 'example_task_group' retrieved from /Users/evankrupa/airflow_project/env/lib/python3.11/site-packages/airflow/example_dags/example_task_group.py
[2025-12-12T08:14:50.556-0500] {logging_mixin.py:188} INFO - [2025-12-12T08:14:50.556-0500] {dag.py:3096} INFO - Sync 1 DAGs
[2025-12-12T08:14:50.560-0500] {logging_mixin.py:188} INFO - [2025-12-12T08:14:50.560-0500] {dag.py:3954} INFO - Setting next_dagrun for example_task_group to 2025-12-11 00:00:00+00:00, run_after=2025-12-12 00:00:00+00:00
[2025-12-12T08:14:50.566-0500] {processor.py:183} INFO - Processing /Users/evankrupa/airflow_project/env/lib/python3.11/site-packages/airflow/example_dags/example_task_group.py took 0.044 seconds
[2025-12-12T08:16:10.080-0500] {processor.py:161} INFO - Started process (PID=64069) to work on /Users/evankrupa/airflow_project/env/lib/python3.11/site-packages/airflow/example_dags/example_task_group.py
[2025-12-12T08:16:10.081-0500] {processor.py:830} INFO - Processing file /Users/evankrupa/airflow_project/env/lib/python3.11/site-packages/airflow/example_dags/example_task_group.py for tasks to queue
[2025-12-12T08:16:10.081-0500] {logging_mixin.py:188} INFO - [2025-12-12T08:16:10.081-0500] {dagbag.py:545} INFO - Filling up the DagBag from /Users/evankrupa/airflow_project/env/lib/python3.11/site-packages/airflow/example_dags/example_task_group.py
[2025-12-12T08:16:10.083-0500] {processor.py:840} INFO - DAG(s) 'example_task_group' retrieved from /Users/evankrupa/airflow_project/env/lib/python3.11/site-packages/airflow/example_dags/example_task_group.py
[2025-12-12T08:16:10.113-0500] {logging_mixin.py:188} INFO - [2025-12-12T08:16:10.113-0500] {dag.py:3096} INFO - Sync 1 DAGs
[2025-12-12T08:16:10.118-0500] {logging_mixin.py:188} INFO - [2025-12-12T08:16:10.118-0500] {dag.py:3954} INFO - Setting next_dagrun for example_task_group to 2025-12-11 00:00:00+00:00, run_after=2025-12-12 00:00:00+00:00
[2025-12-12T08:16:10.125-0500] {processor.py:183} INFO - Processing /Users/evankrupa/airflow_project/env/lib/python3.11/site-packages/airflow/example_dags/example_task_group.py took 0.046 seconds
[2025-12-12T08:17:36.549-0500] {processor.py:161} INFO - Started process (PID=64136) to work on /Users/evankrupa/airflow_project/env/lib/python3.11/site-packages/airflow/example_dags/example_task_group.py
[2025-12-12T08:17:36.549-0500] {processor.py:830} INFO - Processing file /Users/evankrupa/airflow_project/env/lib/python3.11/site-packages/airflow/example_dags/example_task_group.py for tasks to queue
[2025-12-12T08:17:36.549-0500] {logging_mixin.py:188} INFO - [2025-12-12T08:17:36.549-0500] {dagbag.py:545} INFO - Filling up the DagBag from /Users/evankrupa/airflow_project/env/lib/python3.11/site-packages/airflow/example_dags/example_task_group.py
[2025-12-12T08:17:36.552-0500] {processor.py:840} INFO - DAG(s) 'example_task_group' retrieved from /Users/evankrupa/airflow_project/env/lib/python3.11/site-packages/airflow/example_dags/example_task_group.py
[2025-12-12T08:17:36.581-0500] {logging_mixin.py:188} INFO - [2025-12-12T08:17:36.581-0500] {dag.py:3096} INFO - Sync 1 DAGs
[2025-12-12T08:17:36.587-0500] {logging_mixin.py:188} INFO - [2025-12-12T08:17:36.587-0500] {dag.py:3954} INFO - Setting next_dagrun for example_task_group to 2025-12-11 00:00:00+00:00, run_after=2025-12-12 00:00:00+00:00
[2025-12-12T08:17:36.592-0500] {processor.py:183} INFO - Processing /Users/evankrupa/airflow_project/env/lib/python3.11/site-packages/airflow/example_dags/example_task_group.py took 0.045 seconds
[2025-12-12T08:18:59.808-0500] {processor.py:161} INFO - Started process (PID=64205) to work on /Users/evankrupa/airflow_project/env/lib/python3.11/site-packages/airflow/example_dags/example_task_group.py
[2025-12-12T08:18:59.810-0500] {processor.py:830} INFO - Processing file /Users/evankrupa/airflow_project/env/lib/python3.11/site-packages/airflow/example_dags/example_task_group.py for tasks to queue
[2025-12-12T08:18:59.810-0500] {logging_mixin.py:188} INFO - [2025-12-12T08:18:59.810-0500] {dagbag.py:545} INFO - Filling up the DagBag from /Users/evankrupa/airflow_project/env/lib/python3.11/site-packages/airflow/example_dags/example_task_group.py
[2025-12-12T08:18:59.812-0500] {processor.py:840} INFO - DAG(s) 'example_task_group' retrieved from /Users/evankrupa/airflow_project/env/lib/python3.11/site-packages/airflow/example_dags/example_task_group.py
[2025-12-12T08:18:59.841-0500] {logging_mixin.py:188} INFO - [2025-12-12T08:18:59.841-0500] {dag.py:3096} INFO - Sync 1 DAGs
[2025-12-12T08:18:59.845-0500] {logging_mixin.py:188} INFO - [2025-12-12T08:18:59.845-0500] {dag.py:3954} INFO - Setting next_dagrun for example_task_group to 2025-12-11 00:00:00+00:00, run_after=2025-12-12 00:00:00+00:00
[2025-12-12T08:18:59.851-0500] {processor.py:183} INFO - Processing /Users/evankrupa/airflow_project/env/lib/python3.11/site-packages/airflow/example_dags/example_task_group.py took 0.043 seconds
[2025-12-12T08:20:25.015-0500] {processor.py:161} INFO - Started process (PID=64273) to work on /Users/evankrupa/airflow_project/env/lib/python3.11/site-packages/airflow/example_dags/example_task_group.py
[2025-12-12T08:20:25.016-0500] {processor.py:830} INFO - Processing file /Users/evankrupa/airflow_project/env/lib/python3.11/site-packages/airflow/example_dags/example_task_group.py for tasks to queue
[2025-12-12T08:20:25.016-0500] {logging_mixin.py:188} INFO - [2025-12-12T08:20:25.016-0500] {dagbag.py:545} INFO - Filling up the DagBag from /Users/evankrupa/airflow_project/env/lib/python3.11/site-packages/airflow/example_dags/example_task_group.py
[2025-12-12T08:20:25.019-0500] {processor.py:840} INFO - DAG(s) 'example_task_group' retrieved from /Users/evankrupa/airflow_project/env/lib/python3.11/site-packages/airflow/example_dags/example_task_group.py
[2025-12-12T08:20:25.049-0500] {logging_mixin.py:188} INFO - [2025-12-12T08:20:25.049-0500] {dag.py:3096} INFO - Sync 1 DAGs
[2025-12-12T08:20:25.054-0500] {logging_mixin.py:188} INFO - [2025-12-12T08:20:25.054-0500] {dag.py:3954} INFO - Setting next_dagrun for example_task_group to 2025-12-11 00:00:00+00:00, run_after=2025-12-12 00:00:00+00:00
[2025-12-12T08:20:25.060-0500] {processor.py:183} INFO - Processing /Users/evankrupa/airflow_project/env/lib/python3.11/site-packages/airflow/example_dags/example_task_group.py took 0.045 seconds
[2025-12-12T08:21:47.605-0500] {processor.py:161} INFO - Started process (PID=64338) to work on /Users/evankrupa/airflow_project/env/lib/python3.11/site-packages/airflow/example_dags/example_task_group.py
[2025-12-12T08:21:47.605-0500] {processor.py:830} INFO - Processing file /Users/evankrupa/airflow_project/env/lib/python3.11/site-packages/airflow/example_dags/example_task_group.py for tasks to queue
[2025-12-12T08:21:47.606-0500] {logging_mixin.py:188} INFO - [2025-12-12T08:21:47.605-0500] {dagbag.py:545} INFO - Filling up the DagBag from /Users/evankrupa/airflow_project/env/lib/python3.11/site-packages/airflow/example_dags/example_task_group.py
[2025-12-12T08:21:47.608-0500] {processor.py:840} INFO - DAG(s) 'example_task_group' retrieved from /Users/evankrupa/airflow_project/env/lib/python3.11/site-packages/airflow/example_dags/example_task_group.py
[2025-12-12T08:21:47.638-0500] {logging_mixin.py:188} INFO - [2025-12-12T08:21:47.638-0500] {dag.py:3096} INFO - Sync 1 DAGs
[2025-12-12T08:21:47.643-0500] {logging_mixin.py:188} INFO - [2025-12-12T08:21:47.643-0500] {dag.py:3954} INFO - Setting next_dagrun for example_task_group to 2025-12-11 00:00:00+00:00, run_after=2025-12-12 00:00:00+00:00
[2025-12-12T08:21:47.649-0500] {processor.py:183} INFO - Processing /Users/evankrupa/airflow_project/env/lib/python3.11/site-packages/airflow/example_dags/example_task_group.py took 0.045 seconds
[2025-12-12T08:23:14.076-0500] {processor.py:161} INFO - Started process (PID=64405) to work on /Users/evankrupa/airflow_project/env/lib/python3.11/site-packages/airflow/example_dags/example_task_group.py
[2025-12-12T08:23:14.076-0500] {processor.py:830} INFO - Processing file /Users/evankrupa/airflow_project/env/lib/python3.11/site-packages/airflow/example_dags/example_task_group.py for tasks to queue
[2025-12-12T08:23:14.077-0500] {logging_mixin.py:188} INFO - [2025-12-12T08:23:14.077-0500] {dagbag.py:545} INFO - Filling up the DagBag from /Users/evankrupa/airflow_project/env/lib/python3.11/site-packages/airflow/example_dags/example_task_group.py
[2025-12-12T08:23:14.079-0500] {processor.py:840} INFO - DAG(s) 'example_task_group' retrieved from /Users/evankrupa/airflow_project/env/lib/python3.11/site-packages/airflow/example_dags/example_task_group.py
[2025-12-12T08:23:14.108-0500] {logging_mixin.py:188} INFO - [2025-12-12T08:23:14.108-0500] {dag.py:3096} INFO - Sync 1 DAGs
[2025-12-12T08:23:14.112-0500] {logging_mixin.py:188} INFO - [2025-12-12T08:23:14.112-0500] {dag.py:3954} INFO - Setting next_dagrun for example_task_group to 2025-12-11 00:00:00+00:00, run_after=2025-12-12 00:00:00+00:00
[2025-12-12T08:23:14.118-0500] {processor.py:183} INFO - Processing /Users/evankrupa/airflow_project/env/lib/python3.11/site-packages/airflow/example_dags/example_task_group.py took 0.043 seconds
[2025-12-12T08:24:34.663-0500] {processor.py:161} INFO - Started process (PID=64479) to work on /Users/evankrupa/airflow_project/env/lib/python3.11/site-packages/airflow/example_dags/example_task_group.py
[2025-12-12T08:24:34.663-0500] {processor.py:830} INFO - Processing file /Users/evankrupa/airflow_project/env/lib/python3.11/site-packages/airflow/example_dags/example_task_group.py for tasks to queue
[2025-12-12T08:24:34.663-0500] {logging_mixin.py:188} INFO - [2025-12-12T08:24:34.663-0500] {dagbag.py:545} INFO - Filling up the DagBag from /Users/evankrupa/airflow_project/env/lib/python3.11/site-packages/airflow/example_dags/example_task_group.py
[2025-12-12T08:24:34.666-0500] {processor.py:840} INFO - DAG(s) 'example_task_group' retrieved from /Users/evankrupa/airflow_project/env/lib/python3.11/site-packages/airflow/example_dags/example_task_group.py
[2025-12-12T08:24:34.695-0500] {logging_mixin.py:188} INFO - [2025-12-12T08:24:34.694-0500] {dag.py:3096} INFO - Sync 1 DAGs
[2025-12-12T08:24:34.699-0500] {logging_mixin.py:188} INFO - [2025-12-12T08:24:34.699-0500] {dag.py:3954} INFO - Setting next_dagrun for example_task_group to 2025-12-11 00:00:00+00:00, run_after=2025-12-12 00:00:00+00:00
[2025-12-12T08:24:34.705-0500] {processor.py:183} INFO - Processing /Users/evankrupa/airflow_project/env/lib/python3.11/site-packages/airflow/example_dags/example_task_group.py took 0.043 seconds
[2025-12-12T08:26:00.607-0500] {processor.py:161} INFO - Started process (PID=64548) to work on /Users/evankrupa/airflow_project/env/lib/python3.11/site-packages/airflow/example_dags/example_task_group.py
[2025-12-12T08:26:00.608-0500] {processor.py:830} INFO - Processing file /Users/evankrupa/airflow_project/env/lib/python3.11/site-packages/airflow/example_dags/example_task_group.py for tasks to queue
[2025-12-12T08:26:00.608-0500] {logging_mixin.py:188} INFO - [2025-12-12T08:26:00.608-0500] {dagbag.py:545} INFO - Filling up the DagBag from /Users/evankrupa/airflow_project/env/lib/python3.11/site-packages/airflow/example_dags/example_task_group.py
[2025-12-12T08:26:00.611-0500] {processor.py:840} INFO - DAG(s) 'example_task_group' retrieved from /Users/evankrupa/airflow_project/env/lib/python3.11/site-packages/airflow/example_dags/example_task_group.py
[2025-12-12T08:26:00.639-0500] {logging_mixin.py:188} INFO - [2025-12-12T08:26:00.639-0500] {dag.py:3096} INFO - Sync 1 DAGs
[2025-12-12T08:26:00.644-0500] {logging_mixin.py:188} INFO - [2025-12-12T08:26:00.644-0500] {dag.py:3954} INFO - Setting next_dagrun for example_task_group to 2025-12-11 00:00:00+00:00, run_after=2025-12-12 00:00:00+00:00
[2025-12-12T08:26:00.650-0500] {processor.py:183} INFO - Processing /Users/evankrupa/airflow_project/env/lib/python3.11/site-packages/airflow/example_dags/example_task_group.py took 0.044 seconds
[2025-12-12T08:27:26.025-0500] {processor.py:161} INFO - Started process (PID=64632) to work on /Users/evankrupa/airflow_project/env/lib/python3.11/site-packages/airflow/example_dags/example_task_group.py
[2025-12-12T08:27:26.026-0500] {processor.py:830} INFO - Processing file /Users/evankrupa/airflow_project/env/lib/python3.11/site-packages/airflow/example_dags/example_task_group.py for tasks to queue
[2025-12-12T08:27:26.026-0500] {logging_mixin.py:188} INFO - [2025-12-12T08:27:26.026-0500] {dagbag.py:545} INFO - Filling up the DagBag from /Users/evankrupa/airflow_project/env/lib/python3.11/site-packages/airflow/example_dags/example_task_group.py
[2025-12-12T08:27:26.029-0500] {processor.py:840} INFO - DAG(s) 'example_task_group' retrieved from /Users/evankrupa/airflow_project/env/lib/python3.11/site-packages/airflow/example_dags/example_task_group.py
[2025-12-12T08:27:26.057-0500] {logging_mixin.py:188} INFO - [2025-12-12T08:27:26.057-0500] {dag.py:3096} INFO - Sync 1 DAGs
[2025-12-12T08:27:26.062-0500] {logging_mixin.py:188} INFO - [2025-12-12T08:27:26.062-0500] {dag.py:3954} INFO - Setting next_dagrun for example_task_group to 2025-12-11 00:00:00+00:00, run_after=2025-12-12 00:00:00+00:00
[2025-12-12T08:27:26.068-0500] {processor.py:183} INFO - Processing /Users/evankrupa/airflow_project/env/lib/python3.11/site-packages/airflow/example_dags/example_task_group.py took 0.044 seconds
[2025-12-12T08:28:50.918-0500] {processor.py:161} INFO - Started process (PID=64724) to work on /Users/evankrupa/airflow_project/env/lib/python3.11/site-packages/airflow/example_dags/example_task_group.py
[2025-12-12T08:28:50.919-0500] {processor.py:830} INFO - Processing file /Users/evankrupa/airflow_project/env/lib/python3.11/site-packages/airflow/example_dags/example_task_group.py for tasks to queue
[2025-12-12T08:28:50.920-0500] {logging_mixin.py:188} INFO - [2025-12-12T08:28:50.920-0500] {dagbag.py:545} INFO - Filling up the DagBag from /Users/evankrupa/airflow_project/env/lib/python3.11/site-packages/airflow/example_dags/example_task_group.py
[2025-12-12T08:28:50.922-0500] {processor.py:840} INFO - DAG(s) 'example_task_group' retrieved from /Users/evankrupa/airflow_project/env/lib/python3.11/site-packages/airflow/example_dags/example_task_group.py
[2025-12-12T08:28:50.950-0500] {logging_mixin.py:188} INFO - [2025-12-12T08:28:50.950-0500] {dag.py:3096} INFO - Sync 1 DAGs
[2025-12-12T08:28:50.955-0500] {logging_mixin.py:188} INFO - [2025-12-12T08:28:50.955-0500] {dag.py:3954} INFO - Setting next_dagrun for example_task_group to 2025-12-11 00:00:00+00:00, run_after=2025-12-12 00:00:00+00:00
[2025-12-12T08:28:50.960-0500] {processor.py:183} INFO - Processing /Users/evankrupa/airflow_project/env/lib/python3.11/site-packages/airflow/example_dags/example_task_group.py took 0.043 seconds
[2025-12-12T08:30:11.886-0500] {processor.py:161} INFO - Started process (PID=64807) to work on /Users/evankrupa/airflow_project/env/lib/python3.11/site-packages/airflow/example_dags/example_task_group.py
[2025-12-12T08:30:11.887-0500] {processor.py:830} INFO - Processing file /Users/evankrupa/airflow_project/env/lib/python3.11/site-packages/airflow/example_dags/example_task_group.py for tasks to queue
[2025-12-12T08:30:11.887-0500] {logging_mixin.py:188} INFO - [2025-12-12T08:30:11.887-0500] {dagbag.py:545} INFO - Filling up the DagBag from /Users/evankrupa/airflow_project/env/lib/python3.11/site-packages/airflow/example_dags/example_task_group.py
[2025-12-12T08:30:11.890-0500] {processor.py:840} INFO - DAG(s) 'example_task_group' retrieved from /Users/evankrupa/airflow_project/env/lib/python3.11/site-packages/airflow/example_dags/example_task_group.py
[2025-12-12T08:30:11.918-0500] {logging_mixin.py:188} INFO - [2025-12-12T08:30:11.918-0500] {dag.py:3096} INFO - Sync 1 DAGs
[2025-12-12T08:30:11.924-0500] {logging_mixin.py:188} INFO - [2025-12-12T08:30:11.924-0500] {dag.py:3954} INFO - Setting next_dagrun for example_task_group to 2025-12-11 00:00:00+00:00, run_after=2025-12-12 00:00:00+00:00
[2025-12-12T08:30:11.930-0500] {processor.py:183} INFO - Processing /Users/evankrupa/airflow_project/env/lib/python3.11/site-packages/airflow/example_dags/example_task_group.py took 0.044 seconds
[2025-12-12T08:31:33.842-0500] {processor.py:161} INFO - Started process (PID=64885) to work on /Users/evankrupa/airflow_project/env/lib/python3.11/site-packages/airflow/example_dags/example_task_group.py
[2025-12-12T08:31:33.843-0500] {processor.py:830} INFO - Processing file /Users/evankrupa/airflow_project/env/lib/python3.11/site-packages/airflow/example_dags/example_task_group.py for tasks to queue
[2025-12-12T08:31:33.843-0500] {logging_mixin.py:188} INFO - [2025-12-12T08:31:33.843-0500] {dagbag.py:545} INFO - Filling up the DagBag from /Users/evankrupa/airflow_project/env/lib/python3.11/site-packages/airflow/example_dags/example_task_group.py
[2025-12-12T08:31:33.846-0500] {processor.py:840} INFO - DAG(s) 'example_task_group' retrieved from /Users/evankrupa/airflow_project/env/lib/python3.11/site-packages/airflow/example_dags/example_task_group.py
[2025-12-12T08:31:33.873-0500] {logging_mixin.py:188} INFO - [2025-12-12T08:31:33.873-0500] {dag.py:3096} INFO - Sync 1 DAGs
[2025-12-12T08:31:33.878-0500] {logging_mixin.py:188} INFO - [2025-12-12T08:31:33.878-0500] {dag.py:3954} INFO - Setting next_dagrun for example_task_group to 2025-12-11 00:00:00+00:00, run_after=2025-12-12 00:00:00+00:00
[2025-12-12T08:31:33.883-0500] {processor.py:183} INFO - Processing /Users/evankrupa/airflow_project/env/lib/python3.11/site-packages/airflow/example_dags/example_task_group.py took 0.043 seconds
[2025-12-12T08:32:58.211-0500] {processor.py:161} INFO - Started process (PID=64982) to work on /Users/evankrupa/airflow_project/env/lib/python3.11/site-packages/airflow/example_dags/example_task_group.py
[2025-12-12T08:32:58.212-0500] {processor.py:830} INFO - Processing file /Users/evankrupa/airflow_project/env/lib/python3.11/site-packages/airflow/example_dags/example_task_group.py for tasks to queue
[2025-12-12T08:32:58.212-0500] {logging_mixin.py:188} INFO - [2025-12-12T08:32:58.212-0500] {dagbag.py:545} INFO - Filling up the DagBag from /Users/evankrupa/airflow_project/env/lib/python3.11/site-packages/airflow/example_dags/example_task_group.py
[2025-12-12T08:32:58.215-0500] {processor.py:840} INFO - DAG(s) 'example_task_group' retrieved from /Users/evankrupa/airflow_project/env/lib/python3.11/site-packages/airflow/example_dags/example_task_group.py
[2025-12-12T08:32:58.243-0500] {logging_mixin.py:188} INFO - [2025-12-12T08:32:58.243-0500] {dag.py:3096} INFO - Sync 1 DAGs
[2025-12-12T08:32:58.248-0500] {logging_mixin.py:188} INFO - [2025-12-12T08:32:58.248-0500] {dag.py:3954} INFO - Setting next_dagrun for example_task_group to 2025-12-11 00:00:00+00:00, run_after=2025-12-12 00:00:00+00:00
[2025-12-12T08:32:58.253-0500] {processor.py:183} INFO - Processing /Users/evankrupa/airflow_project/env/lib/python3.11/site-packages/airflow/example_dags/example_task_group.py took 0.043 seconds
[2025-12-12T08:34:24.678-0500] {processor.py:161} INFO - Started process (PID=65069) to work on /Users/evankrupa/airflow_project/env/lib/python3.11/site-packages/airflow/example_dags/example_task_group.py
[2025-12-12T08:34:24.679-0500] {processor.py:830} INFO - Processing file /Users/evankrupa/airflow_project/env/lib/python3.11/site-packages/airflow/example_dags/example_task_group.py for tasks to queue
[2025-12-12T08:34:24.679-0500] {logging_mixin.py:188} INFO - [2025-12-12T08:34:24.679-0500] {dagbag.py:545} INFO - Filling up the DagBag from /Users/evankrupa/airflow_project/env/lib/python3.11/site-packages/airflow/example_dags/example_task_group.py
[2025-12-12T08:34:24.682-0500] {processor.py:840} INFO - DAG(s) 'example_task_group' retrieved from /Users/evankrupa/airflow_project/env/lib/python3.11/site-packages/airflow/example_dags/example_task_group.py
[2025-12-12T08:34:24.710-0500] {logging_mixin.py:188} INFO - [2025-12-12T08:34:24.710-0500] {dag.py:3096} INFO - Sync 1 DAGs
[2025-12-12T08:34:24.714-0500] {logging_mixin.py:188} INFO - [2025-12-12T08:34:24.714-0500] {dag.py:3954} INFO - Setting next_dagrun for example_task_group to 2025-12-11 00:00:00+00:00, run_after=2025-12-12 00:00:00+00:00
[2025-12-12T08:34:24.720-0500] {processor.py:183} INFO - Processing /Users/evankrupa/airflow_project/env/lib/python3.11/site-packages/airflow/example_dags/example_task_group.py took 0.043 seconds
[2025-12-12T08:35:49.974-0500] {processor.py:161} INFO - Started process (PID=65168) to work on /Users/evankrupa/airflow_project/env/lib/python3.11/site-packages/airflow/example_dags/example_task_group.py
[2025-12-12T08:35:49.974-0500] {processor.py:830} INFO - Processing file /Users/evankrupa/airflow_project/env/lib/python3.11/site-packages/airflow/example_dags/example_task_group.py for tasks to queue
[2025-12-12T08:35:49.975-0500] {logging_mixin.py:188} INFO - [2025-12-12T08:35:49.975-0500] {dagbag.py:545} INFO - Filling up the DagBag from /Users/evankrupa/airflow_project/env/lib/python3.11/site-packages/airflow/example_dags/example_task_group.py
[2025-12-12T08:35:49.977-0500] {processor.py:840} INFO - DAG(s) 'example_task_group' retrieved from /Users/evankrupa/airflow_project/env/lib/python3.11/site-packages/airflow/example_dags/example_task_group.py
[2025-12-12T08:35:50.006-0500] {logging_mixin.py:188} INFO - [2025-12-12T08:35:50.006-0500] {dag.py:3096} INFO - Sync 1 DAGs
[2025-12-12T08:35:50.010-0500] {logging_mixin.py:188} INFO - [2025-12-12T08:35:50.010-0500] {dag.py:3954} INFO - Setting next_dagrun for example_task_group to 2025-12-11 00:00:00+00:00, run_after=2025-12-12 00:00:00+00:00
[2025-12-12T08:35:50.016-0500] {processor.py:183} INFO - Processing /Users/evankrupa/airflow_project/env/lib/python3.11/site-packages/airflow/example_dags/example_task_group.py took 0.043 seconds
[2025-12-12T08:37:12.998-0500] {processor.py:161} INFO - Started process (PID=65243) to work on /Users/evankrupa/airflow_project/env/lib/python3.11/site-packages/airflow/example_dags/example_task_group.py
[2025-12-12T08:37:12.998-0500] {processor.py:830} INFO - Processing file /Users/evankrupa/airflow_project/env/lib/python3.11/site-packages/airflow/example_dags/example_task_group.py for tasks to queue
[2025-12-12T08:37:12.998-0500] {logging_mixin.py:188} INFO - [2025-12-12T08:37:12.998-0500] {dagbag.py:545} INFO - Filling up the DagBag from /Users/evankrupa/airflow_project/env/lib/python3.11/site-packages/airflow/example_dags/example_task_group.py
[2025-12-12T08:37:13.001-0500] {processor.py:840} INFO - DAG(s) 'example_task_group' retrieved from /Users/evankrupa/airflow_project/env/lib/python3.11/site-packages/airflow/example_dags/example_task_group.py
[2025-12-12T08:37:13.030-0500] {logging_mixin.py:188} INFO - [2025-12-12T08:37:13.030-0500] {dag.py:3096} INFO - Sync 1 DAGs
[2025-12-12T08:37:13.035-0500] {logging_mixin.py:188} INFO - [2025-12-12T08:37:13.035-0500] {dag.py:3954} INFO - Setting next_dagrun for example_task_group to 2025-12-11 00:00:00+00:00, run_after=2025-12-12 00:00:00+00:00
[2025-12-12T08:37:13.040-0500] {processor.py:183} INFO - Processing /Users/evankrupa/airflow_project/env/lib/python3.11/site-packages/airflow/example_dags/example_task_group.py took 0.044 seconds
[2025-12-12T08:38:37.595-0500] {processor.py:161} INFO - Started process (PID=65312) to work on /Users/evankrupa/airflow_project/env/lib/python3.11/site-packages/airflow/example_dags/example_task_group.py
[2025-12-12T08:38:37.596-0500] {processor.py:830} INFO - Processing file /Users/evankrupa/airflow_project/env/lib/python3.11/site-packages/airflow/example_dags/example_task_group.py for tasks to queue
[2025-12-12T08:38:37.597-0500] {logging_mixin.py:188} INFO - [2025-12-12T08:38:37.597-0500] {dagbag.py:545} INFO - Filling up the DagBag from /Users/evankrupa/airflow_project/env/lib/python3.11/site-packages/airflow/example_dags/example_task_group.py
[2025-12-12T08:38:37.599-0500] {processor.py:840} INFO - DAG(s) 'example_task_group' retrieved from /Users/evankrupa/airflow_project/env/lib/python3.11/site-packages/airflow/example_dags/example_task_group.py
[2025-12-12T08:38:37.627-0500] {logging_mixin.py:188} INFO - [2025-12-12T08:38:37.627-0500] {dag.py:3096} INFO - Sync 1 DAGs
[2025-12-12T08:38:37.631-0500] {logging_mixin.py:188} INFO - [2025-12-12T08:38:37.631-0500] {dag.py:3954} INFO - Setting next_dagrun for example_task_group to 2025-12-11 00:00:00+00:00, run_after=2025-12-12 00:00:00+00:00
[2025-12-12T08:38:37.637-0500] {processor.py:183} INFO - Processing /Users/evankrupa/airflow_project/env/lib/python3.11/site-packages/airflow/example_dags/example_task_group.py took 0.042 seconds
[2025-12-12T08:40:00.631-0500] {processor.py:161} INFO - Started process (PID=65389) to work on /Users/evankrupa/airflow_project/env/lib/python3.11/site-packages/airflow/example_dags/example_task_group.py
[2025-12-12T08:40:00.632-0500] {processor.py:830} INFO - Processing file /Users/evankrupa/airflow_project/env/lib/python3.11/site-packages/airflow/example_dags/example_task_group.py for tasks to queue
[2025-12-12T08:40:00.633-0500] {logging_mixin.py:188} INFO - [2025-12-12T08:40:00.632-0500] {dagbag.py:545} INFO - Filling up the DagBag from /Users/evankrupa/airflow_project/env/lib/python3.11/site-packages/airflow/example_dags/example_task_group.py
[2025-12-12T08:40:00.635-0500] {processor.py:840} INFO - DAG(s) 'example_task_group' retrieved from /Users/evankrupa/airflow_project/env/lib/python3.11/site-packages/airflow/example_dags/example_task_group.py
[2025-12-12T08:40:00.664-0500] {logging_mixin.py:188} INFO - [2025-12-12T08:40:00.664-0500] {dag.py:3096} INFO - Sync 1 DAGs
[2025-12-12T08:40:00.669-0500] {logging_mixin.py:188} INFO - [2025-12-12T08:40:00.669-0500] {dag.py:3954} INFO - Setting next_dagrun for example_task_group to 2025-12-11 00:00:00+00:00, run_after=2025-12-12 00:00:00+00:00
[2025-12-12T08:40:00.675-0500] {processor.py:183} INFO - Processing /Users/evankrupa/airflow_project/env/lib/python3.11/site-packages/airflow/example_dags/example_task_group.py took 0.044 seconds
[2025-12-12T08:41:26.806-0500] {processor.py:161} INFO - Started process (PID=65475) to work on /Users/evankrupa/airflow_project/env/lib/python3.11/site-packages/airflow/example_dags/example_task_group.py
[2025-12-12T08:41:26.807-0500] {processor.py:830} INFO - Processing file /Users/evankrupa/airflow_project/env/lib/python3.11/site-packages/airflow/example_dags/example_task_group.py for tasks to queue
[2025-12-12T08:41:26.807-0500] {logging_mixin.py:188} INFO - [2025-12-12T08:41:26.807-0500] {dagbag.py:545} INFO - Filling up the DagBag from /Users/evankrupa/airflow_project/env/lib/python3.11/site-packages/airflow/example_dags/example_task_group.py
[2025-12-12T08:41:26.810-0500] {processor.py:840} INFO - DAG(s) 'example_task_group' retrieved from /Users/evankrupa/airflow_project/env/lib/python3.11/site-packages/airflow/example_dags/example_task_group.py
[2025-12-12T08:41:26.837-0500] {logging_mixin.py:188} INFO - [2025-12-12T08:41:26.837-0500] {dag.py:3096} INFO - Sync 1 DAGs
[2025-12-12T08:41:26.842-0500] {logging_mixin.py:188} INFO - [2025-12-12T08:41:26.842-0500] {dag.py:3954} INFO - Setting next_dagrun for example_task_group to 2025-12-11 00:00:00+00:00, run_after=2025-12-12 00:00:00+00:00
[2025-12-12T08:41:26.847-0500] {processor.py:183} INFO - Processing /Users/evankrupa/airflow_project/env/lib/python3.11/site-packages/airflow/example_dags/example_task_group.py took 0.042 seconds
[2025-12-12T08:42:47.670-0500] {processor.py:161} INFO - Started process (PID=65547) to work on /Users/evankrupa/airflow_project/env/lib/python3.11/site-packages/airflow/example_dags/example_task_group.py
[2025-12-12T08:42:47.670-0500] {processor.py:830} INFO - Processing file /Users/evankrupa/airflow_project/env/lib/python3.11/site-packages/airflow/example_dags/example_task_group.py for tasks to queue
[2025-12-12T08:42:47.670-0500] {logging_mixin.py:188} INFO - [2025-12-12T08:42:47.670-0500] {dagbag.py:545} INFO - Filling up the DagBag from /Users/evankrupa/airflow_project/env/lib/python3.11/site-packages/airflow/example_dags/example_task_group.py
[2025-12-12T08:42:47.673-0500] {processor.py:840} INFO - DAG(s) 'example_task_group' retrieved from /Users/evankrupa/airflow_project/env/lib/python3.11/site-packages/airflow/example_dags/example_task_group.py
[2025-12-12T08:42:47.701-0500] {logging_mixin.py:188} INFO - [2025-12-12T08:42:47.701-0500] {dag.py:3096} INFO - Sync 1 DAGs
[2025-12-12T08:42:47.705-0500] {logging_mixin.py:188} INFO - [2025-12-12T08:42:47.705-0500] {dag.py:3954} INFO - Setting next_dagrun for example_task_group to 2025-12-11 00:00:00+00:00, run_after=2025-12-12 00:00:00+00:00
[2025-12-12T08:42:47.711-0500] {processor.py:183} INFO - Processing /Users/evankrupa/airflow_project/env/lib/python3.11/site-packages/airflow/example_dags/example_task_group.py took 0.042 seconds
[2025-12-12T08:44:11.479-0500] {processor.py:161} INFO - Started process (PID=65626) to work on /Users/evankrupa/airflow_project/env/lib/python3.11/site-packages/airflow/example_dags/example_task_group.py
[2025-12-12T08:44:11.480-0500] {processor.py:830} INFO - Processing file /Users/evankrupa/airflow_project/env/lib/python3.11/site-packages/airflow/example_dags/example_task_group.py for tasks to queue
[2025-12-12T08:44:11.480-0500] {logging_mixin.py:188} INFO - [2025-12-12T08:44:11.480-0500] {dagbag.py:545} INFO - Filling up the DagBag from /Users/evankrupa/airflow_project/env/lib/python3.11/site-packages/airflow/example_dags/example_task_group.py
[2025-12-12T08:44:11.483-0500] {processor.py:840} INFO - DAG(s) 'example_task_group' retrieved from /Users/evankrupa/airflow_project/env/lib/python3.11/site-packages/airflow/example_dags/example_task_group.py
[2025-12-12T08:44:11.510-0500] {logging_mixin.py:188} INFO - [2025-12-12T08:44:11.510-0500] {dag.py:3096} INFO - Sync 1 DAGs
[2025-12-12T08:44:11.515-0500] {logging_mixin.py:188} INFO - [2025-12-12T08:44:11.515-0500] {dag.py:3954} INFO - Setting next_dagrun for example_task_group to 2025-12-11 00:00:00+00:00, run_after=2025-12-12 00:00:00+00:00
[2025-12-12T08:44:11.520-0500] {processor.py:183} INFO - Processing /Users/evankrupa/airflow_project/env/lib/python3.11/site-packages/airflow/example_dags/example_task_group.py took 0.043 seconds
[2025-12-12T08:45:36.177-0500] {processor.py:161} INFO - Started process (PID=65706) to work on /Users/evankrupa/airflow_project/env/lib/python3.11/site-packages/airflow/example_dags/example_task_group.py
[2025-12-12T08:45:36.178-0500] {processor.py:830} INFO - Processing file /Users/evankrupa/airflow_project/env/lib/python3.11/site-packages/airflow/example_dags/example_task_group.py for tasks to queue
[2025-12-12T08:45:36.178-0500] {logging_mixin.py:188} INFO - [2025-12-12T08:45:36.178-0500] {dagbag.py:545} INFO - Filling up the DagBag from /Users/evankrupa/airflow_project/env/lib/python3.11/site-packages/airflow/example_dags/example_task_group.py
[2025-12-12T08:45:36.181-0500] {processor.py:840} INFO - DAG(s) 'example_task_group' retrieved from /Users/evankrupa/airflow_project/env/lib/python3.11/site-packages/airflow/example_dags/example_task_group.py
[2025-12-12T08:45:36.209-0500] {logging_mixin.py:188} INFO - [2025-12-12T08:45:36.209-0500] {dag.py:3096} INFO - Sync 1 DAGs
[2025-12-12T08:45:36.214-0500] {logging_mixin.py:188} INFO - [2025-12-12T08:45:36.214-0500] {dag.py:3954} INFO - Setting next_dagrun for example_task_group to 2025-12-11 00:00:00+00:00, run_after=2025-12-12 00:00:00+00:00
[2025-12-12T08:45:36.219-0500] {processor.py:183} INFO - Processing /Users/evankrupa/airflow_project/env/lib/python3.11/site-packages/airflow/example_dags/example_task_group.py took 0.043 seconds
