[2025-12-12T07:25:43.816-0500] {processor.py:161} INFO - Started process (PID=56866) to work on /Users/evankrupa/airflow_project/env/lib/python3.11/site-packages/airflow/example_dags/example_params_ui_tutorial.py
[2025-12-12T07:25:43.817-0500] {processor.py:830} INFO - Processing file /Users/evankrupa/airflow_project/env/lib/python3.11/site-packages/airflow/example_dags/example_params_ui_tutorial.py for tasks to queue
[2025-12-12T07:25:43.817-0500] {logging_mixin.py:188} INFO - [2025-12-12T07:25:43.817-0500] {dagbag.py:545} INFO - Filling up the DagBag from /Users/evankrupa/airflow_project/env/lib/python3.11/site-packages/airflow/example_dags/example_params_ui_tutorial.py
[2025-12-12T07:25:43.831-0500] {processor.py:840} INFO - DAG(s) 'example_params_ui_tutorial' retrieved from /Users/evankrupa/airflow_project/env/lib/python3.11/site-packages/airflow/example_dags/example_params_ui_tutorial.py
[2025-12-12T07:25:43.889-0500] {logging_mixin.py:188} INFO - [2025-12-12T07:25:43.889-0500] {override.py:1829} INFO - Created Permission View: can edit on DAG:example_params_ui_tutorial
[2025-12-12T07:25:43.891-0500] {logging_mixin.py:188} INFO - [2025-12-12T07:25:43.891-0500] {override.py:1829} INFO - Created Permission View: can delete on DAG:example_params_ui_tutorial
[2025-12-12T07:25:43.893-0500] {logging_mixin.py:188} INFO - [2025-12-12T07:25:43.893-0500] {override.py:1829} INFO - Created Permission View: can read on DAG:example_params_ui_tutorial
[2025-12-12T07:25:43.893-0500] {logging_mixin.py:188} INFO - [2025-12-12T07:25:43.893-0500] {dag.py:3096} INFO - Sync 1 DAGs
[2025-12-12T07:25:43.918-0500] {logging_mixin.py:188} INFO - [2025-12-12T07:25:43.918-0500] {dag.py:3118} INFO - Creating ORM DAG for example_params_ui_tutorial
[2025-12-12T07:25:43.918-0500] {logging_mixin.py:188} INFO - [2025-12-12T07:25:43.918-0500] {dag.py:3954} INFO - Setting next_dagrun for example_params_ui_tutorial to None, run_after=None
[2025-12-12T07:25:43.923-0500] {processor.py:183} INFO - Processing /Users/evankrupa/airflow_project/env/lib/python3.11/site-packages/airflow/example_dags/example_params_ui_tutorial.py took 0.108 seconds
[2025-12-12T07:26:56.797-0500] {processor.py:161} INFO - Started process (PID=56932) to work on /Users/evankrupa/airflow_project/env/lib/python3.11/site-packages/airflow/example_dags/example_params_ui_tutorial.py
[2025-12-12T07:26:56.797-0500] {processor.py:830} INFO - Processing file /Users/evankrupa/airflow_project/env/lib/python3.11/site-packages/airflow/example_dags/example_params_ui_tutorial.py for tasks to queue
[2025-12-12T07:26:56.797-0500] {logging_mixin.py:188} INFO - [2025-12-12T07:26:56.797-0500] {dagbag.py:545} INFO - Filling up the DagBag from /Users/evankrupa/airflow_project/env/lib/python3.11/site-packages/airflow/example_dags/example_params_ui_tutorial.py
[2025-12-12T07:26:56.811-0500] {processor.py:840} INFO - DAG(s) 'example_params_ui_tutorial' retrieved from /Users/evankrupa/airflow_project/env/lib/python3.11/site-packages/airflow/example_dags/example_params_ui_tutorial.py
[2025-12-12T07:26:56.846-0500] {logging_mixin.py:188} INFO - [2025-12-12T07:26:56.846-0500] {dag.py:3096} INFO - Sync 1 DAGs
[2025-12-12T07:26:56.849-0500] {logging_mixin.py:188} INFO - [2025-12-12T07:26:56.848-0500] {dag.py:3954} INFO - Setting next_dagrun for example_params_ui_tutorial to None, run_after=None
[2025-12-12T07:26:56.855-0500] {processor.py:183} INFO - Processing /Users/evankrupa/airflow_project/env/lib/python3.11/site-packages/airflow/example_dags/example_params_ui_tutorial.py took 0.059 seconds
[2025-12-12T07:28:21.872-0500] {processor.py:161} INFO - Started process (PID=57737) to work on /Users/evankrupa/airflow_project/env/lib/python3.11/site-packages/airflow/example_dags/example_params_ui_tutorial.py
[2025-12-12T07:28:21.873-0500] {processor.py:830} INFO - Processing file /Users/evankrupa/airflow_project/env/lib/python3.11/site-packages/airflow/example_dags/example_params_ui_tutorial.py for tasks to queue
[2025-12-12T07:28:21.873-0500] {logging_mixin.py:188} INFO - [2025-12-12T07:28:21.873-0500] {dagbag.py:545} INFO - Filling up the DagBag from /Users/evankrupa/airflow_project/env/lib/python3.11/site-packages/airflow/example_dags/example_params_ui_tutorial.py
[2025-12-12T07:28:21.887-0500] {processor.py:840} INFO - DAG(s) 'example_params_ui_tutorial' retrieved from /Users/evankrupa/airflow_project/env/lib/python3.11/site-packages/airflow/example_dags/example_params_ui_tutorial.py
[2025-12-12T07:28:21.921-0500] {logging_mixin.py:188} INFO - [2025-12-12T07:28:21.921-0500] {dag.py:3096} INFO - Sync 1 DAGs
[2025-12-12T07:28:21.923-0500] {logging_mixin.py:188} INFO - [2025-12-12T07:28:21.923-0500] {dag.py:3954} INFO - Setting next_dagrun for example_params_ui_tutorial to None, run_after=None
[2025-12-12T07:28:21.929-0500] {processor.py:183} INFO - Processing /Users/evankrupa/airflow_project/env/lib/python3.11/site-packages/airflow/example_dags/example_params_ui_tutorial.py took 0.057 seconds
[2025-12-12T07:29:47.269-0500] {processor.py:161} INFO - Started process (PID=57959) to work on /Users/evankrupa/airflow_project/env/lib/python3.11/site-packages/airflow/example_dags/example_params_ui_tutorial.py
[2025-12-12T07:29:47.270-0500] {processor.py:830} INFO - Processing file /Users/evankrupa/airflow_project/env/lib/python3.11/site-packages/airflow/example_dags/example_params_ui_tutorial.py for tasks to queue
[2025-12-12T07:29:47.271-0500] {logging_mixin.py:188} INFO - [2025-12-12T07:29:47.271-0500] {dagbag.py:545} INFO - Filling up the DagBag from /Users/evankrupa/airflow_project/env/lib/python3.11/site-packages/airflow/example_dags/example_params_ui_tutorial.py
[2025-12-12T07:29:47.284-0500] {processor.py:840} INFO - DAG(s) 'example_params_ui_tutorial' retrieved from /Users/evankrupa/airflow_project/env/lib/python3.11/site-packages/airflow/example_dags/example_params_ui_tutorial.py
[2025-12-12T07:29:47.319-0500] {logging_mixin.py:188} INFO - [2025-12-12T07:29:47.319-0500] {dag.py:3096} INFO - Sync 1 DAGs
[2025-12-12T07:29:47.322-0500] {logging_mixin.py:188} INFO - [2025-12-12T07:29:47.322-0500] {dag.py:3954} INFO - Setting next_dagrun for example_params_ui_tutorial to None, run_after=None
[2025-12-12T07:29:47.327-0500] {processor.py:183} INFO - Processing /Users/evankrupa/airflow_project/env/lib/python3.11/site-packages/airflow/example_dags/example_params_ui_tutorial.py took 0.059 seconds
[2025-12-12T07:31:11.820-0500] {processor.py:161} INFO - Started process (PID=58113) to work on /Users/evankrupa/airflow_project/env/lib/python3.11/site-packages/airflow/example_dags/example_params_ui_tutorial.py
[2025-12-12T07:31:11.821-0500] {processor.py:830} INFO - Processing file /Users/evankrupa/airflow_project/env/lib/python3.11/site-packages/airflow/example_dags/example_params_ui_tutorial.py for tasks to queue
[2025-12-12T07:31:11.822-0500] {logging_mixin.py:188} INFO - [2025-12-12T07:31:11.821-0500] {dagbag.py:545} INFO - Filling up the DagBag from /Users/evankrupa/airflow_project/env/lib/python3.11/site-packages/airflow/example_dags/example_params_ui_tutorial.py
[2025-12-12T07:31:11.835-0500] {processor.py:840} INFO - DAG(s) 'example_params_ui_tutorial' retrieved from /Users/evankrupa/airflow_project/env/lib/python3.11/site-packages/airflow/example_dags/example_params_ui_tutorial.py
[2025-12-12T07:31:11.869-0500] {logging_mixin.py:188} INFO - [2025-12-12T07:31:11.869-0500] {dag.py:3096} INFO - Sync 1 DAGs
[2025-12-12T07:31:11.872-0500] {logging_mixin.py:188} INFO - [2025-12-12T07:31:11.872-0500] {dag.py:3954} INFO - Setting next_dagrun for example_params_ui_tutorial to None, run_after=None
[2025-12-12T07:31:11.877-0500] {processor.py:183} INFO - Processing /Users/evankrupa/airflow_project/env/lib/python3.11/site-packages/airflow/example_dags/example_params_ui_tutorial.py took 0.057 seconds
[2025-12-12T07:32:39.714-0500] {processor.py:161} INFO - Started process (PID=58413) to work on /Users/evankrupa/airflow_project/env/lib/python3.11/site-packages/airflow/example_dags/example_params_ui_tutorial.py
[2025-12-12T07:32:39.714-0500] {processor.py:830} INFO - Processing file /Users/evankrupa/airflow_project/env/lib/python3.11/site-packages/airflow/example_dags/example_params_ui_tutorial.py for tasks to queue
[2025-12-12T07:32:39.715-0500] {logging_mixin.py:188} INFO - [2025-12-12T07:32:39.714-0500] {dagbag.py:545} INFO - Filling up the DagBag from /Users/evankrupa/airflow_project/env/lib/python3.11/site-packages/airflow/example_dags/example_params_ui_tutorial.py
[2025-12-12T07:32:39.728-0500] {processor.py:840} INFO - DAG(s) 'example_params_ui_tutorial' retrieved from /Users/evankrupa/airflow_project/env/lib/python3.11/site-packages/airflow/example_dags/example_params_ui_tutorial.py
[2025-12-12T07:32:39.764-0500] {logging_mixin.py:188} INFO - [2025-12-12T07:32:39.764-0500] {dag.py:3096} INFO - Sync 1 DAGs
[2025-12-12T07:32:39.768-0500] {logging_mixin.py:188} INFO - [2025-12-12T07:32:39.767-0500] {dag.py:3954} INFO - Setting next_dagrun for example_params_ui_tutorial to None, run_after=None
[2025-12-12T07:32:39.773-0500] {processor.py:183} INFO - Processing /Users/evankrupa/airflow_project/env/lib/python3.11/site-packages/airflow/example_dags/example_params_ui_tutorial.py took 0.060 seconds
[2025-12-12T07:34:05.704-0500] {processor.py:161} INFO - Started process (PID=58492) to work on /Users/evankrupa/airflow_project/env/lib/python3.11/site-packages/airflow/example_dags/example_params_ui_tutorial.py
[2025-12-12T07:34:05.705-0500] {processor.py:830} INFO - Processing file /Users/evankrupa/airflow_project/env/lib/python3.11/site-packages/airflow/example_dags/example_params_ui_tutorial.py for tasks to queue
[2025-12-12T07:34:05.705-0500] {logging_mixin.py:188} INFO - [2025-12-12T07:34:05.705-0500] {dagbag.py:545} INFO - Filling up the DagBag from /Users/evankrupa/airflow_project/env/lib/python3.11/site-packages/airflow/example_dags/example_params_ui_tutorial.py
[2025-12-12T07:34:05.718-0500] {processor.py:840} INFO - DAG(s) 'example_params_ui_tutorial' retrieved from /Users/evankrupa/airflow_project/env/lib/python3.11/site-packages/airflow/example_dags/example_params_ui_tutorial.py
[2025-12-12T07:34:05.752-0500] {logging_mixin.py:188} INFO - [2025-12-12T07:34:05.752-0500] {dag.py:3096} INFO - Sync 1 DAGs
[2025-12-12T07:34:05.755-0500] {logging_mixin.py:188} INFO - [2025-12-12T07:34:05.755-0500] {dag.py:3954} INFO - Setting next_dagrun for example_params_ui_tutorial to None, run_after=None
[2025-12-12T07:34:05.760-0500] {processor.py:183} INFO - Processing /Users/evankrupa/airflow_project/env/lib/python3.11/site-packages/airflow/example_dags/example_params_ui_tutorial.py took 0.057 seconds
[2025-12-12T07:35:29.451-0500] {processor.py:161} INFO - Started process (PID=58565) to work on /Users/evankrupa/airflow_project/env/lib/python3.11/site-packages/airflow/example_dags/example_params_ui_tutorial.py
[2025-12-12T07:35:29.452-0500] {processor.py:830} INFO - Processing file /Users/evankrupa/airflow_project/env/lib/python3.11/site-packages/airflow/example_dags/example_params_ui_tutorial.py for tasks to queue
[2025-12-12T07:35:29.452-0500] {logging_mixin.py:188} INFO - [2025-12-12T07:35:29.452-0500] {dagbag.py:545} INFO - Filling up the DagBag from /Users/evankrupa/airflow_project/env/lib/python3.11/site-packages/airflow/example_dags/example_params_ui_tutorial.py
[2025-12-12T07:35:29.465-0500] {processor.py:840} INFO - DAG(s) 'example_params_ui_tutorial' retrieved from /Users/evankrupa/airflow_project/env/lib/python3.11/site-packages/airflow/example_dags/example_params_ui_tutorial.py
[2025-12-12T07:35:29.499-0500] {logging_mixin.py:188} INFO - [2025-12-12T07:35:29.499-0500] {dag.py:3096} INFO - Sync 1 DAGs
[2025-12-12T07:35:29.502-0500] {logging_mixin.py:188} INFO - [2025-12-12T07:35:29.502-0500] {dag.py:3954} INFO - Setting next_dagrun for example_params_ui_tutorial to None, run_after=None
[2025-12-12T07:35:29.507-0500] {processor.py:183} INFO - Processing /Users/evankrupa/airflow_project/env/lib/python3.11/site-packages/airflow/example_dags/example_params_ui_tutorial.py took 0.057 seconds
[2025-12-12T07:36:53.148-0500] {processor.py:161} INFO - Started process (PID=58635) to work on /Users/evankrupa/airflow_project/env/lib/python3.11/site-packages/airflow/example_dags/example_params_ui_tutorial.py
[2025-12-12T07:36:53.149-0500] {processor.py:830} INFO - Processing file /Users/evankrupa/airflow_project/env/lib/python3.11/site-packages/airflow/example_dags/example_params_ui_tutorial.py for tasks to queue
[2025-12-12T07:36:53.149-0500] {logging_mixin.py:188} INFO - [2025-12-12T07:36:53.149-0500] {dagbag.py:545} INFO - Filling up the DagBag from /Users/evankrupa/airflow_project/env/lib/python3.11/site-packages/airflow/example_dags/example_params_ui_tutorial.py
[2025-12-12T07:36:53.163-0500] {processor.py:840} INFO - DAG(s) 'example_params_ui_tutorial' retrieved from /Users/evankrupa/airflow_project/env/lib/python3.11/site-packages/airflow/example_dags/example_params_ui_tutorial.py
[2025-12-12T07:36:53.198-0500] {logging_mixin.py:188} INFO - [2025-12-12T07:36:53.198-0500] {dag.py:3096} INFO - Sync 1 DAGs
[2025-12-12T07:36:53.201-0500] {logging_mixin.py:188} INFO - [2025-12-12T07:36:53.201-0500] {dag.py:3954} INFO - Setting next_dagrun for example_params_ui_tutorial to None, run_after=None
[2025-12-12T07:36:53.206-0500] {processor.py:183} INFO - Processing /Users/evankrupa/airflow_project/env/lib/python3.11/site-packages/airflow/example_dags/example_params_ui_tutorial.py took 0.060 seconds
[2025-12-12T07:38:19.022-0500] {processor.py:161} INFO - Started process (PID=58713) to work on /Users/evankrupa/airflow_project/env/lib/python3.11/site-packages/airflow/example_dags/example_params_ui_tutorial.py
[2025-12-12T07:38:19.023-0500] {processor.py:830} INFO - Processing file /Users/evankrupa/airflow_project/env/lib/python3.11/site-packages/airflow/example_dags/example_params_ui_tutorial.py for tasks to queue
[2025-12-12T07:38:19.023-0500] {logging_mixin.py:188} INFO - [2025-12-12T07:38:19.023-0500] {dagbag.py:545} INFO - Filling up the DagBag from /Users/evankrupa/airflow_project/env/lib/python3.11/site-packages/airflow/example_dags/example_params_ui_tutorial.py
[2025-12-12T07:38:19.036-0500] {processor.py:840} INFO - DAG(s) 'example_params_ui_tutorial' retrieved from /Users/evankrupa/airflow_project/env/lib/python3.11/site-packages/airflow/example_dags/example_params_ui_tutorial.py
[2025-12-12T07:38:19.070-0500] {logging_mixin.py:188} INFO - [2025-12-12T07:38:19.070-0500] {dag.py:3096} INFO - Sync 1 DAGs
[2025-12-12T07:38:19.073-0500] {logging_mixin.py:188} INFO - [2025-12-12T07:38:19.073-0500] {dag.py:3954} INFO - Setting next_dagrun for example_params_ui_tutorial to None, run_after=None
[2025-12-12T07:38:19.078-0500] {processor.py:183} INFO - Processing /Users/evankrupa/airflow_project/env/lib/python3.11/site-packages/airflow/example_dags/example_params_ui_tutorial.py took 0.058 seconds
[2025-12-12T07:39:43.285-0500] {processor.py:161} INFO - Started process (PID=58826) to work on /Users/evankrupa/airflow_project/env/lib/python3.11/site-packages/airflow/example_dags/example_params_ui_tutorial.py
[2025-12-12T07:39:43.286-0500] {processor.py:830} INFO - Processing file /Users/evankrupa/airflow_project/env/lib/python3.11/site-packages/airflow/example_dags/example_params_ui_tutorial.py for tasks to queue
[2025-12-12T07:39:43.287-0500] {logging_mixin.py:188} INFO - [2025-12-12T07:39:43.287-0500] {dagbag.py:545} INFO - Filling up the DagBag from /Users/evankrupa/airflow_project/env/lib/python3.11/site-packages/airflow/example_dags/example_params_ui_tutorial.py
[2025-12-12T07:39:43.301-0500] {processor.py:840} INFO - DAG(s) 'example_params_ui_tutorial' retrieved from /Users/evankrupa/airflow_project/env/lib/python3.11/site-packages/airflow/example_dags/example_params_ui_tutorial.py
[2025-12-12T07:39:43.337-0500] {logging_mixin.py:188} INFO - [2025-12-12T07:39:43.337-0500] {dag.py:3096} INFO - Sync 1 DAGs
[2025-12-12T07:39:43.340-0500] {logging_mixin.py:188} INFO - [2025-12-12T07:39:43.340-0500] {dag.py:3954} INFO - Setting next_dagrun for example_params_ui_tutorial to None, run_after=None
[2025-12-12T07:39:43.345-0500] {processor.py:183} INFO - Processing /Users/evankrupa/airflow_project/env/lib/python3.11/site-packages/airflow/example_dags/example_params_ui_tutorial.py took 0.061 seconds
[2025-12-12T07:41:08.972-0500] {processor.py:161} INFO - Started process (PID=58934) to work on /Users/evankrupa/airflow_project/env/lib/python3.11/site-packages/airflow/example_dags/example_params_ui_tutorial.py
[2025-12-12T07:41:08.974-0500] {processor.py:830} INFO - Processing file /Users/evankrupa/airflow_project/env/lib/python3.11/site-packages/airflow/example_dags/example_params_ui_tutorial.py for tasks to queue
[2025-12-12T07:41:08.974-0500] {logging_mixin.py:188} INFO - [2025-12-12T07:41:08.974-0500] {dagbag.py:545} INFO - Filling up the DagBag from /Users/evankrupa/airflow_project/env/lib/python3.11/site-packages/airflow/example_dags/example_params_ui_tutorial.py
[2025-12-12T07:41:08.987-0500] {processor.py:840} INFO - DAG(s) 'example_params_ui_tutorial' retrieved from /Users/evankrupa/airflow_project/env/lib/python3.11/site-packages/airflow/example_dags/example_params_ui_tutorial.py
[2025-12-12T07:41:09.022-0500] {logging_mixin.py:188} INFO - [2025-12-12T07:41:09.021-0500] {dag.py:3096} INFO - Sync 1 DAGs
[2025-12-12T07:41:09.024-0500] {logging_mixin.py:188} INFO - [2025-12-12T07:41:09.024-0500] {dag.py:3954} INFO - Setting next_dagrun for example_params_ui_tutorial to None, run_after=None
[2025-12-12T07:41:09.030-0500] {processor.py:183} INFO - Processing /Users/evankrupa/airflow_project/env/lib/python3.11/site-packages/airflow/example_dags/example_params_ui_tutorial.py took 0.058 seconds
[2025-12-12T07:42:34.283-0500] {processor.py:161} INFO - Started process (PID=59078) to work on /Users/evankrupa/airflow_project/env/lib/python3.11/site-packages/airflow/example_dags/example_params_ui_tutorial.py
[2025-12-12T07:42:34.283-0500] {processor.py:830} INFO - Processing file /Users/evankrupa/airflow_project/env/lib/python3.11/site-packages/airflow/example_dags/example_params_ui_tutorial.py for tasks to queue
[2025-12-12T07:42:34.284-0500] {logging_mixin.py:188} INFO - [2025-12-12T07:42:34.284-0500] {dagbag.py:545} INFO - Filling up the DagBag from /Users/evankrupa/airflow_project/env/lib/python3.11/site-packages/airflow/example_dags/example_params_ui_tutorial.py
[2025-12-12T07:42:34.297-0500] {processor.py:840} INFO - DAG(s) 'example_params_ui_tutorial' retrieved from /Users/evankrupa/airflow_project/env/lib/python3.11/site-packages/airflow/example_dags/example_params_ui_tutorial.py
[2025-12-12T07:42:34.332-0500] {logging_mixin.py:188} INFO - [2025-12-12T07:42:34.332-0500] {dag.py:3096} INFO - Sync 1 DAGs
[2025-12-12T07:42:34.335-0500] {logging_mixin.py:188} INFO - [2025-12-12T07:42:34.335-0500] {dag.py:3954} INFO - Setting next_dagrun for example_params_ui_tutorial to None, run_after=None
[2025-12-12T07:42:34.341-0500] {processor.py:183} INFO - Processing /Users/evankrupa/airflow_project/env/lib/python3.11/site-packages/airflow/example_dags/example_params_ui_tutorial.py took 0.059 seconds
[2025-12-12T07:43:57.484-0500] {processor.py:161} INFO - Started process (PID=59174) to work on /Users/evankrupa/airflow_project/env/lib/python3.11/site-packages/airflow/example_dags/example_params_ui_tutorial.py
[2025-12-12T07:43:57.485-0500] {processor.py:830} INFO - Processing file /Users/evankrupa/airflow_project/env/lib/python3.11/site-packages/airflow/example_dags/example_params_ui_tutorial.py for tasks to queue
[2025-12-12T07:43:57.485-0500] {logging_mixin.py:188} INFO - [2025-12-12T07:43:57.485-0500] {dagbag.py:545} INFO - Filling up the DagBag from /Users/evankrupa/airflow_project/env/lib/python3.11/site-packages/airflow/example_dags/example_params_ui_tutorial.py
[2025-12-12T07:43:57.502-0500] {processor.py:840} INFO - DAG(s) 'example_params_ui_tutorial' retrieved from /Users/evankrupa/airflow_project/env/lib/python3.11/site-packages/airflow/example_dags/example_params_ui_tutorial.py
[2025-12-12T07:43:57.540-0500] {logging_mixin.py:188} INFO - [2025-12-12T07:43:57.540-0500] {dag.py:3096} INFO - Sync 1 DAGs
[2025-12-12T07:43:57.544-0500] {logging_mixin.py:188} INFO - [2025-12-12T07:43:57.544-0500] {dag.py:3954} INFO - Setting next_dagrun for example_params_ui_tutorial to None, run_after=None
[2025-12-12T07:43:57.551-0500] {processor.py:183} INFO - Processing /Users/evankrupa/airflow_project/env/lib/python3.11/site-packages/airflow/example_dags/example_params_ui_tutorial.py took 0.067 seconds
[2025-12-12T07:45:22.819-0500] {processor.py:161} INFO - Started process (PID=59259) to work on /Users/evankrupa/airflow_project/env/lib/python3.11/site-packages/airflow/example_dags/example_params_ui_tutorial.py
[2025-12-12T07:45:22.820-0500] {processor.py:830} INFO - Processing file /Users/evankrupa/airflow_project/env/lib/python3.11/site-packages/airflow/example_dags/example_params_ui_tutorial.py for tasks to queue
[2025-12-12T07:45:22.820-0500] {logging_mixin.py:188} INFO - [2025-12-12T07:45:22.820-0500] {dagbag.py:545} INFO - Filling up the DagBag from /Users/evankrupa/airflow_project/env/lib/python3.11/site-packages/airflow/example_dags/example_params_ui_tutorial.py
[2025-12-12T07:45:22.833-0500] {processor.py:840} INFO - DAG(s) 'example_params_ui_tutorial' retrieved from /Users/evankrupa/airflow_project/env/lib/python3.11/site-packages/airflow/example_dags/example_params_ui_tutorial.py
[2025-12-12T07:45:22.870-0500] {logging_mixin.py:188} INFO - [2025-12-12T07:45:22.870-0500] {dag.py:3096} INFO - Sync 1 DAGs
[2025-12-12T07:45:22.873-0500] {logging_mixin.py:188} INFO - [2025-12-12T07:45:22.873-0500] {dag.py:3954} INFO - Setting next_dagrun for example_params_ui_tutorial to None, run_after=None
[2025-12-12T07:45:22.880-0500] {processor.py:183} INFO - Processing /Users/evankrupa/airflow_project/env/lib/python3.11/site-packages/airflow/example_dags/example_params_ui_tutorial.py took 0.062 seconds
[2025-12-12T07:46:48.495-0500] {processor.py:161} INFO - Started process (PID=59338) to work on /Users/evankrupa/airflow_project/env/lib/python3.11/site-packages/airflow/example_dags/example_params_ui_tutorial.py
[2025-12-12T07:46:48.496-0500] {processor.py:830} INFO - Processing file /Users/evankrupa/airflow_project/env/lib/python3.11/site-packages/airflow/example_dags/example_params_ui_tutorial.py for tasks to queue
[2025-12-12T07:46:48.497-0500] {logging_mixin.py:188} INFO - [2025-12-12T07:46:48.496-0500] {dagbag.py:545} INFO - Filling up the DagBag from /Users/evankrupa/airflow_project/env/lib/python3.11/site-packages/airflow/example_dags/example_params_ui_tutorial.py
[2025-12-12T07:46:48.510-0500] {processor.py:840} INFO - DAG(s) 'example_params_ui_tutorial' retrieved from /Users/evankrupa/airflow_project/env/lib/python3.11/site-packages/airflow/example_dags/example_params_ui_tutorial.py
[2025-12-12T07:46:48.545-0500] {logging_mixin.py:188} INFO - [2025-12-12T07:46:48.545-0500] {dag.py:3096} INFO - Sync 1 DAGs
[2025-12-12T07:46:48.548-0500] {logging_mixin.py:188} INFO - [2025-12-12T07:46:48.548-0500] {dag.py:3954} INFO - Setting next_dagrun for example_params_ui_tutorial to None, run_after=None
[2025-12-12T07:46:48.554-0500] {processor.py:183} INFO - Processing /Users/evankrupa/airflow_project/env/lib/python3.11/site-packages/airflow/example_dags/example_params_ui_tutorial.py took 0.059 seconds
[2025-12-12T07:48:11.946-0500] {processor.py:161} INFO - Started process (PID=59431) to work on /Users/evankrupa/airflow_project/env/lib/python3.11/site-packages/airflow/example_dags/example_params_ui_tutorial.py
[2025-12-12T07:48:11.947-0500] {processor.py:830} INFO - Processing file /Users/evankrupa/airflow_project/env/lib/python3.11/site-packages/airflow/example_dags/example_params_ui_tutorial.py for tasks to queue
[2025-12-12T07:48:11.947-0500] {logging_mixin.py:188} INFO - [2025-12-12T07:48:11.947-0500] {dagbag.py:545} INFO - Filling up the DagBag from /Users/evankrupa/airflow_project/env/lib/python3.11/site-packages/airflow/example_dags/example_params_ui_tutorial.py
[2025-12-12T07:48:11.962-0500] {processor.py:840} INFO - DAG(s) 'example_params_ui_tutorial' retrieved from /Users/evankrupa/airflow_project/env/lib/python3.11/site-packages/airflow/example_dags/example_params_ui_tutorial.py
[2025-12-12T07:48:12.000-0500] {logging_mixin.py:188} INFO - [2025-12-12T07:48:12.000-0500] {dag.py:3096} INFO - Sync 1 DAGs
[2025-12-12T07:48:12.003-0500] {logging_mixin.py:188} INFO - [2025-12-12T07:48:12.003-0500] {dag.py:3954} INFO - Setting next_dagrun for example_params_ui_tutorial to None, run_after=None
[2025-12-12T07:48:12.009-0500] {processor.py:183} INFO - Processing /Users/evankrupa/airflow_project/env/lib/python3.11/site-packages/airflow/example_dags/example_params_ui_tutorial.py took 0.064 seconds
[2025-12-12T07:49:39.233-0500] {processor.py:161} INFO - Started process (PID=59526) to work on /Users/evankrupa/airflow_project/env/lib/python3.11/site-packages/airflow/example_dags/example_params_ui_tutorial.py
[2025-12-12T07:49:39.234-0500] {processor.py:830} INFO - Processing file /Users/evankrupa/airflow_project/env/lib/python3.11/site-packages/airflow/example_dags/example_params_ui_tutorial.py for tasks to queue
[2025-12-12T07:49:39.234-0500] {logging_mixin.py:188} INFO - [2025-12-12T07:49:39.234-0500] {dagbag.py:545} INFO - Filling up the DagBag from /Users/evankrupa/airflow_project/env/lib/python3.11/site-packages/airflow/example_dags/example_params_ui_tutorial.py
[2025-12-12T07:49:39.247-0500] {processor.py:840} INFO - DAG(s) 'example_params_ui_tutorial' retrieved from /Users/evankrupa/airflow_project/env/lib/python3.11/site-packages/airflow/example_dags/example_params_ui_tutorial.py
[2025-12-12T07:49:39.284-0500] {logging_mixin.py:188} INFO - [2025-12-12T07:49:39.284-0500] {dag.py:3096} INFO - Sync 1 DAGs
[2025-12-12T07:49:39.287-0500] {logging_mixin.py:188} INFO - [2025-12-12T07:49:39.287-0500] {dag.py:3954} INFO - Setting next_dagrun for example_params_ui_tutorial to None, run_after=None
[2025-12-12T07:49:39.293-0500] {processor.py:183} INFO - Processing /Users/evankrupa/airflow_project/env/lib/python3.11/site-packages/airflow/example_dags/example_params_ui_tutorial.py took 0.060 seconds
[2025-12-12T07:51:04.860-0500] {processor.py:161} INFO - Started process (PID=59600) to work on /Users/evankrupa/airflow_project/env/lib/python3.11/site-packages/airflow/example_dags/example_params_ui_tutorial.py
[2025-12-12T07:51:04.860-0500] {processor.py:830} INFO - Processing file /Users/evankrupa/airflow_project/env/lib/python3.11/site-packages/airflow/example_dags/example_params_ui_tutorial.py for tasks to queue
[2025-12-12T07:51:04.861-0500] {logging_mixin.py:188} INFO - [2025-12-12T07:51:04.861-0500] {dagbag.py:545} INFO - Filling up the DagBag from /Users/evankrupa/airflow_project/env/lib/python3.11/site-packages/airflow/example_dags/example_params_ui_tutorial.py
[2025-12-12T07:51:04.874-0500] {processor.py:840} INFO - DAG(s) 'example_params_ui_tutorial' retrieved from /Users/evankrupa/airflow_project/env/lib/python3.11/site-packages/airflow/example_dags/example_params_ui_tutorial.py
[2025-12-12T07:51:04.909-0500] {logging_mixin.py:188} INFO - [2025-12-12T07:51:04.909-0500] {dag.py:3096} INFO - Sync 1 DAGs
[2025-12-12T07:51:04.912-0500] {logging_mixin.py:188} INFO - [2025-12-12T07:51:04.912-0500] {dag.py:3954} INFO - Setting next_dagrun for example_params_ui_tutorial to None, run_after=None
[2025-12-12T07:51:04.918-0500] {processor.py:183} INFO - Processing /Users/evankrupa/airflow_project/env/lib/python3.11/site-packages/airflow/example_dags/example_params_ui_tutorial.py took 0.059 seconds
[2025-12-12T07:52:29.928-0500] {processor.py:161} INFO - Started process (PID=59669) to work on /Users/evankrupa/airflow_project/env/lib/python3.11/site-packages/airflow/example_dags/example_params_ui_tutorial.py
[2025-12-12T07:52:29.929-0500] {processor.py:830} INFO - Processing file /Users/evankrupa/airflow_project/env/lib/python3.11/site-packages/airflow/example_dags/example_params_ui_tutorial.py for tasks to queue
[2025-12-12T07:52:29.929-0500] {logging_mixin.py:188} INFO - [2025-12-12T07:52:29.929-0500] {dagbag.py:545} INFO - Filling up the DagBag from /Users/evankrupa/airflow_project/env/lib/python3.11/site-packages/airflow/example_dags/example_params_ui_tutorial.py
[2025-12-12T07:52:29.942-0500] {processor.py:840} INFO - DAG(s) 'example_params_ui_tutorial' retrieved from /Users/evankrupa/airflow_project/env/lib/python3.11/site-packages/airflow/example_dags/example_params_ui_tutorial.py
[2025-12-12T07:52:29.977-0500] {logging_mixin.py:188} INFO - [2025-12-12T07:52:29.977-0500] {dag.py:3096} INFO - Sync 1 DAGs
[2025-12-12T07:52:29.980-0500] {logging_mixin.py:188} INFO - [2025-12-12T07:52:29.980-0500] {dag.py:3954} INFO - Setting next_dagrun for example_params_ui_tutorial to None, run_after=None
[2025-12-12T07:52:29.985-0500] {processor.py:183} INFO - Processing /Users/evankrupa/airflow_project/env/lib/python3.11/site-packages/airflow/example_dags/example_params_ui_tutorial.py took 0.058 seconds
[2025-12-12T07:53:51.448-0500] {processor.py:161} INFO - Started process (PID=59754) to work on /Users/evankrupa/airflow_project/env/lib/python3.11/site-packages/airflow/example_dags/example_params_ui_tutorial.py
[2025-12-12T07:53:51.448-0500] {processor.py:830} INFO - Processing file /Users/evankrupa/airflow_project/env/lib/python3.11/site-packages/airflow/example_dags/example_params_ui_tutorial.py for tasks to queue
[2025-12-12T07:53:51.448-0500] {logging_mixin.py:188} INFO - [2025-12-12T07:53:51.448-0500] {dagbag.py:545} INFO - Filling up the DagBag from /Users/evankrupa/airflow_project/env/lib/python3.11/site-packages/airflow/example_dags/example_params_ui_tutorial.py
[2025-12-12T07:53:51.461-0500] {processor.py:840} INFO - DAG(s) 'example_params_ui_tutorial' retrieved from /Users/evankrupa/airflow_project/env/lib/python3.11/site-packages/airflow/example_dags/example_params_ui_tutorial.py
[2025-12-12T07:53:51.496-0500] {logging_mixin.py:188} INFO - [2025-12-12T07:53:51.496-0500] {dag.py:3096} INFO - Sync 1 DAGs
[2025-12-12T07:53:51.499-0500] {logging_mixin.py:188} INFO - [2025-12-12T07:53:51.499-0500] {dag.py:3954} INFO - Setting next_dagrun for example_params_ui_tutorial to None, run_after=None
[2025-12-12T07:53:51.505-0500] {processor.py:183} INFO - Processing /Users/evankrupa/airflow_project/env/lib/python3.11/site-packages/airflow/example_dags/example_params_ui_tutorial.py took 0.058 seconds
[2025-12-12T07:55:16.211-0500] {processor.py:161} INFO - Started process (PID=59834) to work on /Users/evankrupa/airflow_project/env/lib/python3.11/site-packages/airflow/example_dags/example_params_ui_tutorial.py
[2025-12-12T07:55:16.212-0500] {processor.py:830} INFO - Processing file /Users/evankrupa/airflow_project/env/lib/python3.11/site-packages/airflow/example_dags/example_params_ui_tutorial.py for tasks to queue
[2025-12-12T07:55:16.212-0500] {logging_mixin.py:188} INFO - [2025-12-12T07:55:16.212-0500] {dagbag.py:545} INFO - Filling up the DagBag from /Users/evankrupa/airflow_project/env/lib/python3.11/site-packages/airflow/example_dags/example_params_ui_tutorial.py
[2025-12-12T07:55:16.226-0500] {processor.py:840} INFO - DAG(s) 'example_params_ui_tutorial' retrieved from /Users/evankrupa/airflow_project/env/lib/python3.11/site-packages/airflow/example_dags/example_params_ui_tutorial.py
[2025-12-12T07:55:16.262-0500] {logging_mixin.py:188} INFO - [2025-12-12T07:55:16.262-0500] {dag.py:3096} INFO - Sync 1 DAGs
[2025-12-12T07:55:16.265-0500] {logging_mixin.py:188} INFO - [2025-12-12T07:55:16.265-0500] {dag.py:3954} INFO - Setting next_dagrun for example_params_ui_tutorial to None, run_after=None
[2025-12-12T07:55:16.270-0500] {processor.py:183} INFO - Processing /Users/evankrupa/airflow_project/env/lib/python3.11/site-packages/airflow/example_dags/example_params_ui_tutorial.py took 0.060 seconds
[2025-12-12T07:56:40.669-0500] {processor.py:161} INFO - Started process (PID=59907) to work on /Users/evankrupa/airflow_project/env/lib/python3.11/site-packages/airflow/example_dags/example_params_ui_tutorial.py
[2025-12-12T07:56:40.670-0500] {processor.py:830} INFO - Processing file /Users/evankrupa/airflow_project/env/lib/python3.11/site-packages/airflow/example_dags/example_params_ui_tutorial.py for tasks to queue
[2025-12-12T07:56:40.670-0500] {logging_mixin.py:188} INFO - [2025-12-12T07:56:40.670-0500] {dagbag.py:545} INFO - Filling up the DagBag from /Users/evankrupa/airflow_project/env/lib/python3.11/site-packages/airflow/example_dags/example_params_ui_tutorial.py
[2025-12-12T07:56:40.684-0500] {processor.py:840} INFO - DAG(s) 'example_params_ui_tutorial' retrieved from /Users/evankrupa/airflow_project/env/lib/python3.11/site-packages/airflow/example_dags/example_params_ui_tutorial.py
[2025-12-12T07:56:40.719-0500] {logging_mixin.py:188} INFO - [2025-12-12T07:56:40.718-0500] {dag.py:3096} INFO - Sync 1 DAGs
[2025-12-12T07:56:40.721-0500] {logging_mixin.py:188} INFO - [2025-12-12T07:56:40.721-0500] {dag.py:3954} INFO - Setting next_dagrun for example_params_ui_tutorial to None, run_after=None
[2025-12-12T07:56:40.727-0500] {processor.py:183} INFO - Processing /Users/evankrupa/airflow_project/env/lib/python3.11/site-packages/airflow/example_dags/example_params_ui_tutorial.py took 0.059 seconds
[2025-12-12T07:58:06.326-0500] {processor.py:161} INFO - Started process (PID=61164) to work on /Users/evankrupa/airflow_project/env/lib/python3.11/site-packages/airflow/example_dags/example_params_ui_tutorial.py
[2025-12-12T07:58:06.326-0500] {processor.py:830} INFO - Processing file /Users/evankrupa/airflow_project/env/lib/python3.11/site-packages/airflow/example_dags/example_params_ui_tutorial.py for tasks to queue
[2025-12-12T07:58:06.326-0500] {logging_mixin.py:188} INFO - [2025-12-12T07:58:06.326-0500] {dagbag.py:545} INFO - Filling up the DagBag from /Users/evankrupa/airflow_project/env/lib/python3.11/site-packages/airflow/example_dags/example_params_ui_tutorial.py
[2025-12-12T07:58:06.341-0500] {processor.py:840} INFO - DAG(s) 'example_params_ui_tutorial' retrieved from /Users/evankrupa/airflow_project/env/lib/python3.11/site-packages/airflow/example_dags/example_params_ui_tutorial.py
[2025-12-12T07:58:06.378-0500] {logging_mixin.py:188} INFO - [2025-12-12T07:58:06.378-0500] {dag.py:3096} INFO - Sync 1 DAGs
[2025-12-12T07:58:06.382-0500] {logging_mixin.py:188} INFO - [2025-12-12T07:58:06.382-0500] {dag.py:3954} INFO - Setting next_dagrun for example_params_ui_tutorial to None, run_after=None
[2025-12-12T07:58:06.388-0500] {processor.py:183} INFO - Processing /Users/evankrupa/airflow_project/env/lib/python3.11/site-packages/airflow/example_dags/example_params_ui_tutorial.py took 0.063 seconds
[2025-12-12T07:59:32.711-0500] {processor.py:161} INFO - Started process (PID=62692) to work on /Users/evankrupa/airflow_project/env/lib/python3.11/site-packages/airflow/example_dags/example_params_ui_tutorial.py
[2025-12-12T07:59:32.712-0500] {processor.py:830} INFO - Processing file /Users/evankrupa/airflow_project/env/lib/python3.11/site-packages/airflow/example_dags/example_params_ui_tutorial.py for tasks to queue
[2025-12-12T07:59:32.712-0500] {logging_mixin.py:188} INFO - [2025-12-12T07:59:32.712-0500] {dagbag.py:545} INFO - Filling up the DagBag from /Users/evankrupa/airflow_project/env/lib/python3.11/site-packages/airflow/example_dags/example_params_ui_tutorial.py
[2025-12-12T07:59:32.725-0500] {processor.py:840} INFO - DAG(s) 'example_params_ui_tutorial' retrieved from /Users/evankrupa/airflow_project/env/lib/python3.11/site-packages/airflow/example_dags/example_params_ui_tutorial.py
[2025-12-12T07:59:32.761-0500] {logging_mixin.py:188} INFO - [2025-12-12T07:59:32.761-0500] {dag.py:3096} INFO - Sync 1 DAGs
[2025-12-12T07:59:32.764-0500] {logging_mixin.py:188} INFO - [2025-12-12T07:59:32.764-0500] {dag.py:3954} INFO - Setting next_dagrun for example_params_ui_tutorial to None, run_after=None
[2025-12-12T07:59:32.769-0500] {processor.py:183} INFO - Processing /Users/evankrupa/airflow_project/env/lib/python3.11/site-packages/airflow/example_dags/example_params_ui_tutorial.py took 0.059 seconds
[2025-12-12T08:00:54.794-0500] {processor.py:161} INFO - Started process (PID=62786) to work on /Users/evankrupa/airflow_project/env/lib/python3.11/site-packages/airflow/example_dags/example_params_ui_tutorial.py
[2025-12-12T08:00:54.795-0500] {processor.py:830} INFO - Processing file /Users/evankrupa/airflow_project/env/lib/python3.11/site-packages/airflow/example_dags/example_params_ui_tutorial.py for tasks to queue
[2025-12-12T08:00:54.795-0500] {logging_mixin.py:188} INFO - [2025-12-12T08:00:54.795-0500] {dagbag.py:545} INFO - Filling up the DagBag from /Users/evankrupa/airflow_project/env/lib/python3.11/site-packages/airflow/example_dags/example_params_ui_tutorial.py
[2025-12-12T08:00:54.809-0500] {processor.py:840} INFO - DAG(s) 'example_params_ui_tutorial' retrieved from /Users/evankrupa/airflow_project/env/lib/python3.11/site-packages/airflow/example_dags/example_params_ui_tutorial.py
[2025-12-12T08:00:54.845-0500] {logging_mixin.py:188} INFO - [2025-12-12T08:00:54.845-0500] {dag.py:3096} INFO - Sync 1 DAGs
[2025-12-12T08:00:54.848-0500] {logging_mixin.py:188} INFO - [2025-12-12T08:00:54.848-0500] {dag.py:3954} INFO - Setting next_dagrun for example_params_ui_tutorial to None, run_after=None
[2025-12-12T08:00:54.854-0500] {processor.py:183} INFO - Processing /Users/evankrupa/airflow_project/env/lib/python3.11/site-packages/airflow/example_dags/example_params_ui_tutorial.py took 0.060 seconds
[2025-12-12T08:02:17.699-0500] {processor.py:161} INFO - Started process (PID=62852) to work on /Users/evankrupa/airflow_project/env/lib/python3.11/site-packages/airflow/example_dags/example_params_ui_tutorial.py
[2025-12-12T08:02:17.700-0500] {processor.py:830} INFO - Processing file /Users/evankrupa/airflow_project/env/lib/python3.11/site-packages/airflow/example_dags/example_params_ui_tutorial.py for tasks to queue
[2025-12-12T08:02:17.700-0500] {logging_mixin.py:188} INFO - [2025-12-12T08:02:17.700-0500] {dagbag.py:545} INFO - Filling up the DagBag from /Users/evankrupa/airflow_project/env/lib/python3.11/site-packages/airflow/example_dags/example_params_ui_tutorial.py
[2025-12-12T08:02:17.713-0500] {processor.py:840} INFO - DAG(s) 'example_params_ui_tutorial' retrieved from /Users/evankrupa/airflow_project/env/lib/python3.11/site-packages/airflow/example_dags/example_params_ui_tutorial.py
[2025-12-12T08:02:17.748-0500] {logging_mixin.py:188} INFO - [2025-12-12T08:02:17.748-0500] {dag.py:3096} INFO - Sync 1 DAGs
[2025-12-12T08:02:17.750-0500] {logging_mixin.py:188} INFO - [2025-12-12T08:02:17.750-0500] {dag.py:3954} INFO - Setting next_dagrun for example_params_ui_tutorial to None, run_after=None
[2025-12-12T08:02:17.755-0500] {processor.py:183} INFO - Processing /Users/evankrupa/airflow_project/env/lib/python3.11/site-packages/airflow/example_dags/example_params_ui_tutorial.py took 0.057 seconds
[2025-12-12T08:03:43.560-0500] {processor.py:161} INFO - Started process (PID=62921) to work on /Users/evankrupa/airflow_project/env/lib/python3.11/site-packages/airflow/example_dags/example_params_ui_tutorial.py
[2025-12-12T08:03:43.561-0500] {processor.py:830} INFO - Processing file /Users/evankrupa/airflow_project/env/lib/python3.11/site-packages/airflow/example_dags/example_params_ui_tutorial.py for tasks to queue
[2025-12-12T08:03:43.562-0500] {logging_mixin.py:188} INFO - [2025-12-12T08:03:43.562-0500] {dagbag.py:545} INFO - Filling up the DagBag from /Users/evankrupa/airflow_project/env/lib/python3.11/site-packages/airflow/example_dags/example_params_ui_tutorial.py
[2025-12-12T08:03:43.575-0500] {processor.py:840} INFO - DAG(s) 'example_params_ui_tutorial' retrieved from /Users/evankrupa/airflow_project/env/lib/python3.11/site-packages/airflow/example_dags/example_params_ui_tutorial.py
[2025-12-12T08:03:43.609-0500] {logging_mixin.py:188} INFO - [2025-12-12T08:03:43.609-0500] {dag.py:3096} INFO - Sync 1 DAGs
[2025-12-12T08:03:43.612-0500] {logging_mixin.py:188} INFO - [2025-12-12T08:03:43.612-0500] {dag.py:3954} INFO - Setting next_dagrun for example_params_ui_tutorial to None, run_after=None
[2025-12-12T08:03:43.617-0500] {processor.py:183} INFO - Processing /Users/evankrupa/airflow_project/env/lib/python3.11/site-packages/airflow/example_dags/example_params_ui_tutorial.py took 0.058 seconds
[2025-12-12T08:05:07.150-0500] {processor.py:161} INFO - Started process (PID=63072) to work on /Users/evankrupa/airflow_project/env/lib/python3.11/site-packages/airflow/example_dags/example_params_ui_tutorial.py
[2025-12-12T08:05:07.151-0500] {processor.py:830} INFO - Processing file /Users/evankrupa/airflow_project/env/lib/python3.11/site-packages/airflow/example_dags/example_params_ui_tutorial.py for tasks to queue
[2025-12-12T08:05:07.151-0500] {logging_mixin.py:188} INFO - [2025-12-12T08:05:07.151-0500] {dagbag.py:545} INFO - Filling up the DagBag from /Users/evankrupa/airflow_project/env/lib/python3.11/site-packages/airflow/example_dags/example_params_ui_tutorial.py
[2025-12-12T08:05:07.166-0500] {processor.py:840} INFO - DAG(s) 'example_params_ui_tutorial' retrieved from /Users/evankrupa/airflow_project/env/lib/python3.11/site-packages/airflow/example_dags/example_params_ui_tutorial.py
[2025-12-12T08:05:07.202-0500] {logging_mixin.py:188} INFO - [2025-12-12T08:05:07.202-0500] {dag.py:3096} INFO - Sync 1 DAGs
[2025-12-12T08:05:07.205-0500] {logging_mixin.py:188} INFO - [2025-12-12T08:05:07.205-0500] {dag.py:3954} INFO - Setting next_dagrun for example_params_ui_tutorial to None, run_after=None
[2025-12-12T08:05:07.211-0500] {processor.py:183} INFO - Processing /Users/evankrupa/airflow_project/env/lib/python3.11/site-packages/airflow/example_dags/example_params_ui_tutorial.py took 0.062 seconds
[2025-12-12T08:06:31.852-0500] {processor.py:161} INFO - Started process (PID=63150) to work on /Users/evankrupa/airflow_project/env/lib/python3.11/site-packages/airflow/example_dags/example_params_ui_tutorial.py
[2025-12-12T08:06:31.854-0500] {processor.py:830} INFO - Processing file /Users/evankrupa/airflow_project/env/lib/python3.11/site-packages/airflow/example_dags/example_params_ui_tutorial.py for tasks to queue
[2025-12-12T08:06:31.854-0500] {logging_mixin.py:188} INFO - [2025-12-12T08:06:31.854-0500] {dagbag.py:545} INFO - Filling up the DagBag from /Users/evankrupa/airflow_project/env/lib/python3.11/site-packages/airflow/example_dags/example_params_ui_tutorial.py
[2025-12-12T08:06:31.868-0500] {processor.py:840} INFO - DAG(s) 'example_params_ui_tutorial' retrieved from /Users/evankrupa/airflow_project/env/lib/python3.11/site-packages/airflow/example_dags/example_params_ui_tutorial.py
[2025-12-12T08:06:31.907-0500] {logging_mixin.py:188} INFO - [2025-12-12T08:06:31.906-0500] {dag.py:3096} INFO - Sync 1 DAGs
[2025-12-12T08:06:31.910-0500] {logging_mixin.py:188} INFO - [2025-12-12T08:06:31.910-0500] {dag.py:3954} INFO - Setting next_dagrun for example_params_ui_tutorial to None, run_after=None
[2025-12-12T08:06:31.917-0500] {processor.py:183} INFO - Processing /Users/evankrupa/airflow_project/env/lib/python3.11/site-packages/airflow/example_dags/example_params_ui_tutorial.py took 0.066 seconds
[2025-12-12T08:08:00.788-0500] {processor.py:161} INFO - Started process (PID=63671) to work on /Users/evankrupa/airflow_project/env/lib/python3.11/site-packages/airflow/example_dags/example_params_ui_tutorial.py
[2025-12-12T08:08:00.788-0500] {processor.py:830} INFO - Processing file /Users/evankrupa/airflow_project/env/lib/python3.11/site-packages/airflow/example_dags/example_params_ui_tutorial.py for tasks to queue
[2025-12-12T08:08:00.788-0500] {logging_mixin.py:188} INFO - [2025-12-12T08:08:00.788-0500] {dagbag.py:545} INFO - Filling up the DagBag from /Users/evankrupa/airflow_project/env/lib/python3.11/site-packages/airflow/example_dags/example_params_ui_tutorial.py
[2025-12-12T08:08:00.802-0500] {processor.py:840} INFO - DAG(s) 'example_params_ui_tutorial' retrieved from /Users/evankrupa/airflow_project/env/lib/python3.11/site-packages/airflow/example_dags/example_params_ui_tutorial.py
[2025-12-12T08:08:00.837-0500] {logging_mixin.py:188} INFO - [2025-12-12T08:08:00.837-0500] {dag.py:3096} INFO - Sync 1 DAGs
[2025-12-12T08:08:00.840-0500] {logging_mixin.py:188} INFO - [2025-12-12T08:08:00.840-0500] {dag.py:3954} INFO - Setting next_dagrun for example_params_ui_tutorial to None, run_after=None
[2025-12-12T08:08:00.845-0500] {processor.py:183} INFO - Processing /Users/evankrupa/airflow_project/env/lib/python3.11/site-packages/airflow/example_dags/example_params_ui_tutorial.py took 0.059 seconds
[2025-12-12T08:09:26.177-0500] {processor.py:161} INFO - Started process (PID=63736) to work on /Users/evankrupa/airflow_project/env/lib/python3.11/site-packages/airflow/example_dags/example_params_ui_tutorial.py
[2025-12-12T08:09:26.178-0500] {processor.py:830} INFO - Processing file /Users/evankrupa/airflow_project/env/lib/python3.11/site-packages/airflow/example_dags/example_params_ui_tutorial.py for tasks to queue
[2025-12-12T08:09:26.178-0500] {logging_mixin.py:188} INFO - [2025-12-12T08:09:26.178-0500] {dagbag.py:545} INFO - Filling up the DagBag from /Users/evankrupa/airflow_project/env/lib/python3.11/site-packages/airflow/example_dags/example_params_ui_tutorial.py
[2025-12-12T08:09:26.192-0500] {processor.py:840} INFO - DAG(s) 'example_params_ui_tutorial' retrieved from /Users/evankrupa/airflow_project/env/lib/python3.11/site-packages/airflow/example_dags/example_params_ui_tutorial.py
[2025-12-12T08:09:26.230-0500] {logging_mixin.py:188} INFO - [2025-12-12T08:09:26.230-0500] {dag.py:3096} INFO - Sync 1 DAGs
[2025-12-12T08:09:26.233-0500] {logging_mixin.py:188} INFO - [2025-12-12T08:09:26.233-0500] {dag.py:3954} INFO - Setting next_dagrun for example_params_ui_tutorial to None, run_after=None
[2025-12-12T08:09:26.238-0500] {processor.py:183} INFO - Processing /Users/evankrupa/airflow_project/env/lib/python3.11/site-packages/airflow/example_dags/example_params_ui_tutorial.py took 0.062 seconds
[2025-12-12T08:10:53.703-0500] {processor.py:161} INFO - Started process (PID=63809) to work on /Users/evankrupa/airflow_project/env/lib/python3.11/site-packages/airflow/example_dags/example_params_ui_tutorial.py
[2025-12-12T08:10:53.704-0500] {processor.py:830} INFO - Processing file /Users/evankrupa/airflow_project/env/lib/python3.11/site-packages/airflow/example_dags/example_params_ui_tutorial.py for tasks to queue
[2025-12-12T08:10:53.704-0500] {logging_mixin.py:188} INFO - [2025-12-12T08:10:53.704-0500] {dagbag.py:545} INFO - Filling up the DagBag from /Users/evankrupa/airflow_project/env/lib/python3.11/site-packages/airflow/example_dags/example_params_ui_tutorial.py
[2025-12-12T08:10:53.717-0500] {processor.py:840} INFO - DAG(s) 'example_params_ui_tutorial' retrieved from /Users/evankrupa/airflow_project/env/lib/python3.11/site-packages/airflow/example_dags/example_params_ui_tutorial.py
[2025-12-12T08:10:53.760-0500] {logging_mixin.py:188} INFO - [2025-12-12T08:10:53.760-0500] {dag.py:3096} INFO - Sync 1 DAGs
[2025-12-12T08:10:53.765-0500] {logging_mixin.py:188} INFO - [2025-12-12T08:10:53.765-0500] {dag.py:3954} INFO - Setting next_dagrun for example_params_ui_tutorial to None, run_after=None
[2025-12-12T08:10:53.771-0500] {processor.py:183} INFO - Processing /Users/evankrupa/airflow_project/env/lib/python3.11/site-packages/airflow/example_dags/example_params_ui_tutorial.py took 0.069 seconds
[2025-12-12T08:12:20.352-0500] {processor.py:161} INFO - Started process (PID=63875) to work on /Users/evankrupa/airflow_project/env/lib/python3.11/site-packages/airflow/example_dags/example_params_ui_tutorial.py
[2025-12-12T08:12:20.353-0500] {processor.py:830} INFO - Processing file /Users/evankrupa/airflow_project/env/lib/python3.11/site-packages/airflow/example_dags/example_params_ui_tutorial.py for tasks to queue
[2025-12-12T08:12:20.353-0500] {logging_mixin.py:188} INFO - [2025-12-12T08:12:20.353-0500] {dagbag.py:545} INFO - Filling up the DagBag from /Users/evankrupa/airflow_project/env/lib/python3.11/site-packages/airflow/example_dags/example_params_ui_tutorial.py
[2025-12-12T08:12:20.367-0500] {processor.py:840} INFO - DAG(s) 'example_params_ui_tutorial' retrieved from /Users/evankrupa/airflow_project/env/lib/python3.11/site-packages/airflow/example_dags/example_params_ui_tutorial.py
[2025-12-12T08:12:20.402-0500] {logging_mixin.py:188} INFO - [2025-12-12T08:12:20.402-0500] {dag.py:3096} INFO - Sync 1 DAGs
[2025-12-12T08:12:20.405-0500] {logging_mixin.py:188} INFO - [2025-12-12T08:12:20.405-0500] {dag.py:3954} INFO - Setting next_dagrun for example_params_ui_tutorial to None, run_after=None
[2025-12-12T08:12:20.410-0500] {processor.py:183} INFO - Processing /Users/evankrupa/airflow_project/env/lib/python3.11/site-packages/airflow/example_dags/example_params_ui_tutorial.py took 0.059 seconds
[2025-12-12T08:13:43.735-0500] {processor.py:161} INFO - Started process (PID=63941) to work on /Users/evankrupa/airflow_project/env/lib/python3.11/site-packages/airflow/example_dags/example_params_ui_tutorial.py
[2025-12-12T08:13:43.737-0500] {processor.py:830} INFO - Processing file /Users/evankrupa/airflow_project/env/lib/python3.11/site-packages/airflow/example_dags/example_params_ui_tutorial.py for tasks to queue
[2025-12-12T08:13:43.737-0500] {logging_mixin.py:188} INFO - [2025-12-12T08:13:43.737-0500] {dagbag.py:545} INFO - Filling up the DagBag from /Users/evankrupa/airflow_project/env/lib/python3.11/site-packages/airflow/example_dags/example_params_ui_tutorial.py
[2025-12-12T08:13:43.751-0500] {processor.py:840} INFO - DAG(s) 'example_params_ui_tutorial' retrieved from /Users/evankrupa/airflow_project/env/lib/python3.11/site-packages/airflow/example_dags/example_params_ui_tutorial.py
[2025-12-12T08:13:43.787-0500] {logging_mixin.py:188} INFO - [2025-12-12T08:13:43.787-0500] {dag.py:3096} INFO - Sync 1 DAGs
[2025-12-12T08:13:43.790-0500] {logging_mixin.py:188} INFO - [2025-12-12T08:13:43.790-0500] {dag.py:3954} INFO - Setting next_dagrun for example_params_ui_tutorial to None, run_after=None
[2025-12-12T08:13:43.797-0500] {processor.py:183} INFO - Processing /Users/evankrupa/airflow_project/env/lib/python3.11/site-packages/airflow/example_dags/example_params_ui_tutorial.py took 0.063 seconds
[2025-12-12T08:15:07.233-0500] {processor.py:161} INFO - Started process (PID=64013) to work on /Users/evankrupa/airflow_project/env/lib/python3.11/site-packages/airflow/example_dags/example_params_ui_tutorial.py
[2025-12-12T08:15:07.234-0500] {processor.py:830} INFO - Processing file /Users/evankrupa/airflow_project/env/lib/python3.11/site-packages/airflow/example_dags/example_params_ui_tutorial.py for tasks to queue
[2025-12-12T08:15:07.234-0500] {logging_mixin.py:188} INFO - [2025-12-12T08:15:07.234-0500] {dagbag.py:545} INFO - Filling up the DagBag from /Users/evankrupa/airflow_project/env/lib/python3.11/site-packages/airflow/example_dags/example_params_ui_tutorial.py
[2025-12-12T08:15:07.248-0500] {processor.py:840} INFO - DAG(s) 'example_params_ui_tutorial' retrieved from /Users/evankrupa/airflow_project/env/lib/python3.11/site-packages/airflow/example_dags/example_params_ui_tutorial.py
[2025-12-12T08:15:07.284-0500] {logging_mixin.py:188} INFO - [2025-12-12T08:15:07.284-0500] {dag.py:3096} INFO - Sync 1 DAGs
[2025-12-12T08:15:07.287-0500] {logging_mixin.py:188} INFO - [2025-12-12T08:15:07.287-0500] {dag.py:3954} INFO - Setting next_dagrun for example_params_ui_tutorial to None, run_after=None
[2025-12-12T08:15:07.293-0500] {processor.py:183} INFO - Processing /Users/evankrupa/airflow_project/env/lib/python3.11/site-packages/airflow/example_dags/example_params_ui_tutorial.py took 0.060 seconds
[2025-12-12T08:16:28.328-0500] {processor.py:161} INFO - Started process (PID=64083) to work on /Users/evankrupa/airflow_project/env/lib/python3.11/site-packages/airflow/example_dags/example_params_ui_tutorial.py
[2025-12-12T08:16:28.329-0500] {processor.py:830} INFO - Processing file /Users/evankrupa/airflow_project/env/lib/python3.11/site-packages/airflow/example_dags/example_params_ui_tutorial.py for tasks to queue
[2025-12-12T08:16:28.329-0500] {logging_mixin.py:188} INFO - [2025-12-12T08:16:28.329-0500] {dagbag.py:545} INFO - Filling up the DagBag from /Users/evankrupa/airflow_project/env/lib/python3.11/site-packages/airflow/example_dags/example_params_ui_tutorial.py
[2025-12-12T08:16:28.342-0500] {processor.py:840} INFO - DAG(s) 'example_params_ui_tutorial' retrieved from /Users/evankrupa/airflow_project/env/lib/python3.11/site-packages/airflow/example_dags/example_params_ui_tutorial.py
[2025-12-12T08:16:28.376-0500] {logging_mixin.py:188} INFO - [2025-12-12T08:16:28.376-0500] {dag.py:3096} INFO - Sync 1 DAGs
[2025-12-12T08:16:28.379-0500] {logging_mixin.py:188} INFO - [2025-12-12T08:16:28.379-0500] {dag.py:3954} INFO - Setting next_dagrun for example_params_ui_tutorial to None, run_after=None
[2025-12-12T08:16:28.384-0500] {processor.py:183} INFO - Processing /Users/evankrupa/airflow_project/env/lib/python3.11/site-packages/airflow/example_dags/example_params_ui_tutorial.py took 0.057 seconds
[2025-12-12T08:17:55.386-0500] {processor.py:161} INFO - Started process (PID=64152) to work on /Users/evankrupa/airflow_project/env/lib/python3.11/site-packages/airflow/example_dags/example_params_ui_tutorial.py
[2025-12-12T08:17:55.386-0500] {processor.py:830} INFO - Processing file /Users/evankrupa/airflow_project/env/lib/python3.11/site-packages/airflow/example_dags/example_params_ui_tutorial.py for tasks to queue
[2025-12-12T08:17:55.387-0500] {logging_mixin.py:188} INFO - [2025-12-12T08:17:55.387-0500] {dagbag.py:545} INFO - Filling up the DagBag from /Users/evankrupa/airflow_project/env/lib/python3.11/site-packages/airflow/example_dags/example_params_ui_tutorial.py
[2025-12-12T08:17:55.401-0500] {processor.py:840} INFO - DAG(s) 'example_params_ui_tutorial' retrieved from /Users/evankrupa/airflow_project/env/lib/python3.11/site-packages/airflow/example_dags/example_params_ui_tutorial.py
[2025-12-12T08:17:55.436-0500] {logging_mixin.py:188} INFO - [2025-12-12T08:17:55.436-0500] {dag.py:3096} INFO - Sync 1 DAGs
[2025-12-12T08:17:55.439-0500] {logging_mixin.py:188} INFO - [2025-12-12T08:17:55.439-0500] {dag.py:3954} INFO - Setting next_dagrun for example_params_ui_tutorial to None, run_after=None
[2025-12-12T08:17:55.445-0500] {processor.py:183} INFO - Processing /Users/evankrupa/airflow_project/env/lib/python3.11/site-packages/airflow/example_dags/example_params_ui_tutorial.py took 0.060 seconds
[2025-12-12T08:19:17.890-0500] {processor.py:161} INFO - Started process (PID=64218) to work on /Users/evankrupa/airflow_project/env/lib/python3.11/site-packages/airflow/example_dags/example_params_ui_tutorial.py
[2025-12-12T08:19:17.890-0500] {processor.py:830} INFO - Processing file /Users/evankrupa/airflow_project/env/lib/python3.11/site-packages/airflow/example_dags/example_params_ui_tutorial.py for tasks to queue
[2025-12-12T08:19:17.891-0500] {logging_mixin.py:188} INFO - [2025-12-12T08:19:17.891-0500] {dagbag.py:545} INFO - Filling up the DagBag from /Users/evankrupa/airflow_project/env/lib/python3.11/site-packages/airflow/example_dags/example_params_ui_tutorial.py
[2025-12-12T08:19:17.904-0500] {processor.py:840} INFO - DAG(s) 'example_params_ui_tutorial' retrieved from /Users/evankrupa/airflow_project/env/lib/python3.11/site-packages/airflow/example_dags/example_params_ui_tutorial.py
[2025-12-12T08:19:17.938-0500] {logging_mixin.py:188} INFO - [2025-12-12T08:19:17.938-0500] {dag.py:3096} INFO - Sync 1 DAGs
[2025-12-12T08:19:17.941-0500] {logging_mixin.py:188} INFO - [2025-12-12T08:19:17.941-0500] {dag.py:3954} INFO - Setting next_dagrun for example_params_ui_tutorial to None, run_after=None
[2025-12-12T08:19:17.946-0500] {processor.py:183} INFO - Processing /Users/evankrupa/airflow_project/env/lib/python3.11/site-packages/airflow/example_dags/example_params_ui_tutorial.py took 0.057 seconds
[2025-12-12T08:20:42.238-0500] {processor.py:161} INFO - Started process (PID=64286) to work on /Users/evankrupa/airflow_project/env/lib/python3.11/site-packages/airflow/example_dags/example_params_ui_tutorial.py
[2025-12-12T08:20:42.239-0500] {processor.py:830} INFO - Processing file /Users/evankrupa/airflow_project/env/lib/python3.11/site-packages/airflow/example_dags/example_params_ui_tutorial.py for tasks to queue
[2025-12-12T08:20:42.239-0500] {logging_mixin.py:188} INFO - [2025-12-12T08:20:42.239-0500] {dagbag.py:545} INFO - Filling up the DagBag from /Users/evankrupa/airflow_project/env/lib/python3.11/site-packages/airflow/example_dags/example_params_ui_tutorial.py
[2025-12-12T08:20:42.252-0500] {processor.py:840} INFO - DAG(s) 'example_params_ui_tutorial' retrieved from /Users/evankrupa/airflow_project/env/lib/python3.11/site-packages/airflow/example_dags/example_params_ui_tutorial.py
[2025-12-12T08:20:42.291-0500] {logging_mixin.py:188} INFO - [2025-12-12T08:20:42.290-0500] {dag.py:3096} INFO - Sync 1 DAGs
[2025-12-12T08:20:42.293-0500] {logging_mixin.py:188} INFO - [2025-12-12T08:20:42.293-0500] {dag.py:3954} INFO - Setting next_dagrun for example_params_ui_tutorial to None, run_after=None
[2025-12-12T08:20:42.299-0500] {processor.py:183} INFO - Processing /Users/evankrupa/airflow_project/env/lib/python3.11/site-packages/airflow/example_dags/example_params_ui_tutorial.py took 0.062 seconds
[2025-12-12T08:22:05.768-0500] {processor.py:161} INFO - Started process (PID=64353) to work on /Users/evankrupa/airflow_project/env/lib/python3.11/site-packages/airflow/example_dags/example_params_ui_tutorial.py
[2025-12-12T08:22:05.769-0500] {processor.py:830} INFO - Processing file /Users/evankrupa/airflow_project/env/lib/python3.11/site-packages/airflow/example_dags/example_params_ui_tutorial.py for tasks to queue
[2025-12-12T08:22:05.769-0500] {logging_mixin.py:188} INFO - [2025-12-12T08:22:05.769-0500] {dagbag.py:545} INFO - Filling up the DagBag from /Users/evankrupa/airflow_project/env/lib/python3.11/site-packages/airflow/example_dags/example_params_ui_tutorial.py
[2025-12-12T08:22:05.782-0500] {processor.py:840} INFO - DAG(s) 'example_params_ui_tutorial' retrieved from /Users/evankrupa/airflow_project/env/lib/python3.11/site-packages/airflow/example_dags/example_params_ui_tutorial.py
[2025-12-12T08:22:05.817-0500] {logging_mixin.py:188} INFO - [2025-12-12T08:22:05.817-0500] {dag.py:3096} INFO - Sync 1 DAGs
[2025-12-12T08:22:05.820-0500] {logging_mixin.py:188} INFO - [2025-12-12T08:22:05.820-0500] {dag.py:3954} INFO - Setting next_dagrun for example_params_ui_tutorial to None, run_after=None
[2025-12-12T08:22:05.825-0500] {processor.py:183} INFO - Processing /Users/evankrupa/airflow_project/env/lib/python3.11/site-packages/airflow/example_dags/example_params_ui_tutorial.py took 0.058 seconds
[2025-12-12T08:23:31.827-0500] {processor.py:161} INFO - Started process (PID=64428) to work on /Users/evankrupa/airflow_project/env/lib/python3.11/site-packages/airflow/example_dags/example_params_ui_tutorial.py
[2025-12-12T08:23:31.829-0500] {processor.py:830} INFO - Processing file /Users/evankrupa/airflow_project/env/lib/python3.11/site-packages/airflow/example_dags/example_params_ui_tutorial.py for tasks to queue
[2025-12-12T08:23:31.829-0500] {logging_mixin.py:188} INFO - [2025-12-12T08:23:31.829-0500] {dagbag.py:545} INFO - Filling up the DagBag from /Users/evankrupa/airflow_project/env/lib/python3.11/site-packages/airflow/example_dags/example_params_ui_tutorial.py
[2025-12-12T08:23:31.843-0500] {processor.py:840} INFO - DAG(s) 'example_params_ui_tutorial' retrieved from /Users/evankrupa/airflow_project/env/lib/python3.11/site-packages/airflow/example_dags/example_params_ui_tutorial.py
[2025-12-12T08:23:31.879-0500] {logging_mixin.py:188} INFO - [2025-12-12T08:23:31.878-0500] {dag.py:3096} INFO - Sync 1 DAGs
[2025-12-12T08:23:31.881-0500] {logging_mixin.py:188} INFO - [2025-12-12T08:23:31.881-0500] {dag.py:3954} INFO - Setting next_dagrun for example_params_ui_tutorial to None, run_after=None
[2025-12-12T08:23:31.887-0500] {processor.py:183} INFO - Processing /Users/evankrupa/airflow_project/env/lib/python3.11/site-packages/airflow/example_dags/example_params_ui_tutorial.py took 0.060 seconds
[2025-12-12T08:24:52.971-0500] {processor.py:161} INFO - Started process (PID=64493) to work on /Users/evankrupa/airflow_project/env/lib/python3.11/site-packages/airflow/example_dags/example_params_ui_tutorial.py
[2025-12-12T08:24:52.971-0500] {processor.py:830} INFO - Processing file /Users/evankrupa/airflow_project/env/lib/python3.11/site-packages/airflow/example_dags/example_params_ui_tutorial.py for tasks to queue
[2025-12-12T08:24:52.971-0500] {logging_mixin.py:188} INFO - [2025-12-12T08:24:52.971-0500] {dagbag.py:545} INFO - Filling up the DagBag from /Users/evankrupa/airflow_project/env/lib/python3.11/site-packages/airflow/example_dags/example_params_ui_tutorial.py
[2025-12-12T08:24:52.985-0500] {processor.py:840} INFO - DAG(s) 'example_params_ui_tutorial' retrieved from /Users/evankrupa/airflow_project/env/lib/python3.11/site-packages/airflow/example_dags/example_params_ui_tutorial.py
[2025-12-12T08:24:53.019-0500] {logging_mixin.py:188} INFO - [2025-12-12T08:24:53.019-0500] {dag.py:3096} INFO - Sync 1 DAGs
[2025-12-12T08:24:53.022-0500] {logging_mixin.py:188} INFO - [2025-12-12T08:24:53.022-0500] {dag.py:3954} INFO - Setting next_dagrun for example_params_ui_tutorial to None, run_after=None
[2025-12-12T08:24:53.028-0500] {processor.py:183} INFO - Processing /Users/evankrupa/airflow_project/env/lib/python3.11/site-packages/airflow/example_dags/example_params_ui_tutorial.py took 0.058 seconds
[2025-12-12T08:26:19.296-0500] {processor.py:161} INFO - Started process (PID=64561) to work on /Users/evankrupa/airflow_project/env/lib/python3.11/site-packages/airflow/example_dags/example_params_ui_tutorial.py
[2025-12-12T08:26:19.297-0500] {processor.py:830} INFO - Processing file /Users/evankrupa/airflow_project/env/lib/python3.11/site-packages/airflow/example_dags/example_params_ui_tutorial.py for tasks to queue
[2025-12-12T08:26:19.297-0500] {logging_mixin.py:188} INFO - [2025-12-12T08:26:19.297-0500] {dagbag.py:545} INFO - Filling up the DagBag from /Users/evankrupa/airflow_project/env/lib/python3.11/site-packages/airflow/example_dags/example_params_ui_tutorial.py
[2025-12-12T08:26:19.310-0500] {processor.py:840} INFO - DAG(s) 'example_params_ui_tutorial' retrieved from /Users/evankrupa/airflow_project/env/lib/python3.11/site-packages/airflow/example_dags/example_params_ui_tutorial.py
[2025-12-12T08:26:19.345-0500] {logging_mixin.py:188} INFO - [2025-12-12T08:26:19.345-0500] {dag.py:3096} INFO - Sync 1 DAGs
[2025-12-12T08:26:19.348-0500] {logging_mixin.py:188} INFO - [2025-12-12T08:26:19.348-0500] {dag.py:3954} INFO - Setting next_dagrun for example_params_ui_tutorial to None, run_after=None
[2025-12-12T08:26:19.353-0500] {processor.py:183} INFO - Processing /Users/evankrupa/airflow_project/env/lib/python3.11/site-packages/airflow/example_dags/example_params_ui_tutorial.py took 0.058 seconds
[2025-12-12T08:27:43.923-0500] {processor.py:161} INFO - Started process (PID=64663) to work on /Users/evankrupa/airflow_project/env/lib/python3.11/site-packages/airflow/example_dags/example_params_ui_tutorial.py
[2025-12-12T08:27:43.925-0500] {processor.py:830} INFO - Processing file /Users/evankrupa/airflow_project/env/lib/python3.11/site-packages/airflow/example_dags/example_params_ui_tutorial.py for tasks to queue
[2025-12-12T08:27:43.925-0500] {logging_mixin.py:188} INFO - [2025-12-12T08:27:43.925-0500] {dagbag.py:545} INFO - Filling up the DagBag from /Users/evankrupa/airflow_project/env/lib/python3.11/site-packages/airflow/example_dags/example_params_ui_tutorial.py
[2025-12-12T08:27:43.938-0500] {processor.py:840} INFO - DAG(s) 'example_params_ui_tutorial' retrieved from /Users/evankrupa/airflow_project/env/lib/python3.11/site-packages/airflow/example_dags/example_params_ui_tutorial.py
[2025-12-12T08:27:43.973-0500] {logging_mixin.py:188} INFO - [2025-12-12T08:27:43.973-0500] {dag.py:3096} INFO - Sync 1 DAGs
[2025-12-12T08:27:43.975-0500] {logging_mixin.py:188} INFO - [2025-12-12T08:27:43.975-0500] {dag.py:3954} INFO - Setting next_dagrun for example_params_ui_tutorial to None, run_after=None
[2025-12-12T08:27:43.981-0500] {processor.py:183} INFO - Processing /Users/evankrupa/airflow_project/env/lib/python3.11/site-packages/airflow/example_dags/example_params_ui_tutorial.py took 0.058 seconds
[2025-12-12T08:29:08.771-0500] {processor.py:161} INFO - Started process (PID=64741) to work on /Users/evankrupa/airflow_project/env/lib/python3.11/site-packages/airflow/example_dags/example_params_ui_tutorial.py
[2025-12-12T08:29:08.772-0500] {processor.py:830} INFO - Processing file /Users/evankrupa/airflow_project/env/lib/python3.11/site-packages/airflow/example_dags/example_params_ui_tutorial.py for tasks to queue
[2025-12-12T08:29:08.772-0500] {logging_mixin.py:188} INFO - [2025-12-12T08:29:08.772-0500] {dagbag.py:545} INFO - Filling up the DagBag from /Users/evankrupa/airflow_project/env/lib/python3.11/site-packages/airflow/example_dags/example_params_ui_tutorial.py
[2025-12-12T08:29:08.785-0500] {processor.py:840} INFO - DAG(s) 'example_params_ui_tutorial' retrieved from /Users/evankrupa/airflow_project/env/lib/python3.11/site-packages/airflow/example_dags/example_params_ui_tutorial.py
[2025-12-12T08:29:08.820-0500] {logging_mixin.py:188} INFO - [2025-12-12T08:29:08.820-0500] {dag.py:3096} INFO - Sync 1 DAGs
[2025-12-12T08:29:08.822-0500] {logging_mixin.py:188} INFO - [2025-12-12T08:29:08.822-0500] {dag.py:3954} INFO - Setting next_dagrun for example_params_ui_tutorial to None, run_after=None
[2025-12-12T08:29:08.828-0500] {processor.py:183} INFO - Processing /Users/evankrupa/airflow_project/env/lib/python3.11/site-packages/airflow/example_dags/example_params_ui_tutorial.py took 0.058 seconds
[2025-12-12T08:30:30.150-0500] {processor.py:161} INFO - Started process (PID=64823) to work on /Users/evankrupa/airflow_project/env/lib/python3.11/site-packages/airflow/example_dags/example_params_ui_tutorial.py
[2025-12-12T08:30:30.151-0500] {processor.py:830} INFO - Processing file /Users/evankrupa/airflow_project/env/lib/python3.11/site-packages/airflow/example_dags/example_params_ui_tutorial.py for tasks to queue
[2025-12-12T08:30:30.151-0500] {logging_mixin.py:188} INFO - [2025-12-12T08:30:30.151-0500] {dagbag.py:545} INFO - Filling up the DagBag from /Users/evankrupa/airflow_project/env/lib/python3.11/site-packages/airflow/example_dags/example_params_ui_tutorial.py
[2025-12-12T08:30:30.165-0500] {processor.py:840} INFO - DAG(s) 'example_params_ui_tutorial' retrieved from /Users/evankrupa/airflow_project/env/lib/python3.11/site-packages/airflow/example_dags/example_params_ui_tutorial.py
[2025-12-12T08:30:30.200-0500] {logging_mixin.py:188} INFO - [2025-12-12T08:30:30.200-0500] {dag.py:3096} INFO - Sync 1 DAGs
[2025-12-12T08:30:30.203-0500] {logging_mixin.py:188} INFO - [2025-12-12T08:30:30.203-0500] {dag.py:3954} INFO - Setting next_dagrun for example_params_ui_tutorial to None, run_after=None
[2025-12-12T08:30:30.209-0500] {processor.py:183} INFO - Processing /Users/evankrupa/airflow_project/env/lib/python3.11/site-packages/airflow/example_dags/example_params_ui_tutorial.py took 0.059 seconds
[2025-12-12T08:31:51.393-0500] {processor.py:161} INFO - Started process (PID=64902) to work on /Users/evankrupa/airflow_project/env/lib/python3.11/site-packages/airflow/example_dags/example_params_ui_tutorial.py
[2025-12-12T08:31:51.395-0500] {processor.py:830} INFO - Processing file /Users/evankrupa/airflow_project/env/lib/python3.11/site-packages/airflow/example_dags/example_params_ui_tutorial.py for tasks to queue
[2025-12-12T08:31:51.395-0500] {logging_mixin.py:188} INFO - [2025-12-12T08:31:51.395-0500] {dagbag.py:545} INFO - Filling up the DagBag from /Users/evankrupa/airflow_project/env/lib/python3.11/site-packages/airflow/example_dags/example_params_ui_tutorial.py
[2025-12-12T08:31:51.408-0500] {processor.py:840} INFO - DAG(s) 'example_params_ui_tutorial' retrieved from /Users/evankrupa/airflow_project/env/lib/python3.11/site-packages/airflow/example_dags/example_params_ui_tutorial.py
[2025-12-12T08:31:51.443-0500] {logging_mixin.py:188} INFO - [2025-12-12T08:31:51.443-0500] {dag.py:3096} INFO - Sync 1 DAGs
[2025-12-12T08:31:51.445-0500] {logging_mixin.py:188} INFO - [2025-12-12T08:31:51.445-0500] {dag.py:3954} INFO - Setting next_dagrun for example_params_ui_tutorial to None, run_after=None
[2025-12-12T08:31:51.451-0500] {processor.py:183} INFO - Processing /Users/evankrupa/airflow_project/env/lib/python3.11/site-packages/airflow/example_dags/example_params_ui_tutorial.py took 0.058 seconds
[2025-12-12T08:33:16.228-0500] {processor.py:161} INFO - Started process (PID=65003) to work on /Users/evankrupa/airflow_project/env/lib/python3.11/site-packages/airflow/example_dags/example_params_ui_tutorial.py
[2025-12-12T08:33:16.228-0500] {processor.py:830} INFO - Processing file /Users/evankrupa/airflow_project/env/lib/python3.11/site-packages/airflow/example_dags/example_params_ui_tutorial.py for tasks to queue
[2025-12-12T08:33:16.228-0500] {logging_mixin.py:188} INFO - [2025-12-12T08:33:16.228-0500] {dagbag.py:545} INFO - Filling up the DagBag from /Users/evankrupa/airflow_project/env/lib/python3.11/site-packages/airflow/example_dags/example_params_ui_tutorial.py
[2025-12-12T08:33:16.243-0500] {processor.py:840} INFO - DAG(s) 'example_params_ui_tutorial' retrieved from /Users/evankrupa/airflow_project/env/lib/python3.11/site-packages/airflow/example_dags/example_params_ui_tutorial.py
[2025-12-12T08:33:16.278-0500] {logging_mixin.py:188} INFO - [2025-12-12T08:33:16.278-0500] {dag.py:3096} INFO - Sync 1 DAGs
[2025-12-12T08:33:16.281-0500] {logging_mixin.py:188} INFO - [2025-12-12T08:33:16.280-0500] {dag.py:3954} INFO - Setting next_dagrun for example_params_ui_tutorial to None, run_after=None
[2025-12-12T08:33:16.286-0500] {processor.py:183} INFO - Processing /Users/evankrupa/airflow_project/env/lib/python3.11/site-packages/airflow/example_dags/example_params_ui_tutorial.py took 0.059 seconds
[2025-12-12T08:34:43.301-0500] {processor.py:161} INFO - Started process (PID=65096) to work on /Users/evankrupa/airflow_project/env/lib/python3.11/site-packages/airflow/example_dags/example_params_ui_tutorial.py
[2025-12-12T08:34:43.303-0500] {processor.py:830} INFO - Processing file /Users/evankrupa/airflow_project/env/lib/python3.11/site-packages/airflow/example_dags/example_params_ui_tutorial.py for tasks to queue
[2025-12-12T08:34:43.303-0500] {logging_mixin.py:188} INFO - [2025-12-12T08:34:43.303-0500] {dagbag.py:545} INFO - Filling up the DagBag from /Users/evankrupa/airflow_project/env/lib/python3.11/site-packages/airflow/example_dags/example_params_ui_tutorial.py
[2025-12-12T08:34:43.316-0500] {processor.py:840} INFO - DAG(s) 'example_params_ui_tutorial' retrieved from /Users/evankrupa/airflow_project/env/lib/python3.11/site-packages/airflow/example_dags/example_params_ui_tutorial.py
[2025-12-12T08:34:43.351-0500] {logging_mixin.py:188} INFO - [2025-12-12T08:34:43.351-0500] {dag.py:3096} INFO - Sync 1 DAGs
[2025-12-12T08:34:43.354-0500] {logging_mixin.py:188} INFO - [2025-12-12T08:34:43.354-0500] {dag.py:3954} INFO - Setting next_dagrun for example_params_ui_tutorial to None, run_after=None
[2025-12-12T08:34:43.359-0500] {processor.py:183} INFO - Processing /Users/evankrupa/airflow_project/env/lib/python3.11/site-packages/airflow/example_dags/example_params_ui_tutorial.py took 0.059 seconds
[2025-12-12T08:36:08.402-0500] {processor.py:161} INFO - Started process (PID=65189) to work on /Users/evankrupa/airflow_project/env/lib/python3.11/site-packages/airflow/example_dags/example_params_ui_tutorial.py
[2025-12-12T08:36:08.404-0500] {processor.py:830} INFO - Processing file /Users/evankrupa/airflow_project/env/lib/python3.11/site-packages/airflow/example_dags/example_params_ui_tutorial.py for tasks to queue
[2025-12-12T08:36:08.404-0500] {logging_mixin.py:188} INFO - [2025-12-12T08:36:08.404-0500] {dagbag.py:545} INFO - Filling up the DagBag from /Users/evankrupa/airflow_project/env/lib/python3.11/site-packages/airflow/example_dags/example_params_ui_tutorial.py
[2025-12-12T08:36:08.417-0500] {processor.py:840} INFO - DAG(s) 'example_params_ui_tutorial' retrieved from /Users/evankrupa/airflow_project/env/lib/python3.11/site-packages/airflow/example_dags/example_params_ui_tutorial.py
[2025-12-12T08:36:08.452-0500] {logging_mixin.py:188} INFO - [2025-12-12T08:36:08.452-0500] {dag.py:3096} INFO - Sync 1 DAGs
[2025-12-12T08:36:08.455-0500] {logging_mixin.py:188} INFO - [2025-12-12T08:36:08.455-0500] {dag.py:3954} INFO - Setting next_dagrun for example_params_ui_tutorial to None, run_after=None
[2025-12-12T08:36:08.460-0500] {processor.py:183} INFO - Processing /Users/evankrupa/airflow_project/env/lib/python3.11/site-packages/airflow/example_dags/example_params_ui_tutorial.py took 0.058 seconds
[2025-12-12T08:37:31.296-0500] {processor.py:161} INFO - Started process (PID=65257) to work on /Users/evankrupa/airflow_project/env/lib/python3.11/site-packages/airflow/example_dags/example_params_ui_tutorial.py
[2025-12-12T08:37:31.297-0500] {processor.py:830} INFO - Processing file /Users/evankrupa/airflow_project/env/lib/python3.11/site-packages/airflow/example_dags/example_params_ui_tutorial.py for tasks to queue
[2025-12-12T08:37:31.297-0500] {logging_mixin.py:188} INFO - [2025-12-12T08:37:31.297-0500] {dagbag.py:545} INFO - Filling up the DagBag from /Users/evankrupa/airflow_project/env/lib/python3.11/site-packages/airflow/example_dags/example_params_ui_tutorial.py
[2025-12-12T08:37:31.312-0500] {processor.py:840} INFO - DAG(s) 'example_params_ui_tutorial' retrieved from /Users/evankrupa/airflow_project/env/lib/python3.11/site-packages/airflow/example_dags/example_params_ui_tutorial.py
[2025-12-12T08:37:31.347-0500] {logging_mixin.py:188} INFO - [2025-12-12T08:37:31.347-0500] {dag.py:3096} INFO - Sync 1 DAGs
[2025-12-12T08:37:31.350-0500] {logging_mixin.py:188} INFO - [2025-12-12T08:37:31.350-0500] {dag.py:3954} INFO - Setting next_dagrun for example_params_ui_tutorial to None, run_after=None
[2025-12-12T08:37:31.355-0500] {processor.py:183} INFO - Processing /Users/evankrupa/airflow_project/env/lib/python3.11/site-packages/airflow/example_dags/example_params_ui_tutorial.py took 0.060 seconds
[2025-12-12T08:38:55.934-0500] {processor.py:161} INFO - Started process (PID=65335) to work on /Users/evankrupa/airflow_project/env/lib/python3.11/site-packages/airflow/example_dags/example_params_ui_tutorial.py
[2025-12-12T08:38:55.934-0500] {processor.py:830} INFO - Processing file /Users/evankrupa/airflow_project/env/lib/python3.11/site-packages/airflow/example_dags/example_params_ui_tutorial.py for tasks to queue
[2025-12-12T08:38:55.934-0500] {logging_mixin.py:188} INFO - [2025-12-12T08:38:55.934-0500] {dagbag.py:545} INFO - Filling up the DagBag from /Users/evankrupa/airflow_project/env/lib/python3.11/site-packages/airflow/example_dags/example_params_ui_tutorial.py
[2025-12-12T08:38:55.947-0500] {processor.py:840} INFO - DAG(s) 'example_params_ui_tutorial' retrieved from /Users/evankrupa/airflow_project/env/lib/python3.11/site-packages/airflow/example_dags/example_params_ui_tutorial.py
[2025-12-12T08:38:55.982-0500] {logging_mixin.py:188} INFO - [2025-12-12T08:38:55.982-0500] {dag.py:3096} INFO - Sync 1 DAGs
[2025-12-12T08:38:55.985-0500] {logging_mixin.py:188} INFO - [2025-12-12T08:38:55.984-0500] {dag.py:3954} INFO - Setting next_dagrun for example_params_ui_tutorial to None, run_after=None
[2025-12-12T08:38:55.990-0500] {processor.py:183} INFO - Processing /Users/evankrupa/airflow_project/env/lib/python3.11/site-packages/airflow/example_dags/example_params_ui_tutorial.py took 0.057 seconds
[2025-12-12T08:40:18.912-0500] {processor.py:161} INFO - Started process (PID=65410) to work on /Users/evankrupa/airflow_project/env/lib/python3.11/site-packages/airflow/example_dags/example_params_ui_tutorial.py
[2025-12-12T08:40:18.913-0500] {processor.py:830} INFO - Processing file /Users/evankrupa/airflow_project/env/lib/python3.11/site-packages/airflow/example_dags/example_params_ui_tutorial.py for tasks to queue
[2025-12-12T08:40:18.913-0500] {logging_mixin.py:188} INFO - [2025-12-12T08:40:18.913-0500] {dagbag.py:545} INFO - Filling up the DagBag from /Users/evankrupa/airflow_project/env/lib/python3.11/site-packages/airflow/example_dags/example_params_ui_tutorial.py
[2025-12-12T08:40:18.926-0500] {processor.py:840} INFO - DAG(s) 'example_params_ui_tutorial' retrieved from /Users/evankrupa/airflow_project/env/lib/python3.11/site-packages/airflow/example_dags/example_params_ui_tutorial.py
[2025-12-12T08:40:18.961-0500] {logging_mixin.py:188} INFO - [2025-12-12T08:40:18.961-0500] {dag.py:3096} INFO - Sync 1 DAGs
[2025-12-12T08:40:18.964-0500] {logging_mixin.py:188} INFO - [2025-12-12T08:40:18.963-0500] {dag.py:3954} INFO - Setting next_dagrun for example_params_ui_tutorial to None, run_after=None
[2025-12-12T08:40:18.969-0500] {processor.py:183} INFO - Processing /Users/evankrupa/airflow_project/env/lib/python3.11/site-packages/airflow/example_dags/example_params_ui_tutorial.py took 0.058 seconds
[2025-12-12T08:41:43.508-0500] {processor.py:161} INFO - Started process (PID=65491) to work on /Users/evankrupa/airflow_project/env/lib/python3.11/site-packages/airflow/example_dags/example_params_ui_tutorial.py
[2025-12-12T08:41:43.510-0500] {processor.py:830} INFO - Processing file /Users/evankrupa/airflow_project/env/lib/python3.11/site-packages/airflow/example_dags/example_params_ui_tutorial.py for tasks to queue
[2025-12-12T08:41:43.510-0500] {logging_mixin.py:188} INFO - [2025-12-12T08:41:43.510-0500] {dagbag.py:545} INFO - Filling up the DagBag from /Users/evankrupa/airflow_project/env/lib/python3.11/site-packages/airflow/example_dags/example_params_ui_tutorial.py
[2025-12-12T08:41:43.524-0500] {processor.py:840} INFO - DAG(s) 'example_params_ui_tutorial' retrieved from /Users/evankrupa/airflow_project/env/lib/python3.11/site-packages/airflow/example_dags/example_params_ui_tutorial.py
[2025-12-12T08:41:43.560-0500] {logging_mixin.py:188} INFO - [2025-12-12T08:41:43.560-0500] {dag.py:3096} INFO - Sync 1 DAGs
[2025-12-12T08:41:43.563-0500] {logging_mixin.py:188} INFO - [2025-12-12T08:41:43.563-0500] {dag.py:3954} INFO - Setting next_dagrun for example_params_ui_tutorial to None, run_after=None
[2025-12-12T08:41:43.568-0500] {processor.py:183} INFO - Processing /Users/evankrupa/airflow_project/env/lib/python3.11/site-packages/airflow/example_dags/example_params_ui_tutorial.py took 0.061 seconds
[2025-12-12T08:43:05.956-0500] {processor.py:161} INFO - Started process (PID=65571) to work on /Users/evankrupa/airflow_project/env/lib/python3.11/site-packages/airflow/example_dags/example_params_ui_tutorial.py
[2025-12-12T08:43:05.957-0500] {processor.py:830} INFO - Processing file /Users/evankrupa/airflow_project/env/lib/python3.11/site-packages/airflow/example_dags/example_params_ui_tutorial.py for tasks to queue
[2025-12-12T08:43:05.958-0500] {logging_mixin.py:188} INFO - [2025-12-12T08:43:05.957-0500] {dagbag.py:545} INFO - Filling up the DagBag from /Users/evankrupa/airflow_project/env/lib/python3.11/site-packages/airflow/example_dags/example_params_ui_tutorial.py
[2025-12-12T08:43:05.971-0500] {processor.py:840} INFO - DAG(s) 'example_params_ui_tutorial' retrieved from /Users/evankrupa/airflow_project/env/lib/python3.11/site-packages/airflow/example_dags/example_params_ui_tutorial.py
[2025-12-12T08:43:06.005-0500] {logging_mixin.py:188} INFO - [2025-12-12T08:43:06.005-0500] {dag.py:3096} INFO - Sync 1 DAGs
[2025-12-12T08:43:06.007-0500] {logging_mixin.py:188} INFO - [2025-12-12T08:43:06.007-0500] {dag.py:3954} INFO - Setting next_dagrun for example_params_ui_tutorial to None, run_after=None
[2025-12-12T08:43:06.014-0500] {processor.py:183} INFO - Processing /Users/evankrupa/airflow_project/env/lib/python3.11/site-packages/airflow/example_dags/example_params_ui_tutorial.py took 0.059 seconds
[2025-12-12T08:44:29.834-0500] {processor.py:161} INFO - Started process (PID=65641) to work on /Users/evankrupa/airflow_project/env/lib/python3.11/site-packages/airflow/example_dags/example_params_ui_tutorial.py
[2025-12-12T08:44:29.835-0500] {processor.py:830} INFO - Processing file /Users/evankrupa/airflow_project/env/lib/python3.11/site-packages/airflow/example_dags/example_params_ui_tutorial.py for tasks to queue
[2025-12-12T08:44:29.835-0500] {logging_mixin.py:188} INFO - [2025-12-12T08:44:29.835-0500] {dagbag.py:545} INFO - Filling up the DagBag from /Users/evankrupa/airflow_project/env/lib/python3.11/site-packages/airflow/example_dags/example_params_ui_tutorial.py
[2025-12-12T08:44:29.848-0500] {processor.py:840} INFO - DAG(s) 'example_params_ui_tutorial' retrieved from /Users/evankrupa/airflow_project/env/lib/python3.11/site-packages/airflow/example_dags/example_params_ui_tutorial.py
[2025-12-12T08:44:29.882-0500] {logging_mixin.py:188} INFO - [2025-12-12T08:44:29.882-0500] {dag.py:3096} INFO - Sync 1 DAGs
[2025-12-12T08:44:29.885-0500] {logging_mixin.py:188} INFO - [2025-12-12T08:44:29.885-0500] {dag.py:3954} INFO - Setting next_dagrun for example_params_ui_tutorial to None, run_after=None
[2025-12-12T08:44:29.890-0500] {processor.py:183} INFO - Processing /Users/evankrupa/airflow_project/env/lib/python3.11/site-packages/airflow/example_dags/example_params_ui_tutorial.py took 0.057 seconds
[2025-12-12T08:45:54.193-0500] {processor.py:161} INFO - Started process (PID=65721) to work on /Users/evankrupa/airflow_project/env/lib/python3.11/site-packages/airflow/example_dags/example_params_ui_tutorial.py
[2025-12-12T08:45:54.194-0500] {processor.py:830} INFO - Processing file /Users/evankrupa/airflow_project/env/lib/python3.11/site-packages/airflow/example_dags/example_params_ui_tutorial.py for tasks to queue
[2025-12-12T08:45:54.194-0500] {logging_mixin.py:188} INFO - [2025-12-12T08:45:54.194-0500] {dagbag.py:545} INFO - Filling up the DagBag from /Users/evankrupa/airflow_project/env/lib/python3.11/site-packages/airflow/example_dags/example_params_ui_tutorial.py
[2025-12-12T08:45:54.207-0500] {processor.py:840} INFO - DAG(s) 'example_params_ui_tutorial' retrieved from /Users/evankrupa/airflow_project/env/lib/python3.11/site-packages/airflow/example_dags/example_params_ui_tutorial.py
[2025-12-12T08:45:54.240-0500] {logging_mixin.py:188} INFO - [2025-12-12T08:45:54.240-0500] {dag.py:3096} INFO - Sync 1 DAGs
[2025-12-12T08:45:54.243-0500] {logging_mixin.py:188} INFO - [2025-12-12T08:45:54.243-0500] {dag.py:3954} INFO - Setting next_dagrun for example_params_ui_tutorial to None, run_after=None
[2025-12-12T08:45:54.248-0500] {processor.py:183} INFO - Processing /Users/evankrupa/airflow_project/env/lib/python3.11/site-packages/airflow/example_dags/example_params_ui_tutorial.py took 0.056 seconds
