[2025-12-12T07:25:35.890-0500] {processor.py:161} INFO - Started process (PID=56859) to work on /Users/evankrupa/airflow_project/env/lib/python3.11/site-packages/airflow/example_dags/example_setup_teardown.py
[2025-12-12T07:25:35.891-0500] {processor.py:830} INFO - Processing file /Users/evankrupa/airflow_project/env/lib/python3.11/site-packages/airflow/example_dags/example_setup_teardown.py for tasks to queue
[2025-12-12T07:25:35.891-0500] {logging_mixin.py:188} INFO - [2025-12-12T07:25:35.891-0500] {dagbag.py:545} INFO - Filling up the DagBag from /Users/evankrupa/airflow_project/env/lib/python3.11/site-packages/airflow/example_dags/example_setup_teardown.py
[2025-12-12T07:25:35.894-0500] {processor.py:840} INFO - DAG(s) 'example_setup_teardown' retrieved from /Users/evankrupa/airflow_project/env/lib/python3.11/site-packages/airflow/example_dags/example_setup_teardown.py
[2025-12-12T07:25:35.945-0500] {logging_mixin.py:188} INFO - [2025-12-12T07:25:35.945-0500] {override.py:1829} INFO - Created Permission View: can edit on DAG:example_setup_teardown
[2025-12-12T07:25:35.948-0500] {logging_mixin.py:188} INFO - [2025-12-12T07:25:35.948-0500] {override.py:1829} INFO - Created Permission View: can read on DAG:example_setup_teardown
[2025-12-12T07:25:35.949-0500] {logging_mixin.py:188} INFO - [2025-12-12T07:25:35.949-0500] {override.py:1829} INFO - Created Permission View: can delete on DAG:example_setup_teardown
[2025-12-12T07:25:35.949-0500] {logging_mixin.py:188} INFO - [2025-12-12T07:25:35.949-0500] {dag.py:3096} INFO - Sync 1 DAGs
[2025-12-12T07:25:35.952-0500] {logging_mixin.py:188} INFO - [2025-12-12T07:25:35.952-0500] {dag.py:3118} INFO - Creating ORM DAG for example_setup_teardown
[2025-12-12T07:25:35.954-0500] {logging_mixin.py:188} INFO - [2025-12-12T07:25:35.954-0500] {dag.py:3954} INFO - Setting next_dagrun for example_setup_teardown to 2025-12-11 00:00:00+00:00, run_after=2025-12-12 00:00:00+00:00
[2025-12-12T07:25:35.958-0500] {processor.py:183} INFO - Processing /Users/evankrupa/airflow_project/env/lib/python3.11/site-packages/airflow/example_dags/example_setup_teardown.py took 0.069 seconds
[2025-12-12T07:26:48.774-0500] {processor.py:161} INFO - Started process (PID=56925) to work on /Users/evankrupa/airflow_project/env/lib/python3.11/site-packages/airflow/example_dags/example_setup_teardown.py
[2025-12-12T07:26:48.775-0500] {processor.py:830} INFO - Processing file /Users/evankrupa/airflow_project/env/lib/python3.11/site-packages/airflow/example_dags/example_setup_teardown.py for tasks to queue
[2025-12-12T07:26:48.775-0500] {logging_mixin.py:188} INFO - [2025-12-12T07:26:48.775-0500] {dagbag.py:545} INFO - Filling up the DagBag from /Users/evankrupa/airflow_project/env/lib/python3.11/site-packages/airflow/example_dags/example_setup_teardown.py
[2025-12-12T07:26:48.777-0500] {processor.py:840} INFO - DAG(s) 'example_setup_teardown' retrieved from /Users/evankrupa/airflow_project/env/lib/python3.11/site-packages/airflow/example_dags/example_setup_teardown.py
[2025-12-12T07:26:48.805-0500] {logging_mixin.py:188} INFO - [2025-12-12T07:26:48.805-0500] {dag.py:3096} INFO - Sync 1 DAGs
[2025-12-12T07:26:48.810-0500] {logging_mixin.py:188} INFO - [2025-12-12T07:26:48.810-0500] {dag.py:3954} INFO - Setting next_dagrun for example_setup_teardown to 2025-12-11 00:00:00+00:00, run_after=2025-12-12 00:00:00+00:00
[2025-12-12T07:26:48.815-0500] {processor.py:183} INFO - Processing /Users/evankrupa/airflow_project/env/lib/python3.11/site-packages/airflow/example_dags/example_setup_teardown.py took 0.042 seconds
[2025-12-12T07:28:13.909-0500] {processor.py:161} INFO - Started process (PID=57729) to work on /Users/evankrupa/airflow_project/env/lib/python3.11/site-packages/airflow/example_dags/example_setup_teardown.py
[2025-12-12T07:28:13.910-0500] {processor.py:830} INFO - Processing file /Users/evankrupa/airflow_project/env/lib/python3.11/site-packages/airflow/example_dags/example_setup_teardown.py for tasks to queue
[2025-12-12T07:28:13.910-0500] {logging_mixin.py:188} INFO - [2025-12-12T07:28:13.910-0500] {dagbag.py:545} INFO - Filling up the DagBag from /Users/evankrupa/airflow_project/env/lib/python3.11/site-packages/airflow/example_dags/example_setup_teardown.py
[2025-12-12T07:28:13.913-0500] {processor.py:840} INFO - DAG(s) 'example_setup_teardown' retrieved from /Users/evankrupa/airflow_project/env/lib/python3.11/site-packages/airflow/example_dags/example_setup_teardown.py
[2025-12-12T07:28:13.940-0500] {logging_mixin.py:188} INFO - [2025-12-12T07:28:13.940-0500] {dag.py:3096} INFO - Sync 1 DAGs
[2025-12-12T07:28:13.945-0500] {logging_mixin.py:188} INFO - [2025-12-12T07:28:13.945-0500] {dag.py:3954} INFO - Setting next_dagrun for example_setup_teardown to 2025-12-11 00:00:00+00:00, run_after=2025-12-12 00:00:00+00:00
[2025-12-12T07:28:13.950-0500] {processor.py:183} INFO - Processing /Users/evankrupa/airflow_project/env/lib/python3.11/site-packages/airflow/example_dags/example_setup_teardown.py took 0.042 seconds
[2025-12-12T07:29:38.513-0500] {processor.py:161} INFO - Started process (PID=57940) to work on /Users/evankrupa/airflow_project/env/lib/python3.11/site-packages/airflow/example_dags/example_setup_teardown.py
[2025-12-12T07:29:38.514-0500] {processor.py:830} INFO - Processing file /Users/evankrupa/airflow_project/env/lib/python3.11/site-packages/airflow/example_dags/example_setup_teardown.py for tasks to queue
[2025-12-12T07:29:38.514-0500] {logging_mixin.py:188} INFO - [2025-12-12T07:29:38.514-0500] {dagbag.py:545} INFO - Filling up the DagBag from /Users/evankrupa/airflow_project/env/lib/python3.11/site-packages/airflow/example_dags/example_setup_teardown.py
[2025-12-12T07:29:38.516-0500] {processor.py:840} INFO - DAG(s) 'example_setup_teardown' retrieved from /Users/evankrupa/airflow_project/env/lib/python3.11/site-packages/airflow/example_dags/example_setup_teardown.py
[2025-12-12T07:29:38.547-0500] {logging_mixin.py:188} INFO - [2025-12-12T07:29:38.546-0500] {dag.py:3096} INFO - Sync 1 DAGs
[2025-12-12T07:29:38.552-0500] {logging_mixin.py:188} INFO - [2025-12-12T07:29:38.551-0500] {dag.py:3954} INFO - Setting next_dagrun for example_setup_teardown to 2025-12-11 00:00:00+00:00, run_after=2025-12-12 00:00:00+00:00
[2025-12-12T07:29:38.557-0500] {processor.py:183} INFO - Processing /Users/evankrupa/airflow_project/env/lib/python3.11/site-packages/airflow/example_dags/example_setup_teardown.py took 0.045 seconds
[2025-12-12T07:31:02.721-0500] {processor.py:161} INFO - Started process (PID=58065) to work on /Users/evankrupa/airflow_project/env/lib/python3.11/site-packages/airflow/example_dags/example_setup_teardown.py
[2025-12-12T07:31:02.721-0500] {processor.py:830} INFO - Processing file /Users/evankrupa/airflow_project/env/lib/python3.11/site-packages/airflow/example_dags/example_setup_teardown.py for tasks to queue
[2025-12-12T07:31:02.721-0500] {logging_mixin.py:188} INFO - [2025-12-12T07:31:02.721-0500] {dagbag.py:545} INFO - Filling up the DagBag from /Users/evankrupa/airflow_project/env/lib/python3.11/site-packages/airflow/example_dags/example_setup_teardown.py
[2025-12-12T07:31:02.724-0500] {processor.py:840} INFO - DAG(s) 'example_setup_teardown' retrieved from /Users/evankrupa/airflow_project/env/lib/python3.11/site-packages/airflow/example_dags/example_setup_teardown.py
[2025-12-12T07:31:02.753-0500] {logging_mixin.py:188} INFO - [2025-12-12T07:31:02.753-0500] {dag.py:3096} INFO - Sync 1 DAGs
[2025-12-12T07:31:02.758-0500] {logging_mixin.py:188} INFO - [2025-12-12T07:31:02.758-0500] {dag.py:3954} INFO - Setting next_dagrun for example_setup_teardown to 2025-12-11 00:00:00+00:00, run_after=2025-12-12 00:00:00+00:00
[2025-12-12T07:31:02.763-0500] {processor.py:183} INFO - Processing /Users/evankrupa/airflow_project/env/lib/python3.11/site-packages/airflow/example_dags/example_setup_teardown.py took 0.043 seconds
[2025-12-12T07:32:30.978-0500] {processor.py:161} INFO - Started process (PID=58406) to work on /Users/evankrupa/airflow_project/env/lib/python3.11/site-packages/airflow/example_dags/example_setup_teardown.py
[2025-12-12T07:32:30.979-0500] {processor.py:830} INFO - Processing file /Users/evankrupa/airflow_project/env/lib/python3.11/site-packages/airflow/example_dags/example_setup_teardown.py for tasks to queue
[2025-12-12T07:32:30.980-0500] {logging_mixin.py:188} INFO - [2025-12-12T07:32:30.980-0500] {dagbag.py:545} INFO - Filling up the DagBag from /Users/evankrupa/airflow_project/env/lib/python3.11/site-packages/airflow/example_dags/example_setup_teardown.py
[2025-12-12T07:32:30.982-0500] {processor.py:840} INFO - DAG(s) 'example_setup_teardown' retrieved from /Users/evankrupa/airflow_project/env/lib/python3.11/site-packages/airflow/example_dags/example_setup_teardown.py
[2025-12-12T07:32:31.010-0500] {logging_mixin.py:188} INFO - [2025-12-12T07:32:31.010-0500] {dag.py:3096} INFO - Sync 1 DAGs
[2025-12-12T07:32:31.014-0500] {logging_mixin.py:188} INFO - [2025-12-12T07:32:31.014-0500] {dag.py:3954} INFO - Setting next_dagrun for example_setup_teardown to 2025-12-11 00:00:00+00:00, run_after=2025-12-12 00:00:00+00:00
[2025-12-12T07:32:31.020-0500] {processor.py:183} INFO - Processing /Users/evankrupa/airflow_project/env/lib/python3.11/site-packages/airflow/example_dags/example_setup_teardown.py took 0.042 seconds
[2025-12-12T07:33:57.674-0500] {processor.py:161} INFO - Started process (PID=58483) to work on /Users/evankrupa/airflow_project/env/lib/python3.11/site-packages/airflow/example_dags/example_setup_teardown.py
[2025-12-12T07:33:57.675-0500] {processor.py:830} INFO - Processing file /Users/evankrupa/airflow_project/env/lib/python3.11/site-packages/airflow/example_dags/example_setup_teardown.py for tasks to queue
[2025-12-12T07:33:57.675-0500] {logging_mixin.py:188} INFO - [2025-12-12T07:33:57.675-0500] {dagbag.py:545} INFO - Filling up the DagBag from /Users/evankrupa/airflow_project/env/lib/python3.11/site-packages/airflow/example_dags/example_setup_teardown.py
[2025-12-12T07:33:57.677-0500] {processor.py:840} INFO - DAG(s) 'example_setup_teardown' retrieved from /Users/evankrupa/airflow_project/env/lib/python3.11/site-packages/airflow/example_dags/example_setup_teardown.py
[2025-12-12T07:33:57.706-0500] {logging_mixin.py:188} INFO - [2025-12-12T07:33:57.706-0500] {dag.py:3096} INFO - Sync 1 DAGs
[2025-12-12T07:33:57.711-0500] {logging_mixin.py:188} INFO - [2025-12-12T07:33:57.711-0500] {dag.py:3954} INFO - Setting next_dagrun for example_setup_teardown to 2025-12-11 00:00:00+00:00, run_after=2025-12-12 00:00:00+00:00
[2025-12-12T07:33:57.717-0500] {processor.py:183} INFO - Processing /Users/evankrupa/airflow_project/env/lib/python3.11/site-packages/airflow/example_dags/example_setup_teardown.py took 0.044 seconds
[2025-12-12T07:35:21.459-0500] {processor.py:161} INFO - Started process (PID=58558) to work on /Users/evankrupa/airflow_project/env/lib/python3.11/site-packages/airflow/example_dags/example_setup_teardown.py
[2025-12-12T07:35:21.460-0500] {processor.py:830} INFO - Processing file /Users/evankrupa/airflow_project/env/lib/python3.11/site-packages/airflow/example_dags/example_setup_teardown.py for tasks to queue
[2025-12-12T07:35:21.460-0500] {logging_mixin.py:188} INFO - [2025-12-12T07:35:21.460-0500] {dagbag.py:545} INFO - Filling up the DagBag from /Users/evankrupa/airflow_project/env/lib/python3.11/site-packages/airflow/example_dags/example_setup_teardown.py
[2025-12-12T07:35:21.463-0500] {processor.py:840} INFO - DAG(s) 'example_setup_teardown' retrieved from /Users/evankrupa/airflow_project/env/lib/python3.11/site-packages/airflow/example_dags/example_setup_teardown.py
[2025-12-12T07:35:21.491-0500] {logging_mixin.py:188} INFO - [2025-12-12T07:35:21.491-0500] {dag.py:3096} INFO - Sync 1 DAGs
[2025-12-12T07:35:21.498-0500] {logging_mixin.py:188} INFO - [2025-12-12T07:35:21.497-0500] {dag.py:3954} INFO - Setting next_dagrun for example_setup_teardown to 2025-12-11 00:00:00+00:00, run_after=2025-12-12 00:00:00+00:00
[2025-12-12T07:35:21.504-0500] {processor.py:183} INFO - Processing /Users/evankrupa/airflow_project/env/lib/python3.11/site-packages/airflow/example_dags/example_setup_teardown.py took 0.046 seconds
[2025-12-12T07:36:45.202-0500] {processor.py:161} INFO - Started process (PID=58628) to work on /Users/evankrupa/airflow_project/env/lib/python3.11/site-packages/airflow/example_dags/example_setup_teardown.py
[2025-12-12T07:36:45.203-0500] {processor.py:830} INFO - Processing file /Users/evankrupa/airflow_project/env/lib/python3.11/site-packages/airflow/example_dags/example_setup_teardown.py for tasks to queue
[2025-12-12T07:36:45.203-0500] {logging_mixin.py:188} INFO - [2025-12-12T07:36:45.203-0500] {dagbag.py:545} INFO - Filling up the DagBag from /Users/evankrupa/airflow_project/env/lib/python3.11/site-packages/airflow/example_dags/example_setup_teardown.py
[2025-12-12T07:36:45.206-0500] {processor.py:840} INFO - DAG(s) 'example_setup_teardown' retrieved from /Users/evankrupa/airflow_project/env/lib/python3.11/site-packages/airflow/example_dags/example_setup_teardown.py
[2025-12-12T07:36:45.235-0500] {logging_mixin.py:188} INFO - [2025-12-12T07:36:45.234-0500] {dag.py:3096} INFO - Sync 1 DAGs
[2025-12-12T07:36:45.239-0500] {logging_mixin.py:188} INFO - [2025-12-12T07:36:45.239-0500] {dag.py:3954} INFO - Setting next_dagrun for example_setup_teardown to 2025-12-11 00:00:00+00:00, run_after=2025-12-12 00:00:00+00:00
[2025-12-12T07:36:45.245-0500] {processor.py:183} INFO - Processing /Users/evankrupa/airflow_project/env/lib/python3.11/site-packages/airflow/example_dags/example_setup_teardown.py took 0.044 seconds
[2025-12-12T07:38:10.303-0500] {processor.py:161} INFO - Started process (PID=58702) to work on /Users/evankrupa/airflow_project/env/lib/python3.11/site-packages/airflow/example_dags/example_setup_teardown.py
[2025-12-12T07:38:10.303-0500] {processor.py:830} INFO - Processing file /Users/evankrupa/airflow_project/env/lib/python3.11/site-packages/airflow/example_dags/example_setup_teardown.py for tasks to queue
[2025-12-12T07:38:10.304-0500] {logging_mixin.py:188} INFO - [2025-12-12T07:38:10.303-0500] {dagbag.py:545} INFO - Filling up the DagBag from /Users/evankrupa/airflow_project/env/lib/python3.11/site-packages/airflow/example_dags/example_setup_teardown.py
[2025-12-12T07:38:10.306-0500] {processor.py:840} INFO - DAG(s) 'example_setup_teardown' retrieved from /Users/evankrupa/airflow_project/env/lib/python3.11/site-packages/airflow/example_dags/example_setup_teardown.py
[2025-12-12T07:38:10.334-0500] {logging_mixin.py:188} INFO - [2025-12-12T07:38:10.334-0500] {dag.py:3096} INFO - Sync 1 DAGs
[2025-12-12T07:38:10.339-0500] {logging_mixin.py:188} INFO - [2025-12-12T07:38:10.339-0500] {dag.py:3954} INFO - Setting next_dagrun for example_setup_teardown to 2025-12-11 00:00:00+00:00, run_after=2025-12-12 00:00:00+00:00
[2025-12-12T07:38:10.345-0500] {processor.py:183} INFO - Processing /Users/evankrupa/airflow_project/env/lib/python3.11/site-packages/airflow/example_dags/example_setup_teardown.py took 0.043 seconds
[2025-12-12T07:39:35.334-0500] {processor.py:161} INFO - Started process (PID=58820) to work on /Users/evankrupa/airflow_project/env/lib/python3.11/site-packages/airflow/example_dags/example_setup_teardown.py
[2025-12-12T07:39:35.335-0500] {processor.py:830} INFO - Processing file /Users/evankrupa/airflow_project/env/lib/python3.11/site-packages/airflow/example_dags/example_setup_teardown.py for tasks to queue
[2025-12-12T07:39:35.335-0500] {logging_mixin.py:188} INFO - [2025-12-12T07:39:35.335-0500] {dagbag.py:545} INFO - Filling up the DagBag from /Users/evankrupa/airflow_project/env/lib/python3.11/site-packages/airflow/example_dags/example_setup_teardown.py
[2025-12-12T07:39:35.338-0500] {processor.py:840} INFO - DAG(s) 'example_setup_teardown' retrieved from /Users/evankrupa/airflow_project/env/lib/python3.11/site-packages/airflow/example_dags/example_setup_teardown.py
[2025-12-12T07:39:35.367-0500] {logging_mixin.py:188} INFO - [2025-12-12T07:39:35.367-0500] {dag.py:3096} INFO - Sync 1 DAGs
[2025-12-12T07:39:35.372-0500] {logging_mixin.py:188} INFO - [2025-12-12T07:39:35.372-0500] {dag.py:3954} INFO - Setting next_dagrun for example_setup_teardown to 2025-12-11 00:00:00+00:00, run_after=2025-12-12 00:00:00+00:00
[2025-12-12T07:39:35.378-0500] {processor.py:183} INFO - Processing /Users/evankrupa/airflow_project/env/lib/python3.11/site-packages/airflow/example_dags/example_setup_teardown.py took 0.044 seconds
[2025-12-12T07:41:00.064-0500] {processor.py:161} INFO - Started process (PID=58927) to work on /Users/evankrupa/airflow_project/env/lib/python3.11/site-packages/airflow/example_dags/example_setup_teardown.py
[2025-12-12T07:41:00.065-0500] {processor.py:830} INFO - Processing file /Users/evankrupa/airflow_project/env/lib/python3.11/site-packages/airflow/example_dags/example_setup_teardown.py for tasks to queue
[2025-12-12T07:41:00.066-0500] {logging_mixin.py:188} INFO - [2025-12-12T07:41:00.066-0500] {dagbag.py:545} INFO - Filling up the DagBag from /Users/evankrupa/airflow_project/env/lib/python3.11/site-packages/airflow/example_dags/example_setup_teardown.py
[2025-12-12T07:41:00.069-0500] {processor.py:840} INFO - DAG(s) 'example_setup_teardown' retrieved from /Users/evankrupa/airflow_project/env/lib/python3.11/site-packages/airflow/example_dags/example_setup_teardown.py
[2025-12-12T07:41:00.101-0500] {logging_mixin.py:188} INFO - [2025-12-12T07:41:00.101-0500] {dag.py:3096} INFO - Sync 1 DAGs
[2025-12-12T07:41:00.106-0500] {logging_mixin.py:188} INFO - [2025-12-12T07:41:00.106-0500] {dag.py:3954} INFO - Setting next_dagrun for example_setup_teardown to 2025-12-11 00:00:00+00:00, run_after=2025-12-12 00:00:00+00:00
[2025-12-12T07:41:00.113-0500] {processor.py:183} INFO - Processing /Users/evankrupa/airflow_project/env/lib/python3.11/site-packages/airflow/example_dags/example_setup_teardown.py took 0.050 seconds
[2025-12-12T07:42:25.442-0500] {processor.py:161} INFO - Started process (PID=59029) to work on /Users/evankrupa/airflow_project/env/lib/python3.11/site-packages/airflow/example_dags/example_setup_teardown.py
[2025-12-12T07:42:25.442-0500] {processor.py:830} INFO - Processing file /Users/evankrupa/airflow_project/env/lib/python3.11/site-packages/airflow/example_dags/example_setup_teardown.py for tasks to queue
[2025-12-12T07:42:25.442-0500] {logging_mixin.py:188} INFO - [2025-12-12T07:42:25.442-0500] {dagbag.py:545} INFO - Filling up the DagBag from /Users/evankrupa/airflow_project/env/lib/python3.11/site-packages/airflow/example_dags/example_setup_teardown.py
[2025-12-12T07:42:25.445-0500] {processor.py:840} INFO - DAG(s) 'example_setup_teardown' retrieved from /Users/evankrupa/airflow_project/env/lib/python3.11/site-packages/airflow/example_dags/example_setup_teardown.py
[2025-12-12T07:42:25.474-0500] {logging_mixin.py:188} INFO - [2025-12-12T07:42:25.474-0500] {dag.py:3096} INFO - Sync 1 DAGs
[2025-12-12T07:42:25.479-0500] {logging_mixin.py:188} INFO - [2025-12-12T07:42:25.479-0500] {dag.py:3954} INFO - Setting next_dagrun for example_setup_teardown to 2025-12-11 00:00:00+00:00, run_after=2025-12-12 00:00:00+00:00
[2025-12-12T07:42:25.485-0500] {processor.py:183} INFO - Processing /Users/evankrupa/airflow_project/env/lib/python3.11/site-packages/airflow/example_dags/example_setup_teardown.py took 0.045 seconds
[2025-12-12T07:43:47.721-0500] {processor.py:161} INFO - Started process (PID=59166) to work on /Users/evankrupa/airflow_project/env/lib/python3.11/site-packages/airflow/example_dags/example_setup_teardown.py
[2025-12-12T07:43:47.722-0500] {processor.py:830} INFO - Processing file /Users/evankrupa/airflow_project/env/lib/python3.11/site-packages/airflow/example_dags/example_setup_teardown.py for tasks to queue
[2025-12-12T07:43:47.722-0500] {logging_mixin.py:188} INFO - [2025-12-12T07:43:47.722-0500] {dagbag.py:545} INFO - Filling up the DagBag from /Users/evankrupa/airflow_project/env/lib/python3.11/site-packages/airflow/example_dags/example_setup_teardown.py
[2025-12-12T07:43:47.724-0500] {processor.py:840} INFO - DAG(s) 'example_setup_teardown' retrieved from /Users/evankrupa/airflow_project/env/lib/python3.11/site-packages/airflow/example_dags/example_setup_teardown.py
[2025-12-12T07:43:47.752-0500] {logging_mixin.py:188} INFO - [2025-12-12T07:43:47.752-0500] {dag.py:3096} INFO - Sync 1 DAGs
[2025-12-12T07:43:47.757-0500] {logging_mixin.py:188} INFO - [2025-12-12T07:43:47.757-0500] {dag.py:3954} INFO - Setting next_dagrun for example_setup_teardown to 2025-12-11 00:00:00+00:00, run_after=2025-12-12 00:00:00+00:00
[2025-12-12T07:43:47.762-0500] {processor.py:183} INFO - Processing /Users/evankrupa/airflow_project/env/lib/python3.11/site-packages/airflow/example_dags/example_setup_teardown.py took 0.042 seconds
[2025-12-12T07:45:14.251-0500] {processor.py:161} INFO - Started process (PID=59253) to work on /Users/evankrupa/airflow_project/env/lib/python3.11/site-packages/airflow/example_dags/example_setup_teardown.py
[2025-12-12T07:45:14.252-0500] {processor.py:830} INFO - Processing file /Users/evankrupa/airflow_project/env/lib/python3.11/site-packages/airflow/example_dags/example_setup_teardown.py for tasks to queue
[2025-12-12T07:45:14.252-0500] {logging_mixin.py:188} INFO - [2025-12-12T07:45:14.252-0500] {dagbag.py:545} INFO - Filling up the DagBag from /Users/evankrupa/airflow_project/env/lib/python3.11/site-packages/airflow/example_dags/example_setup_teardown.py
[2025-12-12T07:45:14.255-0500] {processor.py:840} INFO - DAG(s) 'example_setup_teardown' retrieved from /Users/evankrupa/airflow_project/env/lib/python3.11/site-packages/airflow/example_dags/example_setup_teardown.py
[2025-12-12T07:45:14.283-0500] {logging_mixin.py:188} INFO - [2025-12-12T07:45:14.283-0500] {dag.py:3096} INFO - Sync 1 DAGs
[2025-12-12T07:45:14.288-0500] {logging_mixin.py:188} INFO - [2025-12-12T07:45:14.288-0500] {dag.py:3954} INFO - Setting next_dagrun for example_setup_teardown to 2025-12-11 00:00:00+00:00, run_after=2025-12-12 00:00:00+00:00
[2025-12-12T07:45:14.294-0500] {processor.py:183} INFO - Processing /Users/evankrupa/airflow_project/env/lib/python3.11/site-packages/airflow/example_dags/example_setup_teardown.py took 0.044 seconds
[2025-12-12T07:46:39.706-0500] {processor.py:161} INFO - Started process (PID=59328) to work on /Users/evankrupa/airflow_project/env/lib/python3.11/site-packages/airflow/example_dags/example_setup_teardown.py
[2025-12-12T07:46:39.707-0500] {processor.py:830} INFO - Processing file /Users/evankrupa/airflow_project/env/lib/python3.11/site-packages/airflow/example_dags/example_setup_teardown.py for tasks to queue
[2025-12-12T07:46:39.708-0500] {logging_mixin.py:188} INFO - [2025-12-12T07:46:39.707-0500] {dagbag.py:545} INFO - Filling up the DagBag from /Users/evankrupa/airflow_project/env/lib/python3.11/site-packages/airflow/example_dags/example_setup_teardown.py
[2025-12-12T07:46:39.710-0500] {processor.py:840} INFO - DAG(s) 'example_setup_teardown' retrieved from /Users/evankrupa/airflow_project/env/lib/python3.11/site-packages/airflow/example_dags/example_setup_teardown.py
[2025-12-12T07:46:39.738-0500] {logging_mixin.py:188} INFO - [2025-12-12T07:46:39.738-0500] {dag.py:3096} INFO - Sync 1 DAGs
[2025-12-12T07:46:39.743-0500] {logging_mixin.py:188} INFO - [2025-12-12T07:46:39.743-0500] {dag.py:3954} INFO - Setting next_dagrun for example_setup_teardown to 2025-12-11 00:00:00+00:00, run_after=2025-12-12 00:00:00+00:00
[2025-12-12T07:46:39.749-0500] {processor.py:183} INFO - Processing /Users/evankrupa/airflow_project/env/lib/python3.11/site-packages/airflow/example_dags/example_setup_teardown.py took 0.043 seconds
[2025-12-12T07:48:03.084-0500] {processor.py:161} INFO - Started process (PID=59425) to work on /Users/evankrupa/airflow_project/env/lib/python3.11/site-packages/airflow/example_dags/example_setup_teardown.py
[2025-12-12T07:48:03.084-0500] {processor.py:830} INFO - Processing file /Users/evankrupa/airflow_project/env/lib/python3.11/site-packages/airflow/example_dags/example_setup_teardown.py for tasks to queue
[2025-12-12T07:48:03.084-0500] {logging_mixin.py:188} INFO - [2025-12-12T07:48:03.084-0500] {dagbag.py:545} INFO - Filling up the DagBag from /Users/evankrupa/airflow_project/env/lib/python3.11/site-packages/airflow/example_dags/example_setup_teardown.py
[2025-12-12T07:48:03.087-0500] {processor.py:840} INFO - DAG(s) 'example_setup_teardown' retrieved from /Users/evankrupa/airflow_project/env/lib/python3.11/site-packages/airflow/example_dags/example_setup_teardown.py
[2025-12-12T07:48:03.117-0500] {logging_mixin.py:188} INFO - [2025-12-12T07:48:03.117-0500] {dag.py:3096} INFO - Sync 1 DAGs
[2025-12-12T07:48:03.122-0500] {logging_mixin.py:188} INFO - [2025-12-12T07:48:03.122-0500] {dag.py:3954} INFO - Setting next_dagrun for example_setup_teardown to 2025-12-11 00:00:00+00:00, run_after=2025-12-12 00:00:00+00:00
[2025-12-12T07:48:03.128-0500] {processor.py:183} INFO - Processing /Users/evankrupa/airflow_project/env/lib/python3.11/site-packages/airflow/example_dags/example_setup_teardown.py took 0.045 seconds
[2025-12-12T07:49:31.254-0500] {processor.py:161} INFO - Started process (PID=59516) to work on /Users/evankrupa/airflow_project/env/lib/python3.11/site-packages/airflow/example_dags/example_setup_teardown.py
[2025-12-12T07:49:31.255-0500] {processor.py:830} INFO - Processing file /Users/evankrupa/airflow_project/env/lib/python3.11/site-packages/airflow/example_dags/example_setup_teardown.py for tasks to queue
[2025-12-12T07:49:31.255-0500] {logging_mixin.py:188} INFO - [2025-12-12T07:49:31.255-0500] {dagbag.py:545} INFO - Filling up the DagBag from /Users/evankrupa/airflow_project/env/lib/python3.11/site-packages/airflow/example_dags/example_setup_teardown.py
[2025-12-12T07:49:31.257-0500] {processor.py:840} INFO - DAG(s) 'example_setup_teardown' retrieved from /Users/evankrupa/airflow_project/env/lib/python3.11/site-packages/airflow/example_dags/example_setup_teardown.py
[2025-12-12T07:49:31.286-0500] {logging_mixin.py:188} INFO - [2025-12-12T07:49:31.286-0500] {dag.py:3096} INFO - Sync 1 DAGs
[2025-12-12T07:49:31.290-0500] {logging_mixin.py:188} INFO - [2025-12-12T07:49:31.290-0500] {dag.py:3954} INFO - Setting next_dagrun for example_setup_teardown to 2025-12-11 00:00:00+00:00, run_after=2025-12-12 00:00:00+00:00
[2025-12-12T07:49:31.296-0500] {processor.py:183} INFO - Processing /Users/evankrupa/airflow_project/env/lib/python3.11/site-packages/airflow/example_dags/example_setup_teardown.py took 0.043 seconds
[2025-12-12T07:50:56.083-0500] {processor.py:161} INFO - Started process (PID=59594) to work on /Users/evankrupa/airflow_project/env/lib/python3.11/site-packages/airflow/example_dags/example_setup_teardown.py
[2025-12-12T07:50:56.084-0500] {processor.py:830} INFO - Processing file /Users/evankrupa/airflow_project/env/lib/python3.11/site-packages/airflow/example_dags/example_setup_teardown.py for tasks to queue
[2025-12-12T07:50:56.084-0500] {logging_mixin.py:188} INFO - [2025-12-12T07:50:56.084-0500] {dagbag.py:545} INFO - Filling up the DagBag from /Users/evankrupa/airflow_project/env/lib/python3.11/site-packages/airflow/example_dags/example_setup_teardown.py
[2025-12-12T07:50:56.087-0500] {processor.py:840} INFO - DAG(s) 'example_setup_teardown' retrieved from /Users/evankrupa/airflow_project/env/lib/python3.11/site-packages/airflow/example_dags/example_setup_teardown.py
[2025-12-12T07:50:56.115-0500] {logging_mixin.py:188} INFO - [2025-12-12T07:50:56.115-0500] {dag.py:3096} INFO - Sync 1 DAGs
[2025-12-12T07:50:56.119-0500] {logging_mixin.py:188} INFO - [2025-12-12T07:50:56.119-0500] {dag.py:3954} INFO - Setting next_dagrun for example_setup_teardown to 2025-12-11 00:00:00+00:00, run_after=2025-12-12 00:00:00+00:00
[2025-12-12T07:50:56.125-0500] {processor.py:183} INFO - Processing /Users/evankrupa/airflow_project/env/lib/python3.11/site-packages/airflow/example_dags/example_setup_teardown.py took 0.043 seconds
[2025-12-12T07:52:21.599-0500] {processor.py:161} INFO - Started process (PID=59662) to work on /Users/evankrupa/airflow_project/env/lib/python3.11/site-packages/airflow/example_dags/example_setup_teardown.py
[2025-12-12T07:52:21.600-0500] {processor.py:830} INFO - Processing file /Users/evankrupa/airflow_project/env/lib/python3.11/site-packages/airflow/example_dags/example_setup_teardown.py for tasks to queue
[2025-12-12T07:52:21.600-0500] {logging_mixin.py:188} INFO - [2025-12-12T07:52:21.600-0500] {dagbag.py:545} INFO - Filling up the DagBag from /Users/evankrupa/airflow_project/env/lib/python3.11/site-packages/airflow/example_dags/example_setup_teardown.py
[2025-12-12T07:52:21.603-0500] {processor.py:840} INFO - DAG(s) 'example_setup_teardown' retrieved from /Users/evankrupa/airflow_project/env/lib/python3.11/site-packages/airflow/example_dags/example_setup_teardown.py
[2025-12-12T07:52:21.630-0500] {logging_mixin.py:188} INFO - [2025-12-12T07:52:21.630-0500] {dag.py:3096} INFO - Sync 1 DAGs
[2025-12-12T07:52:21.635-0500] {logging_mixin.py:188} INFO - [2025-12-12T07:52:21.635-0500] {dag.py:3954} INFO - Setting next_dagrun for example_setup_teardown to 2025-12-11 00:00:00+00:00, run_after=2025-12-12 00:00:00+00:00
[2025-12-12T07:52:21.641-0500] {processor.py:183} INFO - Processing /Users/evankrupa/airflow_project/env/lib/python3.11/site-packages/airflow/example_dags/example_setup_teardown.py took 0.043 seconds
[2025-12-12T07:53:43.433-0500] {processor.py:161} INFO - Started process (PID=59747) to work on /Users/evankrupa/airflow_project/env/lib/python3.11/site-packages/airflow/example_dags/example_setup_teardown.py
[2025-12-12T07:53:43.434-0500] {processor.py:830} INFO - Processing file /Users/evankrupa/airflow_project/env/lib/python3.11/site-packages/airflow/example_dags/example_setup_teardown.py for tasks to queue
[2025-12-12T07:53:43.435-0500] {logging_mixin.py:188} INFO - [2025-12-12T07:53:43.435-0500] {dagbag.py:545} INFO - Filling up the DagBag from /Users/evankrupa/airflow_project/env/lib/python3.11/site-packages/airflow/example_dags/example_setup_teardown.py
[2025-12-12T07:53:43.437-0500] {processor.py:840} INFO - DAG(s) 'example_setup_teardown' retrieved from /Users/evankrupa/airflow_project/env/lib/python3.11/site-packages/airflow/example_dags/example_setup_teardown.py
[2025-12-12T07:53:43.464-0500] {logging_mixin.py:188} INFO - [2025-12-12T07:53:43.464-0500] {dag.py:3096} INFO - Sync 1 DAGs
[2025-12-12T07:53:43.469-0500] {logging_mixin.py:188} INFO - [2025-12-12T07:53:43.469-0500] {dag.py:3954} INFO - Setting next_dagrun for example_setup_teardown to 2025-12-11 00:00:00+00:00, run_after=2025-12-12 00:00:00+00:00
[2025-12-12T07:53:43.475-0500] {processor.py:183} INFO - Processing /Users/evankrupa/airflow_project/env/lib/python3.11/site-packages/airflow/example_dags/example_setup_teardown.py took 0.042 seconds
[2025-12-12T07:55:06.802-0500] {processor.py:161} INFO - Started process (PID=59823) to work on /Users/evankrupa/airflow_project/env/lib/python3.11/site-packages/airflow/example_dags/example_setup_teardown.py
[2025-12-12T07:55:06.803-0500] {processor.py:830} INFO - Processing file /Users/evankrupa/airflow_project/env/lib/python3.11/site-packages/airflow/example_dags/example_setup_teardown.py for tasks to queue
[2025-12-12T07:55:06.803-0500] {logging_mixin.py:188} INFO - [2025-12-12T07:55:06.803-0500] {dagbag.py:545} INFO - Filling up the DagBag from /Users/evankrupa/airflow_project/env/lib/python3.11/site-packages/airflow/example_dags/example_setup_teardown.py
[2025-12-12T07:55:06.806-0500] {processor.py:840} INFO - DAG(s) 'example_setup_teardown' retrieved from /Users/evankrupa/airflow_project/env/lib/python3.11/site-packages/airflow/example_dags/example_setup_teardown.py
[2025-12-12T07:55:06.833-0500] {logging_mixin.py:188} INFO - [2025-12-12T07:55:06.833-0500] {dag.py:3096} INFO - Sync 1 DAGs
[2025-12-12T07:55:06.838-0500] {logging_mixin.py:188} INFO - [2025-12-12T07:55:06.838-0500] {dag.py:3954} INFO - Setting next_dagrun for example_setup_teardown to 2025-12-11 00:00:00+00:00, run_after=2025-12-12 00:00:00+00:00
[2025-12-12T07:55:06.844-0500] {processor.py:183} INFO - Processing /Users/evankrupa/airflow_project/env/lib/python3.11/site-packages/airflow/example_dags/example_setup_teardown.py took 0.042 seconds
[2025-12-12T07:56:32.178-0500] {processor.py:161} INFO - Started process (PID=59901) to work on /Users/evankrupa/airflow_project/env/lib/python3.11/site-packages/airflow/example_dags/example_setup_teardown.py
[2025-12-12T07:56:32.179-0500] {processor.py:830} INFO - Processing file /Users/evankrupa/airflow_project/env/lib/python3.11/site-packages/airflow/example_dags/example_setup_teardown.py for tasks to queue
[2025-12-12T07:56:32.179-0500] {logging_mixin.py:188} INFO - [2025-12-12T07:56:32.179-0500] {dagbag.py:545} INFO - Filling up the DagBag from /Users/evankrupa/airflow_project/env/lib/python3.11/site-packages/airflow/example_dags/example_setup_teardown.py
[2025-12-12T07:56:32.181-0500] {processor.py:840} INFO - DAG(s) 'example_setup_teardown' retrieved from /Users/evankrupa/airflow_project/env/lib/python3.11/site-packages/airflow/example_dags/example_setup_teardown.py
[2025-12-12T07:56:32.210-0500] {logging_mixin.py:188} INFO - [2025-12-12T07:56:32.210-0500] {dag.py:3096} INFO - Sync 1 DAGs
[2025-12-12T07:56:32.214-0500] {logging_mixin.py:188} INFO - [2025-12-12T07:56:32.214-0500] {dag.py:3954} INFO - Setting next_dagrun for example_setup_teardown to 2025-12-11 00:00:00+00:00, run_after=2025-12-12 00:00:00+00:00
[2025-12-12T07:56:32.220-0500] {processor.py:183} INFO - Processing /Users/evankrupa/airflow_project/env/lib/python3.11/site-packages/airflow/example_dags/example_setup_teardown.py took 0.043 seconds
[2025-12-12T07:57:57.850-0500] {processor.py:161} INFO - Started process (PID=60423) to work on /Users/evankrupa/airflow_project/env/lib/python3.11/site-packages/airflow/example_dags/example_setup_teardown.py
[2025-12-12T07:57:57.851-0500] {processor.py:830} INFO - Processing file /Users/evankrupa/airflow_project/env/lib/python3.11/site-packages/airflow/example_dags/example_setup_teardown.py for tasks to queue
[2025-12-12T07:57:57.851-0500] {logging_mixin.py:188} INFO - [2025-12-12T07:57:57.851-0500] {dagbag.py:545} INFO - Filling up the DagBag from /Users/evankrupa/airflow_project/env/lib/python3.11/site-packages/airflow/example_dags/example_setup_teardown.py
[2025-12-12T07:57:57.854-0500] {processor.py:840} INFO - DAG(s) 'example_setup_teardown' retrieved from /Users/evankrupa/airflow_project/env/lib/python3.11/site-packages/airflow/example_dags/example_setup_teardown.py
[2025-12-12T07:57:57.882-0500] {logging_mixin.py:188} INFO - [2025-12-12T07:57:57.882-0500] {dag.py:3096} INFO - Sync 1 DAGs
[2025-12-12T07:57:57.887-0500] {logging_mixin.py:188} INFO - [2025-12-12T07:57:57.887-0500] {dag.py:3954} INFO - Setting next_dagrun for example_setup_teardown to 2025-12-11 00:00:00+00:00, run_after=2025-12-12 00:00:00+00:00
[2025-12-12T07:57:57.892-0500] {processor.py:183} INFO - Processing /Users/evankrupa/airflow_project/env/lib/python3.11/site-packages/airflow/example_dags/example_setup_teardown.py took 0.043 seconds
[2025-12-12T07:59:24.676-0500] {processor.py:161} INFO - Started process (PID=62668) to work on /Users/evankrupa/airflow_project/env/lib/python3.11/site-packages/airflow/example_dags/example_setup_teardown.py
[2025-12-12T07:59:24.677-0500] {processor.py:830} INFO - Processing file /Users/evankrupa/airflow_project/env/lib/python3.11/site-packages/airflow/example_dags/example_setup_teardown.py for tasks to queue
[2025-12-12T07:59:24.677-0500] {logging_mixin.py:188} INFO - [2025-12-12T07:59:24.677-0500] {dagbag.py:545} INFO - Filling up the DagBag from /Users/evankrupa/airflow_project/env/lib/python3.11/site-packages/airflow/example_dags/example_setup_teardown.py
[2025-12-12T07:59:24.679-0500] {processor.py:840} INFO - DAG(s) 'example_setup_teardown' retrieved from /Users/evankrupa/airflow_project/env/lib/python3.11/site-packages/airflow/example_dags/example_setup_teardown.py
[2025-12-12T07:59:24.708-0500] {logging_mixin.py:188} INFO - [2025-12-12T07:59:24.708-0500] {dag.py:3096} INFO - Sync 1 DAGs
[2025-12-12T07:59:24.713-0500] {logging_mixin.py:188} INFO - [2025-12-12T07:59:24.713-0500] {dag.py:3954} INFO - Setting next_dagrun for example_setup_teardown to 2025-12-11 00:00:00+00:00, run_after=2025-12-12 00:00:00+00:00
[2025-12-12T07:59:24.719-0500] {processor.py:183} INFO - Processing /Users/evankrupa/airflow_project/env/lib/python3.11/site-packages/airflow/example_dags/example_setup_teardown.py took 0.043 seconds
[2025-12-12T08:00:45.979-0500] {processor.py:161} INFO - Started process (PID=62779) to work on /Users/evankrupa/airflow_project/env/lib/python3.11/site-packages/airflow/example_dags/example_setup_teardown.py
[2025-12-12T08:00:45.980-0500] {processor.py:830} INFO - Processing file /Users/evankrupa/airflow_project/env/lib/python3.11/site-packages/airflow/example_dags/example_setup_teardown.py for tasks to queue
[2025-12-12T08:00:45.980-0500] {logging_mixin.py:188} INFO - [2025-12-12T08:00:45.980-0500] {dagbag.py:545} INFO - Filling up the DagBag from /Users/evankrupa/airflow_project/env/lib/python3.11/site-packages/airflow/example_dags/example_setup_teardown.py
[2025-12-12T08:00:45.983-0500] {processor.py:840} INFO - DAG(s) 'example_setup_teardown' retrieved from /Users/evankrupa/airflow_project/env/lib/python3.11/site-packages/airflow/example_dags/example_setup_teardown.py
[2025-12-12T08:00:46.011-0500] {logging_mixin.py:188} INFO - [2025-12-12T08:00:46.011-0500] {dag.py:3096} INFO - Sync 1 DAGs
[2025-12-12T08:00:46.016-0500] {logging_mixin.py:188} INFO - [2025-12-12T08:00:46.016-0500] {dag.py:3954} INFO - Setting next_dagrun for example_setup_teardown to 2025-12-11 00:00:00+00:00, run_after=2025-12-12 00:00:00+00:00
[2025-12-12T08:00:46.022-0500] {processor.py:183} INFO - Processing /Users/evankrupa/airflow_project/env/lib/python3.11/site-packages/airflow/example_dags/example_setup_teardown.py took 0.044 seconds
[2025-12-12T08:02:09.550-0500] {processor.py:161} INFO - Started process (PID=62845) to work on /Users/evankrupa/airflow_project/env/lib/python3.11/site-packages/airflow/example_dags/example_setup_teardown.py
[2025-12-12T08:02:09.551-0500] {processor.py:830} INFO - Processing file /Users/evankrupa/airflow_project/env/lib/python3.11/site-packages/airflow/example_dags/example_setup_teardown.py for tasks to queue
[2025-12-12T08:02:09.551-0500] {logging_mixin.py:188} INFO - [2025-12-12T08:02:09.551-0500] {dagbag.py:545} INFO - Filling up the DagBag from /Users/evankrupa/airflow_project/env/lib/python3.11/site-packages/airflow/example_dags/example_setup_teardown.py
[2025-12-12T08:02:09.554-0500] {processor.py:840} INFO - DAG(s) 'example_setup_teardown' retrieved from /Users/evankrupa/airflow_project/env/lib/python3.11/site-packages/airflow/example_dags/example_setup_teardown.py
[2025-12-12T08:02:09.582-0500] {logging_mixin.py:188} INFO - [2025-12-12T08:02:09.581-0500] {dag.py:3096} INFO - Sync 1 DAGs
[2025-12-12T08:02:09.586-0500] {logging_mixin.py:188} INFO - [2025-12-12T08:02:09.586-0500] {dag.py:3954} INFO - Setting next_dagrun for example_setup_teardown to 2025-12-11 00:00:00+00:00, run_after=2025-12-12 00:00:00+00:00
[2025-12-12T08:02:09.592-0500] {processor.py:183} INFO - Processing /Users/evankrupa/airflow_project/env/lib/python3.11/site-packages/airflow/example_dags/example_setup_teardown.py took 0.042 seconds
[2025-12-12T08:03:35.279-0500] {processor.py:161} INFO - Started process (PID=62913) to work on /Users/evankrupa/airflow_project/env/lib/python3.11/site-packages/airflow/example_dags/example_setup_teardown.py
[2025-12-12T08:03:35.280-0500] {processor.py:830} INFO - Processing file /Users/evankrupa/airflow_project/env/lib/python3.11/site-packages/airflow/example_dags/example_setup_teardown.py for tasks to queue
[2025-12-12T08:03:35.280-0500] {logging_mixin.py:188} INFO - [2025-12-12T08:03:35.280-0500] {dagbag.py:545} INFO - Filling up the DagBag from /Users/evankrupa/airflow_project/env/lib/python3.11/site-packages/airflow/example_dags/example_setup_teardown.py
[2025-12-12T08:03:35.282-0500] {processor.py:840} INFO - DAG(s) 'example_setup_teardown' retrieved from /Users/evankrupa/airflow_project/env/lib/python3.11/site-packages/airflow/example_dags/example_setup_teardown.py
[2025-12-12T08:03:35.310-0500] {logging_mixin.py:188} INFO - [2025-12-12T08:03:35.310-0500] {dag.py:3096} INFO - Sync 1 DAGs
[2025-12-12T08:03:35.314-0500] {logging_mixin.py:188} INFO - [2025-12-12T08:03:35.314-0500] {dag.py:3954} INFO - Setting next_dagrun for example_setup_teardown to 2025-12-11 00:00:00+00:00, run_after=2025-12-12 00:00:00+00:00
[2025-12-12T08:03:35.320-0500] {processor.py:183} INFO - Processing /Users/evankrupa/airflow_project/env/lib/python3.11/site-packages/airflow/example_dags/example_setup_teardown.py took 0.042 seconds
[2025-12-12T08:04:59.094-0500] {processor.py:161} INFO - Started process (PID=63064) to work on /Users/evankrupa/airflow_project/env/lib/python3.11/site-packages/airflow/example_dags/example_setup_teardown.py
[2025-12-12T08:04:59.095-0500] {processor.py:830} INFO - Processing file /Users/evankrupa/airflow_project/env/lib/python3.11/site-packages/airflow/example_dags/example_setup_teardown.py for tasks to queue
[2025-12-12T08:04:59.095-0500] {logging_mixin.py:188} INFO - [2025-12-12T08:04:59.095-0500] {dagbag.py:545} INFO - Filling up the DagBag from /Users/evankrupa/airflow_project/env/lib/python3.11/site-packages/airflow/example_dags/example_setup_teardown.py
[2025-12-12T08:04:59.097-0500] {processor.py:840} INFO - DAG(s) 'example_setup_teardown' retrieved from /Users/evankrupa/airflow_project/env/lib/python3.11/site-packages/airflow/example_dags/example_setup_teardown.py
[2025-12-12T08:04:59.125-0500] {logging_mixin.py:188} INFO - [2025-12-12T08:04:59.125-0500] {dag.py:3096} INFO - Sync 1 DAGs
[2025-12-12T08:04:59.129-0500] {logging_mixin.py:188} INFO - [2025-12-12T08:04:59.129-0500] {dag.py:3954} INFO - Setting next_dagrun for example_setup_teardown to 2025-12-11 00:00:00+00:00, run_after=2025-12-12 00:00:00+00:00
[2025-12-12T08:04:59.135-0500] {processor.py:183} INFO - Processing /Users/evankrupa/airflow_project/env/lib/python3.11/site-packages/airflow/example_dags/example_setup_teardown.py took 0.042 seconds
[2025-12-12T08:06:23.076-0500] {processor.py:161} INFO - Started process (PID=63137) to work on /Users/evankrupa/airflow_project/env/lib/python3.11/site-packages/airflow/example_dags/example_setup_teardown.py
[2025-12-12T08:06:23.077-0500] {processor.py:830} INFO - Processing file /Users/evankrupa/airflow_project/env/lib/python3.11/site-packages/airflow/example_dags/example_setup_teardown.py for tasks to queue
[2025-12-12T08:06:23.077-0500] {logging_mixin.py:188} INFO - [2025-12-12T08:06:23.077-0500] {dagbag.py:545} INFO - Filling up the DagBag from /Users/evankrupa/airflow_project/env/lib/python3.11/site-packages/airflow/example_dags/example_setup_teardown.py
[2025-12-12T08:06:23.080-0500] {processor.py:840} INFO - DAG(s) 'example_setup_teardown' retrieved from /Users/evankrupa/airflow_project/env/lib/python3.11/site-packages/airflow/example_dags/example_setup_teardown.py
[2025-12-12T08:06:23.108-0500] {logging_mixin.py:188} INFO - [2025-12-12T08:06:23.108-0500] {dag.py:3096} INFO - Sync 1 DAGs
[2025-12-12T08:06:23.113-0500] {logging_mixin.py:188} INFO - [2025-12-12T08:06:23.113-0500] {dag.py:3954} INFO - Setting next_dagrun for example_setup_teardown to 2025-12-11 00:00:00+00:00, run_after=2025-12-12 00:00:00+00:00
[2025-12-12T08:06:23.119-0500] {processor.py:183} INFO - Processing /Users/evankrupa/airflow_project/env/lib/python3.11/site-packages/airflow/example_dags/example_setup_teardown.py took 0.043 seconds
[2025-12-12T08:07:52.927-0500] {processor.py:161} INFO - Started process (PID=63665) to work on /Users/evankrupa/airflow_project/env/lib/python3.11/site-packages/airflow/example_dags/example_setup_teardown.py
[2025-12-12T08:07:52.928-0500] {processor.py:830} INFO - Processing file /Users/evankrupa/airflow_project/env/lib/python3.11/site-packages/airflow/example_dags/example_setup_teardown.py for tasks to queue
[2025-12-12T08:07:52.928-0500] {logging_mixin.py:188} INFO - [2025-12-12T08:07:52.928-0500] {dagbag.py:545} INFO - Filling up the DagBag from /Users/evankrupa/airflow_project/env/lib/python3.11/site-packages/airflow/example_dags/example_setup_teardown.py
[2025-12-12T08:07:52.930-0500] {processor.py:840} INFO - DAG(s) 'example_setup_teardown' retrieved from /Users/evankrupa/airflow_project/env/lib/python3.11/site-packages/airflow/example_dags/example_setup_teardown.py
[2025-12-12T08:07:52.959-0500] {logging_mixin.py:188} INFO - [2025-12-12T08:07:52.959-0500] {dag.py:3096} INFO - Sync 1 DAGs
[2025-12-12T08:07:52.963-0500] {logging_mixin.py:188} INFO - [2025-12-12T08:07:52.963-0500] {dag.py:3954} INFO - Setting next_dagrun for example_setup_teardown to 2025-12-11 00:00:00+00:00, run_after=2025-12-12 00:00:00+00:00
[2025-12-12T08:07:52.969-0500] {processor.py:183} INFO - Processing /Users/evankrupa/airflow_project/env/lib/python3.11/site-packages/airflow/example_dags/example_setup_teardown.py took 0.043 seconds
[2025-12-12T08:09:17.333-0500] {processor.py:161} INFO - Started process (PID=63729) to work on /Users/evankrupa/airflow_project/env/lib/python3.11/site-packages/airflow/example_dags/example_setup_teardown.py
[2025-12-12T08:09:17.333-0500] {processor.py:830} INFO - Processing file /Users/evankrupa/airflow_project/env/lib/python3.11/site-packages/airflow/example_dags/example_setup_teardown.py for tasks to queue
[2025-12-12T08:09:17.334-0500] {logging_mixin.py:188} INFO - [2025-12-12T08:09:17.333-0500] {dagbag.py:545} INFO - Filling up the DagBag from /Users/evankrupa/airflow_project/env/lib/python3.11/site-packages/airflow/example_dags/example_setup_teardown.py
[2025-12-12T08:09:17.336-0500] {processor.py:840} INFO - DAG(s) 'example_setup_teardown' retrieved from /Users/evankrupa/airflow_project/env/lib/python3.11/site-packages/airflow/example_dags/example_setup_teardown.py
[2025-12-12T08:09:17.365-0500] {logging_mixin.py:188} INFO - [2025-12-12T08:09:17.365-0500] {dag.py:3096} INFO - Sync 1 DAGs
[2025-12-12T08:09:17.370-0500] {logging_mixin.py:188} INFO - [2025-12-12T08:09:17.370-0500] {dag.py:3954} INFO - Setting next_dagrun for example_setup_teardown to 2025-12-11 00:00:00+00:00, run_after=2025-12-12 00:00:00+00:00
[2025-12-12T08:09:17.376-0500] {processor.py:183} INFO - Processing /Users/evankrupa/airflow_project/env/lib/python3.11/site-packages/airflow/example_dags/example_setup_teardown.py took 0.044 seconds
[2025-12-12T08:10:44.852-0500] {processor.py:161} INFO - Started process (PID=63801) to work on /Users/evankrupa/airflow_project/env/lib/python3.11/site-packages/airflow/example_dags/example_setup_teardown.py
[2025-12-12T08:10:44.854-0500] {processor.py:830} INFO - Processing file /Users/evankrupa/airflow_project/env/lib/python3.11/site-packages/airflow/example_dags/example_setup_teardown.py for tasks to queue
[2025-12-12T08:10:44.854-0500] {logging_mixin.py:188} INFO - [2025-12-12T08:10:44.854-0500] {dagbag.py:545} INFO - Filling up the DagBag from /Users/evankrupa/airflow_project/env/lib/python3.11/site-packages/airflow/example_dags/example_setup_teardown.py
[2025-12-12T08:10:44.856-0500] {processor.py:840} INFO - DAG(s) 'example_setup_teardown' retrieved from /Users/evankrupa/airflow_project/env/lib/python3.11/site-packages/airflow/example_dags/example_setup_teardown.py
[2025-12-12T08:10:44.886-0500] {logging_mixin.py:188} INFO - [2025-12-12T08:10:44.886-0500] {dag.py:3096} INFO - Sync 1 DAGs
[2025-12-12T08:10:44.891-0500] {logging_mixin.py:188} INFO - [2025-12-12T08:10:44.891-0500] {dag.py:3954} INFO - Setting next_dagrun for example_setup_teardown to 2025-12-11 00:00:00+00:00, run_after=2025-12-12 00:00:00+00:00
[2025-12-12T08:10:44.897-0500] {processor.py:183} INFO - Processing /Users/evankrupa/airflow_project/env/lib/python3.11/site-packages/airflow/example_dags/example_setup_teardown.py took 0.045 seconds
[2025-12-12T08:12:11.592-0500] {processor.py:161} INFO - Started process (PID=63868) to work on /Users/evankrupa/airflow_project/env/lib/python3.11/site-packages/airflow/example_dags/example_setup_teardown.py
[2025-12-12T08:12:11.593-0500] {processor.py:830} INFO - Processing file /Users/evankrupa/airflow_project/env/lib/python3.11/site-packages/airflow/example_dags/example_setup_teardown.py for tasks to queue
[2025-12-12T08:12:11.593-0500] {logging_mixin.py:188} INFO - [2025-12-12T08:12:11.593-0500] {dagbag.py:545} INFO - Filling up the DagBag from /Users/evankrupa/airflow_project/env/lib/python3.11/site-packages/airflow/example_dags/example_setup_teardown.py
[2025-12-12T08:12:11.596-0500] {processor.py:840} INFO - DAG(s) 'example_setup_teardown' retrieved from /Users/evankrupa/airflow_project/env/lib/python3.11/site-packages/airflow/example_dags/example_setup_teardown.py
[2025-12-12T08:12:11.625-0500] {logging_mixin.py:188} INFO - [2025-12-12T08:12:11.625-0500] {dag.py:3096} INFO - Sync 1 DAGs
[2025-12-12T08:12:11.629-0500] {logging_mixin.py:188} INFO - [2025-12-12T08:12:11.629-0500] {dag.py:3954} INFO - Setting next_dagrun for example_setup_teardown to 2025-12-11 00:00:00+00:00, run_after=2025-12-12 00:00:00+00:00
[2025-12-12T08:12:11.635-0500] {processor.py:183} INFO - Processing /Users/evankrupa/airflow_project/env/lib/python3.11/site-packages/airflow/example_dags/example_setup_teardown.py took 0.044 seconds
[2025-12-12T08:13:34.945-0500] {processor.py:161} INFO - Started process (PID=63935) to work on /Users/evankrupa/airflow_project/env/lib/python3.11/site-packages/airflow/example_dags/example_setup_teardown.py
[2025-12-12T08:13:34.945-0500] {processor.py:830} INFO - Processing file /Users/evankrupa/airflow_project/env/lib/python3.11/site-packages/airflow/example_dags/example_setup_teardown.py for tasks to queue
[2025-12-12T08:13:34.945-0500] {logging_mixin.py:188} INFO - [2025-12-12T08:13:34.945-0500] {dagbag.py:545} INFO - Filling up the DagBag from /Users/evankrupa/airflow_project/env/lib/python3.11/site-packages/airflow/example_dags/example_setup_teardown.py
[2025-12-12T08:13:34.948-0500] {processor.py:840} INFO - DAG(s) 'example_setup_teardown' retrieved from /Users/evankrupa/airflow_project/env/lib/python3.11/site-packages/airflow/example_dags/example_setup_teardown.py
[2025-12-12T08:13:34.979-0500] {logging_mixin.py:188} INFO - [2025-12-12T08:13:34.978-0500] {dag.py:3096} INFO - Sync 1 DAGs
[2025-12-12T08:13:34.984-0500] {logging_mixin.py:188} INFO - [2025-12-12T08:13:34.984-0500] {dag.py:3954} INFO - Setting next_dagrun for example_setup_teardown to 2025-12-11 00:00:00+00:00, run_after=2025-12-12 00:00:00+00:00
[2025-12-12T08:13:34.990-0500] {processor.py:183} INFO - Processing /Users/evankrupa/airflow_project/env/lib/python3.11/site-packages/airflow/example_dags/example_setup_teardown.py took 0.046 seconds
[2025-12-12T08:14:58.472-0500] {processor.py:161} INFO - Started process (PID=64004) to work on /Users/evankrupa/airflow_project/env/lib/python3.11/site-packages/airflow/example_dags/example_setup_teardown.py
[2025-12-12T08:14:58.473-0500] {processor.py:830} INFO - Processing file /Users/evankrupa/airflow_project/env/lib/python3.11/site-packages/airflow/example_dags/example_setup_teardown.py for tasks to queue
[2025-12-12T08:14:58.473-0500] {logging_mixin.py:188} INFO - [2025-12-12T08:14:58.473-0500] {dagbag.py:545} INFO - Filling up the DagBag from /Users/evankrupa/airflow_project/env/lib/python3.11/site-packages/airflow/example_dags/example_setup_teardown.py
[2025-12-12T08:14:58.475-0500] {processor.py:840} INFO - DAG(s) 'example_setup_teardown' retrieved from /Users/evankrupa/airflow_project/env/lib/python3.11/site-packages/airflow/example_dags/example_setup_teardown.py
[2025-12-12T08:14:58.504-0500] {logging_mixin.py:188} INFO - [2025-12-12T08:14:58.504-0500] {dag.py:3096} INFO - Sync 1 DAGs
[2025-12-12T08:14:58.508-0500] {logging_mixin.py:188} INFO - [2025-12-12T08:14:58.508-0500] {dag.py:3954} INFO - Setting next_dagrun for example_setup_teardown to 2025-12-11 00:00:00+00:00, run_after=2025-12-12 00:00:00+00:00
[2025-12-12T08:14:58.514-0500] {processor.py:183} INFO - Processing /Users/evankrupa/airflow_project/env/lib/python3.11/site-packages/airflow/example_dags/example_setup_teardown.py took 0.043 seconds
[2025-12-12T08:16:20.364-0500] {processor.py:161} INFO - Started process (PID=64077) to work on /Users/evankrupa/airflow_project/env/lib/python3.11/site-packages/airflow/example_dags/example_setup_teardown.py
[2025-12-12T08:16:20.365-0500] {processor.py:830} INFO - Processing file /Users/evankrupa/airflow_project/env/lib/python3.11/site-packages/airflow/example_dags/example_setup_teardown.py for tasks to queue
[2025-12-12T08:16:20.365-0500] {logging_mixin.py:188} INFO - [2025-12-12T08:16:20.365-0500] {dagbag.py:545} INFO - Filling up the DagBag from /Users/evankrupa/airflow_project/env/lib/python3.11/site-packages/airflow/example_dags/example_setup_teardown.py
[2025-12-12T08:16:20.367-0500] {processor.py:840} INFO - DAG(s) 'example_setup_teardown' retrieved from /Users/evankrupa/airflow_project/env/lib/python3.11/site-packages/airflow/example_dags/example_setup_teardown.py
[2025-12-12T08:16:20.395-0500] {logging_mixin.py:188} INFO - [2025-12-12T08:16:20.395-0500] {dag.py:3096} INFO - Sync 1 DAGs
[2025-12-12T08:16:20.400-0500] {logging_mixin.py:188} INFO - [2025-12-12T08:16:20.400-0500] {dag.py:3954} INFO - Setting next_dagrun for example_setup_teardown to 2025-12-11 00:00:00+00:00, run_after=2025-12-12 00:00:00+00:00
[2025-12-12T08:16:20.405-0500] {processor.py:183} INFO - Processing /Users/evankrupa/airflow_project/env/lib/python3.11/site-packages/airflow/example_dags/example_setup_teardown.py took 0.042 seconds
[2025-12-12T08:17:46.665-0500] {processor.py:161} INFO - Started process (PID=64144) to work on /Users/evankrupa/airflow_project/env/lib/python3.11/site-packages/airflow/example_dags/example_setup_teardown.py
[2025-12-12T08:17:46.666-0500] {processor.py:830} INFO - Processing file /Users/evankrupa/airflow_project/env/lib/python3.11/site-packages/airflow/example_dags/example_setup_teardown.py for tasks to queue
[2025-12-12T08:17:46.666-0500] {logging_mixin.py:188} INFO - [2025-12-12T08:17:46.666-0500] {dagbag.py:545} INFO - Filling up the DagBag from /Users/evankrupa/airflow_project/env/lib/python3.11/site-packages/airflow/example_dags/example_setup_teardown.py
[2025-12-12T08:17:46.669-0500] {processor.py:840} INFO - DAG(s) 'example_setup_teardown' retrieved from /Users/evankrupa/airflow_project/env/lib/python3.11/site-packages/airflow/example_dags/example_setup_teardown.py
[2025-12-12T08:17:46.696-0500] {logging_mixin.py:188} INFO - [2025-12-12T08:17:46.696-0500] {dag.py:3096} INFO - Sync 1 DAGs
[2025-12-12T08:17:46.701-0500] {logging_mixin.py:188} INFO - [2025-12-12T08:17:46.701-0500] {dag.py:3954} INFO - Setting next_dagrun for example_setup_teardown to 2025-12-11 00:00:00+00:00, run_after=2025-12-12 00:00:00+00:00
[2025-12-12T08:17:46.706-0500] {processor.py:183} INFO - Processing /Users/evankrupa/airflow_project/env/lib/python3.11/site-packages/airflow/example_dags/example_setup_teardown.py took 0.042 seconds
[2025-12-12T08:19:08.800-0500] {processor.py:161} INFO - Started process (PID=64212) to work on /Users/evankrupa/airflow_project/env/lib/python3.11/site-packages/airflow/example_dags/example_setup_teardown.py
[2025-12-12T08:19:08.801-0500] {processor.py:830} INFO - Processing file /Users/evankrupa/airflow_project/env/lib/python3.11/site-packages/airflow/example_dags/example_setup_teardown.py for tasks to queue
[2025-12-12T08:19:08.802-0500] {logging_mixin.py:188} INFO - [2025-12-12T08:19:08.801-0500] {dagbag.py:545} INFO - Filling up the DagBag from /Users/evankrupa/airflow_project/env/lib/python3.11/site-packages/airflow/example_dags/example_setup_teardown.py
[2025-12-12T08:19:08.804-0500] {processor.py:840} INFO - DAG(s) 'example_setup_teardown' retrieved from /Users/evankrupa/airflow_project/env/lib/python3.11/site-packages/airflow/example_dags/example_setup_teardown.py
[2025-12-12T08:19:08.832-0500] {logging_mixin.py:188} INFO - [2025-12-12T08:19:08.832-0500] {dag.py:3096} INFO - Sync 1 DAGs
[2025-12-12T08:19:08.837-0500] {logging_mixin.py:188} INFO - [2025-12-12T08:19:08.837-0500] {dag.py:3954} INFO - Setting next_dagrun for example_setup_teardown to 2025-12-11 00:00:00+00:00, run_after=2025-12-12 00:00:00+00:00
[2025-12-12T08:19:08.843-0500] {processor.py:183} INFO - Processing /Users/evankrupa/airflow_project/env/lib/python3.11/site-packages/airflow/example_dags/example_setup_teardown.py took 0.044 seconds
[2025-12-12T08:20:34.100-0500] {processor.py:161} INFO - Started process (PID=64280) to work on /Users/evankrupa/airflow_project/env/lib/python3.11/site-packages/airflow/example_dags/example_setup_teardown.py
[2025-12-12T08:20:34.101-0500] {processor.py:830} INFO - Processing file /Users/evankrupa/airflow_project/env/lib/python3.11/site-packages/airflow/example_dags/example_setup_teardown.py for tasks to queue
[2025-12-12T08:20:34.101-0500] {logging_mixin.py:188} INFO - [2025-12-12T08:20:34.101-0500] {dagbag.py:545} INFO - Filling up the DagBag from /Users/evankrupa/airflow_project/env/lib/python3.11/site-packages/airflow/example_dags/example_setup_teardown.py
[2025-12-12T08:20:34.104-0500] {processor.py:840} INFO - DAG(s) 'example_setup_teardown' retrieved from /Users/evankrupa/airflow_project/env/lib/python3.11/site-packages/airflow/example_dags/example_setup_teardown.py
[2025-12-12T08:20:34.137-0500] {logging_mixin.py:188} INFO - [2025-12-12T08:20:34.137-0500] {dag.py:3096} INFO - Sync 1 DAGs
[2025-12-12T08:20:34.141-0500] {logging_mixin.py:188} INFO - [2025-12-12T08:20:34.141-0500] {dag.py:3954} INFO - Setting next_dagrun for example_setup_teardown to 2025-12-11 00:00:00+00:00, run_after=2025-12-12 00:00:00+00:00
[2025-12-12T08:20:34.147-0500] {processor.py:183} INFO - Processing /Users/evankrupa/airflow_project/env/lib/python3.11/site-packages/airflow/example_dags/example_setup_teardown.py took 0.048 seconds
[2025-12-12T08:21:57.787-0500] {processor.py:161} INFO - Started process (PID=64347) to work on /Users/evankrupa/airflow_project/env/lib/python3.11/site-packages/airflow/example_dags/example_setup_teardown.py
[2025-12-12T08:21:57.788-0500] {processor.py:830} INFO - Processing file /Users/evankrupa/airflow_project/env/lib/python3.11/site-packages/airflow/example_dags/example_setup_teardown.py for tasks to queue
[2025-12-12T08:21:57.788-0500] {logging_mixin.py:188} INFO - [2025-12-12T08:21:57.788-0500] {dagbag.py:545} INFO - Filling up the DagBag from /Users/evankrupa/airflow_project/env/lib/python3.11/site-packages/airflow/example_dags/example_setup_teardown.py
[2025-12-12T08:21:57.791-0500] {processor.py:840} INFO - DAG(s) 'example_setup_teardown' retrieved from /Users/evankrupa/airflow_project/env/lib/python3.11/site-packages/airflow/example_dags/example_setup_teardown.py
[2025-12-12T08:21:57.820-0500] {logging_mixin.py:188} INFO - [2025-12-12T08:21:57.820-0500] {dag.py:3096} INFO - Sync 1 DAGs
[2025-12-12T08:21:57.825-0500] {logging_mixin.py:188} INFO - [2025-12-12T08:21:57.825-0500] {dag.py:3954} INFO - Setting next_dagrun for example_setup_teardown to 2025-12-11 00:00:00+00:00, run_after=2025-12-12 00:00:00+00:00
[2025-12-12T08:21:57.831-0500] {processor.py:183} INFO - Processing /Users/evankrupa/airflow_project/env/lib/python3.11/site-packages/airflow/example_dags/example_setup_teardown.py took 0.045 seconds
[2025-12-12T08:23:23.672-0500] {processor.py:161} INFO - Started process (PID=64413) to work on /Users/evankrupa/airflow_project/env/lib/python3.11/site-packages/airflow/example_dags/example_setup_teardown.py
[2025-12-12T08:23:23.673-0500] {processor.py:830} INFO - Processing file /Users/evankrupa/airflow_project/env/lib/python3.11/site-packages/airflow/example_dags/example_setup_teardown.py for tasks to queue
[2025-12-12T08:23:23.673-0500] {logging_mixin.py:188} INFO - [2025-12-12T08:23:23.673-0500] {dagbag.py:545} INFO - Filling up the DagBag from /Users/evankrupa/airflow_project/env/lib/python3.11/site-packages/airflow/example_dags/example_setup_teardown.py
[2025-12-12T08:23:23.675-0500] {processor.py:840} INFO - DAG(s) 'example_setup_teardown' retrieved from /Users/evankrupa/airflow_project/env/lib/python3.11/site-packages/airflow/example_dags/example_setup_teardown.py
[2025-12-12T08:23:23.705-0500] {logging_mixin.py:188} INFO - [2025-12-12T08:23:23.705-0500] {dag.py:3096} INFO - Sync 1 DAGs
[2025-12-12T08:23:23.710-0500] {logging_mixin.py:188} INFO - [2025-12-12T08:23:23.710-0500] {dag.py:3954} INFO - Setting next_dagrun for example_setup_teardown to 2025-12-11 00:00:00+00:00, run_after=2025-12-12 00:00:00+00:00
[2025-12-12T08:23:23.716-0500] {processor.py:183} INFO - Processing /Users/evankrupa/airflow_project/env/lib/python3.11/site-packages/airflow/example_dags/example_setup_teardown.py took 0.044 seconds
[2025-12-12T08:24:44.391-0500] {processor.py:161} INFO - Started process (PID=64486) to work on /Users/evankrupa/airflow_project/env/lib/python3.11/site-packages/airflow/example_dags/example_setup_teardown.py
[2025-12-12T08:24:44.391-0500] {processor.py:830} INFO - Processing file /Users/evankrupa/airflow_project/env/lib/python3.11/site-packages/airflow/example_dags/example_setup_teardown.py for tasks to queue
[2025-12-12T08:24:44.392-0500] {logging_mixin.py:188} INFO - [2025-12-12T08:24:44.392-0500] {dagbag.py:545} INFO - Filling up the DagBag from /Users/evankrupa/airflow_project/env/lib/python3.11/site-packages/airflow/example_dags/example_setup_teardown.py
[2025-12-12T08:24:44.394-0500] {processor.py:840} INFO - DAG(s) 'example_setup_teardown' retrieved from /Users/evankrupa/airflow_project/env/lib/python3.11/site-packages/airflow/example_dags/example_setup_teardown.py
[2025-12-12T08:24:44.422-0500] {logging_mixin.py:188} INFO - [2025-12-12T08:24:44.421-0500] {dag.py:3096} INFO - Sync 1 DAGs
[2025-12-12T08:24:44.426-0500] {logging_mixin.py:188} INFO - [2025-12-12T08:24:44.426-0500] {dag.py:3954} INFO - Setting next_dagrun for example_setup_teardown to 2025-12-11 00:00:00+00:00, run_after=2025-12-12 00:00:00+00:00
[2025-12-12T08:24:44.432-0500] {processor.py:183} INFO - Processing /Users/evankrupa/airflow_project/env/lib/python3.11/site-packages/airflow/example_dags/example_setup_teardown.py took 0.042 seconds
[2025-12-12T08:26:10.539-0500] {processor.py:161} INFO - Started process (PID=64555) to work on /Users/evankrupa/airflow_project/env/lib/python3.11/site-packages/airflow/example_dags/example_setup_teardown.py
[2025-12-12T08:26:10.540-0500] {processor.py:830} INFO - Processing file /Users/evankrupa/airflow_project/env/lib/python3.11/site-packages/airflow/example_dags/example_setup_teardown.py for tasks to queue
[2025-12-12T08:26:10.540-0500] {logging_mixin.py:188} INFO - [2025-12-12T08:26:10.540-0500] {dagbag.py:545} INFO - Filling up the DagBag from /Users/evankrupa/airflow_project/env/lib/python3.11/site-packages/airflow/example_dags/example_setup_teardown.py
[2025-12-12T08:26:10.543-0500] {processor.py:840} INFO - DAG(s) 'example_setup_teardown' retrieved from /Users/evankrupa/airflow_project/env/lib/python3.11/site-packages/airflow/example_dags/example_setup_teardown.py
[2025-12-12T08:26:10.571-0500] {logging_mixin.py:188} INFO - [2025-12-12T08:26:10.571-0500] {dag.py:3096} INFO - Sync 1 DAGs
[2025-12-12T08:26:10.575-0500] {logging_mixin.py:188} INFO - [2025-12-12T08:26:10.575-0500] {dag.py:3954} INFO - Setting next_dagrun for example_setup_teardown to 2025-12-11 00:00:00+00:00, run_after=2025-12-12 00:00:00+00:00
[2025-12-12T08:26:10.581-0500] {processor.py:183} INFO - Processing /Users/evankrupa/airflow_project/env/lib/python3.11/site-packages/airflow/example_dags/example_setup_teardown.py took 0.042 seconds
[2025-12-12T08:27:35.909-0500] {processor.py:161} INFO - Started process (PID=64651) to work on /Users/evankrupa/airflow_project/env/lib/python3.11/site-packages/airflow/example_dags/example_setup_teardown.py
[2025-12-12T08:27:35.910-0500] {processor.py:830} INFO - Processing file /Users/evankrupa/airflow_project/env/lib/python3.11/site-packages/airflow/example_dags/example_setup_teardown.py for tasks to queue
[2025-12-12T08:27:35.911-0500] {logging_mixin.py:188} INFO - [2025-12-12T08:27:35.910-0500] {dagbag.py:545} INFO - Filling up the DagBag from /Users/evankrupa/airflow_project/env/lib/python3.11/site-packages/airflow/example_dags/example_setup_teardown.py
[2025-12-12T08:27:35.913-0500] {processor.py:840} INFO - DAG(s) 'example_setup_teardown' retrieved from /Users/evankrupa/airflow_project/env/lib/python3.11/site-packages/airflow/example_dags/example_setup_teardown.py
[2025-12-12T08:27:35.942-0500] {logging_mixin.py:188} INFO - [2025-12-12T08:27:35.942-0500] {dag.py:3096} INFO - Sync 1 DAGs
[2025-12-12T08:27:35.946-0500] {logging_mixin.py:188} INFO - [2025-12-12T08:27:35.946-0500] {dag.py:3954} INFO - Setting next_dagrun for example_setup_teardown to 2025-12-11 00:00:00+00:00, run_after=2025-12-12 00:00:00+00:00
[2025-12-12T08:27:35.952-0500] {processor.py:183} INFO - Processing /Users/evankrupa/airflow_project/env/lib/python3.11/site-packages/airflow/example_dags/example_setup_teardown.py took 0.044 seconds
[2025-12-12T08:29:01.179-0500] {processor.py:161} INFO - Started process (PID=64732) to work on /Users/evankrupa/airflow_project/env/lib/python3.11/site-packages/airflow/example_dags/example_setup_teardown.py
[2025-12-12T08:29:01.180-0500] {processor.py:830} INFO - Processing file /Users/evankrupa/airflow_project/env/lib/python3.11/site-packages/airflow/example_dags/example_setup_teardown.py for tasks to queue
[2025-12-12T08:29:01.180-0500] {logging_mixin.py:188} INFO - [2025-12-12T08:29:01.180-0500] {dagbag.py:545} INFO - Filling up the DagBag from /Users/evankrupa/airflow_project/env/lib/python3.11/site-packages/airflow/example_dags/example_setup_teardown.py
[2025-12-12T08:29:01.182-0500] {processor.py:840} INFO - DAG(s) 'example_setup_teardown' retrieved from /Users/evankrupa/airflow_project/env/lib/python3.11/site-packages/airflow/example_dags/example_setup_teardown.py
[2025-12-12T08:29:01.210-0500] {logging_mixin.py:188} INFO - [2025-12-12T08:29:01.210-0500] {dag.py:3096} INFO - Sync 1 DAGs
[2025-12-12T08:29:01.215-0500] {logging_mixin.py:188} INFO - [2025-12-12T08:29:01.215-0500] {dag.py:3954} INFO - Setting next_dagrun for example_setup_teardown to 2025-12-11 00:00:00+00:00, run_after=2025-12-12 00:00:00+00:00
[2025-12-12T08:29:01.220-0500] {processor.py:183} INFO - Processing /Users/evankrupa/airflow_project/env/lib/python3.11/site-packages/airflow/example_dags/example_setup_teardown.py took 0.042 seconds
[2025-12-12T08:30:21.405-0500] {processor.py:161} INFO - Started process (PID=64816) to work on /Users/evankrupa/airflow_project/env/lib/python3.11/site-packages/airflow/example_dags/example_setup_teardown.py
[2025-12-12T08:30:21.406-0500] {processor.py:830} INFO - Processing file /Users/evankrupa/airflow_project/env/lib/python3.11/site-packages/airflow/example_dags/example_setup_teardown.py for tasks to queue
[2025-12-12T08:30:21.406-0500] {logging_mixin.py:188} INFO - [2025-12-12T08:30:21.406-0500] {dagbag.py:545} INFO - Filling up the DagBag from /Users/evankrupa/airflow_project/env/lib/python3.11/site-packages/airflow/example_dags/example_setup_teardown.py
[2025-12-12T08:30:21.409-0500] {processor.py:840} INFO - DAG(s) 'example_setup_teardown' retrieved from /Users/evankrupa/airflow_project/env/lib/python3.11/site-packages/airflow/example_dags/example_setup_teardown.py
[2025-12-12T08:30:21.437-0500] {logging_mixin.py:188} INFO - [2025-12-12T08:30:21.437-0500] {dag.py:3096} INFO - Sync 1 DAGs
[2025-12-12T08:30:21.442-0500] {logging_mixin.py:188} INFO - [2025-12-12T08:30:21.442-0500] {dag.py:3954} INFO - Setting next_dagrun for example_setup_teardown to 2025-12-11 00:00:00+00:00, run_after=2025-12-12 00:00:00+00:00
[2025-12-12T08:30:21.448-0500] {processor.py:183} INFO - Processing /Users/evankrupa/airflow_project/env/lib/python3.11/site-packages/airflow/example_dags/example_setup_teardown.py took 0.044 seconds
[2025-12-12T08:31:43.399-0500] {processor.py:161} INFO - Started process (PID=64894) to work on /Users/evankrupa/airflow_project/env/lib/python3.11/site-packages/airflow/example_dags/example_setup_teardown.py
[2025-12-12T08:31:43.400-0500] {processor.py:830} INFO - Processing file /Users/evankrupa/airflow_project/env/lib/python3.11/site-packages/airflow/example_dags/example_setup_teardown.py for tasks to queue
[2025-12-12T08:31:43.400-0500] {logging_mixin.py:188} INFO - [2025-12-12T08:31:43.400-0500] {dagbag.py:545} INFO - Filling up the DagBag from /Users/evankrupa/airflow_project/env/lib/python3.11/site-packages/airflow/example_dags/example_setup_teardown.py
[2025-12-12T08:31:43.403-0500] {processor.py:840} INFO - DAG(s) 'example_setup_teardown' retrieved from /Users/evankrupa/airflow_project/env/lib/python3.11/site-packages/airflow/example_dags/example_setup_teardown.py
[2025-12-12T08:31:43.430-0500] {logging_mixin.py:188} INFO - [2025-12-12T08:31:43.430-0500] {dag.py:3096} INFO - Sync 1 DAGs
[2025-12-12T08:31:43.435-0500] {logging_mixin.py:188} INFO - [2025-12-12T08:31:43.435-0500] {dag.py:3954} INFO - Setting next_dagrun for example_setup_teardown to 2025-12-11 00:00:00+00:00, run_after=2025-12-12 00:00:00+00:00
[2025-12-12T08:31:43.440-0500] {processor.py:183} INFO - Processing /Users/evankrupa/airflow_project/env/lib/python3.11/site-packages/airflow/example_dags/example_setup_teardown.py took 0.042 seconds
[2025-12-12T08:33:08.515-0500] {processor.py:161} INFO - Started process (PID=64993) to work on /Users/evankrupa/airflow_project/env/lib/python3.11/site-packages/airflow/example_dags/example_setup_teardown.py
[2025-12-12T08:33:08.516-0500] {processor.py:830} INFO - Processing file /Users/evankrupa/airflow_project/env/lib/python3.11/site-packages/airflow/example_dags/example_setup_teardown.py for tasks to queue
[2025-12-12T08:33:08.516-0500] {logging_mixin.py:188} INFO - [2025-12-12T08:33:08.516-0500] {dagbag.py:545} INFO - Filling up the DagBag from /Users/evankrupa/airflow_project/env/lib/python3.11/site-packages/airflow/example_dags/example_setup_teardown.py
[2025-12-12T08:33:08.519-0500] {processor.py:840} INFO - DAG(s) 'example_setup_teardown' retrieved from /Users/evankrupa/airflow_project/env/lib/python3.11/site-packages/airflow/example_dags/example_setup_teardown.py
[2025-12-12T08:33:08.546-0500] {logging_mixin.py:188} INFO - [2025-12-12T08:33:08.546-0500] {dag.py:3096} INFO - Sync 1 DAGs
[2025-12-12T08:33:08.551-0500] {logging_mixin.py:188} INFO - [2025-12-12T08:33:08.551-0500] {dag.py:3954} INFO - Setting next_dagrun for example_setup_teardown to 2025-12-11 00:00:00+00:00, run_after=2025-12-12 00:00:00+00:00
[2025-12-12T08:33:08.557-0500] {processor.py:183} INFO - Processing /Users/evankrupa/airflow_project/env/lib/python3.11/site-packages/airflow/example_dags/example_setup_teardown.py took 0.042 seconds
[2025-12-12T08:34:33.968-0500] {processor.py:161} INFO - Started process (PID=65077) to work on /Users/evankrupa/airflow_project/env/lib/python3.11/site-packages/airflow/example_dags/example_setup_teardown.py
[2025-12-12T08:34:33.969-0500] {processor.py:830} INFO - Processing file /Users/evankrupa/airflow_project/env/lib/python3.11/site-packages/airflow/example_dags/example_setup_teardown.py for tasks to queue
[2025-12-12T08:34:33.969-0500] {logging_mixin.py:188} INFO - [2025-12-12T08:34:33.969-0500] {dagbag.py:545} INFO - Filling up the DagBag from /Users/evankrupa/airflow_project/env/lib/python3.11/site-packages/airflow/example_dags/example_setup_teardown.py
[2025-12-12T08:34:33.971-0500] {processor.py:840} INFO - DAG(s) 'example_setup_teardown' retrieved from /Users/evankrupa/airflow_project/env/lib/python3.11/site-packages/airflow/example_dags/example_setup_teardown.py
[2025-12-12T08:34:33.999-0500] {logging_mixin.py:188} INFO - [2025-12-12T08:34:33.999-0500] {dag.py:3096} INFO - Sync 1 DAGs
[2025-12-12T08:34:34.003-0500] {logging_mixin.py:188} INFO - [2025-12-12T08:34:34.003-0500] {dag.py:3954} INFO - Setting next_dagrun for example_setup_teardown to 2025-12-11 00:00:00+00:00, run_after=2025-12-12 00:00:00+00:00
[2025-12-12T08:34:34.009-0500] {processor.py:183} INFO - Processing /Users/evankrupa/airflow_project/env/lib/python3.11/site-packages/airflow/example_dags/example_setup_teardown.py took 0.042 seconds
[2025-12-12T08:36:00.446-0500] {processor.py:161} INFO - Started process (PID=65178) to work on /Users/evankrupa/airflow_project/env/lib/python3.11/site-packages/airflow/example_dags/example_setup_teardown.py
[2025-12-12T08:36:00.446-0500] {processor.py:830} INFO - Processing file /Users/evankrupa/airflow_project/env/lib/python3.11/site-packages/airflow/example_dags/example_setup_teardown.py for tasks to queue
[2025-12-12T08:36:00.446-0500] {logging_mixin.py:188} INFO - [2025-12-12T08:36:00.446-0500] {dagbag.py:545} INFO - Filling up the DagBag from /Users/evankrupa/airflow_project/env/lib/python3.11/site-packages/airflow/example_dags/example_setup_teardown.py
[2025-12-12T08:36:00.449-0500] {processor.py:840} INFO - DAG(s) 'example_setup_teardown' retrieved from /Users/evankrupa/airflow_project/env/lib/python3.11/site-packages/airflow/example_dags/example_setup_teardown.py
[2025-12-12T08:36:00.479-0500] {logging_mixin.py:188} INFO - [2025-12-12T08:36:00.479-0500] {dag.py:3096} INFO - Sync 1 DAGs
[2025-12-12T08:36:00.484-0500] {logging_mixin.py:188} INFO - [2025-12-12T08:36:00.484-0500] {dag.py:3954} INFO - Setting next_dagrun for example_setup_teardown to 2025-12-11 00:00:00+00:00, run_after=2025-12-12 00:00:00+00:00
[2025-12-12T08:36:00.490-0500] {processor.py:183} INFO - Processing /Users/evankrupa/airflow_project/env/lib/python3.11/site-packages/airflow/example_dags/example_setup_teardown.py took 0.045 seconds
[2025-12-12T08:37:22.582-0500] {processor.py:161} INFO - Started process (PID=65251) to work on /Users/evankrupa/airflow_project/env/lib/python3.11/site-packages/airflow/example_dags/example_setup_teardown.py
[2025-12-12T08:37:22.583-0500] {processor.py:830} INFO - Processing file /Users/evankrupa/airflow_project/env/lib/python3.11/site-packages/airflow/example_dags/example_setup_teardown.py for tasks to queue
[2025-12-12T08:37:22.583-0500] {logging_mixin.py:188} INFO - [2025-12-12T08:37:22.583-0500] {dagbag.py:545} INFO - Filling up the DagBag from /Users/evankrupa/airflow_project/env/lib/python3.11/site-packages/airflow/example_dags/example_setup_teardown.py
[2025-12-12T08:37:22.585-0500] {processor.py:840} INFO - DAG(s) 'example_setup_teardown' retrieved from /Users/evankrupa/airflow_project/env/lib/python3.11/site-packages/airflow/example_dags/example_setup_teardown.py
[2025-12-12T08:37:22.614-0500] {logging_mixin.py:188} INFO - [2025-12-12T08:37:22.614-0500] {dag.py:3096} INFO - Sync 1 DAGs
[2025-12-12T08:37:22.618-0500] {logging_mixin.py:188} INFO - [2025-12-12T08:37:22.618-0500] {dag.py:3954} INFO - Setting next_dagrun for example_setup_teardown to 2025-12-11 00:00:00+00:00, run_after=2025-12-12 00:00:00+00:00
[2025-12-12T08:37:22.624-0500] {processor.py:183} INFO - Processing /Users/evankrupa/airflow_project/env/lib/python3.11/site-packages/airflow/example_dags/example_setup_teardown.py took 0.043 seconds
[2025-12-12T08:38:47.155-0500] {processor.py:161} INFO - Started process (PID=65323) to work on /Users/evankrupa/airflow_project/env/lib/python3.11/site-packages/airflow/example_dags/example_setup_teardown.py
[2025-12-12T08:38:47.155-0500] {processor.py:830} INFO - Processing file /Users/evankrupa/airflow_project/env/lib/python3.11/site-packages/airflow/example_dags/example_setup_teardown.py for tasks to queue
[2025-12-12T08:38:47.156-0500] {logging_mixin.py:188} INFO - [2025-12-12T08:38:47.155-0500] {dagbag.py:545} INFO - Filling up the DagBag from /Users/evankrupa/airflow_project/env/lib/python3.11/site-packages/airflow/example_dags/example_setup_teardown.py
[2025-12-12T08:38:47.158-0500] {processor.py:840} INFO - DAG(s) 'example_setup_teardown' retrieved from /Users/evankrupa/airflow_project/env/lib/python3.11/site-packages/airflow/example_dags/example_setup_teardown.py
[2025-12-12T08:38:47.186-0500] {logging_mixin.py:188} INFO - [2025-12-12T08:38:47.186-0500] {dag.py:3096} INFO - Sync 1 DAGs
[2025-12-12T08:38:47.190-0500] {logging_mixin.py:188} INFO - [2025-12-12T08:38:47.190-0500] {dag.py:3954} INFO - Setting next_dagrun for example_setup_teardown to 2025-12-11 00:00:00+00:00, run_after=2025-12-12 00:00:00+00:00
[2025-12-12T08:38:47.197-0500] {processor.py:183} INFO - Processing /Users/evankrupa/airflow_project/env/lib/python3.11/site-packages/airflow/example_dags/example_setup_teardown.py took 0.043 seconds
[2025-12-12T08:40:10.450-0500] {processor.py:161} INFO - Started process (PID=65400) to work on /Users/evankrupa/airflow_project/env/lib/python3.11/site-packages/airflow/example_dags/example_setup_teardown.py
[2025-12-12T08:40:10.451-0500] {processor.py:830} INFO - Processing file /Users/evankrupa/airflow_project/env/lib/python3.11/site-packages/airflow/example_dags/example_setup_teardown.py for tasks to queue
[2025-12-12T08:40:10.451-0500] {logging_mixin.py:188} INFO - [2025-12-12T08:40:10.451-0500] {dagbag.py:545} INFO - Filling up the DagBag from /Users/evankrupa/airflow_project/env/lib/python3.11/site-packages/airflow/example_dags/example_setup_teardown.py
[2025-12-12T08:40:10.454-0500] {processor.py:840} INFO - DAG(s) 'example_setup_teardown' retrieved from /Users/evankrupa/airflow_project/env/lib/python3.11/site-packages/airflow/example_dags/example_setup_teardown.py
[2025-12-12T08:40:10.481-0500] {logging_mixin.py:188} INFO - [2025-12-12T08:40:10.481-0500] {dag.py:3096} INFO - Sync 1 DAGs
[2025-12-12T08:40:10.486-0500] {logging_mixin.py:188} INFO - [2025-12-12T08:40:10.486-0500] {dag.py:3954} INFO - Setting next_dagrun for example_setup_teardown to 2025-12-11 00:00:00+00:00, run_after=2025-12-12 00:00:00+00:00
[2025-12-12T08:40:10.491-0500] {processor.py:183} INFO - Processing /Users/evankrupa/airflow_project/env/lib/python3.11/site-packages/airflow/example_dags/example_setup_teardown.py took 0.042 seconds
[2025-12-12T08:41:34.810-0500] {processor.py:161} INFO - Started process (PID=65485) to work on /Users/evankrupa/airflow_project/env/lib/python3.11/site-packages/airflow/example_dags/example_setup_teardown.py
[2025-12-12T08:41:34.811-0500] {processor.py:830} INFO - Processing file /Users/evankrupa/airflow_project/env/lib/python3.11/site-packages/airflow/example_dags/example_setup_teardown.py for tasks to queue
[2025-12-12T08:41:34.813-0500] {logging_mixin.py:188} INFO - [2025-12-12T08:41:34.813-0500] {dagbag.py:545} INFO - Filling up the DagBag from /Users/evankrupa/airflow_project/env/lib/python3.11/site-packages/airflow/example_dags/example_setup_teardown.py
[2025-12-12T08:41:34.819-0500] {processor.py:840} INFO - DAG(s) 'example_setup_teardown' retrieved from /Users/evankrupa/airflow_project/env/lib/python3.11/site-packages/airflow/example_dags/example_setup_teardown.py
[2025-12-12T08:41:34.846-0500] {logging_mixin.py:188} INFO - [2025-12-12T08:41:34.846-0500] {dag.py:3096} INFO - Sync 1 DAGs
[2025-12-12T08:41:34.851-0500] {logging_mixin.py:188} INFO - [2025-12-12T08:41:34.851-0500] {dag.py:3954} INFO - Setting next_dagrun for example_setup_teardown to 2025-12-11 00:00:00+00:00, run_after=2025-12-12 00:00:00+00:00
[2025-12-12T08:41:34.856-0500] {processor.py:183} INFO - Processing /Users/evankrupa/airflow_project/env/lib/python3.11/site-packages/airflow/example_dags/example_setup_teardown.py took 0.047 seconds
[2025-12-12T08:42:57.198-0500] {processor.py:161} INFO - Started process (PID=65560) to work on /Users/evankrupa/airflow_project/env/lib/python3.11/site-packages/airflow/example_dags/example_setup_teardown.py
[2025-12-12T08:42:57.199-0500] {processor.py:830} INFO - Processing file /Users/evankrupa/airflow_project/env/lib/python3.11/site-packages/airflow/example_dags/example_setup_teardown.py for tasks to queue
[2025-12-12T08:42:57.200-0500] {logging_mixin.py:188} INFO - [2025-12-12T08:42:57.200-0500] {dagbag.py:545} INFO - Filling up the DagBag from /Users/evankrupa/airflow_project/env/lib/python3.11/site-packages/airflow/example_dags/example_setup_teardown.py
[2025-12-12T08:42:57.202-0500] {processor.py:840} INFO - DAG(s) 'example_setup_teardown' retrieved from /Users/evankrupa/airflow_project/env/lib/python3.11/site-packages/airflow/example_dags/example_setup_teardown.py
[2025-12-12T08:42:57.230-0500] {logging_mixin.py:188} INFO - [2025-12-12T08:42:57.230-0500] {dag.py:3096} INFO - Sync 1 DAGs
[2025-12-12T08:42:57.234-0500] {logging_mixin.py:188} INFO - [2025-12-12T08:42:57.234-0500] {dag.py:3954} INFO - Setting next_dagrun for example_setup_teardown to 2025-12-11 00:00:00+00:00, run_after=2025-12-12 00:00:00+00:00
[2025-12-12T08:42:57.240-0500] {processor.py:183} INFO - Processing /Users/evankrupa/airflow_project/env/lib/python3.11/site-packages/airflow/example_dags/example_setup_teardown.py took 0.042 seconds
[2025-12-12T08:44:21.066-0500] {processor.py:161} INFO - Started process (PID=65634) to work on /Users/evankrupa/airflow_project/env/lib/python3.11/site-packages/airflow/example_dags/example_setup_teardown.py
[2025-12-12T08:44:21.067-0500] {processor.py:830} INFO - Processing file /Users/evankrupa/airflow_project/env/lib/python3.11/site-packages/airflow/example_dags/example_setup_teardown.py for tasks to queue
[2025-12-12T08:44:21.067-0500] {logging_mixin.py:188} INFO - [2025-12-12T08:44:21.067-0500] {dagbag.py:545} INFO - Filling up the DagBag from /Users/evankrupa/airflow_project/env/lib/python3.11/site-packages/airflow/example_dags/example_setup_teardown.py
[2025-12-12T08:44:21.069-0500] {processor.py:840} INFO - DAG(s) 'example_setup_teardown' retrieved from /Users/evankrupa/airflow_project/env/lib/python3.11/site-packages/airflow/example_dags/example_setup_teardown.py
[2025-12-12T08:44:21.096-0500] {logging_mixin.py:188} INFO - [2025-12-12T08:44:21.096-0500] {dag.py:3096} INFO - Sync 1 DAGs
[2025-12-12T08:44:21.101-0500] {logging_mixin.py:188} INFO - [2025-12-12T08:44:21.101-0500] {dag.py:3954} INFO - Setting next_dagrun for example_setup_teardown to 2025-12-11 00:00:00+00:00, run_after=2025-12-12 00:00:00+00:00
[2025-12-12T08:44:21.107-0500] {processor.py:183} INFO - Processing /Users/evankrupa/airflow_project/env/lib/python3.11/site-packages/airflow/example_dags/example_setup_teardown.py took 0.042 seconds
[2025-12-12T08:45:46.102-0500] {processor.py:161} INFO - Started process (PID=65713) to work on /Users/evankrupa/airflow_project/env/lib/python3.11/site-packages/airflow/example_dags/example_setup_teardown.py
[2025-12-12T08:45:46.104-0500] {processor.py:830} INFO - Processing file /Users/evankrupa/airflow_project/env/lib/python3.11/site-packages/airflow/example_dags/example_setup_teardown.py for tasks to queue
[2025-12-12T08:45:46.104-0500] {logging_mixin.py:188} INFO - [2025-12-12T08:45:46.104-0500] {dagbag.py:545} INFO - Filling up the DagBag from /Users/evankrupa/airflow_project/env/lib/python3.11/site-packages/airflow/example_dags/example_setup_teardown.py
[2025-12-12T08:45:46.106-0500] {processor.py:840} INFO - DAG(s) 'example_setup_teardown' retrieved from /Users/evankrupa/airflow_project/env/lib/python3.11/site-packages/airflow/example_dags/example_setup_teardown.py
[2025-12-12T08:45:46.134-0500] {logging_mixin.py:188} INFO - [2025-12-12T08:45:46.133-0500] {dag.py:3096} INFO - Sync 1 DAGs
[2025-12-12T08:45:46.138-0500] {logging_mixin.py:188} INFO - [2025-12-12T08:45:46.138-0500] {dag.py:3954} INFO - Setting next_dagrun for example_setup_teardown to 2025-12-11 00:00:00+00:00, run_after=2025-12-12 00:00:00+00:00
[2025-12-12T08:45:46.144-0500] {processor.py:183} INFO - Processing /Users/evankrupa/airflow_project/env/lib/python3.11/site-packages/airflow/example_dags/example_setup_teardown.py took 0.042 seconds
