[2025-12-12T07:25:19.886-0500] {processor.py:161} INFO - Started process (PID=56847) to work on /Users/evankrupa/airflow_project/env/lib/python3.11/site-packages/airflow/example_dags/example_trigger_target_dag.py
[2025-12-12T07:25:19.886-0500] {processor.py:830} INFO - Processing file /Users/evankrupa/airflow_project/env/lib/python3.11/site-packages/airflow/example_dags/example_trigger_target_dag.py for tasks to queue
[2025-12-12T07:25:19.887-0500] {logging_mixin.py:188} INFO - [2025-12-12T07:25:19.886-0500] {dagbag.py:545} INFO - Filling up the DagBag from /Users/evankrupa/airflow_project/env/lib/python3.11/site-packages/airflow/example_dags/example_trigger_target_dag.py
[2025-12-12T07:25:19.898-0500] {processor.py:840} INFO - DAG(s) 'example_trigger_target_dag' retrieved from /Users/evankrupa/airflow_project/env/lib/python3.11/site-packages/airflow/example_dags/example_trigger_target_dag.py
[2025-12-12T07:25:19.948-0500] {logging_mixin.py:188} INFO - [2025-12-12T07:25:19.948-0500] {override.py:1829} INFO - Created Permission View: can delete on DAG:example_trigger_target_dag
[2025-12-12T07:25:19.950-0500] {logging_mixin.py:188} INFO - [2025-12-12T07:25:19.950-0500] {override.py:1829} INFO - Created Permission View: can read on DAG:example_trigger_target_dag
[2025-12-12T07:25:19.952-0500] {logging_mixin.py:188} INFO - [2025-12-12T07:25:19.952-0500] {override.py:1829} INFO - Created Permission View: can edit on DAG:example_trigger_target_dag
[2025-12-12T07:25:19.952-0500] {logging_mixin.py:188} INFO - [2025-12-12T07:25:19.952-0500] {dag.py:3096} INFO - Sync 1 DAGs
[2025-12-12T07:25:19.955-0500] {logging_mixin.py:188} INFO - [2025-12-12T07:25:19.955-0500] {dag.py:3118} INFO - Creating ORM DAG for example_trigger_target_dag
[2025-12-12T07:25:19.955-0500] {logging_mixin.py:188} INFO - [2025-12-12T07:25:19.955-0500] {dag.py:3954} INFO - Setting next_dagrun for example_trigger_target_dag to None, run_after=None
[2025-12-12T07:25:19.980-0500] {processor.py:183} INFO - Processing /Users/evankrupa/airflow_project/env/lib/python3.11/site-packages/airflow/example_dags/example_trigger_target_dag.py took 0.095 seconds
[2025-12-12T07:26:32.976-0500] {processor.py:161} INFO - Started process (PID=56913) to work on /Users/evankrupa/airflow_project/env/lib/python3.11/site-packages/airflow/example_dags/example_trigger_target_dag.py
[2025-12-12T07:26:32.977-0500] {processor.py:830} INFO - Processing file /Users/evankrupa/airflow_project/env/lib/python3.11/site-packages/airflow/example_dags/example_trigger_target_dag.py for tasks to queue
[2025-12-12T07:26:32.977-0500] {logging_mixin.py:188} INFO - [2025-12-12T07:26:32.977-0500] {dagbag.py:545} INFO - Filling up the DagBag from /Users/evankrupa/airflow_project/env/lib/python3.11/site-packages/airflow/example_dags/example_trigger_target_dag.py
[2025-12-12T07:26:32.988-0500] {processor.py:840} INFO - DAG(s) 'example_trigger_target_dag' retrieved from /Users/evankrupa/airflow_project/env/lib/python3.11/site-packages/airflow/example_dags/example_trigger_target_dag.py
[2025-12-12T07:26:33.015-0500] {logging_mixin.py:188} INFO - [2025-12-12T07:26:33.015-0500] {dag.py:3096} INFO - Sync 1 DAGs
[2025-12-12T07:26:33.018-0500] {logging_mixin.py:188} INFO - [2025-12-12T07:26:33.018-0500] {dag.py:3954} INFO - Setting next_dagrun for example_trigger_target_dag to None, run_after=None
[2025-12-12T07:26:33.023-0500] {processor.py:183} INFO - Processing /Users/evankrupa/airflow_project/env/lib/python3.11/site-packages/airflow/example_dags/example_trigger_target_dag.py took 0.048 seconds
[2025-12-12T07:27:58.057-0500] {processor.py:161} INFO - Started process (PID=57559) to work on /Users/evankrupa/airflow_project/env/lib/python3.11/site-packages/airflow/example_dags/example_trigger_target_dag.py
[2025-12-12T07:27:58.057-0500] {processor.py:830} INFO - Processing file /Users/evankrupa/airflow_project/env/lib/python3.11/site-packages/airflow/example_dags/example_trigger_target_dag.py for tasks to queue
[2025-12-12T07:27:58.058-0500] {logging_mixin.py:188} INFO - [2025-12-12T07:27:58.058-0500] {dagbag.py:545} INFO - Filling up the DagBag from /Users/evankrupa/airflow_project/env/lib/python3.11/site-packages/airflow/example_dags/example_trigger_target_dag.py
[2025-12-12T07:27:58.070-0500] {processor.py:840} INFO - DAG(s) 'example_trigger_target_dag' retrieved from /Users/evankrupa/airflow_project/env/lib/python3.11/site-packages/airflow/example_dags/example_trigger_target_dag.py
[2025-12-12T07:27:58.096-0500] {logging_mixin.py:188} INFO - [2025-12-12T07:27:58.096-0500] {dag.py:3096} INFO - Sync 1 DAGs
[2025-12-12T07:27:58.099-0500] {logging_mixin.py:188} INFO - [2025-12-12T07:27:58.099-0500] {dag.py:3954} INFO - Setting next_dagrun for example_trigger_target_dag to None, run_after=None
[2025-12-12T07:27:58.104-0500] {processor.py:183} INFO - Processing /Users/evankrupa/airflow_project/env/lib/python3.11/site-packages/airflow/example_dags/example_trigger_target_dag.py took 0.049 seconds
[2025-12-12T07:29:23.318-0500] {processor.py:161} INFO - Started process (PID=57920) to work on /Users/evankrupa/airflow_project/env/lib/python3.11/site-packages/airflow/example_dags/example_trigger_target_dag.py
[2025-12-12T07:29:23.318-0500] {processor.py:830} INFO - Processing file /Users/evankrupa/airflow_project/env/lib/python3.11/site-packages/airflow/example_dags/example_trigger_target_dag.py for tasks to queue
[2025-12-12T07:29:23.319-0500] {logging_mixin.py:188} INFO - [2025-12-12T07:29:23.319-0500] {dagbag.py:545} INFO - Filling up the DagBag from /Users/evankrupa/airflow_project/env/lib/python3.11/site-packages/airflow/example_dags/example_trigger_target_dag.py
[2025-12-12T07:29:23.330-0500] {processor.py:840} INFO - DAG(s) 'example_trigger_target_dag' retrieved from /Users/evankrupa/airflow_project/env/lib/python3.11/site-packages/airflow/example_dags/example_trigger_target_dag.py
[2025-12-12T07:29:23.357-0500] {logging_mixin.py:188} INFO - [2025-12-12T07:29:23.357-0500] {dag.py:3096} INFO - Sync 1 DAGs
[2025-12-12T07:29:23.360-0500] {logging_mixin.py:188} INFO - [2025-12-12T07:29:23.359-0500] {dag.py:3954} INFO - Setting next_dagrun for example_trigger_target_dag to None, run_after=None
[2025-12-12T07:29:23.365-0500] {processor.py:183} INFO - Processing /Users/evankrupa/airflow_project/env/lib/python3.11/site-packages/airflow/example_dags/example_trigger_target_dag.py took 0.048 seconds
[2025-12-12T07:30:48.711-0500] {processor.py:161} INFO - Started process (PID=58049) to work on /Users/evankrupa/airflow_project/env/lib/python3.11/site-packages/airflow/example_dags/example_trigger_target_dag.py
[2025-12-12T07:30:48.711-0500] {processor.py:830} INFO - Processing file /Users/evankrupa/airflow_project/env/lib/python3.11/site-packages/airflow/example_dags/example_trigger_target_dag.py for tasks to queue
[2025-12-12T07:30:48.711-0500] {logging_mixin.py:188} INFO - [2025-12-12T07:30:48.711-0500] {dagbag.py:545} INFO - Filling up the DagBag from /Users/evankrupa/airflow_project/env/lib/python3.11/site-packages/airflow/example_dags/example_trigger_target_dag.py
[2025-12-12T07:30:48.724-0500] {processor.py:840} INFO - DAG(s) 'example_trigger_target_dag' retrieved from /Users/evankrupa/airflow_project/env/lib/python3.11/site-packages/airflow/example_dags/example_trigger_target_dag.py
[2025-12-12T07:30:48.752-0500] {logging_mixin.py:188} INFO - [2025-12-12T07:30:48.752-0500] {dag.py:3096} INFO - Sync 1 DAGs
[2025-12-12T07:30:48.755-0500] {logging_mixin.py:188} INFO - [2025-12-12T07:30:48.755-0500] {dag.py:3954} INFO - Setting next_dagrun for example_trigger_target_dag to None, run_after=None
[2025-12-12T07:30:48.762-0500] {processor.py:183} INFO - Processing /Users/evankrupa/airflow_project/env/lib/python3.11/site-packages/airflow/example_dags/example_trigger_target_dag.py took 0.052 seconds
[2025-12-12T07:32:15.910-0500] {processor.py:161} INFO - Started process (PID=58378) to work on /Users/evankrupa/airflow_project/env/lib/python3.11/site-packages/airflow/example_dags/example_trigger_target_dag.py
[2025-12-12T07:32:15.910-0500] {processor.py:830} INFO - Processing file /Users/evankrupa/airflow_project/env/lib/python3.11/site-packages/airflow/example_dags/example_trigger_target_dag.py for tasks to queue
[2025-12-12T07:32:15.911-0500] {logging_mixin.py:188} INFO - [2025-12-12T07:32:15.911-0500] {dagbag.py:545} INFO - Filling up the DagBag from /Users/evankrupa/airflow_project/env/lib/python3.11/site-packages/airflow/example_dags/example_trigger_target_dag.py
[2025-12-12T07:32:15.923-0500] {processor.py:840} INFO - DAG(s) 'example_trigger_target_dag' retrieved from /Users/evankrupa/airflow_project/env/lib/python3.11/site-packages/airflow/example_dags/example_trigger_target_dag.py
[2025-12-12T07:32:15.951-0500] {logging_mixin.py:188} INFO - [2025-12-12T07:32:15.951-0500] {dag.py:3096} INFO - Sync 1 DAGs
[2025-12-12T07:32:15.954-0500] {logging_mixin.py:188} INFO - [2025-12-12T07:32:15.954-0500] {dag.py:3954} INFO - Setting next_dagrun for example_trigger_target_dag to None, run_after=None
[2025-12-12T07:32:15.960-0500] {processor.py:183} INFO - Processing /Users/evankrupa/airflow_project/env/lib/python3.11/site-packages/airflow/example_dags/example_trigger_target_dag.py took 0.051 seconds
[2025-12-12T07:33:42.452-0500] {processor.py:161} INFO - Started process (PID=58468) to work on /Users/evankrupa/airflow_project/env/lib/python3.11/site-packages/airflow/example_dags/example_trigger_target_dag.py
[2025-12-12T07:33:42.454-0500] {processor.py:830} INFO - Processing file /Users/evankrupa/airflow_project/env/lib/python3.11/site-packages/airflow/example_dags/example_trigger_target_dag.py for tasks to queue
[2025-12-12T07:33:42.454-0500] {logging_mixin.py:188} INFO - [2025-12-12T07:33:42.454-0500] {dagbag.py:545} INFO - Filling up the DagBag from /Users/evankrupa/airflow_project/env/lib/python3.11/site-packages/airflow/example_dags/example_trigger_target_dag.py
[2025-12-12T07:33:42.466-0500] {processor.py:840} INFO - DAG(s) 'example_trigger_target_dag' retrieved from /Users/evankrupa/airflow_project/env/lib/python3.11/site-packages/airflow/example_dags/example_trigger_target_dag.py
[2025-12-12T07:33:42.493-0500] {logging_mixin.py:188} INFO - [2025-12-12T07:33:42.492-0500] {dag.py:3096} INFO - Sync 1 DAGs
[2025-12-12T07:33:42.495-0500] {logging_mixin.py:188} INFO - [2025-12-12T07:33:42.495-0500] {dag.py:3954} INFO - Setting next_dagrun for example_trigger_target_dag to None, run_after=None
[2025-12-12T07:33:42.501-0500] {processor.py:183} INFO - Processing /Users/evankrupa/airflow_project/env/lib/python3.11/site-packages/airflow/example_dags/example_trigger_target_dag.py took 0.049 seconds
[2025-12-12T07:35:05.589-0500] {processor.py:161} INFO - Started process (PID=58547) to work on /Users/evankrupa/airflow_project/env/lib/python3.11/site-packages/airflow/example_dags/example_trigger_target_dag.py
[2025-12-12T07:35:05.590-0500] {processor.py:830} INFO - Processing file /Users/evankrupa/airflow_project/env/lib/python3.11/site-packages/airflow/example_dags/example_trigger_target_dag.py for tasks to queue
[2025-12-12T07:35:05.590-0500] {logging_mixin.py:188} INFO - [2025-12-12T07:35:05.590-0500] {dagbag.py:545} INFO - Filling up the DagBag from /Users/evankrupa/airflow_project/env/lib/python3.11/site-packages/airflow/example_dags/example_trigger_target_dag.py
[2025-12-12T07:35:05.603-0500] {processor.py:840} INFO - DAG(s) 'example_trigger_target_dag' retrieved from /Users/evankrupa/airflow_project/env/lib/python3.11/site-packages/airflow/example_dags/example_trigger_target_dag.py
[2025-12-12T07:35:05.630-0500] {logging_mixin.py:188} INFO - [2025-12-12T07:35:05.630-0500] {dag.py:3096} INFO - Sync 1 DAGs
[2025-12-12T07:35:05.633-0500] {logging_mixin.py:188} INFO - [2025-12-12T07:35:05.633-0500] {dag.py:3954} INFO - Setting next_dagrun for example_trigger_target_dag to None, run_after=None
[2025-12-12T07:35:05.638-0500] {processor.py:183} INFO - Processing /Users/evankrupa/airflow_project/env/lib/python3.11/site-packages/airflow/example_dags/example_trigger_target_dag.py took 0.050 seconds
[2025-12-12T07:36:29.332-0500] {processor.py:161} INFO - Started process (PID=58615) to work on /Users/evankrupa/airflow_project/env/lib/python3.11/site-packages/airflow/example_dags/example_trigger_target_dag.py
[2025-12-12T07:36:29.333-0500] {processor.py:830} INFO - Processing file /Users/evankrupa/airflow_project/env/lib/python3.11/site-packages/airflow/example_dags/example_trigger_target_dag.py for tasks to queue
[2025-12-12T07:36:29.333-0500] {logging_mixin.py:188} INFO - [2025-12-12T07:36:29.333-0500] {dagbag.py:545} INFO - Filling up the DagBag from /Users/evankrupa/airflow_project/env/lib/python3.11/site-packages/airflow/example_dags/example_trigger_target_dag.py
[2025-12-12T07:36:29.345-0500] {processor.py:840} INFO - DAG(s) 'example_trigger_target_dag' retrieved from /Users/evankrupa/airflow_project/env/lib/python3.11/site-packages/airflow/example_dags/example_trigger_target_dag.py
[2025-12-12T07:36:29.372-0500] {logging_mixin.py:188} INFO - [2025-12-12T07:36:29.372-0500] {dag.py:3096} INFO - Sync 1 DAGs
[2025-12-12T07:36:29.375-0500] {logging_mixin.py:188} INFO - [2025-12-12T07:36:29.374-0500] {dag.py:3954} INFO - Setting next_dagrun for example_trigger_target_dag to None, run_after=None
[2025-12-12T07:36:29.380-0500] {processor.py:183} INFO - Processing /Users/evankrupa/airflow_project/env/lib/python3.11/site-packages/airflow/example_dags/example_trigger_target_dag.py took 0.048 seconds
[2025-12-12T07:37:55.239-0500] {processor.py:161} INFO - Started process (PID=58685) to work on /Users/evankrupa/airflow_project/env/lib/python3.11/site-packages/airflow/example_dags/example_trigger_target_dag.py
[2025-12-12T07:37:55.239-0500] {processor.py:830} INFO - Processing file /Users/evankrupa/airflow_project/env/lib/python3.11/site-packages/airflow/example_dags/example_trigger_target_dag.py for tasks to queue
[2025-12-12T07:37:55.239-0500] {logging_mixin.py:188} INFO - [2025-12-12T07:37:55.239-0500] {dagbag.py:545} INFO - Filling up the DagBag from /Users/evankrupa/airflow_project/env/lib/python3.11/site-packages/airflow/example_dags/example_trigger_target_dag.py
[2025-12-12T07:37:55.251-0500] {processor.py:840} INFO - DAG(s) 'example_trigger_target_dag' retrieved from /Users/evankrupa/airflow_project/env/lib/python3.11/site-packages/airflow/example_dags/example_trigger_target_dag.py
[2025-12-12T07:37:55.280-0500] {logging_mixin.py:188} INFO - [2025-12-12T07:37:55.280-0500] {dag.py:3096} INFO - Sync 1 DAGs
[2025-12-12T07:37:55.283-0500] {logging_mixin.py:188} INFO - [2025-12-12T07:37:55.283-0500] {dag.py:3954} INFO - Setting next_dagrun for example_trigger_target_dag to None, run_after=None
[2025-12-12T07:37:55.288-0500] {processor.py:183} INFO - Processing /Users/evankrupa/airflow_project/env/lib/python3.11/site-packages/airflow/example_dags/example_trigger_target_dag.py took 0.050 seconds
[2025-12-12T07:39:20.109-0500] {processor.py:161} INFO - Started process (PID=58801) to work on /Users/evankrupa/airflow_project/env/lib/python3.11/site-packages/airflow/example_dags/example_trigger_target_dag.py
[2025-12-12T07:39:20.110-0500] {processor.py:830} INFO - Processing file /Users/evankrupa/airflow_project/env/lib/python3.11/site-packages/airflow/example_dags/example_trigger_target_dag.py for tasks to queue
[2025-12-12T07:39:20.110-0500] {logging_mixin.py:188} INFO - [2025-12-12T07:39:20.110-0500] {dagbag.py:545} INFO - Filling up the DagBag from /Users/evankrupa/airflow_project/env/lib/python3.11/site-packages/airflow/example_dags/example_trigger_target_dag.py
[2025-12-12T07:39:20.123-0500] {processor.py:840} INFO - DAG(s) 'example_trigger_target_dag' retrieved from /Users/evankrupa/airflow_project/env/lib/python3.11/site-packages/airflow/example_dags/example_trigger_target_dag.py
[2025-12-12T07:39:20.151-0500] {logging_mixin.py:188} INFO - [2025-12-12T07:39:20.151-0500] {dag.py:3096} INFO - Sync 1 DAGs
[2025-12-12T07:39:20.153-0500] {logging_mixin.py:188} INFO - [2025-12-12T07:39:20.153-0500] {dag.py:3954} INFO - Setting next_dagrun for example_trigger_target_dag to None, run_after=None
[2025-12-12T07:39:20.159-0500] {processor.py:183} INFO - Processing /Users/evankrupa/airflow_project/env/lib/python3.11/site-packages/airflow/example_dags/example_trigger_target_dag.py took 0.050 seconds
[2025-12-12T07:40:44.794-0500] {processor.py:161} INFO - Started process (PID=58914) to work on /Users/evankrupa/airflow_project/env/lib/python3.11/site-packages/airflow/example_dags/example_trigger_target_dag.py
[2025-12-12T07:40:44.795-0500] {processor.py:830} INFO - Processing file /Users/evankrupa/airflow_project/env/lib/python3.11/site-packages/airflow/example_dags/example_trigger_target_dag.py for tasks to queue
[2025-12-12T07:40:44.795-0500] {logging_mixin.py:188} INFO - [2025-12-12T07:40:44.795-0500] {dagbag.py:545} INFO - Filling up the DagBag from /Users/evankrupa/airflow_project/env/lib/python3.11/site-packages/airflow/example_dags/example_trigger_target_dag.py
[2025-12-12T07:40:44.808-0500] {processor.py:840} INFO - DAG(s) 'example_trigger_target_dag' retrieved from /Users/evankrupa/airflow_project/env/lib/python3.11/site-packages/airflow/example_dags/example_trigger_target_dag.py
[2025-12-12T07:40:44.837-0500] {logging_mixin.py:188} INFO - [2025-12-12T07:40:44.837-0500] {dag.py:3096} INFO - Sync 1 DAGs
[2025-12-12T07:40:44.840-0500] {logging_mixin.py:188} INFO - [2025-12-12T07:40:44.840-0500] {dag.py:3954} INFO - Setting next_dagrun for example_trigger_target_dag to None, run_after=None
[2025-12-12T07:40:44.846-0500] {processor.py:183} INFO - Processing /Users/evankrupa/airflow_project/env/lib/python3.11/site-packages/airflow/example_dags/example_trigger_target_dag.py took 0.052 seconds
[2025-12-12T07:42:10.169-0500] {processor.py:161} INFO - Started process (PID=58983) to work on /Users/evankrupa/airflow_project/env/lib/python3.11/site-packages/airflow/example_dags/example_trigger_target_dag.py
[2025-12-12T07:42:10.170-0500] {processor.py:830} INFO - Processing file /Users/evankrupa/airflow_project/env/lib/python3.11/site-packages/airflow/example_dags/example_trigger_target_dag.py for tasks to queue
[2025-12-12T07:42:10.170-0500] {logging_mixin.py:188} INFO - [2025-12-12T07:42:10.170-0500] {dagbag.py:545} INFO - Filling up the DagBag from /Users/evankrupa/airflow_project/env/lib/python3.11/site-packages/airflow/example_dags/example_trigger_target_dag.py
[2025-12-12T07:42:10.182-0500] {processor.py:840} INFO - DAG(s) 'example_trigger_target_dag' retrieved from /Users/evankrupa/airflow_project/env/lib/python3.11/site-packages/airflow/example_dags/example_trigger_target_dag.py
[2025-12-12T07:42:10.208-0500] {logging_mixin.py:188} INFO - [2025-12-12T07:42:10.208-0500] {dag.py:3096} INFO - Sync 1 DAGs
[2025-12-12T07:42:10.211-0500] {logging_mixin.py:188} INFO - [2025-12-12T07:42:10.211-0500] {dag.py:3954} INFO - Setting next_dagrun for example_trigger_target_dag to None, run_after=None
[2025-12-12T07:42:10.216-0500] {processor.py:183} INFO - Processing /Users/evankrupa/airflow_project/env/lib/python3.11/site-packages/airflow/example_dags/example_trigger_target_dag.py took 0.048 seconds
[2025-12-12T07:43:33.643-0500] {processor.py:161} INFO - Started process (PID=59145) to work on /Users/evankrupa/airflow_project/env/lib/python3.11/site-packages/airflow/example_dags/example_trigger_target_dag.py
[2025-12-12T07:43:33.644-0500] {processor.py:830} INFO - Processing file /Users/evankrupa/airflow_project/env/lib/python3.11/site-packages/airflow/example_dags/example_trigger_target_dag.py for tasks to queue
[2025-12-12T07:43:33.644-0500] {logging_mixin.py:188} INFO - [2025-12-12T07:43:33.644-0500] {dagbag.py:545} INFO - Filling up the DagBag from /Users/evankrupa/airflow_project/env/lib/python3.11/site-packages/airflow/example_dags/example_trigger_target_dag.py
[2025-12-12T07:43:33.656-0500] {processor.py:840} INFO - DAG(s) 'example_trigger_target_dag' retrieved from /Users/evankrupa/airflow_project/env/lib/python3.11/site-packages/airflow/example_dags/example_trigger_target_dag.py
[2025-12-12T07:43:33.684-0500] {logging_mixin.py:188} INFO - [2025-12-12T07:43:33.684-0500] {dag.py:3096} INFO - Sync 1 DAGs
[2025-12-12T07:43:33.687-0500] {logging_mixin.py:188} INFO - [2025-12-12T07:43:33.687-0500] {dag.py:3954} INFO - Setting next_dagrun for example_trigger_target_dag to None, run_after=None
[2025-12-12T07:43:33.692-0500] {processor.py:183} INFO - Processing /Users/evankrupa/airflow_project/env/lib/python3.11/site-packages/airflow/example_dags/example_trigger_target_dag.py took 0.049 seconds
[2025-12-12T07:44:58.883-0500] {processor.py:161} INFO - Started process (PID=59239) to work on /Users/evankrupa/airflow_project/env/lib/python3.11/site-packages/airflow/example_dags/example_trigger_target_dag.py
[2025-12-12T07:44:58.884-0500] {processor.py:830} INFO - Processing file /Users/evankrupa/airflow_project/env/lib/python3.11/site-packages/airflow/example_dags/example_trigger_target_dag.py for tasks to queue
[2025-12-12T07:44:58.884-0500] {logging_mixin.py:188} INFO - [2025-12-12T07:44:58.884-0500] {dagbag.py:545} INFO - Filling up the DagBag from /Users/evankrupa/airflow_project/env/lib/python3.11/site-packages/airflow/example_dags/example_trigger_target_dag.py
[2025-12-12T07:44:58.896-0500] {processor.py:840} INFO - DAG(s) 'example_trigger_target_dag' retrieved from /Users/evankrupa/airflow_project/env/lib/python3.11/site-packages/airflow/example_dags/example_trigger_target_dag.py
[2025-12-12T07:44:58.922-0500] {logging_mixin.py:188} INFO - [2025-12-12T07:44:58.922-0500] {dag.py:3096} INFO - Sync 1 DAGs
[2025-12-12T07:44:58.924-0500] {logging_mixin.py:188} INFO - [2025-12-12T07:44:58.924-0500] {dag.py:3954} INFO - Setting next_dagrun for example_trigger_target_dag to None, run_after=None
[2025-12-12T07:44:58.930-0500] {processor.py:183} INFO - Processing /Users/evankrupa/airflow_project/env/lib/python3.11/site-packages/airflow/example_dags/example_trigger_target_dag.py took 0.048 seconds
[2025-12-12T07:46:23.866-0500] {processor.py:161} INFO - Started process (PID=59315) to work on /Users/evankrupa/airflow_project/env/lib/python3.11/site-packages/airflow/example_dags/example_trigger_target_dag.py
[2025-12-12T07:46:23.867-0500] {processor.py:830} INFO - Processing file /Users/evankrupa/airflow_project/env/lib/python3.11/site-packages/airflow/example_dags/example_trigger_target_dag.py for tasks to queue
[2025-12-12T07:46:23.867-0500] {logging_mixin.py:188} INFO - [2025-12-12T07:46:23.867-0500] {dagbag.py:545} INFO - Filling up the DagBag from /Users/evankrupa/airflow_project/env/lib/python3.11/site-packages/airflow/example_dags/example_trigger_target_dag.py
[2025-12-12T07:46:23.880-0500] {processor.py:840} INFO - DAG(s) 'example_trigger_target_dag' retrieved from /Users/evankrupa/airflow_project/env/lib/python3.11/site-packages/airflow/example_dags/example_trigger_target_dag.py
[2025-12-12T07:46:23.908-0500] {logging_mixin.py:188} INFO - [2025-12-12T07:46:23.908-0500] {dag.py:3096} INFO - Sync 1 DAGs
[2025-12-12T07:46:23.912-0500] {logging_mixin.py:188} INFO - [2025-12-12T07:46:23.911-0500] {dag.py:3954} INFO - Setting next_dagrun for example_trigger_target_dag to None, run_after=None
[2025-12-12T07:46:23.917-0500] {processor.py:183} INFO - Processing /Users/evankrupa/airflow_project/env/lib/python3.11/site-packages/airflow/example_dags/example_trigger_target_dag.py took 0.052 seconds
[2025-12-12T07:47:46.646-0500] {processor.py:161} INFO - Started process (PID=59402) to work on /Users/evankrupa/airflow_project/env/lib/python3.11/site-packages/airflow/example_dags/example_trigger_target_dag.py
[2025-12-12T07:47:46.646-0500] {processor.py:830} INFO - Processing file /Users/evankrupa/airflow_project/env/lib/python3.11/site-packages/airflow/example_dags/example_trigger_target_dag.py for tasks to queue
[2025-12-12T07:47:46.647-0500] {logging_mixin.py:188} INFO - [2025-12-12T07:47:46.647-0500] {dagbag.py:545} INFO - Filling up the DagBag from /Users/evankrupa/airflow_project/env/lib/python3.11/site-packages/airflow/example_dags/example_trigger_target_dag.py
[2025-12-12T07:47:46.659-0500] {processor.py:840} INFO - DAG(s) 'example_trigger_target_dag' retrieved from /Users/evankrupa/airflow_project/env/lib/python3.11/site-packages/airflow/example_dags/example_trigger_target_dag.py
[2025-12-12T07:47:46.687-0500] {logging_mixin.py:188} INFO - [2025-12-12T07:47:46.687-0500] {dag.py:3096} INFO - Sync 1 DAGs
[2025-12-12T07:47:46.690-0500] {logging_mixin.py:188} INFO - [2025-12-12T07:47:46.690-0500] {dag.py:3954} INFO - Setting next_dagrun for example_trigger_target_dag to None, run_after=None
[2025-12-12T07:47:46.696-0500] {processor.py:183} INFO - Processing /Users/evankrupa/airflow_project/env/lib/python3.11/site-packages/airflow/example_dags/example_trigger_target_dag.py took 0.051 seconds
[2025-12-12T07:49:15.264-0500] {processor.py:161} INFO - Started process (PID=59503) to work on /Users/evankrupa/airflow_project/env/lib/python3.11/site-packages/airflow/example_dags/example_trigger_target_dag.py
[2025-12-12T07:49:15.264-0500] {processor.py:830} INFO - Processing file /Users/evankrupa/airflow_project/env/lib/python3.11/site-packages/airflow/example_dags/example_trigger_target_dag.py for tasks to queue
[2025-12-12T07:49:15.265-0500] {logging_mixin.py:188} INFO - [2025-12-12T07:49:15.265-0500] {dagbag.py:545} INFO - Filling up the DagBag from /Users/evankrupa/airflow_project/env/lib/python3.11/site-packages/airflow/example_dags/example_trigger_target_dag.py
[2025-12-12T07:49:15.276-0500] {processor.py:840} INFO - DAG(s) 'example_trigger_target_dag' retrieved from /Users/evankrupa/airflow_project/env/lib/python3.11/site-packages/airflow/example_dags/example_trigger_target_dag.py
[2025-12-12T07:49:15.303-0500] {logging_mixin.py:188} INFO - [2025-12-12T07:49:15.303-0500] {dag.py:3096} INFO - Sync 1 DAGs
[2025-12-12T07:49:15.306-0500] {logging_mixin.py:188} INFO - [2025-12-12T07:49:15.306-0500] {dag.py:3954} INFO - Setting next_dagrun for example_trigger_target_dag to None, run_after=None
[2025-12-12T07:49:15.311-0500] {processor.py:183} INFO - Processing /Users/evankrupa/airflow_project/env/lib/python3.11/site-packages/airflow/example_dags/example_trigger_target_dag.py took 0.048 seconds
[2025-12-12T07:50:40.955-0500] {processor.py:161} INFO - Started process (PID=59579) to work on /Users/evankrupa/airflow_project/env/lib/python3.11/site-packages/airflow/example_dags/example_trigger_target_dag.py
[2025-12-12T07:50:40.956-0500] {processor.py:830} INFO - Processing file /Users/evankrupa/airflow_project/env/lib/python3.11/site-packages/airflow/example_dags/example_trigger_target_dag.py for tasks to queue
[2025-12-12T07:50:40.956-0500] {logging_mixin.py:188} INFO - [2025-12-12T07:50:40.956-0500] {dagbag.py:545} INFO - Filling up the DagBag from /Users/evankrupa/airflow_project/env/lib/python3.11/site-packages/airflow/example_dags/example_trigger_target_dag.py
[2025-12-12T07:50:40.968-0500] {processor.py:840} INFO - DAG(s) 'example_trigger_target_dag' retrieved from /Users/evankrupa/airflow_project/env/lib/python3.11/site-packages/airflow/example_dags/example_trigger_target_dag.py
[2025-12-12T07:50:40.996-0500] {logging_mixin.py:188} INFO - [2025-12-12T07:50:40.996-0500] {dag.py:3096} INFO - Sync 1 DAGs
[2025-12-12T07:50:40.999-0500] {logging_mixin.py:188} INFO - [2025-12-12T07:50:40.999-0500] {dag.py:3954} INFO - Setting next_dagrun for example_trigger_target_dag to None, run_after=None
[2025-12-12T07:50:41.005-0500] {processor.py:183} INFO - Processing /Users/evankrupa/airflow_project/env/lib/python3.11/site-packages/airflow/example_dags/example_trigger_target_dag.py took 0.051 seconds
[2025-12-12T07:52:06.377-0500] {processor.py:161} INFO - Started process (PID=59648) to work on /Users/evankrupa/airflow_project/env/lib/python3.11/site-packages/airflow/example_dags/example_trigger_target_dag.py
[2025-12-12T07:52:06.378-0500] {processor.py:830} INFO - Processing file /Users/evankrupa/airflow_project/env/lib/python3.11/site-packages/airflow/example_dags/example_trigger_target_dag.py for tasks to queue
[2025-12-12T07:52:06.378-0500] {logging_mixin.py:188} INFO - [2025-12-12T07:52:06.378-0500] {dagbag.py:545} INFO - Filling up the DagBag from /Users/evankrupa/airflow_project/env/lib/python3.11/site-packages/airflow/example_dags/example_trigger_target_dag.py
[2025-12-12T07:52:06.389-0500] {processor.py:840} INFO - DAG(s) 'example_trigger_target_dag' retrieved from /Users/evankrupa/airflow_project/env/lib/python3.11/site-packages/airflow/example_dags/example_trigger_target_dag.py
[2025-12-12T07:52:06.416-0500] {logging_mixin.py:188} INFO - [2025-12-12T07:52:06.416-0500] {dag.py:3096} INFO - Sync 1 DAGs
[2025-12-12T07:52:06.420-0500] {logging_mixin.py:188} INFO - [2025-12-12T07:52:06.420-0500] {dag.py:3954} INFO - Setting next_dagrun for example_trigger_target_dag to None, run_after=None
[2025-12-12T07:52:06.426-0500] {processor.py:183} INFO - Processing /Users/evankrupa/airflow_project/env/lib/python3.11/site-packages/airflow/example_dags/example_trigger_target_dag.py took 0.050 seconds
[2025-12-12T07:53:29.447-0500] {processor.py:161} INFO - Started process (PID=59736) to work on /Users/evankrupa/airflow_project/env/lib/python3.11/site-packages/airflow/example_dags/example_trigger_target_dag.py
[2025-12-12T07:53:29.448-0500] {processor.py:830} INFO - Processing file /Users/evankrupa/airflow_project/env/lib/python3.11/site-packages/airflow/example_dags/example_trigger_target_dag.py for tasks to queue
[2025-12-12T07:53:29.448-0500] {logging_mixin.py:188} INFO - [2025-12-12T07:53:29.448-0500] {dagbag.py:545} INFO - Filling up the DagBag from /Users/evankrupa/airflow_project/env/lib/python3.11/site-packages/airflow/example_dags/example_trigger_target_dag.py
[2025-12-12T07:53:29.460-0500] {processor.py:840} INFO - DAG(s) 'example_trigger_target_dag' retrieved from /Users/evankrupa/airflow_project/env/lib/python3.11/site-packages/airflow/example_dags/example_trigger_target_dag.py
[2025-12-12T07:53:29.486-0500] {logging_mixin.py:188} INFO - [2025-12-12T07:53:29.486-0500] {dag.py:3096} INFO - Sync 1 DAGs
[2025-12-12T07:53:29.488-0500] {logging_mixin.py:188} INFO - [2025-12-12T07:53:29.488-0500] {dag.py:3954} INFO - Setting next_dagrun for example_trigger_target_dag to None, run_after=None
[2025-12-12T07:53:29.494-0500] {processor.py:183} INFO - Processing /Users/evankrupa/airflow_project/env/lib/python3.11/site-packages/airflow/example_dags/example_trigger_target_dag.py took 0.047 seconds
[2025-12-12T07:54:51.205-0500] {processor.py:161} INFO - Started process (PID=59809) to work on /Users/evankrupa/airflow_project/env/lib/python3.11/site-packages/airflow/example_dags/example_trigger_target_dag.py
[2025-12-12T07:54:51.205-0500] {processor.py:830} INFO - Processing file /Users/evankrupa/airflow_project/env/lib/python3.11/site-packages/airflow/example_dags/example_trigger_target_dag.py for tasks to queue
[2025-12-12T07:54:51.206-0500] {logging_mixin.py:188} INFO - [2025-12-12T07:54:51.205-0500] {dagbag.py:545} INFO - Filling up the DagBag from /Users/evankrupa/airflow_project/env/lib/python3.11/site-packages/airflow/example_dags/example_trigger_target_dag.py
[2025-12-12T07:54:51.217-0500] {processor.py:840} INFO - DAG(s) 'example_trigger_target_dag' retrieved from /Users/evankrupa/airflow_project/env/lib/python3.11/site-packages/airflow/example_dags/example_trigger_target_dag.py
[2025-12-12T07:54:51.244-0500] {logging_mixin.py:188} INFO - [2025-12-12T07:54:51.244-0500] {dag.py:3096} INFO - Sync 1 DAGs
[2025-12-12T07:54:51.246-0500] {logging_mixin.py:188} INFO - [2025-12-12T07:54:51.246-0500] {dag.py:3954} INFO - Setting next_dagrun for example_trigger_target_dag to None, run_after=None
[2025-12-12T07:54:51.252-0500] {processor.py:183} INFO - Processing /Users/evankrupa/airflow_project/env/lib/python3.11/site-packages/airflow/example_dags/example_trigger_target_dag.py took 0.048 seconds
[2025-12-12T07:56:17.573-0500] {processor.py:161} INFO - Started process (PID=59889) to work on /Users/evankrupa/airflow_project/env/lib/python3.11/site-packages/airflow/example_dags/example_trigger_target_dag.py
[2025-12-12T07:56:17.573-0500] {processor.py:830} INFO - Processing file /Users/evankrupa/airflow_project/env/lib/python3.11/site-packages/airflow/example_dags/example_trigger_target_dag.py for tasks to queue
[2025-12-12T07:56:17.574-0500] {logging_mixin.py:188} INFO - [2025-12-12T07:56:17.574-0500] {dagbag.py:545} INFO - Filling up the DagBag from /Users/evankrupa/airflow_project/env/lib/python3.11/site-packages/airflow/example_dags/example_trigger_target_dag.py
[2025-12-12T07:56:17.585-0500] {processor.py:840} INFO - DAG(s) 'example_trigger_target_dag' retrieved from /Users/evankrupa/airflow_project/env/lib/python3.11/site-packages/airflow/example_dags/example_trigger_target_dag.py
[2025-12-12T07:56:17.612-0500] {logging_mixin.py:188} INFO - [2025-12-12T07:56:17.612-0500] {dag.py:3096} INFO - Sync 1 DAGs
[2025-12-12T07:56:17.615-0500] {logging_mixin.py:188} INFO - [2025-12-12T07:56:17.615-0500] {dag.py:3954} INFO - Setting next_dagrun for example_trigger_target_dag to None, run_after=None
[2025-12-12T07:56:17.621-0500] {processor.py:183} INFO - Processing /Users/evankrupa/airflow_project/env/lib/python3.11/site-packages/airflow/example_dags/example_trigger_target_dag.py took 0.049 seconds
[2025-12-12T07:57:43.475-0500] {processor.py:161} INFO - Started process (PID=60409) to work on /Users/evankrupa/airflow_project/env/lib/python3.11/site-packages/airflow/example_dags/example_trigger_target_dag.py
[2025-12-12T07:57:43.476-0500] {processor.py:830} INFO - Processing file /Users/evankrupa/airflow_project/env/lib/python3.11/site-packages/airflow/example_dags/example_trigger_target_dag.py for tasks to queue
[2025-12-12T07:57:43.476-0500] {logging_mixin.py:188} INFO - [2025-12-12T07:57:43.476-0500] {dagbag.py:545} INFO - Filling up the DagBag from /Users/evankrupa/airflow_project/env/lib/python3.11/site-packages/airflow/example_dags/example_trigger_target_dag.py
[2025-12-12T07:57:43.488-0500] {processor.py:840} INFO - DAG(s) 'example_trigger_target_dag' retrieved from /Users/evankrupa/airflow_project/env/lib/python3.11/site-packages/airflow/example_dags/example_trigger_target_dag.py
[2025-12-12T07:57:43.517-0500] {logging_mixin.py:188} INFO - [2025-12-12T07:57:43.517-0500] {dag.py:3096} INFO - Sync 1 DAGs
[2025-12-12T07:57:43.521-0500] {logging_mixin.py:188} INFO - [2025-12-12T07:57:43.521-0500] {dag.py:3954} INFO - Setting next_dagrun for example_trigger_target_dag to None, run_after=None
[2025-12-12T07:57:43.527-0500] {processor.py:183} INFO - Processing /Users/evankrupa/airflow_project/env/lib/python3.11/site-packages/airflow/example_dags/example_trigger_target_dag.py took 0.053 seconds
[2025-12-12T07:59:09.303-0500] {processor.py:161} INFO - Started process (PID=62593) to work on /Users/evankrupa/airflow_project/env/lib/python3.11/site-packages/airflow/example_dags/example_trigger_target_dag.py
[2025-12-12T07:59:09.304-0500] {processor.py:830} INFO - Processing file /Users/evankrupa/airflow_project/env/lib/python3.11/site-packages/airflow/example_dags/example_trigger_target_dag.py for tasks to queue
[2025-12-12T07:59:09.304-0500] {logging_mixin.py:188} INFO - [2025-12-12T07:59:09.304-0500] {dagbag.py:545} INFO - Filling up the DagBag from /Users/evankrupa/airflow_project/env/lib/python3.11/site-packages/airflow/example_dags/example_trigger_target_dag.py
[2025-12-12T07:59:09.317-0500] {processor.py:840} INFO - DAG(s) 'example_trigger_target_dag' retrieved from /Users/evankrupa/airflow_project/env/lib/python3.11/site-packages/airflow/example_dags/example_trigger_target_dag.py
[2025-12-12T07:59:09.346-0500] {logging_mixin.py:188} INFO - [2025-12-12T07:59:09.345-0500] {dag.py:3096} INFO - Sync 1 DAGs
[2025-12-12T07:59:09.348-0500] {logging_mixin.py:188} INFO - [2025-12-12T07:59:09.348-0500] {dag.py:3954} INFO - Setting next_dagrun for example_trigger_target_dag to None, run_after=None
[2025-12-12T07:59:09.354-0500] {processor.py:183} INFO - Processing /Users/evankrupa/airflow_project/env/lib/python3.11/site-packages/airflow/example_dags/example_trigger_target_dag.py took 0.052 seconds
[2025-12-12T08:00:30.982-0500] {processor.py:161} INFO - Started process (PID=62768) to work on /Users/evankrupa/airflow_project/env/lib/python3.11/site-packages/airflow/example_dags/example_trigger_target_dag.py
[2025-12-12T08:00:30.982-0500] {processor.py:830} INFO - Processing file /Users/evankrupa/airflow_project/env/lib/python3.11/site-packages/airflow/example_dags/example_trigger_target_dag.py for tasks to queue
[2025-12-12T08:00:30.983-0500] {logging_mixin.py:188} INFO - [2025-12-12T08:00:30.983-0500] {dagbag.py:545} INFO - Filling up the DagBag from /Users/evankrupa/airflow_project/env/lib/python3.11/site-packages/airflow/example_dags/example_trigger_target_dag.py
[2025-12-12T08:00:30.994-0500] {processor.py:840} INFO - DAG(s) 'example_trigger_target_dag' retrieved from /Users/evankrupa/airflow_project/env/lib/python3.11/site-packages/airflow/example_dags/example_trigger_target_dag.py
[2025-12-12T08:00:31.022-0500] {logging_mixin.py:188} INFO - [2025-12-12T08:00:31.022-0500] {dag.py:3096} INFO - Sync 1 DAGs
[2025-12-12T08:00:31.024-0500] {logging_mixin.py:188} INFO - [2025-12-12T08:00:31.024-0500] {dag.py:3954} INFO - Setting next_dagrun for example_trigger_target_dag to None, run_after=None
[2025-12-12T08:00:31.030-0500] {processor.py:183} INFO - Processing /Users/evankrupa/airflow_project/env/lib/python3.11/site-packages/airflow/example_dags/example_trigger_target_dag.py took 0.048 seconds
[2025-12-12T08:01:53.817-0500] {processor.py:161} INFO - Started process (PID=62834) to work on /Users/evankrupa/airflow_project/env/lib/python3.11/site-packages/airflow/example_dags/example_trigger_target_dag.py
[2025-12-12T08:01:53.818-0500] {processor.py:830} INFO - Processing file /Users/evankrupa/airflow_project/env/lib/python3.11/site-packages/airflow/example_dags/example_trigger_target_dag.py for tasks to queue
[2025-12-12T08:01:53.818-0500] {logging_mixin.py:188} INFO - [2025-12-12T08:01:53.818-0500] {dagbag.py:545} INFO - Filling up the DagBag from /Users/evankrupa/airflow_project/env/lib/python3.11/site-packages/airflow/example_dags/example_trigger_target_dag.py
[2025-12-12T08:01:53.830-0500] {processor.py:840} INFO - DAG(s) 'example_trigger_target_dag' retrieved from /Users/evankrupa/airflow_project/env/lib/python3.11/site-packages/airflow/example_dags/example_trigger_target_dag.py
[2025-12-12T08:01:53.857-0500] {logging_mixin.py:188} INFO - [2025-12-12T08:01:53.857-0500] {dag.py:3096} INFO - Sync 1 DAGs
[2025-12-12T08:01:53.859-0500] {logging_mixin.py:188} INFO - [2025-12-12T08:01:53.859-0500] {dag.py:3954} INFO - Setting next_dagrun for example_trigger_target_dag to None, run_after=None
[2025-12-12T08:01:53.865-0500] {processor.py:183} INFO - Processing /Users/evankrupa/airflow_project/env/lib/python3.11/site-packages/airflow/example_dags/example_trigger_target_dag.py took 0.048 seconds
[2025-12-12T08:03:19.711-0500] {processor.py:161} INFO - Started process (PID=62900) to work on /Users/evankrupa/airflow_project/env/lib/python3.11/site-packages/airflow/example_dags/example_trigger_target_dag.py
[2025-12-12T08:03:19.711-0500] {processor.py:830} INFO - Processing file /Users/evankrupa/airflow_project/env/lib/python3.11/site-packages/airflow/example_dags/example_trigger_target_dag.py for tasks to queue
[2025-12-12T08:03:19.711-0500] {logging_mixin.py:188} INFO - [2025-12-12T08:03:19.711-0500] {dagbag.py:545} INFO - Filling up the DagBag from /Users/evankrupa/airflow_project/env/lib/python3.11/site-packages/airflow/example_dags/example_trigger_target_dag.py
[2025-12-12T08:03:19.723-0500] {processor.py:840} INFO - DAG(s) 'example_trigger_target_dag' retrieved from /Users/evankrupa/airflow_project/env/lib/python3.11/site-packages/airflow/example_dags/example_trigger_target_dag.py
[2025-12-12T08:03:19.749-0500] {logging_mixin.py:188} INFO - [2025-12-12T08:03:19.749-0500] {dag.py:3096} INFO - Sync 1 DAGs
[2025-12-12T08:03:19.752-0500] {logging_mixin.py:188} INFO - [2025-12-12T08:03:19.752-0500] {dag.py:3954} INFO - Setting next_dagrun for example_trigger_target_dag to None, run_after=None
[2025-12-12T08:03:19.757-0500] {processor.py:183} INFO - Processing /Users/evankrupa/airflow_project/env/lib/python3.11/site-packages/airflow/example_dags/example_trigger_target_dag.py took 0.047 seconds
[2025-12-12T08:04:44.708-0500] {processor.py:161} INFO - Started process (PID=63011) to work on /Users/evankrupa/airflow_project/env/lib/python3.11/site-packages/airflow/example_dags/example_trigger_target_dag.py
[2025-12-12T08:04:44.708-0500] {processor.py:830} INFO - Processing file /Users/evankrupa/airflow_project/env/lib/python3.11/site-packages/airflow/example_dags/example_trigger_target_dag.py for tasks to queue
[2025-12-12T08:04:44.709-0500] {logging_mixin.py:188} INFO - [2025-12-12T08:04:44.709-0500] {dagbag.py:545} INFO - Filling up the DagBag from /Users/evankrupa/airflow_project/env/lib/python3.11/site-packages/airflow/example_dags/example_trigger_target_dag.py
[2025-12-12T08:04:44.720-0500] {processor.py:840} INFO - DAG(s) 'example_trigger_target_dag' retrieved from /Users/evankrupa/airflow_project/env/lib/python3.11/site-packages/airflow/example_dags/example_trigger_target_dag.py
[2025-12-12T08:04:44.747-0500] {logging_mixin.py:188} INFO - [2025-12-12T08:04:44.747-0500] {dag.py:3096} INFO - Sync 1 DAGs
[2025-12-12T08:04:44.750-0500] {logging_mixin.py:188} INFO - [2025-12-12T08:04:44.750-0500] {dag.py:3954} INFO - Setting next_dagrun for example_trigger_target_dag to None, run_after=None
[2025-12-12T08:04:44.755-0500] {processor.py:183} INFO - Processing /Users/evankrupa/airflow_project/env/lib/python3.11/site-packages/airflow/example_dags/example_trigger_target_dag.py took 0.048 seconds
[2025-12-12T08:06:08.300-0500] {processor.py:161} INFO - Started process (PID=63126) to work on /Users/evankrupa/airflow_project/env/lib/python3.11/site-packages/airflow/example_dags/example_trigger_target_dag.py
[2025-12-12T08:06:08.301-0500] {processor.py:830} INFO - Processing file /Users/evankrupa/airflow_project/env/lib/python3.11/site-packages/airflow/example_dags/example_trigger_target_dag.py for tasks to queue
[2025-12-12T08:06:08.301-0500] {logging_mixin.py:188} INFO - [2025-12-12T08:06:08.301-0500] {dagbag.py:545} INFO - Filling up the DagBag from /Users/evankrupa/airflow_project/env/lib/python3.11/site-packages/airflow/example_dags/example_trigger_target_dag.py
[2025-12-12T08:06:08.313-0500] {processor.py:840} INFO - DAG(s) 'example_trigger_target_dag' retrieved from /Users/evankrupa/airflow_project/env/lib/python3.11/site-packages/airflow/example_dags/example_trigger_target_dag.py
[2025-12-12T08:06:08.340-0500] {logging_mixin.py:188} INFO - [2025-12-12T08:06:08.340-0500] {dag.py:3096} INFO - Sync 1 DAGs
[2025-12-12T08:06:08.342-0500] {logging_mixin.py:188} INFO - [2025-12-12T08:06:08.342-0500] {dag.py:3954} INFO - Setting next_dagrun for example_trigger_target_dag to None, run_after=None
[2025-12-12T08:06:08.348-0500] {processor.py:183} INFO - Processing /Users/evankrupa/airflow_project/env/lib/python3.11/site-packages/airflow/example_dags/example_trigger_target_dag.py took 0.048 seconds
[2025-12-12T08:07:38.052-0500] {processor.py:161} INFO - Started process (PID=63653) to work on /Users/evankrupa/airflow_project/env/lib/python3.11/site-packages/airflow/example_dags/example_trigger_target_dag.py
[2025-12-12T08:07:38.052-0500] {processor.py:830} INFO - Processing file /Users/evankrupa/airflow_project/env/lib/python3.11/site-packages/airflow/example_dags/example_trigger_target_dag.py for tasks to queue
[2025-12-12T08:07:38.053-0500] {logging_mixin.py:188} INFO - [2025-12-12T08:07:38.052-0500] {dagbag.py:545} INFO - Filling up the DagBag from /Users/evankrupa/airflow_project/env/lib/python3.11/site-packages/airflow/example_dags/example_trigger_target_dag.py
[2025-12-12T08:07:38.064-0500] {processor.py:840} INFO - DAG(s) 'example_trigger_target_dag' retrieved from /Users/evankrupa/airflow_project/env/lib/python3.11/site-packages/airflow/example_dags/example_trigger_target_dag.py
[2025-12-12T08:07:38.091-0500] {logging_mixin.py:188} INFO - [2025-12-12T08:07:38.091-0500] {dag.py:3096} INFO - Sync 1 DAGs
[2025-12-12T08:07:38.094-0500] {logging_mixin.py:188} INFO - [2025-12-12T08:07:38.094-0500] {dag.py:3954} INFO - Setting next_dagrun for example_trigger_target_dag to None, run_after=None
[2025-12-12T08:07:38.099-0500] {processor.py:183} INFO - Processing /Users/evankrupa/airflow_project/env/lib/python3.11/site-packages/airflow/example_dags/example_trigger_target_dag.py took 0.048 seconds
[2025-12-12T08:09:02.383-0500] {processor.py:161} INFO - Started process (PID=63718) to work on /Users/evankrupa/airflow_project/env/lib/python3.11/site-packages/airflow/example_dags/example_trigger_target_dag.py
[2025-12-12T08:09:02.384-0500] {processor.py:830} INFO - Processing file /Users/evankrupa/airflow_project/env/lib/python3.11/site-packages/airflow/example_dags/example_trigger_target_dag.py for tasks to queue
[2025-12-12T08:09:02.384-0500] {logging_mixin.py:188} INFO - [2025-12-12T08:09:02.384-0500] {dagbag.py:545} INFO - Filling up the DagBag from /Users/evankrupa/airflow_project/env/lib/python3.11/site-packages/airflow/example_dags/example_trigger_target_dag.py
[2025-12-12T08:09:02.395-0500] {processor.py:840} INFO - DAG(s) 'example_trigger_target_dag' retrieved from /Users/evankrupa/airflow_project/env/lib/python3.11/site-packages/airflow/example_dags/example_trigger_target_dag.py
[2025-12-12T08:09:02.422-0500] {logging_mixin.py:188} INFO - [2025-12-12T08:09:02.422-0500] {dag.py:3096} INFO - Sync 1 DAGs
[2025-12-12T08:09:02.425-0500] {logging_mixin.py:188} INFO - [2025-12-12T08:09:02.425-0500] {dag.py:3954} INFO - Setting next_dagrun for example_trigger_target_dag to None, run_after=None
[2025-12-12T08:09:02.430-0500] {processor.py:183} INFO - Processing /Users/evankrupa/airflow_project/env/lib/python3.11/site-packages/airflow/example_dags/example_trigger_target_dag.py took 0.049 seconds
[2025-12-12T08:10:29.553-0500] {processor.py:161} INFO - Started process (PID=63790) to work on /Users/evankrupa/airflow_project/env/lib/python3.11/site-packages/airflow/example_dags/example_trigger_target_dag.py
[2025-12-12T08:10:29.553-0500] {processor.py:830} INFO - Processing file /Users/evankrupa/airflow_project/env/lib/python3.11/site-packages/airflow/example_dags/example_trigger_target_dag.py for tasks to queue
[2025-12-12T08:10:29.553-0500] {logging_mixin.py:188} INFO - [2025-12-12T08:10:29.553-0500] {dagbag.py:545} INFO - Filling up the DagBag from /Users/evankrupa/airflow_project/env/lib/python3.11/site-packages/airflow/example_dags/example_trigger_target_dag.py
[2025-12-12T08:10:29.566-0500] {processor.py:840} INFO - DAG(s) 'example_trigger_target_dag' retrieved from /Users/evankrupa/airflow_project/env/lib/python3.11/site-packages/airflow/example_dags/example_trigger_target_dag.py
[2025-12-12T08:10:29.594-0500] {logging_mixin.py:188} INFO - [2025-12-12T08:10:29.594-0500] {dag.py:3096} INFO - Sync 1 DAGs
[2025-12-12T08:10:29.596-0500] {logging_mixin.py:188} INFO - [2025-12-12T08:10:29.596-0500] {dag.py:3954} INFO - Setting next_dagrun for example_trigger_target_dag to None, run_after=None
[2025-12-12T08:10:29.602-0500] {processor.py:183} INFO - Processing /Users/evankrupa/airflow_project/env/lib/python3.11/site-packages/airflow/example_dags/example_trigger_target_dag.py took 0.050 seconds
[2025-12-12T08:11:56.443-0500] {processor.py:161} INFO - Started process (PID=63857) to work on /Users/evankrupa/airflow_project/env/lib/python3.11/site-packages/airflow/example_dags/example_trigger_target_dag.py
[2025-12-12T08:11:56.443-0500] {processor.py:830} INFO - Processing file /Users/evankrupa/airflow_project/env/lib/python3.11/site-packages/airflow/example_dags/example_trigger_target_dag.py for tasks to queue
[2025-12-12T08:11:56.443-0500] {logging_mixin.py:188} INFO - [2025-12-12T08:11:56.443-0500] {dagbag.py:545} INFO - Filling up the DagBag from /Users/evankrupa/airflow_project/env/lib/python3.11/site-packages/airflow/example_dags/example_trigger_target_dag.py
[2025-12-12T08:11:56.456-0500] {processor.py:840} INFO - DAG(s) 'example_trigger_target_dag' retrieved from /Users/evankrupa/airflow_project/env/lib/python3.11/site-packages/airflow/example_dags/example_trigger_target_dag.py
[2025-12-12T08:11:56.485-0500] {logging_mixin.py:188} INFO - [2025-12-12T08:11:56.485-0500] {dag.py:3096} INFO - Sync 1 DAGs
[2025-12-12T08:11:56.488-0500] {logging_mixin.py:188} INFO - [2025-12-12T08:11:56.488-0500] {dag.py:3954} INFO - Setting next_dagrun for example_trigger_target_dag to None, run_after=None
[2025-12-12T08:11:56.494-0500] {processor.py:183} INFO - Processing /Users/evankrupa/airflow_project/env/lib/python3.11/site-packages/airflow/example_dags/example_trigger_target_dag.py took 0.052 seconds
[2025-12-12T08:13:20.990-0500] {processor.py:161} INFO - Started process (PID=63923) to work on /Users/evankrupa/airflow_project/env/lib/python3.11/site-packages/airflow/example_dags/example_trigger_target_dag.py
[2025-12-12T08:13:20.991-0500] {processor.py:830} INFO - Processing file /Users/evankrupa/airflow_project/env/lib/python3.11/site-packages/airflow/example_dags/example_trigger_target_dag.py for tasks to queue
[2025-12-12T08:13:20.991-0500] {logging_mixin.py:188} INFO - [2025-12-12T08:13:20.991-0500] {dagbag.py:545} INFO - Filling up the DagBag from /Users/evankrupa/airflow_project/env/lib/python3.11/site-packages/airflow/example_dags/example_trigger_target_dag.py
[2025-12-12T08:13:21.003-0500] {processor.py:840} INFO - DAG(s) 'example_trigger_target_dag' retrieved from /Users/evankrupa/airflow_project/env/lib/python3.11/site-packages/airflow/example_dags/example_trigger_target_dag.py
[2025-12-12T08:13:21.031-0500] {logging_mixin.py:188} INFO - [2025-12-12T08:13:21.031-0500] {dag.py:3096} INFO - Sync 1 DAGs
[2025-12-12T08:13:21.034-0500] {logging_mixin.py:188} INFO - [2025-12-12T08:13:21.034-0500] {dag.py:3954} INFO - Setting next_dagrun for example_trigger_target_dag to None, run_after=None
[2025-12-12T08:13:21.040-0500] {processor.py:183} INFO - Processing /Users/evankrupa/airflow_project/env/lib/python3.11/site-packages/airflow/example_dags/example_trigger_target_dag.py took 0.051 seconds
[2025-12-12T08:14:44.926-0500] {processor.py:161} INFO - Started process (PID=63990) to work on /Users/evankrupa/airflow_project/env/lib/python3.11/site-packages/airflow/example_dags/example_trigger_target_dag.py
[2025-12-12T08:14:44.927-0500] {processor.py:830} INFO - Processing file /Users/evankrupa/airflow_project/env/lib/python3.11/site-packages/airflow/example_dags/example_trigger_target_dag.py for tasks to queue
[2025-12-12T08:14:44.927-0500] {logging_mixin.py:188} INFO - [2025-12-12T08:14:44.927-0500] {dagbag.py:545} INFO - Filling up the DagBag from /Users/evankrupa/airflow_project/env/lib/python3.11/site-packages/airflow/example_dags/example_trigger_target_dag.py
[2025-12-12T08:14:44.939-0500] {processor.py:840} INFO - DAG(s) 'example_trigger_target_dag' retrieved from /Users/evankrupa/airflow_project/env/lib/python3.11/site-packages/airflow/example_dags/example_trigger_target_dag.py
[2025-12-12T08:14:44.968-0500] {logging_mixin.py:188} INFO - [2025-12-12T08:14:44.968-0500] {dag.py:3096} INFO - Sync 1 DAGs
[2025-12-12T08:14:44.971-0500] {logging_mixin.py:188} INFO - [2025-12-12T08:14:44.971-0500] {dag.py:3954} INFO - Setting next_dagrun for example_trigger_target_dag to None, run_after=None
[2025-12-12T08:14:44.976-0500] {processor.py:183} INFO - Processing /Users/evankrupa/airflow_project/env/lib/python3.11/site-packages/airflow/example_dags/example_trigger_target_dag.py took 0.051 seconds
[2025-12-12T08:16:04.451-0500] {processor.py:161} INFO - Started process (PID=64063) to work on /Users/evankrupa/airflow_project/env/lib/python3.11/site-packages/airflow/example_dags/example_trigger_target_dag.py
[2025-12-12T08:16:04.451-0500] {processor.py:830} INFO - Processing file /Users/evankrupa/airflow_project/env/lib/python3.11/site-packages/airflow/example_dags/example_trigger_target_dag.py for tasks to queue
[2025-12-12T08:16:04.452-0500] {logging_mixin.py:188} INFO - [2025-12-12T08:16:04.452-0500] {dagbag.py:545} INFO - Filling up the DagBag from /Users/evankrupa/airflow_project/env/lib/python3.11/site-packages/airflow/example_dags/example_trigger_target_dag.py
[2025-12-12T08:16:04.464-0500] {processor.py:840} INFO - DAG(s) 'example_trigger_target_dag' retrieved from /Users/evankrupa/airflow_project/env/lib/python3.11/site-packages/airflow/example_dags/example_trigger_target_dag.py
[2025-12-12T08:16:04.492-0500] {logging_mixin.py:188} INFO - [2025-12-12T08:16:04.492-0500] {dag.py:3096} INFO - Sync 1 DAGs
[2025-12-12T08:16:04.495-0500] {logging_mixin.py:188} INFO - [2025-12-12T08:16:04.495-0500] {dag.py:3954} INFO - Setting next_dagrun for example_trigger_target_dag to None, run_after=None
[2025-12-12T08:16:04.501-0500] {processor.py:183} INFO - Processing /Users/evankrupa/airflow_project/env/lib/python3.11/site-packages/airflow/example_dags/example_trigger_target_dag.py took 0.051 seconds
[2025-12-12T08:17:31.255-0500] {processor.py:161} INFO - Started process (PID=64132) to work on /Users/evankrupa/airflow_project/env/lib/python3.11/site-packages/airflow/example_dags/example_trigger_target_dag.py
[2025-12-12T08:17:31.256-0500] {processor.py:830} INFO - Processing file /Users/evankrupa/airflow_project/env/lib/python3.11/site-packages/airflow/example_dags/example_trigger_target_dag.py for tasks to queue
[2025-12-12T08:17:31.256-0500] {logging_mixin.py:188} INFO - [2025-12-12T08:17:31.256-0500] {dagbag.py:545} INFO - Filling up the DagBag from /Users/evankrupa/airflow_project/env/lib/python3.11/site-packages/airflow/example_dags/example_trigger_target_dag.py
[2025-12-12T08:17:31.269-0500] {processor.py:840} INFO - DAG(s) 'example_trigger_target_dag' retrieved from /Users/evankrupa/airflow_project/env/lib/python3.11/site-packages/airflow/example_dags/example_trigger_target_dag.py
[2025-12-12T08:17:31.296-0500] {logging_mixin.py:188} INFO - [2025-12-12T08:17:31.296-0500] {dag.py:3096} INFO - Sync 1 DAGs
[2025-12-12T08:17:31.299-0500] {logging_mixin.py:188} INFO - [2025-12-12T08:17:31.299-0500] {dag.py:3954} INFO - Setting next_dagrun for example_trigger_target_dag to None, run_after=None
[2025-12-12T08:17:31.304-0500] {processor.py:183} INFO - Processing /Users/evankrupa/airflow_project/env/lib/python3.11/site-packages/airflow/example_dags/example_trigger_target_dag.py took 0.050 seconds
[2025-12-12T08:18:54.240-0500] {processor.py:161} INFO - Started process (PID=64201) to work on /Users/evankrupa/airflow_project/env/lib/python3.11/site-packages/airflow/example_dags/example_trigger_target_dag.py
[2025-12-12T08:18:54.241-0500] {processor.py:830} INFO - Processing file /Users/evankrupa/airflow_project/env/lib/python3.11/site-packages/airflow/example_dags/example_trigger_target_dag.py for tasks to queue
[2025-12-12T08:18:54.241-0500] {logging_mixin.py:188} INFO - [2025-12-12T08:18:54.241-0500] {dagbag.py:545} INFO - Filling up the DagBag from /Users/evankrupa/airflow_project/env/lib/python3.11/site-packages/airflow/example_dags/example_trigger_target_dag.py
[2025-12-12T08:18:54.253-0500] {processor.py:840} INFO - DAG(s) 'example_trigger_target_dag' retrieved from /Users/evankrupa/airflow_project/env/lib/python3.11/site-packages/airflow/example_dags/example_trigger_target_dag.py
[2025-12-12T08:18:54.279-0500] {logging_mixin.py:188} INFO - [2025-12-12T08:18:54.279-0500] {dag.py:3096} INFO - Sync 1 DAGs
[2025-12-12T08:18:54.282-0500] {logging_mixin.py:188} INFO - [2025-12-12T08:18:54.282-0500] {dag.py:3954} INFO - Setting next_dagrun for example_trigger_target_dag to None, run_after=None
[2025-12-12T08:18:54.287-0500] {processor.py:183} INFO - Processing /Users/evankrupa/airflow_project/env/lib/python3.11/site-packages/airflow/example_dags/example_trigger_target_dag.py took 0.047 seconds
[2025-12-12T08:20:19.399-0500] {processor.py:161} INFO - Started process (PID=64268) to work on /Users/evankrupa/airflow_project/env/lib/python3.11/site-packages/airflow/example_dags/example_trigger_target_dag.py
[2025-12-12T08:20:19.400-0500] {processor.py:830} INFO - Processing file /Users/evankrupa/airflow_project/env/lib/python3.11/site-packages/airflow/example_dags/example_trigger_target_dag.py for tasks to queue
[2025-12-12T08:20:19.400-0500] {logging_mixin.py:188} INFO - [2025-12-12T08:20:19.400-0500] {dagbag.py:545} INFO - Filling up the DagBag from /Users/evankrupa/airflow_project/env/lib/python3.11/site-packages/airflow/example_dags/example_trigger_target_dag.py
[2025-12-12T08:20:19.412-0500] {processor.py:840} INFO - DAG(s) 'example_trigger_target_dag' retrieved from /Users/evankrupa/airflow_project/env/lib/python3.11/site-packages/airflow/example_dags/example_trigger_target_dag.py
[2025-12-12T08:20:19.441-0500] {logging_mixin.py:188} INFO - [2025-12-12T08:20:19.440-0500] {dag.py:3096} INFO - Sync 1 DAGs
[2025-12-12T08:20:19.443-0500] {logging_mixin.py:188} INFO - [2025-12-12T08:20:19.443-0500] {dag.py:3954} INFO - Setting next_dagrun for example_trigger_target_dag to None, run_after=None
[2025-12-12T08:20:19.449-0500] {processor.py:183} INFO - Processing /Users/evankrupa/airflow_project/env/lib/python3.11/site-packages/airflow/example_dags/example_trigger_target_dag.py took 0.051 seconds
[2025-12-12T08:21:42.657-0500] {processor.py:161} INFO - Started process (PID=64334) to work on /Users/evankrupa/airflow_project/env/lib/python3.11/site-packages/airflow/example_dags/example_trigger_target_dag.py
[2025-12-12T08:21:42.657-0500] {processor.py:830} INFO - Processing file /Users/evankrupa/airflow_project/env/lib/python3.11/site-packages/airflow/example_dags/example_trigger_target_dag.py for tasks to queue
[2025-12-12T08:21:42.657-0500] {logging_mixin.py:188} INFO - [2025-12-12T08:21:42.657-0500] {dagbag.py:545} INFO - Filling up the DagBag from /Users/evankrupa/airflow_project/env/lib/python3.11/site-packages/airflow/example_dags/example_trigger_target_dag.py
[2025-12-12T08:21:42.670-0500] {processor.py:840} INFO - DAG(s) 'example_trigger_target_dag' retrieved from /Users/evankrupa/airflow_project/env/lib/python3.11/site-packages/airflow/example_dags/example_trigger_target_dag.py
[2025-12-12T08:21:42.696-0500] {logging_mixin.py:188} INFO - [2025-12-12T08:21:42.696-0500] {dag.py:3096} INFO - Sync 1 DAGs
[2025-12-12T08:21:42.699-0500] {logging_mixin.py:188} INFO - [2025-12-12T08:21:42.699-0500] {dag.py:3954} INFO - Setting next_dagrun for example_trigger_target_dag to None, run_after=None
[2025-12-12T08:21:42.705-0500] {processor.py:183} INFO - Processing /Users/evankrupa/airflow_project/env/lib/python3.11/site-packages/airflow/example_dags/example_trigger_target_dag.py took 0.049 seconds
[2025-12-12T08:23:08.538-0500] {processor.py:161} INFO - Started process (PID=64401) to work on /Users/evankrupa/airflow_project/env/lib/python3.11/site-packages/airflow/example_dags/example_trigger_target_dag.py
[2025-12-12T08:23:08.538-0500] {processor.py:830} INFO - Processing file /Users/evankrupa/airflow_project/env/lib/python3.11/site-packages/airflow/example_dags/example_trigger_target_dag.py for tasks to queue
[2025-12-12T08:23:08.538-0500] {logging_mixin.py:188} INFO - [2025-12-12T08:23:08.538-0500] {dagbag.py:545} INFO - Filling up the DagBag from /Users/evankrupa/airflow_project/env/lib/python3.11/site-packages/airflow/example_dags/example_trigger_target_dag.py
[2025-12-12T08:23:08.550-0500] {processor.py:840} INFO - DAG(s) 'example_trigger_target_dag' retrieved from /Users/evankrupa/airflow_project/env/lib/python3.11/site-packages/airflow/example_dags/example_trigger_target_dag.py
[2025-12-12T08:23:08.578-0500] {logging_mixin.py:188} INFO - [2025-12-12T08:23:08.578-0500] {dag.py:3096} INFO - Sync 1 DAGs
[2025-12-12T08:23:08.581-0500] {logging_mixin.py:188} INFO - [2025-12-12T08:23:08.581-0500] {dag.py:3954} INFO - Setting next_dagrun for example_trigger_target_dag to None, run_after=None
[2025-12-12T08:23:08.586-0500] {processor.py:183} INFO - Processing /Users/evankrupa/airflow_project/env/lib/python3.11/site-packages/airflow/example_dags/example_trigger_target_dag.py took 0.049 seconds
[2025-12-12T08:24:29.099-0500] {processor.py:161} INFO - Started process (PID=64475) to work on /Users/evankrupa/airflow_project/env/lib/python3.11/site-packages/airflow/example_dags/example_trigger_target_dag.py
[2025-12-12T08:24:29.099-0500] {processor.py:830} INFO - Processing file /Users/evankrupa/airflow_project/env/lib/python3.11/site-packages/airflow/example_dags/example_trigger_target_dag.py for tasks to queue
[2025-12-12T08:24:29.100-0500] {logging_mixin.py:188} INFO - [2025-12-12T08:24:29.099-0500] {dagbag.py:545} INFO - Filling up the DagBag from /Users/evankrupa/airflow_project/env/lib/python3.11/site-packages/airflow/example_dags/example_trigger_target_dag.py
[2025-12-12T08:24:29.111-0500] {processor.py:840} INFO - DAG(s) 'example_trigger_target_dag' retrieved from /Users/evankrupa/airflow_project/env/lib/python3.11/site-packages/airflow/example_dags/example_trigger_target_dag.py
[2025-12-12T08:24:29.138-0500] {logging_mixin.py:188} INFO - [2025-12-12T08:24:29.138-0500] {dag.py:3096} INFO - Sync 1 DAGs
[2025-12-12T08:24:29.141-0500] {logging_mixin.py:188} INFO - [2025-12-12T08:24:29.141-0500] {dag.py:3954} INFO - Setting next_dagrun for example_trigger_target_dag to None, run_after=None
[2025-12-12T08:24:29.146-0500] {processor.py:183} INFO - Processing /Users/evankrupa/airflow_project/env/lib/python3.11/site-packages/airflow/example_dags/example_trigger_target_dag.py took 0.048 seconds
[2025-12-12T08:25:55.408-0500] {processor.py:161} INFO - Started process (PID=64544) to work on /Users/evankrupa/airflow_project/env/lib/python3.11/site-packages/airflow/example_dags/example_trigger_target_dag.py
[2025-12-12T08:25:55.408-0500] {processor.py:830} INFO - Processing file /Users/evankrupa/airflow_project/env/lib/python3.11/site-packages/airflow/example_dags/example_trigger_target_dag.py for tasks to queue
[2025-12-12T08:25:55.408-0500] {logging_mixin.py:188} INFO - [2025-12-12T08:25:55.408-0500] {dagbag.py:545} INFO - Filling up the DagBag from /Users/evankrupa/airflow_project/env/lib/python3.11/site-packages/airflow/example_dags/example_trigger_target_dag.py
[2025-12-12T08:25:55.420-0500] {processor.py:840} INFO - DAG(s) 'example_trigger_target_dag' retrieved from /Users/evankrupa/airflow_project/env/lib/python3.11/site-packages/airflow/example_dags/example_trigger_target_dag.py
[2025-12-12T08:25:55.448-0500] {logging_mixin.py:188} INFO - [2025-12-12T08:25:55.448-0500] {dag.py:3096} INFO - Sync 1 DAGs
[2025-12-12T08:25:55.451-0500] {logging_mixin.py:188} INFO - [2025-12-12T08:25:55.451-0500] {dag.py:3954} INFO - Setting next_dagrun for example_trigger_target_dag to None, run_after=None
[2025-12-12T08:25:55.456-0500] {processor.py:183} INFO - Processing /Users/evankrupa/airflow_project/env/lib/python3.11/site-packages/airflow/example_dags/example_trigger_target_dag.py took 0.050 seconds
[2025-12-12T08:27:20.416-0500] {processor.py:161} INFO - Started process (PID=64626) to work on /Users/evankrupa/airflow_project/env/lib/python3.11/site-packages/airflow/example_dags/example_trigger_target_dag.py
[2025-12-12T08:27:20.417-0500] {processor.py:830} INFO - Processing file /Users/evankrupa/airflow_project/env/lib/python3.11/site-packages/airflow/example_dags/example_trigger_target_dag.py for tasks to queue
[2025-12-12T08:27:20.417-0500] {logging_mixin.py:188} INFO - [2025-12-12T08:27:20.417-0500] {dagbag.py:545} INFO - Filling up the DagBag from /Users/evankrupa/airflow_project/env/lib/python3.11/site-packages/airflow/example_dags/example_trigger_target_dag.py
[2025-12-12T08:27:20.430-0500] {processor.py:840} INFO - DAG(s) 'example_trigger_target_dag' retrieved from /Users/evankrupa/airflow_project/env/lib/python3.11/site-packages/airflow/example_dags/example_trigger_target_dag.py
[2025-12-12T08:27:20.460-0500] {logging_mixin.py:188} INFO - [2025-12-12T08:27:20.460-0500] {dag.py:3096} INFO - Sync 1 DAGs
[2025-12-12T08:27:20.463-0500] {logging_mixin.py:188} INFO - [2025-12-12T08:27:20.463-0500] {dag.py:3954} INFO - Setting next_dagrun for example_trigger_target_dag to None, run_after=None
[2025-12-12T08:27:20.469-0500] {processor.py:183} INFO - Processing /Users/evankrupa/airflow_project/env/lib/python3.11/site-packages/airflow/example_dags/example_trigger_target_dag.py took 0.054 seconds
[2025-12-12T08:28:45.345-0500] {processor.py:161} INFO - Started process (PID=64720) to work on /Users/evankrupa/airflow_project/env/lib/python3.11/site-packages/airflow/example_dags/example_trigger_target_dag.py
[2025-12-12T08:28:45.346-0500] {processor.py:830} INFO - Processing file /Users/evankrupa/airflow_project/env/lib/python3.11/site-packages/airflow/example_dags/example_trigger_target_dag.py for tasks to queue
[2025-12-12T08:28:45.346-0500] {logging_mixin.py:188} INFO - [2025-12-12T08:28:45.346-0500] {dagbag.py:545} INFO - Filling up the DagBag from /Users/evankrupa/airflow_project/env/lib/python3.11/site-packages/airflow/example_dags/example_trigger_target_dag.py
[2025-12-12T08:28:45.358-0500] {processor.py:840} INFO - DAG(s) 'example_trigger_target_dag' retrieved from /Users/evankrupa/airflow_project/env/lib/python3.11/site-packages/airflow/example_dags/example_trigger_target_dag.py
[2025-12-12T08:28:45.385-0500] {logging_mixin.py:188} INFO - [2025-12-12T08:28:45.385-0500] {dag.py:3096} INFO - Sync 1 DAGs
[2025-12-12T08:28:45.388-0500] {logging_mixin.py:188} INFO - [2025-12-12T08:28:45.388-0500] {dag.py:3954} INFO - Setting next_dagrun for example_trigger_target_dag to None, run_after=None
[2025-12-12T08:28:45.394-0500] {processor.py:183} INFO - Processing /Users/evankrupa/airflow_project/env/lib/python3.11/site-packages/airflow/example_dags/example_trigger_target_dag.py took 0.049 seconds
[2025-12-12T08:30:06.247-0500] {processor.py:161} INFO - Started process (PID=64799) to work on /Users/evankrupa/airflow_project/env/lib/python3.11/site-packages/airflow/example_dags/example_trigger_target_dag.py
[2025-12-12T08:30:06.247-0500] {processor.py:830} INFO - Processing file /Users/evankrupa/airflow_project/env/lib/python3.11/site-packages/airflow/example_dags/example_trigger_target_dag.py for tasks to queue
[2025-12-12T08:30:06.248-0500] {logging_mixin.py:188} INFO - [2025-12-12T08:30:06.248-0500] {dagbag.py:545} INFO - Filling up the DagBag from /Users/evankrupa/airflow_project/env/lib/python3.11/site-packages/airflow/example_dags/example_trigger_target_dag.py
[2025-12-12T08:30:06.259-0500] {processor.py:840} INFO - DAG(s) 'example_trigger_target_dag' retrieved from /Users/evankrupa/airflow_project/env/lib/python3.11/site-packages/airflow/example_dags/example_trigger_target_dag.py
[2025-12-12T08:30:06.287-0500] {logging_mixin.py:188} INFO - [2025-12-12T08:30:06.287-0500] {dag.py:3096} INFO - Sync 1 DAGs
[2025-12-12T08:30:06.290-0500] {logging_mixin.py:188} INFO - [2025-12-12T08:30:06.290-0500] {dag.py:3954} INFO - Setting next_dagrun for example_trigger_target_dag to None, run_after=None
[2025-12-12T08:30:06.296-0500] {processor.py:183} INFO - Processing /Users/evankrupa/airflow_project/env/lib/python3.11/site-packages/airflow/example_dags/example_trigger_target_dag.py took 0.050 seconds
[2025-12-12T08:31:28.504-0500] {processor.py:161} INFO - Started process (PID=64879) to work on /Users/evankrupa/airflow_project/env/lib/python3.11/site-packages/airflow/example_dags/example_trigger_target_dag.py
[2025-12-12T08:31:28.504-0500] {processor.py:830} INFO - Processing file /Users/evankrupa/airflow_project/env/lib/python3.11/site-packages/airflow/example_dags/example_trigger_target_dag.py for tasks to queue
[2025-12-12T08:31:28.505-0500] {logging_mixin.py:188} INFO - [2025-12-12T08:31:28.505-0500] {dagbag.py:545} INFO - Filling up the DagBag from /Users/evankrupa/airflow_project/env/lib/python3.11/site-packages/airflow/example_dags/example_trigger_target_dag.py
[2025-12-12T08:31:28.517-0500] {processor.py:840} INFO - DAG(s) 'example_trigger_target_dag' retrieved from /Users/evankrupa/airflow_project/env/lib/python3.11/site-packages/airflow/example_dags/example_trigger_target_dag.py
[2025-12-12T08:31:28.551-0500] {logging_mixin.py:188} INFO - [2025-12-12T08:31:28.550-0500] {dag.py:3096} INFO - Sync 1 DAGs
[2025-12-12T08:31:28.554-0500] {logging_mixin.py:188} INFO - [2025-12-12T08:31:28.553-0500] {dag.py:3954} INFO - Setting next_dagrun for example_trigger_target_dag to None, run_after=None
[2025-12-12T08:31:28.559-0500] {processor.py:183} INFO - Processing /Users/evankrupa/airflow_project/env/lib/python3.11/site-packages/airflow/example_dags/example_trigger_target_dag.py took 0.056 seconds
[2025-12-12T08:32:53.543-0500] {processor.py:161} INFO - Started process (PID=64974) to work on /Users/evankrupa/airflow_project/env/lib/python3.11/site-packages/airflow/example_dags/example_trigger_target_dag.py
[2025-12-12T08:32:53.544-0500] {processor.py:830} INFO - Processing file /Users/evankrupa/airflow_project/env/lib/python3.11/site-packages/airflow/example_dags/example_trigger_target_dag.py for tasks to queue
[2025-12-12T08:32:53.544-0500] {logging_mixin.py:188} INFO - [2025-12-12T08:32:53.544-0500] {dagbag.py:545} INFO - Filling up the DagBag from /Users/evankrupa/airflow_project/env/lib/python3.11/site-packages/airflow/example_dags/example_trigger_target_dag.py
[2025-12-12T08:32:53.556-0500] {processor.py:840} INFO - DAG(s) 'example_trigger_target_dag' retrieved from /Users/evankrupa/airflow_project/env/lib/python3.11/site-packages/airflow/example_dags/example_trigger_target_dag.py
[2025-12-12T08:32:53.584-0500] {logging_mixin.py:188} INFO - [2025-12-12T08:32:53.584-0500] {dag.py:3096} INFO - Sync 1 DAGs
[2025-12-12T08:32:53.586-0500] {logging_mixin.py:188} INFO - [2025-12-12T08:32:53.586-0500] {dag.py:3954} INFO - Setting next_dagrun for example_trigger_target_dag to None, run_after=None
[2025-12-12T08:32:53.592-0500] {processor.py:183} INFO - Processing /Users/evankrupa/airflow_project/env/lib/python3.11/site-packages/airflow/example_dags/example_trigger_target_dag.py took 0.049 seconds
[2025-12-12T08:34:19.117-0500] {processor.py:161} INFO - Started process (PID=65065) to work on /Users/evankrupa/airflow_project/env/lib/python3.11/site-packages/airflow/example_dags/example_trigger_target_dag.py
[2025-12-12T08:34:19.117-0500] {processor.py:830} INFO - Processing file /Users/evankrupa/airflow_project/env/lib/python3.11/site-packages/airflow/example_dags/example_trigger_target_dag.py for tasks to queue
[2025-12-12T08:34:19.117-0500] {logging_mixin.py:188} INFO - [2025-12-12T08:34:19.117-0500] {dagbag.py:545} INFO - Filling up the DagBag from /Users/evankrupa/airflow_project/env/lib/python3.11/site-packages/airflow/example_dags/example_trigger_target_dag.py
[2025-12-12T08:34:19.129-0500] {processor.py:840} INFO - DAG(s) 'example_trigger_target_dag' retrieved from /Users/evankrupa/airflow_project/env/lib/python3.11/site-packages/airflow/example_dags/example_trigger_target_dag.py
[2025-12-12T08:34:19.156-0500] {logging_mixin.py:188} INFO - [2025-12-12T08:34:19.155-0500] {dag.py:3096} INFO - Sync 1 DAGs
[2025-12-12T08:34:19.158-0500] {logging_mixin.py:188} INFO - [2025-12-12T08:34:19.158-0500] {dag.py:3954} INFO - Setting next_dagrun for example_trigger_target_dag to None, run_after=None
[2025-12-12T08:34:19.164-0500] {processor.py:183} INFO - Processing /Users/evankrupa/airflow_project/env/lib/python3.11/site-packages/airflow/example_dags/example_trigger_target_dag.py took 0.048 seconds
[2025-12-12T08:35:45.336-0500] {processor.py:161} INFO - Started process (PID=65163) to work on /Users/evankrupa/airflow_project/env/lib/python3.11/site-packages/airflow/example_dags/example_trigger_target_dag.py
[2025-12-12T08:35:45.337-0500] {processor.py:830} INFO - Processing file /Users/evankrupa/airflow_project/env/lib/python3.11/site-packages/airflow/example_dags/example_trigger_target_dag.py for tasks to queue
[2025-12-12T08:35:45.337-0500] {logging_mixin.py:188} INFO - [2025-12-12T08:35:45.337-0500] {dagbag.py:545} INFO - Filling up the DagBag from /Users/evankrupa/airflow_project/env/lib/python3.11/site-packages/airflow/example_dags/example_trigger_target_dag.py
[2025-12-12T08:35:45.349-0500] {processor.py:840} INFO - DAG(s) 'example_trigger_target_dag' retrieved from /Users/evankrupa/airflow_project/env/lib/python3.11/site-packages/airflow/example_dags/example_trigger_target_dag.py
[2025-12-12T08:35:45.375-0500] {logging_mixin.py:188} INFO - [2025-12-12T08:35:45.375-0500] {dag.py:3096} INFO - Sync 1 DAGs
[2025-12-12T08:35:45.378-0500] {logging_mixin.py:188} INFO - [2025-12-12T08:35:45.378-0500] {dag.py:3954} INFO - Setting next_dagrun for example_trigger_target_dag to None, run_after=None
[2025-12-12T08:35:45.383-0500] {processor.py:183} INFO - Processing /Users/evankrupa/airflow_project/env/lib/python3.11/site-packages/airflow/example_dags/example_trigger_target_dag.py took 0.048 seconds
[2025-12-12T08:37:07.441-0500] {processor.py:161} INFO - Started process (PID=65237) to work on /Users/evankrupa/airflow_project/env/lib/python3.11/site-packages/airflow/example_dags/example_trigger_target_dag.py
[2025-12-12T08:37:07.442-0500] {processor.py:830} INFO - Processing file /Users/evankrupa/airflow_project/env/lib/python3.11/site-packages/airflow/example_dags/example_trigger_target_dag.py for tasks to queue
[2025-12-12T08:37:07.442-0500] {logging_mixin.py:188} INFO - [2025-12-12T08:37:07.442-0500] {dagbag.py:545} INFO - Filling up the DagBag from /Users/evankrupa/airflow_project/env/lib/python3.11/site-packages/airflow/example_dags/example_trigger_target_dag.py
[2025-12-12T08:37:07.454-0500] {processor.py:840} INFO - DAG(s) 'example_trigger_target_dag' retrieved from /Users/evankrupa/airflow_project/env/lib/python3.11/site-packages/airflow/example_dags/example_trigger_target_dag.py
[2025-12-12T08:37:07.481-0500] {logging_mixin.py:188} INFO - [2025-12-12T08:37:07.481-0500] {dag.py:3096} INFO - Sync 1 DAGs
[2025-12-12T08:37:07.484-0500] {logging_mixin.py:188} INFO - [2025-12-12T08:37:07.484-0500] {dag.py:3954} INFO - Setting next_dagrun for example_trigger_target_dag to None, run_after=None
[2025-12-12T08:37:07.489-0500] {processor.py:183} INFO - Processing /Users/evankrupa/airflow_project/env/lib/python3.11/site-packages/airflow/example_dags/example_trigger_target_dag.py took 0.049 seconds
[2025-12-12T08:38:32.495-0500] {processor.py:161} INFO - Started process (PID=65308) to work on /Users/evankrupa/airflow_project/env/lib/python3.11/site-packages/airflow/example_dags/example_trigger_target_dag.py
[2025-12-12T08:38:32.496-0500] {processor.py:830} INFO - Processing file /Users/evankrupa/airflow_project/env/lib/python3.11/site-packages/airflow/example_dags/example_trigger_target_dag.py for tasks to queue
[2025-12-12T08:38:32.496-0500] {logging_mixin.py:188} INFO - [2025-12-12T08:38:32.496-0500] {dagbag.py:545} INFO - Filling up the DagBag from /Users/evankrupa/airflow_project/env/lib/python3.11/site-packages/airflow/example_dags/example_trigger_target_dag.py
[2025-12-12T08:38:32.507-0500] {processor.py:840} INFO - DAG(s) 'example_trigger_target_dag' retrieved from /Users/evankrupa/airflow_project/env/lib/python3.11/site-packages/airflow/example_dags/example_trigger_target_dag.py
[2025-12-12T08:38:32.534-0500] {logging_mixin.py:188} INFO - [2025-12-12T08:38:32.534-0500] {dag.py:3096} INFO - Sync 1 DAGs
[2025-12-12T08:38:32.537-0500] {logging_mixin.py:188} INFO - [2025-12-12T08:38:32.537-0500] {dag.py:3954} INFO - Setting next_dagrun for example_trigger_target_dag to None, run_after=None
[2025-12-12T08:38:32.542-0500] {processor.py:183} INFO - Processing /Users/evankrupa/airflow_project/env/lib/python3.11/site-packages/airflow/example_dags/example_trigger_target_dag.py took 0.048 seconds
[2025-12-12T08:39:55.033-0500] {processor.py:161} INFO - Started process (PID=65385) to work on /Users/evankrupa/airflow_project/env/lib/python3.11/site-packages/airflow/example_dags/example_trigger_target_dag.py
[2025-12-12T08:39:55.033-0500] {processor.py:830} INFO - Processing file /Users/evankrupa/airflow_project/env/lib/python3.11/site-packages/airflow/example_dags/example_trigger_target_dag.py for tasks to queue
[2025-12-12T08:39:55.034-0500] {logging_mixin.py:188} INFO - [2025-12-12T08:39:55.034-0500] {dagbag.py:545} INFO - Filling up the DagBag from /Users/evankrupa/airflow_project/env/lib/python3.11/site-packages/airflow/example_dags/example_trigger_target_dag.py
[2025-12-12T08:39:55.046-0500] {processor.py:840} INFO - DAG(s) 'example_trigger_target_dag' retrieved from /Users/evankrupa/airflow_project/env/lib/python3.11/site-packages/airflow/example_dags/example_trigger_target_dag.py
[2025-12-12T08:39:55.074-0500] {logging_mixin.py:188} INFO - [2025-12-12T08:39:55.074-0500] {dag.py:3096} INFO - Sync 1 DAGs
[2025-12-12T08:39:55.077-0500] {logging_mixin.py:188} INFO - [2025-12-12T08:39:55.077-0500] {dag.py:3954} INFO - Setting next_dagrun for example_trigger_target_dag to None, run_after=None
[2025-12-12T08:39:55.083-0500] {processor.py:183} INFO - Processing /Users/evankrupa/airflow_project/env/lib/python3.11/site-packages/airflow/example_dags/example_trigger_target_dag.py took 0.051 seconds
[2025-12-12T08:41:21.245-0500] {processor.py:161} INFO - Started process (PID=65471) to work on /Users/evankrupa/airflow_project/env/lib/python3.11/site-packages/airflow/example_dags/example_trigger_target_dag.py
[2025-12-12T08:41:21.246-0500] {processor.py:830} INFO - Processing file /Users/evankrupa/airflow_project/env/lib/python3.11/site-packages/airflow/example_dags/example_trigger_target_dag.py for tasks to queue
[2025-12-12T08:41:21.246-0500] {logging_mixin.py:188} INFO - [2025-12-12T08:41:21.246-0500] {dagbag.py:545} INFO - Filling up the DagBag from /Users/evankrupa/airflow_project/env/lib/python3.11/site-packages/airflow/example_dags/example_trigger_target_dag.py
[2025-12-12T08:41:21.257-0500] {processor.py:840} INFO - DAG(s) 'example_trigger_target_dag' retrieved from /Users/evankrupa/airflow_project/env/lib/python3.11/site-packages/airflow/example_dags/example_trigger_target_dag.py
[2025-12-12T08:41:21.284-0500] {logging_mixin.py:188} INFO - [2025-12-12T08:41:21.284-0500] {dag.py:3096} INFO - Sync 1 DAGs
[2025-12-12T08:41:21.286-0500] {logging_mixin.py:188} INFO - [2025-12-12T08:41:21.286-0500] {dag.py:3954} INFO - Setting next_dagrun for example_trigger_target_dag to None, run_after=None
[2025-12-12T08:41:21.292-0500] {processor.py:183} INFO - Processing /Users/evankrupa/airflow_project/env/lib/python3.11/site-packages/airflow/example_dags/example_trigger_target_dag.py took 0.047 seconds
[2025-12-12T08:42:42.667-0500] {processor.py:161} INFO - Started process (PID=65542) to work on /Users/evankrupa/airflow_project/env/lib/python3.11/site-packages/airflow/example_dags/example_trigger_target_dag.py
[2025-12-12T08:42:42.667-0500] {processor.py:830} INFO - Processing file /Users/evankrupa/airflow_project/env/lib/python3.11/site-packages/airflow/example_dags/example_trigger_target_dag.py for tasks to queue
[2025-12-12T08:42:42.668-0500] {logging_mixin.py:188} INFO - [2025-12-12T08:42:42.667-0500] {dagbag.py:545} INFO - Filling up the DagBag from /Users/evankrupa/airflow_project/env/lib/python3.11/site-packages/airflow/example_dags/example_trigger_target_dag.py
[2025-12-12T08:42:42.680-0500] {processor.py:840} INFO - DAG(s) 'example_trigger_target_dag' retrieved from /Users/evankrupa/airflow_project/env/lib/python3.11/site-packages/airflow/example_dags/example_trigger_target_dag.py
[2025-12-12T08:42:42.706-0500] {logging_mixin.py:188} INFO - [2025-12-12T08:42:42.706-0500] {dag.py:3096} INFO - Sync 1 DAGs
[2025-12-12T08:42:42.709-0500] {logging_mixin.py:188} INFO - [2025-12-12T08:42:42.709-0500] {dag.py:3954} INFO - Setting next_dagrun for example_trigger_target_dag to None, run_after=None
[2025-12-12T08:42:42.714-0500] {processor.py:183} INFO - Processing /Users/evankrupa/airflow_project/env/lib/python3.11/site-packages/airflow/example_dags/example_trigger_target_dag.py took 0.048 seconds
[2025-12-12T08:44:05.882-0500] {processor.py:161} INFO - Started process (PID=65622) to work on /Users/evankrupa/airflow_project/env/lib/python3.11/site-packages/airflow/example_dags/example_trigger_target_dag.py
[2025-12-12T08:44:05.883-0500] {processor.py:830} INFO - Processing file /Users/evankrupa/airflow_project/env/lib/python3.11/site-packages/airflow/example_dags/example_trigger_target_dag.py for tasks to queue
[2025-12-12T08:44:05.884-0500] {logging_mixin.py:188} INFO - [2025-12-12T08:44:05.884-0500] {dagbag.py:545} INFO - Filling up the DagBag from /Users/evankrupa/airflow_project/env/lib/python3.11/site-packages/airflow/example_dags/example_trigger_target_dag.py
[2025-12-12T08:44:05.895-0500] {processor.py:840} INFO - DAG(s) 'example_trigger_target_dag' retrieved from /Users/evankrupa/airflow_project/env/lib/python3.11/site-packages/airflow/example_dags/example_trigger_target_dag.py
[2025-12-12T08:44:05.921-0500] {logging_mixin.py:188} INFO - [2025-12-12T08:44:05.921-0500] {dag.py:3096} INFO - Sync 1 DAGs
[2025-12-12T08:44:05.924-0500] {logging_mixin.py:188} INFO - [2025-12-12T08:44:05.924-0500] {dag.py:3954} INFO - Setting next_dagrun for example_trigger_target_dag to None, run_after=None
[2025-12-12T08:44:05.929-0500] {processor.py:183} INFO - Processing /Users/evankrupa/airflow_project/env/lib/python3.11/site-packages/airflow/example_dags/example_trigger_target_dag.py took 0.048 seconds
[2025-12-12T08:45:30.894-0500] {processor.py:161} INFO - Started process (PID=65702) to work on /Users/evankrupa/airflow_project/env/lib/python3.11/site-packages/airflow/example_dags/example_trigger_target_dag.py
[2025-12-12T08:45:30.895-0500] {processor.py:830} INFO - Processing file /Users/evankrupa/airflow_project/env/lib/python3.11/site-packages/airflow/example_dags/example_trigger_target_dag.py for tasks to queue
[2025-12-12T08:45:30.895-0500] {logging_mixin.py:188} INFO - [2025-12-12T08:45:30.895-0500] {dagbag.py:545} INFO - Filling up the DagBag from /Users/evankrupa/airflow_project/env/lib/python3.11/site-packages/airflow/example_dags/example_trigger_target_dag.py
[2025-12-12T08:45:30.906-0500] {processor.py:840} INFO - DAG(s) 'example_trigger_target_dag' retrieved from /Users/evankrupa/airflow_project/env/lib/python3.11/site-packages/airflow/example_dags/example_trigger_target_dag.py
[2025-12-12T08:45:30.932-0500] {logging_mixin.py:188} INFO - [2025-12-12T08:45:30.932-0500] {dag.py:3096} INFO - Sync 1 DAGs
[2025-12-12T08:45:30.935-0500] {logging_mixin.py:188} INFO - [2025-12-12T08:45:30.935-0500] {dag.py:3954} INFO - Setting next_dagrun for example_trigger_target_dag to None, run_after=None
[2025-12-12T08:45:30.940-0500] {processor.py:183} INFO - Processing /Users/evankrupa/airflow_project/env/lib/python3.11/site-packages/airflow/example_dags/example_trigger_target_dag.py took 0.047 seconds
