[2025-12-12T07:25:45.472-0500] {processor.py:161} INFO - Started process (PID=56867) to work on /Users/evankrupa/airflow_project/env/lib/python3.11/site-packages/airflow/example_dags/example_params_trigger_ui.py
[2025-12-12T07:25:45.472-0500] {processor.py:830} INFO - Processing file /Users/evankrupa/airflow_project/env/lib/python3.11/site-packages/airflow/example_dags/example_params_trigger_ui.py for tasks to queue
[2025-12-12T07:25:45.472-0500] {logging_mixin.py:188} INFO - [2025-12-12T07:25:45.472-0500] {dagbag.py:545} INFO - Filling up the DagBag from /Users/evankrupa/airflow_project/env/lib/python3.11/site-packages/airflow/example_dags/example_params_trigger_ui.py
[2025-12-12T07:25:45.485-0500] {processor.py:840} INFO - DAG(s) 'example_params_trigger_ui' retrieved from /Users/evankrupa/airflow_project/env/lib/python3.11/site-packages/airflow/example_dags/example_params_trigger_ui.py
[2025-12-12T07:25:45.542-0500] {logging_mixin.py:188} INFO - [2025-12-12T07:25:45.541-0500] {override.py:1829} INFO - Created Permission View: can read on DAG:example_params_trigger_ui
[2025-12-12T07:25:45.544-0500] {logging_mixin.py:188} INFO - [2025-12-12T07:25:45.544-0500] {override.py:1829} INFO - Created Permission View: can delete on DAG:example_params_trigger_ui
[2025-12-12T07:25:45.545-0500] {logging_mixin.py:188} INFO - [2025-12-12T07:25:45.545-0500] {override.py:1829} INFO - Created Permission View: can edit on DAG:example_params_trigger_ui
[2025-12-12T07:25:45.546-0500] {logging_mixin.py:188} INFO - [2025-12-12T07:25:45.545-0500] {dag.py:3096} INFO - Sync 1 DAGs
[2025-12-12T07:25:45.568-0500] {logging_mixin.py:188} INFO - [2025-12-12T07:25:45.568-0500] {dag.py:3118} INFO - Creating ORM DAG for example_params_trigger_ui
[2025-12-12T07:25:45.568-0500] {logging_mixin.py:188} INFO - [2025-12-12T07:25:45.568-0500] {dag.py:3954} INFO - Setting next_dagrun for example_params_trigger_ui to None, run_after=None
[2025-12-12T07:25:45.573-0500] {processor.py:183} INFO - Processing /Users/evankrupa/airflow_project/env/lib/python3.11/site-packages/airflow/example_dags/example_params_trigger_ui.py took 0.102 seconds
[2025-12-12T07:27:11.086-0500] {processor.py:161} INFO - Started process (PID=57493) to work on /Users/evankrupa/airflow_project/env/lib/python3.11/site-packages/airflow/example_dags/example_params_trigger_ui.py
[2025-12-12T07:27:11.087-0500] {processor.py:830} INFO - Processing file /Users/evankrupa/airflow_project/env/lib/python3.11/site-packages/airflow/example_dags/example_params_trigger_ui.py for tasks to queue
[2025-12-12T07:27:11.087-0500] {logging_mixin.py:188} INFO - [2025-12-12T07:27:11.087-0500] {dagbag.py:545} INFO - Filling up the DagBag from /Users/evankrupa/airflow_project/env/lib/python3.11/site-packages/airflow/example_dags/example_params_trigger_ui.py
[2025-12-12T07:27:11.100-0500] {processor.py:840} INFO - DAG(s) 'example_params_trigger_ui' retrieved from /Users/evankrupa/airflow_project/env/lib/python3.11/site-packages/airflow/example_dags/example_params_trigger_ui.py
[2025-12-12T07:27:11.134-0500] {logging_mixin.py:188} INFO - [2025-12-12T07:27:11.134-0500] {dag.py:3096} INFO - Sync 1 DAGs
[2025-12-12T07:27:11.136-0500] {logging_mixin.py:188} INFO - [2025-12-12T07:27:11.136-0500] {dag.py:3954} INFO - Setting next_dagrun for example_params_trigger_ui to None, run_after=None
[2025-12-12T07:27:11.142-0500] {processor.py:183} INFO - Processing /Users/evankrupa/airflow_project/env/lib/python3.11/site-packages/airflow/example_dags/example_params_trigger_ui.py took 0.057 seconds
[2025-12-12T07:28:37.128-0500] {processor.py:161} INFO - Started process (PID=57752) to work on /Users/evankrupa/airflow_project/env/lib/python3.11/site-packages/airflow/example_dags/example_params_trigger_ui.py
[2025-12-12T07:28:37.129-0500] {processor.py:830} INFO - Processing file /Users/evankrupa/airflow_project/env/lib/python3.11/site-packages/airflow/example_dags/example_params_trigger_ui.py for tasks to queue
[2025-12-12T07:28:37.129-0500] {logging_mixin.py:188} INFO - [2025-12-12T07:28:37.129-0500] {dagbag.py:545} INFO - Filling up the DagBag from /Users/evankrupa/airflow_project/env/lib/python3.11/site-packages/airflow/example_dags/example_params_trigger_ui.py
[2025-12-12T07:28:37.143-0500] {processor.py:840} INFO - DAG(s) 'example_params_trigger_ui' retrieved from /Users/evankrupa/airflow_project/env/lib/python3.11/site-packages/airflow/example_dags/example_params_trigger_ui.py
[2025-12-12T07:28:37.176-0500] {logging_mixin.py:188} INFO - [2025-12-12T07:28:37.176-0500] {dag.py:3096} INFO - Sync 1 DAGs
[2025-12-12T07:28:37.179-0500] {logging_mixin.py:188} INFO - [2025-12-12T07:28:37.179-0500] {dag.py:3954} INFO - Setting next_dagrun for example_params_trigger_ui to None, run_after=None
[2025-12-12T07:28:37.184-0500] {processor.py:183} INFO - Processing /Users/evankrupa/airflow_project/env/lib/python3.11/site-packages/airflow/example_dags/example_params_trigger_ui.py took 0.057 seconds
[2025-12-12T07:30:02.362-0500] {processor.py:161} INFO - Started process (PID=57983) to work on /Users/evankrupa/airflow_project/env/lib/python3.11/site-packages/airflow/example_dags/example_params_trigger_ui.py
[2025-12-12T07:30:02.363-0500] {processor.py:830} INFO - Processing file /Users/evankrupa/airflow_project/env/lib/python3.11/site-packages/airflow/example_dags/example_params_trigger_ui.py for tasks to queue
[2025-12-12T07:30:02.363-0500] {logging_mixin.py:188} INFO - [2025-12-12T07:30:02.363-0500] {dagbag.py:545} INFO - Filling up the DagBag from /Users/evankrupa/airflow_project/env/lib/python3.11/site-packages/airflow/example_dags/example_params_trigger_ui.py
[2025-12-12T07:30:02.377-0500] {processor.py:840} INFO - DAG(s) 'example_params_trigger_ui' retrieved from /Users/evankrupa/airflow_project/env/lib/python3.11/site-packages/airflow/example_dags/example_params_trigger_ui.py
[2025-12-12T07:30:02.410-0500] {logging_mixin.py:188} INFO - [2025-12-12T07:30:02.410-0500] {dag.py:3096} INFO - Sync 1 DAGs
[2025-12-12T07:30:02.413-0500] {logging_mixin.py:188} INFO - [2025-12-12T07:30:02.413-0500] {dag.py:3954} INFO - Setting next_dagrun for example_params_trigger_ui to None, run_after=None
[2025-12-12T07:30:02.418-0500] {processor.py:183} INFO - Processing /Users/evankrupa/airflow_project/env/lib/python3.11/site-packages/airflow/example_dags/example_params_trigger_ui.py took 0.057 seconds
[2025-12-12T07:31:27.547-0500] {processor.py:161} INFO - Started process (PID=58314) to work on /Users/evankrupa/airflow_project/env/lib/python3.11/site-packages/airflow/example_dags/example_params_trigger_ui.py
[2025-12-12T07:31:27.548-0500] {processor.py:830} INFO - Processing file /Users/evankrupa/airflow_project/env/lib/python3.11/site-packages/airflow/example_dags/example_params_trigger_ui.py for tasks to queue
[2025-12-12T07:31:27.548-0500] {logging_mixin.py:188} INFO - [2025-12-12T07:31:27.548-0500] {dagbag.py:545} INFO - Filling up the DagBag from /Users/evankrupa/airflow_project/env/lib/python3.11/site-packages/airflow/example_dags/example_params_trigger_ui.py
[2025-12-12T07:31:27.563-0500] {processor.py:840} INFO - DAG(s) 'example_params_trigger_ui' retrieved from /Users/evankrupa/airflow_project/env/lib/python3.11/site-packages/airflow/example_dags/example_params_trigger_ui.py
[2025-12-12T07:31:27.600-0500] {logging_mixin.py:188} INFO - [2025-12-12T07:31:27.600-0500] {dag.py:3096} INFO - Sync 1 DAGs
[2025-12-12T07:31:27.603-0500] {logging_mixin.py:188} INFO - [2025-12-12T07:31:27.603-0500] {dag.py:3954} INFO - Setting next_dagrun for example_params_trigger_ui to None, run_after=None
[2025-12-12T07:31:27.608-0500] {processor.py:183} INFO - Processing /Users/evankrupa/airflow_project/env/lib/python3.11/site-packages/airflow/example_dags/example_params_trigger_ui.py took 0.062 seconds
[2025-12-12T07:32:54.781-0500] {processor.py:161} INFO - Started process (PID=58428) to work on /Users/evankrupa/airflow_project/env/lib/python3.11/site-packages/airflow/example_dags/example_params_trigger_ui.py
[2025-12-12T07:32:54.782-0500] {processor.py:830} INFO - Processing file /Users/evankrupa/airflow_project/env/lib/python3.11/site-packages/airflow/example_dags/example_params_trigger_ui.py for tasks to queue
[2025-12-12T07:32:54.782-0500] {logging_mixin.py:188} INFO - [2025-12-12T07:32:54.782-0500] {dagbag.py:545} INFO - Filling up the DagBag from /Users/evankrupa/airflow_project/env/lib/python3.11/site-packages/airflow/example_dags/example_params_trigger_ui.py
[2025-12-12T07:32:54.796-0500] {processor.py:840} INFO - DAG(s) 'example_params_trigger_ui' retrieved from /Users/evankrupa/airflow_project/env/lib/python3.11/site-packages/airflow/example_dags/example_params_trigger_ui.py
[2025-12-12T07:32:54.830-0500] {logging_mixin.py:188} INFO - [2025-12-12T07:32:54.830-0500] {dag.py:3096} INFO - Sync 1 DAGs
[2025-12-12T07:32:54.832-0500] {logging_mixin.py:188} INFO - [2025-12-12T07:32:54.832-0500] {dag.py:3954} INFO - Setting next_dagrun for example_params_trigger_ui to None, run_after=None
[2025-12-12T07:32:54.838-0500] {processor.py:183} INFO - Processing /Users/evankrupa/airflow_project/env/lib/python3.11/site-packages/airflow/example_dags/example_params_trigger_ui.py took 0.058 seconds
[2025-12-12T07:34:21.006-0500] {processor.py:161} INFO - Started process (PID=58504) to work on /Users/evankrupa/airflow_project/env/lib/python3.11/site-packages/airflow/example_dags/example_params_trigger_ui.py
[2025-12-12T07:34:21.007-0500] {processor.py:830} INFO - Processing file /Users/evankrupa/airflow_project/env/lib/python3.11/site-packages/airflow/example_dags/example_params_trigger_ui.py for tasks to queue
[2025-12-12T07:34:21.008-0500] {logging_mixin.py:188} INFO - [2025-12-12T07:34:21.007-0500] {dagbag.py:545} INFO - Filling up the DagBag from /Users/evankrupa/airflow_project/env/lib/python3.11/site-packages/airflow/example_dags/example_params_trigger_ui.py
[2025-12-12T07:34:21.021-0500] {processor.py:840} INFO - DAG(s) 'example_params_trigger_ui' retrieved from /Users/evankrupa/airflow_project/env/lib/python3.11/site-packages/airflow/example_dags/example_params_trigger_ui.py
[2025-12-12T07:34:21.054-0500] {logging_mixin.py:188} INFO - [2025-12-12T07:34:21.054-0500] {dag.py:3096} INFO - Sync 1 DAGs
[2025-12-12T07:34:21.057-0500] {logging_mixin.py:188} INFO - [2025-12-12T07:34:21.057-0500] {dag.py:3954} INFO - Setting next_dagrun for example_params_trigger_ui to None, run_after=None
[2025-12-12T07:34:21.062-0500] {processor.py:183} INFO - Processing /Users/evankrupa/airflow_project/env/lib/python3.11/site-packages/airflow/example_dags/example_params_trigger_ui.py took 0.057 seconds
[2025-12-12T07:35:43.934-0500] {processor.py:161} INFO - Started process (PID=58578) to work on /Users/evankrupa/airflow_project/env/lib/python3.11/site-packages/airflow/example_dags/example_params_trigger_ui.py
[2025-12-12T07:35:43.936-0500] {processor.py:830} INFO - Processing file /Users/evankrupa/airflow_project/env/lib/python3.11/site-packages/airflow/example_dags/example_params_trigger_ui.py for tasks to queue
[2025-12-12T07:35:43.936-0500] {logging_mixin.py:188} INFO - [2025-12-12T07:35:43.936-0500] {dagbag.py:545} INFO - Filling up the DagBag from /Users/evankrupa/airflow_project/env/lib/python3.11/site-packages/airflow/example_dags/example_params_trigger_ui.py
[2025-12-12T07:35:43.949-0500] {processor.py:840} INFO - DAG(s) 'example_params_trigger_ui' retrieved from /Users/evankrupa/airflow_project/env/lib/python3.11/site-packages/airflow/example_dags/example_params_trigger_ui.py
[2025-12-12T07:35:43.983-0500] {logging_mixin.py:188} INFO - [2025-12-12T07:35:43.983-0500] {dag.py:3096} INFO - Sync 1 DAGs
[2025-12-12T07:35:43.985-0500] {logging_mixin.py:188} INFO - [2025-12-12T07:35:43.985-0500] {dag.py:3954} INFO - Setting next_dagrun for example_params_trigger_ui to None, run_after=None
[2025-12-12T07:35:43.991-0500] {processor.py:183} INFO - Processing /Users/evankrupa/airflow_project/env/lib/python3.11/site-packages/airflow/example_dags/example_params_trigger_ui.py took 0.057 seconds
[2025-12-12T07:37:07.860-0500] {processor.py:161} INFO - Started process (PID=58647) to work on /Users/evankrupa/airflow_project/env/lib/python3.11/site-packages/airflow/example_dags/example_params_trigger_ui.py
[2025-12-12T07:37:07.863-0500] {processor.py:830} INFO - Processing file /Users/evankrupa/airflow_project/env/lib/python3.11/site-packages/airflow/example_dags/example_params_trigger_ui.py for tasks to queue
[2025-12-12T07:37:07.863-0500] {logging_mixin.py:188} INFO - [2025-12-12T07:37:07.863-0500] {dagbag.py:545} INFO - Filling up the DagBag from /Users/evankrupa/airflow_project/env/lib/python3.11/site-packages/airflow/example_dags/example_params_trigger_ui.py
[2025-12-12T07:37:07.876-0500] {processor.py:840} INFO - DAG(s) 'example_params_trigger_ui' retrieved from /Users/evankrupa/airflow_project/env/lib/python3.11/site-packages/airflow/example_dags/example_params_trigger_ui.py
[2025-12-12T07:37:07.910-0500] {logging_mixin.py:188} INFO - [2025-12-12T07:37:07.910-0500] {dag.py:3096} INFO - Sync 1 DAGs
[2025-12-12T07:37:07.912-0500] {logging_mixin.py:188} INFO - [2025-12-12T07:37:07.912-0500] {dag.py:3954} INFO - Setting next_dagrun for example_params_trigger_ui to None, run_after=None
[2025-12-12T07:37:07.918-0500] {processor.py:183} INFO - Processing /Users/evankrupa/airflow_project/env/lib/python3.11/site-packages/airflow/example_dags/example_params_trigger_ui.py took 0.058 seconds
[2025-12-12T07:38:32.645-0500] {processor.py:161} INFO - Started process (PID=58727) to work on /Users/evankrupa/airflow_project/env/lib/python3.11/site-packages/airflow/example_dags/example_params_trigger_ui.py
[2025-12-12T07:38:32.645-0500] {processor.py:830} INFO - Processing file /Users/evankrupa/airflow_project/env/lib/python3.11/site-packages/airflow/example_dags/example_params_trigger_ui.py for tasks to queue
[2025-12-12T07:38:32.645-0500] {logging_mixin.py:188} INFO - [2025-12-12T07:38:32.645-0500] {dagbag.py:545} INFO - Filling up the DagBag from /Users/evankrupa/airflow_project/env/lib/python3.11/site-packages/airflow/example_dags/example_params_trigger_ui.py
[2025-12-12T07:38:32.659-0500] {processor.py:840} INFO - DAG(s) 'example_params_trigger_ui' retrieved from /Users/evankrupa/airflow_project/env/lib/python3.11/site-packages/airflow/example_dags/example_params_trigger_ui.py
[2025-12-12T07:38:32.692-0500] {logging_mixin.py:188} INFO - [2025-12-12T07:38:32.692-0500] {dag.py:3096} INFO - Sync 1 DAGs
[2025-12-12T07:38:32.695-0500] {logging_mixin.py:188} INFO - [2025-12-12T07:38:32.695-0500] {dag.py:3954} INFO - Setting next_dagrun for example_params_trigger_ui to None, run_after=None
[2025-12-12T07:38:32.700-0500] {processor.py:183} INFO - Processing /Users/evankrupa/airflow_project/env/lib/python3.11/site-packages/airflow/example_dags/example_params_trigger_ui.py took 0.057 seconds
[2025-12-12T07:39:58.850-0500] {processor.py:161} INFO - Started process (PID=58843) to work on /Users/evankrupa/airflow_project/env/lib/python3.11/site-packages/airflow/example_dags/example_params_trigger_ui.py
[2025-12-12T07:39:58.851-0500] {processor.py:830} INFO - Processing file /Users/evankrupa/airflow_project/env/lib/python3.11/site-packages/airflow/example_dags/example_params_trigger_ui.py for tasks to queue
[2025-12-12T07:39:58.851-0500] {logging_mixin.py:188} INFO - [2025-12-12T07:39:58.851-0500] {dagbag.py:545} INFO - Filling up the DagBag from /Users/evankrupa/airflow_project/env/lib/python3.11/site-packages/airflow/example_dags/example_params_trigger_ui.py
[2025-12-12T07:39:58.865-0500] {processor.py:840} INFO - DAG(s) 'example_params_trigger_ui' retrieved from /Users/evankrupa/airflow_project/env/lib/python3.11/site-packages/airflow/example_dags/example_params_trigger_ui.py
[2025-12-12T07:39:58.900-0500] {logging_mixin.py:188} INFO - [2025-12-12T07:39:58.900-0500] {dag.py:3096} INFO - Sync 1 DAGs
[2025-12-12T07:39:58.903-0500] {logging_mixin.py:188} INFO - [2025-12-12T07:39:58.903-0500] {dag.py:3954} INFO - Setting next_dagrun for example_params_trigger_ui to None, run_after=None
[2025-12-12T07:39:58.908-0500] {processor.py:183} INFO - Processing /Users/evankrupa/airflow_project/env/lib/python3.11/site-packages/airflow/example_dags/example_params_trigger_ui.py took 0.059 seconds
[2025-12-12T07:41:23.896-0500] {processor.py:161} INFO - Started process (PID=58945) to work on /Users/evankrupa/airflow_project/env/lib/python3.11/site-packages/airflow/example_dags/example_params_trigger_ui.py
[2025-12-12T07:41:23.897-0500] {processor.py:830} INFO - Processing file /Users/evankrupa/airflow_project/env/lib/python3.11/site-packages/airflow/example_dags/example_params_trigger_ui.py for tasks to queue
[2025-12-12T07:41:23.897-0500] {logging_mixin.py:188} INFO - [2025-12-12T07:41:23.897-0500] {dagbag.py:545} INFO - Filling up the DagBag from /Users/evankrupa/airflow_project/env/lib/python3.11/site-packages/airflow/example_dags/example_params_trigger_ui.py
[2025-12-12T07:41:23.911-0500] {processor.py:840} INFO - DAG(s) 'example_params_trigger_ui' retrieved from /Users/evankrupa/airflow_project/env/lib/python3.11/site-packages/airflow/example_dags/example_params_trigger_ui.py
[2025-12-12T07:41:23.944-0500] {logging_mixin.py:188} INFO - [2025-12-12T07:41:23.944-0500] {dag.py:3096} INFO - Sync 1 DAGs
[2025-12-12T07:41:23.947-0500] {logging_mixin.py:188} INFO - [2025-12-12T07:41:23.947-0500] {dag.py:3954} INFO - Setting next_dagrun for example_params_trigger_ui to None, run_after=None
[2025-12-12T07:41:23.952-0500] {processor.py:183} INFO - Processing /Users/evankrupa/airflow_project/env/lib/python3.11/site-packages/airflow/example_dags/example_params_trigger_ui.py took 0.057 seconds
[2025-12-12T07:42:47.666-0500] {processor.py:161} INFO - Started process (PID=59104) to work on /Users/evankrupa/airflow_project/env/lib/python3.11/site-packages/airflow/example_dags/example_params_trigger_ui.py
[2025-12-12T07:42:47.667-0500] {processor.py:830} INFO - Processing file /Users/evankrupa/airflow_project/env/lib/python3.11/site-packages/airflow/example_dags/example_params_trigger_ui.py for tasks to queue
[2025-12-12T07:42:47.667-0500] {logging_mixin.py:188} INFO - [2025-12-12T07:42:47.667-0500] {dagbag.py:545} INFO - Filling up the DagBag from /Users/evankrupa/airflow_project/env/lib/python3.11/site-packages/airflow/example_dags/example_params_trigger_ui.py
[2025-12-12T07:42:47.681-0500] {processor.py:840} INFO - DAG(s) 'example_params_trigger_ui' retrieved from /Users/evankrupa/airflow_project/env/lib/python3.11/site-packages/airflow/example_dags/example_params_trigger_ui.py
[2025-12-12T07:42:47.715-0500] {logging_mixin.py:188} INFO - [2025-12-12T07:42:47.714-0500] {dag.py:3096} INFO - Sync 1 DAGs
[2025-12-12T07:42:47.717-0500] {logging_mixin.py:188} INFO - [2025-12-12T07:42:47.717-0500] {dag.py:3954} INFO - Setting next_dagrun for example_params_trigger_ui to None, run_after=None
[2025-12-12T07:42:47.723-0500] {processor.py:183} INFO - Processing /Users/evankrupa/airflow_project/env/lib/python3.11/site-packages/airflow/example_dags/example_params_trigger_ui.py took 0.057 seconds
[2025-12-12T07:44:11.960-0500] {processor.py:161} INFO - Started process (PID=59193) to work on /Users/evankrupa/airflow_project/env/lib/python3.11/site-packages/airflow/example_dags/example_params_trigger_ui.py
[2025-12-12T07:44:11.961-0500] {processor.py:830} INFO - Processing file /Users/evankrupa/airflow_project/env/lib/python3.11/site-packages/airflow/example_dags/example_params_trigger_ui.py for tasks to queue
[2025-12-12T07:44:11.961-0500] {logging_mixin.py:188} INFO - [2025-12-12T07:44:11.961-0500] {dagbag.py:545} INFO - Filling up the DagBag from /Users/evankrupa/airflow_project/env/lib/python3.11/site-packages/airflow/example_dags/example_params_trigger_ui.py
[2025-12-12T07:44:11.981-0500] {processor.py:840} INFO - DAG(s) 'example_params_trigger_ui' retrieved from /Users/evankrupa/airflow_project/env/lib/python3.11/site-packages/airflow/example_dags/example_params_trigger_ui.py
[2025-12-12T07:44:12.017-0500] {logging_mixin.py:188} INFO - [2025-12-12T07:44:12.016-0500] {dag.py:3096} INFO - Sync 1 DAGs
[2025-12-12T07:44:12.020-0500] {logging_mixin.py:188} INFO - [2025-12-12T07:44:12.020-0500] {dag.py:3954} INFO - Setting next_dagrun for example_params_trigger_ui to None, run_after=None
[2025-12-12T07:44:12.025-0500] {processor.py:183} INFO - Processing /Users/evankrupa/airflow_project/env/lib/python3.11/site-packages/airflow/example_dags/example_params_trigger_ui.py took 0.066 seconds
[2025-12-12T07:45:38.250-0500] {processor.py:161} INFO - Started process (PID=59274) to work on /Users/evankrupa/airflow_project/env/lib/python3.11/site-packages/airflow/example_dags/example_params_trigger_ui.py
[2025-12-12T07:45:38.251-0500] {processor.py:830} INFO - Processing file /Users/evankrupa/airflow_project/env/lib/python3.11/site-packages/airflow/example_dags/example_params_trigger_ui.py for tasks to queue
[2025-12-12T07:45:38.251-0500] {logging_mixin.py:188} INFO - [2025-12-12T07:45:38.251-0500] {dagbag.py:545} INFO - Filling up the DagBag from /Users/evankrupa/airflow_project/env/lib/python3.11/site-packages/airflow/example_dags/example_params_trigger_ui.py
[2025-12-12T07:45:38.265-0500] {processor.py:840} INFO - DAG(s) 'example_params_trigger_ui' retrieved from /Users/evankrupa/airflow_project/env/lib/python3.11/site-packages/airflow/example_dags/example_params_trigger_ui.py
[2025-12-12T07:45:38.301-0500] {logging_mixin.py:188} INFO - [2025-12-12T07:45:38.301-0500] {dag.py:3096} INFO - Sync 1 DAGs
[2025-12-12T07:45:38.304-0500] {logging_mixin.py:188} INFO - [2025-12-12T07:45:38.304-0500] {dag.py:3954} INFO - Setting next_dagrun for example_params_trigger_ui to None, run_after=None
[2025-12-12T07:45:38.309-0500] {processor.py:183} INFO - Processing /Users/evankrupa/airflow_project/env/lib/python3.11/site-packages/airflow/example_dags/example_params_trigger_ui.py took 0.060 seconds
[2025-12-12T07:47:03.649-0500] {processor.py:161} INFO - Started process (PID=59352) to work on /Users/evankrupa/airflow_project/env/lib/python3.11/site-packages/airflow/example_dags/example_params_trigger_ui.py
[2025-12-12T07:47:03.650-0500] {processor.py:830} INFO - Processing file /Users/evankrupa/airflow_project/env/lib/python3.11/site-packages/airflow/example_dags/example_params_trigger_ui.py for tasks to queue
[2025-12-12T07:47:03.650-0500] {logging_mixin.py:188} INFO - [2025-12-12T07:47:03.650-0500] {dagbag.py:545} INFO - Filling up the DagBag from /Users/evankrupa/airflow_project/env/lib/python3.11/site-packages/airflow/example_dags/example_params_trigger_ui.py
[2025-12-12T07:47:03.664-0500] {processor.py:840} INFO - DAG(s) 'example_params_trigger_ui' retrieved from /Users/evankrupa/airflow_project/env/lib/python3.11/site-packages/airflow/example_dags/example_params_trigger_ui.py
[2025-12-12T07:47:03.697-0500] {logging_mixin.py:188} INFO - [2025-12-12T07:47:03.697-0500] {dag.py:3096} INFO - Sync 1 DAGs
[2025-12-12T07:47:03.700-0500] {logging_mixin.py:188} INFO - [2025-12-12T07:47:03.700-0500] {dag.py:3954} INFO - Setting next_dagrun for example_params_trigger_ui to None, run_after=None
[2025-12-12T07:47:03.705-0500] {processor.py:183} INFO - Processing /Users/evankrupa/airflow_project/env/lib/python3.11/site-packages/airflow/example_dags/example_params_trigger_ui.py took 0.058 seconds
[2025-12-12T07:48:30.051-0500] {processor.py:161} INFO - Started process (PID=59465) to work on /Users/evankrupa/airflow_project/env/lib/python3.11/site-packages/airflow/example_dags/example_params_trigger_ui.py
[2025-12-12T07:48:30.052-0500] {processor.py:830} INFO - Processing file /Users/evankrupa/airflow_project/env/lib/python3.11/site-packages/airflow/example_dags/example_params_trigger_ui.py for tasks to queue
[2025-12-12T07:48:30.052-0500] {logging_mixin.py:188} INFO - [2025-12-12T07:48:30.052-0500] {dagbag.py:545} INFO - Filling up the DagBag from /Users/evankrupa/airflow_project/env/lib/python3.11/site-packages/airflow/example_dags/example_params_trigger_ui.py
[2025-12-12T07:48:30.067-0500] {processor.py:840} INFO - DAG(s) 'example_params_trigger_ui' retrieved from /Users/evankrupa/airflow_project/env/lib/python3.11/site-packages/airflow/example_dags/example_params_trigger_ui.py
[2025-12-12T07:48:30.103-0500] {logging_mixin.py:188} INFO - [2025-12-12T07:48:30.103-0500] {dag.py:3096} INFO - Sync 1 DAGs
[2025-12-12T07:48:30.106-0500] {logging_mixin.py:188} INFO - [2025-12-12T07:48:30.106-0500] {dag.py:3954} INFO - Setting next_dagrun for example_params_trigger_ui to None, run_after=None
[2025-12-12T07:48:30.112-0500] {processor.py:183} INFO - Processing /Users/evankrupa/airflow_project/env/lib/python3.11/site-packages/airflow/example_dags/example_params_trigger_ui.py took 0.061 seconds
[2025-12-12T07:49:54.653-0500] {processor.py:161} INFO - Started process (PID=59543) to work on /Users/evankrupa/airflow_project/env/lib/python3.11/site-packages/airflow/example_dags/example_params_trigger_ui.py
[2025-12-12T07:49:54.654-0500] {processor.py:830} INFO - Processing file /Users/evankrupa/airflow_project/env/lib/python3.11/site-packages/airflow/example_dags/example_params_trigger_ui.py for tasks to queue
[2025-12-12T07:49:54.654-0500] {logging_mixin.py:188} INFO - [2025-12-12T07:49:54.654-0500] {dagbag.py:545} INFO - Filling up the DagBag from /Users/evankrupa/airflow_project/env/lib/python3.11/site-packages/airflow/example_dags/example_params_trigger_ui.py
[2025-12-12T07:49:54.668-0500] {processor.py:840} INFO - DAG(s) 'example_params_trigger_ui' retrieved from /Users/evankrupa/airflow_project/env/lib/python3.11/site-packages/airflow/example_dags/example_params_trigger_ui.py
[2025-12-12T07:49:54.703-0500] {logging_mixin.py:188} INFO - [2025-12-12T07:49:54.702-0500] {dag.py:3096} INFO - Sync 1 DAGs
[2025-12-12T07:49:54.705-0500] {logging_mixin.py:188} INFO - [2025-12-12T07:49:54.705-0500] {dag.py:3954} INFO - Setting next_dagrun for example_params_trigger_ui to None, run_after=None
[2025-12-12T07:49:54.711-0500] {processor.py:183} INFO - Processing /Users/evankrupa/airflow_project/env/lib/python3.11/site-packages/airflow/example_dags/example_params_trigger_ui.py took 0.058 seconds
[2025-12-12T07:51:19.824-0500] {processor.py:161} INFO - Started process (PID=59612) to work on /Users/evankrupa/airflow_project/env/lib/python3.11/site-packages/airflow/example_dags/example_params_trigger_ui.py
[2025-12-12T07:51:19.825-0500] {processor.py:830} INFO - Processing file /Users/evankrupa/airflow_project/env/lib/python3.11/site-packages/airflow/example_dags/example_params_trigger_ui.py for tasks to queue
[2025-12-12T07:51:19.825-0500] {logging_mixin.py:188} INFO - [2025-12-12T07:51:19.825-0500] {dagbag.py:545} INFO - Filling up the DagBag from /Users/evankrupa/airflow_project/env/lib/python3.11/site-packages/airflow/example_dags/example_params_trigger_ui.py
[2025-12-12T07:51:19.839-0500] {processor.py:840} INFO - DAG(s) 'example_params_trigger_ui' retrieved from /Users/evankrupa/airflow_project/env/lib/python3.11/site-packages/airflow/example_dags/example_params_trigger_ui.py
[2025-12-12T07:51:19.873-0500] {logging_mixin.py:188} INFO - [2025-12-12T07:51:19.872-0500] {dag.py:3096} INFO - Sync 1 DAGs
[2025-12-12T07:51:19.875-0500] {logging_mixin.py:188} INFO - [2025-12-12T07:51:19.875-0500] {dag.py:3954} INFO - Setting next_dagrun for example_params_trigger_ui to None, run_after=None
[2025-12-12T07:51:19.881-0500] {processor.py:183} INFO - Processing /Users/evankrupa/airflow_project/env/lib/python3.11/site-packages/airflow/example_dags/example_params_trigger_ui.py took 0.058 seconds
[2025-12-12T07:52:43.682-0500] {processor.py:161} INFO - Started process (PID=59680) to work on /Users/evankrupa/airflow_project/env/lib/python3.11/site-packages/airflow/example_dags/example_params_trigger_ui.py
[2025-12-12T07:52:43.683-0500] {processor.py:830} INFO - Processing file /Users/evankrupa/airflow_project/env/lib/python3.11/site-packages/airflow/example_dags/example_params_trigger_ui.py for tasks to queue
[2025-12-12T07:52:43.683-0500] {logging_mixin.py:188} INFO - [2025-12-12T07:52:43.683-0500] {dagbag.py:545} INFO - Filling up the DagBag from /Users/evankrupa/airflow_project/env/lib/python3.11/site-packages/airflow/example_dags/example_params_trigger_ui.py
[2025-12-12T07:52:43.697-0500] {processor.py:840} INFO - DAG(s) 'example_params_trigger_ui' retrieved from /Users/evankrupa/airflow_project/env/lib/python3.11/site-packages/airflow/example_dags/example_params_trigger_ui.py
[2025-12-12T07:52:43.731-0500] {logging_mixin.py:188} INFO - [2025-12-12T07:52:43.731-0500] {dag.py:3096} INFO - Sync 1 DAGs
[2025-12-12T07:52:43.733-0500] {logging_mixin.py:188} INFO - [2025-12-12T07:52:43.733-0500] {dag.py:3954} INFO - Setting next_dagrun for example_params_trigger_ui to None, run_after=None
[2025-12-12T07:52:43.739-0500] {processor.py:183} INFO - Processing /Users/evankrupa/airflow_project/env/lib/python3.11/site-packages/airflow/example_dags/example_params_trigger_ui.py took 0.058 seconds
[2025-12-12T07:54:04.962-0500] {processor.py:161} INFO - Started process (PID=59765) to work on /Users/evankrupa/airflow_project/env/lib/python3.11/site-packages/airflow/example_dags/example_params_trigger_ui.py
[2025-12-12T07:54:04.962-0500] {processor.py:830} INFO - Processing file /Users/evankrupa/airflow_project/env/lib/python3.11/site-packages/airflow/example_dags/example_params_trigger_ui.py for tasks to queue
[2025-12-12T07:54:04.963-0500] {logging_mixin.py:188} INFO - [2025-12-12T07:54:04.962-0500] {dagbag.py:545} INFO - Filling up the DagBag from /Users/evankrupa/airflow_project/env/lib/python3.11/site-packages/airflow/example_dags/example_params_trigger_ui.py
[2025-12-12T07:54:04.976-0500] {processor.py:840} INFO - DAG(s) 'example_params_trigger_ui' retrieved from /Users/evankrupa/airflow_project/env/lib/python3.11/site-packages/airflow/example_dags/example_params_trigger_ui.py
[2025-12-12T07:54:05.009-0500] {logging_mixin.py:188} INFO - [2025-12-12T07:54:05.009-0500] {dag.py:3096} INFO - Sync 1 DAGs
[2025-12-12T07:54:05.012-0500] {logging_mixin.py:188} INFO - [2025-12-12T07:54:05.012-0500] {dag.py:3954} INFO - Setting next_dagrun for example_params_trigger_ui to None, run_after=None
[2025-12-12T07:54:05.017-0500] {processor.py:183} INFO - Processing /Users/evankrupa/airflow_project/env/lib/python3.11/site-packages/airflow/example_dags/example_params_trigger_ui.py took 0.056 seconds
[2025-12-12T07:55:31.409-0500] {processor.py:161} INFO - Started process (PID=59852) to work on /Users/evankrupa/airflow_project/env/lib/python3.11/site-packages/airflow/example_dags/example_params_trigger_ui.py
[2025-12-12T07:55:31.411-0500] {processor.py:830} INFO - Processing file /Users/evankrupa/airflow_project/env/lib/python3.11/site-packages/airflow/example_dags/example_params_trigger_ui.py for tasks to queue
[2025-12-12T07:55:31.411-0500] {logging_mixin.py:188} INFO - [2025-12-12T07:55:31.411-0500] {dagbag.py:545} INFO - Filling up the DagBag from /Users/evankrupa/airflow_project/env/lib/python3.11/site-packages/airflow/example_dags/example_params_trigger_ui.py
[2025-12-12T07:55:31.424-0500] {processor.py:840} INFO - DAG(s) 'example_params_trigger_ui' retrieved from /Users/evankrupa/airflow_project/env/lib/python3.11/site-packages/airflow/example_dags/example_params_trigger_ui.py
[2025-12-12T07:55:31.458-0500] {logging_mixin.py:188} INFO - [2025-12-12T07:55:31.458-0500] {dag.py:3096} INFO - Sync 1 DAGs
[2025-12-12T07:55:31.461-0500] {logging_mixin.py:188} INFO - [2025-12-12T07:55:31.461-0500] {dag.py:3954} INFO - Setting next_dagrun for example_params_trigger_ui to None, run_after=None
[2025-12-12T07:55:31.466-0500] {processor.py:183} INFO - Processing /Users/evankrupa/airflow_project/env/lib/python3.11/site-packages/airflow/example_dags/example_params_trigger_ui.py took 0.058 seconds
[2025-12-12T07:56:55.486-0500] {processor.py:161} INFO - Started process (PID=59920) to work on /Users/evankrupa/airflow_project/env/lib/python3.11/site-packages/airflow/example_dags/example_params_trigger_ui.py
[2025-12-12T07:56:55.487-0500] {processor.py:830} INFO - Processing file /Users/evankrupa/airflow_project/env/lib/python3.11/site-packages/airflow/example_dags/example_params_trigger_ui.py for tasks to queue
[2025-12-12T07:56:55.487-0500] {logging_mixin.py:188} INFO - [2025-12-12T07:56:55.487-0500] {dagbag.py:545} INFO - Filling up the DagBag from /Users/evankrupa/airflow_project/env/lib/python3.11/site-packages/airflow/example_dags/example_params_trigger_ui.py
[2025-12-12T07:56:55.500-0500] {processor.py:840} INFO - DAG(s) 'example_params_trigger_ui' retrieved from /Users/evankrupa/airflow_project/env/lib/python3.11/site-packages/airflow/example_dags/example_params_trigger_ui.py
[2025-12-12T07:56:55.534-0500] {logging_mixin.py:188} INFO - [2025-12-12T07:56:55.534-0500] {dag.py:3096} INFO - Sync 1 DAGs
[2025-12-12T07:56:55.537-0500] {logging_mixin.py:188} INFO - [2025-12-12T07:56:55.536-0500] {dag.py:3954} INFO - Setting next_dagrun for example_params_trigger_ui to None, run_after=None
[2025-12-12T07:56:55.542-0500] {processor.py:183} INFO - Processing /Users/evankrupa/airflow_project/env/lib/python3.11/site-packages/airflow/example_dags/example_params_trigger_ui.py took 0.057 seconds
[2025-12-12T07:58:19.816-0500] {processor.py:161} INFO - Started process (PID=61180) to work on /Users/evankrupa/airflow_project/env/lib/python3.11/site-packages/airflow/example_dags/example_params_trigger_ui.py
[2025-12-12T07:58:19.819-0500] {processor.py:830} INFO - Processing file /Users/evankrupa/airflow_project/env/lib/python3.11/site-packages/airflow/example_dags/example_params_trigger_ui.py for tasks to queue
[2025-12-12T07:58:19.819-0500] {logging_mixin.py:188} INFO - [2025-12-12T07:58:19.819-0500] {dagbag.py:545} INFO - Filling up the DagBag from /Users/evankrupa/airflow_project/env/lib/python3.11/site-packages/airflow/example_dags/example_params_trigger_ui.py
[2025-12-12T07:58:19.832-0500] {processor.py:840} INFO - DAG(s) 'example_params_trigger_ui' retrieved from /Users/evankrupa/airflow_project/env/lib/python3.11/site-packages/airflow/example_dags/example_params_trigger_ui.py
[2025-12-12T07:58:19.867-0500] {logging_mixin.py:188} INFO - [2025-12-12T07:58:19.867-0500] {dag.py:3096} INFO - Sync 1 DAGs
[2025-12-12T07:58:19.870-0500] {logging_mixin.py:188} INFO - [2025-12-12T07:58:19.870-0500] {dag.py:3954} INFO - Setting next_dagrun for example_params_trigger_ui to None, run_after=None
[2025-12-12T07:58:19.875-0500] {processor.py:183} INFO - Processing /Users/evankrupa/airflow_project/env/lib/python3.11/site-packages/airflow/example_dags/example_params_trigger_ui.py took 0.059 seconds
[2025-12-12T07:59:47.125-0500] {processor.py:161} INFO - Started process (PID=62727) to work on /Users/evankrupa/airflow_project/env/lib/python3.11/site-packages/airflow/example_dags/example_params_trigger_ui.py
[2025-12-12T07:59:47.126-0500] {processor.py:830} INFO - Processing file /Users/evankrupa/airflow_project/env/lib/python3.11/site-packages/airflow/example_dags/example_params_trigger_ui.py for tasks to queue
[2025-12-12T07:59:47.126-0500] {logging_mixin.py:188} INFO - [2025-12-12T07:59:47.126-0500] {dagbag.py:545} INFO - Filling up the DagBag from /Users/evankrupa/airflow_project/env/lib/python3.11/site-packages/airflow/example_dags/example_params_trigger_ui.py
[2025-12-12T07:59:47.140-0500] {processor.py:840} INFO - DAG(s) 'example_params_trigger_ui' retrieved from /Users/evankrupa/airflow_project/env/lib/python3.11/site-packages/airflow/example_dags/example_params_trigger_ui.py
[2025-12-12T07:59:47.175-0500] {logging_mixin.py:188} INFO - [2025-12-12T07:59:47.175-0500] {dag.py:3096} INFO - Sync 1 DAGs
[2025-12-12T07:59:47.178-0500] {logging_mixin.py:188} INFO - [2025-12-12T07:59:47.178-0500] {dag.py:3954} INFO - Setting next_dagrun for example_params_trigger_ui to None, run_after=None
[2025-12-12T07:59:47.184-0500] {processor.py:183} INFO - Processing /Users/evankrupa/airflow_project/env/lib/python3.11/site-packages/airflow/example_dags/example_params_trigger_ui.py took 0.060 seconds
[2025-12-12T08:01:06.894-0500] {processor.py:161} INFO - Started process (PID=62796) to work on /Users/evankrupa/airflow_project/env/lib/python3.11/site-packages/airflow/example_dags/example_params_trigger_ui.py
[2025-12-12T08:01:06.895-0500] {processor.py:830} INFO - Processing file /Users/evankrupa/airflow_project/env/lib/python3.11/site-packages/airflow/example_dags/example_params_trigger_ui.py for tasks to queue
[2025-12-12T08:01:06.895-0500] {logging_mixin.py:188} INFO - [2025-12-12T08:01:06.895-0500] {dagbag.py:545} INFO - Filling up the DagBag from /Users/evankrupa/airflow_project/env/lib/python3.11/site-packages/airflow/example_dags/example_params_trigger_ui.py
[2025-12-12T08:01:06.910-0500] {processor.py:840} INFO - DAG(s) 'example_params_trigger_ui' retrieved from /Users/evankrupa/airflow_project/env/lib/python3.11/site-packages/airflow/example_dags/example_params_trigger_ui.py
[2025-12-12T08:01:06.948-0500] {logging_mixin.py:188} INFO - [2025-12-12T08:01:06.948-0500] {dag.py:3096} INFO - Sync 1 DAGs
[2025-12-12T08:01:06.951-0500] {logging_mixin.py:188} INFO - [2025-12-12T08:01:06.951-0500] {dag.py:3954} INFO - Setting next_dagrun for example_params_trigger_ui to None, run_after=None
[2025-12-12T08:01:06.956-0500] {processor.py:183} INFO - Processing /Users/evankrupa/airflow_project/env/lib/python3.11/site-packages/airflow/example_dags/example_params_trigger_ui.py took 0.064 seconds
[2025-12-12T08:02:33.286-0500] {processor.py:161} INFO - Started process (PID=62864) to work on /Users/evankrupa/airflow_project/env/lib/python3.11/site-packages/airflow/example_dags/example_params_trigger_ui.py
[2025-12-12T08:02:33.287-0500] {processor.py:830} INFO - Processing file /Users/evankrupa/airflow_project/env/lib/python3.11/site-packages/airflow/example_dags/example_params_trigger_ui.py for tasks to queue
[2025-12-12T08:02:33.288-0500] {logging_mixin.py:188} INFO - [2025-12-12T08:02:33.288-0500] {dagbag.py:545} INFO - Filling up the DagBag from /Users/evankrupa/airflow_project/env/lib/python3.11/site-packages/airflow/example_dags/example_params_trigger_ui.py
[2025-12-12T08:02:33.301-0500] {processor.py:840} INFO - DAG(s) 'example_params_trigger_ui' retrieved from /Users/evankrupa/airflow_project/env/lib/python3.11/site-packages/airflow/example_dags/example_params_trigger_ui.py
[2025-12-12T08:02:33.335-0500] {logging_mixin.py:188} INFO - [2025-12-12T08:02:33.335-0500] {dag.py:3096} INFO - Sync 1 DAGs
[2025-12-12T08:02:33.337-0500] {logging_mixin.py:188} INFO - [2025-12-12T08:02:33.337-0500] {dag.py:3954} INFO - Setting next_dagrun for example_params_trigger_ui to None, run_after=None
[2025-12-12T08:02:33.343-0500] {processor.py:183} INFO - Processing /Users/evankrupa/airflow_project/env/lib/python3.11/site-packages/airflow/example_dags/example_params_trigger_ui.py took 0.057 seconds
[2025-12-12T08:03:59.045-0500] {processor.py:161} INFO - Started process (PID=62941) to work on /Users/evankrupa/airflow_project/env/lib/python3.11/site-packages/airflow/example_dags/example_params_trigger_ui.py
[2025-12-12T08:03:59.046-0500] {processor.py:830} INFO - Processing file /Users/evankrupa/airflow_project/env/lib/python3.11/site-packages/airflow/example_dags/example_params_trigger_ui.py for tasks to queue
[2025-12-12T08:03:59.046-0500] {logging_mixin.py:188} INFO - [2025-12-12T08:03:59.046-0500] {dagbag.py:545} INFO - Filling up the DagBag from /Users/evankrupa/airflow_project/env/lib/python3.11/site-packages/airflow/example_dags/example_params_trigger_ui.py
[2025-12-12T08:03:59.060-0500] {processor.py:840} INFO - DAG(s) 'example_params_trigger_ui' retrieved from /Users/evankrupa/airflow_project/env/lib/python3.11/site-packages/airflow/example_dags/example_params_trigger_ui.py
[2025-12-12T08:03:59.094-0500] {logging_mixin.py:188} INFO - [2025-12-12T08:03:59.094-0500] {dag.py:3096} INFO - Sync 1 DAGs
[2025-12-12T08:03:59.096-0500] {logging_mixin.py:188} INFO - [2025-12-12T08:03:59.096-0500] {dag.py:3954} INFO - Setting next_dagrun for example_params_trigger_ui to None, run_after=None
[2025-12-12T08:03:59.102-0500] {processor.py:183} INFO - Processing /Users/evankrupa/airflow_project/env/lib/python3.11/site-packages/airflow/example_dags/example_params_trigger_ui.py took 0.057 seconds
[2025-12-12T08:05:21.655-0500] {processor.py:161} INFO - Started process (PID=63083) to work on /Users/evankrupa/airflow_project/env/lib/python3.11/site-packages/airflow/example_dags/example_params_trigger_ui.py
[2025-12-12T08:05:21.656-0500] {processor.py:830} INFO - Processing file /Users/evankrupa/airflow_project/env/lib/python3.11/site-packages/airflow/example_dags/example_params_trigger_ui.py for tasks to queue
[2025-12-12T08:05:21.656-0500] {logging_mixin.py:188} INFO - [2025-12-12T08:05:21.656-0500] {dagbag.py:545} INFO - Filling up the DagBag from /Users/evankrupa/airflow_project/env/lib/python3.11/site-packages/airflow/example_dags/example_params_trigger_ui.py
[2025-12-12T08:05:21.672-0500] {processor.py:840} INFO - DAG(s) 'example_params_trigger_ui' retrieved from /Users/evankrupa/airflow_project/env/lib/python3.11/site-packages/airflow/example_dags/example_params_trigger_ui.py
[2025-12-12T08:05:21.707-0500] {logging_mixin.py:188} INFO - [2025-12-12T08:05:21.707-0500] {dag.py:3096} INFO - Sync 1 DAGs
[2025-12-12T08:05:21.710-0500] {logging_mixin.py:188} INFO - [2025-12-12T08:05:21.710-0500] {dag.py:3954} INFO - Setting next_dagrun for example_params_trigger_ui to None, run_after=None
[2025-12-12T08:05:21.715-0500] {processor.py:183} INFO - Processing /Users/evankrupa/airflow_project/env/lib/python3.11/site-packages/airflow/example_dags/example_params_trigger_ui.py took 0.061 seconds
[2025-12-12T08:06:47.985-0500] {processor.py:161} INFO - Started process (PID=63175) to work on /Users/evankrupa/airflow_project/env/lib/python3.11/site-packages/airflow/example_dags/example_params_trigger_ui.py
[2025-12-12T08:06:47.986-0500] {processor.py:830} INFO - Processing file /Users/evankrupa/airflow_project/env/lib/python3.11/site-packages/airflow/example_dags/example_params_trigger_ui.py for tasks to queue
[2025-12-12T08:06:47.986-0500] {logging_mixin.py:188} INFO - [2025-12-12T08:06:47.986-0500] {dagbag.py:545} INFO - Filling up the DagBag from /Users/evankrupa/airflow_project/env/lib/python3.11/site-packages/airflow/example_dags/example_params_trigger_ui.py
[2025-12-12T08:06:48.000-0500] {processor.py:840} INFO - DAG(s) 'example_params_trigger_ui' retrieved from /Users/evankrupa/airflow_project/env/lib/python3.11/site-packages/airflow/example_dags/example_params_trigger_ui.py
[2025-12-12T08:06:48.035-0500] {logging_mixin.py:188} INFO - [2025-12-12T08:06:48.035-0500] {dag.py:3096} INFO - Sync 1 DAGs
[2025-12-12T08:06:48.038-0500] {logging_mixin.py:188} INFO - [2025-12-12T08:06:48.038-0500] {dag.py:3954} INFO - Setting next_dagrun for example_params_trigger_ui to None, run_after=None
[2025-12-12T08:06:48.044-0500] {processor.py:183} INFO - Processing /Users/evankrupa/airflow_project/env/lib/python3.11/site-packages/airflow/example_dags/example_params_trigger_ui.py took 0.059 seconds
[2025-12-12T08:08:02.365-0500] {processor.py:161} INFO - Started process (PID=63672) to work on /Users/evankrupa/airflow_project/env/lib/python3.11/site-packages/airflow/example_dags/example_params_trigger_ui.py
[2025-12-12T08:08:02.366-0500] {processor.py:830} INFO - Processing file /Users/evankrupa/airflow_project/env/lib/python3.11/site-packages/airflow/example_dags/example_params_trigger_ui.py for tasks to queue
[2025-12-12T08:08:02.366-0500] {logging_mixin.py:188} INFO - [2025-12-12T08:08:02.366-0500] {dagbag.py:545} INFO - Filling up the DagBag from /Users/evankrupa/airflow_project/env/lib/python3.11/site-packages/airflow/example_dags/example_params_trigger_ui.py
[2025-12-12T08:08:02.379-0500] {processor.py:840} INFO - DAG(s) 'example_params_trigger_ui' retrieved from /Users/evankrupa/airflow_project/env/lib/python3.11/site-packages/airflow/example_dags/example_params_trigger_ui.py
[2025-12-12T08:08:02.414-0500] {logging_mixin.py:188} INFO - [2025-12-12T08:08:02.414-0500] {dag.py:3096} INFO - Sync 1 DAGs
[2025-12-12T08:08:02.417-0500] {logging_mixin.py:188} INFO - [2025-12-12T08:08:02.417-0500] {dag.py:3954} INFO - Setting next_dagrun for example_params_trigger_ui to None, run_after=None
[2025-12-12T08:08:02.422-0500] {processor.py:183} INFO - Processing /Users/evankrupa/airflow_project/env/lib/python3.11/site-packages/airflow/example_dags/example_params_trigger_ui.py took 0.058 seconds
[2025-12-12T08:09:27.779-0500] {processor.py:161} INFO - Started process (PID=63737) to work on /Users/evankrupa/airflow_project/env/lib/python3.11/site-packages/airflow/example_dags/example_params_trigger_ui.py
[2025-12-12T08:09:27.780-0500] {processor.py:830} INFO - Processing file /Users/evankrupa/airflow_project/env/lib/python3.11/site-packages/airflow/example_dags/example_params_trigger_ui.py for tasks to queue
[2025-12-12T08:09:27.780-0500] {logging_mixin.py:188} INFO - [2025-12-12T08:09:27.780-0500] {dagbag.py:545} INFO - Filling up the DagBag from /Users/evankrupa/airflow_project/env/lib/python3.11/site-packages/airflow/example_dags/example_params_trigger_ui.py
[2025-12-12T08:09:27.794-0500] {processor.py:840} INFO - DAG(s) 'example_params_trigger_ui' retrieved from /Users/evankrupa/airflow_project/env/lib/python3.11/site-packages/airflow/example_dags/example_params_trigger_ui.py
[2025-12-12T08:09:27.831-0500] {logging_mixin.py:188} INFO - [2025-12-12T08:09:27.830-0500] {dag.py:3096} INFO - Sync 1 DAGs
[2025-12-12T08:09:27.833-0500] {logging_mixin.py:188} INFO - [2025-12-12T08:09:27.833-0500] {dag.py:3954} INFO - Setting next_dagrun for example_params_trigger_ui to None, run_after=None
[2025-12-12T08:09:27.839-0500] {processor.py:183} INFO - Processing /Users/evankrupa/airflow_project/env/lib/python3.11/site-packages/airflow/example_dags/example_params_trigger_ui.py took 0.061 seconds
[2025-12-12T08:10:54.540-0500] {processor.py:161} INFO - Started process (PID=63810) to work on /Users/evankrupa/airflow_project/env/lib/python3.11/site-packages/airflow/example_dags/example_params_trigger_ui.py
[2025-12-12T08:10:54.541-0500] {processor.py:830} INFO - Processing file /Users/evankrupa/airflow_project/env/lib/python3.11/site-packages/airflow/example_dags/example_params_trigger_ui.py for tasks to queue
[2025-12-12T08:10:54.542-0500] {logging_mixin.py:188} INFO - [2025-12-12T08:10:54.541-0500] {dagbag.py:545} INFO - Filling up the DagBag from /Users/evankrupa/airflow_project/env/lib/python3.11/site-packages/airflow/example_dags/example_params_trigger_ui.py
[2025-12-12T08:10:54.556-0500] {processor.py:840} INFO - DAG(s) 'example_params_trigger_ui' retrieved from /Users/evankrupa/airflow_project/env/lib/python3.11/site-packages/airflow/example_dags/example_params_trigger_ui.py
[2025-12-12T08:10:54.592-0500] {logging_mixin.py:188} INFO - [2025-12-12T08:10:54.592-0500] {dag.py:3096} INFO - Sync 1 DAGs
[2025-12-12T08:10:54.596-0500] {logging_mixin.py:188} INFO - [2025-12-12T08:10:54.596-0500] {dag.py:3954} INFO - Setting next_dagrun for example_params_trigger_ui to None, run_after=None
[2025-12-12T08:10:54.603-0500] {processor.py:183} INFO - Processing /Users/evankrupa/airflow_project/env/lib/python3.11/site-packages/airflow/example_dags/example_params_trigger_ui.py took 0.064 seconds
[2025-12-12T08:12:21.953-0500] {processor.py:161} INFO - Started process (PID=63876) to work on /Users/evankrupa/airflow_project/env/lib/python3.11/site-packages/airflow/example_dags/example_params_trigger_ui.py
[2025-12-12T08:12:21.954-0500] {processor.py:830} INFO - Processing file /Users/evankrupa/airflow_project/env/lib/python3.11/site-packages/airflow/example_dags/example_params_trigger_ui.py for tasks to queue
[2025-12-12T08:12:21.954-0500] {logging_mixin.py:188} INFO - [2025-12-12T08:12:21.954-0500] {dagbag.py:545} INFO - Filling up the DagBag from /Users/evankrupa/airflow_project/env/lib/python3.11/site-packages/airflow/example_dags/example_params_trigger_ui.py
[2025-12-12T08:12:21.968-0500] {processor.py:840} INFO - DAG(s) 'example_params_trigger_ui' retrieved from /Users/evankrupa/airflow_project/env/lib/python3.11/site-packages/airflow/example_dags/example_params_trigger_ui.py
[2025-12-12T08:12:22.005-0500] {logging_mixin.py:188} INFO - [2025-12-12T08:12:22.005-0500] {dag.py:3096} INFO - Sync 1 DAGs
[2025-12-12T08:12:22.008-0500] {logging_mixin.py:188} INFO - [2025-12-12T08:12:22.008-0500] {dag.py:3954} INFO - Setting next_dagrun for example_params_trigger_ui to None, run_after=None
[2025-12-12T08:12:22.013-0500] {processor.py:183} INFO - Processing /Users/evankrupa/airflow_project/env/lib/python3.11/site-packages/airflow/example_dags/example_params_trigger_ui.py took 0.062 seconds
[2025-12-12T08:13:44.420-0500] {processor.py:161} INFO - Started process (PID=63942) to work on /Users/evankrupa/airflow_project/env/lib/python3.11/site-packages/airflow/example_dags/example_params_trigger_ui.py
[2025-12-12T08:13:44.421-0500] {processor.py:830} INFO - Processing file /Users/evankrupa/airflow_project/env/lib/python3.11/site-packages/airflow/example_dags/example_params_trigger_ui.py for tasks to queue
[2025-12-12T08:13:44.422-0500] {logging_mixin.py:188} INFO - [2025-12-12T08:13:44.422-0500] {dagbag.py:545} INFO - Filling up the DagBag from /Users/evankrupa/airflow_project/env/lib/python3.11/site-packages/airflow/example_dags/example_params_trigger_ui.py
[2025-12-12T08:13:44.436-0500] {processor.py:840} INFO - DAG(s) 'example_params_trigger_ui' retrieved from /Users/evankrupa/airflow_project/env/lib/python3.11/site-packages/airflow/example_dags/example_params_trigger_ui.py
[2025-12-12T08:13:44.471-0500] {logging_mixin.py:188} INFO - [2025-12-12T08:13:44.471-0500] {dag.py:3096} INFO - Sync 1 DAGs
[2025-12-12T08:13:44.474-0500] {logging_mixin.py:188} INFO - [2025-12-12T08:13:44.474-0500] {dag.py:3954} INFO - Setting next_dagrun for example_params_trigger_ui to None, run_after=None
[2025-12-12T08:13:44.480-0500] {processor.py:183} INFO - Processing /Users/evankrupa/airflow_project/env/lib/python3.11/site-packages/airflow/example_dags/example_params_trigger_ui.py took 0.060 seconds
[2025-12-12T08:15:08.471-0500] {processor.py:161} INFO - Started process (PID=64014) to work on /Users/evankrupa/airflow_project/env/lib/python3.11/site-packages/airflow/example_dags/example_params_trigger_ui.py
[2025-12-12T08:15:08.472-0500] {processor.py:830} INFO - Processing file /Users/evankrupa/airflow_project/env/lib/python3.11/site-packages/airflow/example_dags/example_params_trigger_ui.py for tasks to queue
[2025-12-12T08:15:08.472-0500] {logging_mixin.py:188} INFO - [2025-12-12T08:15:08.472-0500] {dagbag.py:545} INFO - Filling up the DagBag from /Users/evankrupa/airflow_project/env/lib/python3.11/site-packages/airflow/example_dags/example_params_trigger_ui.py
[2025-12-12T08:15:08.485-0500] {processor.py:840} INFO - DAG(s) 'example_params_trigger_ui' retrieved from /Users/evankrupa/airflow_project/env/lib/python3.11/site-packages/airflow/example_dags/example_params_trigger_ui.py
[2025-12-12T08:15:08.519-0500] {logging_mixin.py:188} INFO - [2025-12-12T08:15:08.519-0500] {dag.py:3096} INFO - Sync 1 DAGs
[2025-12-12T08:15:08.522-0500] {logging_mixin.py:188} INFO - [2025-12-12T08:15:08.522-0500] {dag.py:3954} INFO - Setting next_dagrun for example_params_trigger_ui to None, run_after=None
[2025-12-12T08:15:08.527-0500] {processor.py:183} INFO - Processing /Users/evankrupa/airflow_project/env/lib/python3.11/site-packages/airflow/example_dags/example_params_trigger_ui.py took 0.057 seconds
[2025-12-12T08:16:29.909-0500] {processor.py:161} INFO - Started process (PID=64084) to work on /Users/evankrupa/airflow_project/env/lib/python3.11/site-packages/airflow/example_dags/example_params_trigger_ui.py
[2025-12-12T08:16:29.910-0500] {processor.py:830} INFO - Processing file /Users/evankrupa/airflow_project/env/lib/python3.11/site-packages/airflow/example_dags/example_params_trigger_ui.py for tasks to queue
[2025-12-12T08:16:29.910-0500] {logging_mixin.py:188} INFO - [2025-12-12T08:16:29.910-0500] {dagbag.py:545} INFO - Filling up the DagBag from /Users/evankrupa/airflow_project/env/lib/python3.11/site-packages/airflow/example_dags/example_params_trigger_ui.py
[2025-12-12T08:16:29.923-0500] {processor.py:840} INFO - DAG(s) 'example_params_trigger_ui' retrieved from /Users/evankrupa/airflow_project/env/lib/python3.11/site-packages/airflow/example_dags/example_params_trigger_ui.py
[2025-12-12T08:16:29.957-0500] {logging_mixin.py:188} INFO - [2025-12-12T08:16:29.957-0500] {dag.py:3096} INFO - Sync 1 DAGs
[2025-12-12T08:16:29.959-0500] {logging_mixin.py:188} INFO - [2025-12-12T08:16:29.959-0500] {dag.py:3954} INFO - Setting next_dagrun for example_params_trigger_ui to None, run_after=None
[2025-12-12T08:16:29.964-0500] {processor.py:183} INFO - Processing /Users/evankrupa/airflow_project/env/lib/python3.11/site-packages/airflow/example_dags/example_params_trigger_ui.py took 0.056 seconds
[2025-12-12T08:17:56.237-0500] {processor.py:161} INFO - Started process (PID=64153) to work on /Users/evankrupa/airflow_project/env/lib/python3.11/site-packages/airflow/example_dags/example_params_trigger_ui.py
[2025-12-12T08:17:56.237-0500] {processor.py:830} INFO - Processing file /Users/evankrupa/airflow_project/env/lib/python3.11/site-packages/airflow/example_dags/example_params_trigger_ui.py for tasks to queue
[2025-12-12T08:17:56.238-0500] {logging_mixin.py:188} INFO - [2025-12-12T08:17:56.238-0500] {dagbag.py:545} INFO - Filling up the DagBag from /Users/evankrupa/airflow_project/env/lib/python3.11/site-packages/airflow/example_dags/example_params_trigger_ui.py
[2025-12-12T08:17:56.251-0500] {processor.py:840} INFO - DAG(s) 'example_params_trigger_ui' retrieved from /Users/evankrupa/airflow_project/env/lib/python3.11/site-packages/airflow/example_dags/example_params_trigger_ui.py
[2025-12-12T08:17:56.285-0500] {logging_mixin.py:188} INFO - [2025-12-12T08:17:56.284-0500] {dag.py:3096} INFO - Sync 1 DAGs
[2025-12-12T08:17:56.287-0500] {logging_mixin.py:188} INFO - [2025-12-12T08:17:56.287-0500] {dag.py:3954} INFO - Setting next_dagrun for example_params_trigger_ui to None, run_after=None
[2025-12-12T08:17:56.293-0500] {processor.py:183} INFO - Processing /Users/evankrupa/airflow_project/env/lib/python3.11/site-packages/airflow/example_dags/example_params_trigger_ui.py took 0.057 seconds
[2025-12-12T08:19:18.712-0500] {processor.py:161} INFO - Started process (PID=64219) to work on /Users/evankrupa/airflow_project/env/lib/python3.11/site-packages/airflow/example_dags/example_params_trigger_ui.py
[2025-12-12T08:19:18.712-0500] {processor.py:830} INFO - Processing file /Users/evankrupa/airflow_project/env/lib/python3.11/site-packages/airflow/example_dags/example_params_trigger_ui.py for tasks to queue
[2025-12-12T08:19:18.712-0500] {logging_mixin.py:188} INFO - [2025-12-12T08:19:18.712-0500] {dagbag.py:545} INFO - Filling up the DagBag from /Users/evankrupa/airflow_project/env/lib/python3.11/site-packages/airflow/example_dags/example_params_trigger_ui.py
[2025-12-12T08:19:18.726-0500] {processor.py:840} INFO - DAG(s) 'example_params_trigger_ui' retrieved from /Users/evankrupa/airflow_project/env/lib/python3.11/site-packages/airflow/example_dags/example_params_trigger_ui.py
[2025-12-12T08:19:18.760-0500] {logging_mixin.py:188} INFO - [2025-12-12T08:19:18.760-0500] {dag.py:3096} INFO - Sync 1 DAGs
[2025-12-12T08:19:18.762-0500] {logging_mixin.py:188} INFO - [2025-12-12T08:19:18.762-0500] {dag.py:3954} INFO - Setting next_dagrun for example_params_trigger_ui to None, run_after=None
[2025-12-12T08:19:18.768-0500] {processor.py:183} INFO - Processing /Users/evankrupa/airflow_project/env/lib/python3.11/site-packages/airflow/example_dags/example_params_trigger_ui.py took 0.058 seconds
[2025-12-12T08:20:43.036-0500] {processor.py:161} INFO - Started process (PID=64287) to work on /Users/evankrupa/airflow_project/env/lib/python3.11/site-packages/airflow/example_dags/example_params_trigger_ui.py
[2025-12-12T08:20:43.036-0500] {processor.py:830} INFO - Processing file /Users/evankrupa/airflow_project/env/lib/python3.11/site-packages/airflow/example_dags/example_params_trigger_ui.py for tasks to queue
[2025-12-12T08:20:43.037-0500] {logging_mixin.py:188} INFO - [2025-12-12T08:20:43.037-0500] {dagbag.py:545} INFO - Filling up the DagBag from /Users/evankrupa/airflow_project/env/lib/python3.11/site-packages/airflow/example_dags/example_params_trigger_ui.py
[2025-12-12T08:20:43.050-0500] {processor.py:840} INFO - DAG(s) 'example_params_trigger_ui' retrieved from /Users/evankrupa/airflow_project/env/lib/python3.11/site-packages/airflow/example_dags/example_params_trigger_ui.py
[2025-12-12T08:20:43.085-0500] {logging_mixin.py:188} INFO - [2025-12-12T08:20:43.085-0500] {dag.py:3096} INFO - Sync 1 DAGs
[2025-12-12T08:20:43.088-0500] {logging_mixin.py:188} INFO - [2025-12-12T08:20:43.087-0500] {dag.py:3954} INFO - Setting next_dagrun for example_params_trigger_ui to None, run_after=None
[2025-12-12T08:20:43.093-0500] {processor.py:183} INFO - Processing /Users/evankrupa/airflow_project/env/lib/python3.11/site-packages/airflow/example_dags/example_params_trigger_ui.py took 0.058 seconds
[2025-12-12T08:22:06.767-0500] {processor.py:161} INFO - Started process (PID=64354) to work on /Users/evankrupa/airflow_project/env/lib/python3.11/site-packages/airflow/example_dags/example_params_trigger_ui.py
[2025-12-12T08:22:06.767-0500] {processor.py:830} INFO - Processing file /Users/evankrupa/airflow_project/env/lib/python3.11/site-packages/airflow/example_dags/example_params_trigger_ui.py for tasks to queue
[2025-12-12T08:22:06.768-0500] {logging_mixin.py:188} INFO - [2025-12-12T08:22:06.767-0500] {dagbag.py:545} INFO - Filling up the DagBag from /Users/evankrupa/airflow_project/env/lib/python3.11/site-packages/airflow/example_dags/example_params_trigger_ui.py
[2025-12-12T08:22:06.781-0500] {processor.py:840} INFO - DAG(s) 'example_params_trigger_ui' retrieved from /Users/evankrupa/airflow_project/env/lib/python3.11/site-packages/airflow/example_dags/example_params_trigger_ui.py
[2025-12-12T08:22:06.815-0500] {logging_mixin.py:188} INFO - [2025-12-12T08:22:06.815-0500] {dag.py:3096} INFO - Sync 1 DAGs
[2025-12-12T08:22:06.817-0500] {logging_mixin.py:188} INFO - [2025-12-12T08:22:06.817-0500] {dag.py:3954} INFO - Setting next_dagrun for example_params_trigger_ui to None, run_after=None
[2025-12-12T08:22:06.823-0500] {processor.py:183} INFO - Processing /Users/evankrupa/airflow_project/env/lib/python3.11/site-packages/airflow/example_dags/example_params_trigger_ui.py took 0.057 seconds
[2025-12-12T08:23:33.241-0500] {processor.py:161} INFO - Started process (PID=64429) to work on /Users/evankrupa/airflow_project/env/lib/python3.11/site-packages/airflow/example_dags/example_params_trigger_ui.py
[2025-12-12T08:23:33.242-0500] {processor.py:830} INFO - Processing file /Users/evankrupa/airflow_project/env/lib/python3.11/site-packages/airflow/example_dags/example_params_trigger_ui.py for tasks to queue
[2025-12-12T08:23:33.242-0500] {logging_mixin.py:188} INFO - [2025-12-12T08:23:33.242-0500] {dagbag.py:545} INFO - Filling up the DagBag from /Users/evankrupa/airflow_project/env/lib/python3.11/site-packages/airflow/example_dags/example_params_trigger_ui.py
[2025-12-12T08:23:33.255-0500] {processor.py:840} INFO - DAG(s) 'example_params_trigger_ui' retrieved from /Users/evankrupa/airflow_project/env/lib/python3.11/site-packages/airflow/example_dags/example_params_trigger_ui.py
[2025-12-12T08:23:33.289-0500] {logging_mixin.py:188} INFO - [2025-12-12T08:23:33.289-0500] {dag.py:3096} INFO - Sync 1 DAGs
[2025-12-12T08:23:33.292-0500] {logging_mixin.py:188} INFO - [2025-12-12T08:23:33.292-0500] {dag.py:3954} INFO - Setting next_dagrun for example_params_trigger_ui to None, run_after=None
[2025-12-12T08:23:33.297-0500] {processor.py:183} INFO - Processing /Users/evankrupa/airflow_project/env/lib/python3.11/site-packages/airflow/example_dags/example_params_trigger_ui.py took 0.057 seconds
[2025-12-12T08:24:54.557-0500] {processor.py:161} INFO - Started process (PID=64495) to work on /Users/evankrupa/airflow_project/env/lib/python3.11/site-packages/airflow/example_dags/example_params_trigger_ui.py
[2025-12-12T08:24:54.558-0500] {processor.py:830} INFO - Processing file /Users/evankrupa/airflow_project/env/lib/python3.11/site-packages/airflow/example_dags/example_params_trigger_ui.py for tasks to queue
[2025-12-12T08:24:54.558-0500] {logging_mixin.py:188} INFO - [2025-12-12T08:24:54.558-0500] {dagbag.py:545} INFO - Filling up the DagBag from /Users/evankrupa/airflow_project/env/lib/python3.11/site-packages/airflow/example_dags/example_params_trigger_ui.py
[2025-12-12T08:24:54.571-0500] {processor.py:840} INFO - DAG(s) 'example_params_trigger_ui' retrieved from /Users/evankrupa/airflow_project/env/lib/python3.11/site-packages/airflow/example_dags/example_params_trigger_ui.py
[2025-12-12T08:24:54.604-0500] {logging_mixin.py:188} INFO - [2025-12-12T08:24:54.604-0500] {dag.py:3096} INFO - Sync 1 DAGs
[2025-12-12T08:24:54.607-0500] {logging_mixin.py:188} INFO - [2025-12-12T08:24:54.607-0500] {dag.py:3954} INFO - Setting next_dagrun for example_params_trigger_ui to None, run_after=None
[2025-12-12T08:24:54.612-0500] {processor.py:183} INFO - Processing /Users/evankrupa/airflow_project/env/lib/python3.11/site-packages/airflow/example_dags/example_params_trigger_ui.py took 0.056 seconds
[2025-12-12T08:26:20.110-0500] {processor.py:161} INFO - Started process (PID=64562) to work on /Users/evankrupa/airflow_project/env/lib/python3.11/site-packages/airflow/example_dags/example_params_trigger_ui.py
[2025-12-12T08:26:20.111-0500] {processor.py:830} INFO - Processing file /Users/evankrupa/airflow_project/env/lib/python3.11/site-packages/airflow/example_dags/example_params_trigger_ui.py for tasks to queue
[2025-12-12T08:26:20.111-0500] {logging_mixin.py:188} INFO - [2025-12-12T08:26:20.111-0500] {dagbag.py:545} INFO - Filling up the DagBag from /Users/evankrupa/airflow_project/env/lib/python3.11/site-packages/airflow/example_dags/example_params_trigger_ui.py
[2025-12-12T08:26:20.126-0500] {processor.py:840} INFO - DAG(s) 'example_params_trigger_ui' retrieved from /Users/evankrupa/airflow_project/env/lib/python3.11/site-packages/airflow/example_dags/example_params_trigger_ui.py
[2025-12-12T08:26:20.160-0500] {logging_mixin.py:188} INFO - [2025-12-12T08:26:20.160-0500] {dag.py:3096} INFO - Sync 1 DAGs
[2025-12-12T08:26:20.162-0500] {logging_mixin.py:188} INFO - [2025-12-12T08:26:20.162-0500] {dag.py:3954} INFO - Setting next_dagrun for example_params_trigger_ui to None, run_after=None
[2025-12-12T08:26:20.168-0500] {processor.py:183} INFO - Processing /Users/evankrupa/airflow_project/env/lib/python3.11/site-packages/airflow/example_dags/example_params_trigger_ui.py took 0.059 seconds
[2025-12-12T08:27:45.515-0500] {processor.py:161} INFO - Started process (PID=64664) to work on /Users/evankrupa/airflow_project/env/lib/python3.11/site-packages/airflow/example_dags/example_params_trigger_ui.py
[2025-12-12T08:27:45.516-0500] {processor.py:830} INFO - Processing file /Users/evankrupa/airflow_project/env/lib/python3.11/site-packages/airflow/example_dags/example_params_trigger_ui.py for tasks to queue
[2025-12-12T08:27:45.516-0500] {logging_mixin.py:188} INFO - [2025-12-12T08:27:45.516-0500] {dagbag.py:545} INFO - Filling up the DagBag from /Users/evankrupa/airflow_project/env/lib/python3.11/site-packages/airflow/example_dags/example_params_trigger_ui.py
[2025-12-12T08:27:45.530-0500] {processor.py:840} INFO - DAG(s) 'example_params_trigger_ui' retrieved from /Users/evankrupa/airflow_project/env/lib/python3.11/site-packages/airflow/example_dags/example_params_trigger_ui.py
[2025-12-12T08:27:45.564-0500] {logging_mixin.py:188} INFO - [2025-12-12T08:27:45.564-0500] {dag.py:3096} INFO - Sync 1 DAGs
[2025-12-12T08:27:45.566-0500] {logging_mixin.py:188} INFO - [2025-12-12T08:27:45.566-0500] {dag.py:3954} INFO - Setting next_dagrun for example_params_trigger_ui to None, run_after=None
[2025-12-12T08:27:45.572-0500] {processor.py:183} INFO - Processing /Users/evankrupa/airflow_project/env/lib/python3.11/site-packages/airflow/example_dags/example_params_trigger_ui.py took 0.057 seconds
[2025-12-12T08:29:10.347-0500] {processor.py:161} INFO - Started process (PID=64744) to work on /Users/evankrupa/airflow_project/env/lib/python3.11/site-packages/airflow/example_dags/example_params_trigger_ui.py
[2025-12-12T08:29:10.348-0500] {processor.py:830} INFO - Processing file /Users/evankrupa/airflow_project/env/lib/python3.11/site-packages/airflow/example_dags/example_params_trigger_ui.py for tasks to queue
[2025-12-12T08:29:10.349-0500] {logging_mixin.py:188} INFO - [2025-12-12T08:29:10.349-0500] {dagbag.py:545} INFO - Filling up the DagBag from /Users/evankrupa/airflow_project/env/lib/python3.11/site-packages/airflow/example_dags/example_params_trigger_ui.py
[2025-12-12T08:29:10.362-0500] {processor.py:840} INFO - DAG(s) 'example_params_trigger_ui' retrieved from /Users/evankrupa/airflow_project/env/lib/python3.11/site-packages/airflow/example_dags/example_params_trigger_ui.py
[2025-12-12T08:29:10.395-0500] {logging_mixin.py:188} INFO - [2025-12-12T08:29:10.395-0500] {dag.py:3096} INFO - Sync 1 DAGs
[2025-12-12T08:29:10.398-0500] {logging_mixin.py:188} INFO - [2025-12-12T08:29:10.398-0500] {dag.py:3954} INFO - Setting next_dagrun for example_params_trigger_ui to None, run_after=None
[2025-12-12T08:29:10.404-0500] {processor.py:183} INFO - Processing /Users/evankrupa/airflow_project/env/lib/python3.11/site-packages/airflow/example_dags/example_params_trigger_ui.py took 0.058 seconds
[2025-12-12T08:30:30.990-0500] {processor.py:161} INFO - Started process (PID=64824) to work on /Users/evankrupa/airflow_project/env/lib/python3.11/site-packages/airflow/example_dags/example_params_trigger_ui.py
[2025-12-12T08:30:30.991-0500] {processor.py:830} INFO - Processing file /Users/evankrupa/airflow_project/env/lib/python3.11/site-packages/airflow/example_dags/example_params_trigger_ui.py for tasks to queue
[2025-12-12T08:30:30.991-0500] {logging_mixin.py:188} INFO - [2025-12-12T08:30:30.991-0500] {dagbag.py:545} INFO - Filling up the DagBag from /Users/evankrupa/airflow_project/env/lib/python3.11/site-packages/airflow/example_dags/example_params_trigger_ui.py
[2025-12-12T08:30:31.005-0500] {processor.py:840} INFO - DAG(s) 'example_params_trigger_ui' retrieved from /Users/evankrupa/airflow_project/env/lib/python3.11/site-packages/airflow/example_dags/example_params_trigger_ui.py
[2025-12-12T08:30:31.041-0500] {logging_mixin.py:188} INFO - [2025-12-12T08:30:31.041-0500] {dag.py:3096} INFO - Sync 1 DAGs
[2025-12-12T08:30:31.044-0500] {logging_mixin.py:188} INFO - [2025-12-12T08:30:31.044-0500] {dag.py:3954} INFO - Setting next_dagrun for example_params_trigger_ui to None, run_after=None
[2025-12-12T08:30:31.049-0500] {processor.py:183} INFO - Processing /Users/evankrupa/airflow_project/env/lib/python3.11/site-packages/airflow/example_dags/example_params_trigger_ui.py took 0.060 seconds
[2025-12-12T08:31:52.961-0500] {processor.py:161} INFO - Started process (PID=64904) to work on /Users/evankrupa/airflow_project/env/lib/python3.11/site-packages/airflow/example_dags/example_params_trigger_ui.py
[2025-12-12T08:31:52.961-0500] {processor.py:830} INFO - Processing file /Users/evankrupa/airflow_project/env/lib/python3.11/site-packages/airflow/example_dags/example_params_trigger_ui.py for tasks to queue
[2025-12-12T08:31:52.961-0500] {logging_mixin.py:188} INFO - [2025-12-12T08:31:52.961-0500] {dagbag.py:545} INFO - Filling up the DagBag from /Users/evankrupa/airflow_project/env/lib/python3.11/site-packages/airflow/example_dags/example_params_trigger_ui.py
[2025-12-12T08:31:52.975-0500] {processor.py:840} INFO - DAG(s) 'example_params_trigger_ui' retrieved from /Users/evankrupa/airflow_project/env/lib/python3.11/site-packages/airflow/example_dags/example_params_trigger_ui.py
[2025-12-12T08:31:53.008-0500] {logging_mixin.py:188} INFO - [2025-12-12T08:31:53.008-0500] {dag.py:3096} INFO - Sync 1 DAGs
[2025-12-12T08:31:53.011-0500] {logging_mixin.py:188} INFO - [2025-12-12T08:31:53.011-0500] {dag.py:3954} INFO - Setting next_dagrun for example_params_trigger_ui to None, run_after=None
[2025-12-12T08:31:53.016-0500] {processor.py:183} INFO - Processing /Users/evankrupa/airflow_project/env/lib/python3.11/site-packages/airflow/example_dags/example_params_trigger_ui.py took 0.057 seconds
[2025-12-12T08:33:17.835-0500] {processor.py:161} INFO - Started process (PID=65004) to work on /Users/evankrupa/airflow_project/env/lib/python3.11/site-packages/airflow/example_dags/example_params_trigger_ui.py
[2025-12-12T08:33:17.836-0500] {processor.py:830} INFO - Processing file /Users/evankrupa/airflow_project/env/lib/python3.11/site-packages/airflow/example_dags/example_params_trigger_ui.py for tasks to queue
[2025-12-12T08:33:17.837-0500] {logging_mixin.py:188} INFO - [2025-12-12T08:33:17.837-0500] {dagbag.py:545} INFO - Filling up the DagBag from /Users/evankrupa/airflow_project/env/lib/python3.11/site-packages/airflow/example_dags/example_params_trigger_ui.py
[2025-12-12T08:33:17.851-0500] {processor.py:840} INFO - DAG(s) 'example_params_trigger_ui' retrieved from /Users/evankrupa/airflow_project/env/lib/python3.11/site-packages/airflow/example_dags/example_params_trigger_ui.py
[2025-12-12T08:33:17.885-0500] {logging_mixin.py:188} INFO - [2025-12-12T08:33:17.885-0500] {dag.py:3096} INFO - Sync 1 DAGs
[2025-12-12T08:33:17.888-0500] {logging_mixin.py:188} INFO - [2025-12-12T08:33:17.887-0500] {dag.py:3954} INFO - Setting next_dagrun for example_params_trigger_ui to None, run_after=None
[2025-12-12T08:33:17.893-0500] {processor.py:183} INFO - Processing /Users/evankrupa/airflow_project/env/lib/python3.11/site-packages/airflow/example_dags/example_params_trigger_ui.py took 0.058 seconds
[2025-12-12T08:34:44.889-0500] {processor.py:161} INFO - Started process (PID=65099) to work on /Users/evankrupa/airflow_project/env/lib/python3.11/site-packages/airflow/example_dags/example_params_trigger_ui.py
[2025-12-12T08:34:44.891-0500] {processor.py:830} INFO - Processing file /Users/evankrupa/airflow_project/env/lib/python3.11/site-packages/airflow/example_dags/example_params_trigger_ui.py for tasks to queue
[2025-12-12T08:34:44.891-0500] {logging_mixin.py:188} INFO - [2025-12-12T08:34:44.891-0500] {dagbag.py:545} INFO - Filling up the DagBag from /Users/evankrupa/airflow_project/env/lib/python3.11/site-packages/airflow/example_dags/example_params_trigger_ui.py
[2025-12-12T08:34:44.904-0500] {processor.py:840} INFO - DAG(s) 'example_params_trigger_ui' retrieved from /Users/evankrupa/airflow_project/env/lib/python3.11/site-packages/airflow/example_dags/example_params_trigger_ui.py
[2025-12-12T08:34:44.937-0500] {logging_mixin.py:188} INFO - [2025-12-12T08:34:44.937-0500] {dag.py:3096} INFO - Sync 1 DAGs
[2025-12-12T08:34:44.940-0500] {logging_mixin.py:188} INFO - [2025-12-12T08:34:44.940-0500] {dag.py:3954} INFO - Setting next_dagrun for example_params_trigger_ui to None, run_after=None
[2025-12-12T08:34:44.945-0500] {processor.py:183} INFO - Processing /Users/evankrupa/airflow_project/env/lib/python3.11/site-packages/airflow/example_dags/example_params_trigger_ui.py took 0.057 seconds
[2025-12-12T08:36:09.983-0500] {processor.py:161} INFO - Started process (PID=65190) to work on /Users/evankrupa/airflow_project/env/lib/python3.11/site-packages/airflow/example_dags/example_params_trigger_ui.py
[2025-12-12T08:36:09.985-0500] {processor.py:830} INFO - Processing file /Users/evankrupa/airflow_project/env/lib/python3.11/site-packages/airflow/example_dags/example_params_trigger_ui.py for tasks to queue
[2025-12-12T08:36:09.985-0500] {logging_mixin.py:188} INFO - [2025-12-12T08:36:09.985-0500] {dagbag.py:545} INFO - Filling up the DagBag from /Users/evankrupa/airflow_project/env/lib/python3.11/site-packages/airflow/example_dags/example_params_trigger_ui.py
[2025-12-12T08:36:09.999-0500] {processor.py:840} INFO - DAG(s) 'example_params_trigger_ui' retrieved from /Users/evankrupa/airflow_project/env/lib/python3.11/site-packages/airflow/example_dags/example_params_trigger_ui.py
[2025-12-12T08:36:10.034-0500] {logging_mixin.py:188} INFO - [2025-12-12T08:36:10.034-0500] {dag.py:3096} INFO - Sync 1 DAGs
[2025-12-12T08:36:10.036-0500] {logging_mixin.py:188} INFO - [2025-12-12T08:36:10.036-0500] {dag.py:3954} INFO - Setting next_dagrun for example_params_trigger_ui to None, run_after=None
[2025-12-12T08:36:10.042-0500] {processor.py:183} INFO - Processing /Users/evankrupa/airflow_project/env/lib/python3.11/site-packages/airflow/example_dags/example_params_trigger_ui.py took 0.059 seconds
[2025-12-12T08:37:32.123-0500] {processor.py:161} INFO - Started process (PID=65258) to work on /Users/evankrupa/airflow_project/env/lib/python3.11/site-packages/airflow/example_dags/example_params_trigger_ui.py
[2025-12-12T08:37:32.125-0500] {processor.py:830} INFO - Processing file /Users/evankrupa/airflow_project/env/lib/python3.11/site-packages/airflow/example_dags/example_params_trigger_ui.py for tasks to queue
[2025-12-12T08:37:32.125-0500] {logging_mixin.py:188} INFO - [2025-12-12T08:37:32.125-0500] {dagbag.py:545} INFO - Filling up the DagBag from /Users/evankrupa/airflow_project/env/lib/python3.11/site-packages/airflow/example_dags/example_params_trigger_ui.py
[2025-12-12T08:37:32.138-0500] {processor.py:840} INFO - DAG(s) 'example_params_trigger_ui' retrieved from /Users/evankrupa/airflow_project/env/lib/python3.11/site-packages/airflow/example_dags/example_params_trigger_ui.py
[2025-12-12T08:37:32.173-0500] {logging_mixin.py:188} INFO - [2025-12-12T08:37:32.173-0500] {dag.py:3096} INFO - Sync 1 DAGs
[2025-12-12T08:37:32.176-0500] {logging_mixin.py:188} INFO - [2025-12-12T08:37:32.175-0500] {dag.py:3954} INFO - Setting next_dagrun for example_params_trigger_ui to None, run_after=None
[2025-12-12T08:37:32.181-0500] {processor.py:183} INFO - Processing /Users/evankrupa/airflow_project/env/lib/python3.11/site-packages/airflow/example_dags/example_params_trigger_ui.py took 0.059 seconds
[2025-12-12T08:38:57.522-0500] {processor.py:161} INFO - Started process (PID=65336) to work on /Users/evankrupa/airflow_project/env/lib/python3.11/site-packages/airflow/example_dags/example_params_trigger_ui.py
[2025-12-12T08:38:57.523-0500] {processor.py:830} INFO - Processing file /Users/evankrupa/airflow_project/env/lib/python3.11/site-packages/airflow/example_dags/example_params_trigger_ui.py for tasks to queue
[2025-12-12T08:38:57.524-0500] {logging_mixin.py:188} INFO - [2025-12-12T08:38:57.524-0500] {dagbag.py:545} INFO - Filling up the DagBag from /Users/evankrupa/airflow_project/env/lib/python3.11/site-packages/airflow/example_dags/example_params_trigger_ui.py
[2025-12-12T08:38:57.537-0500] {processor.py:840} INFO - DAG(s) 'example_params_trigger_ui' retrieved from /Users/evankrupa/airflow_project/env/lib/python3.11/site-packages/airflow/example_dags/example_params_trigger_ui.py
[2025-12-12T08:38:57.571-0500] {logging_mixin.py:188} INFO - [2025-12-12T08:38:57.571-0500] {dag.py:3096} INFO - Sync 1 DAGs
[2025-12-12T08:38:57.574-0500] {logging_mixin.py:188} INFO - [2025-12-12T08:38:57.574-0500] {dag.py:3954} INFO - Setting next_dagrun for example_params_trigger_ui to None, run_after=None
[2025-12-12T08:38:57.579-0500] {processor.py:183} INFO - Processing /Users/evankrupa/airflow_project/env/lib/python3.11/site-packages/airflow/example_dags/example_params_trigger_ui.py took 0.058 seconds
[2025-12-12T08:40:20.492-0500] {processor.py:161} INFO - Started process (PID=65413) to work on /Users/evankrupa/airflow_project/env/lib/python3.11/site-packages/airflow/example_dags/example_params_trigger_ui.py
[2025-12-12T08:40:20.493-0500] {processor.py:830} INFO - Processing file /Users/evankrupa/airflow_project/env/lib/python3.11/site-packages/airflow/example_dags/example_params_trigger_ui.py for tasks to queue
[2025-12-12T08:40:20.493-0500] {logging_mixin.py:188} INFO - [2025-12-12T08:40:20.493-0500] {dagbag.py:545} INFO - Filling up the DagBag from /Users/evankrupa/airflow_project/env/lib/python3.11/site-packages/airflow/example_dags/example_params_trigger_ui.py
[2025-12-12T08:40:20.506-0500] {processor.py:840} INFO - DAG(s) 'example_params_trigger_ui' retrieved from /Users/evankrupa/airflow_project/env/lib/python3.11/site-packages/airflow/example_dags/example_params_trigger_ui.py
[2025-12-12T08:40:20.540-0500] {logging_mixin.py:188} INFO - [2025-12-12T08:40:20.540-0500] {dag.py:3096} INFO - Sync 1 DAGs
[2025-12-12T08:40:20.543-0500] {logging_mixin.py:188} INFO - [2025-12-12T08:40:20.543-0500] {dag.py:3954} INFO - Setting next_dagrun for example_params_trigger_ui to None, run_after=None
[2025-12-12T08:40:20.548-0500] {processor.py:183} INFO - Processing /Users/evankrupa/airflow_project/env/lib/python3.11/site-packages/airflow/example_dags/example_params_trigger_ui.py took 0.057 seconds
[2025-12-12T08:41:45.099-0500] {processor.py:161} INFO - Started process (PID=65492) to work on /Users/evankrupa/airflow_project/env/lib/python3.11/site-packages/airflow/example_dags/example_params_trigger_ui.py
[2025-12-12T08:41:45.100-0500] {processor.py:830} INFO - Processing file /Users/evankrupa/airflow_project/env/lib/python3.11/site-packages/airflow/example_dags/example_params_trigger_ui.py for tasks to queue
[2025-12-12T08:41:45.100-0500] {logging_mixin.py:188} INFO - [2025-12-12T08:41:45.100-0500] {dagbag.py:545} INFO - Filling up the DagBag from /Users/evankrupa/airflow_project/env/lib/python3.11/site-packages/airflow/example_dags/example_params_trigger_ui.py
[2025-12-12T08:41:45.113-0500] {processor.py:840} INFO - DAG(s) 'example_params_trigger_ui' retrieved from /Users/evankrupa/airflow_project/env/lib/python3.11/site-packages/airflow/example_dags/example_params_trigger_ui.py
[2025-12-12T08:41:45.146-0500] {logging_mixin.py:188} INFO - [2025-12-12T08:41:45.146-0500] {dag.py:3096} INFO - Sync 1 DAGs
[2025-12-12T08:41:45.149-0500] {logging_mixin.py:188} INFO - [2025-12-12T08:41:45.149-0500] {dag.py:3954} INFO - Setting next_dagrun for example_params_trigger_ui to None, run_after=None
[2025-12-12T08:41:45.154-0500] {processor.py:183} INFO - Processing /Users/evankrupa/airflow_project/env/lib/python3.11/site-packages/airflow/example_dags/example_params_trigger_ui.py took 0.056 seconds
[2025-12-12T08:43:06.967-0500] {processor.py:161} INFO - Started process (PID=65572) to work on /Users/evankrupa/airflow_project/env/lib/python3.11/site-packages/airflow/example_dags/example_params_trigger_ui.py
[2025-12-12T08:43:06.969-0500] {processor.py:830} INFO - Processing file /Users/evankrupa/airflow_project/env/lib/python3.11/site-packages/airflow/example_dags/example_params_trigger_ui.py for tasks to queue
[2025-12-12T08:43:06.969-0500] {logging_mixin.py:188} INFO - [2025-12-12T08:43:06.969-0500] {dagbag.py:545} INFO - Filling up the DagBag from /Users/evankrupa/airflow_project/env/lib/python3.11/site-packages/airflow/example_dags/example_params_trigger_ui.py
[2025-12-12T08:43:06.982-0500] {processor.py:840} INFO - DAG(s) 'example_params_trigger_ui' retrieved from /Users/evankrupa/airflow_project/env/lib/python3.11/site-packages/airflow/example_dags/example_params_trigger_ui.py
[2025-12-12T08:43:07.015-0500] {logging_mixin.py:188} INFO - [2025-12-12T08:43:07.015-0500] {dag.py:3096} INFO - Sync 1 DAGs
[2025-12-12T08:43:07.018-0500] {logging_mixin.py:188} INFO - [2025-12-12T08:43:07.018-0500] {dag.py:3954} INFO - Setting next_dagrun for example_params_trigger_ui to None, run_after=None
[2025-12-12T08:43:07.023-0500] {processor.py:183} INFO - Processing /Users/evankrupa/airflow_project/env/lib/python3.11/site-packages/airflow/example_dags/example_params_trigger_ui.py took 0.057 seconds
[2025-12-12T08:44:31.428-0500] {processor.py:161} INFO - Started process (PID=65642) to work on /Users/evankrupa/airflow_project/env/lib/python3.11/site-packages/airflow/example_dags/example_params_trigger_ui.py
[2025-12-12T08:44:31.430-0500] {processor.py:830} INFO - Processing file /Users/evankrupa/airflow_project/env/lib/python3.11/site-packages/airflow/example_dags/example_params_trigger_ui.py for tasks to queue
[2025-12-12T08:44:31.430-0500] {logging_mixin.py:188} INFO - [2025-12-12T08:44:31.430-0500] {dagbag.py:545} INFO - Filling up the DagBag from /Users/evankrupa/airflow_project/env/lib/python3.11/site-packages/airflow/example_dags/example_params_trigger_ui.py
[2025-12-12T08:44:31.443-0500] {processor.py:840} INFO - DAG(s) 'example_params_trigger_ui' retrieved from /Users/evankrupa/airflow_project/env/lib/python3.11/site-packages/airflow/example_dags/example_params_trigger_ui.py
[2025-12-12T08:44:31.477-0500] {logging_mixin.py:188} INFO - [2025-12-12T08:44:31.476-0500] {dag.py:3096} INFO - Sync 1 DAGs
[2025-12-12T08:44:31.479-0500] {logging_mixin.py:188} INFO - [2025-12-12T08:44:31.479-0500] {dag.py:3954} INFO - Setting next_dagrun for example_params_trigger_ui to None, run_after=None
[2025-12-12T08:44:31.487-0500] {processor.py:183} INFO - Processing /Users/evankrupa/airflow_project/env/lib/python3.11/site-packages/airflow/example_dags/example_params_trigger_ui.py took 0.060 seconds
[2025-12-12T08:45:55.686-0500] {processor.py:161} INFO - Started process (PID=65722) to work on /Users/evankrupa/airflow_project/env/lib/python3.11/site-packages/airflow/example_dags/example_params_trigger_ui.py
[2025-12-12T08:45:55.688-0500] {processor.py:830} INFO - Processing file /Users/evankrupa/airflow_project/env/lib/python3.11/site-packages/airflow/example_dags/example_params_trigger_ui.py for tasks to queue
[2025-12-12T08:45:55.688-0500] {logging_mixin.py:188} INFO - [2025-12-12T08:45:55.688-0500] {dagbag.py:545} INFO - Filling up the DagBag from /Users/evankrupa/airflow_project/env/lib/python3.11/site-packages/airflow/example_dags/example_params_trigger_ui.py
[2025-12-12T08:45:55.701-0500] {processor.py:840} INFO - DAG(s) 'example_params_trigger_ui' retrieved from /Users/evankrupa/airflow_project/env/lib/python3.11/site-packages/airflow/example_dags/example_params_trigger_ui.py
[2025-12-12T08:45:55.734-0500] {logging_mixin.py:188} INFO - [2025-12-12T08:45:55.734-0500] {dag.py:3096} INFO - Sync 1 DAGs
[2025-12-12T08:45:55.736-0500] {logging_mixin.py:188} INFO - [2025-12-12T08:45:55.736-0500] {dag.py:3954} INFO - Setting next_dagrun for example_params_trigger_ui to None, run_after=None
[2025-12-12T08:45:55.742-0500] {processor.py:183} INFO - Processing /Users/evankrupa/airflow_project/env/lib/python3.11/site-packages/airflow/example_dags/example_params_trigger_ui.py took 0.056 seconds
