[2025-12-12T07:25:40.877-0500] {processor.py:161} INFO - Started process (PID=56863) to work on /Users/evankrupa/airflow_project/env/lib/python3.11/site-packages/airflow/example_dags/example_python_decorator.py
[2025-12-12T07:25:40.877-0500] {processor.py:830} INFO - Processing file /Users/evankrupa/airflow_project/env/lib/python3.11/site-packages/airflow/example_dags/example_python_decorator.py for tasks to queue
[2025-12-12T07:25:40.877-0500] {logging_mixin.py:188} INFO - [2025-12-12T07:25:40.877-0500] {dagbag.py:545} INFO - Filling up the DagBag from /Users/evankrupa/airflow_project/env/lib/python3.11/site-packages/airflow/example_dags/example_python_decorator.py
[2025-12-12T07:25:40.890-0500] {logging_mixin.py:188} INFO - [2025-12-12T07:25:40.890-0500] {example_python_decorator.py:80} WARNING - The virtalenv_python example task requires virtualenv, please install it.
[2025-12-12T07:25:40.890-0500] {processor.py:840} INFO - DAG(s) 'example_python_decorator' retrieved from /Users/evankrupa/airflow_project/env/lib/python3.11/site-packages/airflow/example_dags/example_python_decorator.py
[2025-12-12T07:25:40.943-0500] {logging_mixin.py:188} INFO - [2025-12-12T07:25:40.943-0500] {override.py:1829} INFO - Created Permission View: can edit on DAG:example_python_decorator
[2025-12-12T07:25:40.946-0500] {logging_mixin.py:188} INFO - [2025-12-12T07:25:40.945-0500] {override.py:1829} INFO - Created Permission View: can read on DAG:example_python_decorator
[2025-12-12T07:25:40.947-0500] {logging_mixin.py:188} INFO - [2025-12-12T07:25:40.947-0500] {override.py:1829} INFO - Created Permission View: can delete on DAG:example_python_decorator
[2025-12-12T07:25:40.947-0500] {logging_mixin.py:188} INFO - [2025-12-12T07:25:40.947-0500] {dag.py:3096} INFO - Sync 1 DAGs
[2025-12-12T07:25:40.974-0500] {logging_mixin.py:188} INFO - [2025-12-12T07:25:40.974-0500] {dag.py:3118} INFO - Creating ORM DAG for example_python_decorator
[2025-12-12T07:25:40.975-0500] {logging_mixin.py:188} INFO - [2025-12-12T07:25:40.974-0500] {dag.py:3954} INFO - Setting next_dagrun for example_python_decorator to None, run_after=None
[2025-12-12T07:25:40.980-0500] {processor.py:183} INFO - Processing /Users/evankrupa/airflow_project/env/lib/python3.11/site-packages/airflow/example_dags/example_python_decorator.py took 0.104 seconds
[2025-12-12T07:26:53.715-0500] {processor.py:161} INFO - Started process (PID=56930) to work on /Users/evankrupa/airflow_project/env/lib/python3.11/site-packages/airflow/example_dags/example_python_decorator.py
[2025-12-12T07:26:53.717-0500] {processor.py:830} INFO - Processing file /Users/evankrupa/airflow_project/env/lib/python3.11/site-packages/airflow/example_dags/example_python_decorator.py for tasks to queue
[2025-12-12T07:26:53.717-0500] {logging_mixin.py:188} INFO - [2025-12-12T07:26:53.717-0500] {dagbag.py:545} INFO - Filling up the DagBag from /Users/evankrupa/airflow_project/env/lib/python3.11/site-packages/airflow/example_dags/example_python_decorator.py
[2025-12-12T07:26:53.729-0500] {logging_mixin.py:188} INFO - [2025-12-12T07:26:53.729-0500] {example_python_decorator.py:80} WARNING - The virtalenv_python example task requires virtualenv, please install it.
[2025-12-12T07:26:53.729-0500] {processor.py:840} INFO - DAG(s) 'example_python_decorator' retrieved from /Users/evankrupa/airflow_project/env/lib/python3.11/site-packages/airflow/example_dags/example_python_decorator.py
[2025-12-12T07:26:53.756-0500] {logging_mixin.py:188} INFO - [2025-12-12T07:26:53.756-0500] {dag.py:3096} INFO - Sync 1 DAGs
[2025-12-12T07:26:53.759-0500] {logging_mixin.py:188} INFO - [2025-12-12T07:26:53.759-0500] {dag.py:3954} INFO - Setting next_dagrun for example_python_decorator to None, run_after=None
[2025-12-12T07:26:53.764-0500] {processor.py:183} INFO - Processing /Users/evankrupa/airflow_project/env/lib/python3.11/site-packages/airflow/example_dags/example_python_decorator.py took 0.050 seconds
[2025-12-12T07:28:19.171-0500] {processor.py:161} INFO - Started process (PID=57734) to work on /Users/evankrupa/airflow_project/env/lib/python3.11/site-packages/airflow/example_dags/example_python_decorator.py
[2025-12-12T07:28:19.172-0500] {processor.py:830} INFO - Processing file /Users/evankrupa/airflow_project/env/lib/python3.11/site-packages/airflow/example_dags/example_python_decorator.py for tasks to queue
[2025-12-12T07:28:19.172-0500] {logging_mixin.py:188} INFO - [2025-12-12T07:28:19.172-0500] {dagbag.py:545} INFO - Filling up the DagBag from /Users/evankrupa/airflow_project/env/lib/python3.11/site-packages/airflow/example_dags/example_python_decorator.py
[2025-12-12T07:28:19.184-0500] {logging_mixin.py:188} INFO - [2025-12-12T07:28:19.184-0500] {example_python_decorator.py:80} WARNING - The virtalenv_python example task requires virtualenv, please install it.
[2025-12-12T07:28:19.184-0500] {processor.py:840} INFO - DAG(s) 'example_python_decorator' retrieved from /Users/evankrupa/airflow_project/env/lib/python3.11/site-packages/airflow/example_dags/example_python_decorator.py
[2025-12-12T07:28:19.211-0500] {logging_mixin.py:188} INFO - [2025-12-12T07:28:19.211-0500] {dag.py:3096} INFO - Sync 1 DAGs
[2025-12-12T07:28:19.214-0500] {logging_mixin.py:188} INFO - [2025-12-12T07:28:19.214-0500] {dag.py:3954} INFO - Setting next_dagrun for example_python_decorator to None, run_after=None
[2025-12-12T07:28:19.219-0500] {processor.py:183} INFO - Processing /Users/evankrupa/airflow_project/env/lib/python3.11/site-packages/airflow/example_dags/example_python_decorator.py took 0.050 seconds
[2025-12-12T07:29:44.104-0500] {processor.py:161} INFO - Started process (PID=57955) to work on /Users/evankrupa/airflow_project/env/lib/python3.11/site-packages/airflow/example_dags/example_python_decorator.py
[2025-12-12T07:29:44.104-0500] {processor.py:830} INFO - Processing file /Users/evankrupa/airflow_project/env/lib/python3.11/site-packages/airflow/example_dags/example_python_decorator.py for tasks to queue
[2025-12-12T07:29:44.104-0500] {logging_mixin.py:188} INFO - [2025-12-12T07:29:44.104-0500] {dagbag.py:545} INFO - Filling up the DagBag from /Users/evankrupa/airflow_project/env/lib/python3.11/site-packages/airflow/example_dags/example_python_decorator.py
[2025-12-12T07:29:44.116-0500] {logging_mixin.py:188} INFO - [2025-12-12T07:29:44.116-0500] {example_python_decorator.py:80} WARNING - The virtalenv_python example task requires virtualenv, please install it.
[2025-12-12T07:29:44.117-0500] {processor.py:840} INFO - DAG(s) 'example_python_decorator' retrieved from /Users/evankrupa/airflow_project/env/lib/python3.11/site-packages/airflow/example_dags/example_python_decorator.py
[2025-12-12T07:29:44.145-0500] {logging_mixin.py:188} INFO - [2025-12-12T07:29:44.145-0500] {dag.py:3096} INFO - Sync 1 DAGs
[2025-12-12T07:29:44.148-0500] {logging_mixin.py:188} INFO - [2025-12-12T07:29:44.148-0500] {dag.py:3954} INFO - Setting next_dagrun for example_python_decorator to None, run_after=None
[2025-12-12T07:29:44.154-0500] {processor.py:183} INFO - Processing /Users/evankrupa/airflow_project/env/lib/python3.11/site-packages/airflow/example_dags/example_python_decorator.py took 0.051 seconds
[2025-12-12T07:31:08.665-0500] {processor.py:161} INFO - Started process (PID=58111) to work on /Users/evankrupa/airflow_project/env/lib/python3.11/site-packages/airflow/example_dags/example_python_decorator.py
[2025-12-12T07:31:08.665-0500] {processor.py:830} INFO - Processing file /Users/evankrupa/airflow_project/env/lib/python3.11/site-packages/airflow/example_dags/example_python_decorator.py for tasks to queue
[2025-12-12T07:31:08.666-0500] {logging_mixin.py:188} INFO - [2025-12-12T07:31:08.666-0500] {dagbag.py:545} INFO - Filling up the DagBag from /Users/evankrupa/airflow_project/env/lib/python3.11/site-packages/airflow/example_dags/example_python_decorator.py
[2025-12-12T07:31:08.677-0500] {logging_mixin.py:188} INFO - [2025-12-12T07:31:08.677-0500] {example_python_decorator.py:80} WARNING - The virtalenv_python example task requires virtualenv, please install it.
[2025-12-12T07:31:08.678-0500] {processor.py:840} INFO - DAG(s) 'example_python_decorator' retrieved from /Users/evankrupa/airflow_project/env/lib/python3.11/site-packages/airflow/example_dags/example_python_decorator.py
[2025-12-12T07:31:08.705-0500] {logging_mixin.py:188} INFO - [2025-12-12T07:31:08.705-0500] {dag.py:3096} INFO - Sync 1 DAGs
[2025-12-12T07:31:08.708-0500] {logging_mixin.py:188} INFO - [2025-12-12T07:31:08.708-0500] {dag.py:3954} INFO - Setting next_dagrun for example_python_decorator to None, run_after=None
[2025-12-12T07:31:08.713-0500] {processor.py:183} INFO - Processing /Users/evankrupa/airflow_project/env/lib/python3.11/site-packages/airflow/example_dags/example_python_decorator.py took 0.049 seconds
[2025-12-12T07:32:36.540-0500] {processor.py:161} INFO - Started process (PID=58410) to work on /Users/evankrupa/airflow_project/env/lib/python3.11/site-packages/airflow/example_dags/example_python_decorator.py
[2025-12-12T07:32:36.541-0500] {processor.py:830} INFO - Processing file /Users/evankrupa/airflow_project/env/lib/python3.11/site-packages/airflow/example_dags/example_python_decorator.py for tasks to queue
[2025-12-12T07:32:36.541-0500] {logging_mixin.py:188} INFO - [2025-12-12T07:32:36.541-0500] {dagbag.py:545} INFO - Filling up the DagBag from /Users/evankrupa/airflow_project/env/lib/python3.11/site-packages/airflow/example_dags/example_python_decorator.py
[2025-12-12T07:32:36.553-0500] {logging_mixin.py:188} INFO - [2025-12-12T07:32:36.553-0500] {example_python_decorator.py:80} WARNING - The virtalenv_python example task requires virtualenv, please install it.
[2025-12-12T07:32:36.554-0500] {processor.py:840} INFO - DAG(s) 'example_python_decorator' retrieved from /Users/evankrupa/airflow_project/env/lib/python3.11/site-packages/airflow/example_dags/example_python_decorator.py
[2025-12-12T07:32:36.591-0500] {logging_mixin.py:188} INFO - [2025-12-12T07:32:36.591-0500] {dag.py:3096} INFO - Sync 1 DAGs
[2025-12-12T07:32:36.594-0500] {logging_mixin.py:188} INFO - [2025-12-12T07:32:36.594-0500] {dag.py:3954} INFO - Setting next_dagrun for example_python_decorator to None, run_after=None
[2025-12-12T07:32:36.601-0500] {processor.py:183} INFO - Processing /Users/evankrupa/airflow_project/env/lib/python3.11/site-packages/airflow/example_dags/example_python_decorator.py took 0.061 seconds
[2025-12-12T07:34:03.355-0500] {processor.py:161} INFO - Started process (PID=58488) to work on /Users/evankrupa/airflow_project/env/lib/python3.11/site-packages/airflow/example_dags/example_python_decorator.py
[2025-12-12T07:34:03.356-0500] {processor.py:830} INFO - Processing file /Users/evankrupa/airflow_project/env/lib/python3.11/site-packages/airflow/example_dags/example_python_decorator.py for tasks to queue
[2025-12-12T07:34:03.356-0500] {logging_mixin.py:188} INFO - [2025-12-12T07:34:03.356-0500] {dagbag.py:545} INFO - Filling up the DagBag from /Users/evankrupa/airflow_project/env/lib/python3.11/site-packages/airflow/example_dags/example_python_decorator.py
[2025-12-12T07:34:03.369-0500] {logging_mixin.py:188} INFO - [2025-12-12T07:34:03.369-0500] {example_python_decorator.py:80} WARNING - The virtalenv_python example task requires virtualenv, please install it.
[2025-12-12T07:34:03.369-0500] {processor.py:840} INFO - DAG(s) 'example_python_decorator' retrieved from /Users/evankrupa/airflow_project/env/lib/python3.11/site-packages/airflow/example_dags/example_python_decorator.py
[2025-12-12T07:34:03.397-0500] {logging_mixin.py:188} INFO - [2025-12-12T07:34:03.397-0500] {dag.py:3096} INFO - Sync 1 DAGs
[2025-12-12T07:34:03.400-0500] {logging_mixin.py:188} INFO - [2025-12-12T07:34:03.400-0500] {dag.py:3954} INFO - Setting next_dagrun for example_python_decorator to None, run_after=None
[2025-12-12T07:34:03.405-0500] {processor.py:183} INFO - Processing /Users/evankrupa/airflow_project/env/lib/python3.11/site-packages/airflow/example_dags/example_python_decorator.py took 0.051 seconds
[2025-12-12T07:35:27.034-0500] {processor.py:161} INFO - Started process (PID=58562) to work on /Users/evankrupa/airflow_project/env/lib/python3.11/site-packages/airflow/example_dags/example_python_decorator.py
[2025-12-12T07:35:27.034-0500] {processor.py:830} INFO - Processing file /Users/evankrupa/airflow_project/env/lib/python3.11/site-packages/airflow/example_dags/example_python_decorator.py for tasks to queue
[2025-12-12T07:35:27.035-0500] {logging_mixin.py:188} INFO - [2025-12-12T07:35:27.035-0500] {dagbag.py:545} INFO - Filling up the DagBag from /Users/evankrupa/airflow_project/env/lib/python3.11/site-packages/airflow/example_dags/example_python_decorator.py
[2025-12-12T07:35:27.047-0500] {logging_mixin.py:188} INFO - [2025-12-12T07:35:27.046-0500] {example_python_decorator.py:80} WARNING - The virtalenv_python example task requires virtualenv, please install it.
[2025-12-12T07:35:27.047-0500] {processor.py:840} INFO - DAG(s) 'example_python_decorator' retrieved from /Users/evankrupa/airflow_project/env/lib/python3.11/site-packages/airflow/example_dags/example_python_decorator.py
[2025-12-12T07:35:27.075-0500] {logging_mixin.py:188} INFO - [2025-12-12T07:35:27.075-0500] {dag.py:3096} INFO - Sync 1 DAGs
[2025-12-12T07:35:27.077-0500] {logging_mixin.py:188} INFO - [2025-12-12T07:35:27.077-0500] {dag.py:3954} INFO - Setting next_dagrun for example_python_decorator to None, run_after=None
[2025-12-12T07:35:27.083-0500] {processor.py:183} INFO - Processing /Users/evankrupa/airflow_project/env/lib/python3.11/site-packages/airflow/example_dags/example_python_decorator.py took 0.050 seconds
[2025-12-12T07:36:50.746-0500] {processor.py:161} INFO - Started process (PID=58632) to work on /Users/evankrupa/airflow_project/env/lib/python3.11/site-packages/airflow/example_dags/example_python_decorator.py
[2025-12-12T07:36:50.746-0500] {processor.py:830} INFO - Processing file /Users/evankrupa/airflow_project/env/lib/python3.11/site-packages/airflow/example_dags/example_python_decorator.py for tasks to queue
[2025-12-12T07:36:50.746-0500] {logging_mixin.py:188} INFO - [2025-12-12T07:36:50.746-0500] {dagbag.py:545} INFO - Filling up the DagBag from /Users/evankrupa/airflow_project/env/lib/python3.11/site-packages/airflow/example_dags/example_python_decorator.py
[2025-12-12T07:36:50.758-0500] {logging_mixin.py:188} INFO - [2025-12-12T07:36:50.758-0500] {example_python_decorator.py:80} WARNING - The virtalenv_python example task requires virtualenv, please install it.
[2025-12-12T07:36:50.759-0500] {processor.py:840} INFO - DAG(s) 'example_python_decorator' retrieved from /Users/evankrupa/airflow_project/env/lib/python3.11/site-packages/airflow/example_dags/example_python_decorator.py
[2025-12-12T07:36:50.787-0500] {logging_mixin.py:188} INFO - [2025-12-12T07:36:50.787-0500] {dag.py:3096} INFO - Sync 1 DAGs
[2025-12-12T07:36:50.790-0500] {logging_mixin.py:188} INFO - [2025-12-12T07:36:50.790-0500] {dag.py:3954} INFO - Setting next_dagrun for example_python_decorator to None, run_after=None
[2025-12-12T07:36:50.795-0500] {processor.py:183} INFO - Processing /Users/evankrupa/airflow_project/env/lib/python3.11/site-packages/airflow/example_dags/example_python_decorator.py took 0.050 seconds
[2025-12-12T07:38:15.886-0500] {processor.py:161} INFO - Started process (PID=58710) to work on /Users/evankrupa/airflow_project/env/lib/python3.11/site-packages/airflow/example_dags/example_python_decorator.py
[2025-12-12T07:38:15.886-0500] {processor.py:830} INFO - Processing file /Users/evankrupa/airflow_project/env/lib/python3.11/site-packages/airflow/example_dags/example_python_decorator.py for tasks to queue
[2025-12-12T07:38:15.886-0500] {logging_mixin.py:188} INFO - [2025-12-12T07:38:15.886-0500] {dagbag.py:545} INFO - Filling up the DagBag from /Users/evankrupa/airflow_project/env/lib/python3.11/site-packages/airflow/example_dags/example_python_decorator.py
[2025-12-12T07:38:15.898-0500] {logging_mixin.py:188} INFO - [2025-12-12T07:38:15.898-0500] {example_python_decorator.py:80} WARNING - The virtalenv_python example task requires virtualenv, please install it.
[2025-12-12T07:38:15.899-0500] {processor.py:840} INFO - DAG(s) 'example_python_decorator' retrieved from /Users/evankrupa/airflow_project/env/lib/python3.11/site-packages/airflow/example_dags/example_python_decorator.py
[2025-12-12T07:38:15.926-0500] {logging_mixin.py:188} INFO - [2025-12-12T07:38:15.926-0500] {dag.py:3096} INFO - Sync 1 DAGs
[2025-12-12T07:38:15.928-0500] {logging_mixin.py:188} INFO - [2025-12-12T07:38:15.928-0500] {dag.py:3954} INFO - Setting next_dagrun for example_python_decorator to None, run_after=None
[2025-12-12T07:38:15.934-0500] {processor.py:183} INFO - Processing /Users/evankrupa/airflow_project/env/lib/python3.11/site-packages/airflow/example_dags/example_python_decorator.py took 0.049 seconds
[2025-12-12T07:39:40.906-0500] {processor.py:161} INFO - Started process (PID=58824) to work on /Users/evankrupa/airflow_project/env/lib/python3.11/site-packages/airflow/example_dags/example_python_decorator.py
[2025-12-12T07:39:40.907-0500] {processor.py:830} INFO - Processing file /Users/evankrupa/airflow_project/env/lib/python3.11/site-packages/airflow/example_dags/example_python_decorator.py for tasks to queue
[2025-12-12T07:39:40.907-0500] {logging_mixin.py:188} INFO - [2025-12-12T07:39:40.907-0500] {dagbag.py:545} INFO - Filling up the DagBag from /Users/evankrupa/airflow_project/env/lib/python3.11/site-packages/airflow/example_dags/example_python_decorator.py
[2025-12-12T07:39:40.920-0500] {logging_mixin.py:188} INFO - [2025-12-12T07:39:40.919-0500] {example_python_decorator.py:80} WARNING - The virtalenv_python example task requires virtualenv, please install it.
[2025-12-12T07:39:40.920-0500] {processor.py:840} INFO - DAG(s) 'example_python_decorator' retrieved from /Users/evankrupa/airflow_project/env/lib/python3.11/site-packages/airflow/example_dags/example_python_decorator.py
[2025-12-12T07:39:40.949-0500] {logging_mixin.py:188} INFO - [2025-12-12T07:39:40.948-0500] {dag.py:3096} INFO - Sync 1 DAGs
[2025-12-12T07:39:40.951-0500] {logging_mixin.py:188} INFO - [2025-12-12T07:39:40.951-0500] {dag.py:3954} INFO - Setting next_dagrun for example_python_decorator to None, run_after=None
[2025-12-12T07:39:40.957-0500] {processor.py:183} INFO - Processing /Users/evankrupa/airflow_project/env/lib/python3.11/site-packages/airflow/example_dags/example_python_decorator.py took 0.051 seconds
[2025-12-12T07:41:05.655-0500] {processor.py:161} INFO - Started process (PID=58932) to work on /Users/evankrupa/airflow_project/env/lib/python3.11/site-packages/airflow/example_dags/example_python_decorator.py
[2025-12-12T07:41:05.656-0500] {processor.py:830} INFO - Processing file /Users/evankrupa/airflow_project/env/lib/python3.11/site-packages/airflow/example_dags/example_python_decorator.py for tasks to queue
[2025-12-12T07:41:05.656-0500] {logging_mixin.py:188} INFO - [2025-12-12T07:41:05.656-0500] {dagbag.py:545} INFO - Filling up the DagBag from /Users/evankrupa/airflow_project/env/lib/python3.11/site-packages/airflow/example_dags/example_python_decorator.py
[2025-12-12T07:41:05.668-0500] {logging_mixin.py:188} INFO - [2025-12-12T07:41:05.668-0500] {example_python_decorator.py:80} WARNING - The virtalenv_python example task requires virtualenv, please install it.
[2025-12-12T07:41:05.669-0500] {processor.py:840} INFO - DAG(s) 'example_python_decorator' retrieved from /Users/evankrupa/airflow_project/env/lib/python3.11/site-packages/airflow/example_dags/example_python_decorator.py
[2025-12-12T07:41:05.703-0500] {logging_mixin.py:188} INFO - [2025-12-12T07:41:05.702-0500] {dag.py:3096} INFO - Sync 1 DAGs
[2025-12-12T07:41:05.706-0500] {logging_mixin.py:188} INFO - [2025-12-12T07:41:05.706-0500] {dag.py:3954} INFO - Setting next_dagrun for example_python_decorator to None, run_after=None
[2025-12-12T07:41:05.715-0500] {processor.py:183} INFO - Processing /Users/evankrupa/airflow_project/env/lib/python3.11/site-packages/airflow/example_dags/example_python_decorator.py took 0.061 seconds
[2025-12-12T07:42:31.068-0500] {processor.py:161} INFO - Started process (PID=59074) to work on /Users/evankrupa/airflow_project/env/lib/python3.11/site-packages/airflow/example_dags/example_python_decorator.py
[2025-12-12T07:42:31.068-0500] {processor.py:830} INFO - Processing file /Users/evankrupa/airflow_project/env/lib/python3.11/site-packages/airflow/example_dags/example_python_decorator.py for tasks to queue
[2025-12-12T07:42:31.069-0500] {logging_mixin.py:188} INFO - [2025-12-12T07:42:31.069-0500] {dagbag.py:545} INFO - Filling up the DagBag from /Users/evankrupa/airflow_project/env/lib/python3.11/site-packages/airflow/example_dags/example_python_decorator.py
[2025-12-12T07:42:31.085-0500] {logging_mixin.py:188} INFO - [2025-12-12T07:42:31.085-0500] {example_python_decorator.py:80} WARNING - The virtalenv_python example task requires virtualenv, please install it.
[2025-12-12T07:42:31.085-0500] {processor.py:840} INFO - DAG(s) 'example_python_decorator' retrieved from /Users/evankrupa/airflow_project/env/lib/python3.11/site-packages/airflow/example_dags/example_python_decorator.py
[2025-12-12T07:42:31.115-0500] {logging_mixin.py:188} INFO - [2025-12-12T07:42:31.115-0500] {dag.py:3096} INFO - Sync 1 DAGs
[2025-12-12T07:42:31.118-0500] {logging_mixin.py:188} INFO - [2025-12-12T07:42:31.118-0500] {dag.py:3954} INFO - Setting next_dagrun for example_python_decorator to None, run_after=None
[2025-12-12T07:42:31.123-0500] {processor.py:183} INFO - Processing /Users/evankrupa/airflow_project/env/lib/python3.11/site-packages/airflow/example_dags/example_python_decorator.py took 0.056 seconds
[2025-12-12T07:43:54.039-0500] {processor.py:161} INFO - Started process (PID=59172) to work on /Users/evankrupa/airflow_project/env/lib/python3.11/site-packages/airflow/example_dags/example_python_decorator.py
[2025-12-12T07:43:54.039-0500] {processor.py:830} INFO - Processing file /Users/evankrupa/airflow_project/env/lib/python3.11/site-packages/airflow/example_dags/example_python_decorator.py for tasks to queue
[2025-12-12T07:43:54.039-0500] {logging_mixin.py:188} INFO - [2025-12-12T07:43:54.039-0500] {dagbag.py:545} INFO - Filling up the DagBag from /Users/evankrupa/airflow_project/env/lib/python3.11/site-packages/airflow/example_dags/example_python_decorator.py
[2025-12-12T07:43:54.051-0500] {logging_mixin.py:188} INFO - [2025-12-12T07:43:54.051-0500] {example_python_decorator.py:80} WARNING - The virtalenv_python example task requires virtualenv, please install it.
[2025-12-12T07:43:54.052-0500] {processor.py:840} INFO - DAG(s) 'example_python_decorator' retrieved from /Users/evankrupa/airflow_project/env/lib/python3.11/site-packages/airflow/example_dags/example_python_decorator.py
[2025-12-12T07:43:54.079-0500] {logging_mixin.py:188} INFO - [2025-12-12T07:43:54.079-0500] {dag.py:3096} INFO - Sync 1 DAGs
[2025-12-12T07:43:54.081-0500] {logging_mixin.py:188} INFO - [2025-12-12T07:43:54.081-0500] {dag.py:3954} INFO - Setting next_dagrun for example_python_decorator to None, run_after=None
[2025-12-12T07:43:54.087-0500] {processor.py:183} INFO - Processing /Users/evankrupa/airflow_project/env/lib/python3.11/site-packages/airflow/example_dags/example_python_decorator.py took 0.049 seconds
[2025-12-12T07:45:20.292-0500] {processor.py:161} INFO - Started process (PID=59257) to work on /Users/evankrupa/airflow_project/env/lib/python3.11/site-packages/airflow/example_dags/example_python_decorator.py
[2025-12-12T07:45:20.293-0500] {processor.py:830} INFO - Processing file /Users/evankrupa/airflow_project/env/lib/python3.11/site-packages/airflow/example_dags/example_python_decorator.py for tasks to queue
[2025-12-12T07:45:20.293-0500] {logging_mixin.py:188} INFO - [2025-12-12T07:45:20.293-0500] {dagbag.py:545} INFO - Filling up the DagBag from /Users/evankrupa/airflow_project/env/lib/python3.11/site-packages/airflow/example_dags/example_python_decorator.py
[2025-12-12T07:45:20.305-0500] {logging_mixin.py:188} INFO - [2025-12-12T07:45:20.305-0500] {example_python_decorator.py:80} WARNING - The virtalenv_python example task requires virtualenv, please install it.
[2025-12-12T07:45:20.306-0500] {processor.py:840} INFO - DAG(s) 'example_python_decorator' retrieved from /Users/evankrupa/airflow_project/env/lib/python3.11/site-packages/airflow/example_dags/example_python_decorator.py
[2025-12-12T07:45:20.334-0500] {logging_mixin.py:188} INFO - [2025-12-12T07:45:20.333-0500] {dag.py:3096} INFO - Sync 1 DAGs
[2025-12-12T07:45:20.336-0500] {logging_mixin.py:188} INFO - [2025-12-12T07:45:20.336-0500] {dag.py:3954} INFO - Setting next_dagrun for example_python_decorator to None, run_after=None
[2025-12-12T07:45:20.342-0500] {processor.py:183} INFO - Processing /Users/evankrupa/airflow_project/env/lib/python3.11/site-packages/airflow/example_dags/example_python_decorator.py took 0.051 seconds
[2025-12-12T07:46:45.286-0500] {processor.py:161} INFO - Started process (PID=59335) to work on /Users/evankrupa/airflow_project/env/lib/python3.11/site-packages/airflow/example_dags/example_python_decorator.py
[2025-12-12T07:46:45.287-0500] {processor.py:830} INFO - Processing file /Users/evankrupa/airflow_project/env/lib/python3.11/site-packages/airflow/example_dags/example_python_decorator.py for tasks to queue
[2025-12-12T07:46:45.288-0500] {logging_mixin.py:188} INFO - [2025-12-12T07:46:45.288-0500] {dagbag.py:545} INFO - Filling up the DagBag from /Users/evankrupa/airflow_project/env/lib/python3.11/site-packages/airflow/example_dags/example_python_decorator.py
[2025-12-12T07:46:45.301-0500] {logging_mixin.py:188} INFO - [2025-12-12T07:46:45.301-0500] {example_python_decorator.py:80} WARNING - The virtalenv_python example task requires virtualenv, please install it.
[2025-12-12T07:46:45.302-0500] {processor.py:840} INFO - DAG(s) 'example_python_decorator' retrieved from /Users/evankrupa/airflow_project/env/lib/python3.11/site-packages/airflow/example_dags/example_python_decorator.py
[2025-12-12T07:46:45.331-0500] {logging_mixin.py:188} INFO - [2025-12-12T07:46:45.331-0500] {dag.py:3096} INFO - Sync 1 DAGs
[2025-12-12T07:46:45.334-0500] {logging_mixin.py:188} INFO - [2025-12-12T07:46:45.334-0500] {dag.py:3954} INFO - Setting next_dagrun for example_python_decorator to None, run_after=None
[2025-12-12T07:46:45.340-0500] {processor.py:183} INFO - Processing /Users/evankrupa/airflow_project/env/lib/python3.11/site-packages/airflow/example_dags/example_python_decorator.py took 0.055 seconds
[2025-12-12T07:48:08.688-0500] {processor.py:161} INFO - Started process (PID=59429) to work on /Users/evankrupa/airflow_project/env/lib/python3.11/site-packages/airflow/example_dags/example_python_decorator.py
[2025-12-12T07:48:08.689-0500] {processor.py:830} INFO - Processing file /Users/evankrupa/airflow_project/env/lib/python3.11/site-packages/airflow/example_dags/example_python_decorator.py for tasks to queue
[2025-12-12T07:48:08.689-0500] {logging_mixin.py:188} INFO - [2025-12-12T07:48:08.689-0500] {dagbag.py:545} INFO - Filling up the DagBag from /Users/evankrupa/airflow_project/env/lib/python3.11/site-packages/airflow/example_dags/example_python_decorator.py
[2025-12-12T07:48:08.702-0500] {logging_mixin.py:188} INFO - [2025-12-12T07:48:08.702-0500] {example_python_decorator.py:80} WARNING - The virtalenv_python example task requires virtualenv, please install it.
[2025-12-12T07:48:08.702-0500] {processor.py:840} INFO - DAG(s) 'example_python_decorator' retrieved from /Users/evankrupa/airflow_project/env/lib/python3.11/site-packages/airflow/example_dags/example_python_decorator.py
[2025-12-12T07:48:08.732-0500] {logging_mixin.py:188} INFO - [2025-12-12T07:48:08.732-0500] {dag.py:3096} INFO - Sync 1 DAGs
[2025-12-12T07:48:08.735-0500] {logging_mixin.py:188} INFO - [2025-12-12T07:48:08.735-0500] {dag.py:3954} INFO - Setting next_dagrun for example_python_decorator to None, run_after=None
[2025-12-12T07:48:08.742-0500] {processor.py:183} INFO - Processing /Users/evankrupa/airflow_project/env/lib/python3.11/site-packages/airflow/example_dags/example_python_decorator.py took 0.054 seconds
[2025-12-12T07:49:36.240-0500] {processor.py:161} INFO - Started process (PID=59520) to work on /Users/evankrupa/airflow_project/env/lib/python3.11/site-packages/airflow/example_dags/example_python_decorator.py
[2025-12-12T07:49:36.240-0500] {processor.py:830} INFO - Processing file /Users/evankrupa/airflow_project/env/lib/python3.11/site-packages/airflow/example_dags/example_python_decorator.py for tasks to queue
[2025-12-12T07:49:36.240-0500] {logging_mixin.py:188} INFO - [2025-12-12T07:49:36.240-0500] {dagbag.py:545} INFO - Filling up the DagBag from /Users/evankrupa/airflow_project/env/lib/python3.11/site-packages/airflow/example_dags/example_python_decorator.py
[2025-12-12T07:49:36.263-0500] {logging_mixin.py:188} INFO - [2025-12-12T07:49:36.263-0500] {example_python_decorator.py:80} WARNING - The virtalenv_python example task requires virtualenv, please install it.
[2025-12-12T07:49:36.264-0500] {processor.py:840} INFO - DAG(s) 'example_python_decorator' retrieved from /Users/evankrupa/airflow_project/env/lib/python3.11/site-packages/airflow/example_dags/example_python_decorator.py
[2025-12-12T07:49:36.320-0500] {logging_mixin.py:188} INFO - [2025-12-12T07:49:36.319-0500] {dag.py:3096} INFO - Sync 1 DAGs
[2025-12-12T07:49:36.332-0500] {logging_mixin.py:188} INFO - [2025-12-12T07:49:36.332-0500] {dag.py:3954} INFO - Setting next_dagrun for example_python_decorator to None, run_after=None
[2025-12-12T07:49:36.359-0500] {processor.py:183} INFO - Processing /Users/evankrupa/airflow_project/env/lib/python3.11/site-packages/airflow/example_dags/example_python_decorator.py took 0.120 seconds
[2025-12-12T07:51:01.652-0500] {processor.py:161} INFO - Started process (PID=59598) to work on /Users/evankrupa/airflow_project/env/lib/python3.11/site-packages/airflow/example_dags/example_python_decorator.py
[2025-12-12T07:51:01.653-0500] {processor.py:830} INFO - Processing file /Users/evankrupa/airflow_project/env/lib/python3.11/site-packages/airflow/example_dags/example_python_decorator.py for tasks to queue
[2025-12-12T07:51:01.653-0500] {logging_mixin.py:188} INFO - [2025-12-12T07:51:01.653-0500] {dagbag.py:545} INFO - Filling up the DagBag from /Users/evankrupa/airflow_project/env/lib/python3.11/site-packages/airflow/example_dags/example_python_decorator.py
[2025-12-12T07:51:01.665-0500] {logging_mixin.py:188} INFO - [2025-12-12T07:51:01.665-0500] {example_python_decorator.py:80} WARNING - The virtalenv_python example task requires virtualenv, please install it.
[2025-12-12T07:51:01.665-0500] {processor.py:840} INFO - DAG(s) 'example_python_decorator' retrieved from /Users/evankrupa/airflow_project/env/lib/python3.11/site-packages/airflow/example_dags/example_python_decorator.py
[2025-12-12T07:51:01.693-0500] {logging_mixin.py:188} INFO - [2025-12-12T07:51:01.693-0500] {dag.py:3096} INFO - Sync 1 DAGs
[2025-12-12T07:51:01.695-0500] {logging_mixin.py:188} INFO - [2025-12-12T07:51:01.695-0500] {dag.py:3954} INFO - Setting next_dagrun for example_python_decorator to None, run_after=None
[2025-12-12T07:51:01.701-0500] {processor.py:183} INFO - Processing /Users/evankrupa/airflow_project/env/lib/python3.11/site-packages/airflow/example_dags/example_python_decorator.py took 0.050 seconds
[2025-12-12T07:52:27.175-0500] {processor.py:161} INFO - Started process (PID=59667) to work on /Users/evankrupa/airflow_project/env/lib/python3.11/site-packages/airflow/example_dags/example_python_decorator.py
[2025-12-12T07:52:27.176-0500] {processor.py:830} INFO - Processing file /Users/evankrupa/airflow_project/env/lib/python3.11/site-packages/airflow/example_dags/example_python_decorator.py for tasks to queue
[2025-12-12T07:52:27.176-0500] {logging_mixin.py:188} INFO - [2025-12-12T07:52:27.176-0500] {dagbag.py:545} INFO - Filling up the DagBag from /Users/evankrupa/airflow_project/env/lib/python3.11/site-packages/airflow/example_dags/example_python_decorator.py
[2025-12-12T07:52:27.188-0500] {logging_mixin.py:188} INFO - [2025-12-12T07:52:27.188-0500] {example_python_decorator.py:80} WARNING - The virtalenv_python example task requires virtualenv, please install it.
[2025-12-12T07:52:27.189-0500] {processor.py:840} INFO - DAG(s) 'example_python_decorator' retrieved from /Users/evankrupa/airflow_project/env/lib/python3.11/site-packages/airflow/example_dags/example_python_decorator.py
[2025-12-12T07:52:27.217-0500] {logging_mixin.py:188} INFO - [2025-12-12T07:52:27.216-0500] {dag.py:3096} INFO - Sync 1 DAGs
[2025-12-12T07:52:27.219-0500] {logging_mixin.py:188} INFO - [2025-12-12T07:52:27.219-0500] {dag.py:3954} INFO - Setting next_dagrun for example_python_decorator to None, run_after=None
[2025-12-12T07:52:27.225-0500] {processor.py:183} INFO - Processing /Users/evankrupa/airflow_project/env/lib/python3.11/site-packages/airflow/example_dags/example_python_decorator.py took 0.050 seconds
[2025-12-12T07:53:48.315-0500] {processor.py:161} INFO - Started process (PID=59752) to work on /Users/evankrupa/airflow_project/env/lib/python3.11/site-packages/airflow/example_dags/example_python_decorator.py
[2025-12-12T07:53:48.316-0500] {processor.py:830} INFO - Processing file /Users/evankrupa/airflow_project/env/lib/python3.11/site-packages/airflow/example_dags/example_python_decorator.py for tasks to queue
[2025-12-12T07:53:48.316-0500] {logging_mixin.py:188} INFO - [2025-12-12T07:53:48.316-0500] {dagbag.py:545} INFO - Filling up the DagBag from /Users/evankrupa/airflow_project/env/lib/python3.11/site-packages/airflow/example_dags/example_python_decorator.py
[2025-12-12T07:53:48.328-0500] {logging_mixin.py:188} INFO - [2025-12-12T07:53:48.328-0500] {example_python_decorator.py:80} WARNING - The virtalenv_python example task requires virtualenv, please install it.
[2025-12-12T07:53:48.329-0500] {processor.py:840} INFO - DAG(s) 'example_python_decorator' retrieved from /Users/evankrupa/airflow_project/env/lib/python3.11/site-packages/airflow/example_dags/example_python_decorator.py
[2025-12-12T07:53:48.356-0500] {logging_mixin.py:188} INFO - [2025-12-12T07:53:48.356-0500] {dag.py:3096} INFO - Sync 1 DAGs
[2025-12-12T07:53:48.359-0500] {logging_mixin.py:188} INFO - [2025-12-12T07:53:48.359-0500] {dag.py:3954} INFO - Setting next_dagrun for example_python_decorator to None, run_after=None
[2025-12-12T07:53:48.365-0500] {processor.py:183} INFO - Processing /Users/evankrupa/airflow_project/env/lib/python3.11/site-packages/airflow/example_dags/example_python_decorator.py took 0.051 seconds
[2025-12-12T07:55:13.059-0500] {processor.py:161} INFO - Started process (PID=59830) to work on /Users/evankrupa/airflow_project/env/lib/python3.11/site-packages/airflow/example_dags/example_python_decorator.py
[2025-12-12T07:55:13.060-0500] {processor.py:830} INFO - Processing file /Users/evankrupa/airflow_project/env/lib/python3.11/site-packages/airflow/example_dags/example_python_decorator.py for tasks to queue
[2025-12-12T07:55:13.060-0500] {logging_mixin.py:188} INFO - [2025-12-12T07:55:13.060-0500] {dagbag.py:545} INFO - Filling up the DagBag from /Users/evankrupa/airflow_project/env/lib/python3.11/site-packages/airflow/example_dags/example_python_decorator.py
[2025-12-12T07:55:13.072-0500] {logging_mixin.py:188} INFO - [2025-12-12T07:55:13.072-0500] {example_python_decorator.py:80} WARNING - The virtalenv_python example task requires virtualenv, please install it.
[2025-12-12T07:55:13.073-0500] {processor.py:840} INFO - DAG(s) 'example_python_decorator' retrieved from /Users/evankrupa/airflow_project/env/lib/python3.11/site-packages/airflow/example_dags/example_python_decorator.py
[2025-12-12T07:55:13.101-0500] {logging_mixin.py:188} INFO - [2025-12-12T07:55:13.101-0500] {dag.py:3096} INFO - Sync 1 DAGs
[2025-12-12T07:55:13.104-0500] {logging_mixin.py:188} INFO - [2025-12-12T07:55:13.104-0500] {dag.py:3954} INFO - Setting next_dagrun for example_python_decorator to None, run_after=None
[2025-12-12T07:55:13.109-0500] {processor.py:183} INFO - Processing /Users/evankrupa/airflow_project/env/lib/python3.11/site-packages/airflow/example_dags/example_python_decorator.py took 0.051 seconds
[2025-12-12T07:56:38.216-0500] {processor.py:161} INFO - Started process (PID=59905) to work on /Users/evankrupa/airflow_project/env/lib/python3.11/site-packages/airflow/example_dags/example_python_decorator.py
[2025-12-12T07:56:38.218-0500] {processor.py:830} INFO - Processing file /Users/evankrupa/airflow_project/env/lib/python3.11/site-packages/airflow/example_dags/example_python_decorator.py for tasks to queue
[2025-12-12T07:56:38.218-0500] {logging_mixin.py:188} INFO - [2025-12-12T07:56:38.218-0500] {dagbag.py:545} INFO - Filling up the DagBag from /Users/evankrupa/airflow_project/env/lib/python3.11/site-packages/airflow/example_dags/example_python_decorator.py
[2025-12-12T07:56:38.230-0500] {logging_mixin.py:188} INFO - [2025-12-12T07:56:38.230-0500] {example_python_decorator.py:80} WARNING - The virtalenv_python example task requires virtualenv, please install it.
[2025-12-12T07:56:38.231-0500] {processor.py:840} INFO - DAG(s) 'example_python_decorator' retrieved from /Users/evankrupa/airflow_project/env/lib/python3.11/site-packages/airflow/example_dags/example_python_decorator.py
[2025-12-12T07:56:38.258-0500] {logging_mixin.py:188} INFO - [2025-12-12T07:56:38.258-0500] {dag.py:3096} INFO - Sync 1 DAGs
[2025-12-12T07:56:38.261-0500] {logging_mixin.py:188} INFO - [2025-12-12T07:56:38.261-0500] {dag.py:3954} INFO - Setting next_dagrun for example_python_decorator to None, run_after=None
[2025-12-12T07:56:38.266-0500] {processor.py:183} INFO - Processing /Users/evankrupa/airflow_project/env/lib/python3.11/site-packages/airflow/example_dags/example_python_decorator.py took 0.051 seconds
[2025-12-12T07:58:03.969-0500] {processor.py:161} INFO - Started process (PID=61152) to work on /Users/evankrupa/airflow_project/env/lib/python3.11/site-packages/airflow/example_dags/example_python_decorator.py
[2025-12-12T07:58:03.970-0500] {processor.py:830} INFO - Processing file /Users/evankrupa/airflow_project/env/lib/python3.11/site-packages/airflow/example_dags/example_python_decorator.py for tasks to queue
[2025-12-12T07:58:03.970-0500] {logging_mixin.py:188} INFO - [2025-12-12T07:58:03.970-0500] {dagbag.py:545} INFO - Filling up the DagBag from /Users/evankrupa/airflow_project/env/lib/python3.11/site-packages/airflow/example_dags/example_python_decorator.py
[2025-12-12T07:58:03.982-0500] {logging_mixin.py:188} INFO - [2025-12-12T07:58:03.982-0500] {example_python_decorator.py:80} WARNING - The virtalenv_python example task requires virtualenv, please install it.
[2025-12-12T07:58:03.983-0500] {processor.py:840} INFO - DAG(s) 'example_python_decorator' retrieved from /Users/evankrupa/airflow_project/env/lib/python3.11/site-packages/airflow/example_dags/example_python_decorator.py
[2025-12-12T07:58:04.013-0500] {logging_mixin.py:188} INFO - [2025-12-12T07:58:04.013-0500] {dag.py:3096} INFO - Sync 1 DAGs
[2025-12-12T07:58:04.015-0500] {logging_mixin.py:188} INFO - [2025-12-12T07:58:04.015-0500] {dag.py:3954} INFO - Setting next_dagrun for example_python_decorator to None, run_after=None
[2025-12-12T07:58:04.021-0500] {processor.py:183} INFO - Processing /Users/evankrupa/airflow_project/env/lib/python3.11/site-packages/airflow/example_dags/example_python_decorator.py took 0.053 seconds
[2025-12-12T07:59:30.361-0500] {processor.py:161} INFO - Started process (PID=62688) to work on /Users/evankrupa/airflow_project/env/lib/python3.11/site-packages/airflow/example_dags/example_python_decorator.py
[2025-12-12T07:59:30.361-0500] {processor.py:830} INFO - Processing file /Users/evankrupa/airflow_project/env/lib/python3.11/site-packages/airflow/example_dags/example_python_decorator.py for tasks to queue
[2025-12-12T07:59:30.361-0500] {logging_mixin.py:188} INFO - [2025-12-12T07:59:30.361-0500] {dagbag.py:545} INFO - Filling up the DagBag from /Users/evankrupa/airflow_project/env/lib/python3.11/site-packages/airflow/example_dags/example_python_decorator.py
[2025-12-12T07:59:30.373-0500] {logging_mixin.py:188} INFO - [2025-12-12T07:59:30.373-0500] {example_python_decorator.py:80} WARNING - The virtalenv_python example task requires virtualenv, please install it.
[2025-12-12T07:59:30.374-0500] {processor.py:840} INFO - DAG(s) 'example_python_decorator' retrieved from /Users/evankrupa/airflow_project/env/lib/python3.11/site-packages/airflow/example_dags/example_python_decorator.py
[2025-12-12T07:59:30.403-0500] {logging_mixin.py:188} INFO - [2025-12-12T07:59:30.403-0500] {dag.py:3096} INFO - Sync 1 DAGs
[2025-12-12T07:59:30.406-0500] {logging_mixin.py:188} INFO - [2025-12-12T07:59:30.406-0500] {dag.py:3954} INFO - Setting next_dagrun for example_python_decorator to None, run_after=None
[2025-12-12T07:59:30.413-0500] {processor.py:183} INFO - Processing /Users/evankrupa/airflow_project/env/lib/python3.11/site-packages/airflow/example_dags/example_python_decorator.py took 0.053 seconds
[2025-12-12T08:00:51.593-0500] {processor.py:161} INFO - Started process (PID=62784) to work on /Users/evankrupa/airflow_project/env/lib/python3.11/site-packages/airflow/example_dags/example_python_decorator.py
[2025-12-12T08:00:51.594-0500] {processor.py:830} INFO - Processing file /Users/evankrupa/airflow_project/env/lib/python3.11/site-packages/airflow/example_dags/example_python_decorator.py for tasks to queue
[2025-12-12T08:00:51.594-0500] {logging_mixin.py:188} INFO - [2025-12-12T08:00:51.594-0500] {dagbag.py:545} INFO - Filling up the DagBag from /Users/evankrupa/airflow_project/env/lib/python3.11/site-packages/airflow/example_dags/example_python_decorator.py
[2025-12-12T08:00:51.606-0500] {logging_mixin.py:188} INFO - [2025-12-12T08:00:51.606-0500] {example_python_decorator.py:80} WARNING - The virtalenv_python example task requires virtualenv, please install it.
[2025-12-12T08:00:51.607-0500] {processor.py:840} INFO - DAG(s) 'example_python_decorator' retrieved from /Users/evankrupa/airflow_project/env/lib/python3.11/site-packages/airflow/example_dags/example_python_decorator.py
[2025-12-12T08:00:51.635-0500] {logging_mixin.py:188} INFO - [2025-12-12T08:00:51.634-0500] {dag.py:3096} INFO - Sync 1 DAGs
[2025-12-12T08:00:51.637-0500] {logging_mixin.py:188} INFO - [2025-12-12T08:00:51.637-0500] {dag.py:3954} INFO - Setting next_dagrun for example_python_decorator to None, run_after=None
[2025-12-12T08:00:51.643-0500] {processor.py:183} INFO - Processing /Users/evankrupa/airflow_project/env/lib/python3.11/site-packages/airflow/example_dags/example_python_decorator.py took 0.051 seconds
[2025-12-12T08:02:14.552-0500] {processor.py:161} INFO - Started process (PID=62849) to work on /Users/evankrupa/airflow_project/env/lib/python3.11/site-packages/airflow/example_dags/example_python_decorator.py
[2025-12-12T08:02:14.554-0500] {processor.py:830} INFO - Processing file /Users/evankrupa/airflow_project/env/lib/python3.11/site-packages/airflow/example_dags/example_python_decorator.py for tasks to queue
[2025-12-12T08:02:14.554-0500] {logging_mixin.py:188} INFO - [2025-12-12T08:02:14.554-0500] {dagbag.py:545} INFO - Filling up the DagBag from /Users/evankrupa/airflow_project/env/lib/python3.11/site-packages/airflow/example_dags/example_python_decorator.py
[2025-12-12T08:02:14.566-0500] {logging_mixin.py:188} INFO - [2025-12-12T08:02:14.566-0500] {example_python_decorator.py:80} WARNING - The virtalenv_python example task requires virtualenv, please install it.
[2025-12-12T08:02:14.566-0500] {processor.py:840} INFO - DAG(s) 'example_python_decorator' retrieved from /Users/evankrupa/airflow_project/env/lib/python3.11/site-packages/airflow/example_dags/example_python_decorator.py
[2025-12-12T08:02:14.594-0500] {logging_mixin.py:188} INFO - [2025-12-12T08:02:14.594-0500] {dag.py:3096} INFO - Sync 1 DAGs
[2025-12-12T08:02:14.596-0500] {logging_mixin.py:188} INFO - [2025-12-12T08:02:14.596-0500] {dag.py:3954} INFO - Setting next_dagrun for example_python_decorator to None, run_after=None
[2025-12-12T08:02:14.602-0500] {processor.py:183} INFO - Processing /Users/evankrupa/airflow_project/env/lib/python3.11/site-packages/airflow/example_dags/example_python_decorator.py took 0.050 seconds
[2025-12-12T08:03:40.613-0500] {processor.py:161} INFO - Started process (PID=62917) to work on /Users/evankrupa/airflow_project/env/lib/python3.11/site-packages/airflow/example_dags/example_python_decorator.py
[2025-12-12T08:03:40.614-0500] {processor.py:830} INFO - Processing file /Users/evankrupa/airflow_project/env/lib/python3.11/site-packages/airflow/example_dags/example_python_decorator.py for tasks to queue
[2025-12-12T08:03:40.614-0500] {logging_mixin.py:188} INFO - [2025-12-12T08:03:40.614-0500] {dagbag.py:545} INFO - Filling up the DagBag from /Users/evankrupa/airflow_project/env/lib/python3.11/site-packages/airflow/example_dags/example_python_decorator.py
[2025-12-12T08:03:40.627-0500] {logging_mixin.py:188} INFO - [2025-12-12T08:03:40.627-0500] {example_python_decorator.py:80} WARNING - The virtalenv_python example task requires virtualenv, please install it.
[2025-12-12T08:03:40.628-0500] {processor.py:840} INFO - DAG(s) 'example_python_decorator' retrieved from /Users/evankrupa/airflow_project/env/lib/python3.11/site-packages/airflow/example_dags/example_python_decorator.py
[2025-12-12T08:03:40.658-0500] {logging_mixin.py:188} INFO - [2025-12-12T08:03:40.657-0500] {dag.py:3096} INFO - Sync 1 DAGs
[2025-12-12T08:03:40.661-0500] {logging_mixin.py:188} INFO - [2025-12-12T08:03:40.661-0500] {dag.py:3954} INFO - Setting next_dagrun for example_python_decorator to None, run_after=None
[2025-12-12T08:03:40.667-0500] {processor.py:183} INFO - Processing /Users/evankrupa/airflow_project/env/lib/python3.11/site-packages/airflow/example_dags/example_python_decorator.py took 0.055 seconds
[2025-12-12T08:05:04.763-0500] {processor.py:161} INFO - Started process (PID=63070) to work on /Users/evankrupa/airflow_project/env/lib/python3.11/site-packages/airflow/example_dags/example_python_decorator.py
[2025-12-12T08:05:04.764-0500] {processor.py:830} INFO - Processing file /Users/evankrupa/airflow_project/env/lib/python3.11/site-packages/airflow/example_dags/example_python_decorator.py for tasks to queue
[2025-12-12T08:05:04.764-0500] {logging_mixin.py:188} INFO - [2025-12-12T08:05:04.764-0500] {dagbag.py:545} INFO - Filling up the DagBag from /Users/evankrupa/airflow_project/env/lib/python3.11/site-packages/airflow/example_dags/example_python_decorator.py
[2025-12-12T08:05:04.781-0500] {logging_mixin.py:188} INFO - [2025-12-12T08:05:04.781-0500] {example_python_decorator.py:80} WARNING - The virtalenv_python example task requires virtualenv, please install it.
[2025-12-12T08:05:04.781-0500] {processor.py:840} INFO - DAG(s) 'example_python_decorator' retrieved from /Users/evankrupa/airflow_project/env/lib/python3.11/site-packages/airflow/example_dags/example_python_decorator.py
[2025-12-12T08:05:04.810-0500] {logging_mixin.py:188} INFO - [2025-12-12T08:05:04.810-0500] {dag.py:3096} INFO - Sync 1 DAGs
[2025-12-12T08:05:04.814-0500] {logging_mixin.py:188} INFO - [2025-12-12T08:05:04.814-0500] {dag.py:3954} INFO - Setting next_dagrun for example_python_decorator to None, run_after=None
[2025-12-12T08:05:04.819-0500] {processor.py:183} INFO - Processing /Users/evankrupa/airflow_project/env/lib/python3.11/site-packages/airflow/example_dags/example_python_decorator.py took 0.057 seconds
[2025-12-12T08:06:28.648-0500] {processor.py:161} INFO - Started process (PID=63147) to work on /Users/evankrupa/airflow_project/env/lib/python3.11/site-packages/airflow/example_dags/example_python_decorator.py
[2025-12-12T08:06:28.648-0500] {processor.py:830} INFO - Processing file /Users/evankrupa/airflow_project/env/lib/python3.11/site-packages/airflow/example_dags/example_python_decorator.py for tasks to queue
[2025-12-12T08:06:28.648-0500] {logging_mixin.py:188} INFO - [2025-12-12T08:06:28.648-0500] {dagbag.py:545} INFO - Filling up the DagBag from /Users/evankrupa/airflow_project/env/lib/python3.11/site-packages/airflow/example_dags/example_python_decorator.py
[2025-12-12T08:06:28.660-0500] {logging_mixin.py:188} INFO - [2025-12-12T08:06:28.660-0500] {example_python_decorator.py:80} WARNING - The virtalenv_python example task requires virtualenv, please install it.
[2025-12-12T08:06:28.661-0500] {processor.py:840} INFO - DAG(s) 'example_python_decorator' retrieved from /Users/evankrupa/airflow_project/env/lib/python3.11/site-packages/airflow/example_dags/example_python_decorator.py
[2025-12-12T08:06:28.689-0500] {logging_mixin.py:188} INFO - [2025-12-12T08:06:28.688-0500] {dag.py:3096} INFO - Sync 1 DAGs
[2025-12-12T08:06:28.691-0500] {logging_mixin.py:188} INFO - [2025-12-12T08:06:28.691-0500] {dag.py:3954} INFO - Setting next_dagrun for example_python_decorator to None, run_after=None
[2025-12-12T08:06:28.696-0500] {processor.py:183} INFO - Processing /Users/evankrupa/airflow_project/env/lib/python3.11/site-packages/airflow/example_dags/example_python_decorator.py took 0.050 seconds
[2025-12-12T08:07:58.217-0500] {processor.py:161} INFO - Started process (PID=63669) to work on /Users/evankrupa/airflow_project/env/lib/python3.11/site-packages/airflow/example_dags/example_python_decorator.py
[2025-12-12T08:07:58.218-0500] {processor.py:830} INFO - Processing file /Users/evankrupa/airflow_project/env/lib/python3.11/site-packages/airflow/example_dags/example_python_decorator.py for tasks to queue
[2025-12-12T08:07:58.219-0500] {logging_mixin.py:188} INFO - [2025-12-12T08:07:58.219-0500] {dagbag.py:545} INFO - Filling up the DagBag from /Users/evankrupa/airflow_project/env/lib/python3.11/site-packages/airflow/example_dags/example_python_decorator.py
[2025-12-12T08:07:58.231-0500] {logging_mixin.py:188} INFO - [2025-12-12T08:07:58.231-0500] {example_python_decorator.py:80} WARNING - The virtalenv_python example task requires virtualenv, please install it.
[2025-12-12T08:07:58.232-0500] {processor.py:840} INFO - DAG(s) 'example_python_decorator' retrieved from /Users/evankrupa/airflow_project/env/lib/python3.11/site-packages/airflow/example_dags/example_python_decorator.py
[2025-12-12T08:07:58.260-0500] {logging_mixin.py:188} INFO - [2025-12-12T08:07:58.260-0500] {dag.py:3096} INFO - Sync 1 DAGs
[2025-12-12T08:07:58.263-0500] {logging_mixin.py:188} INFO - [2025-12-12T08:07:58.263-0500] {dag.py:3954} INFO - Setting next_dagrun for example_python_decorator to None, run_after=None
[2025-12-12T08:07:58.269-0500] {processor.py:183} INFO - Processing /Users/evankrupa/airflow_project/env/lib/python3.11/site-packages/airflow/example_dags/example_python_decorator.py took 0.052 seconds
[2025-12-12T08:09:23.846-0500] {processor.py:161} INFO - Started process (PID=63734) to work on /Users/evankrupa/airflow_project/env/lib/python3.11/site-packages/airflow/example_dags/example_python_decorator.py
[2025-12-12T08:09:23.847-0500] {processor.py:830} INFO - Processing file /Users/evankrupa/airflow_project/env/lib/python3.11/site-packages/airflow/example_dags/example_python_decorator.py for tasks to queue
[2025-12-12T08:09:23.847-0500] {logging_mixin.py:188} INFO - [2025-12-12T08:09:23.847-0500] {dagbag.py:545} INFO - Filling up the DagBag from /Users/evankrupa/airflow_project/env/lib/python3.11/site-packages/airflow/example_dags/example_python_decorator.py
[2025-12-12T08:09:23.860-0500] {logging_mixin.py:188} INFO - [2025-12-12T08:09:23.860-0500] {example_python_decorator.py:80} WARNING - The virtalenv_python example task requires virtualenv, please install it.
[2025-12-12T08:09:23.860-0500] {processor.py:840} INFO - DAG(s) 'example_python_decorator' retrieved from /Users/evankrupa/airflow_project/env/lib/python3.11/site-packages/airflow/example_dags/example_python_decorator.py
[2025-12-12T08:09:23.891-0500] {logging_mixin.py:188} INFO - [2025-12-12T08:09:23.891-0500] {dag.py:3096} INFO - Sync 1 DAGs
[2025-12-12T08:09:23.895-0500] {logging_mixin.py:188} INFO - [2025-12-12T08:09:23.895-0500] {dag.py:3954} INFO - Setting next_dagrun for example_python_decorator to None, run_after=None
[2025-12-12T08:09:23.904-0500] {processor.py:183} INFO - Processing /Users/evankrupa/airflow_project/env/lib/python3.11/site-packages/airflow/example_dags/example_python_decorator.py took 0.059 seconds
[2025-12-12T08:10:50.518-0500] {processor.py:161} INFO - Started process (PID=63806) to work on /Users/evankrupa/airflow_project/env/lib/python3.11/site-packages/airflow/example_dags/example_python_decorator.py
[2025-12-12T08:10:50.518-0500] {processor.py:830} INFO - Processing file /Users/evankrupa/airflow_project/env/lib/python3.11/site-packages/airflow/example_dags/example_python_decorator.py for tasks to queue
[2025-12-12T08:10:50.519-0500] {logging_mixin.py:188} INFO - [2025-12-12T08:10:50.518-0500] {dagbag.py:545} INFO - Filling up the DagBag from /Users/evankrupa/airflow_project/env/lib/python3.11/site-packages/airflow/example_dags/example_python_decorator.py
[2025-12-12T08:10:50.532-0500] {logging_mixin.py:188} INFO - [2025-12-12T08:10:50.531-0500] {example_python_decorator.py:80} WARNING - The virtalenv_python example task requires virtualenv, please install it.
[2025-12-12T08:10:50.532-0500] {processor.py:840} INFO - DAG(s) 'example_python_decorator' retrieved from /Users/evankrupa/airflow_project/env/lib/python3.11/site-packages/airflow/example_dags/example_python_decorator.py
[2025-12-12T08:10:50.561-0500] {logging_mixin.py:188} INFO - [2025-12-12T08:10:50.561-0500] {dag.py:3096} INFO - Sync 1 DAGs
[2025-12-12T08:10:50.564-0500] {logging_mixin.py:188} INFO - [2025-12-12T08:10:50.564-0500] {dag.py:3954} INFO - Setting next_dagrun for example_python_decorator to None, run_after=None
[2025-12-12T08:10:50.570-0500] {processor.py:183} INFO - Processing /Users/evankrupa/airflow_project/env/lib/python3.11/site-packages/airflow/example_dags/example_python_decorator.py took 0.053 seconds
[2025-12-12T08:12:17.157-0500] {processor.py:161} INFO - Started process (PID=63872) to work on /Users/evankrupa/airflow_project/env/lib/python3.11/site-packages/airflow/example_dags/example_python_decorator.py
[2025-12-12T08:12:17.158-0500] {processor.py:830} INFO - Processing file /Users/evankrupa/airflow_project/env/lib/python3.11/site-packages/airflow/example_dags/example_python_decorator.py for tasks to queue
[2025-12-12T08:12:17.158-0500] {logging_mixin.py:188} INFO - [2025-12-12T08:12:17.158-0500] {dagbag.py:545} INFO - Filling up the DagBag from /Users/evankrupa/airflow_project/env/lib/python3.11/site-packages/airflow/example_dags/example_python_decorator.py
[2025-12-12T08:12:17.171-0500] {logging_mixin.py:188} INFO - [2025-12-12T08:12:17.171-0500] {example_python_decorator.py:80} WARNING - The virtalenv_python example task requires virtualenv, please install it.
[2025-12-12T08:12:17.171-0500] {processor.py:840} INFO - DAG(s) 'example_python_decorator' retrieved from /Users/evankrupa/airflow_project/env/lib/python3.11/site-packages/airflow/example_dags/example_python_decorator.py
[2025-12-12T08:12:17.201-0500] {logging_mixin.py:188} INFO - [2025-12-12T08:12:17.201-0500] {dag.py:3096} INFO - Sync 1 DAGs
[2025-12-12T08:12:17.203-0500] {logging_mixin.py:188} INFO - [2025-12-12T08:12:17.203-0500] {dag.py:3954} INFO - Setting next_dagrun for example_python_decorator to None, run_after=None
[2025-12-12T08:12:17.209-0500] {processor.py:183} INFO - Processing /Users/evankrupa/airflow_project/env/lib/python3.11/site-packages/airflow/example_dags/example_python_decorator.py took 0.052 seconds
[2025-12-12T08:13:40.533-0500] {processor.py:161} INFO - Started process (PID=63939) to work on /Users/evankrupa/airflow_project/env/lib/python3.11/site-packages/airflow/example_dags/example_python_decorator.py
[2025-12-12T08:13:40.535-0500] {processor.py:830} INFO - Processing file /Users/evankrupa/airflow_project/env/lib/python3.11/site-packages/airflow/example_dags/example_python_decorator.py for tasks to queue
[2025-12-12T08:13:40.535-0500] {logging_mixin.py:188} INFO - [2025-12-12T08:13:40.535-0500] {dagbag.py:545} INFO - Filling up the DagBag from /Users/evankrupa/airflow_project/env/lib/python3.11/site-packages/airflow/example_dags/example_python_decorator.py
[2025-12-12T08:13:40.549-0500] {logging_mixin.py:188} INFO - [2025-12-12T08:13:40.549-0500] {example_python_decorator.py:80} WARNING - The virtalenv_python example task requires virtualenv, please install it.
[2025-12-12T08:13:40.549-0500] {processor.py:840} INFO - DAG(s) 'example_python_decorator' retrieved from /Users/evankrupa/airflow_project/env/lib/python3.11/site-packages/airflow/example_dags/example_python_decorator.py
[2025-12-12T08:13:40.578-0500] {logging_mixin.py:188} INFO - [2025-12-12T08:13:40.578-0500] {dag.py:3096} INFO - Sync 1 DAGs
[2025-12-12T08:13:40.581-0500] {logging_mixin.py:188} INFO - [2025-12-12T08:13:40.581-0500] {dag.py:3954} INFO - Setting next_dagrun for example_python_decorator to None, run_after=None
[2025-12-12T08:13:40.587-0500] {processor.py:183} INFO - Processing /Users/evankrupa/airflow_project/env/lib/python3.11/site-packages/airflow/example_dags/example_python_decorator.py took 0.054 seconds
[2025-12-12T08:15:04.045-0500] {processor.py:161} INFO - Started process (PID=64008) to work on /Users/evankrupa/airflow_project/env/lib/python3.11/site-packages/airflow/example_dags/example_python_decorator.py
[2025-12-12T08:15:04.046-0500] {processor.py:830} INFO - Processing file /Users/evankrupa/airflow_project/env/lib/python3.11/site-packages/airflow/example_dags/example_python_decorator.py for tasks to queue
[2025-12-12T08:15:04.046-0500] {logging_mixin.py:188} INFO - [2025-12-12T08:15:04.046-0500] {dagbag.py:545} INFO - Filling up the DagBag from /Users/evankrupa/airflow_project/env/lib/python3.11/site-packages/airflow/example_dags/example_python_decorator.py
[2025-12-12T08:15:04.059-0500] {logging_mixin.py:188} INFO - [2025-12-12T08:15:04.058-0500] {example_python_decorator.py:80} WARNING - The virtalenv_python example task requires virtualenv, please install it.
[2025-12-12T08:15:04.059-0500] {processor.py:840} INFO - DAG(s) 'example_python_decorator' retrieved from /Users/evankrupa/airflow_project/env/lib/python3.11/site-packages/airflow/example_dags/example_python_decorator.py
[2025-12-12T08:15:04.088-0500] {logging_mixin.py:188} INFO - [2025-12-12T08:15:04.088-0500] {dag.py:3096} INFO - Sync 1 DAGs
[2025-12-12T08:15:04.091-0500] {logging_mixin.py:188} INFO - [2025-12-12T08:15:04.091-0500] {dag.py:3954} INFO - Setting next_dagrun for example_python_decorator to None, run_after=None
[2025-12-12T08:15:04.096-0500] {processor.py:183} INFO - Processing /Users/evankrupa/airflow_project/env/lib/python3.11/site-packages/airflow/example_dags/example_python_decorator.py took 0.052 seconds
[2025-12-12T08:16:25.355-0500] {processor.py:161} INFO - Started process (PID=64081) to work on /Users/evankrupa/airflow_project/env/lib/python3.11/site-packages/airflow/example_dags/example_python_decorator.py
[2025-12-12T08:16:25.356-0500] {processor.py:830} INFO - Processing file /Users/evankrupa/airflow_project/env/lib/python3.11/site-packages/airflow/example_dags/example_python_decorator.py for tasks to queue
[2025-12-12T08:16:25.356-0500] {logging_mixin.py:188} INFO - [2025-12-12T08:16:25.356-0500] {dagbag.py:545} INFO - Filling up the DagBag from /Users/evankrupa/airflow_project/env/lib/python3.11/site-packages/airflow/example_dags/example_python_decorator.py
[2025-12-12T08:16:25.368-0500] {logging_mixin.py:188} INFO - [2025-12-12T08:16:25.368-0500] {example_python_decorator.py:80} WARNING - The virtalenv_python example task requires virtualenv, please install it.
[2025-12-12T08:16:25.369-0500] {processor.py:840} INFO - DAG(s) 'example_python_decorator' retrieved from /Users/evankrupa/airflow_project/env/lib/python3.11/site-packages/airflow/example_dags/example_python_decorator.py
[2025-12-12T08:16:25.396-0500] {logging_mixin.py:188} INFO - [2025-12-12T08:16:25.396-0500] {dag.py:3096} INFO - Sync 1 DAGs
[2025-12-12T08:16:25.399-0500] {logging_mixin.py:188} INFO - [2025-12-12T08:16:25.399-0500] {dag.py:3954} INFO - Setting next_dagrun for example_python_decorator to None, run_after=None
[2025-12-12T08:16:25.404-0500] {processor.py:183} INFO - Processing /Users/evankrupa/airflow_project/env/lib/python3.11/site-packages/airflow/example_dags/example_python_decorator.py took 0.050 seconds
[2025-12-12T08:17:52.233-0500] {processor.py:161} INFO - Started process (PID=64149) to work on /Users/evankrupa/airflow_project/env/lib/python3.11/site-packages/airflow/example_dags/example_python_decorator.py
[2025-12-12T08:17:52.235-0500] {processor.py:830} INFO - Processing file /Users/evankrupa/airflow_project/env/lib/python3.11/site-packages/airflow/example_dags/example_python_decorator.py for tasks to queue
[2025-12-12T08:17:52.235-0500] {logging_mixin.py:188} INFO - [2025-12-12T08:17:52.235-0500] {dagbag.py:545} INFO - Filling up the DagBag from /Users/evankrupa/airflow_project/env/lib/python3.11/site-packages/airflow/example_dags/example_python_decorator.py
[2025-12-12T08:17:52.247-0500] {logging_mixin.py:188} INFO - [2025-12-12T08:17:52.247-0500] {example_python_decorator.py:80} WARNING - The virtalenv_python example task requires virtualenv, please install it.
[2025-12-12T08:17:52.247-0500] {processor.py:840} INFO - DAG(s) 'example_python_decorator' retrieved from /Users/evankrupa/airflow_project/env/lib/python3.11/site-packages/airflow/example_dags/example_python_decorator.py
[2025-12-12T08:17:52.275-0500] {logging_mixin.py:188} INFO - [2025-12-12T08:17:52.275-0500] {dag.py:3096} INFO - Sync 1 DAGs
[2025-12-12T08:17:52.277-0500] {logging_mixin.py:188} INFO - [2025-12-12T08:17:52.277-0500] {dag.py:3954} INFO - Setting next_dagrun for example_python_decorator to None, run_after=None
[2025-12-12T08:17:52.283-0500] {processor.py:183} INFO - Processing /Users/evankrupa/airflow_project/env/lib/python3.11/site-packages/airflow/example_dags/example_python_decorator.py took 0.050 seconds
[2025-12-12T08:19:14.709-0500] {processor.py:161} INFO - Started process (PID=64216) to work on /Users/evankrupa/airflow_project/env/lib/python3.11/site-packages/airflow/example_dags/example_python_decorator.py
[2025-12-12T08:19:14.710-0500] {processor.py:830} INFO - Processing file /Users/evankrupa/airflow_project/env/lib/python3.11/site-packages/airflow/example_dags/example_python_decorator.py for tasks to queue
[2025-12-12T08:19:14.711-0500] {logging_mixin.py:188} INFO - [2025-12-12T08:19:14.710-0500] {dagbag.py:545} INFO - Filling up the DagBag from /Users/evankrupa/airflow_project/env/lib/python3.11/site-packages/airflow/example_dags/example_python_decorator.py
[2025-12-12T08:19:14.722-0500] {logging_mixin.py:188} INFO - [2025-12-12T08:19:14.722-0500] {example_python_decorator.py:80} WARNING - The virtalenv_python example task requires virtualenv, please install it.
[2025-12-12T08:19:14.723-0500] {processor.py:840} INFO - DAG(s) 'example_python_decorator' retrieved from /Users/evankrupa/airflow_project/env/lib/python3.11/site-packages/airflow/example_dags/example_python_decorator.py
[2025-12-12T08:19:14.751-0500] {logging_mixin.py:188} INFO - [2025-12-12T08:19:14.751-0500] {dag.py:3096} INFO - Sync 1 DAGs
[2025-12-12T08:19:14.753-0500] {logging_mixin.py:188} INFO - [2025-12-12T08:19:14.753-0500] {dag.py:3954} INFO - Setting next_dagrun for example_python_decorator to None, run_after=None
[2025-12-12T08:19:14.760-0500] {processor.py:183} INFO - Processing /Users/evankrupa/airflow_project/env/lib/python3.11/site-packages/airflow/example_dags/example_python_decorator.py took 0.052 seconds
[2025-12-12T08:20:39.871-0500] {processor.py:161} INFO - Started process (PID=64284) to work on /Users/evankrupa/airflow_project/env/lib/python3.11/site-packages/airflow/example_dags/example_python_decorator.py
[2025-12-12T08:20:39.872-0500] {processor.py:830} INFO - Processing file /Users/evankrupa/airflow_project/env/lib/python3.11/site-packages/airflow/example_dags/example_python_decorator.py for tasks to queue
[2025-12-12T08:20:39.872-0500] {logging_mixin.py:188} INFO - [2025-12-12T08:20:39.872-0500] {dagbag.py:545} INFO - Filling up the DagBag from /Users/evankrupa/airflow_project/env/lib/python3.11/site-packages/airflow/example_dags/example_python_decorator.py
[2025-12-12T08:20:39.885-0500] {logging_mixin.py:188} INFO - [2025-12-12T08:20:39.884-0500] {example_python_decorator.py:80} WARNING - The virtalenv_python example task requires virtualenv, please install it.
[2025-12-12T08:20:39.885-0500] {processor.py:840} INFO - DAG(s) 'example_python_decorator' retrieved from /Users/evankrupa/airflow_project/env/lib/python3.11/site-packages/airflow/example_dags/example_python_decorator.py
[2025-12-12T08:20:39.917-0500] {logging_mixin.py:188} INFO - [2025-12-12T08:20:39.917-0500] {dag.py:3096} INFO - Sync 1 DAGs
[2025-12-12T08:20:39.920-0500] {logging_mixin.py:188} INFO - [2025-12-12T08:20:39.920-0500] {dag.py:3954} INFO - Setting next_dagrun for example_python_decorator to None, run_after=None
[2025-12-12T08:20:39.926-0500] {processor.py:183} INFO - Processing /Users/evankrupa/airflow_project/env/lib/python3.11/site-packages/airflow/example_dags/example_python_decorator.py took 0.056 seconds
[2025-12-12T08:22:03.363-0500] {processor.py:161} INFO - Started process (PID=64351) to work on /Users/evankrupa/airflow_project/env/lib/python3.11/site-packages/airflow/example_dags/example_python_decorator.py
[2025-12-12T08:22:03.365-0500] {processor.py:830} INFO - Processing file /Users/evankrupa/airflow_project/env/lib/python3.11/site-packages/airflow/example_dags/example_python_decorator.py for tasks to queue
[2025-12-12T08:22:03.365-0500] {logging_mixin.py:188} INFO - [2025-12-12T08:22:03.365-0500] {dagbag.py:545} INFO - Filling up the DagBag from /Users/evankrupa/airflow_project/env/lib/python3.11/site-packages/airflow/example_dags/example_python_decorator.py
[2025-12-12T08:22:03.377-0500] {logging_mixin.py:188} INFO - [2025-12-12T08:22:03.377-0500] {example_python_decorator.py:80} WARNING - The virtalenv_python example task requires virtualenv, please install it.
[2025-12-12T08:22:03.377-0500] {processor.py:840} INFO - DAG(s) 'example_python_decorator' retrieved from /Users/evankrupa/airflow_project/env/lib/python3.11/site-packages/airflow/example_dags/example_python_decorator.py
[2025-12-12T08:22:03.406-0500] {logging_mixin.py:188} INFO - [2025-12-12T08:22:03.406-0500] {dag.py:3096} INFO - Sync 1 DAGs
[2025-12-12T08:22:03.409-0500] {logging_mixin.py:188} INFO - [2025-12-12T08:22:03.409-0500] {dag.py:3954} INFO - Setting next_dagrun for example_python_decorator to None, run_after=None
[2025-12-12T08:22:03.414-0500] {processor.py:183} INFO - Processing /Users/evankrupa/airflow_project/env/lib/python3.11/site-packages/airflow/example_dags/example_python_decorator.py took 0.051 seconds
[2025-12-12T08:23:29.231-0500] {processor.py:161} INFO - Started process (PID=64418) to work on /Users/evankrupa/airflow_project/env/lib/python3.11/site-packages/airflow/example_dags/example_python_decorator.py
[2025-12-12T08:23:29.231-0500] {processor.py:830} INFO - Processing file /Users/evankrupa/airflow_project/env/lib/python3.11/site-packages/airflow/example_dags/example_python_decorator.py for tasks to queue
[2025-12-12T08:23:29.232-0500] {logging_mixin.py:188} INFO - [2025-12-12T08:23:29.232-0500] {dagbag.py:545} INFO - Filling up the DagBag from /Users/evankrupa/airflow_project/env/lib/python3.11/site-packages/airflow/example_dags/example_python_decorator.py
[2025-12-12T08:23:29.245-0500] {logging_mixin.py:188} INFO - [2025-12-12T08:23:29.245-0500] {example_python_decorator.py:80} WARNING - The virtalenv_python example task requires virtualenv, please install it.
[2025-12-12T08:23:29.246-0500] {processor.py:840} INFO - DAG(s) 'example_python_decorator' retrieved from /Users/evankrupa/airflow_project/env/lib/python3.11/site-packages/airflow/example_dags/example_python_decorator.py
[2025-12-12T08:23:29.276-0500] {logging_mixin.py:188} INFO - [2025-12-12T08:23:29.275-0500] {dag.py:3096} INFO - Sync 1 DAGs
[2025-12-12T08:23:29.278-0500] {logging_mixin.py:188} INFO - [2025-12-12T08:23:29.278-0500] {dag.py:3954} INFO - Setting next_dagrun for example_python_decorator to None, run_after=None
[2025-12-12T08:23:29.284-0500] {processor.py:183} INFO - Processing /Users/evankrupa/airflow_project/env/lib/python3.11/site-packages/airflow/example_dags/example_python_decorator.py took 0.054 seconds
[2025-12-12T08:24:50.495-0500] {processor.py:161} INFO - Started process (PID=64490) to work on /Users/evankrupa/airflow_project/env/lib/python3.11/site-packages/airflow/example_dags/example_python_decorator.py
[2025-12-12T08:24:50.496-0500] {processor.py:830} INFO - Processing file /Users/evankrupa/airflow_project/env/lib/python3.11/site-packages/airflow/example_dags/example_python_decorator.py for tasks to queue
[2025-12-12T08:24:50.497-0500] {logging_mixin.py:188} INFO - [2025-12-12T08:24:50.497-0500] {dagbag.py:545} INFO - Filling up the DagBag from /Users/evankrupa/airflow_project/env/lib/python3.11/site-packages/airflow/example_dags/example_python_decorator.py
[2025-12-12T08:24:50.509-0500] {logging_mixin.py:188} INFO - [2025-12-12T08:24:50.509-0500] {example_python_decorator.py:80} WARNING - The virtalenv_python example task requires virtualenv, please install it.
[2025-12-12T08:24:50.510-0500] {processor.py:840} INFO - DAG(s) 'example_python_decorator' retrieved from /Users/evankrupa/airflow_project/env/lib/python3.11/site-packages/airflow/example_dags/example_python_decorator.py
[2025-12-12T08:24:50.539-0500] {logging_mixin.py:188} INFO - [2025-12-12T08:24:50.539-0500] {dag.py:3096} INFO - Sync 1 DAGs
[2025-12-12T08:24:50.542-0500] {logging_mixin.py:188} INFO - [2025-12-12T08:24:50.542-0500] {dag.py:3954} INFO - Setting next_dagrun for example_python_decorator to None, run_after=None
[2025-12-12T08:24:50.548-0500] {processor.py:183} INFO - Processing /Users/evankrupa/airflow_project/env/lib/python3.11/site-packages/airflow/example_dags/example_python_decorator.py took 0.053 seconds
[2025-12-12T08:26:16.127-0500] {processor.py:161} INFO - Started process (PID=64559) to work on /Users/evankrupa/airflow_project/env/lib/python3.11/site-packages/airflow/example_dags/example_python_decorator.py
[2025-12-12T08:26:16.128-0500] {processor.py:830} INFO - Processing file /Users/evankrupa/airflow_project/env/lib/python3.11/site-packages/airflow/example_dags/example_python_decorator.py for tasks to queue
[2025-12-12T08:26:16.128-0500] {logging_mixin.py:188} INFO - [2025-12-12T08:26:16.128-0500] {dagbag.py:545} INFO - Filling up the DagBag from /Users/evankrupa/airflow_project/env/lib/python3.11/site-packages/airflow/example_dags/example_python_decorator.py
[2025-12-12T08:26:16.141-0500] {logging_mixin.py:188} INFO - [2025-12-12T08:26:16.141-0500] {example_python_decorator.py:80} WARNING - The virtalenv_python example task requires virtualenv, please install it.
[2025-12-12T08:26:16.142-0500] {processor.py:840} INFO - DAG(s) 'example_python_decorator' retrieved from /Users/evankrupa/airflow_project/env/lib/python3.11/site-packages/airflow/example_dags/example_python_decorator.py
[2025-12-12T08:26:16.169-0500] {logging_mixin.py:188} INFO - [2025-12-12T08:26:16.169-0500] {dag.py:3096} INFO - Sync 1 DAGs
[2025-12-12T08:26:16.172-0500] {logging_mixin.py:188} INFO - [2025-12-12T08:26:16.172-0500] {dag.py:3954} INFO - Setting next_dagrun for example_python_decorator to None, run_after=None
[2025-12-12T08:26:16.178-0500] {processor.py:183} INFO - Processing /Users/evankrupa/airflow_project/env/lib/python3.11/site-packages/airflow/example_dags/example_python_decorator.py took 0.052 seconds
[2025-12-12T08:27:41.462-0500] {processor.py:161} INFO - Started process (PID=64658) to work on /Users/evankrupa/airflow_project/env/lib/python3.11/site-packages/airflow/example_dags/example_python_decorator.py
[2025-12-12T08:27:41.463-0500] {processor.py:830} INFO - Processing file /Users/evankrupa/airflow_project/env/lib/python3.11/site-packages/airflow/example_dags/example_python_decorator.py for tasks to queue
[2025-12-12T08:27:41.464-0500] {logging_mixin.py:188} INFO - [2025-12-12T08:27:41.464-0500] {dagbag.py:545} INFO - Filling up the DagBag from /Users/evankrupa/airflow_project/env/lib/python3.11/site-packages/airflow/example_dags/example_python_decorator.py
[2025-12-12T08:27:41.476-0500] {logging_mixin.py:188} INFO - [2025-12-12T08:27:41.476-0500] {example_python_decorator.py:80} WARNING - The virtalenv_python example task requires virtualenv, please install it.
[2025-12-12T08:27:41.476-0500] {processor.py:840} INFO - DAG(s) 'example_python_decorator' retrieved from /Users/evankrupa/airflow_project/env/lib/python3.11/site-packages/airflow/example_dags/example_python_decorator.py
[2025-12-12T08:27:41.504-0500] {logging_mixin.py:188} INFO - [2025-12-12T08:27:41.504-0500] {dag.py:3096} INFO - Sync 1 DAGs
[2025-12-12T08:27:41.506-0500] {logging_mixin.py:188} INFO - [2025-12-12T08:27:41.506-0500] {dag.py:3954} INFO - Setting next_dagrun for example_python_decorator to None, run_after=None
[2025-12-12T08:27:41.512-0500] {processor.py:183} INFO - Processing /Users/evankrupa/airflow_project/env/lib/python3.11/site-packages/airflow/example_dags/example_python_decorator.py took 0.050 seconds
[2025-12-12T08:29:05.630-0500] {processor.py:161} INFO - Started process (PID=64739) to work on /Users/evankrupa/airflow_project/env/lib/python3.11/site-packages/airflow/example_dags/example_python_decorator.py
[2025-12-12T08:29:05.631-0500] {processor.py:830} INFO - Processing file /Users/evankrupa/airflow_project/env/lib/python3.11/site-packages/airflow/example_dags/example_python_decorator.py for tasks to queue
[2025-12-12T08:29:05.631-0500] {logging_mixin.py:188} INFO - [2025-12-12T08:29:05.631-0500] {dagbag.py:545} INFO - Filling up the DagBag from /Users/evankrupa/airflow_project/env/lib/python3.11/site-packages/airflow/example_dags/example_python_decorator.py
[2025-12-12T08:29:05.643-0500] {logging_mixin.py:188} INFO - [2025-12-12T08:29:05.643-0500] {example_python_decorator.py:80} WARNING - The virtalenv_python example task requires virtualenv, please install it.
[2025-12-12T08:29:05.644-0500] {processor.py:840} INFO - DAG(s) 'example_python_decorator' retrieved from /Users/evankrupa/airflow_project/env/lib/python3.11/site-packages/airflow/example_dags/example_python_decorator.py
[2025-12-12T08:29:05.671-0500] {logging_mixin.py:188} INFO - [2025-12-12T08:29:05.671-0500] {dag.py:3096} INFO - Sync 1 DAGs
[2025-12-12T08:29:05.674-0500] {logging_mixin.py:188} INFO - [2025-12-12T08:29:05.674-0500] {dag.py:3954} INFO - Setting next_dagrun for example_python_decorator to None, run_after=None
[2025-12-12T08:29:05.679-0500] {processor.py:183} INFO - Processing /Users/evankrupa/airflow_project/env/lib/python3.11/site-packages/airflow/example_dags/example_python_decorator.py took 0.050 seconds
[2025-12-12T08:30:26.986-0500] {processor.py:161} INFO - Started process (PID=64820) to work on /Users/evankrupa/airflow_project/env/lib/python3.11/site-packages/airflow/example_dags/example_python_decorator.py
[2025-12-12T08:30:26.987-0500] {processor.py:830} INFO - Processing file /Users/evankrupa/airflow_project/env/lib/python3.11/site-packages/airflow/example_dags/example_python_decorator.py for tasks to queue
[2025-12-12T08:30:26.987-0500] {logging_mixin.py:188} INFO - [2025-12-12T08:30:26.987-0500] {dagbag.py:545} INFO - Filling up the DagBag from /Users/evankrupa/airflow_project/env/lib/python3.11/site-packages/airflow/example_dags/example_python_decorator.py
[2025-12-12T08:30:26.999-0500] {logging_mixin.py:188} INFO - [2025-12-12T08:30:26.999-0500] {example_python_decorator.py:80} WARNING - The virtalenv_python example task requires virtualenv, please install it.
[2025-12-12T08:30:27.000-0500] {processor.py:840} INFO - DAG(s) 'example_python_decorator' retrieved from /Users/evankrupa/airflow_project/env/lib/python3.11/site-packages/airflow/example_dags/example_python_decorator.py
[2025-12-12T08:30:27.028-0500] {logging_mixin.py:188} INFO - [2025-12-12T08:30:27.028-0500] {dag.py:3096} INFO - Sync 1 DAGs
[2025-12-12T08:30:27.031-0500] {logging_mixin.py:188} INFO - [2025-12-12T08:30:27.031-0500] {dag.py:3954} INFO - Setting next_dagrun for example_python_decorator to None, run_after=None
[2025-12-12T08:30:27.036-0500] {processor.py:183} INFO - Processing /Users/evankrupa/airflow_project/env/lib/python3.11/site-packages/airflow/example_dags/example_python_decorator.py took 0.051 seconds
[2025-12-12T08:31:48.998-0500] {processor.py:161} INFO - Started process (PID=64898) to work on /Users/evankrupa/airflow_project/env/lib/python3.11/site-packages/airflow/example_dags/example_python_decorator.py
[2025-12-12T08:31:48.999-0500] {processor.py:830} INFO - Processing file /Users/evankrupa/airflow_project/env/lib/python3.11/site-packages/airflow/example_dags/example_python_decorator.py for tasks to queue
[2025-12-12T08:31:48.999-0500] {logging_mixin.py:188} INFO - [2025-12-12T08:31:48.999-0500] {dagbag.py:545} INFO - Filling up the DagBag from /Users/evankrupa/airflow_project/env/lib/python3.11/site-packages/airflow/example_dags/example_python_decorator.py
[2025-12-12T08:31:49.012-0500] {logging_mixin.py:188} INFO - [2025-12-12T08:31:49.012-0500] {example_python_decorator.py:80} WARNING - The virtalenv_python example task requires virtualenv, please install it.
[2025-12-12T08:31:49.012-0500] {processor.py:840} INFO - DAG(s) 'example_python_decorator' retrieved from /Users/evankrupa/airflow_project/env/lib/python3.11/site-packages/airflow/example_dags/example_python_decorator.py
[2025-12-12T08:31:49.040-0500] {logging_mixin.py:188} INFO - [2025-12-12T08:31:49.040-0500] {dag.py:3096} INFO - Sync 1 DAGs
[2025-12-12T08:31:49.042-0500] {logging_mixin.py:188} INFO - [2025-12-12T08:31:49.042-0500] {dag.py:3954} INFO - Setting next_dagrun for example_python_decorator to None, run_after=None
[2025-12-12T08:31:49.048-0500] {processor.py:183} INFO - Processing /Users/evankrupa/airflow_project/env/lib/python3.11/site-packages/airflow/example_dags/example_python_decorator.py took 0.051 seconds
[2025-12-12T08:33:13.075-0500] {processor.py:161} INFO - Started process (PID=64997) to work on /Users/evankrupa/airflow_project/env/lib/python3.11/site-packages/airflow/example_dags/example_python_decorator.py
[2025-12-12T08:33:13.076-0500] {processor.py:830} INFO - Processing file /Users/evankrupa/airflow_project/env/lib/python3.11/site-packages/airflow/example_dags/example_python_decorator.py for tasks to queue
[2025-12-12T08:33:13.076-0500] {logging_mixin.py:188} INFO - [2025-12-12T08:33:13.076-0500] {dagbag.py:545} INFO - Filling up the DagBag from /Users/evankrupa/airflow_project/env/lib/python3.11/site-packages/airflow/example_dags/example_python_decorator.py
[2025-12-12T08:33:13.088-0500] {logging_mixin.py:188} INFO - [2025-12-12T08:33:13.088-0500] {example_python_decorator.py:80} WARNING - The virtalenv_python example task requires virtualenv, please install it.
[2025-12-12T08:33:13.089-0500] {processor.py:840} INFO - DAG(s) 'example_python_decorator' retrieved from /Users/evankrupa/airflow_project/env/lib/python3.11/site-packages/airflow/example_dags/example_python_decorator.py
[2025-12-12T08:33:13.116-0500] {logging_mixin.py:188} INFO - [2025-12-12T08:33:13.116-0500] {dag.py:3096} INFO - Sync 1 DAGs
[2025-12-12T08:33:13.119-0500] {logging_mixin.py:188} INFO - [2025-12-12T08:33:13.119-0500] {dag.py:3954} INFO - Setting next_dagrun for example_python_decorator to None, run_after=None
[2025-12-12T08:33:13.124-0500] {processor.py:183} INFO - Processing /Users/evankrupa/airflow_project/env/lib/python3.11/site-packages/airflow/example_dags/example_python_decorator.py took 0.050 seconds
[2025-12-12T08:34:40.202-0500] {processor.py:161} INFO - Started process (PID=65089) to work on /Users/evankrupa/airflow_project/env/lib/python3.11/site-packages/airflow/example_dags/example_python_decorator.py
[2025-12-12T08:34:40.203-0500] {processor.py:830} INFO - Processing file /Users/evankrupa/airflow_project/env/lib/python3.11/site-packages/airflow/example_dags/example_python_decorator.py for tasks to queue
[2025-12-12T08:34:40.204-0500] {logging_mixin.py:188} INFO - [2025-12-12T08:34:40.204-0500] {dagbag.py:545} INFO - Filling up the DagBag from /Users/evankrupa/airflow_project/env/lib/python3.11/site-packages/airflow/example_dags/example_python_decorator.py
[2025-12-12T08:34:40.216-0500] {logging_mixin.py:188} INFO - [2025-12-12T08:34:40.216-0500] {example_python_decorator.py:80} WARNING - The virtalenv_python example task requires virtualenv, please install it.
[2025-12-12T08:34:40.217-0500] {processor.py:840} INFO - DAG(s) 'example_python_decorator' retrieved from /Users/evankrupa/airflow_project/env/lib/python3.11/site-packages/airflow/example_dags/example_python_decorator.py
[2025-12-12T08:34:40.245-0500] {logging_mixin.py:188} INFO - [2025-12-12T08:34:40.245-0500] {dag.py:3096} INFO - Sync 1 DAGs
[2025-12-12T08:34:40.248-0500] {logging_mixin.py:188} INFO - [2025-12-12T08:34:40.248-0500] {dag.py:3954} INFO - Setting next_dagrun for example_python_decorator to None, run_after=None
[2025-12-12T08:34:40.254-0500] {processor.py:183} INFO - Processing /Users/evankrupa/airflow_project/env/lib/python3.11/site-packages/airflow/example_dags/example_python_decorator.py took 0.052 seconds
[2025-12-12T08:36:06.021-0500] {processor.py:161} INFO - Started process (PID=65185) to work on /Users/evankrupa/airflow_project/env/lib/python3.11/site-packages/airflow/example_dags/example_python_decorator.py
[2025-12-12T08:36:06.022-0500] {processor.py:830} INFO - Processing file /Users/evankrupa/airflow_project/env/lib/python3.11/site-packages/airflow/example_dags/example_python_decorator.py for tasks to queue
[2025-12-12T08:36:06.022-0500] {logging_mixin.py:188} INFO - [2025-12-12T08:36:06.022-0500] {dagbag.py:545} INFO - Filling up the DagBag from /Users/evankrupa/airflow_project/env/lib/python3.11/site-packages/airflow/example_dags/example_python_decorator.py
[2025-12-12T08:36:06.034-0500] {logging_mixin.py:188} INFO - [2025-12-12T08:36:06.034-0500] {example_python_decorator.py:80} WARNING - The virtalenv_python example task requires virtualenv, please install it.
[2025-12-12T08:36:06.035-0500] {processor.py:840} INFO - DAG(s) 'example_python_decorator' retrieved from /Users/evankrupa/airflow_project/env/lib/python3.11/site-packages/airflow/example_dags/example_python_decorator.py
[2025-12-12T08:36:06.062-0500] {logging_mixin.py:188} INFO - [2025-12-12T08:36:06.062-0500] {dag.py:3096} INFO - Sync 1 DAGs
[2025-12-12T08:36:06.065-0500] {logging_mixin.py:188} INFO - [2025-12-12T08:36:06.065-0500] {dag.py:3954} INFO - Setting next_dagrun for example_python_decorator to None, run_after=None
[2025-12-12T08:36:06.070-0500] {processor.py:183} INFO - Processing /Users/evankrupa/airflow_project/env/lib/python3.11/site-packages/airflow/example_dags/example_python_decorator.py took 0.050 seconds
[2025-12-12T08:37:28.114-0500] {processor.py:161} INFO - Started process (PID=65255) to work on /Users/evankrupa/airflow_project/env/lib/python3.11/site-packages/airflow/example_dags/example_python_decorator.py
[2025-12-12T08:37:28.115-0500] {processor.py:830} INFO - Processing file /Users/evankrupa/airflow_project/env/lib/python3.11/site-packages/airflow/example_dags/example_python_decorator.py for tasks to queue
[2025-12-12T08:37:28.115-0500] {logging_mixin.py:188} INFO - [2025-12-12T08:37:28.115-0500] {dagbag.py:545} INFO - Filling up the DagBag from /Users/evankrupa/airflow_project/env/lib/python3.11/site-packages/airflow/example_dags/example_python_decorator.py
[2025-12-12T08:37:28.127-0500] {logging_mixin.py:188} INFO - [2025-12-12T08:37:28.127-0500] {example_python_decorator.py:80} WARNING - The virtalenv_python example task requires virtualenv, please install it.
[2025-12-12T08:37:28.128-0500] {processor.py:840} INFO - DAG(s) 'example_python_decorator' retrieved from /Users/evankrupa/airflow_project/env/lib/python3.11/site-packages/airflow/example_dags/example_python_decorator.py
[2025-12-12T08:37:28.156-0500] {logging_mixin.py:188} INFO - [2025-12-12T08:37:28.156-0500] {dag.py:3096} INFO - Sync 1 DAGs
[2025-12-12T08:37:28.158-0500] {logging_mixin.py:188} INFO - [2025-12-12T08:37:28.158-0500] {dag.py:3954} INFO - Setting next_dagrun for example_python_decorator to None, run_after=None
[2025-12-12T08:37:28.164-0500] {processor.py:183} INFO - Processing /Users/evankrupa/airflow_project/env/lib/python3.11/site-packages/airflow/example_dags/example_python_decorator.py took 0.051 seconds
[2025-12-12T08:38:53.167-0500] {processor.py:161} INFO - Started process (PID=65332) to work on /Users/evankrupa/airflow_project/env/lib/python3.11/site-packages/airflow/example_dags/example_python_decorator.py
[2025-12-12T08:38:53.168-0500] {processor.py:830} INFO - Processing file /Users/evankrupa/airflow_project/env/lib/python3.11/site-packages/airflow/example_dags/example_python_decorator.py for tasks to queue
[2025-12-12T08:38:53.168-0500] {logging_mixin.py:188} INFO - [2025-12-12T08:38:53.168-0500] {dagbag.py:545} INFO - Filling up the DagBag from /Users/evankrupa/airflow_project/env/lib/python3.11/site-packages/airflow/example_dags/example_python_decorator.py
[2025-12-12T08:38:53.180-0500] {logging_mixin.py:188} INFO - [2025-12-12T08:38:53.180-0500] {example_python_decorator.py:80} WARNING - The virtalenv_python example task requires virtualenv, please install it.
[2025-12-12T08:38:53.180-0500] {processor.py:840} INFO - DAG(s) 'example_python_decorator' retrieved from /Users/evankrupa/airflow_project/env/lib/python3.11/site-packages/airflow/example_dags/example_python_decorator.py
[2025-12-12T08:38:53.208-0500] {logging_mixin.py:188} INFO - [2025-12-12T08:38:53.208-0500] {dag.py:3096} INFO - Sync 1 DAGs
[2025-12-12T08:38:53.210-0500] {logging_mixin.py:188} INFO - [2025-12-12T08:38:53.210-0500] {dag.py:3954} INFO - Setting next_dagrun for example_python_decorator to None, run_after=None
[2025-12-12T08:38:53.216-0500] {processor.py:183} INFO - Processing /Users/evankrupa/airflow_project/env/lib/python3.11/site-packages/airflow/example_dags/example_python_decorator.py took 0.050 seconds
[2025-12-12T08:40:16.587-0500] {processor.py:161} INFO - Started process (PID=65404) to work on /Users/evankrupa/airflow_project/env/lib/python3.11/site-packages/airflow/example_dags/example_python_decorator.py
[2025-12-12T08:40:16.588-0500] {processor.py:830} INFO - Processing file /Users/evankrupa/airflow_project/env/lib/python3.11/site-packages/airflow/example_dags/example_python_decorator.py for tasks to queue
[2025-12-12T08:40:16.589-0500] {logging_mixin.py:188} INFO - [2025-12-12T08:40:16.588-0500] {dagbag.py:545} INFO - Filling up the DagBag from /Users/evankrupa/airflow_project/env/lib/python3.11/site-packages/airflow/example_dags/example_python_decorator.py
[2025-12-12T08:40:16.600-0500] {logging_mixin.py:188} INFO - [2025-12-12T08:40:16.600-0500] {example_python_decorator.py:80} WARNING - The virtalenv_python example task requires virtualenv, please install it.
[2025-12-12T08:40:16.601-0500] {processor.py:840} INFO - DAG(s) 'example_python_decorator' retrieved from /Users/evankrupa/airflow_project/env/lib/python3.11/site-packages/airflow/example_dags/example_python_decorator.py
[2025-12-12T08:40:16.628-0500] {logging_mixin.py:188} INFO - [2025-12-12T08:40:16.628-0500] {dag.py:3096} INFO - Sync 1 DAGs
[2025-12-12T08:40:16.631-0500] {logging_mixin.py:188} INFO - [2025-12-12T08:40:16.630-0500] {dag.py:3954} INFO - Setting next_dagrun for example_python_decorator to None, run_after=None
[2025-12-12T08:40:16.636-0500] {processor.py:183} INFO - Processing /Users/evankrupa/airflow_project/env/lib/python3.11/site-packages/airflow/example_dags/example_python_decorator.py took 0.049 seconds
[2025-12-12T08:41:40.374-0500] {processor.py:161} INFO - Started process (PID=65489) to work on /Users/evankrupa/airflow_project/env/lib/python3.11/site-packages/airflow/example_dags/example_python_decorator.py
[2025-12-12T08:41:40.375-0500] {processor.py:830} INFO - Processing file /Users/evankrupa/airflow_project/env/lib/python3.11/site-packages/airflow/example_dags/example_python_decorator.py for tasks to queue
[2025-12-12T08:41:40.375-0500] {logging_mixin.py:188} INFO - [2025-12-12T08:41:40.375-0500] {dagbag.py:545} INFO - Filling up the DagBag from /Users/evankrupa/airflow_project/env/lib/python3.11/site-packages/airflow/example_dags/example_python_decorator.py
[2025-12-12T08:41:40.387-0500] {logging_mixin.py:188} INFO - [2025-12-12T08:41:40.387-0500] {example_python_decorator.py:80} WARNING - The virtalenv_python example task requires virtualenv, please install it.
[2025-12-12T08:41:40.388-0500] {processor.py:840} INFO - DAG(s) 'example_python_decorator' retrieved from /Users/evankrupa/airflow_project/env/lib/python3.11/site-packages/airflow/example_dags/example_python_decorator.py
[2025-12-12T08:41:40.415-0500] {logging_mixin.py:188} INFO - [2025-12-12T08:41:40.415-0500] {dag.py:3096} INFO - Sync 1 DAGs
[2025-12-12T08:41:40.418-0500] {logging_mixin.py:188} INFO - [2025-12-12T08:41:40.418-0500] {dag.py:3954} INFO - Setting next_dagrun for example_python_decorator to None, run_after=None
[2025-12-12T08:41:40.423-0500] {processor.py:183} INFO - Processing /Users/evankrupa/airflow_project/env/lib/python3.11/site-packages/airflow/example_dags/example_python_decorator.py took 0.050 seconds
[2025-12-12T08:43:02.771-0500] {processor.py:161} INFO - Started process (PID=65568) to work on /Users/evankrupa/airflow_project/env/lib/python3.11/site-packages/airflow/example_dags/example_python_decorator.py
[2025-12-12T08:43:02.773-0500] {processor.py:830} INFO - Processing file /Users/evankrupa/airflow_project/env/lib/python3.11/site-packages/airflow/example_dags/example_python_decorator.py for tasks to queue
[2025-12-12T08:43:02.773-0500] {logging_mixin.py:188} INFO - [2025-12-12T08:43:02.773-0500] {dagbag.py:545} INFO - Filling up the DagBag from /Users/evankrupa/airflow_project/env/lib/python3.11/site-packages/airflow/example_dags/example_python_decorator.py
[2025-12-12T08:43:02.785-0500] {logging_mixin.py:188} INFO - [2025-12-12T08:43:02.785-0500] {example_python_decorator.py:80} WARNING - The virtalenv_python example task requires virtualenv, please install it.
[2025-12-12T08:43:02.785-0500] {processor.py:840} INFO - DAG(s) 'example_python_decorator' retrieved from /Users/evankrupa/airflow_project/env/lib/python3.11/site-packages/airflow/example_dags/example_python_decorator.py
[2025-12-12T08:43:02.812-0500] {logging_mixin.py:188} INFO - [2025-12-12T08:43:02.812-0500] {dag.py:3096} INFO - Sync 1 DAGs
[2025-12-12T08:43:02.815-0500] {logging_mixin.py:188} INFO - [2025-12-12T08:43:02.815-0500] {dag.py:3954} INFO - Setting next_dagrun for example_python_decorator to None, run_after=None
[2025-12-12T08:43:02.820-0500] {processor.py:183} INFO - Processing /Users/evankrupa/airflow_project/env/lib/python3.11/site-packages/airflow/example_dags/example_python_decorator.py took 0.050 seconds
[2025-12-12T08:44:26.642-0500] {processor.py:161} INFO - Started process (PID=65638) to work on /Users/evankrupa/airflow_project/env/lib/python3.11/site-packages/airflow/example_dags/example_python_decorator.py
[2025-12-12T08:44:26.643-0500] {processor.py:830} INFO - Processing file /Users/evankrupa/airflow_project/env/lib/python3.11/site-packages/airflow/example_dags/example_python_decorator.py for tasks to queue
[2025-12-12T08:44:26.643-0500] {logging_mixin.py:188} INFO - [2025-12-12T08:44:26.643-0500] {dagbag.py:545} INFO - Filling up the DagBag from /Users/evankrupa/airflow_project/env/lib/python3.11/site-packages/airflow/example_dags/example_python_decorator.py
[2025-12-12T08:44:26.655-0500] {logging_mixin.py:188} INFO - [2025-12-12T08:44:26.655-0500] {example_python_decorator.py:80} WARNING - The virtalenv_python example task requires virtualenv, please install it.
[2025-12-12T08:44:26.656-0500] {processor.py:840} INFO - DAG(s) 'example_python_decorator' retrieved from /Users/evankrupa/airflow_project/env/lib/python3.11/site-packages/airflow/example_dags/example_python_decorator.py
[2025-12-12T08:44:26.683-0500] {logging_mixin.py:188} INFO - [2025-12-12T08:44:26.683-0500] {dag.py:3096} INFO - Sync 1 DAGs
[2025-12-12T08:44:26.686-0500] {logging_mixin.py:188} INFO - [2025-12-12T08:44:26.686-0500] {dag.py:3954} INFO - Setting next_dagrun for example_python_decorator to None, run_after=None
[2025-12-12T08:44:26.692-0500] {processor.py:183} INFO - Processing /Users/evankrupa/airflow_project/env/lib/python3.11/site-packages/airflow/example_dags/example_python_decorator.py took 0.051 seconds
[2025-12-12T08:45:51.695-0500] {processor.py:161} INFO - Started process (PID=65718) to work on /Users/evankrupa/airflow_project/env/lib/python3.11/site-packages/airflow/example_dags/example_python_decorator.py
[2025-12-12T08:45:51.696-0500] {processor.py:830} INFO - Processing file /Users/evankrupa/airflow_project/env/lib/python3.11/site-packages/airflow/example_dags/example_python_decorator.py for tasks to queue
[2025-12-12T08:45:51.696-0500] {logging_mixin.py:188} INFO - [2025-12-12T08:45:51.696-0500] {dagbag.py:545} INFO - Filling up the DagBag from /Users/evankrupa/airflow_project/env/lib/python3.11/site-packages/airflow/example_dags/example_python_decorator.py
[2025-12-12T08:45:51.708-0500] {logging_mixin.py:188} INFO - [2025-12-12T08:45:51.708-0500] {example_python_decorator.py:80} WARNING - The virtalenv_python example task requires virtualenv, please install it.
[2025-12-12T08:45:51.708-0500] {processor.py:840} INFO - DAG(s) 'example_python_decorator' retrieved from /Users/evankrupa/airflow_project/env/lib/python3.11/site-packages/airflow/example_dags/example_python_decorator.py
[2025-12-12T08:45:51.735-0500] {logging_mixin.py:188} INFO - [2025-12-12T08:45:51.735-0500] {dag.py:3096} INFO - Sync 1 DAGs
[2025-12-12T08:45:51.738-0500] {logging_mixin.py:188} INFO - [2025-12-12T08:45:51.738-0500] {dag.py:3954} INFO - Setting next_dagrun for example_python_decorator to None, run_after=None
[2025-12-12T08:45:51.743-0500] {processor.py:183} INFO - Processing /Users/evankrupa/airflow_project/env/lib/python3.11/site-packages/airflow/example_dags/example_python_decorator.py took 0.049 seconds
