[2025-12-12T07:26:04.987-0500] {processor.py:161} INFO - Started process (PID=56890) to work on /Users/evankrupa/airflow_project/env/lib/python3.11/site-packages/airflow/example_dags/example_branch_operator_decorator.py
[2025-12-12T07:26:04.987-0500] {processor.py:830} INFO - Processing file /Users/evankrupa/airflow_project/env/lib/python3.11/site-packages/airflow/example_dags/example_branch_operator_decorator.py for tasks to queue
[2025-12-12T07:26:04.987-0500] {logging_mixin.py:188} INFO - [2025-12-12T07:26:04.987-0500] {dagbag.py:545} INFO - Filling up the DagBag from /Users/evankrupa/airflow_project/env/lib/python3.11/site-packages/airflow/example_dags/example_branch_operator_decorator.py
[2025-12-12T07:26:04.995-0500] {processor.py:842} WARNING - No viable dags retrieved from /Users/evankrupa/airflow_project/env/lib/python3.11/site-packages/airflow/example_dags/example_branch_operator_decorator.py
[2025-12-12T07:26:05.017-0500] {processor.py:183} INFO - Processing /Users/evankrupa/airflow_project/env/lib/python3.11/site-packages/airflow/example_dags/example_branch_operator_decorator.py took 0.031 seconds
[2025-12-12T07:27:30.247-0500] {processor.py:161} INFO - Started process (PID=57519) to work on /Users/evankrupa/airflow_project/env/lib/python3.11/site-packages/airflow/example_dags/example_branch_operator_decorator.py
[2025-12-12T07:27:30.248-0500] {processor.py:830} INFO - Processing file /Users/evankrupa/airflow_project/env/lib/python3.11/site-packages/airflow/example_dags/example_branch_operator_decorator.py for tasks to queue
[2025-12-12T07:27:30.248-0500] {logging_mixin.py:188} INFO - [2025-12-12T07:27:30.248-0500] {dagbag.py:545} INFO - Filling up the DagBag from /Users/evankrupa/airflow_project/env/lib/python3.11/site-packages/airflow/example_dags/example_branch_operator_decorator.py
[2025-12-12T07:27:30.256-0500] {processor.py:842} WARNING - No viable dags retrieved from /Users/evankrupa/airflow_project/env/lib/python3.11/site-packages/airflow/example_dags/example_branch_operator_decorator.py
[2025-12-12T07:27:30.278-0500] {processor.py:183} INFO - Processing /Users/evankrupa/airflow_project/env/lib/python3.11/site-packages/airflow/example_dags/example_branch_operator_decorator.py took 0.032 seconds
[2025-12-12T07:28:57.068-0500] {processor.py:161} INFO - Started process (PID=57768) to work on /Users/evankrupa/airflow_project/env/lib/python3.11/site-packages/airflow/example_dags/example_branch_operator_decorator.py
[2025-12-12T07:28:57.069-0500] {processor.py:830} INFO - Processing file /Users/evankrupa/airflow_project/env/lib/python3.11/site-packages/airflow/example_dags/example_branch_operator_decorator.py for tasks to queue
[2025-12-12T07:28:57.069-0500] {logging_mixin.py:188} INFO - [2025-12-12T07:28:57.069-0500] {dagbag.py:545} INFO - Filling up the DagBag from /Users/evankrupa/airflow_project/env/lib/python3.11/site-packages/airflow/example_dags/example_branch_operator_decorator.py
[2025-12-12T07:28:57.077-0500] {processor.py:842} WARNING - No viable dags retrieved from /Users/evankrupa/airflow_project/env/lib/python3.11/site-packages/airflow/example_dags/example_branch_operator_decorator.py
[2025-12-12T07:28:57.099-0500] {processor.py:183} INFO - Processing /Users/evankrupa/airflow_project/env/lib/python3.11/site-packages/airflow/example_dags/example_branch_operator_decorator.py took 0.032 seconds
[2025-12-12T07:30:22.167-0500] {processor.py:161} INFO - Started process (PID=58011) to work on /Users/evankrupa/airflow_project/env/lib/python3.11/site-packages/airflow/example_dags/example_branch_operator_decorator.py
[2025-12-12T07:30:22.168-0500] {processor.py:830} INFO - Processing file /Users/evankrupa/airflow_project/env/lib/python3.11/site-packages/airflow/example_dags/example_branch_operator_decorator.py for tasks to queue
[2025-12-12T07:30:22.168-0500] {logging_mixin.py:188} INFO - [2025-12-12T07:30:22.168-0500] {dagbag.py:545} INFO - Filling up the DagBag from /Users/evankrupa/airflow_project/env/lib/python3.11/site-packages/airflow/example_dags/example_branch_operator_decorator.py
[2025-12-12T07:30:22.176-0500] {processor.py:842} WARNING - No viable dags retrieved from /Users/evankrupa/airflow_project/env/lib/python3.11/site-packages/airflow/example_dags/example_branch_operator_decorator.py
[2025-12-12T07:30:22.198-0500] {processor.py:183} INFO - Processing /Users/evankrupa/airflow_project/env/lib/python3.11/site-packages/airflow/example_dags/example_branch_operator_decorator.py took 0.032 seconds
[2025-12-12T07:31:47.951-0500] {processor.py:161} INFO - Started process (PID=58347) to work on /Users/evankrupa/airflow_project/env/lib/python3.11/site-packages/airflow/example_dags/example_branch_operator_decorator.py
[2025-12-12T07:31:47.951-0500] {processor.py:830} INFO - Processing file /Users/evankrupa/airflow_project/env/lib/python3.11/site-packages/airflow/example_dags/example_branch_operator_decorator.py for tasks to queue
[2025-12-12T07:31:47.952-0500] {logging_mixin.py:188} INFO - [2025-12-12T07:31:47.951-0500] {dagbag.py:545} INFO - Filling up the DagBag from /Users/evankrupa/airflow_project/env/lib/python3.11/site-packages/airflow/example_dags/example_branch_operator_decorator.py
[2025-12-12T07:31:47.959-0500] {processor.py:842} WARNING - No viable dags retrieved from /Users/evankrupa/airflow_project/env/lib/python3.11/site-packages/airflow/example_dags/example_branch_operator_decorator.py
[2025-12-12T07:31:47.981-0500] {processor.py:183} INFO - Processing /Users/evankrupa/airflow_project/env/lib/python3.11/site-packages/airflow/example_dags/example_branch_operator_decorator.py took 0.031 seconds
[2025-12-12T07:33:14.640-0500] {processor.py:161} INFO - Started process (PID=58442) to work on /Users/evankrupa/airflow_project/env/lib/python3.11/site-packages/airflow/example_dags/example_branch_operator_decorator.py
[2025-12-12T07:33:14.641-0500] {processor.py:830} INFO - Processing file /Users/evankrupa/airflow_project/env/lib/python3.11/site-packages/airflow/example_dags/example_branch_operator_decorator.py for tasks to queue
[2025-12-12T07:33:14.641-0500] {logging_mixin.py:188} INFO - [2025-12-12T07:33:14.641-0500] {dagbag.py:545} INFO - Filling up the DagBag from /Users/evankrupa/airflow_project/env/lib/python3.11/site-packages/airflow/example_dags/example_branch_operator_decorator.py
[2025-12-12T07:33:14.648-0500] {processor.py:842} WARNING - No viable dags retrieved from /Users/evankrupa/airflow_project/env/lib/python3.11/site-packages/airflow/example_dags/example_branch_operator_decorator.py
[2025-12-12T07:33:14.671-0500] {processor.py:183} INFO - Processing /Users/evankrupa/airflow_project/env/lib/python3.11/site-packages/airflow/example_dags/example_branch_operator_decorator.py took 0.032 seconds
[2025-12-12T07:34:40.138-0500] {processor.py:161} INFO - Started process (PID=58522) to work on /Users/evankrupa/airflow_project/env/lib/python3.11/site-packages/airflow/example_dags/example_branch_operator_decorator.py
[2025-12-12T07:34:40.139-0500] {processor.py:830} INFO - Processing file /Users/evankrupa/airflow_project/env/lib/python3.11/site-packages/airflow/example_dags/example_branch_operator_decorator.py for tasks to queue
[2025-12-12T07:34:40.139-0500] {logging_mixin.py:188} INFO - [2025-12-12T07:34:40.139-0500] {dagbag.py:545} INFO - Filling up the DagBag from /Users/evankrupa/airflow_project/env/lib/python3.11/site-packages/airflow/example_dags/example_branch_operator_decorator.py
[2025-12-12T07:34:40.146-0500] {processor.py:842} WARNING - No viable dags retrieved from /Users/evankrupa/airflow_project/env/lib/python3.11/site-packages/airflow/example_dags/example_branch_operator_decorator.py
[2025-12-12T07:34:40.168-0500] {processor.py:183} INFO - Processing /Users/evankrupa/airflow_project/env/lib/python3.11/site-packages/airflow/example_dags/example_branch_operator_decorator.py took 0.031 seconds
[2025-12-12T07:36:03.072-0500] {processor.py:161} INFO - Started process (PID=58594) to work on /Users/evankrupa/airflow_project/env/lib/python3.11/site-packages/airflow/example_dags/example_branch_operator_decorator.py
[2025-12-12T07:36:03.073-0500] {processor.py:830} INFO - Processing file /Users/evankrupa/airflow_project/env/lib/python3.11/site-packages/airflow/example_dags/example_branch_operator_decorator.py for tasks to queue
[2025-12-12T07:36:03.073-0500] {logging_mixin.py:188} INFO - [2025-12-12T07:36:03.073-0500] {dagbag.py:545} INFO - Filling up the DagBag from /Users/evankrupa/airflow_project/env/lib/python3.11/site-packages/airflow/example_dags/example_branch_operator_decorator.py
[2025-12-12T07:36:03.081-0500] {processor.py:842} WARNING - No viable dags retrieved from /Users/evankrupa/airflow_project/env/lib/python3.11/site-packages/airflow/example_dags/example_branch_operator_decorator.py
[2025-12-12T07:36:03.103-0500] {processor.py:183} INFO - Processing /Users/evankrupa/airflow_project/env/lib/python3.11/site-packages/airflow/example_dags/example_branch_operator_decorator.py took 0.032 seconds
[2025-12-12T07:37:27.306-0500] {processor.py:161} INFO - Started process (PID=58662) to work on /Users/evankrupa/airflow_project/env/lib/python3.11/site-packages/airflow/example_dags/example_branch_operator_decorator.py
[2025-12-12T07:37:27.306-0500] {processor.py:830} INFO - Processing file /Users/evankrupa/airflow_project/env/lib/python3.11/site-packages/airflow/example_dags/example_branch_operator_decorator.py for tasks to queue
[2025-12-12T07:37:27.306-0500] {logging_mixin.py:188} INFO - [2025-12-12T07:37:27.306-0500] {dagbag.py:545} INFO - Filling up the DagBag from /Users/evankrupa/airflow_project/env/lib/python3.11/site-packages/airflow/example_dags/example_branch_operator_decorator.py
[2025-12-12T07:37:27.314-0500] {processor.py:842} WARNING - No viable dags retrieved from /Users/evankrupa/airflow_project/env/lib/python3.11/site-packages/airflow/example_dags/example_branch_operator_decorator.py
[2025-12-12T07:37:27.336-0500] {processor.py:183} INFO - Processing /Users/evankrupa/airflow_project/env/lib/python3.11/site-packages/airflow/example_dags/example_branch_operator_decorator.py took 0.032 seconds
[2025-12-12T07:38:51.037-0500] {processor.py:161} INFO - Started process (PID=58747) to work on /Users/evankrupa/airflow_project/env/lib/python3.11/site-packages/airflow/example_dags/example_branch_operator_decorator.py
[2025-12-12T07:38:51.037-0500] {processor.py:830} INFO - Processing file /Users/evankrupa/airflow_project/env/lib/python3.11/site-packages/airflow/example_dags/example_branch_operator_decorator.py for tasks to queue
[2025-12-12T07:38:51.038-0500] {logging_mixin.py:188} INFO - [2025-12-12T07:38:51.038-0500] {dagbag.py:545} INFO - Filling up the DagBag from /Users/evankrupa/airflow_project/env/lib/python3.11/site-packages/airflow/example_dags/example_branch_operator_decorator.py
[2025-12-12T07:38:51.045-0500] {processor.py:842} WARNING - No viable dags retrieved from /Users/evankrupa/airflow_project/env/lib/python3.11/site-packages/airflow/example_dags/example_branch_operator_decorator.py
[2025-12-12T07:38:51.068-0500] {processor.py:183} INFO - Processing /Users/evankrupa/airflow_project/env/lib/python3.11/site-packages/airflow/example_dags/example_branch_operator_decorator.py took 0.032 seconds
[2025-12-12T07:40:17.630-0500] {processor.py:161} INFO - Started process (PID=58869) to work on /Users/evankrupa/airflow_project/env/lib/python3.11/site-packages/airflow/example_dags/example_branch_operator_decorator.py
[2025-12-12T07:40:17.630-0500] {processor.py:830} INFO - Processing file /Users/evankrupa/airflow_project/env/lib/python3.11/site-packages/airflow/example_dags/example_branch_operator_decorator.py for tasks to queue
[2025-12-12T07:40:17.630-0500] {logging_mixin.py:188} INFO - [2025-12-12T07:40:17.630-0500] {dagbag.py:545} INFO - Filling up the DagBag from /Users/evankrupa/airflow_project/env/lib/python3.11/site-packages/airflow/example_dags/example_branch_operator_decorator.py
[2025-12-12T07:40:17.638-0500] {processor.py:842} WARNING - No viable dags retrieved from /Users/evankrupa/airflow_project/env/lib/python3.11/site-packages/airflow/example_dags/example_branch_operator_decorator.py
[2025-12-12T07:40:17.660-0500] {processor.py:183} INFO - Processing /Users/evankrupa/airflow_project/env/lib/python3.11/site-packages/airflow/example_dags/example_branch_operator_decorator.py took 0.031 seconds
[2025-12-12T07:41:43.629-0500] {processor.py:161} INFO - Started process (PID=58960) to work on /Users/evankrupa/airflow_project/env/lib/python3.11/site-packages/airflow/example_dags/example_branch_operator_decorator.py
[2025-12-12T07:41:43.630-0500] {processor.py:830} INFO - Processing file /Users/evankrupa/airflow_project/env/lib/python3.11/site-packages/airflow/example_dags/example_branch_operator_decorator.py for tasks to queue
[2025-12-12T07:41:43.630-0500] {logging_mixin.py:188} INFO - [2025-12-12T07:41:43.630-0500] {dagbag.py:545} INFO - Filling up the DagBag from /Users/evankrupa/airflow_project/env/lib/python3.11/site-packages/airflow/example_dags/example_branch_operator_decorator.py
[2025-12-12T07:41:43.638-0500] {processor.py:842} WARNING - No viable dags retrieved from /Users/evankrupa/airflow_project/env/lib/python3.11/site-packages/airflow/example_dags/example_branch_operator_decorator.py
[2025-12-12T07:41:43.659-0500] {processor.py:183} INFO - Processing /Users/evankrupa/airflow_project/env/lib/python3.11/site-packages/airflow/example_dags/example_branch_operator_decorator.py took 0.032 seconds
[2025-12-12T07:43:06.729-0500] {processor.py:161} INFO - Started process (PID=59123) to work on /Users/evankrupa/airflow_project/env/lib/python3.11/site-packages/airflow/example_dags/example_branch_operator_decorator.py
[2025-12-12T07:43:06.730-0500] {processor.py:830} INFO - Processing file /Users/evankrupa/airflow_project/env/lib/python3.11/site-packages/airflow/example_dags/example_branch_operator_decorator.py for tasks to queue
[2025-12-12T07:43:06.730-0500] {logging_mixin.py:188} INFO - [2025-12-12T07:43:06.730-0500] {dagbag.py:545} INFO - Filling up the DagBag from /Users/evankrupa/airflow_project/env/lib/python3.11/site-packages/airflow/example_dags/example_branch_operator_decorator.py
[2025-12-12T07:43:06.737-0500] {processor.py:842} WARNING - No viable dags retrieved from /Users/evankrupa/airflow_project/env/lib/python3.11/site-packages/airflow/example_dags/example_branch_operator_decorator.py
[2025-12-12T07:43:06.760-0500] {processor.py:183} INFO - Processing /Users/evankrupa/airflow_project/env/lib/python3.11/site-packages/airflow/example_dags/example_branch_operator_decorator.py took 0.031 seconds
[2025-12-12T07:44:31.019-0500] {processor.py:161} INFO - Started process (PID=59208) to work on /Users/evankrupa/airflow_project/env/lib/python3.11/site-packages/airflow/example_dags/example_branch_operator_decorator.py
[2025-12-12T07:44:31.021-0500] {processor.py:830} INFO - Processing file /Users/evankrupa/airflow_project/env/lib/python3.11/site-packages/airflow/example_dags/example_branch_operator_decorator.py for tasks to queue
[2025-12-12T07:44:31.021-0500] {logging_mixin.py:188} INFO - [2025-12-12T07:44:31.021-0500] {dagbag.py:545} INFO - Filling up the DagBag from /Users/evankrupa/airflow_project/env/lib/python3.11/site-packages/airflow/example_dags/example_branch_operator_decorator.py
[2025-12-12T07:44:31.028-0500] {processor.py:842} WARNING - No viable dags retrieved from /Users/evankrupa/airflow_project/env/lib/python3.11/site-packages/airflow/example_dags/example_branch_operator_decorator.py
[2025-12-12T07:44:31.050-0500] {processor.py:183} INFO - Processing /Users/evankrupa/airflow_project/env/lib/python3.11/site-packages/airflow/example_dags/example_branch_operator_decorator.py took 0.031 seconds
[2025-12-12T07:45:58.118-0500] {processor.py:161} INFO - Started process (PID=59290) to work on /Users/evankrupa/airflow_project/env/lib/python3.11/site-packages/airflow/example_dags/example_branch_operator_decorator.py
[2025-12-12T07:45:58.119-0500] {processor.py:830} INFO - Processing file /Users/evankrupa/airflow_project/env/lib/python3.11/site-packages/airflow/example_dags/example_branch_operator_decorator.py for tasks to queue
[2025-12-12T07:45:58.119-0500] {logging_mixin.py:188} INFO - [2025-12-12T07:45:58.119-0500] {dagbag.py:545} INFO - Filling up the DagBag from /Users/evankrupa/airflow_project/env/lib/python3.11/site-packages/airflow/example_dags/example_branch_operator_decorator.py
[2025-12-12T07:45:58.126-0500] {processor.py:842} WARNING - No viable dags retrieved from /Users/evankrupa/airflow_project/env/lib/python3.11/site-packages/airflow/example_dags/example_branch_operator_decorator.py
[2025-12-12T07:45:58.149-0500] {processor.py:183} INFO - Processing /Users/evankrupa/airflow_project/env/lib/python3.11/site-packages/airflow/example_dags/example_branch_operator_decorator.py took 0.032 seconds
[2025-12-12T07:47:21.963-0500] {processor.py:161} INFO - Started process (PID=59373) to work on /Users/evankrupa/airflow_project/env/lib/python3.11/site-packages/airflow/example_dags/example_branch_operator_decorator.py
[2025-12-12T07:47:21.963-0500] {processor.py:830} INFO - Processing file /Users/evankrupa/airflow_project/env/lib/python3.11/site-packages/airflow/example_dags/example_branch_operator_decorator.py for tasks to queue
[2025-12-12T07:47:21.963-0500] {logging_mixin.py:188} INFO - [2025-12-12T07:47:21.963-0500] {dagbag.py:545} INFO - Filling up the DagBag from /Users/evankrupa/airflow_project/env/lib/python3.11/site-packages/airflow/example_dags/example_branch_operator_decorator.py
[2025-12-12T07:47:21.971-0500] {processor.py:842} WARNING - No viable dags retrieved from /Users/evankrupa/airflow_project/env/lib/python3.11/site-packages/airflow/example_dags/example_branch_operator_decorator.py
[2025-12-12T07:47:21.994-0500] {processor.py:183} INFO - Processing /Users/evankrupa/airflow_project/env/lib/python3.11/site-packages/airflow/example_dags/example_branch_operator_decorator.py took 0.032 seconds
[2025-12-12T07:48:49.114-0500] {processor.py:161} INFO - Started process (PID=59483) to work on /Users/evankrupa/airflow_project/env/lib/python3.11/site-packages/airflow/example_dags/example_branch_operator_decorator.py
[2025-12-12T07:48:49.115-0500] {processor.py:830} INFO - Processing file /Users/evankrupa/airflow_project/env/lib/python3.11/site-packages/airflow/example_dags/example_branch_operator_decorator.py for tasks to queue
[2025-12-12T07:48:49.115-0500] {logging_mixin.py:188} INFO - [2025-12-12T07:48:49.115-0500] {dagbag.py:545} INFO - Filling up the DagBag from /Users/evankrupa/airflow_project/env/lib/python3.11/site-packages/airflow/example_dags/example_branch_operator_decorator.py
[2025-12-12T07:48:49.124-0500] {processor.py:842} WARNING - No viable dags retrieved from /Users/evankrupa/airflow_project/env/lib/python3.11/site-packages/airflow/example_dags/example_branch_operator_decorator.py
[2025-12-12T07:48:49.146-0500] {processor.py:183} INFO - Processing /Users/evankrupa/airflow_project/env/lib/python3.11/site-packages/airflow/example_dags/example_branch_operator_decorator.py took 0.033 seconds
[2025-12-12T07:50:14.649-0500] {processor.py:161} INFO - Started process (PID=59559) to work on /Users/evankrupa/airflow_project/env/lib/python3.11/site-packages/airflow/example_dags/example_branch_operator_decorator.py
[2025-12-12T07:50:14.649-0500] {processor.py:830} INFO - Processing file /Users/evankrupa/airflow_project/env/lib/python3.11/site-packages/airflow/example_dags/example_branch_operator_decorator.py for tasks to queue
[2025-12-12T07:50:14.649-0500] {logging_mixin.py:188} INFO - [2025-12-12T07:50:14.649-0500] {dagbag.py:545} INFO - Filling up the DagBag from /Users/evankrupa/airflow_project/env/lib/python3.11/site-packages/airflow/example_dags/example_branch_operator_decorator.py
[2025-12-12T07:50:14.657-0500] {processor.py:842} WARNING - No viable dags retrieved from /Users/evankrupa/airflow_project/env/lib/python3.11/site-packages/airflow/example_dags/example_branch_operator_decorator.py
[2025-12-12T07:50:14.688-0500] {processor.py:183} INFO - Processing /Users/evankrupa/airflow_project/env/lib/python3.11/site-packages/airflow/example_dags/example_branch_operator_decorator.py took 0.041 seconds
[2025-12-12T07:51:39.095-0500] {processor.py:161} INFO - Started process (PID=59626) to work on /Users/evankrupa/airflow_project/env/lib/python3.11/site-packages/airflow/example_dags/example_branch_operator_decorator.py
[2025-12-12T07:51:39.096-0500] {processor.py:830} INFO - Processing file /Users/evankrupa/airflow_project/env/lib/python3.11/site-packages/airflow/example_dags/example_branch_operator_decorator.py for tasks to queue
[2025-12-12T07:51:39.096-0500] {logging_mixin.py:188} INFO - [2025-12-12T07:51:39.096-0500] {dagbag.py:545} INFO - Filling up the DagBag from /Users/evankrupa/airflow_project/env/lib/python3.11/site-packages/airflow/example_dags/example_branch_operator_decorator.py
[2025-12-12T07:51:39.104-0500] {processor.py:842} WARNING - No viable dags retrieved from /Users/evankrupa/airflow_project/env/lib/python3.11/site-packages/airflow/example_dags/example_branch_operator_decorator.py
[2025-12-12T07:51:39.125-0500] {processor.py:183} INFO - Processing /Users/evankrupa/airflow_project/env/lib/python3.11/site-packages/airflow/example_dags/example_branch_operator_decorator.py took 0.031 seconds
[2025-12-12T07:53:02.947-0500] {processor.py:161} INFO - Started process (PID=59706) to work on /Users/evankrupa/airflow_project/env/lib/python3.11/site-packages/airflow/example_dags/example_branch_operator_decorator.py
[2025-12-12T07:53:02.948-0500] {processor.py:830} INFO - Processing file /Users/evankrupa/airflow_project/env/lib/python3.11/site-packages/airflow/example_dags/example_branch_operator_decorator.py for tasks to queue
[2025-12-12T07:53:02.949-0500] {logging_mixin.py:188} INFO - [2025-12-12T07:53:02.949-0500] {dagbag.py:545} INFO - Filling up the DagBag from /Users/evankrupa/airflow_project/env/lib/python3.11/site-packages/airflow/example_dags/example_branch_operator_decorator.py
[2025-12-12T07:53:02.956-0500] {processor.py:842} WARNING - No viable dags retrieved from /Users/evankrupa/airflow_project/env/lib/python3.11/site-packages/airflow/example_dags/example_branch_operator_decorator.py
[2025-12-12T07:53:02.978-0500] {processor.py:183} INFO - Processing /Users/evankrupa/airflow_project/env/lib/python3.11/site-packages/airflow/example_dags/example_branch_operator_decorator.py took 0.032 seconds
[2025-12-12T07:54:24.882-0500] {processor.py:161} INFO - Started process (PID=59780) to work on /Users/evankrupa/airflow_project/env/lib/python3.11/site-packages/airflow/example_dags/example_branch_operator_decorator.py
[2025-12-12T07:54:24.883-0500] {processor.py:830} INFO - Processing file /Users/evankrupa/airflow_project/env/lib/python3.11/site-packages/airflow/example_dags/example_branch_operator_decorator.py for tasks to queue
[2025-12-12T07:54:24.883-0500] {logging_mixin.py:188} INFO - [2025-12-12T07:54:24.883-0500] {dagbag.py:545} INFO - Filling up the DagBag from /Users/evankrupa/airflow_project/env/lib/python3.11/site-packages/airflow/example_dags/example_branch_operator_decorator.py
[2025-12-12T07:54:24.890-0500] {processor.py:842} WARNING - No viable dags retrieved from /Users/evankrupa/airflow_project/env/lib/python3.11/site-packages/airflow/example_dags/example_branch_operator_decorator.py
[2025-12-12T07:54:24.912-0500] {processor.py:183} INFO - Processing /Users/evankrupa/airflow_project/env/lib/python3.11/site-packages/airflow/example_dags/example_branch_operator_decorator.py took 0.031 seconds
[2025-12-12T07:55:50.524-0500] {processor.py:161} INFO - Started process (PID=59867) to work on /Users/evankrupa/airflow_project/env/lib/python3.11/site-packages/airflow/example_dags/example_branch_operator_decorator.py
[2025-12-12T07:55:50.525-0500] {processor.py:830} INFO - Processing file /Users/evankrupa/airflow_project/env/lib/python3.11/site-packages/airflow/example_dags/example_branch_operator_decorator.py for tasks to queue
[2025-12-12T07:55:50.525-0500] {logging_mixin.py:188} INFO - [2025-12-12T07:55:50.525-0500] {dagbag.py:545} INFO - Filling up the DagBag from /Users/evankrupa/airflow_project/env/lib/python3.11/site-packages/airflow/example_dags/example_branch_operator_decorator.py
[2025-12-12T07:55:50.532-0500] {processor.py:842} WARNING - No viable dags retrieved from /Users/evankrupa/airflow_project/env/lib/python3.11/site-packages/airflow/example_dags/example_branch_operator_decorator.py
[2025-12-12T07:55:50.554-0500] {processor.py:183} INFO - Processing /Users/evankrupa/airflow_project/env/lib/python3.11/site-packages/airflow/example_dags/example_branch_operator_decorator.py took 0.031 seconds
[2025-12-12T07:57:15.156-0500] {processor.py:161} INFO - Started process (PID=59936) to work on /Users/evankrupa/airflow_project/env/lib/python3.11/site-packages/airflow/example_dags/example_branch_operator_decorator.py
[2025-12-12T07:57:15.157-0500] {processor.py:830} INFO - Processing file /Users/evankrupa/airflow_project/env/lib/python3.11/site-packages/airflow/example_dags/example_branch_operator_decorator.py for tasks to queue
[2025-12-12T07:57:15.157-0500] {logging_mixin.py:188} INFO - [2025-12-12T07:57:15.157-0500] {dagbag.py:545} INFO - Filling up the DagBag from /Users/evankrupa/airflow_project/env/lib/python3.11/site-packages/airflow/example_dags/example_branch_operator_decorator.py
[2025-12-12T07:57:15.166-0500] {processor.py:842} WARNING - No viable dags retrieved from /Users/evankrupa/airflow_project/env/lib/python3.11/site-packages/airflow/example_dags/example_branch_operator_decorator.py
[2025-12-12T07:57:15.189-0500] {processor.py:183} INFO - Processing /Users/evankrupa/airflow_project/env/lib/python3.11/site-packages/airflow/example_dags/example_branch_operator_decorator.py took 0.034 seconds
[2025-12-12T07:58:39.417-0500] {processor.py:161} INFO - Started process (PID=62047) to work on /Users/evankrupa/airflow_project/env/lib/python3.11/site-packages/airflow/example_dags/example_branch_operator_decorator.py
[2025-12-12T07:58:39.419-0500] {processor.py:830} INFO - Processing file /Users/evankrupa/airflow_project/env/lib/python3.11/site-packages/airflow/example_dags/example_branch_operator_decorator.py for tasks to queue
[2025-12-12T07:58:39.420-0500] {logging_mixin.py:188} INFO - [2025-12-12T07:58:39.420-0500] {dagbag.py:545} INFO - Filling up the DagBag from /Users/evankrupa/airflow_project/env/lib/python3.11/site-packages/airflow/example_dags/example_branch_operator_decorator.py
[2025-12-12T07:58:39.432-0500] {processor.py:842} WARNING - No viable dags retrieved from /Users/evankrupa/airflow_project/env/lib/python3.11/site-packages/airflow/example_dags/example_branch_operator_decorator.py
[2025-12-12T07:58:39.469-0500] {processor.py:183} INFO - Processing /Users/evankrupa/airflow_project/env/lib/python3.11/site-packages/airflow/example_dags/example_branch_operator_decorator.py took 0.054 seconds
[2025-12-12T08:00:06.187-0500] {processor.py:161} INFO - Started process (PID=62745) to work on /Users/evankrupa/airflow_project/env/lib/python3.11/site-packages/airflow/example_dags/example_branch_operator_decorator.py
[2025-12-12T08:00:06.188-0500] {processor.py:830} INFO - Processing file /Users/evankrupa/airflow_project/env/lib/python3.11/site-packages/airflow/example_dags/example_branch_operator_decorator.py for tasks to queue
[2025-12-12T08:00:06.188-0500] {logging_mixin.py:188} INFO - [2025-12-12T08:00:06.188-0500] {dagbag.py:545} INFO - Filling up the DagBag from /Users/evankrupa/airflow_project/env/lib/python3.11/site-packages/airflow/example_dags/example_branch_operator_decorator.py
[2025-12-12T08:00:06.195-0500] {processor.py:842} WARNING - No viable dags retrieved from /Users/evankrupa/airflow_project/env/lib/python3.11/site-packages/airflow/example_dags/example_branch_operator_decorator.py
[2025-12-12T08:00:06.218-0500] {processor.py:183} INFO - Processing /Users/evankrupa/airflow_project/env/lib/python3.11/site-packages/airflow/example_dags/example_branch_operator_decorator.py took 0.032 seconds
[2025-12-12T08:01:26.778-0500] {processor.py:161} INFO - Started process (PID=62813) to work on /Users/evankrupa/airflow_project/env/lib/python3.11/site-packages/airflow/example_dags/example_branch_operator_decorator.py
[2025-12-12T08:01:26.779-0500] {processor.py:830} INFO - Processing file /Users/evankrupa/airflow_project/env/lib/python3.11/site-packages/airflow/example_dags/example_branch_operator_decorator.py for tasks to queue
[2025-12-12T08:01:26.779-0500] {logging_mixin.py:188} INFO - [2025-12-12T08:01:26.779-0500] {dagbag.py:545} INFO - Filling up the DagBag from /Users/evankrupa/airflow_project/env/lib/python3.11/site-packages/airflow/example_dags/example_branch_operator_decorator.py
[2025-12-12T08:01:26.787-0500] {processor.py:842} WARNING - No viable dags retrieved from /Users/evankrupa/airflow_project/env/lib/python3.11/site-packages/airflow/example_dags/example_branch_operator_decorator.py
[2025-12-12T08:01:26.810-0500] {processor.py:183} INFO - Processing /Users/evankrupa/airflow_project/env/lib/python3.11/site-packages/airflow/example_dags/example_branch_operator_decorator.py took 0.033 seconds
[2025-12-12T08:02:52.531-0500] {processor.py:161} INFO - Started process (PID=62880) to work on /Users/evankrupa/airflow_project/env/lib/python3.11/site-packages/airflow/example_dags/example_branch_operator_decorator.py
[2025-12-12T08:02:52.532-0500] {processor.py:830} INFO - Processing file /Users/evankrupa/airflow_project/env/lib/python3.11/site-packages/airflow/example_dags/example_branch_operator_decorator.py for tasks to queue
[2025-12-12T08:02:52.532-0500] {logging_mixin.py:188} INFO - [2025-12-12T08:02:52.532-0500] {dagbag.py:545} INFO - Filling up the DagBag from /Users/evankrupa/airflow_project/env/lib/python3.11/site-packages/airflow/example_dags/example_branch_operator_decorator.py
[2025-12-12T08:02:52.540-0500] {processor.py:842} WARNING - No viable dags retrieved from /Users/evankrupa/airflow_project/env/lib/python3.11/site-packages/airflow/example_dags/example_branch_operator_decorator.py
[2025-12-12T08:02:52.563-0500] {processor.py:183} INFO - Processing /Users/evankrupa/airflow_project/env/lib/python3.11/site-packages/airflow/example_dags/example_branch_operator_decorator.py took 0.033 seconds
[2025-12-12T08:04:18.472-0500] {processor.py:161} INFO - Started process (PID=62968) to work on /Users/evankrupa/airflow_project/env/lib/python3.11/site-packages/airflow/example_dags/example_branch_operator_decorator.py
[2025-12-12T08:04:18.473-0500] {processor.py:830} INFO - Processing file /Users/evankrupa/airflow_project/env/lib/python3.11/site-packages/airflow/example_dags/example_branch_operator_decorator.py for tasks to queue
[2025-12-12T08:04:18.473-0500] {logging_mixin.py:188} INFO - [2025-12-12T08:04:18.473-0500] {dagbag.py:545} INFO - Filling up the DagBag from /Users/evankrupa/airflow_project/env/lib/python3.11/site-packages/airflow/example_dags/example_branch_operator_decorator.py
[2025-12-12T08:04:18.481-0500] {processor.py:842} WARNING - No viable dags retrieved from /Users/evankrupa/airflow_project/env/lib/python3.11/site-packages/airflow/example_dags/example_branch_operator_decorator.py
[2025-12-12T08:04:18.503-0500] {processor.py:183} INFO - Processing /Users/evankrupa/airflow_project/env/lib/python3.11/site-packages/airflow/example_dags/example_branch_operator_decorator.py took 0.032 seconds
[2025-12-12T08:05:40.859-0500] {processor.py:161} INFO - Started process (PID=63100) to work on /Users/evankrupa/airflow_project/env/lib/python3.11/site-packages/airflow/example_dags/example_branch_operator_decorator.py
[2025-12-12T08:05:40.860-0500] {processor.py:830} INFO - Processing file /Users/evankrupa/airflow_project/env/lib/python3.11/site-packages/airflow/example_dags/example_branch_operator_decorator.py for tasks to queue
[2025-12-12T08:05:40.861-0500] {logging_mixin.py:188} INFO - [2025-12-12T08:05:40.861-0500] {dagbag.py:545} INFO - Filling up the DagBag from /Users/evankrupa/airflow_project/env/lib/python3.11/site-packages/airflow/example_dags/example_branch_operator_decorator.py
[2025-12-12T08:05:40.868-0500] {processor.py:842} WARNING - No viable dags retrieved from /Users/evankrupa/airflow_project/env/lib/python3.11/site-packages/airflow/example_dags/example_branch_operator_decorator.py
[2025-12-12T08:05:40.890-0500] {processor.py:183} INFO - Processing /Users/evankrupa/airflow_project/env/lib/python3.11/site-packages/airflow/example_dags/example_branch_operator_decorator.py took 0.032 seconds
[2025-12-12T08:07:08.717-0500] {processor.py:161} INFO - Started process (PID=63617) to work on /Users/evankrupa/airflow_project/env/lib/python3.11/site-packages/airflow/example_dags/example_branch_operator_decorator.py
[2025-12-12T08:07:08.718-0500] {processor.py:830} INFO - Processing file /Users/evankrupa/airflow_project/env/lib/python3.11/site-packages/airflow/example_dags/example_branch_operator_decorator.py for tasks to queue
[2025-12-12T08:07:08.718-0500] {logging_mixin.py:188} INFO - [2025-12-12T08:07:08.718-0500] {dagbag.py:545} INFO - Filling up the DagBag from /Users/evankrupa/airflow_project/env/lib/python3.11/site-packages/airflow/example_dags/example_branch_operator_decorator.py
[2025-12-12T08:07:08.726-0500] {processor.py:842} WARNING - No viable dags retrieved from /Users/evankrupa/airflow_project/env/lib/python3.11/site-packages/airflow/example_dags/example_branch_operator_decorator.py
[2025-12-12T08:07:08.749-0500] {processor.py:183} INFO - Processing /Users/evankrupa/airflow_project/env/lib/python3.11/site-packages/airflow/example_dags/example_branch_operator_decorator.py took 0.033 seconds
[2025-12-12T08:08:37.671-0500] {processor.py:161} INFO - Started process (PID=63698) to work on /Users/evankrupa/airflow_project/env/lib/python3.11/site-packages/airflow/example_dags/example_branch_operator_decorator.py
[2025-12-12T08:08:37.672-0500] {processor.py:830} INFO - Processing file /Users/evankrupa/airflow_project/env/lib/python3.11/site-packages/airflow/example_dags/example_branch_operator_decorator.py for tasks to queue
[2025-12-12T08:08:37.672-0500] {logging_mixin.py:188} INFO - [2025-12-12T08:08:37.672-0500] {dagbag.py:545} INFO - Filling up the DagBag from /Users/evankrupa/airflow_project/env/lib/python3.11/site-packages/airflow/example_dags/example_branch_operator_decorator.py
[2025-12-12T08:08:37.680-0500] {processor.py:842} WARNING - No viable dags retrieved from /Users/evankrupa/airflow_project/env/lib/python3.11/site-packages/airflow/example_dags/example_branch_operator_decorator.py
[2025-12-12T08:08:37.702-0500] {processor.py:183} INFO - Processing /Users/evankrupa/airflow_project/env/lib/python3.11/site-packages/airflow/example_dags/example_branch_operator_decorator.py took 0.033 seconds
[2025-12-12T08:10:03.064-0500] {processor.py:161} INFO - Started process (PID=63767) to work on /Users/evankrupa/airflow_project/env/lib/python3.11/site-packages/airflow/example_dags/example_branch_operator_decorator.py
[2025-12-12T08:10:03.065-0500] {processor.py:830} INFO - Processing file /Users/evankrupa/airflow_project/env/lib/python3.11/site-packages/airflow/example_dags/example_branch_operator_decorator.py for tasks to queue
[2025-12-12T08:10:03.065-0500] {logging_mixin.py:188} INFO - [2025-12-12T08:10:03.065-0500] {dagbag.py:545} INFO - Filling up the DagBag from /Users/evankrupa/airflow_project/env/lib/python3.11/site-packages/airflow/example_dags/example_branch_operator_decorator.py
[2025-12-12T08:10:03.073-0500] {processor.py:842} WARNING - No viable dags retrieved from /Users/evankrupa/airflow_project/env/lib/python3.11/site-packages/airflow/example_dags/example_branch_operator_decorator.py
[2025-12-12T08:10:03.096-0500] {processor.py:183} INFO - Processing /Users/evankrupa/airflow_project/env/lib/python3.11/site-packages/airflow/example_dags/example_branch_operator_decorator.py took 0.033 seconds
[2025-12-12T08:11:31.280-0500] {processor.py:161} INFO - Started process (PID=63836) to work on /Users/evankrupa/airflow_project/env/lib/python3.11/site-packages/airflow/example_dags/example_branch_operator_decorator.py
[2025-12-12T08:11:31.281-0500] {processor.py:830} INFO - Processing file /Users/evankrupa/airflow_project/env/lib/python3.11/site-packages/airflow/example_dags/example_branch_operator_decorator.py for tasks to queue
[2025-12-12T08:11:31.281-0500] {logging_mixin.py:188} INFO - [2025-12-12T08:11:31.281-0500] {dagbag.py:545} INFO - Filling up the DagBag from /Users/evankrupa/airflow_project/env/lib/python3.11/site-packages/airflow/example_dags/example_branch_operator_decorator.py
[2025-12-12T08:11:31.289-0500] {processor.py:842} WARNING - No viable dags retrieved from /Users/evankrupa/airflow_project/env/lib/python3.11/site-packages/airflow/example_dags/example_branch_operator_decorator.py
[2025-12-12T08:11:31.312-0500] {processor.py:183} INFO - Processing /Users/evankrupa/airflow_project/env/lib/python3.11/site-packages/airflow/example_dags/example_branch_operator_decorator.py took 0.033 seconds
[2025-12-12T08:12:55.800-0500] {processor.py:161} INFO - Started process (PID=63904) to work on /Users/evankrupa/airflow_project/env/lib/python3.11/site-packages/airflow/example_dags/example_branch_operator_decorator.py
[2025-12-12T08:12:55.801-0500] {processor.py:830} INFO - Processing file /Users/evankrupa/airflow_project/env/lib/python3.11/site-packages/airflow/example_dags/example_branch_operator_decorator.py for tasks to queue
[2025-12-12T08:12:55.801-0500] {logging_mixin.py:188} INFO - [2025-12-12T08:12:55.801-0500] {dagbag.py:545} INFO - Filling up the DagBag from /Users/evankrupa/airflow_project/env/lib/python3.11/site-packages/airflow/example_dags/example_branch_operator_decorator.py
[2025-12-12T08:12:55.809-0500] {processor.py:842} WARNING - No viable dags retrieved from /Users/evankrupa/airflow_project/env/lib/python3.11/site-packages/airflow/example_dags/example_branch_operator_decorator.py
[2025-12-12T08:12:55.832-0500] {processor.py:183} INFO - Processing /Users/evankrupa/airflow_project/env/lib/python3.11/site-packages/airflow/example_dags/example_branch_operator_decorator.py took 0.033 seconds
[2025-12-12T08:14:17.743-0500] {processor.py:161} INFO - Started process (PID=63969) to work on /Users/evankrupa/airflow_project/env/lib/python3.11/site-packages/airflow/example_dags/example_branch_operator_decorator.py
[2025-12-12T08:14:17.744-0500] {processor.py:830} INFO - Processing file /Users/evankrupa/airflow_project/env/lib/python3.11/site-packages/airflow/example_dags/example_branch_operator_decorator.py for tasks to queue
[2025-12-12T08:14:17.744-0500] {logging_mixin.py:188} INFO - [2025-12-12T08:14:17.744-0500] {dagbag.py:545} INFO - Filling up the DagBag from /Users/evankrupa/airflow_project/env/lib/python3.11/site-packages/airflow/example_dags/example_branch_operator_decorator.py
[2025-12-12T08:14:17.752-0500] {processor.py:842} WARNING - No viable dags retrieved from /Users/evankrupa/airflow_project/env/lib/python3.11/site-packages/airflow/example_dags/example_branch_operator_decorator.py
[2025-12-12T08:14:17.777-0500] {processor.py:183} INFO - Processing /Users/evankrupa/airflow_project/env/lib/python3.11/site-packages/airflow/example_dags/example_branch_operator_decorator.py took 0.035 seconds
[2025-12-12T08:15:40.194-0500] {processor.py:161} INFO - Started process (PID=64043) to work on /Users/evankrupa/airflow_project/env/lib/python3.11/site-packages/airflow/example_dags/example_branch_operator_decorator.py
[2025-12-12T08:15:40.196-0500] {processor.py:830} INFO - Processing file /Users/evankrupa/airflow_project/env/lib/python3.11/site-packages/airflow/example_dags/example_branch_operator_decorator.py for tasks to queue
[2025-12-12T08:15:40.196-0500] {logging_mixin.py:188} INFO - [2025-12-12T08:15:40.196-0500] {dagbag.py:545} INFO - Filling up the DagBag from /Users/evankrupa/airflow_project/env/lib/python3.11/site-packages/airflow/example_dags/example_branch_operator_decorator.py
[2025-12-12T08:15:40.203-0500] {processor.py:842} WARNING - No viable dags retrieved from /Users/evankrupa/airflow_project/env/lib/python3.11/site-packages/airflow/example_dags/example_branch_operator_decorator.py
[2025-12-12T08:15:40.227-0500] {processor.py:183} INFO - Processing /Users/evankrupa/airflow_project/env/lib/python3.11/site-packages/airflow/example_dags/example_branch_operator_decorator.py took 0.033 seconds
[2025-12-12T08:17:05.150-0500] {processor.py:161} INFO - Started process (PID=64111) to work on /Users/evankrupa/airflow_project/env/lib/python3.11/site-packages/airflow/example_dags/example_branch_operator_decorator.py
[2025-12-12T08:17:05.150-0500] {processor.py:830} INFO - Processing file /Users/evankrupa/airflow_project/env/lib/python3.11/site-packages/airflow/example_dags/example_branch_operator_decorator.py for tasks to queue
[2025-12-12T08:17:05.151-0500] {logging_mixin.py:188} INFO - [2025-12-12T08:17:05.151-0500] {dagbag.py:545} INFO - Filling up the DagBag from /Users/evankrupa/airflow_project/env/lib/python3.11/site-packages/airflow/example_dags/example_branch_operator_decorator.py
[2025-12-12T08:17:05.159-0500] {processor.py:842} WARNING - No viable dags retrieved from /Users/evankrupa/airflow_project/env/lib/python3.11/site-packages/airflow/example_dags/example_branch_operator_decorator.py
[2025-12-12T08:17:05.182-0500] {processor.py:183} INFO - Processing /Users/evankrupa/airflow_project/env/lib/python3.11/site-packages/airflow/example_dags/example_branch_operator_decorator.py took 0.033 seconds
[2025-12-12T08:18:29.455-0500] {processor.py:161} INFO - Started process (PID=64180) to work on /Users/evankrupa/airflow_project/env/lib/python3.11/site-packages/airflow/example_dags/example_branch_operator_decorator.py
[2025-12-12T08:18:29.456-0500] {processor.py:830} INFO - Processing file /Users/evankrupa/airflow_project/env/lib/python3.11/site-packages/airflow/example_dags/example_branch_operator_decorator.py for tasks to queue
[2025-12-12T08:18:29.457-0500] {logging_mixin.py:188} INFO - [2025-12-12T08:18:29.457-0500] {dagbag.py:545} INFO - Filling up the DagBag from /Users/evankrupa/airflow_project/env/lib/python3.11/site-packages/airflow/example_dags/example_branch_operator_decorator.py
[2025-12-12T08:18:29.464-0500] {processor.py:842} WARNING - No viable dags retrieved from /Users/evankrupa/airflow_project/env/lib/python3.11/site-packages/airflow/example_dags/example_branch_operator_decorator.py
[2025-12-12T08:18:29.486-0500] {processor.py:183} INFO - Processing /Users/evankrupa/airflow_project/env/lib/python3.11/site-packages/airflow/example_dags/example_branch_operator_decorator.py took 0.032 seconds
[2025-12-12T08:19:52.293-0500] {processor.py:161} INFO - Started process (PID=64246) to work on /Users/evankrupa/airflow_project/env/lib/python3.11/site-packages/airflow/example_dags/example_branch_operator_decorator.py
[2025-12-12T08:19:52.294-0500] {processor.py:830} INFO - Processing file /Users/evankrupa/airflow_project/env/lib/python3.11/site-packages/airflow/example_dags/example_branch_operator_decorator.py for tasks to queue
[2025-12-12T08:19:52.294-0500] {logging_mixin.py:188} INFO - [2025-12-12T08:19:52.294-0500] {dagbag.py:545} INFO - Filling up the DagBag from /Users/evankrupa/airflow_project/env/lib/python3.11/site-packages/airflow/example_dags/example_branch_operator_decorator.py
[2025-12-12T08:19:52.302-0500] {processor.py:842} WARNING - No viable dags retrieved from /Users/evankrupa/airflow_project/env/lib/python3.11/site-packages/airflow/example_dags/example_branch_operator_decorator.py
[2025-12-12T08:19:52.324-0500] {processor.py:183} INFO - Processing /Users/evankrupa/airflow_project/env/lib/python3.11/site-packages/airflow/example_dags/example_branch_operator_decorator.py took 0.032 seconds
[2025-12-12T08:21:17.517-0500] {processor.py:161} INFO - Started process (PID=64313) to work on /Users/evankrupa/airflow_project/env/lib/python3.11/site-packages/airflow/example_dags/example_branch_operator_decorator.py
[2025-12-12T08:21:17.518-0500] {processor.py:830} INFO - Processing file /Users/evankrupa/airflow_project/env/lib/python3.11/site-packages/airflow/example_dags/example_branch_operator_decorator.py for tasks to queue
[2025-12-12T08:21:17.518-0500] {logging_mixin.py:188} INFO - [2025-12-12T08:21:17.518-0500] {dagbag.py:545} INFO - Filling up the DagBag from /Users/evankrupa/airflow_project/env/lib/python3.11/site-packages/airflow/example_dags/example_branch_operator_decorator.py
[2025-12-12T08:21:17.526-0500] {processor.py:842} WARNING - No viable dags retrieved from /Users/evankrupa/airflow_project/env/lib/python3.11/site-packages/airflow/example_dags/example_branch_operator_decorator.py
[2025-12-12T08:21:17.548-0500] {processor.py:183} INFO - Processing /Users/evankrupa/airflow_project/env/lib/python3.11/site-packages/airflow/example_dags/example_branch_operator_decorator.py took 0.032 seconds
[2025-12-12T08:22:40.743-0500] {processor.py:161} INFO - Started process (PID=64380) to work on /Users/evankrupa/airflow_project/env/lib/python3.11/site-packages/airflow/example_dags/example_branch_operator_decorator.py
[2025-12-12T08:22:40.744-0500] {processor.py:830} INFO - Processing file /Users/evankrupa/airflow_project/env/lib/python3.11/site-packages/airflow/example_dags/example_branch_operator_decorator.py for tasks to queue
[2025-12-12T08:22:40.745-0500] {logging_mixin.py:188} INFO - [2025-12-12T08:22:40.745-0500] {dagbag.py:545} INFO - Filling up the DagBag from /Users/evankrupa/airflow_project/env/lib/python3.11/site-packages/airflow/example_dags/example_branch_operator_decorator.py
[2025-12-12T08:22:40.752-0500] {processor.py:842} WARNING - No viable dags retrieved from /Users/evankrupa/airflow_project/env/lib/python3.11/site-packages/airflow/example_dags/example_branch_operator_decorator.py
[2025-12-12T08:22:40.775-0500] {processor.py:183} INFO - Processing /Users/evankrupa/airflow_project/env/lib/python3.11/site-packages/airflow/example_dags/example_branch_operator_decorator.py took 0.033 seconds
[2025-12-12T08:24:06.603-0500] {processor.py:161} INFO - Started process (PID=64455) to work on /Users/evankrupa/airflow_project/env/lib/python3.11/site-packages/airflow/example_dags/example_branch_operator_decorator.py
[2025-12-12T08:24:06.603-0500] {processor.py:830} INFO - Processing file /Users/evankrupa/airflow_project/env/lib/python3.11/site-packages/airflow/example_dags/example_branch_operator_decorator.py for tasks to queue
[2025-12-12T08:24:06.603-0500] {logging_mixin.py:188} INFO - [2025-12-12T08:24:06.603-0500] {dagbag.py:545} INFO - Filling up the DagBag from /Users/evankrupa/airflow_project/env/lib/python3.11/site-packages/airflow/example_dags/example_branch_operator_decorator.py
[2025-12-12T08:24:06.611-0500] {processor.py:842} WARNING - No viable dags retrieved from /Users/evankrupa/airflow_project/env/lib/python3.11/site-packages/airflow/example_dags/example_branch_operator_decorator.py
[2025-12-12T08:24:06.633-0500] {processor.py:183} INFO - Processing /Users/evankrupa/airflow_project/env/lib/python3.11/site-packages/airflow/example_dags/example_branch_operator_decorator.py took 0.031 seconds
[2025-12-12T08:25:27.862-0500] {processor.py:161} INFO - Started process (PID=64522) to work on /Users/evankrupa/airflow_project/env/lib/python3.11/site-packages/airflow/example_dags/example_branch_operator_decorator.py
[2025-12-12T08:25:27.862-0500] {processor.py:830} INFO - Processing file /Users/evankrupa/airflow_project/env/lib/python3.11/site-packages/airflow/example_dags/example_branch_operator_decorator.py for tasks to queue
[2025-12-12T08:25:27.862-0500] {logging_mixin.py:188} INFO - [2025-12-12T08:25:27.862-0500] {dagbag.py:545} INFO - Filling up the DagBag from /Users/evankrupa/airflow_project/env/lib/python3.11/site-packages/airflow/example_dags/example_branch_operator_decorator.py
[2025-12-12T08:25:27.870-0500] {processor.py:842} WARNING - No viable dags retrieved from /Users/evankrupa/airflow_project/env/lib/python3.11/site-packages/airflow/example_dags/example_branch_operator_decorator.py
[2025-12-12T08:25:27.892-0500] {processor.py:183} INFO - Processing /Users/evankrupa/airflow_project/env/lib/python3.11/site-packages/airflow/example_dags/example_branch_operator_decorator.py took 0.032 seconds
[2025-12-12T08:26:53.602-0500] {processor.py:161} INFO - Started process (PID=64597) to work on /Users/evankrupa/airflow_project/env/lib/python3.11/site-packages/airflow/example_dags/example_branch_operator_decorator.py
[2025-12-12T08:26:53.603-0500] {processor.py:830} INFO - Processing file /Users/evankrupa/airflow_project/env/lib/python3.11/site-packages/airflow/example_dags/example_branch_operator_decorator.py for tasks to queue
[2025-12-12T08:26:53.603-0500] {logging_mixin.py:188} INFO - [2025-12-12T08:26:53.603-0500] {dagbag.py:545} INFO - Filling up the DagBag from /Users/evankrupa/airflow_project/env/lib/python3.11/site-packages/airflow/example_dags/example_branch_operator_decorator.py
[2025-12-12T08:26:53.611-0500] {processor.py:842} WARNING - No viable dags retrieved from /Users/evankrupa/airflow_project/env/lib/python3.11/site-packages/airflow/example_dags/example_branch_operator_decorator.py
[2025-12-12T08:26:53.634-0500] {processor.py:183} INFO - Processing /Users/evankrupa/airflow_project/env/lib/python3.11/site-packages/airflow/example_dags/example_branch_operator_decorator.py took 0.032 seconds
[2025-12-12T08:28:20.588-0500] {processor.py:161} INFO - Started process (PID=64700) to work on /Users/evankrupa/airflow_project/env/lib/python3.11/site-packages/airflow/example_dags/example_branch_operator_decorator.py
[2025-12-12T08:28:20.589-0500] {processor.py:830} INFO - Processing file /Users/evankrupa/airflow_project/env/lib/python3.11/site-packages/airflow/example_dags/example_branch_operator_decorator.py for tasks to queue
[2025-12-12T08:28:20.589-0500] {logging_mixin.py:188} INFO - [2025-12-12T08:28:20.589-0500] {dagbag.py:545} INFO - Filling up the DagBag from /Users/evankrupa/airflow_project/env/lib/python3.11/site-packages/airflow/example_dags/example_branch_operator_decorator.py
[2025-12-12T08:28:20.597-0500] {processor.py:842} WARNING - No viable dags retrieved from /Users/evankrupa/airflow_project/env/lib/python3.11/site-packages/airflow/example_dags/example_branch_operator_decorator.py
[2025-12-12T08:28:20.619-0500] {processor.py:183} INFO - Processing /Users/evankrupa/airflow_project/env/lib/python3.11/site-packages/airflow/example_dags/example_branch_operator_decorator.py took 0.032 seconds
[2025-12-12T08:29:42.279-0500] {processor.py:161} INFO - Started process (PID=64773) to work on /Users/evankrupa/airflow_project/env/lib/python3.11/site-packages/airflow/example_dags/example_branch_operator_decorator.py
[2025-12-12T08:29:42.279-0500] {processor.py:830} INFO - Processing file /Users/evankrupa/airflow_project/env/lib/python3.11/site-packages/airflow/example_dags/example_branch_operator_decorator.py for tasks to queue
[2025-12-12T08:29:42.279-0500] {logging_mixin.py:188} INFO - [2025-12-12T08:29:42.279-0500] {dagbag.py:545} INFO - Filling up the DagBag from /Users/evankrupa/airflow_project/env/lib/python3.11/site-packages/airflow/example_dags/example_branch_operator_decorator.py
[2025-12-12T08:29:42.287-0500] {processor.py:842} WARNING - No viable dags retrieved from /Users/evankrupa/airflow_project/env/lib/python3.11/site-packages/airflow/example_dags/example_branch_operator_decorator.py
[2025-12-12T08:29:42.310-0500] {processor.py:183} INFO - Processing /Users/evankrupa/airflow_project/env/lib/python3.11/site-packages/airflow/example_dags/example_branch_operator_decorator.py took 0.033 seconds
[2025-12-12T08:31:03.665-0500] {processor.py:161} INFO - Started process (PID=64857) to work on /Users/evankrupa/airflow_project/env/lib/python3.11/site-packages/airflow/example_dags/example_branch_operator_decorator.py
[2025-12-12T08:31:03.666-0500] {processor.py:830} INFO - Processing file /Users/evankrupa/airflow_project/env/lib/python3.11/site-packages/airflow/example_dags/example_branch_operator_decorator.py for tasks to queue
[2025-12-12T08:31:03.666-0500] {logging_mixin.py:188} INFO - [2025-12-12T08:31:03.666-0500] {dagbag.py:545} INFO - Filling up the DagBag from /Users/evankrupa/airflow_project/env/lib/python3.11/site-packages/airflow/example_dags/example_branch_operator_decorator.py
[2025-12-12T08:31:03.674-0500] {processor.py:842} WARNING - No viable dags retrieved from /Users/evankrupa/airflow_project/env/lib/python3.11/site-packages/airflow/example_dags/example_branch_operator_decorator.py
[2025-12-12T08:31:03.697-0500] {processor.py:183} INFO - Processing /Users/evankrupa/airflow_project/env/lib/python3.11/site-packages/airflow/example_dags/example_branch_operator_decorator.py took 0.033 seconds
[2025-12-12T08:32:28.092-0500] {processor.py:161} INFO - Started process (PID=64947) to work on /Users/evankrupa/airflow_project/env/lib/python3.11/site-packages/airflow/example_dags/example_branch_operator_decorator.py
[2025-12-12T08:32:28.093-0500] {processor.py:830} INFO - Processing file /Users/evankrupa/airflow_project/env/lib/python3.11/site-packages/airflow/example_dags/example_branch_operator_decorator.py for tasks to queue
[2025-12-12T08:32:28.093-0500] {logging_mixin.py:188} INFO - [2025-12-12T08:32:28.093-0500] {dagbag.py:545} INFO - Filling up the DagBag from /Users/evankrupa/airflow_project/env/lib/python3.11/site-packages/airflow/example_dags/example_branch_operator_decorator.py
[2025-12-12T08:32:28.101-0500] {processor.py:842} WARNING - No viable dags retrieved from /Users/evankrupa/airflow_project/env/lib/python3.11/site-packages/airflow/example_dags/example_branch_operator_decorator.py
[2025-12-12T08:32:28.123-0500] {processor.py:183} INFO - Processing /Users/evankrupa/airflow_project/env/lib/python3.11/site-packages/airflow/example_dags/example_branch_operator_decorator.py took 0.032 seconds
[2025-12-12T08:33:53.048-0500] {processor.py:161} INFO - Started process (PID=65041) to work on /Users/evankrupa/airflow_project/env/lib/python3.11/site-packages/airflow/example_dags/example_branch_operator_decorator.py
[2025-12-12T08:33:53.049-0500] {processor.py:830} INFO - Processing file /Users/evankrupa/airflow_project/env/lib/python3.11/site-packages/airflow/example_dags/example_branch_operator_decorator.py for tasks to queue
[2025-12-12T08:33:53.049-0500] {logging_mixin.py:188} INFO - [2025-12-12T08:33:53.049-0500] {dagbag.py:545} INFO - Filling up the DagBag from /Users/evankrupa/airflow_project/env/lib/python3.11/site-packages/airflow/example_dags/example_branch_operator_decorator.py
[2025-12-12T08:33:53.057-0500] {processor.py:842} WARNING - No viable dags retrieved from /Users/evankrupa/airflow_project/env/lib/python3.11/site-packages/airflow/example_dags/example_branch_operator_decorator.py
[2025-12-12T08:33:53.080-0500] {processor.py:183} INFO - Processing /Users/evankrupa/airflow_project/env/lib/python3.11/site-packages/airflow/example_dags/example_branch_operator_decorator.py took 0.032 seconds
[2025-12-12T08:35:19.963-0500] {processor.py:161} INFO - Started process (PID=65139) to work on /Users/evankrupa/airflow_project/env/lib/python3.11/site-packages/airflow/example_dags/example_branch_operator_decorator.py
[2025-12-12T08:35:19.965-0500] {processor.py:830} INFO - Processing file /Users/evankrupa/airflow_project/env/lib/python3.11/site-packages/airflow/example_dags/example_branch_operator_decorator.py for tasks to queue
[2025-12-12T08:35:19.965-0500] {logging_mixin.py:188} INFO - [2025-12-12T08:35:19.965-0500] {dagbag.py:545} INFO - Filling up the DagBag from /Users/evankrupa/airflow_project/env/lib/python3.11/site-packages/airflow/example_dags/example_branch_operator_decorator.py
[2025-12-12T08:35:19.972-0500] {processor.py:842} WARNING - No viable dags retrieved from /Users/evankrupa/airflow_project/env/lib/python3.11/site-packages/airflow/example_dags/example_branch_operator_decorator.py
[2025-12-12T08:35:19.995-0500] {processor.py:183} INFO - Processing /Users/evankrupa/airflow_project/env/lib/python3.11/site-packages/airflow/example_dags/example_branch_operator_decorator.py took 0.033 seconds
[2025-12-12T08:36:42.068-0500] {processor.py:161} INFO - Started process (PID=65216) to work on /Users/evankrupa/airflow_project/env/lib/python3.11/site-packages/airflow/example_dags/example_branch_operator_decorator.py
[2025-12-12T08:36:42.070-0500] {processor.py:830} INFO - Processing file /Users/evankrupa/airflow_project/env/lib/python3.11/site-packages/airflow/example_dags/example_branch_operator_decorator.py for tasks to queue
[2025-12-12T08:36:42.070-0500] {logging_mixin.py:188} INFO - [2025-12-12T08:36:42.070-0500] {dagbag.py:545} INFO - Filling up the DagBag from /Users/evankrupa/airflow_project/env/lib/python3.11/site-packages/airflow/example_dags/example_branch_operator_decorator.py
[2025-12-12T08:36:42.077-0500] {processor.py:842} WARNING - No viable dags retrieved from /Users/evankrupa/airflow_project/env/lib/python3.11/site-packages/airflow/example_dags/example_branch_operator_decorator.py
[2025-12-12T08:36:42.099-0500] {processor.py:183} INFO - Processing /Users/evankrupa/airflow_project/env/lib/python3.11/site-packages/airflow/example_dags/example_branch_operator_decorator.py took 0.032 seconds
[2025-12-12T08:38:08.094-0500] {processor.py:161} INFO - Started process (PID=65285) to work on /Users/evankrupa/airflow_project/env/lib/python3.11/site-packages/airflow/example_dags/example_branch_operator_decorator.py
[2025-12-12T08:38:08.095-0500] {processor.py:830} INFO - Processing file /Users/evankrupa/airflow_project/env/lib/python3.11/site-packages/airflow/example_dags/example_branch_operator_decorator.py for tasks to queue
[2025-12-12T08:38:08.095-0500] {logging_mixin.py:188} INFO - [2025-12-12T08:38:08.095-0500] {dagbag.py:545} INFO - Filling up the DagBag from /Users/evankrupa/airflow_project/env/lib/python3.11/site-packages/airflow/example_dags/example_branch_operator_decorator.py
[2025-12-12T08:38:08.102-0500] {processor.py:842} WARNING - No viable dags retrieved from /Users/evankrupa/airflow_project/env/lib/python3.11/site-packages/airflow/example_dags/example_branch_operator_decorator.py
[2025-12-12T08:38:08.126-0500] {processor.py:183} INFO - Processing /Users/evankrupa/airflow_project/env/lib/python3.11/site-packages/airflow/example_dags/example_branch_operator_decorator.py took 0.034 seconds
[2025-12-12T08:39:30.495-0500] {processor.py:161} INFO - Started process (PID=65365) to work on /Users/evankrupa/airflow_project/env/lib/python3.11/site-packages/airflow/example_dags/example_branch_operator_decorator.py
[2025-12-12T08:39:30.496-0500] {processor.py:830} INFO - Processing file /Users/evankrupa/airflow_project/env/lib/python3.11/site-packages/airflow/example_dags/example_branch_operator_decorator.py for tasks to queue
[2025-12-12T08:39:30.496-0500] {logging_mixin.py:188} INFO - [2025-12-12T08:39:30.496-0500] {dagbag.py:545} INFO - Filling up the DagBag from /Users/evankrupa/airflow_project/env/lib/python3.11/site-packages/airflow/example_dags/example_branch_operator_decorator.py
[2025-12-12T08:39:30.503-0500] {processor.py:842} WARNING - No viable dags retrieved from /Users/evankrupa/airflow_project/env/lib/python3.11/site-packages/airflow/example_dags/example_branch_operator_decorator.py
[2025-12-12T08:39:30.526-0500] {processor.py:183} INFO - Processing /Users/evankrupa/airflow_project/env/lib/python3.11/site-packages/airflow/example_dags/example_branch_operator_decorator.py took 0.032 seconds
[2025-12-12T08:40:55.031-0500] {processor.py:161} INFO - Started process (PID=65451) to work on /Users/evankrupa/airflow_project/env/lib/python3.11/site-packages/airflow/example_dags/example_branch_operator_decorator.py
[2025-12-12T08:40:55.032-0500] {processor.py:830} INFO - Processing file /Users/evankrupa/airflow_project/env/lib/python3.11/site-packages/airflow/example_dags/example_branch_operator_decorator.py for tasks to queue
[2025-12-12T08:40:55.033-0500] {logging_mixin.py:188} INFO - [2025-12-12T08:40:55.032-0500] {dagbag.py:545} INFO - Filling up the DagBag from /Users/evankrupa/airflow_project/env/lib/python3.11/site-packages/airflow/example_dags/example_branch_operator_decorator.py
[2025-12-12T08:40:55.040-0500] {processor.py:842} WARNING - No viable dags retrieved from /Users/evankrupa/airflow_project/env/lib/python3.11/site-packages/airflow/example_dags/example_branch_operator_decorator.py
[2025-12-12T08:40:55.062-0500] {processor.py:183} INFO - Processing /Users/evankrupa/airflow_project/env/lib/python3.11/site-packages/airflow/example_dags/example_branch_operator_decorator.py took 0.032 seconds
[2025-12-12T08:42:16.308-0500] {processor.py:161} INFO - Started process (PID=65517) to work on /Users/evankrupa/airflow_project/env/lib/python3.11/site-packages/airflow/example_dags/example_branch_operator_decorator.py
[2025-12-12T08:42:16.310-0500] {processor.py:830} INFO - Processing file /Users/evankrupa/airflow_project/env/lib/python3.11/site-packages/airflow/example_dags/example_branch_operator_decorator.py for tasks to queue
[2025-12-12T08:42:16.310-0500] {logging_mixin.py:188} INFO - [2025-12-12T08:42:16.310-0500] {dagbag.py:545} INFO - Filling up the DagBag from /Users/evankrupa/airflow_project/env/lib/python3.11/site-packages/airflow/example_dags/example_branch_operator_decorator.py
[2025-12-12T08:42:16.318-0500] {processor.py:842} WARNING - No viable dags retrieved from /Users/evankrupa/airflow_project/env/lib/python3.11/site-packages/airflow/example_dags/example_branch_operator_decorator.py
[2025-12-12T08:42:16.340-0500] {processor.py:183} INFO - Processing /Users/evankrupa/airflow_project/env/lib/python3.11/site-packages/airflow/example_dags/example_branch_operator_decorator.py took 0.032 seconds
[2025-12-12T08:43:40.992-0500] {processor.py:161} INFO - Started process (PID=65602) to work on /Users/evankrupa/airflow_project/env/lib/python3.11/site-packages/airflow/example_dags/example_branch_operator_decorator.py
[2025-12-12T08:43:40.993-0500] {processor.py:830} INFO - Processing file /Users/evankrupa/airflow_project/env/lib/python3.11/site-packages/airflow/example_dags/example_branch_operator_decorator.py for tasks to queue
[2025-12-12T08:43:40.994-0500] {logging_mixin.py:188} INFO - [2025-12-12T08:43:40.994-0500] {dagbag.py:545} INFO - Filling up the DagBag from /Users/evankrupa/airflow_project/env/lib/python3.11/site-packages/airflow/example_dags/example_branch_operator_decorator.py
[2025-12-12T08:43:41.001-0500] {processor.py:842} WARNING - No viable dags retrieved from /Users/evankrupa/airflow_project/env/lib/python3.11/site-packages/airflow/example_dags/example_branch_operator_decorator.py
[2025-12-12T08:43:41.023-0500] {processor.py:183} INFO - Processing /Users/evankrupa/airflow_project/env/lib/python3.11/site-packages/airflow/example_dags/example_branch_operator_decorator.py took 0.032 seconds
[2025-12-12T08:45:04.165-0500] {processor.py:161} INFO - Started process (PID=65678) to work on /Users/evankrupa/airflow_project/env/lib/python3.11/site-packages/airflow/example_dags/example_branch_operator_decorator.py
[2025-12-12T08:45:04.166-0500] {processor.py:830} INFO - Processing file /Users/evankrupa/airflow_project/env/lib/python3.11/site-packages/airflow/example_dags/example_branch_operator_decorator.py for tasks to queue
[2025-12-12T08:45:04.166-0500] {logging_mixin.py:188} INFO - [2025-12-12T08:45:04.166-0500] {dagbag.py:545} INFO - Filling up the DagBag from /Users/evankrupa/airflow_project/env/lib/python3.11/site-packages/airflow/example_dags/example_branch_operator_decorator.py
[2025-12-12T08:45:04.173-0500] {processor.py:842} WARNING - No viable dags retrieved from /Users/evankrupa/airflow_project/env/lib/python3.11/site-packages/airflow/example_dags/example_branch_operator_decorator.py
[2025-12-12T08:45:04.196-0500] {processor.py:183} INFO - Processing /Users/evankrupa/airflow_project/env/lib/python3.11/site-packages/airflow/example_dags/example_branch_operator_decorator.py took 0.032 seconds
