[2025-12-12T07:25:51.043-0500] {processor.py:161} INFO - Started process (PID=56875) to work on /Users/evankrupa/airflow_project/env/lib/python3.11/site-packages/airflow/example_dags/example_latest_only.py
[2025-12-12T07:25:51.043-0500] {processor.py:830} INFO - Processing file /Users/evankrupa/airflow_project/env/lib/python3.11/site-packages/airflow/example_dags/example_latest_only.py for tasks to queue
[2025-12-12T07:25:51.043-0500] {logging_mixin.py:188} INFO - [2025-12-12T07:25:51.043-0500] {dagbag.py:545} INFO - Filling up the DagBag from /Users/evankrupa/airflow_project/env/lib/python3.11/site-packages/airflow/example_dags/example_latest_only.py
[2025-12-12T07:25:51.046-0500] {processor.py:840} INFO - DAG(s) 'latest_only' retrieved from /Users/evankrupa/airflow_project/env/lib/python3.11/site-packages/airflow/example_dags/example_latest_only.py
[2025-12-12T07:25:51.097-0500] {logging_mixin.py:188} INFO - [2025-12-12T07:25:51.096-0500] {override.py:1829} INFO - Created Permission View: can read on DAG:latest_only
[2025-12-12T07:25:51.099-0500] {logging_mixin.py:188} INFO - [2025-12-12T07:25:51.099-0500] {override.py:1829} INFO - Created Permission View: can edit on DAG:latest_only
[2025-12-12T07:25:51.100-0500] {logging_mixin.py:188} INFO - [2025-12-12T07:25:51.100-0500] {override.py:1829} INFO - Created Permission View: can delete on DAG:latest_only
[2025-12-12T07:25:51.100-0500] {logging_mixin.py:188} INFO - [2025-12-12T07:25:51.100-0500] {dag.py:3096} INFO - Sync 1 DAGs
[2025-12-12T07:25:51.103-0500] {logging_mixin.py:188} INFO - [2025-12-12T07:25:51.103-0500] {dag.py:3118} INFO - Creating ORM DAG for latest_only
[2025-12-12T07:25:51.105-0500] {logging_mixin.py:188} INFO - [2025-12-12T07:25:51.105-0500] {dag.py:3954} INFO - Setting next_dagrun for latest_only to 2025-12-12 08:00:00+00:00, run_after=2025-12-12 12:00:00+00:00
[2025-12-12T07:25:51.110-0500] {processor.py:183} INFO - Processing /Users/evankrupa/airflow_project/env/lib/python3.11/site-packages/airflow/example_dags/example_latest_only.py took 0.068 seconds
[2025-12-12T07:27:16.109-0500] {processor.py:161} INFO - Started process (PID=57497) to work on /Users/evankrupa/airflow_project/env/lib/python3.11/site-packages/airflow/example_dags/example_latest_only.py
[2025-12-12T07:27:16.110-0500] {processor.py:830} INFO - Processing file /Users/evankrupa/airflow_project/env/lib/python3.11/site-packages/airflow/example_dags/example_latest_only.py for tasks to queue
[2025-12-12T07:27:16.111-0500] {logging_mixin.py:188} INFO - [2025-12-12T07:27:16.111-0500] {dagbag.py:545} INFO - Filling up the DagBag from /Users/evankrupa/airflow_project/env/lib/python3.11/site-packages/airflow/example_dags/example_latest_only.py
[2025-12-12T07:27:16.113-0500] {processor.py:840} INFO - DAG(s) 'latest_only' retrieved from /Users/evankrupa/airflow_project/env/lib/python3.11/site-packages/airflow/example_dags/example_latest_only.py
[2025-12-12T07:27:16.140-0500] {logging_mixin.py:188} INFO - [2025-12-12T07:27:16.140-0500] {dag.py:3096} INFO - Sync 1 DAGs
[2025-12-12T07:27:16.145-0500] {logging_mixin.py:188} INFO - [2025-12-12T07:27:16.145-0500] {dag.py:3954} INFO - Setting next_dagrun for latest_only to 2025-12-12 08:00:00+00:00, run_after=2025-12-12 12:00:00+00:00
[2025-12-12T07:27:16.150-0500] {processor.py:183} INFO - Processing /Users/evankrupa/airflow_project/env/lib/python3.11/site-packages/airflow/example_dags/example_latest_only.py took 0.042 seconds
[2025-12-12T07:28:42.709-0500] {processor.py:161} INFO - Started process (PID=57756) to work on /Users/evankrupa/airflow_project/env/lib/python3.11/site-packages/airflow/example_dags/example_latest_only.py
[2025-12-12T07:28:42.710-0500] {processor.py:830} INFO - Processing file /Users/evankrupa/airflow_project/env/lib/python3.11/site-packages/airflow/example_dags/example_latest_only.py for tasks to queue
[2025-12-12T07:28:42.711-0500] {logging_mixin.py:188} INFO - [2025-12-12T07:28:42.711-0500] {dagbag.py:545} INFO - Filling up the DagBag from /Users/evankrupa/airflow_project/env/lib/python3.11/site-packages/airflow/example_dags/example_latest_only.py
[2025-12-12T07:28:42.714-0500] {processor.py:840} INFO - DAG(s) 'latest_only' retrieved from /Users/evankrupa/airflow_project/env/lib/python3.11/site-packages/airflow/example_dags/example_latest_only.py
[2025-12-12T07:28:42.742-0500] {logging_mixin.py:188} INFO - [2025-12-12T07:28:42.741-0500] {dag.py:3096} INFO - Sync 1 DAGs
[2025-12-12T07:28:42.746-0500] {logging_mixin.py:188} INFO - [2025-12-12T07:28:42.746-0500] {dag.py:3954} INFO - Setting next_dagrun for latest_only to 2025-12-12 08:00:00+00:00, run_after=2025-12-12 12:00:00+00:00
[2025-12-12T07:28:42.752-0500] {processor.py:183} INFO - Processing /Users/evankrupa/airflow_project/env/lib/python3.11/site-packages/airflow/example_dags/example_latest_only.py took 0.044 seconds
[2025-12-12T07:30:07.037-0500] {processor.py:161} INFO - Started process (PID=57991) to work on /Users/evankrupa/airflow_project/env/lib/python3.11/site-packages/airflow/example_dags/example_latest_only.py
[2025-12-12T07:30:07.037-0500] {processor.py:830} INFO - Processing file /Users/evankrupa/airflow_project/env/lib/python3.11/site-packages/airflow/example_dags/example_latest_only.py for tasks to queue
[2025-12-12T07:30:07.037-0500] {logging_mixin.py:188} INFO - [2025-12-12T07:30:07.037-0500] {dagbag.py:545} INFO - Filling up the DagBag from /Users/evankrupa/airflow_project/env/lib/python3.11/site-packages/airflow/example_dags/example_latest_only.py
[2025-12-12T07:30:07.040-0500] {processor.py:840} INFO - DAG(s) 'latest_only' retrieved from /Users/evankrupa/airflow_project/env/lib/python3.11/site-packages/airflow/example_dags/example_latest_only.py
[2025-12-12T07:30:07.067-0500] {logging_mixin.py:188} INFO - [2025-12-12T07:30:07.067-0500] {dag.py:3096} INFO - Sync 1 DAGs
[2025-12-12T07:30:07.072-0500] {logging_mixin.py:188} INFO - [2025-12-12T07:30:07.072-0500] {dag.py:3954} INFO - Setting next_dagrun for latest_only to 2025-12-12 08:00:00+00:00, run_after=2025-12-12 12:00:00+00:00
[2025-12-12T07:30:07.078-0500] {processor.py:183} INFO - Processing /Users/evankrupa/airflow_project/env/lib/python3.11/site-packages/airflow/example_dags/example_latest_only.py took 0.042 seconds
[2025-12-12T07:31:33.106-0500] {processor.py:161} INFO - Started process (PID=58320) to work on /Users/evankrupa/airflow_project/env/lib/python3.11/site-packages/airflow/example_dags/example_latest_only.py
[2025-12-12T07:31:33.106-0500] {processor.py:830} INFO - Processing file /Users/evankrupa/airflow_project/env/lib/python3.11/site-packages/airflow/example_dags/example_latest_only.py for tasks to queue
[2025-12-12T07:31:33.106-0500] {logging_mixin.py:188} INFO - [2025-12-12T07:31:33.106-0500] {dagbag.py:545} INFO - Filling up the DagBag from /Users/evankrupa/airflow_project/env/lib/python3.11/site-packages/airflow/example_dags/example_latest_only.py
[2025-12-12T07:31:33.109-0500] {processor.py:840} INFO - DAG(s) 'latest_only' retrieved from /Users/evankrupa/airflow_project/env/lib/python3.11/site-packages/airflow/example_dags/example_latest_only.py
[2025-12-12T07:31:33.136-0500] {logging_mixin.py:188} INFO - [2025-12-12T07:31:33.136-0500] {dag.py:3096} INFO - Sync 1 DAGs
[2025-12-12T07:31:33.141-0500] {logging_mixin.py:188} INFO - [2025-12-12T07:31:33.141-0500] {dag.py:3954} INFO - Setting next_dagrun for latest_only to 2025-12-12 08:00:00+00:00, run_after=2025-12-12 12:00:00+00:00
[2025-12-12T07:31:33.146-0500] {processor.py:183} INFO - Processing /Users/evankrupa/airflow_project/env/lib/python3.11/site-packages/airflow/example_dags/example_latest_only.py took 0.041 seconds
[2025-12-12T07:33:00.369-0500] {processor.py:161} INFO - Started process (PID=58432) to work on /Users/evankrupa/airflow_project/env/lib/python3.11/site-packages/airflow/example_dags/example_latest_only.py
[2025-12-12T07:33:00.370-0500] {processor.py:830} INFO - Processing file /Users/evankrupa/airflow_project/env/lib/python3.11/site-packages/airflow/example_dags/example_latest_only.py for tasks to queue
[2025-12-12T07:33:00.370-0500] {logging_mixin.py:188} INFO - [2025-12-12T07:33:00.370-0500] {dagbag.py:545} INFO - Filling up the DagBag from /Users/evankrupa/airflow_project/env/lib/python3.11/site-packages/airflow/example_dags/example_latest_only.py
[2025-12-12T07:33:00.372-0500] {processor.py:840} INFO - DAG(s) 'latest_only' retrieved from /Users/evankrupa/airflow_project/env/lib/python3.11/site-packages/airflow/example_dags/example_latest_only.py
[2025-12-12T07:33:00.399-0500] {logging_mixin.py:188} INFO - [2025-12-12T07:33:00.399-0500] {dag.py:3096} INFO - Sync 1 DAGs
[2025-12-12T07:33:00.404-0500] {logging_mixin.py:188} INFO - [2025-12-12T07:33:00.404-0500] {dag.py:3954} INFO - Setting next_dagrun for latest_only to 2025-12-12 08:00:00+00:00, run_after=2025-12-12 12:00:00+00:00
[2025-12-12T07:33:00.409-0500] {processor.py:183} INFO - Processing /Users/evankrupa/airflow_project/env/lib/python3.11/site-packages/airflow/example_dags/example_latest_only.py took 0.042 seconds
[2025-12-12T07:34:26.554-0500] {processor.py:161} INFO - Started process (PID=58508) to work on /Users/evankrupa/airflow_project/env/lib/python3.11/site-packages/airflow/example_dags/example_latest_only.py
[2025-12-12T07:34:26.555-0500] {processor.py:830} INFO - Processing file /Users/evankrupa/airflow_project/env/lib/python3.11/site-packages/airflow/example_dags/example_latest_only.py for tasks to queue
[2025-12-12T07:34:26.555-0500] {logging_mixin.py:188} INFO - [2025-12-12T07:34:26.555-0500] {dagbag.py:545} INFO - Filling up the DagBag from /Users/evankrupa/airflow_project/env/lib/python3.11/site-packages/airflow/example_dags/example_latest_only.py
[2025-12-12T07:34:26.557-0500] {processor.py:840} INFO - DAG(s) 'latest_only' retrieved from /Users/evankrupa/airflow_project/env/lib/python3.11/site-packages/airflow/example_dags/example_latest_only.py
[2025-12-12T07:34:26.586-0500] {logging_mixin.py:188} INFO - [2025-12-12T07:34:26.585-0500] {dag.py:3096} INFO - Sync 1 DAGs
[2025-12-12T07:34:26.591-0500] {logging_mixin.py:188} INFO - [2025-12-12T07:34:26.591-0500] {dag.py:3954} INFO - Setting next_dagrun for latest_only to 2025-12-12 08:00:00+00:00, run_after=2025-12-12 12:00:00+00:00
[2025-12-12T07:34:26.596-0500] {processor.py:183} INFO - Processing /Users/evankrupa/airflow_project/env/lib/python3.11/site-packages/airflow/example_dags/example_latest_only.py took 0.044 seconds
[2025-12-12T07:35:49.457-0500] {processor.py:161} INFO - Started process (PID=58582) to work on /Users/evankrupa/airflow_project/env/lib/python3.11/site-packages/airflow/example_dags/example_latest_only.py
[2025-12-12T07:35:49.458-0500] {processor.py:830} INFO - Processing file /Users/evankrupa/airflow_project/env/lib/python3.11/site-packages/airflow/example_dags/example_latest_only.py for tasks to queue
[2025-12-12T07:35:49.458-0500] {logging_mixin.py:188} INFO - [2025-12-12T07:35:49.458-0500] {dagbag.py:545} INFO - Filling up the DagBag from /Users/evankrupa/airflow_project/env/lib/python3.11/site-packages/airflow/example_dags/example_latest_only.py
[2025-12-12T07:35:49.460-0500] {processor.py:840} INFO - DAG(s) 'latest_only' retrieved from /Users/evankrupa/airflow_project/env/lib/python3.11/site-packages/airflow/example_dags/example_latest_only.py
[2025-12-12T07:35:49.487-0500] {logging_mixin.py:188} INFO - [2025-12-12T07:35:49.487-0500] {dag.py:3096} INFO - Sync 1 DAGs
[2025-12-12T07:35:49.492-0500] {logging_mixin.py:188} INFO - [2025-12-12T07:35:49.492-0500] {dag.py:3954} INFO - Setting next_dagrun for latest_only to 2025-12-12 08:00:00+00:00, run_after=2025-12-12 12:00:00+00:00
[2025-12-12T07:35:49.498-0500] {processor.py:183} INFO - Processing /Users/evankrupa/airflow_project/env/lib/python3.11/site-packages/airflow/example_dags/example_latest_only.py took 0.041 seconds
[2025-12-12T07:37:13.406-0500] {processor.py:161} INFO - Started process (PID=58651) to work on /Users/evankrupa/airflow_project/env/lib/python3.11/site-packages/airflow/example_dags/example_latest_only.py
[2025-12-12T07:37:13.407-0500] {processor.py:830} INFO - Processing file /Users/evankrupa/airflow_project/env/lib/python3.11/site-packages/airflow/example_dags/example_latest_only.py for tasks to queue
[2025-12-12T07:37:13.407-0500] {logging_mixin.py:188} INFO - [2025-12-12T07:37:13.407-0500] {dagbag.py:545} INFO - Filling up the DagBag from /Users/evankrupa/airflow_project/env/lib/python3.11/site-packages/airflow/example_dags/example_latest_only.py
[2025-12-12T07:37:13.410-0500] {processor.py:840} INFO - DAG(s) 'latest_only' retrieved from /Users/evankrupa/airflow_project/env/lib/python3.11/site-packages/airflow/example_dags/example_latest_only.py
[2025-12-12T07:37:13.437-0500] {logging_mixin.py:188} INFO - [2025-12-12T07:37:13.437-0500] {dag.py:3096} INFO - Sync 1 DAGs
[2025-12-12T07:37:13.442-0500] {logging_mixin.py:188} INFO - [2025-12-12T07:37:13.442-0500] {dag.py:3954} INFO - Setting next_dagrun for latest_only to 2025-12-12 08:00:00+00:00, run_after=2025-12-12 12:00:00+00:00
[2025-12-12T07:37:13.447-0500] {processor.py:183} INFO - Processing /Users/evankrupa/airflow_project/env/lib/python3.11/site-packages/airflow/example_dags/example_latest_only.py took 0.042 seconds
[2025-12-12T07:38:36.670-0500] {processor.py:161} INFO - Started process (PID=58732) to work on /Users/evankrupa/airflow_project/env/lib/python3.11/site-packages/airflow/example_dags/example_latest_only.py
[2025-12-12T07:38:36.671-0500] {processor.py:830} INFO - Processing file /Users/evankrupa/airflow_project/env/lib/python3.11/site-packages/airflow/example_dags/example_latest_only.py for tasks to queue
[2025-12-12T07:38:36.671-0500] {logging_mixin.py:188} INFO - [2025-12-12T07:38:36.671-0500] {dagbag.py:545} INFO - Filling up the DagBag from /Users/evankrupa/airflow_project/env/lib/python3.11/site-packages/airflow/example_dags/example_latest_only.py
[2025-12-12T07:38:36.674-0500] {processor.py:840} INFO - DAG(s) 'latest_only' retrieved from /Users/evankrupa/airflow_project/env/lib/python3.11/site-packages/airflow/example_dags/example_latest_only.py
[2025-12-12T07:38:36.701-0500] {logging_mixin.py:188} INFO - [2025-12-12T07:38:36.701-0500] {dag.py:3096} INFO - Sync 1 DAGs
[2025-12-12T07:38:36.707-0500] {logging_mixin.py:188} INFO - [2025-12-12T07:38:36.707-0500] {dag.py:3954} INFO - Setting next_dagrun for latest_only to 2025-12-12 08:00:00+00:00, run_after=2025-12-12 12:00:00+00:00
[2025-12-12T07:38:36.712-0500] {processor.py:183} INFO - Processing /Users/evankrupa/airflow_project/env/lib/python3.11/site-packages/airflow/example_dags/example_latest_only.py took 0.043 seconds
[2025-12-12T07:40:04.221-0500] {processor.py:161} INFO - Started process (PID=58854) to work on /Users/evankrupa/airflow_project/env/lib/python3.11/site-packages/airflow/example_dags/example_latest_only.py
[2025-12-12T07:40:04.222-0500] {processor.py:830} INFO - Processing file /Users/evankrupa/airflow_project/env/lib/python3.11/site-packages/airflow/example_dags/example_latest_only.py for tasks to queue
[2025-12-12T07:40:04.222-0500] {logging_mixin.py:188} INFO - [2025-12-12T07:40:04.222-0500] {dagbag.py:545} INFO - Filling up the DagBag from /Users/evankrupa/airflow_project/env/lib/python3.11/site-packages/airflow/example_dags/example_latest_only.py
[2025-12-12T07:40:04.224-0500] {processor.py:840} INFO - DAG(s) 'latest_only' retrieved from /Users/evankrupa/airflow_project/env/lib/python3.11/site-packages/airflow/example_dags/example_latest_only.py
[2025-12-12T07:40:04.253-0500] {logging_mixin.py:188} INFO - [2025-12-12T07:40:04.253-0500] {dag.py:3096} INFO - Sync 1 DAGs
[2025-12-12T07:40:04.258-0500] {logging_mixin.py:188} INFO - [2025-12-12T07:40:04.258-0500] {dag.py:3954} INFO - Setting next_dagrun for latest_only to 2025-12-12 08:00:00+00:00, run_after=2025-12-12 12:00:00+00:00
[2025-12-12T07:40:04.264-0500] {processor.py:183} INFO - Processing /Users/evankrupa/airflow_project/env/lib/python3.11/site-packages/airflow/example_dags/example_latest_only.py took 0.044 seconds
[2025-12-12T07:41:29.463-0500] {processor.py:161} INFO - Started process (PID=58949) to work on /Users/evankrupa/airflow_project/env/lib/python3.11/site-packages/airflow/example_dags/example_latest_only.py
[2025-12-12T07:41:29.464-0500] {processor.py:830} INFO - Processing file /Users/evankrupa/airflow_project/env/lib/python3.11/site-packages/airflow/example_dags/example_latest_only.py for tasks to queue
[2025-12-12T07:41:29.464-0500] {logging_mixin.py:188} INFO - [2025-12-12T07:41:29.464-0500] {dagbag.py:545} INFO - Filling up the DagBag from /Users/evankrupa/airflow_project/env/lib/python3.11/site-packages/airflow/example_dags/example_latest_only.py
[2025-12-12T07:41:29.466-0500] {processor.py:840} INFO - DAG(s) 'latest_only' retrieved from /Users/evankrupa/airflow_project/env/lib/python3.11/site-packages/airflow/example_dags/example_latest_only.py
[2025-12-12T07:41:29.493-0500] {logging_mixin.py:188} INFO - [2025-12-12T07:41:29.493-0500] {dag.py:3096} INFO - Sync 1 DAGs
[2025-12-12T07:41:29.498-0500] {logging_mixin.py:188} INFO - [2025-12-12T07:41:29.498-0500] {dag.py:3954} INFO - Setting next_dagrun for latest_only to 2025-12-12 08:00:00+00:00, run_after=2025-12-12 12:00:00+00:00
[2025-12-12T07:41:29.503-0500] {processor.py:183} INFO - Processing /Users/evankrupa/airflow_project/env/lib/python3.11/site-packages/airflow/example_dags/example_latest_only.py took 0.041 seconds
[2025-12-12T07:42:53.235-0500] {processor.py:161} INFO - Started process (PID=59110) to work on /Users/evankrupa/airflow_project/env/lib/python3.11/site-packages/airflow/example_dags/example_latest_only.py
[2025-12-12T07:42:53.236-0500] {processor.py:830} INFO - Processing file /Users/evankrupa/airflow_project/env/lib/python3.11/site-packages/airflow/example_dags/example_latest_only.py for tasks to queue
[2025-12-12T07:42:53.236-0500] {logging_mixin.py:188} INFO - [2025-12-12T07:42:53.236-0500] {dagbag.py:545} INFO - Filling up the DagBag from /Users/evankrupa/airflow_project/env/lib/python3.11/site-packages/airflow/example_dags/example_latest_only.py
[2025-12-12T07:42:53.238-0500] {processor.py:840} INFO - DAG(s) 'latest_only' retrieved from /Users/evankrupa/airflow_project/env/lib/python3.11/site-packages/airflow/example_dags/example_latest_only.py
[2025-12-12T07:42:53.265-0500] {logging_mixin.py:188} INFO - [2025-12-12T07:42:53.265-0500] {dag.py:3096} INFO - Sync 1 DAGs
[2025-12-12T07:42:53.269-0500] {logging_mixin.py:188} INFO - [2025-12-12T07:42:53.269-0500] {dag.py:3954} INFO - Setting next_dagrun for latest_only to 2025-12-12 08:00:00+00:00, run_after=2025-12-12 12:00:00+00:00
[2025-12-12T07:42:53.275-0500] {processor.py:183} INFO - Processing /Users/evankrupa/airflow_project/env/lib/python3.11/site-packages/airflow/example_dags/example_latest_only.py took 0.041 seconds
[2025-12-12T07:44:17.339-0500] {processor.py:161} INFO - Started process (PID=59197) to work on /Users/evankrupa/airflow_project/env/lib/python3.11/site-packages/airflow/example_dags/example_latest_only.py
[2025-12-12T07:44:17.339-0500] {processor.py:830} INFO - Processing file /Users/evankrupa/airflow_project/env/lib/python3.11/site-packages/airflow/example_dags/example_latest_only.py for tasks to queue
[2025-12-12T07:44:17.340-0500] {logging_mixin.py:188} INFO - [2025-12-12T07:44:17.340-0500] {dagbag.py:545} INFO - Filling up the DagBag from /Users/evankrupa/airflow_project/env/lib/python3.11/site-packages/airflow/example_dags/example_latest_only.py
[2025-12-12T07:44:17.342-0500] {processor.py:840} INFO - DAG(s) 'latest_only' retrieved from /Users/evankrupa/airflow_project/env/lib/python3.11/site-packages/airflow/example_dags/example_latest_only.py
[2025-12-12T07:44:17.369-0500] {logging_mixin.py:188} INFO - [2025-12-12T07:44:17.369-0500] {dag.py:3096} INFO - Sync 1 DAGs
[2025-12-12T07:44:17.373-0500] {logging_mixin.py:188} INFO - [2025-12-12T07:44:17.373-0500] {dag.py:3954} INFO - Setting next_dagrun for latest_only to 2025-12-12 08:00:00+00:00, run_after=2025-12-12 12:00:00+00:00
[2025-12-12T07:44:17.379-0500] {processor.py:183} INFO - Processing /Users/evankrupa/airflow_project/env/lib/python3.11/site-packages/airflow/example_dags/example_latest_only.py took 0.041 seconds
[2025-12-12T07:45:43.835-0500] {processor.py:161} INFO - Started process (PID=59279) to work on /Users/evankrupa/airflow_project/env/lib/python3.11/site-packages/airflow/example_dags/example_latest_only.py
[2025-12-12T07:45:43.837-0500] {processor.py:830} INFO - Processing file /Users/evankrupa/airflow_project/env/lib/python3.11/site-packages/airflow/example_dags/example_latest_only.py for tasks to queue
[2025-12-12T07:45:43.837-0500] {logging_mixin.py:188} INFO - [2025-12-12T07:45:43.837-0500] {dagbag.py:545} INFO - Filling up the DagBag from /Users/evankrupa/airflow_project/env/lib/python3.11/site-packages/airflow/example_dags/example_latest_only.py
[2025-12-12T07:45:43.839-0500] {processor.py:840} INFO - DAG(s) 'latest_only' retrieved from /Users/evankrupa/airflow_project/env/lib/python3.11/site-packages/airflow/example_dags/example_latest_only.py
[2025-12-12T07:45:43.867-0500] {logging_mixin.py:188} INFO - [2025-12-12T07:45:43.867-0500] {dag.py:3096} INFO - Sync 1 DAGs
[2025-12-12T07:45:43.872-0500] {logging_mixin.py:188} INFO - [2025-12-12T07:45:43.872-0500] {dag.py:3954} INFO - Setting next_dagrun for latest_only to 2025-12-12 08:00:00+00:00, run_after=2025-12-12 12:00:00+00:00
[2025-12-12T07:45:43.878-0500] {processor.py:183} INFO - Processing /Users/evankrupa/airflow_project/env/lib/python3.11/site-packages/airflow/example_dags/example_latest_only.py took 0.043 seconds
[2025-12-12T07:47:07.652-0500] {processor.py:161} INFO - Started process (PID=59356) to work on /Users/evankrupa/airflow_project/env/lib/python3.11/site-packages/airflow/example_dags/example_latest_only.py
[2025-12-12T07:47:07.654-0500] {processor.py:830} INFO - Processing file /Users/evankrupa/airflow_project/env/lib/python3.11/site-packages/airflow/example_dags/example_latest_only.py for tasks to queue
[2025-12-12T07:47:07.654-0500] {logging_mixin.py:188} INFO - [2025-12-12T07:47:07.654-0500] {dagbag.py:545} INFO - Filling up the DagBag from /Users/evankrupa/airflow_project/env/lib/python3.11/site-packages/airflow/example_dags/example_latest_only.py
[2025-12-12T07:47:07.656-0500] {processor.py:840} INFO - DAG(s) 'latest_only' retrieved from /Users/evankrupa/airflow_project/env/lib/python3.11/site-packages/airflow/example_dags/example_latest_only.py
[2025-12-12T07:47:07.684-0500] {logging_mixin.py:188} INFO - [2025-12-12T07:47:07.684-0500] {dag.py:3096} INFO - Sync 1 DAGs
[2025-12-12T07:47:07.689-0500] {logging_mixin.py:188} INFO - [2025-12-12T07:47:07.689-0500] {dag.py:3954} INFO - Setting next_dagrun for latest_only to 2025-12-12 08:00:00+00:00, run_after=2025-12-12 12:00:00+00:00
[2025-12-12T07:47:07.694-0500] {processor.py:183} INFO - Processing /Users/evankrupa/airflow_project/env/lib/python3.11/site-packages/airflow/example_dags/example_latest_only.py took 0.043 seconds
[2025-12-12T07:48:35.599-0500] {processor.py:161} INFO - Started process (PID=59471) to work on /Users/evankrupa/airflow_project/env/lib/python3.11/site-packages/airflow/example_dags/example_latest_only.py
[2025-12-12T07:48:35.599-0500] {processor.py:830} INFO - Processing file /Users/evankrupa/airflow_project/env/lib/python3.11/site-packages/airflow/example_dags/example_latest_only.py for tasks to queue
[2025-12-12T07:48:35.600-0500] {logging_mixin.py:188} INFO - [2025-12-12T07:48:35.599-0500] {dagbag.py:545} INFO - Filling up the DagBag from /Users/evankrupa/airflow_project/env/lib/python3.11/site-packages/airflow/example_dags/example_latest_only.py
[2025-12-12T07:48:35.602-0500] {processor.py:840} INFO - DAG(s) 'latest_only' retrieved from /Users/evankrupa/airflow_project/env/lib/python3.11/site-packages/airflow/example_dags/example_latest_only.py
[2025-12-12T07:48:35.631-0500] {logging_mixin.py:188} INFO - [2025-12-12T07:48:35.631-0500] {dag.py:3096} INFO - Sync 1 DAGs
[2025-12-12T07:48:35.636-0500] {logging_mixin.py:188} INFO - [2025-12-12T07:48:35.636-0500] {dag.py:3954} INFO - Setting next_dagrun for latest_only to 2025-12-12 08:00:00+00:00, run_after=2025-12-12 12:00:00+00:00
[2025-12-12T07:48:35.642-0500] {processor.py:183} INFO - Processing /Users/evankrupa/airflow_project/env/lib/python3.11/site-packages/airflow/example_dags/example_latest_only.py took 0.044 seconds
[2025-12-12T07:50:00.280-0500] {processor.py:161} INFO - Started process (PID=59547) to work on /Users/evankrupa/airflow_project/env/lib/python3.11/site-packages/airflow/example_dags/example_latest_only.py
[2025-12-12T07:50:00.281-0500] {processor.py:830} INFO - Processing file /Users/evankrupa/airflow_project/env/lib/python3.11/site-packages/airflow/example_dags/example_latest_only.py for tasks to queue
[2025-12-12T07:50:00.281-0500] {logging_mixin.py:188} INFO - [2025-12-12T07:50:00.281-0500] {dagbag.py:545} INFO - Filling up the DagBag from /Users/evankrupa/airflow_project/env/lib/python3.11/site-packages/airflow/example_dags/example_latest_only.py
[2025-12-12T07:50:00.283-0500] {processor.py:840} INFO - DAG(s) 'latest_only' retrieved from /Users/evankrupa/airflow_project/env/lib/python3.11/site-packages/airflow/example_dags/example_latest_only.py
[2025-12-12T07:50:00.311-0500] {logging_mixin.py:188} INFO - [2025-12-12T07:50:00.310-0500] {dag.py:3096} INFO - Sync 1 DAGs
[2025-12-12T07:50:00.315-0500] {logging_mixin.py:188} INFO - [2025-12-12T07:50:00.315-0500] {dag.py:3954} INFO - Setting next_dagrun for latest_only to 2025-12-12 08:00:00+00:00, run_after=2025-12-12 12:00:00+00:00
[2025-12-12T07:50:00.321-0500] {processor.py:183} INFO - Processing /Users/evankrupa/airflow_project/env/lib/python3.11/site-packages/airflow/example_dags/example_latest_only.py took 0.042 seconds
[2025-12-12T07:51:25.406-0500] {processor.py:161} INFO - Started process (PID=59616) to work on /Users/evankrupa/airflow_project/env/lib/python3.11/site-packages/airflow/example_dags/example_latest_only.py
[2025-12-12T07:51:25.407-0500] {processor.py:830} INFO - Processing file /Users/evankrupa/airflow_project/env/lib/python3.11/site-packages/airflow/example_dags/example_latest_only.py for tasks to queue
[2025-12-12T07:51:25.408-0500] {logging_mixin.py:188} INFO - [2025-12-12T07:51:25.408-0500] {dagbag.py:545} INFO - Filling up the DagBag from /Users/evankrupa/airflow_project/env/lib/python3.11/site-packages/airflow/example_dags/example_latest_only.py
[2025-12-12T07:51:25.410-0500] {processor.py:840} INFO - DAG(s) 'latest_only' retrieved from /Users/evankrupa/airflow_project/env/lib/python3.11/site-packages/airflow/example_dags/example_latest_only.py
[2025-12-12T07:51:25.438-0500] {logging_mixin.py:188} INFO - [2025-12-12T07:51:25.438-0500] {dag.py:3096} INFO - Sync 1 DAGs
[2025-12-12T07:51:25.442-0500] {logging_mixin.py:188} INFO - [2025-12-12T07:51:25.442-0500] {dag.py:3954} INFO - Setting next_dagrun for latest_only to 2025-12-12 08:00:00+00:00, run_after=2025-12-12 12:00:00+00:00
[2025-12-12T07:51:25.448-0500] {processor.py:183} INFO - Processing /Users/evankrupa/airflow_project/env/lib/python3.11/site-packages/airflow/example_dags/example_latest_only.py took 0.043 seconds
[2025-12-12T07:52:49.229-0500] {processor.py:161} INFO - Started process (PID=59688) to work on /Users/evankrupa/airflow_project/env/lib/python3.11/site-packages/airflow/example_dags/example_latest_only.py
[2025-12-12T07:52:49.230-0500] {processor.py:830} INFO - Processing file /Users/evankrupa/airflow_project/env/lib/python3.11/site-packages/airflow/example_dags/example_latest_only.py for tasks to queue
[2025-12-12T07:52:49.230-0500] {logging_mixin.py:188} INFO - [2025-12-12T07:52:49.230-0500] {dagbag.py:545} INFO - Filling up the DagBag from /Users/evankrupa/airflow_project/env/lib/python3.11/site-packages/airflow/example_dags/example_latest_only.py
[2025-12-12T07:52:49.233-0500] {processor.py:840} INFO - DAG(s) 'latest_only' retrieved from /Users/evankrupa/airflow_project/env/lib/python3.11/site-packages/airflow/example_dags/example_latest_only.py
[2025-12-12T07:52:49.260-0500] {logging_mixin.py:188} INFO - [2025-12-12T07:52:49.260-0500] {dag.py:3096} INFO - Sync 1 DAGs
[2025-12-12T07:52:49.265-0500] {logging_mixin.py:188} INFO - [2025-12-12T07:52:49.265-0500] {dag.py:3954} INFO - Setting next_dagrun for latest_only to 2025-12-12 08:00:00+00:00, run_after=2025-12-12 12:00:00+00:00
[2025-12-12T07:52:49.271-0500] {processor.py:183} INFO - Processing /Users/evankrupa/airflow_project/env/lib/python3.11/site-packages/airflow/example_dags/example_latest_only.py took 0.043 seconds
[2025-12-12T07:54:10.541-0500] {processor.py:161} INFO - Started process (PID=59769) to work on /Users/evankrupa/airflow_project/env/lib/python3.11/site-packages/airflow/example_dags/example_latest_only.py
[2025-12-12T07:54:10.543-0500] {processor.py:830} INFO - Processing file /Users/evankrupa/airflow_project/env/lib/python3.11/site-packages/airflow/example_dags/example_latest_only.py for tasks to queue
[2025-12-12T07:54:10.543-0500] {logging_mixin.py:188} INFO - [2025-12-12T07:54:10.543-0500] {dagbag.py:545} INFO - Filling up the DagBag from /Users/evankrupa/airflow_project/env/lib/python3.11/site-packages/airflow/example_dags/example_latest_only.py
[2025-12-12T07:54:10.545-0500] {processor.py:840} INFO - DAG(s) 'latest_only' retrieved from /Users/evankrupa/airflow_project/env/lib/python3.11/site-packages/airflow/example_dags/example_latest_only.py
[2025-12-12T07:54:10.572-0500] {logging_mixin.py:188} INFO - [2025-12-12T07:54:10.572-0500] {dag.py:3096} INFO - Sync 1 DAGs
[2025-12-12T07:54:10.577-0500] {logging_mixin.py:188} INFO - [2025-12-12T07:54:10.577-0500] {dag.py:3954} INFO - Setting next_dagrun for latest_only to 2025-12-12 08:00:00+00:00, run_after=2025-12-12 12:00:00+00:00
[2025-12-12T07:54:10.582-0500] {processor.py:183} INFO - Processing /Users/evankrupa/airflow_project/env/lib/python3.11/site-packages/airflow/example_dags/example_latest_only.py took 0.042 seconds
[2025-12-12T07:55:36.923-0500] {processor.py:161} INFO - Started process (PID=59856) to work on /Users/evankrupa/airflow_project/env/lib/python3.11/site-packages/airflow/example_dags/example_latest_only.py
[2025-12-12T07:55:36.924-0500] {processor.py:830} INFO - Processing file /Users/evankrupa/airflow_project/env/lib/python3.11/site-packages/airflow/example_dags/example_latest_only.py for tasks to queue
[2025-12-12T07:55:36.925-0500] {logging_mixin.py:188} INFO - [2025-12-12T07:55:36.925-0500] {dagbag.py:545} INFO - Filling up the DagBag from /Users/evankrupa/airflow_project/env/lib/python3.11/site-packages/airflow/example_dags/example_latest_only.py
[2025-12-12T07:55:36.927-0500] {processor.py:840} INFO - DAG(s) 'latest_only' retrieved from /Users/evankrupa/airflow_project/env/lib/python3.11/site-packages/airflow/example_dags/example_latest_only.py
[2025-12-12T07:55:36.954-0500] {logging_mixin.py:188} INFO - [2025-12-12T07:55:36.954-0500] {dag.py:3096} INFO - Sync 1 DAGs
[2025-12-12T07:55:36.958-0500] {logging_mixin.py:188} INFO - [2025-12-12T07:55:36.958-0500] {dag.py:3954} INFO - Setting next_dagrun for latest_only to 2025-12-12 08:00:00+00:00, run_after=2025-12-12 12:00:00+00:00
[2025-12-12T07:55:36.964-0500] {processor.py:183} INFO - Processing /Users/evankrupa/airflow_project/env/lib/python3.11/site-packages/airflow/example_dags/example_latest_only.py took 0.042 seconds
[2025-12-12T07:57:01.581-0500] {processor.py:161} INFO - Started process (PID=59924) to work on /Users/evankrupa/airflow_project/env/lib/python3.11/site-packages/airflow/example_dags/example_latest_only.py
[2025-12-12T07:57:01.583-0500] {processor.py:830} INFO - Processing file /Users/evankrupa/airflow_project/env/lib/python3.11/site-packages/airflow/example_dags/example_latest_only.py for tasks to queue
[2025-12-12T07:57:01.583-0500] {logging_mixin.py:188} INFO - [2025-12-12T07:57:01.583-0500] {dagbag.py:545} INFO - Filling up the DagBag from /Users/evankrupa/airflow_project/env/lib/python3.11/site-packages/airflow/example_dags/example_latest_only.py
[2025-12-12T07:57:01.586-0500] {processor.py:840} INFO - DAG(s) 'latest_only' retrieved from /Users/evankrupa/airflow_project/env/lib/python3.11/site-packages/airflow/example_dags/example_latest_only.py
[2025-12-12T07:57:01.613-0500] {logging_mixin.py:188} INFO - [2025-12-12T07:57:01.613-0500] {dag.py:3096} INFO - Sync 1 DAGs
[2025-12-12T07:57:01.617-0500] {logging_mixin.py:188} INFO - [2025-12-12T07:57:01.617-0500] {dag.py:3954} INFO - Setting next_dagrun for latest_only to 2025-12-12 08:00:00+00:00, run_after=2025-12-12 12:00:00+00:00
[2025-12-12T07:57:01.623-0500] {processor.py:183} INFO - Processing /Users/evankrupa/airflow_project/env/lib/python3.11/site-packages/airflow/example_dags/example_latest_only.py took 0.042 seconds
[2025-12-12T07:58:25.395-0500] {processor.py:161} INFO - Started process (PID=61185) to work on /Users/evankrupa/airflow_project/env/lib/python3.11/site-packages/airflow/example_dags/example_latest_only.py
[2025-12-12T07:58:25.396-0500] {processor.py:830} INFO - Processing file /Users/evankrupa/airflow_project/env/lib/python3.11/site-packages/airflow/example_dags/example_latest_only.py for tasks to queue
[2025-12-12T07:58:25.396-0500] {logging_mixin.py:188} INFO - [2025-12-12T07:58:25.396-0500] {dagbag.py:545} INFO - Filling up the DagBag from /Users/evankrupa/airflow_project/env/lib/python3.11/site-packages/airflow/example_dags/example_latest_only.py
[2025-12-12T07:58:25.399-0500] {processor.py:840} INFO - DAG(s) 'latest_only' retrieved from /Users/evankrupa/airflow_project/env/lib/python3.11/site-packages/airflow/example_dags/example_latest_only.py
[2025-12-12T07:58:25.426-0500] {logging_mixin.py:188} INFO - [2025-12-12T07:58:25.426-0500] {dag.py:3096} INFO - Sync 1 DAGs
[2025-12-12T07:58:25.431-0500] {logging_mixin.py:188} INFO - [2025-12-12T07:58:25.431-0500] {dag.py:3954} INFO - Setting next_dagrun for latest_only to 2025-12-12 08:00:00+00:00, run_after=2025-12-12 12:00:00+00:00
[2025-12-12T07:58:25.436-0500] {processor.py:183} INFO - Processing /Users/evankrupa/airflow_project/env/lib/python3.11/site-packages/airflow/example_dags/example_latest_only.py took 0.042 seconds
[2025-12-12T07:59:52.577-0500] {processor.py:161} INFO - Started process (PID=62733) to work on /Users/evankrupa/airflow_project/env/lib/python3.11/site-packages/airflow/example_dags/example_latest_only.py
[2025-12-12T07:59:52.578-0500] {processor.py:830} INFO - Processing file /Users/evankrupa/airflow_project/env/lib/python3.11/site-packages/airflow/example_dags/example_latest_only.py for tasks to queue
[2025-12-12T07:59:52.578-0500] {logging_mixin.py:188} INFO - [2025-12-12T07:59:52.578-0500] {dagbag.py:545} INFO - Filling up the DagBag from /Users/evankrupa/airflow_project/env/lib/python3.11/site-packages/airflow/example_dags/example_latest_only.py
[2025-12-12T07:59:52.580-0500] {processor.py:840} INFO - DAG(s) 'latest_only' retrieved from /Users/evankrupa/airflow_project/env/lib/python3.11/site-packages/airflow/example_dags/example_latest_only.py
[2025-12-12T07:59:52.608-0500] {logging_mixin.py:188} INFO - [2025-12-12T07:59:52.608-0500] {dag.py:3096} INFO - Sync 1 DAGs
[2025-12-12T07:59:52.613-0500] {logging_mixin.py:188} INFO - [2025-12-12T07:59:52.612-0500] {dag.py:3954} INFO - Setting next_dagrun for latest_only to 2025-12-12 08:00:00+00:00, run_after=2025-12-12 12:00:00+00:00
[2025-12-12T07:59:52.618-0500] {processor.py:183} INFO - Processing /Users/evankrupa/airflow_project/env/lib/python3.11/site-packages/airflow/example_dags/example_latest_only.py took 0.042 seconds
[2025-12-12T08:01:12.488-0500] {processor.py:161} INFO - Started process (PID=62800) to work on /Users/evankrupa/airflow_project/env/lib/python3.11/site-packages/airflow/example_dags/example_latest_only.py
[2025-12-12T08:01:12.489-0500] {processor.py:830} INFO - Processing file /Users/evankrupa/airflow_project/env/lib/python3.11/site-packages/airflow/example_dags/example_latest_only.py for tasks to queue
[2025-12-12T08:01:12.489-0500] {logging_mixin.py:188} INFO - [2025-12-12T08:01:12.489-0500] {dagbag.py:545} INFO - Filling up the DagBag from /Users/evankrupa/airflow_project/env/lib/python3.11/site-packages/airflow/example_dags/example_latest_only.py
[2025-12-12T08:01:12.492-0500] {processor.py:840} INFO - DAG(s) 'latest_only' retrieved from /Users/evankrupa/airflow_project/env/lib/python3.11/site-packages/airflow/example_dags/example_latest_only.py
[2025-12-12T08:01:12.519-0500] {logging_mixin.py:188} INFO - [2025-12-12T08:01:12.519-0500] {dag.py:3096} INFO - Sync 1 DAGs
[2025-12-12T08:01:12.524-0500] {logging_mixin.py:188} INFO - [2025-12-12T08:01:12.524-0500] {dag.py:3954} INFO - Setting next_dagrun for latest_only to 2025-12-12 08:00:00+00:00, run_after=2025-12-12 12:00:00+00:00
[2025-12-12T08:01:12.529-0500] {processor.py:183} INFO - Processing /Users/evankrupa/airflow_project/env/lib/python3.11/site-packages/airflow/example_dags/example_latest_only.py took 0.042 seconds
[2025-12-12T08:02:38.934-0500] {processor.py:161} INFO - Started process (PID=62868) to work on /Users/evankrupa/airflow_project/env/lib/python3.11/site-packages/airflow/example_dags/example_latest_only.py
[2025-12-12T08:02:38.934-0500] {processor.py:830} INFO - Processing file /Users/evankrupa/airflow_project/env/lib/python3.11/site-packages/airflow/example_dags/example_latest_only.py for tasks to queue
[2025-12-12T08:02:38.934-0500] {logging_mixin.py:188} INFO - [2025-12-12T08:02:38.934-0500] {dagbag.py:545} INFO - Filling up the DagBag from /Users/evankrupa/airflow_project/env/lib/python3.11/site-packages/airflow/example_dags/example_latest_only.py
[2025-12-12T08:02:38.937-0500] {processor.py:840} INFO - DAG(s) 'latest_only' retrieved from /Users/evankrupa/airflow_project/env/lib/python3.11/site-packages/airflow/example_dags/example_latest_only.py
[2025-12-12T08:02:38.964-0500] {logging_mixin.py:188} INFO - [2025-12-12T08:02:38.964-0500] {dag.py:3096} INFO - Sync 1 DAGs
[2025-12-12T08:02:38.968-0500] {logging_mixin.py:188} INFO - [2025-12-12T08:02:38.968-0500] {dag.py:3954} INFO - Setting next_dagrun for latest_only to 2025-12-12 08:00:00+00:00, run_after=2025-12-12 12:00:00+00:00
[2025-12-12T08:02:38.974-0500] {processor.py:183} INFO - Processing /Users/evankrupa/airflow_project/env/lib/python3.11/site-packages/airflow/example_dags/example_latest_only.py took 0.041 seconds
[2025-12-12T08:04:05.734-0500] {processor.py:161} INFO - Started process (PID=62954) to work on /Users/evankrupa/airflow_project/env/lib/python3.11/site-packages/airflow/example_dags/example_latest_only.py
[2025-12-12T08:04:05.734-0500] {processor.py:830} INFO - Processing file /Users/evankrupa/airflow_project/env/lib/python3.11/site-packages/airflow/example_dags/example_latest_only.py for tasks to queue
[2025-12-12T08:04:05.734-0500] {logging_mixin.py:188} INFO - [2025-12-12T08:04:05.734-0500] {dagbag.py:545} INFO - Filling up the DagBag from /Users/evankrupa/airflow_project/env/lib/python3.11/site-packages/airflow/example_dags/example_latest_only.py
[2025-12-12T08:04:05.737-0500] {processor.py:840} INFO - DAG(s) 'latest_only' retrieved from /Users/evankrupa/airflow_project/env/lib/python3.11/site-packages/airflow/example_dags/example_latest_only.py
[2025-12-12T08:04:05.764-0500] {logging_mixin.py:188} INFO - [2025-12-12T08:04:05.764-0500] {dag.py:3096} INFO - Sync 1 DAGs
[2025-12-12T08:04:05.770-0500] {logging_mixin.py:188} INFO - [2025-12-12T08:04:05.770-0500] {dag.py:3954} INFO - Setting next_dagrun for latest_only to 2025-12-12 08:00:00+00:00, run_after=2025-12-12 12:00:00+00:00
[2025-12-12T08:04:05.776-0500] {processor.py:183} INFO - Processing /Users/evankrupa/airflow_project/env/lib/python3.11/site-packages/airflow/example_dags/example_latest_only.py took 0.043 seconds
[2025-12-12T08:05:27.243-0500] {processor.py:161} INFO - Started process (PID=63089) to work on /Users/evankrupa/airflow_project/env/lib/python3.11/site-packages/airflow/example_dags/example_latest_only.py
[2025-12-12T08:05:27.244-0500] {processor.py:830} INFO - Processing file /Users/evankrupa/airflow_project/env/lib/python3.11/site-packages/airflow/example_dags/example_latest_only.py for tasks to queue
[2025-12-12T08:05:27.245-0500] {logging_mixin.py:188} INFO - [2025-12-12T08:05:27.245-0500] {dagbag.py:545} INFO - Filling up the DagBag from /Users/evankrupa/airflow_project/env/lib/python3.11/site-packages/airflow/example_dags/example_latest_only.py
[2025-12-12T08:05:27.247-0500] {processor.py:840} INFO - DAG(s) 'latest_only' retrieved from /Users/evankrupa/airflow_project/env/lib/python3.11/site-packages/airflow/example_dags/example_latest_only.py
[2025-12-12T08:05:27.275-0500] {logging_mixin.py:188} INFO - [2025-12-12T08:05:27.275-0500] {dag.py:3096} INFO - Sync 1 DAGs
[2025-12-12T08:05:27.280-0500] {logging_mixin.py:188} INFO - [2025-12-12T08:05:27.280-0500] {dag.py:3954} INFO - Setting next_dagrun for latest_only to 2025-12-12 08:00:00+00:00, run_after=2025-12-12 12:00:00+00:00
[2025-12-12T08:05:27.286-0500] {processor.py:183} INFO - Processing /Users/evankrupa/airflow_project/env/lib/python3.11/site-packages/airflow/example_dags/example_latest_only.py took 0.043 seconds
[2025-12-12T08:06:53.573-0500] {processor.py:161} INFO - Started process (PID=63181) to work on /Users/evankrupa/airflow_project/env/lib/python3.11/site-packages/airflow/example_dags/example_latest_only.py
[2025-12-12T08:06:53.573-0500] {processor.py:830} INFO - Processing file /Users/evankrupa/airflow_project/env/lib/python3.11/site-packages/airflow/example_dags/example_latest_only.py for tasks to queue
[2025-12-12T08:06:53.573-0500] {logging_mixin.py:188} INFO - [2025-12-12T08:06:53.573-0500] {dagbag.py:545} INFO - Filling up the DagBag from /Users/evankrupa/airflow_project/env/lib/python3.11/site-packages/airflow/example_dags/example_latest_only.py
[2025-12-12T08:06:53.576-0500] {processor.py:840} INFO - DAG(s) 'latest_only' retrieved from /Users/evankrupa/airflow_project/env/lib/python3.11/site-packages/airflow/example_dags/example_latest_only.py
[2025-12-12T08:06:53.608-0500] {logging_mixin.py:188} INFO - [2025-12-12T08:06:53.608-0500] {dag.py:3096} INFO - Sync 1 DAGs
[2025-12-12T08:06:53.613-0500] {logging_mixin.py:188} INFO - [2025-12-12T08:06:53.613-0500] {dag.py:3954} INFO - Setting next_dagrun for latest_only to 2025-12-12 08:00:00+00:00, run_after=2025-12-12 12:00:00+00:00
[2025-12-12T08:06:53.620-0500] {processor.py:183} INFO - Processing /Users/evankrupa/airflow_project/env/lib/python3.11/site-packages/airflow/example_dags/example_latest_only.py took 0.048 seconds
[2025-12-12T08:08:23.283-0500] {processor.py:161} INFO - Started process (PID=63688) to work on /Users/evankrupa/airflow_project/env/lib/python3.11/site-packages/airflow/example_dags/example_latest_only.py
[2025-12-12T08:08:23.283-0500] {processor.py:830} INFO - Processing file /Users/evankrupa/airflow_project/env/lib/python3.11/site-packages/airflow/example_dags/example_latest_only.py for tasks to queue
[2025-12-12T08:08:23.284-0500] {logging_mixin.py:188} INFO - [2025-12-12T08:08:23.283-0500] {dagbag.py:545} INFO - Filling up the DagBag from /Users/evankrupa/airflow_project/env/lib/python3.11/site-packages/airflow/example_dags/example_latest_only.py
[2025-12-12T08:08:23.286-0500] {processor.py:840} INFO - DAG(s) 'latest_only' retrieved from /Users/evankrupa/airflow_project/env/lib/python3.11/site-packages/airflow/example_dags/example_latest_only.py
[2025-12-12T08:08:23.314-0500] {logging_mixin.py:188} INFO - [2025-12-12T08:08:23.314-0500] {dag.py:3096} INFO - Sync 1 DAGs
[2025-12-12T08:08:23.319-0500] {logging_mixin.py:188} INFO - [2025-12-12T08:08:23.319-0500] {dag.py:3954} INFO - Setting next_dagrun for latest_only to 2025-12-12 08:00:00+00:00, run_after=2025-12-12 12:00:00+00:00
[2025-12-12T08:08:23.325-0500] {processor.py:183} INFO - Processing /Users/evankrupa/airflow_project/env/lib/python3.11/site-packages/airflow/example_dags/example_latest_only.py took 0.043 seconds
[2025-12-12T08:09:48.459-0500] {processor.py:161} INFO - Started process (PID=63754) to work on /Users/evankrupa/airflow_project/env/lib/python3.11/site-packages/airflow/example_dags/example_latest_only.py
[2025-12-12T08:09:48.460-0500] {processor.py:830} INFO - Processing file /Users/evankrupa/airflow_project/env/lib/python3.11/site-packages/airflow/example_dags/example_latest_only.py for tasks to queue
[2025-12-12T08:09:48.461-0500] {logging_mixin.py:188} INFO - [2025-12-12T08:09:48.460-0500] {dagbag.py:545} INFO - Filling up the DagBag from /Users/evankrupa/airflow_project/env/lib/python3.11/site-packages/airflow/example_dags/example_latest_only.py
[2025-12-12T08:09:48.463-0500] {processor.py:840} INFO - DAG(s) 'latest_only' retrieved from /Users/evankrupa/airflow_project/env/lib/python3.11/site-packages/airflow/example_dags/example_latest_only.py
[2025-12-12T08:09:48.498-0500] {logging_mixin.py:188} INFO - [2025-12-12T08:09:48.498-0500] {dag.py:3096} INFO - Sync 1 DAGs
[2025-12-12T08:09:48.504-0500] {logging_mixin.py:188} INFO - [2025-12-12T08:09:48.504-0500] {dag.py:3954} INFO - Setting next_dagrun for latest_only to 2025-12-12 08:00:00+00:00, run_after=2025-12-12 12:00:00+00:00
[2025-12-12T08:09:48.510-0500] {processor.py:183} INFO - Processing /Users/evankrupa/airflow_project/env/lib/python3.11/site-packages/airflow/example_dags/example_latest_only.py took 0.052 seconds
[2025-12-12T08:11:16.379-0500] {processor.py:161} INFO - Started process (PID=63825) to work on /Users/evankrupa/airflow_project/env/lib/python3.11/site-packages/airflow/example_dags/example_latest_only.py
[2025-12-12T08:11:16.380-0500] {processor.py:830} INFO - Processing file /Users/evankrupa/airflow_project/env/lib/python3.11/site-packages/airflow/example_dags/example_latest_only.py for tasks to queue
[2025-12-12T08:11:16.380-0500] {logging_mixin.py:188} INFO - [2025-12-12T08:11:16.380-0500] {dagbag.py:545} INFO - Filling up the DagBag from /Users/evankrupa/airflow_project/env/lib/python3.11/site-packages/airflow/example_dags/example_latest_only.py
[2025-12-12T08:11:16.382-0500] {processor.py:840} INFO - DAG(s) 'latest_only' retrieved from /Users/evankrupa/airflow_project/env/lib/python3.11/site-packages/airflow/example_dags/example_latest_only.py
[2025-12-12T08:11:16.412-0500] {logging_mixin.py:188} INFO - [2025-12-12T08:11:16.412-0500] {dag.py:3096} INFO - Sync 1 DAGs
[2025-12-12T08:11:16.417-0500] {logging_mixin.py:188} INFO - [2025-12-12T08:11:16.417-0500] {dag.py:3954} INFO - Setting next_dagrun for latest_only to 2025-12-12 08:00:00+00:00, run_after=2025-12-12 12:00:00+00:00
[2025-12-12T08:11:16.423-0500] {processor.py:183} INFO - Processing /Users/evankrupa/airflow_project/env/lib/python3.11/site-packages/airflow/example_dags/example_latest_only.py took 0.045 seconds
[2025-12-12T08:12:41.507-0500] {processor.py:161} INFO - Started process (PID=63892) to work on /Users/evankrupa/airflow_project/env/lib/python3.11/site-packages/airflow/example_dags/example_latest_only.py
[2025-12-12T08:12:41.508-0500] {processor.py:830} INFO - Processing file /Users/evankrupa/airflow_project/env/lib/python3.11/site-packages/airflow/example_dags/example_latest_only.py for tasks to queue
[2025-12-12T08:12:41.508-0500] {logging_mixin.py:188} INFO - [2025-12-12T08:12:41.508-0500] {dagbag.py:545} INFO - Filling up the DagBag from /Users/evankrupa/airflow_project/env/lib/python3.11/site-packages/airflow/example_dags/example_latest_only.py
[2025-12-12T08:12:41.510-0500] {processor.py:840} INFO - DAG(s) 'latest_only' retrieved from /Users/evankrupa/airflow_project/env/lib/python3.11/site-packages/airflow/example_dags/example_latest_only.py
[2025-12-12T08:12:41.538-0500] {logging_mixin.py:188} INFO - [2025-12-12T08:12:41.538-0500] {dag.py:3096} INFO - Sync 1 DAGs
[2025-12-12T08:12:41.543-0500] {logging_mixin.py:188} INFO - [2025-12-12T08:12:41.543-0500] {dag.py:3954} INFO - Setting next_dagrun for latest_only to 2025-12-12 08:00:00+00:00, run_after=2025-12-12 12:00:00+00:00
[2025-12-12T08:12:41.549-0500] {processor.py:183} INFO - Processing /Users/evankrupa/airflow_project/env/lib/python3.11/site-packages/airflow/example_dags/example_latest_only.py took 0.042 seconds
[2025-12-12T08:14:03.870-0500] {processor.py:161} INFO - Started process (PID=63958) to work on /Users/evankrupa/airflow_project/env/lib/python3.11/site-packages/airflow/example_dags/example_latest_only.py
[2025-12-12T08:14:03.870-0500] {processor.py:830} INFO - Processing file /Users/evankrupa/airflow_project/env/lib/python3.11/site-packages/airflow/example_dags/example_latest_only.py for tasks to queue
[2025-12-12T08:14:03.871-0500] {logging_mixin.py:188} INFO - [2025-12-12T08:14:03.871-0500] {dagbag.py:545} INFO - Filling up the DagBag from /Users/evankrupa/airflow_project/env/lib/python3.11/site-packages/airflow/example_dags/example_latest_only.py
[2025-12-12T08:14:03.873-0500] {processor.py:840} INFO - DAG(s) 'latest_only' retrieved from /Users/evankrupa/airflow_project/env/lib/python3.11/site-packages/airflow/example_dags/example_latest_only.py
[2025-12-12T08:14:03.906-0500] {logging_mixin.py:188} INFO - [2025-12-12T08:14:03.906-0500] {dag.py:3096} INFO - Sync 1 DAGs
[2025-12-12T08:14:03.913-0500] {logging_mixin.py:188} INFO - [2025-12-12T08:14:03.913-0500] {dag.py:3954} INFO - Setting next_dagrun for latest_only to 2025-12-12 08:00:00+00:00, run_after=2025-12-12 12:00:00+00:00
[2025-12-12T08:14:03.919-0500] {processor.py:183} INFO - Processing /Users/evankrupa/airflow_project/env/lib/python3.11/site-packages/airflow/example_dags/example_latest_only.py took 0.050 seconds
[2025-12-12T08:15:26.854-0500] {processor.py:161} INFO - Started process (PID=64033) to work on /Users/evankrupa/airflow_project/env/lib/python3.11/site-packages/airflow/example_dags/example_latest_only.py
[2025-12-12T08:15:26.855-0500] {processor.py:830} INFO - Processing file /Users/evankrupa/airflow_project/env/lib/python3.11/site-packages/airflow/example_dags/example_latest_only.py for tasks to queue
[2025-12-12T08:15:26.856-0500] {logging_mixin.py:188} INFO - [2025-12-12T08:15:26.856-0500] {dagbag.py:545} INFO - Filling up the DagBag from /Users/evankrupa/airflow_project/env/lib/python3.11/site-packages/airflow/example_dags/example_latest_only.py
[2025-12-12T08:15:26.858-0500] {processor.py:840} INFO - DAG(s) 'latest_only' retrieved from /Users/evankrupa/airflow_project/env/lib/python3.11/site-packages/airflow/example_dags/example_latest_only.py
[2025-12-12T08:15:26.886-0500] {logging_mixin.py:188} INFO - [2025-12-12T08:15:26.886-0500] {dag.py:3096} INFO - Sync 1 DAGs
[2025-12-12T08:15:26.891-0500] {logging_mixin.py:188} INFO - [2025-12-12T08:15:26.891-0500] {dag.py:3954} INFO - Setting next_dagrun for latest_only to 2025-12-12 08:00:00+00:00, run_after=2025-12-12 12:00:00+00:00
[2025-12-12T08:15:26.897-0500] {processor.py:183} INFO - Processing /Users/evankrupa/airflow_project/env/lib/python3.11/site-packages/airflow/example_dags/example_latest_only.py took 0.044 seconds
[2025-12-12T08:16:50.578-0500] {processor.py:161} INFO - Started process (PID=64100) to work on /Users/evankrupa/airflow_project/env/lib/python3.11/site-packages/airflow/example_dags/example_latest_only.py
[2025-12-12T08:16:50.578-0500] {processor.py:830} INFO - Processing file /Users/evankrupa/airflow_project/env/lib/python3.11/site-packages/airflow/example_dags/example_latest_only.py for tasks to queue
[2025-12-12T08:16:50.579-0500] {logging_mixin.py:188} INFO - [2025-12-12T08:16:50.578-0500] {dagbag.py:545} INFO - Filling up the DagBag from /Users/evankrupa/airflow_project/env/lib/python3.11/site-packages/airflow/example_dags/example_latest_only.py
[2025-12-12T08:16:50.581-0500] {processor.py:840} INFO - DAG(s) 'latest_only' retrieved from /Users/evankrupa/airflow_project/env/lib/python3.11/site-packages/airflow/example_dags/example_latest_only.py
[2025-12-12T08:16:50.608-0500] {logging_mixin.py:188} INFO - [2025-12-12T08:16:50.608-0500] {dag.py:3096} INFO - Sync 1 DAGs
[2025-12-12T08:16:50.613-0500] {logging_mixin.py:188} INFO - [2025-12-12T08:16:50.613-0500] {dag.py:3954} INFO - Setting next_dagrun for latest_only to 2025-12-12 08:00:00+00:00, run_after=2025-12-12 12:00:00+00:00
[2025-12-12T08:16:50.618-0500] {processor.py:183} INFO - Processing /Users/evankrupa/airflow_project/env/lib/python3.11/site-packages/airflow/example_dags/example_latest_only.py took 0.041 seconds
[2025-12-12T08:18:16.095-0500] {processor.py:161} INFO - Started process (PID=64168) to work on /Users/evankrupa/airflow_project/env/lib/python3.11/site-packages/airflow/example_dags/example_latest_only.py
[2025-12-12T08:18:16.096-0500] {processor.py:830} INFO - Processing file /Users/evankrupa/airflow_project/env/lib/python3.11/site-packages/airflow/example_dags/example_latest_only.py for tasks to queue
[2025-12-12T08:18:16.096-0500] {logging_mixin.py:188} INFO - [2025-12-12T08:18:16.096-0500] {dagbag.py:545} INFO - Filling up the DagBag from /Users/evankrupa/airflow_project/env/lib/python3.11/site-packages/airflow/example_dags/example_latest_only.py
[2025-12-12T08:18:16.098-0500] {processor.py:840} INFO - DAG(s) 'latest_only' retrieved from /Users/evankrupa/airflow_project/env/lib/python3.11/site-packages/airflow/example_dags/example_latest_only.py
[2025-12-12T08:18:16.126-0500] {logging_mixin.py:188} INFO - [2025-12-12T08:18:16.125-0500] {dag.py:3096} INFO - Sync 1 DAGs
[2025-12-12T08:18:16.130-0500] {logging_mixin.py:188} INFO - [2025-12-12T08:18:16.130-0500] {dag.py:3954} INFO - Setting next_dagrun for latest_only to 2025-12-12 08:00:00+00:00, run_after=2025-12-12 12:00:00+00:00
[2025-12-12T08:18:16.136-0500] {processor.py:183} INFO - Processing /Users/evankrupa/airflow_project/env/lib/python3.11/site-packages/airflow/example_dags/example_latest_only.py took 0.042 seconds
[2025-12-12T08:19:38.656-0500] {processor.py:161} INFO - Started process (PID=64235) to work on /Users/evankrupa/airflow_project/env/lib/python3.11/site-packages/airflow/example_dags/example_latest_only.py
[2025-12-12T08:19:38.657-0500] {processor.py:830} INFO - Processing file /Users/evankrupa/airflow_project/env/lib/python3.11/site-packages/airflow/example_dags/example_latest_only.py for tasks to queue
[2025-12-12T08:19:38.658-0500] {logging_mixin.py:188} INFO - [2025-12-12T08:19:38.657-0500] {dagbag.py:545} INFO - Filling up the DagBag from /Users/evankrupa/airflow_project/env/lib/python3.11/site-packages/airflow/example_dags/example_latest_only.py
[2025-12-12T08:19:38.660-0500] {processor.py:840} INFO - DAG(s) 'latest_only' retrieved from /Users/evankrupa/airflow_project/env/lib/python3.11/site-packages/airflow/example_dags/example_latest_only.py
[2025-12-12T08:19:38.687-0500] {logging_mixin.py:188} INFO - [2025-12-12T08:19:38.687-0500] {dag.py:3096} INFO - Sync 1 DAGs
[2025-12-12T08:19:38.692-0500] {logging_mixin.py:188} INFO - [2025-12-12T08:19:38.692-0500] {dag.py:3954} INFO - Setting next_dagrun for latest_only to 2025-12-12 08:00:00+00:00, run_after=2025-12-12 12:00:00+00:00
[2025-12-12T08:19:38.697-0500] {processor.py:183} INFO - Processing /Users/evankrupa/airflow_project/env/lib/python3.11/site-packages/airflow/example_dags/example_latest_only.py took 0.042 seconds
[2025-12-12T08:21:03.897-0500] {processor.py:161} INFO - Started process (PID=64303) to work on /Users/evankrupa/airflow_project/env/lib/python3.11/site-packages/airflow/example_dags/example_latest_only.py
[2025-12-12T08:21:03.897-0500] {processor.py:830} INFO - Processing file /Users/evankrupa/airflow_project/env/lib/python3.11/site-packages/airflow/example_dags/example_latest_only.py for tasks to queue
[2025-12-12T08:21:03.898-0500] {logging_mixin.py:188} INFO - [2025-12-12T08:21:03.898-0500] {dagbag.py:545} INFO - Filling up the DagBag from /Users/evankrupa/airflow_project/env/lib/python3.11/site-packages/airflow/example_dags/example_latest_only.py
[2025-12-12T08:21:03.900-0500] {processor.py:840} INFO - DAG(s) 'latest_only' retrieved from /Users/evankrupa/airflow_project/env/lib/python3.11/site-packages/airflow/example_dags/example_latest_only.py
[2025-12-12T08:21:03.929-0500] {logging_mixin.py:188} INFO - [2025-12-12T08:21:03.929-0500] {dag.py:3096} INFO - Sync 1 DAGs
[2025-12-12T08:21:03.934-0500] {logging_mixin.py:188} INFO - [2025-12-12T08:21:03.934-0500] {dag.py:3954} INFO - Setting next_dagrun for latest_only to 2025-12-12 08:00:00+00:00, run_after=2025-12-12 12:00:00+00:00
[2025-12-12T08:21:03.940-0500] {processor.py:183} INFO - Processing /Users/evankrupa/airflow_project/env/lib/python3.11/site-packages/airflow/example_dags/example_latest_only.py took 0.044 seconds
[2025-12-12T08:22:26.188-0500] {processor.py:161} INFO - Started process (PID=64369) to work on /Users/evankrupa/airflow_project/env/lib/python3.11/site-packages/airflow/example_dags/example_latest_only.py
[2025-12-12T08:22:26.190-0500] {processor.py:830} INFO - Processing file /Users/evankrupa/airflow_project/env/lib/python3.11/site-packages/airflow/example_dags/example_latest_only.py for tasks to queue
[2025-12-12T08:22:26.190-0500] {logging_mixin.py:188} INFO - [2025-12-12T08:22:26.190-0500] {dagbag.py:545} INFO - Filling up the DagBag from /Users/evankrupa/airflow_project/env/lib/python3.11/site-packages/airflow/example_dags/example_latest_only.py
[2025-12-12T08:22:26.192-0500] {processor.py:840} INFO - DAG(s) 'latest_only' retrieved from /Users/evankrupa/airflow_project/env/lib/python3.11/site-packages/airflow/example_dags/example_latest_only.py
[2025-12-12T08:22:26.221-0500] {logging_mixin.py:188} INFO - [2025-12-12T08:22:26.221-0500] {dag.py:3096} INFO - Sync 1 DAGs
[2025-12-12T08:22:26.226-0500] {logging_mixin.py:188} INFO - [2025-12-12T08:22:26.226-0500] {dag.py:3954} INFO - Setting next_dagrun for latest_only to 2025-12-12 08:00:00+00:00, run_after=2025-12-12 12:00:00+00:00
[2025-12-12T08:22:26.232-0500] {processor.py:183} INFO - Processing /Users/evankrupa/airflow_project/env/lib/python3.11/site-packages/airflow/example_dags/example_latest_only.py took 0.044 seconds
[2025-12-12T08:23:52.447-0500] {processor.py:161} INFO - Started process (PID=64444) to work on /Users/evankrupa/airflow_project/env/lib/python3.11/site-packages/airflow/example_dags/example_latest_only.py
[2025-12-12T08:23:52.448-0500] {processor.py:830} INFO - Processing file /Users/evankrupa/airflow_project/env/lib/python3.11/site-packages/airflow/example_dags/example_latest_only.py for tasks to queue
[2025-12-12T08:23:52.448-0500] {logging_mixin.py:188} INFO - [2025-12-12T08:23:52.448-0500] {dagbag.py:545} INFO - Filling up the DagBag from /Users/evankrupa/airflow_project/env/lib/python3.11/site-packages/airflow/example_dags/example_latest_only.py
[2025-12-12T08:23:52.450-0500] {processor.py:840} INFO - DAG(s) 'latest_only' retrieved from /Users/evankrupa/airflow_project/env/lib/python3.11/site-packages/airflow/example_dags/example_latest_only.py
[2025-12-12T08:23:52.478-0500] {logging_mixin.py:188} INFO - [2025-12-12T08:23:52.478-0500] {dag.py:3096} INFO - Sync 1 DAGs
[2025-12-12T08:23:52.482-0500] {logging_mixin.py:188} INFO - [2025-12-12T08:23:52.482-0500] {dag.py:3954} INFO - Setting next_dagrun for latest_only to 2025-12-12 08:00:00+00:00, run_after=2025-12-12 12:00:00+00:00
[2025-12-12T08:23:52.488-0500] {processor.py:183} INFO - Processing /Users/evankrupa/airflow_project/env/lib/python3.11/site-packages/airflow/example_dags/example_latest_only.py took 0.042 seconds
[2025-12-12T08:25:13.573-0500] {processor.py:161} INFO - Started process (PID=64511) to work on /Users/evankrupa/airflow_project/env/lib/python3.11/site-packages/airflow/example_dags/example_latest_only.py
[2025-12-12T08:25:13.574-0500] {processor.py:830} INFO - Processing file /Users/evankrupa/airflow_project/env/lib/python3.11/site-packages/airflow/example_dags/example_latest_only.py for tasks to queue
[2025-12-12T08:25:13.574-0500] {logging_mixin.py:188} INFO - [2025-12-12T08:25:13.574-0500] {dagbag.py:545} INFO - Filling up the DagBag from /Users/evankrupa/airflow_project/env/lib/python3.11/site-packages/airflow/example_dags/example_latest_only.py
[2025-12-12T08:25:13.576-0500] {processor.py:840} INFO - DAG(s) 'latest_only' retrieved from /Users/evankrupa/airflow_project/env/lib/python3.11/site-packages/airflow/example_dags/example_latest_only.py
[2025-12-12T08:25:13.604-0500] {logging_mixin.py:188} INFO - [2025-12-12T08:25:13.604-0500] {dag.py:3096} INFO - Sync 1 DAGs
[2025-12-12T08:25:13.608-0500] {logging_mixin.py:188} INFO - [2025-12-12T08:25:13.608-0500] {dag.py:3954} INFO - Setting next_dagrun for latest_only to 2025-12-12 08:00:00+00:00, run_after=2025-12-12 12:00:00+00:00
[2025-12-12T08:25:13.614-0500] {processor.py:183} INFO - Processing /Users/evankrupa/airflow_project/env/lib/python3.11/site-packages/airflow/example_dags/example_latest_only.py took 0.042 seconds
[2025-12-12T08:26:40.059-0500] {processor.py:161} INFO - Started process (PID=64578) to work on /Users/evankrupa/airflow_project/env/lib/python3.11/site-packages/airflow/example_dags/example_latest_only.py
[2025-12-12T08:26:40.061-0500] {processor.py:830} INFO - Processing file /Users/evankrupa/airflow_project/env/lib/python3.11/site-packages/airflow/example_dags/example_latest_only.py for tasks to queue
[2025-12-12T08:26:40.061-0500] {logging_mixin.py:188} INFO - [2025-12-12T08:26:40.061-0500] {dagbag.py:545} INFO - Filling up the DagBag from /Users/evankrupa/airflow_project/env/lib/python3.11/site-packages/airflow/example_dags/example_latest_only.py
[2025-12-12T08:26:40.064-0500] {processor.py:840} INFO - DAG(s) 'latest_only' retrieved from /Users/evankrupa/airflow_project/env/lib/python3.11/site-packages/airflow/example_dags/example_latest_only.py
[2025-12-12T08:26:40.096-0500] {logging_mixin.py:188} INFO - [2025-12-12T08:26:40.096-0500] {dag.py:3096} INFO - Sync 1 DAGs
[2025-12-12T08:26:40.104-0500] {logging_mixin.py:188} INFO - [2025-12-12T08:26:40.104-0500] {dag.py:3954} INFO - Setting next_dagrun for latest_only to 2025-12-12 08:00:00+00:00, run_after=2025-12-12 12:00:00+00:00
[2025-12-12T08:26:40.110-0500] {processor.py:183} INFO - Processing /Users/evankrupa/airflow_project/env/lib/python3.11/site-packages/airflow/example_dags/example_latest_only.py took 0.052 seconds
[2025-12-12T08:28:06.253-0500] {processor.py:161} INFO - Started process (PID=64681) to work on /Users/evankrupa/airflow_project/env/lib/python3.11/site-packages/airflow/example_dags/example_latest_only.py
[2025-12-12T08:28:06.254-0500] {processor.py:830} INFO - Processing file /Users/evankrupa/airflow_project/env/lib/python3.11/site-packages/airflow/example_dags/example_latest_only.py for tasks to queue
[2025-12-12T08:28:06.255-0500] {logging_mixin.py:188} INFO - [2025-12-12T08:28:06.255-0500] {dagbag.py:545} INFO - Filling up the DagBag from /Users/evankrupa/airflow_project/env/lib/python3.11/site-packages/airflow/example_dags/example_latest_only.py
[2025-12-12T08:28:06.257-0500] {processor.py:840} INFO - DAG(s) 'latest_only' retrieved from /Users/evankrupa/airflow_project/env/lib/python3.11/site-packages/airflow/example_dags/example_latest_only.py
[2025-12-12T08:28:06.284-0500] {logging_mixin.py:188} INFO - [2025-12-12T08:28:06.284-0500] {dag.py:3096} INFO - Sync 1 DAGs
[2025-12-12T08:28:06.288-0500] {logging_mixin.py:188} INFO - [2025-12-12T08:28:06.288-0500] {dag.py:3954} INFO - Setting next_dagrun for latest_only to 2025-12-12 08:00:00+00:00, run_after=2025-12-12 12:00:00+00:00
[2025-12-12T08:28:06.294-0500] {processor.py:183} INFO - Processing /Users/evankrupa/airflow_project/env/lib/python3.11/site-packages/airflow/example_dags/example_latest_only.py took 0.042 seconds
[2025-12-12T08:29:28.226-0500] {processor.py:161} INFO - Started process (PID=64762) to work on /Users/evankrupa/airflow_project/env/lib/python3.11/site-packages/airflow/example_dags/example_latest_only.py
[2025-12-12T08:29:28.227-0500] {processor.py:830} INFO - Processing file /Users/evankrupa/airflow_project/env/lib/python3.11/site-packages/airflow/example_dags/example_latest_only.py for tasks to queue
[2025-12-12T08:29:28.227-0500] {logging_mixin.py:188} INFO - [2025-12-12T08:29:28.227-0500] {dagbag.py:545} INFO - Filling up the DagBag from /Users/evankrupa/airflow_project/env/lib/python3.11/site-packages/airflow/example_dags/example_latest_only.py
[2025-12-12T08:29:28.229-0500] {processor.py:840} INFO - DAG(s) 'latest_only' retrieved from /Users/evankrupa/airflow_project/env/lib/python3.11/site-packages/airflow/example_dags/example_latest_only.py
[2025-12-12T08:29:28.257-0500] {logging_mixin.py:188} INFO - [2025-12-12T08:29:28.257-0500] {dag.py:3096} INFO - Sync 1 DAGs
[2025-12-12T08:29:28.262-0500] {logging_mixin.py:188} INFO - [2025-12-12T08:29:28.262-0500] {dag.py:3954} INFO - Setting next_dagrun for latest_only to 2025-12-12 08:00:00+00:00, run_after=2025-12-12 12:00:00+00:00
[2025-12-12T08:29:28.267-0500] {processor.py:183} INFO - Processing /Users/evankrupa/airflow_project/env/lib/python3.11/site-packages/airflow/example_dags/example_latest_only.py took 0.043 seconds
[2025-12-12T08:30:49.643-0500] {processor.py:161} INFO - Started process (PID=64839) to work on /Users/evankrupa/airflow_project/env/lib/python3.11/site-packages/airflow/example_dags/example_latest_only.py
[2025-12-12T08:30:49.644-0500] {processor.py:830} INFO - Processing file /Users/evankrupa/airflow_project/env/lib/python3.11/site-packages/airflow/example_dags/example_latest_only.py for tasks to queue
[2025-12-12T08:30:49.644-0500] {logging_mixin.py:188} INFO - [2025-12-12T08:30:49.644-0500] {dagbag.py:545} INFO - Filling up the DagBag from /Users/evankrupa/airflow_project/env/lib/python3.11/site-packages/airflow/example_dags/example_latest_only.py
[2025-12-12T08:30:49.646-0500] {processor.py:840} INFO - DAG(s) 'latest_only' retrieved from /Users/evankrupa/airflow_project/env/lib/python3.11/site-packages/airflow/example_dags/example_latest_only.py
[2025-12-12T08:30:49.674-0500] {logging_mixin.py:188} INFO - [2025-12-12T08:30:49.674-0500] {dag.py:3096} INFO - Sync 1 DAGs
[2025-12-12T08:30:49.679-0500] {logging_mixin.py:188} INFO - [2025-12-12T08:30:49.679-0500] {dag.py:3954} INFO - Setting next_dagrun for latest_only to 2025-12-12 08:00:00+00:00, run_after=2025-12-12 12:00:00+00:00
[2025-12-12T08:30:49.684-0500] {processor.py:183} INFO - Processing /Users/evankrupa/airflow_project/env/lib/python3.11/site-packages/airflow/example_dags/example_latest_only.py took 0.042 seconds
[2025-12-12T08:32:13.831-0500] {processor.py:161} INFO - Started process (PID=64922) to work on /Users/evankrupa/airflow_project/env/lib/python3.11/site-packages/airflow/example_dags/example_latest_only.py
[2025-12-12T08:32:13.832-0500] {processor.py:830} INFO - Processing file /Users/evankrupa/airflow_project/env/lib/python3.11/site-packages/airflow/example_dags/example_latest_only.py for tasks to queue
[2025-12-12T08:32:13.832-0500] {logging_mixin.py:188} INFO - [2025-12-12T08:32:13.832-0500] {dagbag.py:545} INFO - Filling up the DagBag from /Users/evankrupa/airflow_project/env/lib/python3.11/site-packages/airflow/example_dags/example_latest_only.py
[2025-12-12T08:32:13.834-0500] {processor.py:840} INFO - DAG(s) 'latest_only' retrieved from /Users/evankrupa/airflow_project/env/lib/python3.11/site-packages/airflow/example_dags/example_latest_only.py
[2025-12-12T08:32:13.862-0500] {logging_mixin.py:188} INFO - [2025-12-12T08:32:13.862-0500] {dag.py:3096} INFO - Sync 1 DAGs
[2025-12-12T08:32:13.869-0500] {logging_mixin.py:188} INFO - [2025-12-12T08:32:13.869-0500] {dag.py:3954} INFO - Setting next_dagrun for latest_only to 2025-12-12 08:00:00+00:00, run_after=2025-12-12 12:00:00+00:00
[2025-12-12T08:32:13.875-0500] {processor.py:183} INFO - Processing /Users/evankrupa/airflow_project/env/lib/python3.11/site-packages/airflow/example_dags/example_latest_only.py took 0.045 seconds
[2025-12-12T08:33:38.780-0500] {processor.py:161} INFO - Started process (PID=65024) to work on /Users/evankrupa/airflow_project/env/lib/python3.11/site-packages/airflow/example_dags/example_latest_only.py
[2025-12-12T08:33:38.781-0500] {processor.py:830} INFO - Processing file /Users/evankrupa/airflow_project/env/lib/python3.11/site-packages/airflow/example_dags/example_latest_only.py for tasks to queue
[2025-12-12T08:33:38.781-0500] {logging_mixin.py:188} INFO - [2025-12-12T08:33:38.781-0500] {dagbag.py:545} INFO - Filling up the DagBag from /Users/evankrupa/airflow_project/env/lib/python3.11/site-packages/airflow/example_dags/example_latest_only.py
[2025-12-12T08:33:38.784-0500] {processor.py:840} INFO - DAG(s) 'latest_only' retrieved from /Users/evankrupa/airflow_project/env/lib/python3.11/site-packages/airflow/example_dags/example_latest_only.py
[2025-12-12T08:33:38.811-0500] {logging_mixin.py:188} INFO - [2025-12-12T08:33:38.811-0500] {dag.py:3096} INFO - Sync 1 DAGs
[2025-12-12T08:33:38.816-0500] {logging_mixin.py:188} INFO - [2025-12-12T08:33:38.816-0500] {dag.py:3954} INFO - Setting next_dagrun for latest_only to 2025-12-12 08:00:00+00:00, run_after=2025-12-12 12:00:00+00:00
[2025-12-12T08:33:38.821-0500] {processor.py:183} INFO - Processing /Users/evankrupa/airflow_project/env/lib/python3.11/site-packages/airflow/example_dags/example_latest_only.py took 0.042 seconds
[2025-12-12T08:35:05.888-0500] {processor.py:161} INFO - Started process (PID=65121) to work on /Users/evankrupa/airflow_project/env/lib/python3.11/site-packages/airflow/example_dags/example_latest_only.py
[2025-12-12T08:35:05.889-0500] {processor.py:830} INFO - Processing file /Users/evankrupa/airflow_project/env/lib/python3.11/site-packages/airflow/example_dags/example_latest_only.py for tasks to queue
[2025-12-12T08:35:05.889-0500] {logging_mixin.py:188} INFO - [2025-12-12T08:35:05.889-0500] {dagbag.py:545} INFO - Filling up the DagBag from /Users/evankrupa/airflow_project/env/lib/python3.11/site-packages/airflow/example_dags/example_latest_only.py
[2025-12-12T08:35:05.891-0500] {processor.py:840} INFO - DAG(s) 'latest_only' retrieved from /Users/evankrupa/airflow_project/env/lib/python3.11/site-packages/airflow/example_dags/example_latest_only.py
[2025-12-12T08:35:05.919-0500] {logging_mixin.py:188} INFO - [2025-12-12T08:35:05.918-0500] {dag.py:3096} INFO - Sync 1 DAGs
[2025-12-12T08:35:05.923-0500] {logging_mixin.py:188} INFO - [2025-12-12T08:35:05.923-0500] {dag.py:3954} INFO - Setting next_dagrun for latest_only to 2025-12-12 08:00:00+00:00, run_after=2025-12-12 12:00:00+00:00
[2025-12-12T08:35:05.928-0500] {processor.py:183} INFO - Processing /Users/evankrupa/airflow_project/env/lib/python3.11/site-packages/airflow/example_dags/example_latest_only.py took 0.042 seconds
[2025-12-12T08:36:30.067-0500] {processor.py:161} INFO - Started process (PID=65206) to work on /Users/evankrupa/airflow_project/env/lib/python3.11/site-packages/airflow/example_dags/example_latest_only.py
[2025-12-12T08:36:30.068-0500] {processor.py:830} INFO - Processing file /Users/evankrupa/airflow_project/env/lib/python3.11/site-packages/airflow/example_dags/example_latest_only.py for tasks to queue
[2025-12-12T08:36:30.068-0500] {logging_mixin.py:188} INFO - [2025-12-12T08:36:30.068-0500] {dagbag.py:545} INFO - Filling up the DagBag from /Users/evankrupa/airflow_project/env/lib/python3.11/site-packages/airflow/example_dags/example_latest_only.py
[2025-12-12T08:36:30.070-0500] {processor.py:840} INFO - DAG(s) 'latest_only' retrieved from /Users/evankrupa/airflow_project/env/lib/python3.11/site-packages/airflow/example_dags/example_latest_only.py
[2025-12-12T08:36:30.097-0500] {logging_mixin.py:188} INFO - [2025-12-12T08:36:30.097-0500] {dag.py:3096} INFO - Sync 1 DAGs
[2025-12-12T08:36:30.102-0500] {logging_mixin.py:188} INFO - [2025-12-12T08:36:30.102-0500] {dag.py:3954} INFO - Setting next_dagrun for latest_only to 2025-12-12 08:00:00+00:00, run_after=2025-12-12 12:00:00+00:00
[2025-12-12T08:36:30.108-0500] {processor.py:183} INFO - Processing /Users/evankrupa/airflow_project/env/lib/python3.11/site-packages/airflow/example_dags/example_latest_only.py took 0.041 seconds
[2025-12-12T08:37:53.868-0500] {processor.py:161} INFO - Started process (PID=65274) to work on /Users/evankrupa/airflow_project/env/lib/python3.11/site-packages/airflow/example_dags/example_latest_only.py
[2025-12-12T08:37:53.869-0500] {processor.py:830} INFO - Processing file /Users/evankrupa/airflow_project/env/lib/python3.11/site-packages/airflow/example_dags/example_latest_only.py for tasks to queue
[2025-12-12T08:37:53.869-0500] {logging_mixin.py:188} INFO - [2025-12-12T08:37:53.869-0500] {dagbag.py:545} INFO - Filling up the DagBag from /Users/evankrupa/airflow_project/env/lib/python3.11/site-packages/airflow/example_dags/example_latest_only.py
[2025-12-12T08:37:53.872-0500] {processor.py:840} INFO - DAG(s) 'latest_only' retrieved from /Users/evankrupa/airflow_project/env/lib/python3.11/site-packages/airflow/example_dags/example_latest_only.py
[2025-12-12T08:37:53.899-0500] {logging_mixin.py:188} INFO - [2025-12-12T08:37:53.899-0500] {dag.py:3096} INFO - Sync 1 DAGs
[2025-12-12T08:37:53.904-0500] {logging_mixin.py:188} INFO - [2025-12-12T08:37:53.904-0500] {dag.py:3954} INFO - Setting next_dagrun for latest_only to 2025-12-12 08:00:00+00:00, run_after=2025-12-12 12:00:00+00:00
[2025-12-12T08:37:53.910-0500] {processor.py:183} INFO - Processing /Users/evankrupa/airflow_project/env/lib/python3.11/site-packages/airflow/example_dags/example_latest_only.py took 0.043 seconds
[2025-12-12T08:39:16.611-0500] {processor.py:161} INFO - Started process (PID=65353) to work on /Users/evankrupa/airflow_project/env/lib/python3.11/site-packages/airflow/example_dags/example_latest_only.py
[2025-12-12T08:39:16.612-0500] {processor.py:830} INFO - Processing file /Users/evankrupa/airflow_project/env/lib/python3.11/site-packages/airflow/example_dags/example_latest_only.py for tasks to queue
[2025-12-12T08:39:16.612-0500] {logging_mixin.py:188} INFO - [2025-12-12T08:39:16.612-0500] {dagbag.py:545} INFO - Filling up the DagBag from /Users/evankrupa/airflow_project/env/lib/python3.11/site-packages/airflow/example_dags/example_latest_only.py
[2025-12-12T08:39:16.614-0500] {processor.py:840} INFO - DAG(s) 'latest_only' retrieved from /Users/evankrupa/airflow_project/env/lib/python3.11/site-packages/airflow/example_dags/example_latest_only.py
[2025-12-12T08:39:16.642-0500] {logging_mixin.py:188} INFO - [2025-12-12T08:39:16.642-0500] {dag.py:3096} INFO - Sync 1 DAGs
[2025-12-12T08:39:16.646-0500] {logging_mixin.py:188} INFO - [2025-12-12T08:39:16.646-0500] {dag.py:3954} INFO - Setting next_dagrun for latest_only to 2025-12-12 08:00:00+00:00, run_after=2025-12-12 12:00:00+00:00
[2025-12-12T08:39:16.652-0500] {processor.py:183} INFO - Processing /Users/evankrupa/airflow_project/env/lib/python3.11/site-packages/airflow/example_dags/example_latest_only.py took 0.042 seconds
[2025-12-12T08:40:40.619-0500] {processor.py:161} INFO - Started process (PID=65439) to work on /Users/evankrupa/airflow_project/env/lib/python3.11/site-packages/airflow/example_dags/example_latest_only.py
[2025-12-12T08:40:40.620-0500] {processor.py:830} INFO - Processing file /Users/evankrupa/airflow_project/env/lib/python3.11/site-packages/airflow/example_dags/example_latest_only.py for tasks to queue
[2025-12-12T08:40:40.620-0500] {logging_mixin.py:188} INFO - [2025-12-12T08:40:40.620-0500] {dagbag.py:545} INFO - Filling up the DagBag from /Users/evankrupa/airflow_project/env/lib/python3.11/site-packages/airflow/example_dags/example_latest_only.py
[2025-12-12T08:40:40.622-0500] {processor.py:840} INFO - DAG(s) 'latest_only' retrieved from /Users/evankrupa/airflow_project/env/lib/python3.11/site-packages/airflow/example_dags/example_latest_only.py
[2025-12-12T08:40:40.649-0500] {logging_mixin.py:188} INFO - [2025-12-12T08:40:40.649-0500] {dag.py:3096} INFO - Sync 1 DAGs
[2025-12-12T08:40:40.654-0500] {logging_mixin.py:188} INFO - [2025-12-12T08:40:40.654-0500] {dag.py:3954} INFO - Setting next_dagrun for latest_only to 2025-12-12 08:00:00+00:00, run_after=2025-12-12 12:00:00+00:00
[2025-12-12T08:40:40.660-0500] {processor.py:183} INFO - Processing /Users/evankrupa/airflow_project/env/lib/python3.11/site-packages/airflow/example_dags/example_latest_only.py took 0.041 seconds
[2025-12-12T08:42:02.585-0500] {processor.py:161} INFO - Started process (PID=65507) to work on /Users/evankrupa/airflow_project/env/lib/python3.11/site-packages/airflow/example_dags/example_latest_only.py
[2025-12-12T08:42:02.586-0500] {processor.py:830} INFO - Processing file /Users/evankrupa/airflow_project/env/lib/python3.11/site-packages/airflow/example_dags/example_latest_only.py for tasks to queue
[2025-12-12T08:42:02.587-0500] {logging_mixin.py:188} INFO - [2025-12-12T08:42:02.587-0500] {dagbag.py:545} INFO - Filling up the DagBag from /Users/evankrupa/airflow_project/env/lib/python3.11/site-packages/airflow/example_dags/example_latest_only.py
[2025-12-12T08:42:02.589-0500] {processor.py:840} INFO - DAG(s) 'latest_only' retrieved from /Users/evankrupa/airflow_project/env/lib/python3.11/site-packages/airflow/example_dags/example_latest_only.py
[2025-12-12T08:42:02.616-0500] {logging_mixin.py:188} INFO - [2025-12-12T08:42:02.616-0500] {dag.py:3096} INFO - Sync 1 DAGs
[2025-12-12T08:42:02.621-0500] {logging_mixin.py:188} INFO - [2025-12-12T08:42:02.621-0500] {dag.py:3954} INFO - Setting next_dagrun for latest_only to 2025-12-12 08:00:00+00:00, run_after=2025-12-12 12:00:00+00:00
[2025-12-12T08:42:02.626-0500] {processor.py:183} INFO - Processing /Users/evankrupa/airflow_project/env/lib/python3.11/site-packages/airflow/example_dags/example_latest_only.py took 0.042 seconds
[2025-12-12T08:43:26.606-0500] {processor.py:161} INFO - Started process (PID=65591) to work on /Users/evankrupa/airflow_project/env/lib/python3.11/site-packages/airflow/example_dags/example_latest_only.py
[2025-12-12T08:43:26.607-0500] {processor.py:830} INFO - Processing file /Users/evankrupa/airflow_project/env/lib/python3.11/site-packages/airflow/example_dags/example_latest_only.py for tasks to queue
[2025-12-12T08:43:26.607-0500] {logging_mixin.py:188} INFO - [2025-12-12T08:43:26.607-0500] {dagbag.py:545} INFO - Filling up the DagBag from /Users/evankrupa/airflow_project/env/lib/python3.11/site-packages/airflow/example_dags/example_latest_only.py
[2025-12-12T08:43:26.609-0500] {processor.py:840} INFO - DAG(s) 'latest_only' retrieved from /Users/evankrupa/airflow_project/env/lib/python3.11/site-packages/airflow/example_dags/example_latest_only.py
[2025-12-12T08:43:26.636-0500] {logging_mixin.py:188} INFO - [2025-12-12T08:43:26.636-0500] {dag.py:3096} INFO - Sync 1 DAGs
[2025-12-12T08:43:26.640-0500] {logging_mixin.py:188} INFO - [2025-12-12T08:43:26.640-0500] {dag.py:3954} INFO - Setting next_dagrun for latest_only to 2025-12-12 08:00:00+00:00, run_after=2025-12-12 12:00:00+00:00
[2025-12-12T08:43:26.646-0500] {processor.py:183} INFO - Processing /Users/evankrupa/airflow_project/env/lib/python3.11/site-packages/airflow/example_dags/example_latest_only.py took 0.041 seconds
[2025-12-12T08:44:50.476-0500] {processor.py:161} INFO - Started process (PID=65657) to work on /Users/evankrupa/airflow_project/env/lib/python3.11/site-packages/airflow/example_dags/example_latest_only.py
[2025-12-12T08:44:50.477-0500] {processor.py:830} INFO - Processing file /Users/evankrupa/airflow_project/env/lib/python3.11/site-packages/airflow/example_dags/example_latest_only.py for tasks to queue
[2025-12-12T08:44:50.478-0500] {logging_mixin.py:188} INFO - [2025-12-12T08:44:50.477-0500] {dagbag.py:545} INFO - Filling up the DagBag from /Users/evankrupa/airflow_project/env/lib/python3.11/site-packages/airflow/example_dags/example_latest_only.py
[2025-12-12T08:44:50.480-0500] {processor.py:840} INFO - DAG(s) 'latest_only' retrieved from /Users/evankrupa/airflow_project/env/lib/python3.11/site-packages/airflow/example_dags/example_latest_only.py
[2025-12-12T08:44:50.506-0500] {logging_mixin.py:188} INFO - [2025-12-12T08:44:50.506-0500] {dag.py:3096} INFO - Sync 1 DAGs
[2025-12-12T08:44:50.511-0500] {logging_mixin.py:188} INFO - [2025-12-12T08:44:50.511-0500] {dag.py:3954} INFO - Setting next_dagrun for latest_only to 2025-12-12 08:00:00+00:00, run_after=2025-12-12 12:00:00+00:00
[2025-12-12T08:44:50.516-0500] {processor.py:183} INFO - Processing /Users/evankrupa/airflow_project/env/lib/python3.11/site-packages/airflow/example_dags/example_latest_only.py took 0.041 seconds
