[2025-12-12T07:25:34.243-0500] {processor.py:161} INFO - Started process (PID=56857) to work on /Users/evankrupa/airflow_project/env/lib/python3.11/site-packages/airflow/example_dags/example_setup_teardown_taskflow.py
[2025-12-12T07:25:34.244-0500] {processor.py:830} INFO - Processing file /Users/evankrupa/airflow_project/env/lib/python3.11/site-packages/airflow/example_dags/example_setup_teardown_taskflow.py for tasks to queue
[2025-12-12T07:25:34.244-0500] {logging_mixin.py:188} INFO - [2025-12-12T07:25:34.244-0500] {dagbag.py:545} INFO - Filling up the DagBag from /Users/evankrupa/airflow_project/env/lib/python3.11/site-packages/airflow/example_dags/example_setup_teardown_taskflow.py
[2025-12-12T07:25:34.258-0500] {processor.py:840} INFO - DAG(s) 'example_setup_teardown_taskflow' retrieved from /Users/evankrupa/airflow_project/env/lib/python3.11/site-packages/airflow/example_dags/example_setup_teardown_taskflow.py
[2025-12-12T07:25:34.312-0500] {logging_mixin.py:188} INFO - [2025-12-12T07:25:34.312-0500] {override.py:1829} INFO - Created Permission View: can read on DAG:example_setup_teardown_taskflow
[2025-12-12T07:25:34.314-0500] {logging_mixin.py:188} INFO - [2025-12-12T07:25:34.314-0500] {override.py:1829} INFO - Created Permission View: can delete on DAG:example_setup_teardown_taskflow
[2025-12-12T07:25:34.316-0500] {logging_mixin.py:188} INFO - [2025-12-12T07:25:34.316-0500] {override.py:1829} INFO - Created Permission View: can edit on DAG:example_setup_teardown_taskflow
[2025-12-12T07:25:34.316-0500] {logging_mixin.py:188} INFO - [2025-12-12T07:25:34.316-0500] {dag.py:3096} INFO - Sync 1 DAGs
[2025-12-12T07:25:34.319-0500] {logging_mixin.py:188} INFO - [2025-12-12T07:25:34.319-0500] {dag.py:3118} INFO - Creating ORM DAG for example_setup_teardown_taskflow
[2025-12-12T07:25:34.343-0500] {logging_mixin.py:188} INFO - [2025-12-12T07:25:34.343-0500] {dag.py:3954} INFO - Setting next_dagrun for example_setup_teardown_taskflow to 2025-12-11 00:00:00+00:00, run_after=2025-12-12 00:00:00+00:00
[2025-12-12T07:25:34.348-0500] {processor.py:183} INFO - Processing /Users/evankrupa/airflow_project/env/lib/python3.11/site-packages/airflow/example_dags/example_setup_teardown_taskflow.py took 0.106 seconds
[2025-12-12T07:26:47.176-0500] {processor.py:161} INFO - Started process (PID=56923) to work on /Users/evankrupa/airflow_project/env/lib/python3.11/site-packages/airflow/example_dags/example_setup_teardown_taskflow.py
[2025-12-12T07:26:47.177-0500] {processor.py:830} INFO - Processing file /Users/evankrupa/airflow_project/env/lib/python3.11/site-packages/airflow/example_dags/example_setup_teardown_taskflow.py for tasks to queue
[2025-12-12T07:26:47.177-0500] {logging_mixin.py:188} INFO - [2025-12-12T07:26:47.177-0500] {dagbag.py:545} INFO - Filling up the DagBag from /Users/evankrupa/airflow_project/env/lib/python3.11/site-packages/airflow/example_dags/example_setup_teardown_taskflow.py
[2025-12-12T07:26:47.191-0500] {processor.py:840} INFO - DAG(s) 'example_setup_teardown_taskflow' retrieved from /Users/evankrupa/airflow_project/env/lib/python3.11/site-packages/airflow/example_dags/example_setup_teardown_taskflow.py
[2025-12-12T07:26:47.221-0500] {logging_mixin.py:188} INFO - [2025-12-12T07:26:47.221-0500] {dag.py:3096} INFO - Sync 1 DAGs
[2025-12-12T07:26:47.226-0500] {logging_mixin.py:188} INFO - [2025-12-12T07:26:47.226-0500] {dag.py:3954} INFO - Setting next_dagrun for example_setup_teardown_taskflow to 2025-12-11 00:00:00+00:00, run_after=2025-12-12 00:00:00+00:00
[2025-12-12T07:26:47.231-0500] {processor.py:183} INFO - Processing /Users/evankrupa/airflow_project/env/lib/python3.11/site-packages/airflow/example_dags/example_setup_teardown_taskflow.py took 0.057 seconds
[2025-12-12T07:28:12.332-0500] {processor.py:161} INFO - Started process (PID=57727) to work on /Users/evankrupa/airflow_project/env/lib/python3.11/site-packages/airflow/example_dags/example_setup_teardown_taskflow.py
[2025-12-12T07:28:12.333-0500] {processor.py:830} INFO - Processing file /Users/evankrupa/airflow_project/env/lib/python3.11/site-packages/airflow/example_dags/example_setup_teardown_taskflow.py for tasks to queue
[2025-12-12T07:28:12.333-0500] {logging_mixin.py:188} INFO - [2025-12-12T07:28:12.333-0500] {dagbag.py:545} INFO - Filling up the DagBag from /Users/evankrupa/airflow_project/env/lib/python3.11/site-packages/airflow/example_dags/example_setup_teardown_taskflow.py
[2025-12-12T07:28:12.346-0500] {processor.py:840} INFO - DAG(s) 'example_setup_teardown_taskflow' retrieved from /Users/evankrupa/airflow_project/env/lib/python3.11/site-packages/airflow/example_dags/example_setup_teardown_taskflow.py
[2025-12-12T07:28:12.375-0500] {logging_mixin.py:188} INFO - [2025-12-12T07:28:12.375-0500] {dag.py:3096} INFO - Sync 1 DAGs
[2025-12-12T07:28:12.380-0500] {logging_mixin.py:188} INFO - [2025-12-12T07:28:12.380-0500] {dag.py:3954} INFO - Setting next_dagrun for example_setup_teardown_taskflow to 2025-12-11 00:00:00+00:00, run_after=2025-12-12 00:00:00+00:00
[2025-12-12T07:28:12.385-0500] {processor.py:183} INFO - Processing /Users/evankrupa/airflow_project/env/lib/python3.11/site-packages/airflow/example_dags/example_setup_teardown_taskflow.py took 0.054 seconds
[2025-12-12T07:29:37.442-0500] {processor.py:161} INFO - Started process (PID=57938) to work on /Users/evankrupa/airflow_project/env/lib/python3.11/site-packages/airflow/example_dags/example_setup_teardown_taskflow.py
[2025-12-12T07:29:37.442-0500] {processor.py:830} INFO - Processing file /Users/evankrupa/airflow_project/env/lib/python3.11/site-packages/airflow/example_dags/example_setup_teardown_taskflow.py for tasks to queue
[2025-12-12T07:29:37.442-0500] {logging_mixin.py:188} INFO - [2025-12-12T07:29:37.442-0500] {dagbag.py:545} INFO - Filling up the DagBag from /Users/evankrupa/airflow_project/env/lib/python3.11/site-packages/airflow/example_dags/example_setup_teardown_taskflow.py
[2025-12-12T07:29:37.455-0500] {processor.py:840} INFO - DAG(s) 'example_setup_teardown_taskflow' retrieved from /Users/evankrupa/airflow_project/env/lib/python3.11/site-packages/airflow/example_dags/example_setup_teardown_taskflow.py
[2025-12-12T07:29:37.483-0500] {logging_mixin.py:188} INFO - [2025-12-12T07:29:37.483-0500] {dag.py:3096} INFO - Sync 1 DAGs
[2025-12-12T07:29:37.487-0500] {logging_mixin.py:188} INFO - [2025-12-12T07:29:37.487-0500] {dag.py:3954} INFO - Setting next_dagrun for example_setup_teardown_taskflow to 2025-12-11 00:00:00+00:00, run_after=2025-12-12 00:00:00+00:00
[2025-12-12T07:29:37.493-0500] {processor.py:183} INFO - Processing /Users/evankrupa/airflow_project/env/lib/python3.11/site-packages/airflow/example_dags/example_setup_teardown_taskflow.py took 0.052 seconds
[2025-12-12T07:31:01.806-0500] {processor.py:161} INFO - Started process (PID=58064) to work on /Users/evankrupa/airflow_project/env/lib/python3.11/site-packages/airflow/example_dags/example_setup_teardown_taskflow.py
[2025-12-12T07:31:01.807-0500] {processor.py:830} INFO - Processing file /Users/evankrupa/airflow_project/env/lib/python3.11/site-packages/airflow/example_dags/example_setup_teardown_taskflow.py for tasks to queue
[2025-12-12T07:31:01.807-0500] {logging_mixin.py:188} INFO - [2025-12-12T07:31:01.807-0500] {dagbag.py:545} INFO - Filling up the DagBag from /Users/evankrupa/airflow_project/env/lib/python3.11/site-packages/airflow/example_dags/example_setup_teardown_taskflow.py
[2025-12-12T07:31:01.820-0500] {processor.py:840} INFO - DAG(s) 'example_setup_teardown_taskflow' retrieved from /Users/evankrupa/airflow_project/env/lib/python3.11/site-packages/airflow/example_dags/example_setup_teardown_taskflow.py
[2025-12-12T07:31:01.848-0500] {logging_mixin.py:188} INFO - [2025-12-12T07:31:01.848-0500] {dag.py:3096} INFO - Sync 1 DAGs
[2025-12-12T07:31:01.853-0500] {logging_mixin.py:188} INFO - [2025-12-12T07:31:01.852-0500] {dag.py:3954} INFO - Setting next_dagrun for example_setup_teardown_taskflow to 2025-12-11 00:00:00+00:00, run_after=2025-12-12 00:00:00+00:00
[2025-12-12T07:31:01.858-0500] {processor.py:183} INFO - Processing /Users/evankrupa/airflow_project/env/lib/python3.11/site-packages/airflow/example_dags/example_setup_teardown_taskflow.py took 0.052 seconds
[2025-12-12T07:32:29.786-0500] {processor.py:161} INFO - Started process (PID=58405) to work on /Users/evankrupa/airflow_project/env/lib/python3.11/site-packages/airflow/example_dags/example_setup_teardown_taskflow.py
[2025-12-12T07:32:29.786-0500] {processor.py:830} INFO - Processing file /Users/evankrupa/airflow_project/env/lib/python3.11/site-packages/airflow/example_dags/example_setup_teardown_taskflow.py for tasks to queue
[2025-12-12T07:32:29.786-0500] {logging_mixin.py:188} INFO - [2025-12-12T07:32:29.786-0500] {dagbag.py:545} INFO - Filling up the DagBag from /Users/evankrupa/airflow_project/env/lib/python3.11/site-packages/airflow/example_dags/example_setup_teardown_taskflow.py
[2025-12-12T07:32:29.801-0500] {processor.py:840} INFO - DAG(s) 'example_setup_teardown_taskflow' retrieved from /Users/evankrupa/airflow_project/env/lib/python3.11/site-packages/airflow/example_dags/example_setup_teardown_taskflow.py
[2025-12-12T07:32:29.832-0500] {logging_mixin.py:188} INFO - [2025-12-12T07:32:29.832-0500] {dag.py:3096} INFO - Sync 1 DAGs
[2025-12-12T07:32:29.838-0500] {logging_mixin.py:188} INFO - [2025-12-12T07:32:29.838-0500] {dag.py:3954} INFO - Setting next_dagrun for example_setup_teardown_taskflow to 2025-12-11 00:00:00+00:00, run_after=2025-12-12 00:00:00+00:00
[2025-12-12T07:32:29.844-0500] {processor.py:183} INFO - Processing /Users/evankrupa/airflow_project/env/lib/python3.11/site-packages/airflow/example_dags/example_setup_teardown_taskflow.py took 0.060 seconds
[2025-12-12T07:33:56.104-0500] {processor.py:161} INFO - Started process (PID=58482) to work on /Users/evankrupa/airflow_project/env/lib/python3.11/site-packages/airflow/example_dags/example_setup_teardown_taskflow.py
[2025-12-12T07:33:56.105-0500] {processor.py:830} INFO - Processing file /Users/evankrupa/airflow_project/env/lib/python3.11/site-packages/airflow/example_dags/example_setup_teardown_taskflow.py for tasks to queue
[2025-12-12T07:33:56.106-0500] {logging_mixin.py:188} INFO - [2025-12-12T07:33:56.105-0500] {dagbag.py:545} INFO - Filling up the DagBag from /Users/evankrupa/airflow_project/env/lib/python3.11/site-packages/airflow/example_dags/example_setup_teardown_taskflow.py
[2025-12-12T07:33:56.118-0500] {processor.py:840} INFO - DAG(s) 'example_setup_teardown_taskflow' retrieved from /Users/evankrupa/airflow_project/env/lib/python3.11/site-packages/airflow/example_dags/example_setup_teardown_taskflow.py
[2025-12-12T07:33:56.145-0500] {logging_mixin.py:188} INFO - [2025-12-12T07:33:56.145-0500] {dag.py:3096} INFO - Sync 1 DAGs
[2025-12-12T07:33:56.150-0500] {logging_mixin.py:188} INFO - [2025-12-12T07:33:56.150-0500] {dag.py:3954} INFO - Setting next_dagrun for example_setup_teardown_taskflow to 2025-12-11 00:00:00+00:00, run_after=2025-12-12 00:00:00+00:00
[2025-12-12T07:33:56.155-0500] {processor.py:183} INFO - Processing /Users/evankrupa/airflow_project/env/lib/python3.11/site-packages/airflow/example_dags/example_setup_teardown_taskflow.py took 0.052 seconds
[2025-12-12T07:35:19.885-0500] {processor.py:161} INFO - Started process (PID=58557) to work on /Users/evankrupa/airflow_project/env/lib/python3.11/site-packages/airflow/example_dags/example_setup_teardown_taskflow.py
[2025-12-12T07:35:19.886-0500] {processor.py:830} INFO - Processing file /Users/evankrupa/airflow_project/env/lib/python3.11/site-packages/airflow/example_dags/example_setup_teardown_taskflow.py for tasks to queue
[2025-12-12T07:35:19.886-0500] {logging_mixin.py:188} INFO - [2025-12-12T07:35:19.886-0500] {dagbag.py:545} INFO - Filling up the DagBag from /Users/evankrupa/airflow_project/env/lib/python3.11/site-packages/airflow/example_dags/example_setup_teardown_taskflow.py
[2025-12-12T07:35:19.899-0500] {processor.py:840} INFO - DAG(s) 'example_setup_teardown_taskflow' retrieved from /Users/evankrupa/airflow_project/env/lib/python3.11/site-packages/airflow/example_dags/example_setup_teardown_taskflow.py
[2025-12-12T07:35:19.926-0500] {logging_mixin.py:188} INFO - [2025-12-12T07:35:19.926-0500] {dag.py:3096} INFO - Sync 1 DAGs
[2025-12-12T07:35:19.931-0500] {logging_mixin.py:188} INFO - [2025-12-12T07:35:19.931-0500] {dag.py:3954} INFO - Setting next_dagrun for example_setup_teardown_taskflow to 2025-12-11 00:00:00+00:00, run_after=2025-12-12 00:00:00+00:00
[2025-12-12T07:35:19.936-0500] {processor.py:183} INFO - Processing /Users/evankrupa/airflow_project/env/lib/python3.11/site-packages/airflow/example_dags/example_setup_teardown_taskflow.py took 0.052 seconds
[2025-12-12T07:36:43.608-0500] {processor.py:161} INFO - Started process (PID=58627) to work on /Users/evankrupa/airflow_project/env/lib/python3.11/site-packages/airflow/example_dags/example_setup_teardown_taskflow.py
[2025-12-12T07:36:43.608-0500] {processor.py:830} INFO - Processing file /Users/evankrupa/airflow_project/env/lib/python3.11/site-packages/airflow/example_dags/example_setup_teardown_taskflow.py for tasks to queue
[2025-12-12T07:36:43.609-0500] {logging_mixin.py:188} INFO - [2025-12-12T07:36:43.608-0500] {dagbag.py:545} INFO - Filling up the DagBag from /Users/evankrupa/airflow_project/env/lib/python3.11/site-packages/airflow/example_dags/example_setup_teardown_taskflow.py
[2025-12-12T07:36:43.621-0500] {processor.py:840} INFO - DAG(s) 'example_setup_teardown_taskflow' retrieved from /Users/evankrupa/airflow_project/env/lib/python3.11/site-packages/airflow/example_dags/example_setup_teardown_taskflow.py
[2025-12-12T07:36:43.651-0500] {logging_mixin.py:188} INFO - [2025-12-12T07:36:43.651-0500] {dag.py:3096} INFO - Sync 1 DAGs
[2025-12-12T07:36:43.655-0500] {logging_mixin.py:188} INFO - [2025-12-12T07:36:43.655-0500] {dag.py:3954} INFO - Setting next_dagrun for example_setup_teardown_taskflow to 2025-12-11 00:00:00+00:00, run_after=2025-12-12 00:00:00+00:00
[2025-12-12T07:36:43.661-0500] {processor.py:183} INFO - Processing /Users/evankrupa/airflow_project/env/lib/python3.11/site-packages/airflow/example_dags/example_setup_teardown_taskflow.py took 0.054 seconds
[2025-12-12T07:38:08.721-0500] {processor.py:161} INFO - Started process (PID=58701) to work on /Users/evankrupa/airflow_project/env/lib/python3.11/site-packages/airflow/example_dags/example_setup_teardown_taskflow.py
[2025-12-12T07:38:08.722-0500] {processor.py:830} INFO - Processing file /Users/evankrupa/airflow_project/env/lib/python3.11/site-packages/airflow/example_dags/example_setup_teardown_taskflow.py for tasks to queue
[2025-12-12T07:38:08.722-0500] {logging_mixin.py:188} INFO - [2025-12-12T07:38:08.722-0500] {dagbag.py:545} INFO - Filling up the DagBag from /Users/evankrupa/airflow_project/env/lib/python3.11/site-packages/airflow/example_dags/example_setup_teardown_taskflow.py
[2025-12-12T07:38:08.735-0500] {processor.py:840} INFO - DAG(s) 'example_setup_teardown_taskflow' retrieved from /Users/evankrupa/airflow_project/env/lib/python3.11/site-packages/airflow/example_dags/example_setup_teardown_taskflow.py
[2025-12-12T07:38:08.762-0500] {logging_mixin.py:188} INFO - [2025-12-12T07:38:08.762-0500] {dag.py:3096} INFO - Sync 1 DAGs
[2025-12-12T07:38:08.767-0500] {logging_mixin.py:188} INFO - [2025-12-12T07:38:08.767-0500] {dag.py:3954} INFO - Setting next_dagrun for example_setup_teardown_taskflow to 2025-12-11 00:00:00+00:00, run_after=2025-12-12 00:00:00+00:00
[2025-12-12T07:38:08.772-0500] {processor.py:183} INFO - Processing /Users/evankrupa/airflow_project/env/lib/python3.11/site-packages/airflow/example_dags/example_setup_teardown_taskflow.py took 0.052 seconds
[2025-12-12T07:39:33.703-0500] {processor.py:161} INFO - Started process (PID=58819) to work on /Users/evankrupa/airflow_project/env/lib/python3.11/site-packages/airflow/example_dags/example_setup_teardown_taskflow.py
[2025-12-12T07:39:33.703-0500] {processor.py:830} INFO - Processing file /Users/evankrupa/airflow_project/env/lib/python3.11/site-packages/airflow/example_dags/example_setup_teardown_taskflow.py for tasks to queue
[2025-12-12T07:39:33.704-0500] {logging_mixin.py:188} INFO - [2025-12-12T07:39:33.704-0500] {dagbag.py:545} INFO - Filling up the DagBag from /Users/evankrupa/airflow_project/env/lib/python3.11/site-packages/airflow/example_dags/example_setup_teardown_taskflow.py
[2025-12-12T07:39:33.717-0500] {processor.py:840} INFO - DAG(s) 'example_setup_teardown_taskflow' retrieved from /Users/evankrupa/airflow_project/env/lib/python3.11/site-packages/airflow/example_dags/example_setup_teardown_taskflow.py
[2025-12-12T07:39:33.745-0500] {logging_mixin.py:188} INFO - [2025-12-12T07:39:33.745-0500] {dag.py:3096} INFO - Sync 1 DAGs
[2025-12-12T07:39:33.751-0500] {logging_mixin.py:188} INFO - [2025-12-12T07:39:33.751-0500] {dag.py:3954} INFO - Setting next_dagrun for example_setup_teardown_taskflow to 2025-12-11 00:00:00+00:00, run_after=2025-12-12 00:00:00+00:00
[2025-12-12T07:39:33.756-0500] {processor.py:183} INFO - Processing /Users/evankrupa/airflow_project/env/lib/python3.11/site-packages/airflow/example_dags/example_setup_teardown_taskflow.py took 0.054 seconds
[2025-12-12T07:40:58.805-0500] {processor.py:161} INFO - Started process (PID=58926) to work on /Users/evankrupa/airflow_project/env/lib/python3.11/site-packages/airflow/example_dags/example_setup_teardown_taskflow.py
[2025-12-12T07:40:58.806-0500] {processor.py:830} INFO - Processing file /Users/evankrupa/airflow_project/env/lib/python3.11/site-packages/airflow/example_dags/example_setup_teardown_taskflow.py for tasks to queue
[2025-12-12T07:40:58.807-0500] {logging_mixin.py:188} INFO - [2025-12-12T07:40:58.806-0500] {dagbag.py:545} INFO - Filling up the DagBag from /Users/evankrupa/airflow_project/env/lib/python3.11/site-packages/airflow/example_dags/example_setup_teardown_taskflow.py
[2025-12-12T07:40:58.819-0500] {processor.py:840} INFO - DAG(s) 'example_setup_teardown_taskflow' retrieved from /Users/evankrupa/airflow_project/env/lib/python3.11/site-packages/airflow/example_dags/example_setup_teardown_taskflow.py
[2025-12-12T07:40:58.847-0500] {logging_mixin.py:188} INFO - [2025-12-12T07:40:58.847-0500] {dag.py:3096} INFO - Sync 1 DAGs
[2025-12-12T07:40:58.852-0500] {logging_mixin.py:188} INFO - [2025-12-12T07:40:58.852-0500] {dag.py:3954} INFO - Setting next_dagrun for example_setup_teardown_taskflow to 2025-12-11 00:00:00+00:00, run_after=2025-12-12 00:00:00+00:00
[2025-12-12T07:40:58.857-0500] {processor.py:183} INFO - Processing /Users/evankrupa/airflow_project/env/lib/python3.11/site-packages/airflow/example_dags/example_setup_teardown_taskflow.py took 0.053 seconds
[2025-12-12T07:42:23.797-0500] {processor.py:161} INFO - Started process (PID=59016) to work on /Users/evankrupa/airflow_project/env/lib/python3.11/site-packages/airflow/example_dags/example_setup_teardown_taskflow.py
[2025-12-12T07:42:23.798-0500] {processor.py:830} INFO - Processing file /Users/evankrupa/airflow_project/env/lib/python3.11/site-packages/airflow/example_dags/example_setup_teardown_taskflow.py for tasks to queue
[2025-12-12T07:42:23.798-0500] {logging_mixin.py:188} INFO - [2025-12-12T07:42:23.798-0500] {dagbag.py:545} INFO - Filling up the DagBag from /Users/evankrupa/airflow_project/env/lib/python3.11/site-packages/airflow/example_dags/example_setup_teardown_taskflow.py
[2025-12-12T07:42:23.813-0500] {processor.py:840} INFO - DAG(s) 'example_setup_teardown_taskflow' retrieved from /Users/evankrupa/airflow_project/env/lib/python3.11/site-packages/airflow/example_dags/example_setup_teardown_taskflow.py
[2025-12-12T07:42:23.844-0500] {logging_mixin.py:188} INFO - [2025-12-12T07:42:23.844-0500] {dag.py:3096} INFO - Sync 1 DAGs
[2025-12-12T07:42:23.849-0500] {logging_mixin.py:188} INFO - [2025-12-12T07:42:23.849-0500] {dag.py:3954} INFO - Setting next_dagrun for example_setup_teardown_taskflow to 2025-12-11 00:00:00+00:00, run_after=2025-12-12 00:00:00+00:00
[2025-12-12T07:42:23.855-0500] {processor.py:183} INFO - Processing /Users/evankrupa/airflow_project/env/lib/python3.11/site-packages/airflow/example_dags/example_setup_teardown_taskflow.py took 0.058 seconds
[2025-12-12T07:43:47.128-0500] {processor.py:161} INFO - Started process (PID=59165) to work on /Users/evankrupa/airflow_project/env/lib/python3.11/site-packages/airflow/example_dags/example_setup_teardown_taskflow.py
[2025-12-12T07:43:47.129-0500] {processor.py:830} INFO - Processing file /Users/evankrupa/airflow_project/env/lib/python3.11/site-packages/airflow/example_dags/example_setup_teardown_taskflow.py for tasks to queue
[2025-12-12T07:43:47.129-0500] {logging_mixin.py:188} INFO - [2025-12-12T07:43:47.129-0500] {dagbag.py:545} INFO - Filling up the DagBag from /Users/evankrupa/airflow_project/env/lib/python3.11/site-packages/airflow/example_dags/example_setup_teardown_taskflow.py
[2025-12-12T07:43:47.142-0500] {processor.py:840} INFO - DAG(s) 'example_setup_teardown_taskflow' retrieved from /Users/evankrupa/airflow_project/env/lib/python3.11/site-packages/airflow/example_dags/example_setup_teardown_taskflow.py
[2025-12-12T07:43:47.169-0500] {logging_mixin.py:188} INFO - [2025-12-12T07:43:47.169-0500] {dag.py:3096} INFO - Sync 1 DAGs
[2025-12-12T07:43:47.174-0500] {logging_mixin.py:188} INFO - [2025-12-12T07:43:47.174-0500] {dag.py:3954} INFO - Setting next_dagrun for example_setup_teardown_taskflow to 2025-12-11 00:00:00+00:00, run_after=2025-12-12 00:00:00+00:00
[2025-12-12T07:43:47.179-0500] {processor.py:183} INFO - Processing /Users/evankrupa/airflow_project/env/lib/python3.11/site-packages/airflow/example_dags/example_setup_teardown_taskflow.py took 0.052 seconds
[2025-12-12T07:45:12.651-0500] {processor.py:161} INFO - Started process (PID=59252) to work on /Users/evankrupa/airflow_project/env/lib/python3.11/site-packages/airflow/example_dags/example_setup_teardown_taskflow.py
[2025-12-12T07:45:12.652-0500] {processor.py:830} INFO - Processing file /Users/evankrupa/airflow_project/env/lib/python3.11/site-packages/airflow/example_dags/example_setup_teardown_taskflow.py for tasks to queue
[2025-12-12T07:45:12.652-0500] {logging_mixin.py:188} INFO - [2025-12-12T07:45:12.652-0500] {dagbag.py:545} INFO - Filling up the DagBag from /Users/evankrupa/airflow_project/env/lib/python3.11/site-packages/airflow/example_dags/example_setup_teardown_taskflow.py
[2025-12-12T07:45:12.665-0500] {processor.py:840} INFO - DAG(s) 'example_setup_teardown_taskflow' retrieved from /Users/evankrupa/airflow_project/env/lib/python3.11/site-packages/airflow/example_dags/example_setup_teardown_taskflow.py
[2025-12-12T07:45:12.699-0500] {logging_mixin.py:188} INFO - [2025-12-12T07:45:12.699-0500] {dag.py:3096} INFO - Sync 1 DAGs
[2025-12-12T07:45:12.704-0500] {logging_mixin.py:188} INFO - [2025-12-12T07:45:12.704-0500] {dag.py:3954} INFO - Setting next_dagrun for example_setup_teardown_taskflow to 2025-12-11 00:00:00+00:00, run_after=2025-12-12 00:00:00+00:00
[2025-12-12T07:45:12.710-0500] {processor.py:183} INFO - Processing /Users/evankrupa/airflow_project/env/lib/python3.11/site-packages/airflow/example_dags/example_setup_teardown_taskflow.py took 0.060 seconds
[2025-12-12T07:46:38.891-0500] {processor.py:161} INFO - Started process (PID=59327) to work on /Users/evankrupa/airflow_project/env/lib/python3.11/site-packages/airflow/example_dags/example_setup_teardown_taskflow.py
[2025-12-12T07:46:38.892-0500] {processor.py:830} INFO - Processing file /Users/evankrupa/airflow_project/env/lib/python3.11/site-packages/airflow/example_dags/example_setup_teardown_taskflow.py for tasks to queue
[2025-12-12T07:46:38.893-0500] {logging_mixin.py:188} INFO - [2025-12-12T07:46:38.893-0500] {dagbag.py:545} INFO - Filling up the DagBag from /Users/evankrupa/airflow_project/env/lib/python3.11/site-packages/airflow/example_dags/example_setup_teardown_taskflow.py
[2025-12-12T07:46:38.906-0500] {processor.py:840} INFO - DAG(s) 'example_setup_teardown_taskflow' retrieved from /Users/evankrupa/airflow_project/env/lib/python3.11/site-packages/airflow/example_dags/example_setup_teardown_taskflow.py
[2025-12-12T07:46:38.935-0500] {logging_mixin.py:188} INFO - [2025-12-12T07:46:38.935-0500] {dag.py:3096} INFO - Sync 1 DAGs
[2025-12-12T07:46:38.940-0500] {logging_mixin.py:188} INFO - [2025-12-12T07:46:38.940-0500] {dag.py:3954} INFO - Setting next_dagrun for example_setup_teardown_taskflow to 2025-12-11 00:00:00+00:00, run_after=2025-12-12 00:00:00+00:00
[2025-12-12T07:46:38.945-0500] {processor.py:183} INFO - Processing /Users/evankrupa/airflow_project/env/lib/python3.11/site-packages/airflow/example_dags/example_setup_teardown_taskflow.py took 0.055 seconds
[2025-12-12T07:48:01.473-0500] {processor.py:161} INFO - Started process (PID=59424) to work on /Users/evankrupa/airflow_project/env/lib/python3.11/site-packages/airflow/example_dags/example_setup_teardown_taskflow.py
[2025-12-12T07:48:01.473-0500] {processor.py:830} INFO - Processing file /Users/evankrupa/airflow_project/env/lib/python3.11/site-packages/airflow/example_dags/example_setup_teardown_taskflow.py for tasks to queue
[2025-12-12T07:48:01.474-0500] {logging_mixin.py:188} INFO - [2025-12-12T07:48:01.474-0500] {dagbag.py:545} INFO - Filling up the DagBag from /Users/evankrupa/airflow_project/env/lib/python3.11/site-packages/airflow/example_dags/example_setup_teardown_taskflow.py
[2025-12-12T07:48:01.487-0500] {processor.py:840} INFO - DAG(s) 'example_setup_teardown_taskflow' retrieved from /Users/evankrupa/airflow_project/env/lib/python3.11/site-packages/airflow/example_dags/example_setup_teardown_taskflow.py
[2025-12-12T07:48:01.517-0500] {logging_mixin.py:188} INFO - [2025-12-12T07:48:01.516-0500] {dag.py:3096} INFO - Sync 1 DAGs
[2025-12-12T07:48:01.522-0500] {logging_mixin.py:188} INFO - [2025-12-12T07:48:01.522-0500] {dag.py:3954} INFO - Setting next_dagrun for example_setup_teardown_taskflow to 2025-12-11 00:00:00+00:00, run_after=2025-12-12 00:00:00+00:00
[2025-12-12T07:48:01.527-0500] {processor.py:183} INFO - Processing /Users/evankrupa/airflow_project/env/lib/python3.11/site-packages/airflow/example_dags/example_setup_teardown_taskflow.py took 0.055 seconds
[2025-12-12T07:49:29.658-0500] {processor.py:161} INFO - Started process (PID=59515) to work on /Users/evankrupa/airflow_project/env/lib/python3.11/site-packages/airflow/example_dags/example_setup_teardown_taskflow.py
[2025-12-12T07:49:29.659-0500] {processor.py:830} INFO - Processing file /Users/evankrupa/airflow_project/env/lib/python3.11/site-packages/airflow/example_dags/example_setup_teardown_taskflow.py for tasks to queue
[2025-12-12T07:49:29.659-0500] {logging_mixin.py:188} INFO - [2025-12-12T07:49:29.659-0500] {dagbag.py:545} INFO - Filling up the DagBag from /Users/evankrupa/airflow_project/env/lib/python3.11/site-packages/airflow/example_dags/example_setup_teardown_taskflow.py
[2025-12-12T07:49:29.673-0500] {processor.py:840} INFO - DAG(s) 'example_setup_teardown_taskflow' retrieved from /Users/evankrupa/airflow_project/env/lib/python3.11/site-packages/airflow/example_dags/example_setup_teardown_taskflow.py
[2025-12-12T07:49:29.701-0500] {logging_mixin.py:188} INFO - [2025-12-12T07:49:29.701-0500] {dag.py:3096} INFO - Sync 1 DAGs
[2025-12-12T07:49:29.709-0500] {logging_mixin.py:188} INFO - [2025-12-12T07:49:29.709-0500] {dag.py:3954} INFO - Setting next_dagrun for example_setup_teardown_taskflow to 2025-12-11 00:00:00+00:00, run_after=2025-12-12 00:00:00+00:00
[2025-12-12T07:49:29.717-0500] {processor.py:183} INFO - Processing /Users/evankrupa/airflow_project/env/lib/python3.11/site-packages/airflow/example_dags/example_setup_teardown_taskflow.py took 0.060 seconds
[2025-12-12T07:50:55.218-0500] {processor.py:161} INFO - Started process (PID=59591) to work on /Users/evankrupa/airflow_project/env/lib/python3.11/site-packages/airflow/example_dags/example_setup_teardown_taskflow.py
[2025-12-12T07:50:55.219-0500] {processor.py:830} INFO - Processing file /Users/evankrupa/airflow_project/env/lib/python3.11/site-packages/airflow/example_dags/example_setup_teardown_taskflow.py for tasks to queue
[2025-12-12T07:50:55.219-0500] {logging_mixin.py:188} INFO - [2025-12-12T07:50:55.219-0500] {dagbag.py:545} INFO - Filling up the DagBag from /Users/evankrupa/airflow_project/env/lib/python3.11/site-packages/airflow/example_dags/example_setup_teardown_taskflow.py
[2025-12-12T07:50:55.232-0500] {processor.py:840} INFO - DAG(s) 'example_setup_teardown_taskflow' retrieved from /Users/evankrupa/airflow_project/env/lib/python3.11/site-packages/airflow/example_dags/example_setup_teardown_taskflow.py
[2025-12-12T07:50:55.260-0500] {logging_mixin.py:188} INFO - [2025-12-12T07:50:55.260-0500] {dag.py:3096} INFO - Sync 1 DAGs
[2025-12-12T07:50:55.265-0500] {logging_mixin.py:188} INFO - [2025-12-12T07:50:55.265-0500] {dag.py:3954} INFO - Setting next_dagrun for example_setup_teardown_taskflow to 2025-12-11 00:00:00+00:00, run_after=2025-12-12 00:00:00+00:00
[2025-12-12T07:50:55.270-0500] {processor.py:183} INFO - Processing /Users/evankrupa/airflow_project/env/lib/python3.11/site-packages/airflow/example_dags/example_setup_teardown_taskflow.py took 0.053 seconds
[2025-12-12T07:52:20.037-0500] {processor.py:161} INFO - Started process (PID=59661) to work on /Users/evankrupa/airflow_project/env/lib/python3.11/site-packages/airflow/example_dags/example_setup_teardown_taskflow.py
[2025-12-12T07:52:20.038-0500] {processor.py:830} INFO - Processing file /Users/evankrupa/airflow_project/env/lib/python3.11/site-packages/airflow/example_dags/example_setup_teardown_taskflow.py for tasks to queue
[2025-12-12T07:52:20.038-0500] {logging_mixin.py:188} INFO - [2025-12-12T07:52:20.038-0500] {dagbag.py:545} INFO - Filling up the DagBag from /Users/evankrupa/airflow_project/env/lib/python3.11/site-packages/airflow/example_dags/example_setup_teardown_taskflow.py
[2025-12-12T07:52:20.050-0500] {processor.py:840} INFO - DAG(s) 'example_setup_teardown_taskflow' retrieved from /Users/evankrupa/airflow_project/env/lib/python3.11/site-packages/airflow/example_dags/example_setup_teardown_taskflow.py
[2025-12-12T07:52:20.078-0500] {logging_mixin.py:188} INFO - [2025-12-12T07:52:20.078-0500] {dag.py:3096} INFO - Sync 1 DAGs
[2025-12-12T07:52:20.082-0500] {logging_mixin.py:188} INFO - [2025-12-12T07:52:20.082-0500] {dag.py:3954} INFO - Setting next_dagrun for example_setup_teardown_taskflow to 2025-12-11 00:00:00+00:00, run_after=2025-12-12 00:00:00+00:00
[2025-12-12T07:52:20.088-0500] {processor.py:183} INFO - Processing /Users/evankrupa/airflow_project/env/lib/python3.11/site-packages/airflow/example_dags/example_setup_teardown_taskflow.py took 0.052 seconds
[2025-12-12T07:53:42.741-0500] {processor.py:161} INFO - Started process (PID=59746) to work on /Users/evankrupa/airflow_project/env/lib/python3.11/site-packages/airflow/example_dags/example_setup_teardown_taskflow.py
[2025-12-12T07:53:42.742-0500] {processor.py:830} INFO - Processing file /Users/evankrupa/airflow_project/env/lib/python3.11/site-packages/airflow/example_dags/example_setup_teardown_taskflow.py for tasks to queue
[2025-12-12T07:53:42.742-0500] {logging_mixin.py:188} INFO - [2025-12-12T07:53:42.742-0500] {dagbag.py:545} INFO - Filling up the DagBag from /Users/evankrupa/airflow_project/env/lib/python3.11/site-packages/airflow/example_dags/example_setup_teardown_taskflow.py
[2025-12-12T07:53:42.755-0500] {processor.py:840} INFO - DAG(s) 'example_setup_teardown_taskflow' retrieved from /Users/evankrupa/airflow_project/env/lib/python3.11/site-packages/airflow/example_dags/example_setup_teardown_taskflow.py
[2025-12-12T07:53:42.783-0500] {logging_mixin.py:188} INFO - [2025-12-12T07:53:42.783-0500] {dag.py:3096} INFO - Sync 1 DAGs
[2025-12-12T07:53:42.787-0500] {logging_mixin.py:188} INFO - [2025-12-12T07:53:42.787-0500] {dag.py:3954} INFO - Setting next_dagrun for example_setup_teardown_taskflow to 2025-12-11 00:00:00+00:00, run_after=2025-12-12 00:00:00+00:00
[2025-12-12T07:53:42.792-0500] {processor.py:183} INFO - Processing /Users/evankrupa/airflow_project/env/lib/python3.11/site-packages/airflow/example_dags/example_setup_teardown_taskflow.py took 0.052 seconds
[2025-12-12T07:55:05.904-0500] {processor.py:161} INFO - Started process (PID=59822) to work on /Users/evankrupa/airflow_project/env/lib/python3.11/site-packages/airflow/example_dags/example_setup_teardown_taskflow.py
[2025-12-12T07:55:05.906-0500] {processor.py:830} INFO - Processing file /Users/evankrupa/airflow_project/env/lib/python3.11/site-packages/airflow/example_dags/example_setup_teardown_taskflow.py for tasks to queue
[2025-12-12T07:55:05.906-0500] {logging_mixin.py:188} INFO - [2025-12-12T07:55:05.906-0500] {dagbag.py:545} INFO - Filling up the DagBag from /Users/evankrupa/airflow_project/env/lib/python3.11/site-packages/airflow/example_dags/example_setup_teardown_taskflow.py
[2025-12-12T07:55:05.919-0500] {processor.py:840} INFO - DAG(s) 'example_setup_teardown_taskflow' retrieved from /Users/evankrupa/airflow_project/env/lib/python3.11/site-packages/airflow/example_dags/example_setup_teardown_taskflow.py
[2025-12-12T07:55:05.948-0500] {logging_mixin.py:188} INFO - [2025-12-12T07:55:05.948-0500] {dag.py:3096} INFO - Sync 1 DAGs
[2025-12-12T07:55:05.952-0500] {logging_mixin.py:188} INFO - [2025-12-12T07:55:05.952-0500] {dag.py:3954} INFO - Setting next_dagrun for example_setup_teardown_taskflow to 2025-12-11 00:00:00+00:00, run_after=2025-12-12 00:00:00+00:00
[2025-12-12T07:55:05.958-0500] {processor.py:183} INFO - Processing /Users/evankrupa/airflow_project/env/lib/python3.11/site-packages/airflow/example_dags/example_setup_teardown_taskflow.py took 0.054 seconds
[2025-12-12T07:56:30.606-0500] {processor.py:161} INFO - Started process (PID=59900) to work on /Users/evankrupa/airflow_project/env/lib/python3.11/site-packages/airflow/example_dags/example_setup_teardown_taskflow.py
[2025-12-12T07:56:30.607-0500] {processor.py:830} INFO - Processing file /Users/evankrupa/airflow_project/env/lib/python3.11/site-packages/airflow/example_dags/example_setup_teardown_taskflow.py for tasks to queue
[2025-12-12T07:56:30.607-0500] {logging_mixin.py:188} INFO - [2025-12-12T07:56:30.607-0500] {dagbag.py:545} INFO - Filling up the DagBag from /Users/evankrupa/airflow_project/env/lib/python3.11/site-packages/airflow/example_dags/example_setup_teardown_taskflow.py
[2025-12-12T07:56:30.620-0500] {processor.py:840} INFO - DAG(s) 'example_setup_teardown_taskflow' retrieved from /Users/evankrupa/airflow_project/env/lib/python3.11/site-packages/airflow/example_dags/example_setup_teardown_taskflow.py
[2025-12-12T07:56:30.649-0500] {logging_mixin.py:188} INFO - [2025-12-12T07:56:30.648-0500] {dag.py:3096} INFO - Sync 1 DAGs
[2025-12-12T07:56:30.653-0500] {logging_mixin.py:188} INFO - [2025-12-12T07:56:30.653-0500] {dag.py:3954} INFO - Setting next_dagrun for example_setup_teardown_taskflow to 2025-12-11 00:00:00+00:00, run_after=2025-12-12 00:00:00+00:00
[2025-12-12T07:56:30.658-0500] {processor.py:183} INFO - Processing /Users/evankrupa/airflow_project/env/lib/python3.11/site-packages/airflow/example_dags/example_setup_teardown_taskflow.py took 0.053 seconds
[2025-12-12T07:57:56.281-0500] {processor.py:161} INFO - Started process (PID=60422) to work on /Users/evankrupa/airflow_project/env/lib/python3.11/site-packages/airflow/example_dags/example_setup_teardown_taskflow.py
[2025-12-12T07:57:56.282-0500] {processor.py:830} INFO - Processing file /Users/evankrupa/airflow_project/env/lib/python3.11/site-packages/airflow/example_dags/example_setup_teardown_taskflow.py for tasks to queue
[2025-12-12T07:57:56.282-0500] {logging_mixin.py:188} INFO - [2025-12-12T07:57:56.282-0500] {dagbag.py:545} INFO - Filling up the DagBag from /Users/evankrupa/airflow_project/env/lib/python3.11/site-packages/airflow/example_dags/example_setup_teardown_taskflow.py
[2025-12-12T07:57:56.295-0500] {processor.py:840} INFO - DAG(s) 'example_setup_teardown_taskflow' retrieved from /Users/evankrupa/airflow_project/env/lib/python3.11/site-packages/airflow/example_dags/example_setup_teardown_taskflow.py
[2025-12-12T07:57:56.324-0500] {logging_mixin.py:188} INFO - [2025-12-12T07:57:56.324-0500] {dag.py:3096} INFO - Sync 1 DAGs
[2025-12-12T07:57:56.328-0500] {logging_mixin.py:188} INFO - [2025-12-12T07:57:56.328-0500] {dag.py:3954} INFO - Setting next_dagrun for example_setup_teardown_taskflow to 2025-12-11 00:00:00+00:00, run_after=2025-12-12 00:00:00+00:00
[2025-12-12T07:57:56.334-0500] {processor.py:183} INFO - Processing /Users/evankrupa/airflow_project/env/lib/python3.11/site-packages/airflow/example_dags/example_setup_teardown_taskflow.py took 0.053 seconds
[2025-12-12T07:59:23.075-0500] {processor.py:161} INFO - Started process (PID=62667) to work on /Users/evankrupa/airflow_project/env/lib/python3.11/site-packages/airflow/example_dags/example_setup_teardown_taskflow.py
[2025-12-12T07:59:23.075-0500] {processor.py:830} INFO - Processing file /Users/evankrupa/airflow_project/env/lib/python3.11/site-packages/airflow/example_dags/example_setup_teardown_taskflow.py for tasks to queue
[2025-12-12T07:59:23.075-0500] {logging_mixin.py:188} INFO - [2025-12-12T07:59:23.075-0500] {dagbag.py:545} INFO - Filling up the DagBag from /Users/evankrupa/airflow_project/env/lib/python3.11/site-packages/airflow/example_dags/example_setup_teardown_taskflow.py
[2025-12-12T07:59:23.089-0500] {processor.py:840} INFO - DAG(s) 'example_setup_teardown_taskflow' retrieved from /Users/evankrupa/airflow_project/env/lib/python3.11/site-packages/airflow/example_dags/example_setup_teardown_taskflow.py
[2025-12-12T07:59:23.119-0500] {logging_mixin.py:188} INFO - [2025-12-12T07:59:23.119-0500] {dag.py:3096} INFO - Sync 1 DAGs
[2025-12-12T07:59:23.123-0500] {logging_mixin.py:188} INFO - [2025-12-12T07:59:23.123-0500] {dag.py:3954} INFO - Setting next_dagrun for example_setup_teardown_taskflow to 2025-12-11 00:00:00+00:00, run_after=2025-12-12 00:00:00+00:00
[2025-12-12T07:59:23.129-0500] {processor.py:183} INFO - Processing /Users/evankrupa/airflow_project/env/lib/python3.11/site-packages/airflow/example_dags/example_setup_teardown_taskflow.py took 0.055 seconds
[2025-12-12T08:00:44.401-0500] {processor.py:161} INFO - Started process (PID=62778) to work on /Users/evankrupa/airflow_project/env/lib/python3.11/site-packages/airflow/example_dags/example_setup_teardown_taskflow.py
[2025-12-12T08:00:44.402-0500] {processor.py:830} INFO - Processing file /Users/evankrupa/airflow_project/env/lib/python3.11/site-packages/airflow/example_dags/example_setup_teardown_taskflow.py for tasks to queue
[2025-12-12T08:00:44.402-0500] {logging_mixin.py:188} INFO - [2025-12-12T08:00:44.402-0500] {dagbag.py:545} INFO - Filling up the DagBag from /Users/evankrupa/airflow_project/env/lib/python3.11/site-packages/airflow/example_dags/example_setup_teardown_taskflow.py
[2025-12-12T08:00:44.415-0500] {processor.py:840} INFO - DAG(s) 'example_setup_teardown_taskflow' retrieved from /Users/evankrupa/airflow_project/env/lib/python3.11/site-packages/airflow/example_dags/example_setup_teardown_taskflow.py
[2025-12-12T08:00:44.444-0500] {logging_mixin.py:188} INFO - [2025-12-12T08:00:44.444-0500] {dag.py:3096} INFO - Sync 1 DAGs
[2025-12-12T08:00:44.448-0500] {logging_mixin.py:188} INFO - [2025-12-12T08:00:44.448-0500] {dag.py:3954} INFO - Setting next_dagrun for example_setup_teardown_taskflow to 2025-12-11 00:00:00+00:00, run_after=2025-12-12 00:00:00+00:00
[2025-12-12T08:00:44.454-0500] {processor.py:183} INFO - Processing /Users/evankrupa/airflow_project/env/lib/python3.11/site-packages/airflow/example_dags/example_setup_teardown_taskflow.py took 0.054 seconds
[2025-12-12T08:02:07.978-0500] {processor.py:161} INFO - Started process (PID=62844) to work on /Users/evankrupa/airflow_project/env/lib/python3.11/site-packages/airflow/example_dags/example_setup_teardown_taskflow.py
[2025-12-12T08:02:07.979-0500] {processor.py:830} INFO - Processing file /Users/evankrupa/airflow_project/env/lib/python3.11/site-packages/airflow/example_dags/example_setup_teardown_taskflow.py for tasks to queue
[2025-12-12T08:02:07.979-0500] {logging_mixin.py:188} INFO - [2025-12-12T08:02:07.979-0500] {dagbag.py:545} INFO - Filling up the DagBag from /Users/evankrupa/airflow_project/env/lib/python3.11/site-packages/airflow/example_dags/example_setup_teardown_taskflow.py
[2025-12-12T08:02:07.992-0500] {processor.py:840} INFO - DAG(s) 'example_setup_teardown_taskflow' retrieved from /Users/evankrupa/airflow_project/env/lib/python3.11/site-packages/airflow/example_dags/example_setup_teardown_taskflow.py
[2025-12-12T08:02:08.020-0500] {logging_mixin.py:188} INFO - [2025-12-12T08:02:08.020-0500] {dag.py:3096} INFO - Sync 1 DAGs
[2025-12-12T08:02:08.024-0500] {logging_mixin.py:188} INFO - [2025-12-12T08:02:08.024-0500] {dag.py:3954} INFO - Setting next_dagrun for example_setup_teardown_taskflow to 2025-12-11 00:00:00+00:00, run_after=2025-12-12 00:00:00+00:00
[2025-12-12T08:02:08.029-0500] {processor.py:183} INFO - Processing /Users/evankrupa/airflow_project/env/lib/python3.11/site-packages/airflow/example_dags/example_setup_teardown_taskflow.py took 0.052 seconds
[2025-12-12T08:03:33.974-0500] {processor.py:161} INFO - Started process (PID=62912) to work on /Users/evankrupa/airflow_project/env/lib/python3.11/site-packages/airflow/example_dags/example_setup_teardown_taskflow.py
[2025-12-12T08:03:33.975-0500] {processor.py:830} INFO - Processing file /Users/evankrupa/airflow_project/env/lib/python3.11/site-packages/airflow/example_dags/example_setup_teardown_taskflow.py for tasks to queue
[2025-12-12T08:03:33.975-0500] {logging_mixin.py:188} INFO - [2025-12-12T08:03:33.975-0500] {dagbag.py:545} INFO - Filling up the DagBag from /Users/evankrupa/airflow_project/env/lib/python3.11/site-packages/airflow/example_dags/example_setup_teardown_taskflow.py
[2025-12-12T08:03:33.988-0500] {processor.py:840} INFO - DAG(s) 'example_setup_teardown_taskflow' retrieved from /Users/evankrupa/airflow_project/env/lib/python3.11/site-packages/airflow/example_dags/example_setup_teardown_taskflow.py
[2025-12-12T08:03:34.016-0500] {logging_mixin.py:188} INFO - [2025-12-12T08:03:34.016-0500] {dag.py:3096} INFO - Sync 1 DAGs
[2025-12-12T08:03:34.020-0500] {logging_mixin.py:188} INFO - [2025-12-12T08:03:34.020-0500] {dag.py:3954} INFO - Setting next_dagrun for example_setup_teardown_taskflow to 2025-12-11 00:00:00+00:00, run_after=2025-12-12 00:00:00+00:00
[2025-12-12T08:03:34.025-0500] {processor.py:183} INFO - Processing /Users/evankrupa/airflow_project/env/lib/python3.11/site-packages/airflow/example_dags/example_setup_teardown_taskflow.py took 0.052 seconds
[2025-12-12T08:04:57.504-0500] {processor.py:161} INFO - Started process (PID=63063) to work on /Users/evankrupa/airflow_project/env/lib/python3.11/site-packages/airflow/example_dags/example_setup_teardown_taskflow.py
[2025-12-12T08:04:57.505-0500] {processor.py:830} INFO - Processing file /Users/evankrupa/airflow_project/env/lib/python3.11/site-packages/airflow/example_dags/example_setup_teardown_taskflow.py for tasks to queue
[2025-12-12T08:04:57.505-0500] {logging_mixin.py:188} INFO - [2025-12-12T08:04:57.505-0500] {dagbag.py:545} INFO - Filling up the DagBag from /Users/evankrupa/airflow_project/env/lib/python3.11/site-packages/airflow/example_dags/example_setup_teardown_taskflow.py
[2025-12-12T08:04:57.517-0500] {processor.py:840} INFO - DAG(s) 'example_setup_teardown_taskflow' retrieved from /Users/evankrupa/airflow_project/env/lib/python3.11/site-packages/airflow/example_dags/example_setup_teardown_taskflow.py
[2025-12-12T08:04:57.546-0500] {logging_mixin.py:188} INFO - [2025-12-12T08:04:57.545-0500] {dag.py:3096} INFO - Sync 1 DAGs
[2025-12-12T08:04:57.551-0500] {logging_mixin.py:188} INFO - [2025-12-12T08:04:57.551-0500] {dag.py:3954} INFO - Setting next_dagrun for example_setup_teardown_taskflow to 2025-12-11 00:00:00+00:00, run_after=2025-12-12 00:00:00+00:00
[2025-12-12T08:04:57.558-0500] {processor.py:183} INFO - Processing /Users/evankrupa/airflow_project/env/lib/python3.11/site-packages/airflow/example_dags/example_setup_teardown_taskflow.py took 0.055 seconds
[2025-12-12T08:06:22.260-0500] {processor.py:161} INFO - Started process (PID=63136) to work on /Users/evankrupa/airflow_project/env/lib/python3.11/site-packages/airflow/example_dags/example_setup_teardown_taskflow.py
[2025-12-12T08:06:22.261-0500] {processor.py:830} INFO - Processing file /Users/evankrupa/airflow_project/env/lib/python3.11/site-packages/airflow/example_dags/example_setup_teardown_taskflow.py for tasks to queue
[2025-12-12T08:06:22.261-0500] {logging_mixin.py:188} INFO - [2025-12-12T08:06:22.261-0500] {dagbag.py:545} INFO - Filling up the DagBag from /Users/evankrupa/airflow_project/env/lib/python3.11/site-packages/airflow/example_dags/example_setup_teardown_taskflow.py
[2025-12-12T08:06:22.274-0500] {processor.py:840} INFO - DAG(s) 'example_setup_teardown_taskflow' retrieved from /Users/evankrupa/airflow_project/env/lib/python3.11/site-packages/airflow/example_dags/example_setup_teardown_taskflow.py
[2025-12-12T08:06:22.301-0500] {logging_mixin.py:188} INFO - [2025-12-12T08:06:22.301-0500] {dag.py:3096} INFO - Sync 1 DAGs
[2025-12-12T08:06:22.306-0500] {logging_mixin.py:188} INFO - [2025-12-12T08:06:22.306-0500] {dag.py:3954} INFO - Setting next_dagrun for example_setup_teardown_taskflow to 2025-12-11 00:00:00+00:00, run_after=2025-12-12 00:00:00+00:00
[2025-12-12T08:06:22.311-0500] {processor.py:183} INFO - Processing /Users/evankrupa/airflow_project/env/lib/python3.11/site-packages/airflow/example_dags/example_setup_teardown_taskflow.py took 0.052 seconds
[2025-12-12T08:07:51.341-0500] {processor.py:161} INFO - Started process (PID=63663) to work on /Users/evankrupa/airflow_project/env/lib/python3.11/site-packages/airflow/example_dags/example_setup_teardown_taskflow.py
[2025-12-12T08:07:51.342-0500] {processor.py:830} INFO - Processing file /Users/evankrupa/airflow_project/env/lib/python3.11/site-packages/airflow/example_dags/example_setup_teardown_taskflow.py for tasks to queue
[2025-12-12T08:07:51.342-0500] {logging_mixin.py:188} INFO - [2025-12-12T08:07:51.342-0500] {dagbag.py:545} INFO - Filling up the DagBag from /Users/evankrupa/airflow_project/env/lib/python3.11/site-packages/airflow/example_dags/example_setup_teardown_taskflow.py
[2025-12-12T08:07:51.354-0500] {processor.py:840} INFO - DAG(s) 'example_setup_teardown_taskflow' retrieved from /Users/evankrupa/airflow_project/env/lib/python3.11/site-packages/airflow/example_dags/example_setup_teardown_taskflow.py
[2025-12-12T08:07:51.383-0500] {logging_mixin.py:188} INFO - [2025-12-12T08:07:51.383-0500] {dag.py:3096} INFO - Sync 1 DAGs
[2025-12-12T08:07:51.388-0500] {logging_mixin.py:188} INFO - [2025-12-12T08:07:51.388-0500] {dag.py:3954} INFO - Setting next_dagrun for example_setup_teardown_taskflow to 2025-12-11 00:00:00+00:00, run_after=2025-12-12 00:00:00+00:00
[2025-12-12T08:07:51.393-0500] {processor.py:183} INFO - Processing /Users/evankrupa/airflow_project/env/lib/python3.11/site-packages/airflow/example_dags/example_setup_teardown_taskflow.py took 0.054 seconds
[2025-12-12T08:09:16.771-0500] {processor.py:161} INFO - Started process (PID=63728) to work on /Users/evankrupa/airflow_project/env/lib/python3.11/site-packages/airflow/example_dags/example_setup_teardown_taskflow.py
[2025-12-12T08:09:16.772-0500] {processor.py:830} INFO - Processing file /Users/evankrupa/airflow_project/env/lib/python3.11/site-packages/airflow/example_dags/example_setup_teardown_taskflow.py for tasks to queue
[2025-12-12T08:09:16.772-0500] {logging_mixin.py:188} INFO - [2025-12-12T08:09:16.772-0500] {dagbag.py:545} INFO - Filling up the DagBag from /Users/evankrupa/airflow_project/env/lib/python3.11/site-packages/airflow/example_dags/example_setup_teardown_taskflow.py
[2025-12-12T08:09:16.785-0500] {processor.py:840} INFO - DAG(s) 'example_setup_teardown_taskflow' retrieved from /Users/evankrupa/airflow_project/env/lib/python3.11/site-packages/airflow/example_dags/example_setup_teardown_taskflow.py
[2025-12-12T08:09:16.814-0500] {logging_mixin.py:188} INFO - [2025-12-12T08:09:16.814-0500] {dag.py:3096} INFO - Sync 1 DAGs
[2025-12-12T08:09:16.819-0500] {logging_mixin.py:188} INFO - [2025-12-12T08:09:16.819-0500] {dag.py:3954} INFO - Setting next_dagrun for example_setup_teardown_taskflow to 2025-12-11 00:00:00+00:00, run_after=2025-12-12 00:00:00+00:00
[2025-12-12T08:09:16.825-0500] {processor.py:183} INFO - Processing /Users/evankrupa/airflow_project/env/lib/python3.11/site-packages/airflow/example_dags/example_setup_teardown_taskflow.py took 0.054 seconds
[2025-12-12T08:10:43.243-0500] {processor.py:161} INFO - Started process (PID=63800) to work on /Users/evankrupa/airflow_project/env/lib/python3.11/site-packages/airflow/example_dags/example_setup_teardown_taskflow.py
[2025-12-12T08:10:43.245-0500] {processor.py:830} INFO - Processing file /Users/evankrupa/airflow_project/env/lib/python3.11/site-packages/airflow/example_dags/example_setup_teardown_taskflow.py for tasks to queue
[2025-12-12T08:10:43.245-0500] {logging_mixin.py:188} INFO - [2025-12-12T08:10:43.245-0500] {dagbag.py:545} INFO - Filling up the DagBag from /Users/evankrupa/airflow_project/env/lib/python3.11/site-packages/airflow/example_dags/example_setup_teardown_taskflow.py
[2025-12-12T08:10:43.258-0500] {processor.py:840} INFO - DAG(s) 'example_setup_teardown_taskflow' retrieved from /Users/evankrupa/airflow_project/env/lib/python3.11/site-packages/airflow/example_dags/example_setup_teardown_taskflow.py
[2025-12-12T08:10:43.288-0500] {logging_mixin.py:188} INFO - [2025-12-12T08:10:43.287-0500] {dag.py:3096} INFO - Sync 1 DAGs
[2025-12-12T08:10:43.292-0500] {logging_mixin.py:188} INFO - [2025-12-12T08:10:43.292-0500] {dag.py:3954} INFO - Setting next_dagrun for example_setup_teardown_taskflow to 2025-12-11 00:00:00+00:00, run_after=2025-12-12 00:00:00+00:00
[2025-12-12T08:10:43.298-0500] {processor.py:183} INFO - Processing /Users/evankrupa/airflow_project/env/lib/python3.11/site-packages/airflow/example_dags/example_setup_teardown_taskflow.py took 0.055 seconds
[2025-12-12T08:12:10.203-0500] {processor.py:161} INFO - Started process (PID=63867) to work on /Users/evankrupa/airflow_project/env/lib/python3.11/site-packages/airflow/example_dags/example_setup_teardown_taskflow.py
[2025-12-12T08:12:10.203-0500] {processor.py:830} INFO - Processing file /Users/evankrupa/airflow_project/env/lib/python3.11/site-packages/airflow/example_dags/example_setup_teardown_taskflow.py for tasks to queue
[2025-12-12T08:12:10.203-0500] {logging_mixin.py:188} INFO - [2025-12-12T08:12:10.203-0500] {dagbag.py:545} INFO - Filling up the DagBag from /Users/evankrupa/airflow_project/env/lib/python3.11/site-packages/airflow/example_dags/example_setup_teardown_taskflow.py
[2025-12-12T08:12:10.216-0500] {processor.py:840} INFO - DAG(s) 'example_setup_teardown_taskflow' retrieved from /Users/evankrupa/airflow_project/env/lib/python3.11/site-packages/airflow/example_dags/example_setup_teardown_taskflow.py
[2025-12-12T08:12:10.246-0500] {logging_mixin.py:188} INFO - [2025-12-12T08:12:10.245-0500] {dag.py:3096} INFO - Sync 1 DAGs
[2025-12-12T08:12:10.250-0500] {logging_mixin.py:188} INFO - [2025-12-12T08:12:10.250-0500] {dag.py:3954} INFO - Setting next_dagrun for example_setup_teardown_taskflow to 2025-12-11 00:00:00+00:00, run_after=2025-12-12 00:00:00+00:00
[2025-12-12T08:12:10.257-0500] {processor.py:183} INFO - Processing /Users/evankrupa/airflow_project/env/lib/python3.11/site-packages/airflow/example_dags/example_setup_teardown_taskflow.py took 0.055 seconds
[2025-12-12T08:13:33.780-0500] {processor.py:161} INFO - Started process (PID=63934) to work on /Users/evankrupa/airflow_project/env/lib/python3.11/site-packages/airflow/example_dags/example_setup_teardown_taskflow.py
[2025-12-12T08:13:33.782-0500] {processor.py:830} INFO - Processing file /Users/evankrupa/airflow_project/env/lib/python3.11/site-packages/airflow/example_dags/example_setup_teardown_taskflow.py for tasks to queue
[2025-12-12T08:13:33.782-0500] {logging_mixin.py:188} INFO - [2025-12-12T08:13:33.782-0500] {dagbag.py:545} INFO - Filling up the DagBag from /Users/evankrupa/airflow_project/env/lib/python3.11/site-packages/airflow/example_dags/example_setup_teardown_taskflow.py
[2025-12-12T08:13:33.795-0500] {processor.py:840} INFO - DAG(s) 'example_setup_teardown_taskflow' retrieved from /Users/evankrupa/airflow_project/env/lib/python3.11/site-packages/airflow/example_dags/example_setup_teardown_taskflow.py
[2025-12-12T08:13:33.825-0500] {logging_mixin.py:188} INFO - [2025-12-12T08:13:33.825-0500] {dag.py:3096} INFO - Sync 1 DAGs
[2025-12-12T08:13:33.830-0500] {logging_mixin.py:188} INFO - [2025-12-12T08:13:33.830-0500] {dag.py:3954} INFO - Setting next_dagrun for example_setup_teardown_taskflow to 2025-12-11 00:00:00+00:00, run_after=2025-12-12 00:00:00+00:00
[2025-12-12T08:13:33.839-0500] {processor.py:183} INFO - Processing /Users/evankrupa/airflow_project/env/lib/python3.11/site-packages/airflow/example_dags/example_setup_teardown_taskflow.py took 0.059 seconds
[2025-12-12T08:14:57.894-0500] {processor.py:161} INFO - Started process (PID=64003) to work on /Users/evankrupa/airflow_project/env/lib/python3.11/site-packages/airflow/example_dags/example_setup_teardown_taskflow.py
[2025-12-12T08:14:57.895-0500] {processor.py:830} INFO - Processing file /Users/evankrupa/airflow_project/env/lib/python3.11/site-packages/airflow/example_dags/example_setup_teardown_taskflow.py for tasks to queue
[2025-12-12T08:14:57.895-0500] {logging_mixin.py:188} INFO - [2025-12-12T08:14:57.895-0500] {dagbag.py:545} INFO - Filling up the DagBag from /Users/evankrupa/airflow_project/env/lib/python3.11/site-packages/airflow/example_dags/example_setup_teardown_taskflow.py
[2025-12-12T08:14:57.907-0500] {processor.py:840} INFO - DAG(s) 'example_setup_teardown_taskflow' retrieved from /Users/evankrupa/airflow_project/env/lib/python3.11/site-packages/airflow/example_dags/example_setup_teardown_taskflow.py
[2025-12-12T08:14:57.936-0500] {logging_mixin.py:188} INFO - [2025-12-12T08:14:57.935-0500] {dag.py:3096} INFO - Sync 1 DAGs
[2025-12-12T08:14:57.940-0500] {logging_mixin.py:188} INFO - [2025-12-12T08:14:57.940-0500] {dag.py:3954} INFO - Setting next_dagrun for example_setup_teardown_taskflow to 2025-12-11 00:00:00+00:00, run_after=2025-12-12 00:00:00+00:00
[2025-12-12T08:14:57.946-0500] {processor.py:183} INFO - Processing /Users/evankrupa/airflow_project/env/lib/python3.11/site-packages/airflow/example_dags/example_setup_teardown_taskflow.py took 0.052 seconds
[2025-12-12T08:16:18.781-0500] {processor.py:161} INFO - Started process (PID=64075) to work on /Users/evankrupa/airflow_project/env/lib/python3.11/site-packages/airflow/example_dags/example_setup_teardown_taskflow.py
[2025-12-12T08:16:18.782-0500] {processor.py:830} INFO - Processing file /Users/evankrupa/airflow_project/env/lib/python3.11/site-packages/airflow/example_dags/example_setup_teardown_taskflow.py for tasks to queue
[2025-12-12T08:16:18.782-0500] {logging_mixin.py:188} INFO - [2025-12-12T08:16:18.782-0500] {dagbag.py:545} INFO - Filling up the DagBag from /Users/evankrupa/airflow_project/env/lib/python3.11/site-packages/airflow/example_dags/example_setup_teardown_taskflow.py
[2025-12-12T08:16:18.795-0500] {processor.py:840} INFO - DAG(s) 'example_setup_teardown_taskflow' retrieved from /Users/evankrupa/airflow_project/env/lib/python3.11/site-packages/airflow/example_dags/example_setup_teardown_taskflow.py
[2025-12-12T08:16:18.824-0500] {logging_mixin.py:188} INFO - [2025-12-12T08:16:18.824-0500] {dag.py:3096} INFO - Sync 1 DAGs
[2025-12-12T08:16:18.830-0500] {logging_mixin.py:188} INFO - [2025-12-12T08:16:18.829-0500] {dag.py:3954} INFO - Setting next_dagrun for example_setup_teardown_taskflow to 2025-12-11 00:00:00+00:00, run_after=2025-12-12 00:00:00+00:00
[2025-12-12T08:16:18.835-0500] {processor.py:183} INFO - Processing /Users/evankrupa/airflow_project/env/lib/python3.11/site-packages/airflow/example_dags/example_setup_teardown_taskflow.py took 0.054 seconds
[2025-12-12T08:17:45.082-0500] {processor.py:161} INFO - Started process (PID=64143) to work on /Users/evankrupa/airflow_project/env/lib/python3.11/site-packages/airflow/example_dags/example_setup_teardown_taskflow.py
[2025-12-12T08:17:45.083-0500] {processor.py:830} INFO - Processing file /Users/evankrupa/airflow_project/env/lib/python3.11/site-packages/airflow/example_dags/example_setup_teardown_taskflow.py for tasks to queue
[2025-12-12T08:17:45.083-0500] {logging_mixin.py:188} INFO - [2025-12-12T08:17:45.083-0500] {dagbag.py:545} INFO - Filling up the DagBag from /Users/evankrupa/airflow_project/env/lib/python3.11/site-packages/airflow/example_dags/example_setup_teardown_taskflow.py
[2025-12-12T08:17:45.096-0500] {processor.py:840} INFO - DAG(s) 'example_setup_teardown_taskflow' retrieved from /Users/evankrupa/airflow_project/env/lib/python3.11/site-packages/airflow/example_dags/example_setup_teardown_taskflow.py
[2025-12-12T08:17:45.124-0500] {logging_mixin.py:188} INFO - [2025-12-12T08:17:45.124-0500] {dag.py:3096} INFO - Sync 1 DAGs
[2025-12-12T08:17:45.129-0500] {logging_mixin.py:188} INFO - [2025-12-12T08:17:45.128-0500] {dag.py:3954} INFO - Setting next_dagrun for example_setup_teardown_taskflow to 2025-12-11 00:00:00+00:00, run_after=2025-12-12 00:00:00+00:00
[2025-12-12T08:17:45.134-0500] {processor.py:183} INFO - Processing /Users/evankrupa/airflow_project/env/lib/python3.11/site-packages/airflow/example_dags/example_setup_teardown_taskflow.py took 0.052 seconds
[2025-12-12T08:19:07.556-0500] {processor.py:161} INFO - Started process (PID=64211) to work on /Users/evankrupa/airflow_project/env/lib/python3.11/site-packages/airflow/example_dags/example_setup_teardown_taskflow.py
[2025-12-12T08:19:07.558-0500] {processor.py:830} INFO - Processing file /Users/evankrupa/airflow_project/env/lib/python3.11/site-packages/airflow/example_dags/example_setup_teardown_taskflow.py for tasks to queue
[2025-12-12T08:19:07.558-0500] {logging_mixin.py:188} INFO - [2025-12-12T08:19:07.558-0500] {dagbag.py:545} INFO - Filling up the DagBag from /Users/evankrupa/airflow_project/env/lib/python3.11/site-packages/airflow/example_dags/example_setup_teardown_taskflow.py
[2025-12-12T08:19:07.570-0500] {processor.py:840} INFO - DAG(s) 'example_setup_teardown_taskflow' retrieved from /Users/evankrupa/airflow_project/env/lib/python3.11/site-packages/airflow/example_dags/example_setup_teardown_taskflow.py
[2025-12-12T08:19:07.598-0500] {logging_mixin.py:188} INFO - [2025-12-12T08:19:07.598-0500] {dag.py:3096} INFO - Sync 1 DAGs
[2025-12-12T08:19:07.603-0500] {logging_mixin.py:188} INFO - [2025-12-12T08:19:07.603-0500] {dag.py:3954} INFO - Setting next_dagrun for example_setup_teardown_taskflow to 2025-12-11 00:00:00+00:00, run_after=2025-12-12 00:00:00+00:00
[2025-12-12T08:19:07.608-0500] {processor.py:183} INFO - Processing /Users/evankrupa/airflow_project/env/lib/python3.11/site-packages/airflow/example_dags/example_setup_teardown_taskflow.py took 0.052 seconds
[2025-12-12T08:20:32.402-0500] {processor.py:161} INFO - Started process (PID=64279) to work on /Users/evankrupa/airflow_project/env/lib/python3.11/site-packages/airflow/example_dags/example_setup_teardown_taskflow.py
[2025-12-12T08:20:32.403-0500] {processor.py:830} INFO - Processing file /Users/evankrupa/airflow_project/env/lib/python3.11/site-packages/airflow/example_dags/example_setup_teardown_taskflow.py for tasks to queue
[2025-12-12T08:20:32.403-0500] {logging_mixin.py:188} INFO - [2025-12-12T08:20:32.403-0500] {dagbag.py:545} INFO - Filling up the DagBag from /Users/evankrupa/airflow_project/env/lib/python3.11/site-packages/airflow/example_dags/example_setup_teardown_taskflow.py
[2025-12-12T08:20:32.418-0500] {processor.py:840} INFO - DAG(s) 'example_setup_teardown_taskflow' retrieved from /Users/evankrupa/airflow_project/env/lib/python3.11/site-packages/airflow/example_dags/example_setup_teardown_taskflow.py
[2025-12-12T08:20:32.475-0500] {logging_mixin.py:188} INFO - [2025-12-12T08:20:32.475-0500] {dag.py:3096} INFO - Sync 1 DAGs
[2025-12-12T08:20:32.485-0500] {logging_mixin.py:188} INFO - [2025-12-12T08:20:32.485-0500] {dag.py:3954} INFO - Setting next_dagrun for example_setup_teardown_taskflow to 2025-12-11 00:00:00+00:00, run_after=2025-12-12 00:00:00+00:00
[2025-12-12T08:20:32.491-0500] {processor.py:183} INFO - Processing /Users/evankrupa/airflow_project/env/lib/python3.11/site-packages/airflow/example_dags/example_setup_teardown_taskflow.py took 0.090 seconds
[2025-12-12T08:21:56.171-0500] {processor.py:161} INFO - Started process (PID=64346) to work on /Users/evankrupa/airflow_project/env/lib/python3.11/site-packages/airflow/example_dags/example_setup_teardown_taskflow.py
[2025-12-12T08:21:56.172-0500] {processor.py:830} INFO - Processing file /Users/evankrupa/airflow_project/env/lib/python3.11/site-packages/airflow/example_dags/example_setup_teardown_taskflow.py for tasks to queue
[2025-12-12T08:21:56.172-0500] {logging_mixin.py:188} INFO - [2025-12-12T08:21:56.172-0500] {dagbag.py:545} INFO - Filling up the DagBag from /Users/evankrupa/airflow_project/env/lib/python3.11/site-packages/airflow/example_dags/example_setup_teardown_taskflow.py
[2025-12-12T08:21:56.186-0500] {processor.py:840} INFO - DAG(s) 'example_setup_teardown_taskflow' retrieved from /Users/evankrupa/airflow_project/env/lib/python3.11/site-packages/airflow/example_dags/example_setup_teardown_taskflow.py
[2025-12-12T08:21:56.216-0500] {logging_mixin.py:188} INFO - [2025-12-12T08:21:56.216-0500] {dag.py:3096} INFO - Sync 1 DAGs
[2025-12-12T08:21:56.221-0500] {logging_mixin.py:188} INFO - [2025-12-12T08:21:56.221-0500] {dag.py:3954} INFO - Setting next_dagrun for example_setup_teardown_taskflow to 2025-12-11 00:00:00+00:00, run_after=2025-12-12 00:00:00+00:00
[2025-12-12T08:21:56.227-0500] {processor.py:183} INFO - Processing /Users/evankrupa/airflow_project/env/lib/python3.11/site-packages/airflow/example_dags/example_setup_teardown_taskflow.py took 0.056 seconds
[2025-12-12T08:23:22.086-0500] {processor.py:161} INFO - Started process (PID=64412) to work on /Users/evankrupa/airflow_project/env/lib/python3.11/site-packages/airflow/example_dags/example_setup_teardown_taskflow.py
[2025-12-12T08:23:22.087-0500] {processor.py:830} INFO - Processing file /Users/evankrupa/airflow_project/env/lib/python3.11/site-packages/airflow/example_dags/example_setup_teardown_taskflow.py for tasks to queue
[2025-12-12T08:23:22.087-0500] {logging_mixin.py:188} INFO - [2025-12-12T08:23:22.087-0500] {dagbag.py:545} INFO - Filling up the DagBag from /Users/evankrupa/airflow_project/env/lib/python3.11/site-packages/airflow/example_dags/example_setup_teardown_taskflow.py
[2025-12-12T08:23:22.100-0500] {processor.py:840} INFO - DAG(s) 'example_setup_teardown_taskflow' retrieved from /Users/evankrupa/airflow_project/env/lib/python3.11/site-packages/airflow/example_dags/example_setup_teardown_taskflow.py
[2025-12-12T08:23:22.127-0500] {logging_mixin.py:188} INFO - [2025-12-12T08:23:22.127-0500] {dag.py:3096} INFO - Sync 1 DAGs
[2025-12-12T08:23:22.132-0500] {logging_mixin.py:188} INFO - [2025-12-12T08:23:22.132-0500] {dag.py:3954} INFO - Setting next_dagrun for example_setup_teardown_taskflow to 2025-12-11 00:00:00+00:00, run_after=2025-12-12 00:00:00+00:00
[2025-12-12T08:23:22.137-0500] {processor.py:183} INFO - Processing /Users/evankrupa/airflow_project/env/lib/python3.11/site-packages/airflow/example_dags/example_setup_teardown_taskflow.py took 0.052 seconds
[2025-12-12T08:24:42.800-0500] {processor.py:161} INFO - Started process (PID=64485) to work on /Users/evankrupa/airflow_project/env/lib/python3.11/site-packages/airflow/example_dags/example_setup_teardown_taskflow.py
[2025-12-12T08:24:42.801-0500] {processor.py:830} INFO - Processing file /Users/evankrupa/airflow_project/env/lib/python3.11/site-packages/airflow/example_dags/example_setup_teardown_taskflow.py for tasks to queue
[2025-12-12T08:24:42.801-0500] {logging_mixin.py:188} INFO - [2025-12-12T08:24:42.801-0500] {dagbag.py:545} INFO - Filling up the DagBag from /Users/evankrupa/airflow_project/env/lib/python3.11/site-packages/airflow/example_dags/example_setup_teardown_taskflow.py
[2025-12-12T08:24:42.814-0500] {processor.py:840} INFO - DAG(s) 'example_setup_teardown_taskflow' retrieved from /Users/evankrupa/airflow_project/env/lib/python3.11/site-packages/airflow/example_dags/example_setup_teardown_taskflow.py
[2025-12-12T08:24:42.842-0500] {logging_mixin.py:188} INFO - [2025-12-12T08:24:42.842-0500] {dag.py:3096} INFO - Sync 1 DAGs
[2025-12-12T08:24:42.847-0500] {logging_mixin.py:188} INFO - [2025-12-12T08:24:42.847-0500] {dag.py:3954} INFO - Setting next_dagrun for example_setup_teardown_taskflow to 2025-12-11 00:00:00+00:00, run_after=2025-12-12 00:00:00+00:00
[2025-12-12T08:24:42.853-0500] {processor.py:183} INFO - Processing /Users/evankrupa/airflow_project/env/lib/python3.11/site-packages/airflow/example_dags/example_setup_teardown_taskflow.py took 0.054 seconds
[2025-12-12T08:26:08.950-0500] {processor.py:161} INFO - Started process (PID=64554) to work on /Users/evankrupa/airflow_project/env/lib/python3.11/site-packages/airflow/example_dags/example_setup_teardown_taskflow.py
[2025-12-12T08:26:08.951-0500] {processor.py:830} INFO - Processing file /Users/evankrupa/airflow_project/env/lib/python3.11/site-packages/airflow/example_dags/example_setup_teardown_taskflow.py for tasks to queue
[2025-12-12T08:26:08.952-0500] {logging_mixin.py:188} INFO - [2025-12-12T08:26:08.952-0500] {dagbag.py:545} INFO - Filling up the DagBag from /Users/evankrupa/airflow_project/env/lib/python3.11/site-packages/airflow/example_dags/example_setup_teardown_taskflow.py
[2025-12-12T08:26:08.964-0500] {processor.py:840} INFO - DAG(s) 'example_setup_teardown_taskflow' retrieved from /Users/evankrupa/airflow_project/env/lib/python3.11/site-packages/airflow/example_dags/example_setup_teardown_taskflow.py
[2025-12-12T08:26:08.994-0500] {logging_mixin.py:188} INFO - [2025-12-12T08:26:08.993-0500] {dag.py:3096} INFO - Sync 1 DAGs
[2025-12-12T08:26:08.998-0500] {logging_mixin.py:188} INFO - [2025-12-12T08:26:08.998-0500] {dag.py:3954} INFO - Setting next_dagrun for example_setup_teardown_taskflow to 2025-12-11 00:00:00+00:00, run_after=2025-12-12 00:00:00+00:00
[2025-12-12T08:26:09.003-0500] {processor.py:183} INFO - Processing /Users/evankrupa/airflow_project/env/lib/python3.11/site-packages/airflow/example_dags/example_setup_teardown_taskflow.py took 0.054 seconds
[2025-12-12T08:27:34.346-0500] {processor.py:161} INFO - Started process (PID=64650) to work on /Users/evankrupa/airflow_project/env/lib/python3.11/site-packages/airflow/example_dags/example_setup_teardown_taskflow.py
[2025-12-12T08:27:34.347-0500] {processor.py:830} INFO - Processing file /Users/evankrupa/airflow_project/env/lib/python3.11/site-packages/airflow/example_dags/example_setup_teardown_taskflow.py for tasks to queue
[2025-12-12T08:27:34.348-0500] {logging_mixin.py:188} INFO - [2025-12-12T08:27:34.347-0500] {dagbag.py:545} INFO - Filling up the DagBag from /Users/evankrupa/airflow_project/env/lib/python3.11/site-packages/airflow/example_dags/example_setup_teardown_taskflow.py
[2025-12-12T08:27:34.360-0500] {processor.py:840} INFO - DAG(s) 'example_setup_teardown_taskflow' retrieved from /Users/evankrupa/airflow_project/env/lib/python3.11/site-packages/airflow/example_dags/example_setup_teardown_taskflow.py
[2025-12-12T08:27:34.388-0500] {logging_mixin.py:188} INFO - [2025-12-12T08:27:34.388-0500] {dag.py:3096} INFO - Sync 1 DAGs
[2025-12-12T08:27:34.392-0500] {logging_mixin.py:188} INFO - [2025-12-12T08:27:34.392-0500] {dag.py:3954} INFO - Setting next_dagrun for example_setup_teardown_taskflow to 2025-12-11 00:00:00+00:00, run_after=2025-12-12 00:00:00+00:00
[2025-12-12T08:27:34.398-0500] {processor.py:183} INFO - Processing /Users/evankrupa/airflow_project/env/lib/python3.11/site-packages/airflow/example_dags/example_setup_teardown_taskflow.py took 0.052 seconds
[2025-12-12T08:28:59.610-0500] {processor.py:161} INFO - Started process (PID=64731) to work on /Users/evankrupa/airflow_project/env/lib/python3.11/site-packages/airflow/example_dags/example_setup_teardown_taskflow.py
[2025-12-12T08:28:59.611-0500] {processor.py:830} INFO - Processing file /Users/evankrupa/airflow_project/env/lib/python3.11/site-packages/airflow/example_dags/example_setup_teardown_taskflow.py for tasks to queue
[2025-12-12T08:28:59.611-0500] {logging_mixin.py:188} INFO - [2025-12-12T08:28:59.611-0500] {dagbag.py:545} INFO - Filling up the DagBag from /Users/evankrupa/airflow_project/env/lib/python3.11/site-packages/airflow/example_dags/example_setup_teardown_taskflow.py
[2025-12-12T08:28:59.624-0500] {processor.py:840} INFO - DAG(s) 'example_setup_teardown_taskflow' retrieved from /Users/evankrupa/airflow_project/env/lib/python3.11/site-packages/airflow/example_dags/example_setup_teardown_taskflow.py
[2025-12-12T08:28:59.652-0500] {logging_mixin.py:188} INFO - [2025-12-12T08:28:59.652-0500] {dag.py:3096} INFO - Sync 1 DAGs
[2025-12-12T08:28:59.657-0500] {logging_mixin.py:188} INFO - [2025-12-12T08:28:59.657-0500] {dag.py:3954} INFO - Setting next_dagrun for example_setup_teardown_taskflow to 2025-12-11 00:00:00+00:00, run_after=2025-12-12 00:00:00+00:00
[2025-12-12T08:28:59.662-0500] {processor.py:183} INFO - Processing /Users/evankrupa/airflow_project/env/lib/python3.11/site-packages/airflow/example_dags/example_setup_teardown_taskflow.py took 0.053 seconds
[2025-12-12T08:30:19.816-0500] {processor.py:161} INFO - Started process (PID=64814) to work on /Users/evankrupa/airflow_project/env/lib/python3.11/site-packages/airflow/example_dags/example_setup_teardown_taskflow.py
[2025-12-12T08:30:19.816-0500] {processor.py:830} INFO - Processing file /Users/evankrupa/airflow_project/env/lib/python3.11/site-packages/airflow/example_dags/example_setup_teardown_taskflow.py for tasks to queue
[2025-12-12T08:30:19.817-0500] {logging_mixin.py:188} INFO - [2025-12-12T08:30:19.816-0500] {dagbag.py:545} INFO - Filling up the DagBag from /Users/evankrupa/airflow_project/env/lib/python3.11/site-packages/airflow/example_dags/example_setup_teardown_taskflow.py
[2025-12-12T08:30:19.832-0500] {processor.py:840} INFO - DAG(s) 'example_setup_teardown_taskflow' retrieved from /Users/evankrupa/airflow_project/env/lib/python3.11/site-packages/airflow/example_dags/example_setup_teardown_taskflow.py
[2025-12-12T08:30:19.860-0500] {logging_mixin.py:188} INFO - [2025-12-12T08:30:19.859-0500] {dag.py:3096} INFO - Sync 1 DAGs
[2025-12-12T08:30:19.864-0500] {logging_mixin.py:188} INFO - [2025-12-12T08:30:19.864-0500] {dag.py:3954} INFO - Setting next_dagrun for example_setup_teardown_taskflow to 2025-12-11 00:00:00+00:00, run_after=2025-12-12 00:00:00+00:00
[2025-12-12T08:30:19.870-0500] {processor.py:183} INFO - Processing /Users/evankrupa/airflow_project/env/lib/python3.11/site-packages/airflow/example_dags/example_setup_teardown_taskflow.py took 0.055 seconds
[2025-12-12T08:31:41.834-0500] {processor.py:161} INFO - Started process (PID=64893) to work on /Users/evankrupa/airflow_project/env/lib/python3.11/site-packages/airflow/example_dags/example_setup_teardown_taskflow.py
[2025-12-12T08:31:41.836-0500] {processor.py:830} INFO - Processing file /Users/evankrupa/airflow_project/env/lib/python3.11/site-packages/airflow/example_dags/example_setup_teardown_taskflow.py for tasks to queue
[2025-12-12T08:31:41.836-0500] {logging_mixin.py:188} INFO - [2025-12-12T08:31:41.836-0500] {dagbag.py:545} INFO - Filling up the DagBag from /Users/evankrupa/airflow_project/env/lib/python3.11/site-packages/airflow/example_dags/example_setup_teardown_taskflow.py
[2025-12-12T08:31:41.848-0500] {processor.py:840} INFO - DAG(s) 'example_setup_teardown_taskflow' retrieved from /Users/evankrupa/airflow_project/env/lib/python3.11/site-packages/airflow/example_dags/example_setup_teardown_taskflow.py
[2025-12-12T08:31:41.876-0500] {logging_mixin.py:188} INFO - [2025-12-12T08:31:41.876-0500] {dag.py:3096} INFO - Sync 1 DAGs
[2025-12-12T08:31:41.880-0500] {logging_mixin.py:188} INFO - [2025-12-12T08:31:41.880-0500] {dag.py:3954} INFO - Setting next_dagrun for example_setup_teardown_taskflow to 2025-12-11 00:00:00+00:00, run_after=2025-12-12 00:00:00+00:00
[2025-12-12T08:31:41.886-0500] {processor.py:183} INFO - Processing /Users/evankrupa/airflow_project/env/lib/python3.11/site-packages/airflow/example_dags/example_setup_teardown_taskflow.py took 0.052 seconds
[2025-12-12T08:33:06.951-0500] {processor.py:161} INFO - Started process (PID=64992) to work on /Users/evankrupa/airflow_project/env/lib/python3.11/site-packages/airflow/example_dags/example_setup_teardown_taskflow.py
[2025-12-12T08:33:06.952-0500] {processor.py:830} INFO - Processing file /Users/evankrupa/airflow_project/env/lib/python3.11/site-packages/airflow/example_dags/example_setup_teardown_taskflow.py for tasks to queue
[2025-12-12T08:33:06.952-0500] {logging_mixin.py:188} INFO - [2025-12-12T08:33:06.952-0500] {dagbag.py:545} INFO - Filling up the DagBag from /Users/evankrupa/airflow_project/env/lib/python3.11/site-packages/airflow/example_dags/example_setup_teardown_taskflow.py
[2025-12-12T08:33:06.965-0500] {processor.py:840} INFO - DAG(s) 'example_setup_teardown_taskflow' retrieved from /Users/evankrupa/airflow_project/env/lib/python3.11/site-packages/airflow/example_dags/example_setup_teardown_taskflow.py
[2025-12-12T08:33:06.992-0500] {logging_mixin.py:188} INFO - [2025-12-12T08:33:06.992-0500] {dag.py:3096} INFO - Sync 1 DAGs
[2025-12-12T08:33:06.997-0500] {logging_mixin.py:188} INFO - [2025-12-12T08:33:06.997-0500] {dag.py:3954} INFO - Setting next_dagrun for example_setup_teardown_taskflow to 2025-12-11 00:00:00+00:00, run_after=2025-12-12 00:00:00+00:00
[2025-12-12T08:33:07.002-0500] {processor.py:183} INFO - Processing /Users/evankrupa/airflow_project/env/lib/python3.11/site-packages/airflow/example_dags/example_setup_teardown_taskflow.py took 0.052 seconds
[2025-12-12T08:34:32.393-0500] {processor.py:161} INFO - Started process (PID=65076) to work on /Users/evankrupa/airflow_project/env/lib/python3.11/site-packages/airflow/example_dags/example_setup_teardown_taskflow.py
[2025-12-12T08:34:32.394-0500] {processor.py:830} INFO - Processing file /Users/evankrupa/airflow_project/env/lib/python3.11/site-packages/airflow/example_dags/example_setup_teardown_taskflow.py for tasks to queue
[2025-12-12T08:34:32.394-0500] {logging_mixin.py:188} INFO - [2025-12-12T08:34:32.394-0500] {dagbag.py:545} INFO - Filling up the DagBag from /Users/evankrupa/airflow_project/env/lib/python3.11/site-packages/airflow/example_dags/example_setup_teardown_taskflow.py
[2025-12-12T08:34:32.406-0500] {processor.py:840} INFO - DAG(s) 'example_setup_teardown_taskflow' retrieved from /Users/evankrupa/airflow_project/env/lib/python3.11/site-packages/airflow/example_dags/example_setup_teardown_taskflow.py
[2025-12-12T08:34:32.434-0500] {logging_mixin.py:188} INFO - [2025-12-12T08:34:32.434-0500] {dag.py:3096} INFO - Sync 1 DAGs
[2025-12-12T08:34:32.438-0500] {logging_mixin.py:188} INFO - [2025-12-12T08:34:32.438-0500] {dag.py:3954} INFO - Setting next_dagrun for example_setup_teardown_taskflow to 2025-12-11 00:00:00+00:00, run_after=2025-12-12 00:00:00+00:00
[2025-12-12T08:34:32.444-0500] {processor.py:183} INFO - Processing /Users/evankrupa/airflow_project/env/lib/python3.11/site-packages/airflow/example_dags/example_setup_teardown_taskflow.py took 0.052 seconds
[2025-12-12T08:35:58.862-0500] {processor.py:161} INFO - Started process (PID=65177) to work on /Users/evankrupa/airflow_project/env/lib/python3.11/site-packages/airflow/example_dags/example_setup_teardown_taskflow.py
[2025-12-12T08:35:58.862-0500] {processor.py:830} INFO - Processing file /Users/evankrupa/airflow_project/env/lib/python3.11/site-packages/airflow/example_dags/example_setup_teardown_taskflow.py for tasks to queue
[2025-12-12T08:35:58.863-0500] {logging_mixin.py:188} INFO - [2025-12-12T08:35:58.862-0500] {dagbag.py:545} INFO - Filling up the DagBag from /Users/evankrupa/airflow_project/env/lib/python3.11/site-packages/airflow/example_dags/example_setup_teardown_taskflow.py
[2025-12-12T08:35:58.875-0500] {processor.py:840} INFO - DAG(s) 'example_setup_teardown_taskflow' retrieved from /Users/evankrupa/airflow_project/env/lib/python3.11/site-packages/airflow/example_dags/example_setup_teardown_taskflow.py
[2025-12-12T08:35:58.903-0500] {logging_mixin.py:188} INFO - [2025-12-12T08:35:58.903-0500] {dag.py:3096} INFO - Sync 1 DAGs
[2025-12-12T08:35:58.907-0500] {logging_mixin.py:188} INFO - [2025-12-12T08:35:58.907-0500] {dag.py:3954} INFO - Setting next_dagrun for example_setup_teardown_taskflow to 2025-12-11 00:00:00+00:00, run_after=2025-12-12 00:00:00+00:00
[2025-12-12T08:35:58.913-0500] {processor.py:183} INFO - Processing /Users/evankrupa/airflow_project/env/lib/python3.11/site-packages/airflow/example_dags/example_setup_teardown_taskflow.py took 0.052 seconds
[2025-12-12T08:37:20.989-0500] {processor.py:161} INFO - Started process (PID=65250) to work on /Users/evankrupa/airflow_project/env/lib/python3.11/site-packages/airflow/example_dags/example_setup_teardown_taskflow.py
[2025-12-12T08:37:20.991-0500] {processor.py:830} INFO - Processing file /Users/evankrupa/airflow_project/env/lib/python3.11/site-packages/airflow/example_dags/example_setup_teardown_taskflow.py for tasks to queue
[2025-12-12T08:37:20.991-0500] {logging_mixin.py:188} INFO - [2025-12-12T08:37:20.991-0500] {dagbag.py:545} INFO - Filling up the DagBag from /Users/evankrupa/airflow_project/env/lib/python3.11/site-packages/airflow/example_dags/example_setup_teardown_taskflow.py
[2025-12-12T08:37:21.003-0500] {processor.py:840} INFO - DAG(s) 'example_setup_teardown_taskflow' retrieved from /Users/evankrupa/airflow_project/env/lib/python3.11/site-packages/airflow/example_dags/example_setup_teardown_taskflow.py
[2025-12-12T08:37:21.031-0500] {logging_mixin.py:188} INFO - [2025-12-12T08:37:21.031-0500] {dag.py:3096} INFO - Sync 1 DAGs
[2025-12-12T08:37:21.035-0500] {logging_mixin.py:188} INFO - [2025-12-12T08:37:21.035-0500] {dag.py:3954} INFO - Setting next_dagrun for example_setup_teardown_taskflow to 2025-12-11 00:00:00+00:00, run_after=2025-12-12 00:00:00+00:00
[2025-12-12T08:37:21.041-0500] {processor.py:183} INFO - Processing /Users/evankrupa/airflow_project/env/lib/python3.11/site-packages/airflow/example_dags/example_setup_teardown_taskflow.py took 0.052 seconds
[2025-12-12T08:38:46.336-0500] {processor.py:161} INFO - Started process (PID=65322) to work on /Users/evankrupa/airflow_project/env/lib/python3.11/site-packages/airflow/example_dags/example_setup_teardown_taskflow.py
[2025-12-12T08:38:46.337-0500] {processor.py:830} INFO - Processing file /Users/evankrupa/airflow_project/env/lib/python3.11/site-packages/airflow/example_dags/example_setup_teardown_taskflow.py for tasks to queue
[2025-12-12T08:38:46.337-0500] {logging_mixin.py:188} INFO - [2025-12-12T08:38:46.337-0500] {dagbag.py:545} INFO - Filling up the DagBag from /Users/evankrupa/airflow_project/env/lib/python3.11/site-packages/airflow/example_dags/example_setup_teardown_taskflow.py
[2025-12-12T08:38:46.350-0500] {processor.py:840} INFO - DAG(s) 'example_setup_teardown_taskflow' retrieved from /Users/evankrupa/airflow_project/env/lib/python3.11/site-packages/airflow/example_dags/example_setup_teardown_taskflow.py
[2025-12-12T08:38:46.377-0500] {logging_mixin.py:188} INFO - [2025-12-12T08:38:46.377-0500] {dag.py:3096} INFO - Sync 1 DAGs
[2025-12-12T08:38:46.382-0500] {logging_mixin.py:188} INFO - [2025-12-12T08:38:46.381-0500] {dag.py:3954} INFO - Setting next_dagrun for example_setup_teardown_taskflow to 2025-12-11 00:00:00+00:00, run_after=2025-12-12 00:00:00+00:00
[2025-12-12T08:38:46.387-0500] {processor.py:183} INFO - Processing /Users/evankrupa/airflow_project/env/lib/python3.11/site-packages/airflow/example_dags/example_setup_teardown_taskflow.py took 0.052 seconds
[2025-12-12T08:40:09.393-0500] {processor.py:161} INFO - Started process (PID=65398) to work on /Users/evankrupa/airflow_project/env/lib/python3.11/site-packages/airflow/example_dags/example_setup_teardown_taskflow.py
[2025-12-12T08:40:09.394-0500] {processor.py:830} INFO - Processing file /Users/evankrupa/airflow_project/env/lib/python3.11/site-packages/airflow/example_dags/example_setup_teardown_taskflow.py for tasks to queue
[2025-12-12T08:40:09.394-0500] {logging_mixin.py:188} INFO - [2025-12-12T08:40:09.394-0500] {dagbag.py:545} INFO - Filling up the DagBag from /Users/evankrupa/airflow_project/env/lib/python3.11/site-packages/airflow/example_dags/example_setup_teardown_taskflow.py
[2025-12-12T08:40:09.407-0500] {processor.py:840} INFO - DAG(s) 'example_setup_teardown_taskflow' retrieved from /Users/evankrupa/airflow_project/env/lib/python3.11/site-packages/airflow/example_dags/example_setup_teardown_taskflow.py
[2025-12-12T08:40:09.435-0500] {logging_mixin.py:188} INFO - [2025-12-12T08:40:09.435-0500] {dag.py:3096} INFO - Sync 1 DAGs
[2025-12-12T08:40:09.439-0500] {logging_mixin.py:188} INFO - [2025-12-12T08:40:09.439-0500] {dag.py:3954} INFO - Setting next_dagrun for example_setup_teardown_taskflow to 2025-12-11 00:00:00+00:00, run_after=2025-12-12 00:00:00+00:00
[2025-12-12T08:40:09.445-0500] {processor.py:183} INFO - Processing /Users/evankrupa/airflow_project/env/lib/python3.11/site-packages/airflow/example_dags/example_setup_teardown_taskflow.py took 0.052 seconds
[2025-12-12T08:41:34.057-0500] {processor.py:161} INFO - Started process (PID=65484) to work on /Users/evankrupa/airflow_project/env/lib/python3.11/site-packages/airflow/example_dags/example_setup_teardown_taskflow.py
[2025-12-12T08:41:34.058-0500] {processor.py:830} INFO - Processing file /Users/evankrupa/airflow_project/env/lib/python3.11/site-packages/airflow/example_dags/example_setup_teardown_taskflow.py for tasks to queue
[2025-12-12T08:41:34.058-0500] {logging_mixin.py:188} INFO - [2025-12-12T08:41:34.058-0500] {dagbag.py:545} INFO - Filling up the DagBag from /Users/evankrupa/airflow_project/env/lib/python3.11/site-packages/airflow/example_dags/example_setup_teardown_taskflow.py
[2025-12-12T08:41:34.071-0500] {processor.py:840} INFO - DAG(s) 'example_setup_teardown_taskflow' retrieved from /Users/evankrupa/airflow_project/env/lib/python3.11/site-packages/airflow/example_dags/example_setup_teardown_taskflow.py
[2025-12-12T08:41:34.099-0500] {logging_mixin.py:188} INFO - [2025-12-12T08:41:34.099-0500] {dag.py:3096} INFO - Sync 1 DAGs
[2025-12-12T08:41:34.104-0500] {logging_mixin.py:188} INFO - [2025-12-12T08:41:34.104-0500] {dag.py:3954} INFO - Setting next_dagrun for example_setup_teardown_taskflow to 2025-12-11 00:00:00+00:00, run_after=2025-12-12 00:00:00+00:00
[2025-12-12T08:41:34.110-0500] {processor.py:183} INFO - Processing /Users/evankrupa/airflow_project/env/lib/python3.11/site-packages/airflow/example_dags/example_setup_teardown_taskflow.py took 0.053 seconds
[2025-12-12T08:42:56.378-0500] {processor.py:161} INFO - Started process (PID=65558) to work on /Users/evankrupa/airflow_project/env/lib/python3.11/site-packages/airflow/example_dags/example_setup_teardown_taskflow.py
[2025-12-12T08:42:56.378-0500] {processor.py:830} INFO - Processing file /Users/evankrupa/airflow_project/env/lib/python3.11/site-packages/airflow/example_dags/example_setup_teardown_taskflow.py for tasks to queue
[2025-12-12T08:42:56.378-0500] {logging_mixin.py:188} INFO - [2025-12-12T08:42:56.378-0500] {dagbag.py:545} INFO - Filling up the DagBag from /Users/evankrupa/airflow_project/env/lib/python3.11/site-packages/airflow/example_dags/example_setup_teardown_taskflow.py
[2025-12-12T08:42:56.391-0500] {processor.py:840} INFO - DAG(s) 'example_setup_teardown_taskflow' retrieved from /Users/evankrupa/airflow_project/env/lib/python3.11/site-packages/airflow/example_dags/example_setup_teardown_taskflow.py
[2025-12-12T08:42:56.418-0500] {logging_mixin.py:188} INFO - [2025-12-12T08:42:56.418-0500] {dag.py:3096} INFO - Sync 1 DAGs
[2025-12-12T08:42:56.423-0500] {logging_mixin.py:188} INFO - [2025-12-12T08:42:56.423-0500] {dag.py:3954} INFO - Setting next_dagrun for example_setup_teardown_taskflow to 2025-12-11 00:00:00+00:00, run_after=2025-12-12 00:00:00+00:00
[2025-12-12T08:42:56.428-0500] {processor.py:183} INFO - Processing /Users/evankrupa/airflow_project/env/lib/python3.11/site-packages/airflow/example_dags/example_setup_teardown_taskflow.py took 0.051 seconds
[2025-12-12T08:44:19.647-0500] {processor.py:161} INFO - Started process (PID=65633) to work on /Users/evankrupa/airflow_project/env/lib/python3.11/site-packages/airflow/example_dags/example_setup_teardown_taskflow.py
[2025-12-12T08:44:19.648-0500] {processor.py:830} INFO - Processing file /Users/evankrupa/airflow_project/env/lib/python3.11/site-packages/airflow/example_dags/example_setup_teardown_taskflow.py for tasks to queue
[2025-12-12T08:44:19.648-0500] {logging_mixin.py:188} INFO - [2025-12-12T08:44:19.648-0500] {dagbag.py:545} INFO - Filling up the DagBag from /Users/evankrupa/airflow_project/env/lib/python3.11/site-packages/airflow/example_dags/example_setup_teardown_taskflow.py
[2025-12-12T08:44:19.661-0500] {processor.py:840} INFO - DAG(s) 'example_setup_teardown_taskflow' retrieved from /Users/evankrupa/airflow_project/env/lib/python3.11/site-packages/airflow/example_dags/example_setup_teardown_taskflow.py
[2025-12-12T08:44:19.687-0500] {logging_mixin.py:188} INFO - [2025-12-12T08:44:19.687-0500] {dag.py:3096} INFO - Sync 1 DAGs
[2025-12-12T08:44:19.692-0500] {logging_mixin.py:188} INFO - [2025-12-12T08:44:19.692-0500] {dag.py:3954} INFO - Setting next_dagrun for example_setup_teardown_taskflow to 2025-12-11 00:00:00+00:00, run_after=2025-12-12 00:00:00+00:00
[2025-12-12T08:44:19.697-0500] {processor.py:183} INFO - Processing /Users/evankrupa/airflow_project/env/lib/python3.11/site-packages/airflow/example_dags/example_setup_teardown_taskflow.py took 0.051 seconds
[2025-12-12T08:45:44.510-0500] {processor.py:161} INFO - Started process (PID=65712) to work on /Users/evankrupa/airflow_project/env/lib/python3.11/site-packages/airflow/example_dags/example_setup_teardown_taskflow.py
[2025-12-12T08:45:44.511-0500] {processor.py:830} INFO - Processing file /Users/evankrupa/airflow_project/env/lib/python3.11/site-packages/airflow/example_dags/example_setup_teardown_taskflow.py for tasks to queue
[2025-12-12T08:45:44.511-0500] {logging_mixin.py:188} INFO - [2025-12-12T08:45:44.511-0500] {dagbag.py:545} INFO - Filling up the DagBag from /Users/evankrupa/airflow_project/env/lib/python3.11/site-packages/airflow/example_dags/example_setup_teardown_taskflow.py
[2025-12-12T08:45:44.524-0500] {processor.py:840} INFO - DAG(s) 'example_setup_teardown_taskflow' retrieved from /Users/evankrupa/airflow_project/env/lib/python3.11/site-packages/airflow/example_dags/example_setup_teardown_taskflow.py
[2025-12-12T08:45:44.551-0500] {logging_mixin.py:188} INFO - [2025-12-12T08:45:44.551-0500] {dag.py:3096} INFO - Sync 1 DAGs
[2025-12-12T08:45:44.555-0500] {logging_mixin.py:188} INFO - [2025-12-12T08:45:44.555-0500] {dag.py:3954} INFO - Setting next_dagrun for example_setup_teardown_taskflow to 2025-12-11 00:00:00+00:00, run_after=2025-12-12 00:00:00+00:00
[2025-12-12T08:45:44.561-0500] {processor.py:183} INFO - Processing /Users/evankrupa/airflow_project/env/lib/python3.11/site-packages/airflow/example_dags/example_setup_teardown_taskflow.py took 0.052 seconds
