[2025-12-12T07:25:32.597-0500] {processor.py:161} INFO - Started process (PID=56856) to work on /Users/evankrupa/airflow_project/env/lib/python3.11/site-packages/airflow/example_dags/example_short_circuit_decorator.py
[2025-12-12T07:25:32.597-0500] {processor.py:830} INFO - Processing file /Users/evankrupa/airflow_project/env/lib/python3.11/site-packages/airflow/example_dags/example_short_circuit_decorator.py for tasks to queue
[2025-12-12T07:25:32.598-0500] {logging_mixin.py:188} INFO - [2025-12-12T07:25:32.598-0500] {dagbag.py:545} INFO - Filling up the DagBag from /Users/evankrupa/airflow_project/env/lib/python3.11/site-packages/airflow/example_dags/example_short_circuit_decorator.py
[2025-12-12T07:25:32.611-0500] {processor.py:840} INFO - DAG(s) 'example_short_circuit_decorator' retrieved from /Users/evankrupa/airflow_project/env/lib/python3.11/site-packages/airflow/example_dags/example_short_circuit_decorator.py
[2025-12-12T07:25:32.661-0500] {logging_mixin.py:188} INFO - [2025-12-12T07:25:32.661-0500] {override.py:1829} INFO - Created Permission View: can read on DAG:example_short_circuit_decorator
[2025-12-12T07:25:32.664-0500] {logging_mixin.py:188} INFO - [2025-12-12T07:25:32.663-0500] {override.py:1829} INFO - Created Permission View: can delete on DAG:example_short_circuit_decorator
[2025-12-12T07:25:32.665-0500] {logging_mixin.py:188} INFO - [2025-12-12T07:25:32.665-0500] {override.py:1829} INFO - Created Permission View: can edit on DAG:example_short_circuit_decorator
[2025-12-12T07:25:32.665-0500] {logging_mixin.py:188} INFO - [2025-12-12T07:25:32.665-0500] {dag.py:3096} INFO - Sync 1 DAGs
[2025-12-12T07:25:32.687-0500] {logging_mixin.py:188} INFO - [2025-12-12T07:25:32.687-0500] {dag.py:3118} INFO - Creating ORM DAG for example_short_circuit_decorator
[2025-12-12T07:25:32.689-0500] {logging_mixin.py:188} INFO - [2025-12-12T07:25:32.689-0500] {dag.py:3954} INFO - Setting next_dagrun for example_short_circuit_decorator to 2025-12-11 00:00:00+00:00, run_after=2025-12-12 00:00:00+00:00
[2025-12-12T07:25:32.694-0500] {processor.py:183} INFO - Processing /Users/evankrupa/airflow_project/env/lib/python3.11/site-packages/airflow/example_dags/example_short_circuit_decorator.py took 0.098 seconds
[2025-12-12T07:26:45.587-0500] {processor.py:161} INFO - Started process (PID=56922) to work on /Users/evankrupa/airflow_project/env/lib/python3.11/site-packages/airflow/example_dags/example_short_circuit_decorator.py
[2025-12-12T07:26:45.587-0500] {processor.py:830} INFO - Processing file /Users/evankrupa/airflow_project/env/lib/python3.11/site-packages/airflow/example_dags/example_short_circuit_decorator.py for tasks to queue
[2025-12-12T07:26:45.588-0500] {logging_mixin.py:188} INFO - [2025-12-12T07:26:45.587-0500] {dagbag.py:545} INFO - Filling up the DagBag from /Users/evankrupa/airflow_project/env/lib/python3.11/site-packages/airflow/example_dags/example_short_circuit_decorator.py
[2025-12-12T07:26:45.601-0500] {processor.py:840} INFO - DAG(s) 'example_short_circuit_decorator' retrieved from /Users/evankrupa/airflow_project/env/lib/python3.11/site-packages/airflow/example_dags/example_short_circuit_decorator.py
[2025-12-12T07:26:45.629-0500] {logging_mixin.py:188} INFO - [2025-12-12T07:26:45.629-0500] {dag.py:3096} INFO - Sync 1 DAGs
[2025-12-12T07:26:45.633-0500] {logging_mixin.py:188} INFO - [2025-12-12T07:26:45.633-0500] {dag.py:3954} INFO - Setting next_dagrun for example_short_circuit_decorator to 2025-12-11 00:00:00+00:00, run_after=2025-12-12 00:00:00+00:00
[2025-12-12T07:26:45.639-0500] {processor.py:183} INFO - Processing /Users/evankrupa/airflow_project/env/lib/python3.11/site-packages/airflow/example_dags/example_short_circuit_decorator.py took 0.053 seconds
[2025-12-12T07:28:10.750-0500] {processor.py:161} INFO - Started process (PID=57724) to work on /Users/evankrupa/airflow_project/env/lib/python3.11/site-packages/airflow/example_dags/example_short_circuit_decorator.py
[2025-12-12T07:28:10.751-0500] {processor.py:830} INFO - Processing file /Users/evankrupa/airflow_project/env/lib/python3.11/site-packages/airflow/example_dags/example_short_circuit_decorator.py for tasks to queue
[2025-12-12T07:28:10.751-0500] {logging_mixin.py:188} INFO - [2025-12-12T07:28:10.751-0500] {dagbag.py:545} INFO - Filling up the DagBag from /Users/evankrupa/airflow_project/env/lib/python3.11/site-packages/airflow/example_dags/example_short_circuit_decorator.py
[2025-12-12T07:28:10.764-0500] {processor.py:840} INFO - DAG(s) 'example_short_circuit_decorator' retrieved from /Users/evankrupa/airflow_project/env/lib/python3.11/site-packages/airflow/example_dags/example_short_circuit_decorator.py
[2025-12-12T07:28:10.791-0500] {logging_mixin.py:188} INFO - [2025-12-12T07:28:10.791-0500] {dag.py:3096} INFO - Sync 1 DAGs
[2025-12-12T07:28:10.796-0500] {logging_mixin.py:188} INFO - [2025-12-12T07:28:10.796-0500] {dag.py:3954} INFO - Setting next_dagrun for example_short_circuit_decorator to 2025-12-11 00:00:00+00:00, run_after=2025-12-12 00:00:00+00:00
[2025-12-12T07:28:10.801-0500] {processor.py:183} INFO - Processing /Users/evankrupa/airflow_project/env/lib/python3.11/site-packages/airflow/example_dags/example_short_circuit_decorator.py took 0.052 seconds
[2025-12-12T07:29:35.846-0500] {processor.py:161} INFO - Started process (PID=57936) to work on /Users/evankrupa/airflow_project/env/lib/python3.11/site-packages/airflow/example_dags/example_short_circuit_decorator.py
[2025-12-12T07:29:35.847-0500] {processor.py:830} INFO - Processing file /Users/evankrupa/airflow_project/env/lib/python3.11/site-packages/airflow/example_dags/example_short_circuit_decorator.py for tasks to queue
[2025-12-12T07:29:35.847-0500] {logging_mixin.py:188} INFO - [2025-12-12T07:29:35.847-0500] {dagbag.py:545} INFO - Filling up the DagBag from /Users/evankrupa/airflow_project/env/lib/python3.11/site-packages/airflow/example_dags/example_short_circuit_decorator.py
[2025-12-12T07:29:35.860-0500] {processor.py:840} INFO - DAG(s) 'example_short_circuit_decorator' retrieved from /Users/evankrupa/airflow_project/env/lib/python3.11/site-packages/airflow/example_dags/example_short_circuit_decorator.py
[2025-12-12T07:29:35.889-0500] {logging_mixin.py:188} INFO - [2025-12-12T07:29:35.889-0500] {dag.py:3096} INFO - Sync 1 DAGs
[2025-12-12T07:29:35.893-0500] {logging_mixin.py:188} INFO - [2025-12-12T07:29:35.893-0500] {dag.py:3954} INFO - Setting next_dagrun for example_short_circuit_decorator to 2025-12-11 00:00:00+00:00, run_after=2025-12-12 00:00:00+00:00
[2025-12-12T07:29:35.898-0500] {processor.py:183} INFO - Processing /Users/evankrupa/airflow_project/env/lib/python3.11/site-packages/airflow/example_dags/example_short_circuit_decorator.py took 0.053 seconds
[2025-12-12T07:31:00.960-0500] {processor.py:161} INFO - Started process (PID=58062) to work on /Users/evankrupa/airflow_project/env/lib/python3.11/site-packages/airflow/example_dags/example_short_circuit_decorator.py
[2025-12-12T07:31:00.960-0500] {processor.py:830} INFO - Processing file /Users/evankrupa/airflow_project/env/lib/python3.11/site-packages/airflow/example_dags/example_short_circuit_decorator.py for tasks to queue
[2025-12-12T07:31:00.961-0500] {logging_mixin.py:188} INFO - [2025-12-12T07:31:00.961-0500] {dagbag.py:545} INFO - Filling up the DagBag from /Users/evankrupa/airflow_project/env/lib/python3.11/site-packages/airflow/example_dags/example_short_circuit_decorator.py
[2025-12-12T07:31:00.974-0500] {processor.py:840} INFO - DAG(s) 'example_short_circuit_decorator' retrieved from /Users/evankrupa/airflow_project/env/lib/python3.11/site-packages/airflow/example_dags/example_short_circuit_decorator.py
[2025-12-12T07:31:01.003-0500] {logging_mixin.py:188} INFO - [2025-12-12T07:31:01.003-0500] {dag.py:3096} INFO - Sync 1 DAGs
[2025-12-12T07:31:01.007-0500] {logging_mixin.py:188} INFO - [2025-12-12T07:31:01.007-0500] {dag.py:3954} INFO - Setting next_dagrun for example_short_circuit_decorator to 2025-12-11 00:00:00+00:00, run_after=2025-12-12 00:00:00+00:00
[2025-12-12T07:31:01.013-0500] {processor.py:183} INFO - Processing /Users/evankrupa/airflow_project/env/lib/python3.11/site-packages/airflow/example_dags/example_short_circuit_decorator.py took 0.054 seconds
[2025-12-12T07:32:28.118-0500] {processor.py:161} INFO - Started process (PID=58397) to work on /Users/evankrupa/airflow_project/env/lib/python3.11/site-packages/airflow/example_dags/example_short_circuit_decorator.py
[2025-12-12T07:32:28.118-0500] {processor.py:830} INFO - Processing file /Users/evankrupa/airflow_project/env/lib/python3.11/site-packages/airflow/example_dags/example_short_circuit_decorator.py for tasks to queue
[2025-12-12T07:32:28.118-0500] {logging_mixin.py:188} INFO - [2025-12-12T07:32:28.118-0500] {dagbag.py:545} INFO - Filling up the DagBag from /Users/evankrupa/airflow_project/env/lib/python3.11/site-packages/airflow/example_dags/example_short_circuit_decorator.py
[2025-12-12T07:32:28.133-0500] {processor.py:840} INFO - DAG(s) 'example_short_circuit_decorator' retrieved from /Users/evankrupa/airflow_project/env/lib/python3.11/site-packages/airflow/example_dags/example_short_circuit_decorator.py
[2025-12-12T07:32:28.161-0500] {logging_mixin.py:188} INFO - [2025-12-12T07:32:28.161-0500] {dag.py:3096} INFO - Sync 1 DAGs
[2025-12-12T07:32:28.166-0500] {logging_mixin.py:188} INFO - [2025-12-12T07:32:28.166-0500] {dag.py:3954} INFO - Setting next_dagrun for example_short_circuit_decorator to 2025-12-11 00:00:00+00:00, run_after=2025-12-12 00:00:00+00:00
[2025-12-12T07:32:28.172-0500] {processor.py:183} INFO - Processing /Users/evankrupa/airflow_project/env/lib/python3.11/site-packages/airflow/example_dags/example_short_circuit_decorator.py took 0.055 seconds
[2025-12-12T07:33:54.553-0500] {processor.py:161} INFO - Started process (PID=58481) to work on /Users/evankrupa/airflow_project/env/lib/python3.11/site-packages/airflow/example_dags/example_short_circuit_decorator.py
[2025-12-12T07:33:54.554-0500] {processor.py:830} INFO - Processing file /Users/evankrupa/airflow_project/env/lib/python3.11/site-packages/airflow/example_dags/example_short_circuit_decorator.py for tasks to queue
[2025-12-12T07:33:54.554-0500] {logging_mixin.py:188} INFO - [2025-12-12T07:33:54.554-0500] {dagbag.py:545} INFO - Filling up the DagBag from /Users/evankrupa/airflow_project/env/lib/python3.11/site-packages/airflow/example_dags/example_short_circuit_decorator.py
[2025-12-12T07:33:54.566-0500] {processor.py:840} INFO - DAG(s) 'example_short_circuit_decorator' retrieved from /Users/evankrupa/airflow_project/env/lib/python3.11/site-packages/airflow/example_dags/example_short_circuit_decorator.py
[2025-12-12T07:33:54.594-0500] {logging_mixin.py:188} INFO - [2025-12-12T07:33:54.594-0500] {dag.py:3096} INFO - Sync 1 DAGs
[2025-12-12T07:33:54.598-0500] {logging_mixin.py:188} INFO - [2025-12-12T07:33:54.598-0500] {dag.py:3954} INFO - Setting next_dagrun for example_short_circuit_decorator to 2025-12-11 00:00:00+00:00, run_after=2025-12-12 00:00:00+00:00
[2025-12-12T07:33:54.604-0500] {processor.py:183} INFO - Processing /Users/evankrupa/airflow_project/env/lib/python3.11/site-packages/airflow/example_dags/example_short_circuit_decorator.py took 0.052 seconds
[2025-12-12T07:35:18.300-0500] {processor.py:161} INFO - Started process (PID=58556) to work on /Users/evankrupa/airflow_project/env/lib/python3.11/site-packages/airflow/example_dags/example_short_circuit_decorator.py
[2025-12-12T07:35:18.301-0500] {processor.py:830} INFO - Processing file /Users/evankrupa/airflow_project/env/lib/python3.11/site-packages/airflow/example_dags/example_short_circuit_decorator.py for tasks to queue
[2025-12-12T07:35:18.301-0500] {logging_mixin.py:188} INFO - [2025-12-12T07:35:18.301-0500] {dagbag.py:545} INFO - Filling up the DagBag from /Users/evankrupa/airflow_project/env/lib/python3.11/site-packages/airflow/example_dags/example_short_circuit_decorator.py
[2025-12-12T07:35:18.314-0500] {processor.py:840} INFO - DAG(s) 'example_short_circuit_decorator' retrieved from /Users/evankrupa/airflow_project/env/lib/python3.11/site-packages/airflow/example_dags/example_short_circuit_decorator.py
[2025-12-12T07:35:18.342-0500] {logging_mixin.py:188} INFO - [2025-12-12T07:35:18.342-0500] {dag.py:3096} INFO - Sync 1 DAGs
[2025-12-12T07:35:18.347-0500] {logging_mixin.py:188} INFO - [2025-12-12T07:35:18.347-0500] {dag.py:3954} INFO - Setting next_dagrun for example_short_circuit_decorator to 2025-12-11 00:00:00+00:00, run_after=2025-12-12 00:00:00+00:00
[2025-12-12T07:35:18.352-0500] {processor.py:183} INFO - Processing /Users/evankrupa/airflow_project/env/lib/python3.11/site-packages/airflow/example_dags/example_short_circuit_decorator.py took 0.053 seconds
[2025-12-12T07:36:42.015-0500] {processor.py:161} INFO - Started process (PID=58626) to work on /Users/evankrupa/airflow_project/env/lib/python3.11/site-packages/airflow/example_dags/example_short_circuit_decorator.py
[2025-12-12T07:36:42.016-0500] {processor.py:830} INFO - Processing file /Users/evankrupa/airflow_project/env/lib/python3.11/site-packages/airflow/example_dags/example_short_circuit_decorator.py for tasks to queue
[2025-12-12T07:36:42.016-0500] {logging_mixin.py:188} INFO - [2025-12-12T07:36:42.016-0500] {dagbag.py:545} INFO - Filling up the DagBag from /Users/evankrupa/airflow_project/env/lib/python3.11/site-packages/airflow/example_dags/example_short_circuit_decorator.py
[2025-12-12T07:36:42.030-0500] {processor.py:840} INFO - DAG(s) 'example_short_circuit_decorator' retrieved from /Users/evankrupa/airflow_project/env/lib/python3.11/site-packages/airflow/example_dags/example_short_circuit_decorator.py
[2025-12-12T07:36:42.060-0500] {logging_mixin.py:188} INFO - [2025-12-12T07:36:42.060-0500] {dag.py:3096} INFO - Sync 1 DAGs
[2025-12-12T07:36:42.065-0500] {logging_mixin.py:188} INFO - [2025-12-12T07:36:42.065-0500] {dag.py:3954} INFO - Setting next_dagrun for example_short_circuit_decorator to 2025-12-11 00:00:00+00:00, run_after=2025-12-12 00:00:00+00:00
[2025-12-12T07:36:42.070-0500] {processor.py:183} INFO - Processing /Users/evankrupa/airflow_project/env/lib/python3.11/site-packages/airflow/example_dags/example_short_circuit_decorator.py took 0.056 seconds
[2025-12-12T07:38:07.873-0500] {processor.py:161} INFO - Started process (PID=58699) to work on /Users/evankrupa/airflow_project/env/lib/python3.11/site-packages/airflow/example_dags/example_short_circuit_decorator.py
[2025-12-12T07:38:07.874-0500] {processor.py:830} INFO - Processing file /Users/evankrupa/airflow_project/env/lib/python3.11/site-packages/airflow/example_dags/example_short_circuit_decorator.py for tasks to queue
[2025-12-12T07:38:07.874-0500] {logging_mixin.py:188} INFO - [2025-12-12T07:38:07.874-0500] {dagbag.py:545} INFO - Filling up the DagBag from /Users/evankrupa/airflow_project/env/lib/python3.11/site-packages/airflow/example_dags/example_short_circuit_decorator.py
[2025-12-12T07:38:07.887-0500] {processor.py:840} INFO - DAG(s) 'example_short_circuit_decorator' retrieved from /Users/evankrupa/airflow_project/env/lib/python3.11/site-packages/airflow/example_dags/example_short_circuit_decorator.py
[2025-12-12T07:38:07.914-0500] {logging_mixin.py:188} INFO - [2025-12-12T07:38:07.914-0500] {dag.py:3096} INFO - Sync 1 DAGs
[2025-12-12T07:38:07.919-0500] {logging_mixin.py:188} INFO - [2025-12-12T07:38:07.919-0500] {dag.py:3954} INFO - Setting next_dagrun for example_short_circuit_decorator to 2025-12-11 00:00:00+00:00, run_after=2025-12-12 00:00:00+00:00
[2025-12-12T07:38:07.924-0500] {processor.py:183} INFO - Processing /Users/evankrupa/airflow_project/env/lib/python3.11/site-packages/airflow/example_dags/example_short_circuit_decorator.py took 0.052 seconds
[2025-12-12T07:39:32.056-0500] {processor.py:161} INFO - Started process (PID=58816) to work on /Users/evankrupa/airflow_project/env/lib/python3.11/site-packages/airflow/example_dags/example_short_circuit_decorator.py
[2025-12-12T07:39:32.056-0500] {processor.py:830} INFO - Processing file /Users/evankrupa/airflow_project/env/lib/python3.11/site-packages/airflow/example_dags/example_short_circuit_decorator.py for tasks to queue
[2025-12-12T07:39:32.057-0500] {logging_mixin.py:188} INFO - [2025-12-12T07:39:32.057-0500] {dagbag.py:545} INFO - Filling up the DagBag from /Users/evankrupa/airflow_project/env/lib/python3.11/site-packages/airflow/example_dags/example_short_circuit_decorator.py
[2025-12-12T07:39:32.070-0500] {processor.py:840} INFO - DAG(s) 'example_short_circuit_decorator' retrieved from /Users/evankrupa/airflow_project/env/lib/python3.11/site-packages/airflow/example_dags/example_short_circuit_decorator.py
[2025-12-12T07:39:32.101-0500] {logging_mixin.py:188} INFO - [2025-12-12T07:39:32.101-0500] {dag.py:3096} INFO - Sync 1 DAGs
[2025-12-12T07:39:32.106-0500] {logging_mixin.py:188} INFO - [2025-12-12T07:39:32.106-0500] {dag.py:3954} INFO - Setting next_dagrun for example_short_circuit_decorator to 2025-12-11 00:00:00+00:00, run_after=2025-12-12 00:00:00+00:00
[2025-12-12T07:39:32.112-0500] {processor.py:183} INFO - Processing /Users/evankrupa/airflow_project/env/lib/python3.11/site-packages/airflow/example_dags/example_short_circuit_decorator.py took 0.057 seconds
[2025-12-12T07:40:57.229-0500] {processor.py:161} INFO - Started process (PID=58925) to work on /Users/evankrupa/airflow_project/env/lib/python3.11/site-packages/airflow/example_dags/example_short_circuit_decorator.py
[2025-12-12T07:40:57.230-0500] {processor.py:830} INFO - Processing file /Users/evankrupa/airflow_project/env/lib/python3.11/site-packages/airflow/example_dags/example_short_circuit_decorator.py for tasks to queue
[2025-12-12T07:40:57.230-0500] {logging_mixin.py:188} INFO - [2025-12-12T07:40:57.230-0500] {dagbag.py:545} INFO - Filling up the DagBag from /Users/evankrupa/airflow_project/env/lib/python3.11/site-packages/airflow/example_dags/example_short_circuit_decorator.py
[2025-12-12T07:40:57.243-0500] {processor.py:840} INFO - DAG(s) 'example_short_circuit_decorator' retrieved from /Users/evankrupa/airflow_project/env/lib/python3.11/site-packages/airflow/example_dags/example_short_circuit_decorator.py
[2025-12-12T07:40:57.270-0500] {logging_mixin.py:188} INFO - [2025-12-12T07:40:57.270-0500] {dag.py:3096} INFO - Sync 1 DAGs
[2025-12-12T07:40:57.275-0500] {logging_mixin.py:188} INFO - [2025-12-12T07:40:57.275-0500] {dag.py:3954} INFO - Setting next_dagrun for example_short_circuit_decorator to 2025-12-11 00:00:00+00:00, run_after=2025-12-12 00:00:00+00:00
[2025-12-12T07:40:57.280-0500] {processor.py:183} INFO - Processing /Users/evankrupa/airflow_project/env/lib/python3.11/site-packages/airflow/example_dags/example_short_circuit_decorator.py took 0.052 seconds
[2025-12-12T07:42:23.023-0500] {processor.py:161} INFO - Started process (PID=59014) to work on /Users/evankrupa/airflow_project/env/lib/python3.11/site-packages/airflow/example_dags/example_short_circuit_decorator.py
[2025-12-12T07:42:23.024-0500] {processor.py:830} INFO - Processing file /Users/evankrupa/airflow_project/env/lib/python3.11/site-packages/airflow/example_dags/example_short_circuit_decorator.py for tasks to queue
[2025-12-12T07:42:23.024-0500] {logging_mixin.py:188} INFO - [2025-12-12T07:42:23.024-0500] {dagbag.py:545} INFO - Filling up the DagBag from /Users/evankrupa/airflow_project/env/lib/python3.11/site-packages/airflow/example_dags/example_short_circuit_decorator.py
[2025-12-12T07:42:23.039-0500] {processor.py:840} INFO - DAG(s) 'example_short_circuit_decorator' retrieved from /Users/evankrupa/airflow_project/env/lib/python3.11/site-packages/airflow/example_dags/example_short_circuit_decorator.py
[2025-12-12T07:42:23.073-0500] {logging_mixin.py:188} INFO - [2025-12-12T07:42:23.073-0500] {dag.py:3096} INFO - Sync 1 DAGs
[2025-12-12T07:42:23.079-0500] {logging_mixin.py:188} INFO - [2025-12-12T07:42:23.079-0500] {dag.py:3954} INFO - Setting next_dagrun for example_short_circuit_decorator to 2025-12-11 00:00:00+00:00, run_after=2025-12-12 00:00:00+00:00
[2025-12-12T07:42:23.085-0500] {processor.py:183} INFO - Processing /Users/evankrupa/airflow_project/env/lib/python3.11/site-packages/airflow/example_dags/example_short_circuit_decorator.py took 0.063 seconds
[2025-12-12T07:43:45.954-0500] {processor.py:161} INFO - Started process (PID=59164) to work on /Users/evankrupa/airflow_project/env/lib/python3.11/site-packages/airflow/example_dags/example_short_circuit_decorator.py
[2025-12-12T07:43:45.955-0500] {processor.py:830} INFO - Processing file /Users/evankrupa/airflow_project/env/lib/python3.11/site-packages/airflow/example_dags/example_short_circuit_decorator.py for tasks to queue
[2025-12-12T07:43:45.955-0500] {logging_mixin.py:188} INFO - [2025-12-12T07:43:45.955-0500] {dagbag.py:545} INFO - Filling up the DagBag from /Users/evankrupa/airflow_project/env/lib/python3.11/site-packages/airflow/example_dags/example_short_circuit_decorator.py
[2025-12-12T07:43:45.968-0500] {processor.py:840} INFO - DAG(s) 'example_short_circuit_decorator' retrieved from /Users/evankrupa/airflow_project/env/lib/python3.11/site-packages/airflow/example_dags/example_short_circuit_decorator.py
[2025-12-12T07:43:45.995-0500] {logging_mixin.py:188} INFO - [2025-12-12T07:43:45.995-0500] {dag.py:3096} INFO - Sync 1 DAGs
[2025-12-12T07:43:46.000-0500] {logging_mixin.py:188} INFO - [2025-12-12T07:43:46.000-0500] {dag.py:3954} INFO - Setting next_dagrun for example_short_circuit_decorator to 2025-12-11 00:00:00+00:00, run_after=2025-12-12 00:00:00+00:00
[2025-12-12T07:43:46.005-0500] {processor.py:183} INFO - Processing /Users/evankrupa/airflow_project/env/lib/python3.11/site-packages/airflow/example_dags/example_short_circuit_decorator.py took 0.052 seconds
[2025-12-12T07:45:11.044-0500] {processor.py:161} INFO - Started process (PID=59250) to work on /Users/evankrupa/airflow_project/env/lib/python3.11/site-packages/airflow/example_dags/example_short_circuit_decorator.py
[2025-12-12T07:45:11.045-0500] {processor.py:830} INFO - Processing file /Users/evankrupa/airflow_project/env/lib/python3.11/site-packages/airflow/example_dags/example_short_circuit_decorator.py for tasks to queue
[2025-12-12T07:45:11.046-0500] {logging_mixin.py:188} INFO - [2025-12-12T07:45:11.046-0500] {dagbag.py:545} INFO - Filling up the DagBag from /Users/evankrupa/airflow_project/env/lib/python3.11/site-packages/airflow/example_dags/example_short_circuit_decorator.py
[2025-12-12T07:45:11.060-0500] {processor.py:840} INFO - DAG(s) 'example_short_circuit_decorator' retrieved from /Users/evankrupa/airflow_project/env/lib/python3.11/site-packages/airflow/example_dags/example_short_circuit_decorator.py
[2025-12-12T07:45:11.089-0500] {logging_mixin.py:188} INFO - [2025-12-12T07:45:11.089-0500] {dag.py:3096} INFO - Sync 1 DAGs
[2025-12-12T07:45:11.094-0500] {logging_mixin.py:188} INFO - [2025-12-12T07:45:11.094-0500] {dag.py:3954} INFO - Setting next_dagrun for example_short_circuit_decorator to 2025-12-11 00:00:00+00:00, run_after=2025-12-12 00:00:00+00:00
[2025-12-12T07:45:11.099-0500] {processor.py:183} INFO - Processing /Users/evankrupa/airflow_project/env/lib/python3.11/site-packages/airflow/example_dags/example_short_circuit_decorator.py took 0.056 seconds
[2025-12-12T07:46:37.287-0500] {processor.py:161} INFO - Started process (PID=59326) to work on /Users/evankrupa/airflow_project/env/lib/python3.11/site-packages/airflow/example_dags/example_short_circuit_decorator.py
[2025-12-12T07:46:37.288-0500] {processor.py:830} INFO - Processing file /Users/evankrupa/airflow_project/env/lib/python3.11/site-packages/airflow/example_dags/example_short_circuit_decorator.py for tasks to queue
[2025-12-12T07:46:37.288-0500] {logging_mixin.py:188} INFO - [2025-12-12T07:46:37.288-0500] {dagbag.py:545} INFO - Filling up the DagBag from /Users/evankrupa/airflow_project/env/lib/python3.11/site-packages/airflow/example_dags/example_short_circuit_decorator.py
[2025-12-12T07:46:37.301-0500] {processor.py:840} INFO - DAG(s) 'example_short_circuit_decorator' retrieved from /Users/evankrupa/airflow_project/env/lib/python3.11/site-packages/airflow/example_dags/example_short_circuit_decorator.py
[2025-12-12T07:46:37.328-0500] {logging_mixin.py:188} INFO - [2025-12-12T07:46:37.328-0500] {dag.py:3096} INFO - Sync 1 DAGs
[2025-12-12T07:46:37.333-0500] {logging_mixin.py:188} INFO - [2025-12-12T07:46:37.333-0500] {dag.py:3954} INFO - Setting next_dagrun for example_short_circuit_decorator to 2025-12-11 00:00:00+00:00, run_after=2025-12-12 00:00:00+00:00
[2025-12-12T07:46:37.338-0500] {processor.py:183} INFO - Processing /Users/evankrupa/airflow_project/env/lib/python3.11/site-packages/airflow/example_dags/example_short_circuit_decorator.py took 0.052 seconds
[2025-12-12T07:47:59.869-0500] {processor.py:161} INFO - Started process (PID=59423) to work on /Users/evankrupa/airflow_project/env/lib/python3.11/site-packages/airflow/example_dags/example_short_circuit_decorator.py
[2025-12-12T07:47:59.869-0500] {processor.py:830} INFO - Processing file /Users/evankrupa/airflow_project/env/lib/python3.11/site-packages/airflow/example_dags/example_short_circuit_decorator.py for tasks to queue
[2025-12-12T07:47:59.869-0500] {logging_mixin.py:188} INFO - [2025-12-12T07:47:59.869-0500] {dagbag.py:545} INFO - Filling up the DagBag from /Users/evankrupa/airflow_project/env/lib/python3.11/site-packages/airflow/example_dags/example_short_circuit_decorator.py
[2025-12-12T07:47:59.882-0500] {processor.py:840} INFO - DAG(s) 'example_short_circuit_decorator' retrieved from /Users/evankrupa/airflow_project/env/lib/python3.11/site-packages/airflow/example_dags/example_short_circuit_decorator.py
[2025-12-12T07:47:59.912-0500] {logging_mixin.py:188} INFO - [2025-12-12T07:47:59.912-0500] {dag.py:3096} INFO - Sync 1 DAGs
[2025-12-12T07:47:59.917-0500] {logging_mixin.py:188} INFO - [2025-12-12T07:47:59.917-0500] {dag.py:3954} INFO - Setting next_dagrun for example_short_circuit_decorator to 2025-12-11 00:00:00+00:00, run_after=2025-12-12 00:00:00+00:00
[2025-12-12T07:47:59.923-0500] {processor.py:183} INFO - Processing /Users/evankrupa/airflow_project/env/lib/python3.11/site-packages/airflow/example_dags/example_short_circuit_decorator.py took 0.055 seconds
[2025-12-12T07:49:28.003-0500] {processor.py:161} INFO - Started process (PID=59513) to work on /Users/evankrupa/airflow_project/env/lib/python3.11/site-packages/airflow/example_dags/example_short_circuit_decorator.py
[2025-12-12T07:49:28.004-0500] {processor.py:830} INFO - Processing file /Users/evankrupa/airflow_project/env/lib/python3.11/site-packages/airflow/example_dags/example_short_circuit_decorator.py for tasks to queue
[2025-12-12T07:49:28.004-0500] {logging_mixin.py:188} INFO - [2025-12-12T07:49:28.004-0500] {dagbag.py:545} INFO - Filling up the DagBag from /Users/evankrupa/airflow_project/env/lib/python3.11/site-packages/airflow/example_dags/example_short_circuit_decorator.py
[2025-12-12T07:49:28.017-0500] {processor.py:840} INFO - DAG(s) 'example_short_circuit_decorator' retrieved from /Users/evankrupa/airflow_project/env/lib/python3.11/site-packages/airflow/example_dags/example_short_circuit_decorator.py
[2025-12-12T07:49:28.046-0500] {logging_mixin.py:188} INFO - [2025-12-12T07:49:28.046-0500] {dag.py:3096} INFO - Sync 1 DAGs
[2025-12-12T07:49:28.051-0500] {logging_mixin.py:188} INFO - [2025-12-12T07:49:28.050-0500] {dag.py:3954} INFO - Setting next_dagrun for example_short_circuit_decorator to 2025-12-11 00:00:00+00:00, run_after=2025-12-12 00:00:00+00:00
[2025-12-12T07:49:28.056-0500] {processor.py:183} INFO - Processing /Users/evankrupa/airflow_project/env/lib/python3.11/site-packages/airflow/example_dags/example_short_circuit_decorator.py took 0.054 seconds
[2025-12-12T07:50:53.654-0500] {processor.py:161} INFO - Started process (PID=59590) to work on /Users/evankrupa/airflow_project/env/lib/python3.11/site-packages/airflow/example_dags/example_short_circuit_decorator.py
[2025-12-12T07:50:53.654-0500] {processor.py:830} INFO - Processing file /Users/evankrupa/airflow_project/env/lib/python3.11/site-packages/airflow/example_dags/example_short_circuit_decorator.py for tasks to queue
[2025-12-12T07:50:53.655-0500] {logging_mixin.py:188} INFO - [2025-12-12T07:50:53.655-0500] {dagbag.py:545} INFO - Filling up the DagBag from /Users/evankrupa/airflow_project/env/lib/python3.11/site-packages/airflow/example_dags/example_short_circuit_decorator.py
[2025-12-12T07:50:53.668-0500] {processor.py:840} INFO - DAG(s) 'example_short_circuit_decorator' retrieved from /Users/evankrupa/airflow_project/env/lib/python3.11/site-packages/airflow/example_dags/example_short_circuit_decorator.py
[2025-12-12T07:50:53.696-0500] {logging_mixin.py:188} INFO - [2025-12-12T07:50:53.696-0500] {dag.py:3096} INFO - Sync 1 DAGs
[2025-12-12T07:50:53.700-0500] {logging_mixin.py:188} INFO - [2025-12-12T07:50:53.700-0500] {dag.py:3954} INFO - Setting next_dagrun for example_short_circuit_decorator to 2025-12-11 00:00:00+00:00, run_after=2025-12-12 00:00:00+00:00
[2025-12-12T07:50:53.705-0500] {processor.py:183} INFO - Processing /Users/evankrupa/airflow_project/env/lib/python3.11/site-packages/airflow/example_dags/example_short_circuit_decorator.py took 0.052 seconds
[2025-12-12T07:52:19.352-0500] {processor.py:161} INFO - Started process (PID=59660) to work on /Users/evankrupa/airflow_project/env/lib/python3.11/site-packages/airflow/example_dags/example_short_circuit_decorator.py
[2025-12-12T07:52:19.353-0500] {processor.py:830} INFO - Processing file /Users/evankrupa/airflow_project/env/lib/python3.11/site-packages/airflow/example_dags/example_short_circuit_decorator.py for tasks to queue
[2025-12-12T07:52:19.353-0500] {logging_mixin.py:188} INFO - [2025-12-12T07:52:19.353-0500] {dagbag.py:545} INFO - Filling up the DagBag from /Users/evankrupa/airflow_project/env/lib/python3.11/site-packages/airflow/example_dags/example_short_circuit_decorator.py
[2025-12-12T07:52:19.366-0500] {processor.py:840} INFO - DAG(s) 'example_short_circuit_decorator' retrieved from /Users/evankrupa/airflow_project/env/lib/python3.11/site-packages/airflow/example_dags/example_short_circuit_decorator.py
[2025-12-12T07:52:19.394-0500] {logging_mixin.py:188} INFO - [2025-12-12T07:52:19.394-0500] {dag.py:3096} INFO - Sync 1 DAGs
[2025-12-12T07:52:19.399-0500] {logging_mixin.py:188} INFO - [2025-12-12T07:52:19.398-0500] {dag.py:3954} INFO - Setting next_dagrun for example_short_circuit_decorator to 2025-12-11 00:00:00+00:00, run_after=2025-12-12 00:00:00+00:00
[2025-12-12T07:52:19.404-0500] {processor.py:183} INFO - Processing /Users/evankrupa/airflow_project/env/lib/python3.11/site-packages/airflow/example_dags/example_short_circuit_decorator.py took 0.053 seconds
[2025-12-12T07:53:41.857-0500] {processor.py:161} INFO - Started process (PID=59745) to work on /Users/evankrupa/airflow_project/env/lib/python3.11/site-packages/airflow/example_dags/example_short_circuit_decorator.py
[2025-12-12T07:53:41.858-0500] {processor.py:830} INFO - Processing file /Users/evankrupa/airflow_project/env/lib/python3.11/site-packages/airflow/example_dags/example_short_circuit_decorator.py for tasks to queue
[2025-12-12T07:53:41.859-0500] {logging_mixin.py:188} INFO - [2025-12-12T07:53:41.859-0500] {dagbag.py:545} INFO - Filling up the DagBag from /Users/evankrupa/airflow_project/env/lib/python3.11/site-packages/airflow/example_dags/example_short_circuit_decorator.py
[2025-12-12T07:53:41.871-0500] {processor.py:840} INFO - DAG(s) 'example_short_circuit_decorator' retrieved from /Users/evankrupa/airflow_project/env/lib/python3.11/site-packages/airflow/example_dags/example_short_circuit_decorator.py
[2025-12-12T07:53:41.898-0500] {logging_mixin.py:188} INFO - [2025-12-12T07:53:41.898-0500] {dag.py:3096} INFO - Sync 1 DAGs
[2025-12-12T07:53:41.903-0500] {logging_mixin.py:188} INFO - [2025-12-12T07:53:41.903-0500] {dag.py:3954} INFO - Setting next_dagrun for example_short_circuit_decorator to 2025-12-11 00:00:00+00:00, run_after=2025-12-12 00:00:00+00:00
[2025-12-12T07:53:41.908-0500] {processor.py:183} INFO - Processing /Users/evankrupa/airflow_project/env/lib/python3.11/site-packages/airflow/example_dags/example_short_circuit_decorator.py took 0.052 seconds
[2025-12-12T07:55:04.141-0500] {processor.py:161} INFO - Started process (PID=59821) to work on /Users/evankrupa/airflow_project/env/lib/python3.11/site-packages/airflow/example_dags/example_short_circuit_decorator.py
[2025-12-12T07:55:04.142-0500] {processor.py:830} INFO - Processing file /Users/evankrupa/airflow_project/env/lib/python3.11/site-packages/airflow/example_dags/example_short_circuit_decorator.py for tasks to queue
[2025-12-12T07:55:04.142-0500] {logging_mixin.py:188} INFO - [2025-12-12T07:55:04.142-0500] {dagbag.py:545} INFO - Filling up the DagBag from /Users/evankrupa/airflow_project/env/lib/python3.11/site-packages/airflow/example_dags/example_short_circuit_decorator.py
[2025-12-12T07:55:04.167-0500] {processor.py:840} INFO - DAG(s) 'example_short_circuit_decorator' retrieved from /Users/evankrupa/airflow_project/env/lib/python3.11/site-packages/airflow/example_dags/example_short_circuit_decorator.py
[2025-12-12T07:55:04.242-0500] {logging_mixin.py:188} INFO - [2025-12-12T07:55:04.242-0500] {dag.py:3096} INFO - Sync 1 DAGs
[2025-12-12T07:55:04.253-0500] {logging_mixin.py:188} INFO - [2025-12-12T07:55:04.252-0500] {dag.py:3954} INFO - Setting next_dagrun for example_short_circuit_decorator to 2025-12-11 00:00:00+00:00, run_after=2025-12-12 00:00:00+00:00
[2025-12-12T07:55:04.259-0500] {processor.py:183} INFO - Processing /Users/evankrupa/airflow_project/env/lib/python3.11/site-packages/airflow/example_dags/example_short_circuit_decorator.py took 0.120 seconds
[2025-12-12T07:56:29.521-0500] {processor.py:161} INFO - Started process (PID=59899) to work on /Users/evankrupa/airflow_project/env/lib/python3.11/site-packages/airflow/example_dags/example_short_circuit_decorator.py
[2025-12-12T07:56:29.521-0500] {processor.py:830} INFO - Processing file /Users/evankrupa/airflow_project/env/lib/python3.11/site-packages/airflow/example_dags/example_short_circuit_decorator.py for tasks to queue
[2025-12-12T07:56:29.521-0500] {logging_mixin.py:188} INFO - [2025-12-12T07:56:29.521-0500] {dagbag.py:545} INFO - Filling up the DagBag from /Users/evankrupa/airflow_project/env/lib/python3.11/site-packages/airflow/example_dags/example_short_circuit_decorator.py
[2025-12-12T07:56:29.534-0500] {processor.py:840} INFO - DAG(s) 'example_short_circuit_decorator' retrieved from /Users/evankrupa/airflow_project/env/lib/python3.11/site-packages/airflow/example_dags/example_short_circuit_decorator.py
[2025-12-12T07:56:29.562-0500] {logging_mixin.py:188} INFO - [2025-12-12T07:56:29.562-0500] {dag.py:3096} INFO - Sync 1 DAGs
[2025-12-12T07:56:29.567-0500] {logging_mixin.py:188} INFO - [2025-12-12T07:56:29.567-0500] {dag.py:3954} INFO - Setting next_dagrun for example_short_circuit_decorator to 2025-12-11 00:00:00+00:00, run_after=2025-12-12 00:00:00+00:00
[2025-12-12T07:56:29.572-0500] {processor.py:183} INFO - Processing /Users/evankrupa/airflow_project/env/lib/python3.11/site-packages/airflow/example_dags/example_short_circuit_decorator.py took 0.052 seconds
[2025-12-12T07:57:54.702-0500] {processor.py:161} INFO - Started process (PID=60421) to work on /Users/evankrupa/airflow_project/env/lib/python3.11/site-packages/airflow/example_dags/example_short_circuit_decorator.py
[2025-12-12T07:57:54.703-0500] {processor.py:830} INFO - Processing file /Users/evankrupa/airflow_project/env/lib/python3.11/site-packages/airflow/example_dags/example_short_circuit_decorator.py for tasks to queue
[2025-12-12T07:57:54.704-0500] {logging_mixin.py:188} INFO - [2025-12-12T07:57:54.703-0500] {dagbag.py:545} INFO - Filling up the DagBag from /Users/evankrupa/airflow_project/env/lib/python3.11/site-packages/airflow/example_dags/example_short_circuit_decorator.py
[2025-12-12T07:57:54.716-0500] {processor.py:840} INFO - DAG(s) 'example_short_circuit_decorator' retrieved from /Users/evankrupa/airflow_project/env/lib/python3.11/site-packages/airflow/example_dags/example_short_circuit_decorator.py
[2025-12-12T07:57:54.745-0500] {logging_mixin.py:188} INFO - [2025-12-12T07:57:54.745-0500] {dag.py:3096} INFO - Sync 1 DAGs
[2025-12-12T07:57:54.749-0500] {logging_mixin.py:188} INFO - [2025-12-12T07:57:54.749-0500] {dag.py:3954} INFO - Setting next_dagrun for example_short_circuit_decorator to 2025-12-11 00:00:00+00:00, run_after=2025-12-12 00:00:00+00:00
[2025-12-12T07:57:54.755-0500] {processor.py:183} INFO - Processing /Users/evankrupa/airflow_project/env/lib/python3.11/site-packages/airflow/example_dags/example_short_circuit_decorator.py took 0.054 seconds
[2025-12-12T07:59:21.500-0500] {processor.py:161} INFO - Started process (PID=62659) to work on /Users/evankrupa/airflow_project/env/lib/python3.11/site-packages/airflow/example_dags/example_short_circuit_decorator.py
[2025-12-12T07:59:21.500-0500] {processor.py:830} INFO - Processing file /Users/evankrupa/airflow_project/env/lib/python3.11/site-packages/airflow/example_dags/example_short_circuit_decorator.py for tasks to queue
[2025-12-12T07:59:21.500-0500] {logging_mixin.py:188} INFO - [2025-12-12T07:59:21.500-0500] {dagbag.py:545} INFO - Filling up the DagBag from /Users/evankrupa/airflow_project/env/lib/python3.11/site-packages/airflow/example_dags/example_short_circuit_decorator.py
[2025-12-12T07:59:21.514-0500] {processor.py:840} INFO - DAG(s) 'example_short_circuit_decorator' retrieved from /Users/evankrupa/airflow_project/env/lib/python3.11/site-packages/airflow/example_dags/example_short_circuit_decorator.py
[2025-12-12T07:59:21.544-0500] {logging_mixin.py:188} INFO - [2025-12-12T07:59:21.544-0500] {dag.py:3096} INFO - Sync 1 DAGs
[2025-12-12T07:59:21.549-0500] {logging_mixin.py:188} INFO - [2025-12-12T07:59:21.548-0500] {dag.py:3954} INFO - Setting next_dagrun for example_short_circuit_decorator to 2025-12-11 00:00:00+00:00, run_after=2025-12-12 00:00:00+00:00
[2025-12-12T07:59:21.554-0500] {processor.py:183} INFO - Processing /Users/evankrupa/airflow_project/env/lib/python3.11/site-packages/airflow/example_dags/example_short_circuit_decorator.py took 0.055 seconds
[2025-12-12T08:00:43.114-0500] {processor.py:161} INFO - Started process (PID=62777) to work on /Users/evankrupa/airflow_project/env/lib/python3.11/site-packages/airflow/example_dags/example_short_circuit_decorator.py
[2025-12-12T08:00:43.116-0500] {processor.py:830} INFO - Processing file /Users/evankrupa/airflow_project/env/lib/python3.11/site-packages/airflow/example_dags/example_short_circuit_decorator.py for tasks to queue
[2025-12-12T08:00:43.116-0500] {logging_mixin.py:188} INFO - [2025-12-12T08:00:43.116-0500] {dagbag.py:545} INFO - Filling up the DagBag from /Users/evankrupa/airflow_project/env/lib/python3.11/site-packages/airflow/example_dags/example_short_circuit_decorator.py
[2025-12-12T08:00:43.129-0500] {processor.py:840} INFO - DAG(s) 'example_short_circuit_decorator' retrieved from /Users/evankrupa/airflow_project/env/lib/python3.11/site-packages/airflow/example_dags/example_short_circuit_decorator.py
[2025-12-12T08:00:43.159-0500] {logging_mixin.py:188} INFO - [2025-12-12T08:00:43.159-0500] {dag.py:3096} INFO - Sync 1 DAGs
[2025-12-12T08:00:43.164-0500] {logging_mixin.py:188} INFO - [2025-12-12T08:00:43.164-0500] {dag.py:3954} INFO - Setting next_dagrun for example_short_circuit_decorator to 2025-12-11 00:00:00+00:00, run_after=2025-12-12 00:00:00+00:00
[2025-12-12T08:00:43.169-0500] {processor.py:183} INFO - Processing /Users/evankrupa/airflow_project/env/lib/python3.11/site-packages/airflow/example_dags/example_short_circuit_decorator.py took 0.055 seconds
[2025-12-12T08:02:07.103-0500] {processor.py:161} INFO - Started process (PID=62843) to work on /Users/evankrupa/airflow_project/env/lib/python3.11/site-packages/airflow/example_dags/example_short_circuit_decorator.py
[2025-12-12T08:02:07.104-0500] {processor.py:830} INFO - Processing file /Users/evankrupa/airflow_project/env/lib/python3.11/site-packages/airflow/example_dags/example_short_circuit_decorator.py for tasks to queue
[2025-12-12T08:02:07.104-0500] {logging_mixin.py:188} INFO - [2025-12-12T08:02:07.104-0500] {dagbag.py:545} INFO - Filling up the DagBag from /Users/evankrupa/airflow_project/env/lib/python3.11/site-packages/airflow/example_dags/example_short_circuit_decorator.py
[2025-12-12T08:02:07.117-0500] {processor.py:840} INFO - DAG(s) 'example_short_circuit_decorator' retrieved from /Users/evankrupa/airflow_project/env/lib/python3.11/site-packages/airflow/example_dags/example_short_circuit_decorator.py
[2025-12-12T08:02:07.145-0500] {logging_mixin.py:188} INFO - [2025-12-12T08:02:07.145-0500] {dag.py:3096} INFO - Sync 1 DAGs
[2025-12-12T08:02:07.149-0500] {logging_mixin.py:188} INFO - [2025-12-12T08:02:07.149-0500] {dag.py:3954} INFO - Setting next_dagrun for example_short_circuit_decorator to 2025-12-11 00:00:00+00:00, run_after=2025-12-12 00:00:00+00:00
[2025-12-12T08:02:07.155-0500] {processor.py:183} INFO - Processing /Users/evankrupa/airflow_project/env/lib/python3.11/site-packages/airflow/example_dags/example_short_circuit_decorator.py took 0.052 seconds
[2025-12-12T08:03:32.408-0500] {processor.py:161} INFO - Started process (PID=62911) to work on /Users/evankrupa/airflow_project/env/lib/python3.11/site-packages/airflow/example_dags/example_short_circuit_decorator.py
[2025-12-12T08:03:32.409-0500] {processor.py:830} INFO - Processing file /Users/evankrupa/airflow_project/env/lib/python3.11/site-packages/airflow/example_dags/example_short_circuit_decorator.py for tasks to queue
[2025-12-12T08:03:32.410-0500] {logging_mixin.py:188} INFO - [2025-12-12T08:03:32.410-0500] {dagbag.py:545} INFO - Filling up the DagBag from /Users/evankrupa/airflow_project/env/lib/python3.11/site-packages/airflow/example_dags/example_short_circuit_decorator.py
[2025-12-12T08:03:32.422-0500] {processor.py:840} INFO - DAG(s) 'example_short_circuit_decorator' retrieved from /Users/evankrupa/airflow_project/env/lib/python3.11/site-packages/airflow/example_dags/example_short_circuit_decorator.py
[2025-12-12T08:03:32.449-0500] {logging_mixin.py:188} INFO - [2025-12-12T08:03:32.449-0500] {dag.py:3096} INFO - Sync 1 DAGs
[2025-12-12T08:03:32.454-0500] {logging_mixin.py:188} INFO - [2025-12-12T08:03:32.454-0500] {dag.py:3954} INFO - Setting next_dagrun for example_short_circuit_decorator to 2025-12-11 00:00:00+00:00, run_after=2025-12-12 00:00:00+00:00
[2025-12-12T08:03:32.459-0500] {processor.py:183} INFO - Processing /Users/evankrupa/airflow_project/env/lib/python3.11/site-packages/airflow/example_dags/example_short_circuit_decorator.py took 0.052 seconds
[2025-12-12T08:04:55.923-0500] {processor.py:161} INFO - Started process (PID=63062) to work on /Users/evankrupa/airflow_project/env/lib/python3.11/site-packages/airflow/example_dags/example_short_circuit_decorator.py
[2025-12-12T08:04:55.924-0500] {processor.py:830} INFO - Processing file /Users/evankrupa/airflow_project/env/lib/python3.11/site-packages/airflow/example_dags/example_short_circuit_decorator.py for tasks to queue
[2025-12-12T08:04:55.924-0500] {logging_mixin.py:188} INFO - [2025-12-12T08:04:55.924-0500] {dagbag.py:545} INFO - Filling up the DagBag from /Users/evankrupa/airflow_project/env/lib/python3.11/site-packages/airflow/example_dags/example_short_circuit_decorator.py
[2025-12-12T08:04:55.937-0500] {processor.py:840} INFO - DAG(s) 'example_short_circuit_decorator' retrieved from /Users/evankrupa/airflow_project/env/lib/python3.11/site-packages/airflow/example_dags/example_short_circuit_decorator.py
[2025-12-12T08:04:55.966-0500] {logging_mixin.py:188} INFO - [2025-12-12T08:04:55.966-0500] {dag.py:3096} INFO - Sync 1 DAGs
[2025-12-12T08:04:55.971-0500] {logging_mixin.py:188} INFO - [2025-12-12T08:04:55.971-0500] {dag.py:3954} INFO - Setting next_dagrun for example_short_circuit_decorator to 2025-12-11 00:00:00+00:00, run_after=2025-12-12 00:00:00+00:00
[2025-12-12T08:04:55.976-0500] {processor.py:183} INFO - Processing /Users/evankrupa/airflow_project/env/lib/python3.11/site-packages/airflow/example_dags/example_short_circuit_decorator.py took 0.054 seconds
[2025-12-12T08:06:20.673-0500] {processor.py:161} INFO - Started process (PID=63135) to work on /Users/evankrupa/airflow_project/env/lib/python3.11/site-packages/airflow/example_dags/example_short_circuit_decorator.py
[2025-12-12T08:06:20.673-0500] {processor.py:830} INFO - Processing file /Users/evankrupa/airflow_project/env/lib/python3.11/site-packages/airflow/example_dags/example_short_circuit_decorator.py for tasks to queue
[2025-12-12T08:06:20.674-0500] {logging_mixin.py:188} INFO - [2025-12-12T08:06:20.673-0500] {dagbag.py:545} INFO - Filling up the DagBag from /Users/evankrupa/airflow_project/env/lib/python3.11/site-packages/airflow/example_dags/example_short_circuit_decorator.py
[2025-12-12T08:06:20.686-0500] {processor.py:840} INFO - DAG(s) 'example_short_circuit_decorator' retrieved from /Users/evankrupa/airflow_project/env/lib/python3.11/site-packages/airflow/example_dags/example_short_circuit_decorator.py
[2025-12-12T08:06:20.715-0500] {logging_mixin.py:188} INFO - [2025-12-12T08:06:20.714-0500] {dag.py:3096} INFO - Sync 1 DAGs
[2025-12-12T08:06:20.719-0500] {logging_mixin.py:188} INFO - [2025-12-12T08:06:20.719-0500] {dag.py:3954} INFO - Setting next_dagrun for example_short_circuit_decorator to 2025-12-11 00:00:00+00:00, run_after=2025-12-12 00:00:00+00:00
[2025-12-12T08:06:20.724-0500] {processor.py:183} INFO - Processing /Users/evankrupa/airflow_project/env/lib/python3.11/site-packages/airflow/example_dags/example_short_circuit_decorator.py took 0.052 seconds
[2025-12-12T08:07:49.772-0500] {processor.py:161} INFO - Started process (PID=63662) to work on /Users/evankrupa/airflow_project/env/lib/python3.11/site-packages/airflow/example_dags/example_short_circuit_decorator.py
[2025-12-12T08:07:49.773-0500] {processor.py:830} INFO - Processing file /Users/evankrupa/airflow_project/env/lib/python3.11/site-packages/airflow/example_dags/example_short_circuit_decorator.py for tasks to queue
[2025-12-12T08:07:49.773-0500] {logging_mixin.py:188} INFO - [2025-12-12T08:07:49.773-0500] {dagbag.py:545} INFO - Filling up the DagBag from /Users/evankrupa/airflow_project/env/lib/python3.11/site-packages/airflow/example_dags/example_short_circuit_decorator.py
[2025-12-12T08:07:49.785-0500] {processor.py:840} INFO - DAG(s) 'example_short_circuit_decorator' retrieved from /Users/evankrupa/airflow_project/env/lib/python3.11/site-packages/airflow/example_dags/example_short_circuit_decorator.py
[2025-12-12T08:07:49.813-0500] {logging_mixin.py:188} INFO - [2025-12-12T08:07:49.813-0500] {dag.py:3096} INFO - Sync 1 DAGs
[2025-12-12T08:07:49.818-0500] {logging_mixin.py:188} INFO - [2025-12-12T08:07:49.818-0500] {dag.py:3954} INFO - Setting next_dagrun for example_short_circuit_decorator to 2025-12-11 00:00:00+00:00, run_after=2025-12-12 00:00:00+00:00
[2025-12-12T08:07:49.823-0500] {processor.py:183} INFO - Processing /Users/evankrupa/airflow_project/env/lib/python3.11/site-packages/airflow/example_dags/example_short_circuit_decorator.py took 0.053 seconds
[2025-12-12T08:09:15.158-0500] {processor.py:161} INFO - Started process (PID=63727) to work on /Users/evankrupa/airflow_project/env/lib/python3.11/site-packages/airflow/example_dags/example_short_circuit_decorator.py
[2025-12-12T08:09:15.160-0500] {processor.py:830} INFO - Processing file /Users/evankrupa/airflow_project/env/lib/python3.11/site-packages/airflow/example_dags/example_short_circuit_decorator.py for tasks to queue
[2025-12-12T08:09:15.160-0500] {logging_mixin.py:188} INFO - [2025-12-12T08:09:15.160-0500] {dagbag.py:545} INFO - Filling up the DagBag from /Users/evankrupa/airflow_project/env/lib/python3.11/site-packages/airflow/example_dags/example_short_circuit_decorator.py
[2025-12-12T08:09:15.176-0500] {processor.py:840} INFO - DAG(s) 'example_short_circuit_decorator' retrieved from /Users/evankrupa/airflow_project/env/lib/python3.11/site-packages/airflow/example_dags/example_short_circuit_decorator.py
[2025-12-12T08:09:15.219-0500] {logging_mixin.py:188} INFO - [2025-12-12T08:09:15.219-0500] {dag.py:3096} INFO - Sync 1 DAGs
[2025-12-12T08:09:15.225-0500] {logging_mixin.py:188} INFO - [2025-12-12T08:09:15.225-0500] {dag.py:3954} INFO - Setting next_dagrun for example_short_circuit_decorator to 2025-12-11 00:00:00+00:00, run_after=2025-12-12 00:00:00+00:00
[2025-12-12T08:09:15.233-0500] {processor.py:183} INFO - Processing /Users/evankrupa/airflow_project/env/lib/python3.11/site-packages/airflow/example_dags/example_short_circuit_decorator.py took 0.076 seconds
[2025-12-12T08:10:42.465-0500] {processor.py:161} INFO - Started process (PID=63799) to work on /Users/evankrupa/airflow_project/env/lib/python3.11/site-packages/airflow/example_dags/example_short_circuit_decorator.py
[2025-12-12T08:10:42.467-0500] {processor.py:830} INFO - Processing file /Users/evankrupa/airflow_project/env/lib/python3.11/site-packages/airflow/example_dags/example_short_circuit_decorator.py for tasks to queue
[2025-12-12T08:10:42.467-0500] {logging_mixin.py:188} INFO - [2025-12-12T08:10:42.467-0500] {dagbag.py:545} INFO - Filling up the DagBag from /Users/evankrupa/airflow_project/env/lib/python3.11/site-packages/airflow/example_dags/example_short_circuit_decorator.py
[2025-12-12T08:10:42.480-0500] {processor.py:840} INFO - DAG(s) 'example_short_circuit_decorator' retrieved from /Users/evankrupa/airflow_project/env/lib/python3.11/site-packages/airflow/example_dags/example_short_circuit_decorator.py
[2025-12-12T08:10:42.509-0500] {logging_mixin.py:188} INFO - [2025-12-12T08:10:42.509-0500] {dag.py:3096} INFO - Sync 1 DAGs
[2025-12-12T08:10:42.514-0500] {logging_mixin.py:188} INFO - [2025-12-12T08:10:42.514-0500] {dag.py:3954} INFO - Setting next_dagrun for example_short_circuit_decorator to 2025-12-11 00:00:00+00:00, run_after=2025-12-12 00:00:00+00:00
[2025-12-12T08:10:42.519-0500] {processor.py:183} INFO - Processing /Users/evankrupa/airflow_project/env/lib/python3.11/site-packages/airflow/example_dags/example_short_circuit_decorator.py took 0.055 seconds
[2025-12-12T08:12:09.204-0500] {processor.py:161} INFO - Started process (PID=63866) to work on /Users/evankrupa/airflow_project/env/lib/python3.11/site-packages/airflow/example_dags/example_short_circuit_decorator.py
[2025-12-12T08:12:09.204-0500] {processor.py:830} INFO - Processing file /Users/evankrupa/airflow_project/env/lib/python3.11/site-packages/airflow/example_dags/example_short_circuit_decorator.py for tasks to queue
[2025-12-12T08:12:09.204-0500] {logging_mixin.py:188} INFO - [2025-12-12T08:12:09.204-0500] {dagbag.py:545} INFO - Filling up the DagBag from /Users/evankrupa/airflow_project/env/lib/python3.11/site-packages/airflow/example_dags/example_short_circuit_decorator.py
[2025-12-12T08:12:09.220-0500] {processor.py:840} INFO - DAG(s) 'example_short_circuit_decorator' retrieved from /Users/evankrupa/airflow_project/env/lib/python3.11/site-packages/airflow/example_dags/example_short_circuit_decorator.py
[2025-12-12T08:12:09.251-0500] {logging_mixin.py:188} INFO - [2025-12-12T08:12:09.251-0500] {dag.py:3096} INFO - Sync 1 DAGs
[2025-12-12T08:12:09.256-0500] {logging_mixin.py:188} INFO - [2025-12-12T08:12:09.256-0500] {dag.py:3954} INFO - Setting next_dagrun for example_short_circuit_decorator to 2025-12-11 00:00:00+00:00, run_after=2025-12-12 00:00:00+00:00
[2025-12-12T08:12:09.262-0500] {processor.py:183} INFO - Processing /Users/evankrupa/airflow_project/env/lib/python3.11/site-packages/airflow/example_dags/example_short_circuit_decorator.py took 0.059 seconds
[2025-12-12T08:13:32.571-0500] {processor.py:161} INFO - Started process (PID=63933) to work on /Users/evankrupa/airflow_project/env/lib/python3.11/site-packages/airflow/example_dags/example_short_circuit_decorator.py
[2025-12-12T08:13:32.571-0500] {processor.py:830} INFO - Processing file /Users/evankrupa/airflow_project/env/lib/python3.11/site-packages/airflow/example_dags/example_short_circuit_decorator.py for tasks to queue
[2025-12-12T08:13:32.571-0500] {logging_mixin.py:188} INFO - [2025-12-12T08:13:32.571-0500] {dagbag.py:545} INFO - Filling up the DagBag from /Users/evankrupa/airflow_project/env/lib/python3.11/site-packages/airflow/example_dags/example_short_circuit_decorator.py
[2025-12-12T08:13:32.584-0500] {processor.py:840} INFO - DAG(s) 'example_short_circuit_decorator' retrieved from /Users/evankrupa/airflow_project/env/lib/python3.11/site-packages/airflow/example_dags/example_short_circuit_decorator.py
[2025-12-12T08:13:32.614-0500] {logging_mixin.py:188} INFO - [2025-12-12T08:13:32.614-0500] {dag.py:3096} INFO - Sync 1 DAGs
[2025-12-12T08:13:32.620-0500] {logging_mixin.py:188} INFO - [2025-12-12T08:13:32.620-0500] {dag.py:3954} INFO - Setting next_dagrun for example_short_circuit_decorator to 2025-12-11 00:00:00+00:00, run_after=2025-12-12 00:00:00+00:00
[2025-12-12T08:13:32.625-0500] {processor.py:183} INFO - Processing /Users/evankrupa/airflow_project/env/lib/python3.11/site-packages/airflow/example_dags/example_short_circuit_decorator.py took 0.056 seconds
[2025-12-12T08:14:57.325-0500] {processor.py:161} INFO - Started process (PID=64002) to work on /Users/evankrupa/airflow_project/env/lib/python3.11/site-packages/airflow/example_dags/example_short_circuit_decorator.py
[2025-12-12T08:14:57.326-0500] {processor.py:830} INFO - Processing file /Users/evankrupa/airflow_project/env/lib/python3.11/site-packages/airflow/example_dags/example_short_circuit_decorator.py for tasks to queue
[2025-12-12T08:14:57.327-0500] {logging_mixin.py:188} INFO - [2025-12-12T08:14:57.327-0500] {dagbag.py:545} INFO - Filling up the DagBag from /Users/evankrupa/airflow_project/env/lib/python3.11/site-packages/airflow/example_dags/example_short_circuit_decorator.py
[2025-12-12T08:14:57.340-0500] {processor.py:840} INFO - DAG(s) 'example_short_circuit_decorator' retrieved from /Users/evankrupa/airflow_project/env/lib/python3.11/site-packages/airflow/example_dags/example_short_circuit_decorator.py
[2025-12-12T08:14:57.369-0500] {logging_mixin.py:188} INFO - [2025-12-12T08:14:57.369-0500] {dag.py:3096} INFO - Sync 1 DAGs
[2025-12-12T08:14:57.374-0500] {logging_mixin.py:188} INFO - [2025-12-12T08:14:57.374-0500] {dag.py:3954} INFO - Setting next_dagrun for example_short_circuit_decorator to 2025-12-11 00:00:00+00:00, run_after=2025-12-12 00:00:00+00:00
[2025-12-12T08:14:57.379-0500] {processor.py:183} INFO - Processing /Users/evankrupa/airflow_project/env/lib/python3.11/site-packages/airflow/example_dags/example_short_circuit_decorator.py took 0.055 seconds
[2025-12-12T08:16:17.203-0500] {processor.py:161} INFO - Started process (PID=64074) to work on /Users/evankrupa/airflow_project/env/lib/python3.11/site-packages/airflow/example_dags/example_short_circuit_decorator.py
[2025-12-12T08:16:17.205-0500] {processor.py:830} INFO - Processing file /Users/evankrupa/airflow_project/env/lib/python3.11/site-packages/airflow/example_dags/example_short_circuit_decorator.py for tasks to queue
[2025-12-12T08:16:17.205-0500] {logging_mixin.py:188} INFO - [2025-12-12T08:16:17.205-0500] {dagbag.py:545} INFO - Filling up the DagBag from /Users/evankrupa/airflow_project/env/lib/python3.11/site-packages/airflow/example_dags/example_short_circuit_decorator.py
[2025-12-12T08:16:17.217-0500] {processor.py:840} INFO - DAG(s) 'example_short_circuit_decorator' retrieved from /Users/evankrupa/airflow_project/env/lib/python3.11/site-packages/airflow/example_dags/example_short_circuit_decorator.py
[2025-12-12T08:16:17.245-0500] {logging_mixin.py:188} INFO - [2025-12-12T08:16:17.245-0500] {dag.py:3096} INFO - Sync 1 DAGs
[2025-12-12T08:16:17.250-0500] {logging_mixin.py:188} INFO - [2025-12-12T08:16:17.250-0500] {dag.py:3954} INFO - Setting next_dagrun for example_short_circuit_decorator to 2025-12-11 00:00:00+00:00, run_after=2025-12-12 00:00:00+00:00
[2025-12-12T08:16:17.255-0500] {processor.py:183} INFO - Processing /Users/evankrupa/airflow_project/env/lib/python3.11/site-packages/airflow/example_dags/example_short_circuit_decorator.py took 0.052 seconds
[2025-12-12T08:17:44.217-0500] {processor.py:161} INFO - Started process (PID=64142) to work on /Users/evankrupa/airflow_project/env/lib/python3.11/site-packages/airflow/example_dags/example_short_circuit_decorator.py
[2025-12-12T08:17:44.218-0500] {processor.py:830} INFO - Processing file /Users/evankrupa/airflow_project/env/lib/python3.11/site-packages/airflow/example_dags/example_short_circuit_decorator.py for tasks to queue
[2025-12-12T08:17:44.218-0500] {logging_mixin.py:188} INFO - [2025-12-12T08:17:44.218-0500] {dagbag.py:545} INFO - Filling up the DagBag from /Users/evankrupa/airflow_project/env/lib/python3.11/site-packages/airflow/example_dags/example_short_circuit_decorator.py
[2025-12-12T08:17:44.231-0500] {processor.py:840} INFO - DAG(s) 'example_short_circuit_decorator' retrieved from /Users/evankrupa/airflow_project/env/lib/python3.11/site-packages/airflow/example_dags/example_short_circuit_decorator.py
[2025-12-12T08:17:44.259-0500] {logging_mixin.py:188} INFO - [2025-12-12T08:17:44.259-0500] {dag.py:3096} INFO - Sync 1 DAGs
[2025-12-12T08:17:44.263-0500] {logging_mixin.py:188} INFO - [2025-12-12T08:17:44.263-0500] {dag.py:3954} INFO - Setting next_dagrun for example_short_circuit_decorator to 2025-12-11 00:00:00+00:00, run_after=2025-12-12 00:00:00+00:00
[2025-12-12T08:17:44.269-0500] {processor.py:183} INFO - Processing /Users/evankrupa/airflow_project/env/lib/python3.11/site-packages/airflow/example_dags/example_short_circuit_decorator.py took 0.052 seconds
[2025-12-12T08:19:05.968-0500] {processor.py:161} INFO - Started process (PID=64210) to work on /Users/evankrupa/airflow_project/env/lib/python3.11/site-packages/airflow/example_dags/example_short_circuit_decorator.py
[2025-12-12T08:19:05.969-0500] {processor.py:830} INFO - Processing file /Users/evankrupa/airflow_project/env/lib/python3.11/site-packages/airflow/example_dags/example_short_circuit_decorator.py for tasks to queue
[2025-12-12T08:19:05.970-0500] {logging_mixin.py:188} INFO - [2025-12-12T08:19:05.970-0500] {dagbag.py:545} INFO - Filling up the DagBag from /Users/evankrupa/airflow_project/env/lib/python3.11/site-packages/airflow/example_dags/example_short_circuit_decorator.py
[2025-12-12T08:19:05.982-0500] {processor.py:840} INFO - DAG(s) 'example_short_circuit_decorator' retrieved from /Users/evankrupa/airflow_project/env/lib/python3.11/site-packages/airflow/example_dags/example_short_circuit_decorator.py
[2025-12-12T08:19:06.011-0500] {logging_mixin.py:188} INFO - [2025-12-12T08:19:06.011-0500] {dag.py:3096} INFO - Sync 1 DAGs
[2025-12-12T08:19:06.017-0500] {logging_mixin.py:188} INFO - [2025-12-12T08:19:06.017-0500] {dag.py:3954} INFO - Setting next_dagrun for example_short_circuit_decorator to 2025-12-11 00:00:00+00:00, run_after=2025-12-12 00:00:00+00:00
[2025-12-12T08:19:06.023-0500] {processor.py:183} INFO - Processing /Users/evankrupa/airflow_project/env/lib/python3.11/site-packages/airflow/example_dags/example_short_circuit_decorator.py took 0.055 seconds
[2025-12-12T08:20:31.362-0500] {processor.py:161} INFO - Started process (PID=64278) to work on /Users/evankrupa/airflow_project/env/lib/python3.11/site-packages/airflow/example_dags/example_short_circuit_decorator.py
[2025-12-12T08:20:31.362-0500] {processor.py:830} INFO - Processing file /Users/evankrupa/airflow_project/env/lib/python3.11/site-packages/airflow/example_dags/example_short_circuit_decorator.py for tasks to queue
[2025-12-12T08:20:31.363-0500] {logging_mixin.py:188} INFO - [2025-12-12T08:20:31.363-0500] {dagbag.py:545} INFO - Filling up the DagBag from /Users/evankrupa/airflow_project/env/lib/python3.11/site-packages/airflow/example_dags/example_short_circuit_decorator.py
[2025-12-12T08:20:31.376-0500] {processor.py:840} INFO - DAG(s) 'example_short_circuit_decorator' retrieved from /Users/evankrupa/airflow_project/env/lib/python3.11/site-packages/airflow/example_dags/example_short_circuit_decorator.py
[2025-12-12T08:20:31.405-0500] {logging_mixin.py:188} INFO - [2025-12-12T08:20:31.405-0500] {dag.py:3096} INFO - Sync 1 DAGs
[2025-12-12T08:20:31.409-0500] {logging_mixin.py:188} INFO - [2025-12-12T08:20:31.409-0500] {dag.py:3954} INFO - Setting next_dagrun for example_short_circuit_decorator to 2025-12-11 00:00:00+00:00, run_after=2025-12-12 00:00:00+00:00
[2025-12-12T08:20:31.415-0500] {processor.py:183} INFO - Processing /Users/evankrupa/airflow_project/env/lib/python3.11/site-packages/airflow/example_dags/example_short_circuit_decorator.py took 0.054 seconds
[2025-12-12T08:21:54.584-0500] {processor.py:161} INFO - Started process (PID=64345) to work on /Users/evankrupa/airflow_project/env/lib/python3.11/site-packages/airflow/example_dags/example_short_circuit_decorator.py
[2025-12-12T08:21:54.585-0500] {processor.py:830} INFO - Processing file /Users/evankrupa/airflow_project/env/lib/python3.11/site-packages/airflow/example_dags/example_short_circuit_decorator.py for tasks to queue
[2025-12-12T08:21:54.585-0500] {logging_mixin.py:188} INFO - [2025-12-12T08:21:54.585-0500] {dagbag.py:545} INFO - Filling up the DagBag from /Users/evankrupa/airflow_project/env/lib/python3.11/site-packages/airflow/example_dags/example_short_circuit_decorator.py
[2025-12-12T08:21:54.599-0500] {processor.py:840} INFO - DAG(s) 'example_short_circuit_decorator' retrieved from /Users/evankrupa/airflow_project/env/lib/python3.11/site-packages/airflow/example_dags/example_short_circuit_decorator.py
[2025-12-12T08:21:54.627-0500] {logging_mixin.py:188} INFO - [2025-12-12T08:21:54.627-0500] {dag.py:3096} INFO - Sync 1 DAGs
[2025-12-12T08:21:54.632-0500] {logging_mixin.py:188} INFO - [2025-12-12T08:21:54.632-0500] {dag.py:3954} INFO - Setting next_dagrun for example_short_circuit_decorator to 2025-12-11 00:00:00+00:00, run_after=2025-12-12 00:00:00+00:00
[2025-12-12T08:21:54.638-0500] {processor.py:183} INFO - Processing /Users/evankrupa/airflow_project/env/lib/python3.11/site-packages/airflow/example_dags/example_short_circuit_decorator.py took 0.055 seconds
[2025-12-12T08:23:21.252-0500] {processor.py:161} INFO - Started process (PID=64411) to work on /Users/evankrupa/airflow_project/env/lib/python3.11/site-packages/airflow/example_dags/example_short_circuit_decorator.py
[2025-12-12T08:23:21.253-0500] {processor.py:830} INFO - Processing file /Users/evankrupa/airflow_project/env/lib/python3.11/site-packages/airflow/example_dags/example_short_circuit_decorator.py for tasks to queue
[2025-12-12T08:23:21.253-0500] {logging_mixin.py:188} INFO - [2025-12-12T08:23:21.253-0500] {dagbag.py:545} INFO - Filling up the DagBag from /Users/evankrupa/airflow_project/env/lib/python3.11/site-packages/airflow/example_dags/example_short_circuit_decorator.py
[2025-12-12T08:23:21.265-0500] {processor.py:840} INFO - DAG(s) 'example_short_circuit_decorator' retrieved from /Users/evankrupa/airflow_project/env/lib/python3.11/site-packages/airflow/example_dags/example_short_circuit_decorator.py
[2025-12-12T08:23:21.293-0500] {logging_mixin.py:188} INFO - [2025-12-12T08:23:21.293-0500] {dag.py:3096} INFO - Sync 1 DAGs
[2025-12-12T08:23:21.297-0500] {logging_mixin.py:188} INFO - [2025-12-12T08:23:21.297-0500] {dag.py:3954} INFO - Setting next_dagrun for example_short_circuit_decorator to 2025-12-11 00:00:00+00:00, run_after=2025-12-12 00:00:00+00:00
[2025-12-12T08:23:21.303-0500] {processor.py:183} INFO - Processing /Users/evankrupa/airflow_project/env/lib/python3.11/site-packages/airflow/example_dags/example_short_circuit_decorator.py took 0.052 seconds
[2025-12-12T08:24:41.793-0500] {processor.py:161} INFO - Started process (PID=64484) to work on /Users/evankrupa/airflow_project/env/lib/python3.11/site-packages/airflow/example_dags/example_short_circuit_decorator.py
[2025-12-12T08:24:41.794-0500] {processor.py:830} INFO - Processing file /Users/evankrupa/airflow_project/env/lib/python3.11/site-packages/airflow/example_dags/example_short_circuit_decorator.py for tasks to queue
[2025-12-12T08:24:41.794-0500] {logging_mixin.py:188} INFO - [2025-12-12T08:24:41.794-0500] {dagbag.py:545} INFO - Filling up the DagBag from /Users/evankrupa/airflow_project/env/lib/python3.11/site-packages/airflow/example_dags/example_short_circuit_decorator.py
[2025-12-12T08:24:41.807-0500] {processor.py:840} INFO - DAG(s) 'example_short_circuit_decorator' retrieved from /Users/evankrupa/airflow_project/env/lib/python3.11/site-packages/airflow/example_dags/example_short_circuit_decorator.py
[2025-12-12T08:24:41.834-0500] {logging_mixin.py:188} INFO - [2025-12-12T08:24:41.834-0500] {dag.py:3096} INFO - Sync 1 DAGs
[2025-12-12T08:24:41.839-0500] {logging_mixin.py:188} INFO - [2025-12-12T08:24:41.839-0500] {dag.py:3954} INFO - Setting next_dagrun for example_short_circuit_decorator to 2025-12-11 00:00:00+00:00, run_after=2025-12-12 00:00:00+00:00
[2025-12-12T08:24:41.844-0500] {processor.py:183} INFO - Processing /Users/evankrupa/airflow_project/env/lib/python3.11/site-packages/airflow/example_dags/example_short_circuit_decorator.py took 0.052 seconds
[2025-12-12T08:26:07.656-0500] {processor.py:161} INFO - Started process (PID=64553) to work on /Users/evankrupa/airflow_project/env/lib/python3.11/site-packages/airflow/example_dags/example_short_circuit_decorator.py
[2025-12-12T08:26:07.657-0500] {processor.py:830} INFO - Processing file /Users/evankrupa/airflow_project/env/lib/python3.11/site-packages/airflow/example_dags/example_short_circuit_decorator.py for tasks to queue
[2025-12-12T08:26:07.657-0500] {logging_mixin.py:188} INFO - [2025-12-12T08:26:07.657-0500] {dagbag.py:545} INFO - Filling up the DagBag from /Users/evankrupa/airflow_project/env/lib/python3.11/site-packages/airflow/example_dags/example_short_circuit_decorator.py
[2025-12-12T08:26:07.670-0500] {processor.py:840} INFO - DAG(s) 'example_short_circuit_decorator' retrieved from /Users/evankrupa/airflow_project/env/lib/python3.11/site-packages/airflow/example_dags/example_short_circuit_decorator.py
[2025-12-12T08:26:07.700-0500] {logging_mixin.py:188} INFO - [2025-12-12T08:26:07.700-0500] {dag.py:3096} INFO - Sync 1 DAGs
[2025-12-12T08:26:07.705-0500] {logging_mixin.py:188} INFO - [2025-12-12T08:26:07.705-0500] {dag.py:3954} INFO - Setting next_dagrun for example_short_circuit_decorator to 2025-12-11 00:00:00+00:00, run_after=2025-12-12 00:00:00+00:00
[2025-12-12T08:26:07.710-0500] {processor.py:183} INFO - Processing /Users/evankrupa/airflow_project/env/lib/python3.11/site-packages/airflow/example_dags/example_short_circuit_decorator.py took 0.055 seconds
[2025-12-12T08:27:32.764-0500] {processor.py:161} INFO - Started process (PID=64649) to work on /Users/evankrupa/airflow_project/env/lib/python3.11/site-packages/airflow/example_dags/example_short_circuit_decorator.py
[2025-12-12T08:27:32.765-0500] {processor.py:830} INFO - Processing file /Users/evankrupa/airflow_project/env/lib/python3.11/site-packages/airflow/example_dags/example_short_circuit_decorator.py for tasks to queue
[2025-12-12T08:27:32.765-0500] {logging_mixin.py:188} INFO - [2025-12-12T08:27:32.765-0500] {dagbag.py:545} INFO - Filling up the DagBag from /Users/evankrupa/airflow_project/env/lib/python3.11/site-packages/airflow/example_dags/example_short_circuit_decorator.py
[2025-12-12T08:27:32.777-0500] {processor.py:840} INFO - DAG(s) 'example_short_circuit_decorator' retrieved from /Users/evankrupa/airflow_project/env/lib/python3.11/site-packages/airflow/example_dags/example_short_circuit_decorator.py
[2025-12-12T08:27:32.806-0500] {logging_mixin.py:188} INFO - [2025-12-12T08:27:32.806-0500] {dag.py:3096} INFO - Sync 1 DAGs
[2025-12-12T08:27:32.810-0500] {logging_mixin.py:188} INFO - [2025-12-12T08:27:32.810-0500] {dag.py:3954} INFO - Setting next_dagrun for example_short_circuit_decorator to 2025-12-11 00:00:00+00:00, run_after=2025-12-12 00:00:00+00:00
[2025-12-12T08:27:32.816-0500] {processor.py:183} INFO - Processing /Users/evankrupa/airflow_project/env/lib/python3.11/site-packages/airflow/example_dags/example_short_circuit_decorator.py took 0.053 seconds
[2025-12-12T08:28:58.050-0500] {processor.py:161} INFO - Started process (PID=64730) to work on /Users/evankrupa/airflow_project/env/lib/python3.11/site-packages/airflow/example_dags/example_short_circuit_decorator.py
[2025-12-12T08:28:58.051-0500] {processor.py:830} INFO - Processing file /Users/evankrupa/airflow_project/env/lib/python3.11/site-packages/airflow/example_dags/example_short_circuit_decorator.py for tasks to queue
[2025-12-12T08:28:58.051-0500] {logging_mixin.py:188} INFO - [2025-12-12T08:28:58.051-0500] {dagbag.py:545} INFO - Filling up the DagBag from /Users/evankrupa/airflow_project/env/lib/python3.11/site-packages/airflow/example_dags/example_short_circuit_decorator.py
[2025-12-12T08:28:58.063-0500] {processor.py:840} INFO - DAG(s) 'example_short_circuit_decorator' retrieved from /Users/evankrupa/airflow_project/env/lib/python3.11/site-packages/airflow/example_dags/example_short_circuit_decorator.py
[2025-12-12T08:28:58.092-0500] {logging_mixin.py:188} INFO - [2025-12-12T08:28:58.092-0500] {dag.py:3096} INFO - Sync 1 DAGs
[2025-12-12T08:28:58.097-0500] {logging_mixin.py:188} INFO - [2025-12-12T08:28:58.096-0500] {dag.py:3954} INFO - Setting next_dagrun for example_short_circuit_decorator to 2025-12-11 00:00:00+00:00, run_after=2025-12-12 00:00:00+00:00
[2025-12-12T08:28:58.102-0500] {processor.py:183} INFO - Processing /Users/evankrupa/airflow_project/env/lib/python3.11/site-packages/airflow/example_dags/example_short_circuit_decorator.py took 0.053 seconds
[2025-12-12T08:30:18.418-0500] {processor.py:161} INFO - Started process (PID=64813) to work on /Users/evankrupa/airflow_project/env/lib/python3.11/site-packages/airflow/example_dags/example_short_circuit_decorator.py
[2025-12-12T08:30:18.418-0500] {processor.py:830} INFO - Processing file /Users/evankrupa/airflow_project/env/lib/python3.11/site-packages/airflow/example_dags/example_short_circuit_decorator.py for tasks to queue
[2025-12-12T08:30:18.419-0500] {logging_mixin.py:188} INFO - [2025-12-12T08:30:18.419-0500] {dagbag.py:545} INFO - Filling up the DagBag from /Users/evankrupa/airflow_project/env/lib/python3.11/site-packages/airflow/example_dags/example_short_circuit_decorator.py
[2025-12-12T08:30:18.431-0500] {processor.py:840} INFO - DAG(s) 'example_short_circuit_decorator' retrieved from /Users/evankrupa/airflow_project/env/lib/python3.11/site-packages/airflow/example_dags/example_short_circuit_decorator.py
[2025-12-12T08:30:18.460-0500] {logging_mixin.py:188} INFO - [2025-12-12T08:30:18.460-0500] {dag.py:3096} INFO - Sync 1 DAGs
[2025-12-12T08:30:18.465-0500] {logging_mixin.py:188} INFO - [2025-12-12T08:30:18.465-0500] {dag.py:3954} INFO - Setting next_dagrun for example_short_circuit_decorator to 2025-12-11 00:00:00+00:00, run_after=2025-12-12 00:00:00+00:00
[2025-12-12T08:30:18.470-0500] {processor.py:183} INFO - Processing /Users/evankrupa/airflow_project/env/lib/python3.11/site-packages/airflow/example_dags/example_short_circuit_decorator.py took 0.053 seconds
[2025-12-12T08:31:40.841-0500] {processor.py:161} INFO - Started process (PID=64892) to work on /Users/evankrupa/airflow_project/env/lib/python3.11/site-packages/airflow/example_dags/example_short_circuit_decorator.py
[2025-12-12T08:31:40.842-0500] {processor.py:830} INFO - Processing file /Users/evankrupa/airflow_project/env/lib/python3.11/site-packages/airflow/example_dags/example_short_circuit_decorator.py for tasks to queue
[2025-12-12T08:31:40.842-0500] {logging_mixin.py:188} INFO - [2025-12-12T08:31:40.842-0500] {dagbag.py:545} INFO - Filling up the DagBag from /Users/evankrupa/airflow_project/env/lib/python3.11/site-packages/airflow/example_dags/example_short_circuit_decorator.py
[2025-12-12T08:31:40.855-0500] {processor.py:840} INFO - DAG(s) 'example_short_circuit_decorator' retrieved from /Users/evankrupa/airflow_project/env/lib/python3.11/site-packages/airflow/example_dags/example_short_circuit_decorator.py
[2025-12-12T08:31:40.883-0500] {logging_mixin.py:188} INFO - [2025-12-12T08:31:40.882-0500] {dag.py:3096} INFO - Sync 1 DAGs
[2025-12-12T08:31:40.887-0500] {logging_mixin.py:188} INFO - [2025-12-12T08:31:40.887-0500] {dag.py:3954} INFO - Setting next_dagrun for example_short_circuit_decorator to 2025-12-11 00:00:00+00:00, run_after=2025-12-12 00:00:00+00:00
[2025-12-12T08:31:40.892-0500] {processor.py:183} INFO - Processing /Users/evankrupa/airflow_project/env/lib/python3.11/site-packages/airflow/example_dags/example_short_circuit_decorator.py took 0.052 seconds
[2025-12-12T08:33:05.382-0500] {processor.py:161} INFO - Started process (PID=64991) to work on /Users/evankrupa/airflow_project/env/lib/python3.11/site-packages/airflow/example_dags/example_short_circuit_decorator.py
[2025-12-12T08:33:05.384-0500] {processor.py:830} INFO - Processing file /Users/evankrupa/airflow_project/env/lib/python3.11/site-packages/airflow/example_dags/example_short_circuit_decorator.py for tasks to queue
[2025-12-12T08:33:05.384-0500] {logging_mixin.py:188} INFO - [2025-12-12T08:33:05.384-0500] {dagbag.py:545} INFO - Filling up the DagBag from /Users/evankrupa/airflow_project/env/lib/python3.11/site-packages/airflow/example_dags/example_short_circuit_decorator.py
[2025-12-12T08:33:05.396-0500] {processor.py:840} INFO - DAG(s) 'example_short_circuit_decorator' retrieved from /Users/evankrupa/airflow_project/env/lib/python3.11/site-packages/airflow/example_dags/example_short_circuit_decorator.py
[2025-12-12T08:33:05.424-0500] {logging_mixin.py:188} INFO - [2025-12-12T08:33:05.424-0500] {dag.py:3096} INFO - Sync 1 DAGs
[2025-12-12T08:33:05.429-0500] {logging_mixin.py:188} INFO - [2025-12-12T08:33:05.429-0500] {dag.py:3954} INFO - Setting next_dagrun for example_short_circuit_decorator to 2025-12-11 00:00:00+00:00, run_after=2025-12-12 00:00:00+00:00
[2025-12-12T08:33:05.434-0500] {processor.py:183} INFO - Processing /Users/evankrupa/airflow_project/env/lib/python3.11/site-packages/airflow/example_dags/example_short_circuit_decorator.py took 0.052 seconds
[2025-12-12T08:34:30.819-0500] {processor.py:161} INFO - Started process (PID=65075) to work on /Users/evankrupa/airflow_project/env/lib/python3.11/site-packages/airflow/example_dags/example_short_circuit_decorator.py
[2025-12-12T08:34:30.821-0500] {processor.py:830} INFO - Processing file /Users/evankrupa/airflow_project/env/lib/python3.11/site-packages/airflow/example_dags/example_short_circuit_decorator.py for tasks to queue
[2025-12-12T08:34:30.821-0500] {logging_mixin.py:188} INFO - [2025-12-12T08:34:30.821-0500] {dagbag.py:545} INFO - Filling up the DagBag from /Users/evankrupa/airflow_project/env/lib/python3.11/site-packages/airflow/example_dags/example_short_circuit_decorator.py
[2025-12-12T08:34:30.834-0500] {processor.py:840} INFO - DAG(s) 'example_short_circuit_decorator' retrieved from /Users/evankrupa/airflow_project/env/lib/python3.11/site-packages/airflow/example_dags/example_short_circuit_decorator.py
[2025-12-12T08:34:30.861-0500] {logging_mixin.py:188} INFO - [2025-12-12T08:34:30.861-0500] {dag.py:3096} INFO - Sync 1 DAGs
[2025-12-12T08:34:30.866-0500] {logging_mixin.py:188} INFO - [2025-12-12T08:34:30.866-0500] {dag.py:3954} INFO - Setting next_dagrun for example_short_circuit_decorator to 2025-12-11 00:00:00+00:00, run_after=2025-12-12 00:00:00+00:00
[2025-12-12T08:34:30.871-0500] {processor.py:183} INFO - Processing /Users/evankrupa/airflow_project/env/lib/python3.11/site-packages/airflow/example_dags/example_short_circuit_decorator.py took 0.052 seconds
[2025-12-12T08:35:57.231-0500] {processor.py:161} INFO - Started process (PID=65174) to work on /Users/evankrupa/airflow_project/env/lib/python3.11/site-packages/airflow/example_dags/example_short_circuit_decorator.py
[2025-12-12T08:35:57.232-0500] {processor.py:830} INFO - Processing file /Users/evankrupa/airflow_project/env/lib/python3.11/site-packages/airflow/example_dags/example_short_circuit_decorator.py for tasks to queue
[2025-12-12T08:35:57.232-0500] {logging_mixin.py:188} INFO - [2025-12-12T08:35:57.232-0500] {dagbag.py:545} INFO - Filling up the DagBag from /Users/evankrupa/airflow_project/env/lib/python3.11/site-packages/airflow/example_dags/example_short_circuit_decorator.py
[2025-12-12T08:35:57.254-0500] {processor.py:840} INFO - DAG(s) 'example_short_circuit_decorator' retrieved from /Users/evankrupa/airflow_project/env/lib/python3.11/site-packages/airflow/example_dags/example_short_circuit_decorator.py
[2025-12-12T08:35:57.285-0500] {logging_mixin.py:188} INFO - [2025-12-12T08:35:57.285-0500] {dag.py:3096} INFO - Sync 1 DAGs
[2025-12-12T08:35:57.289-0500] {logging_mixin.py:188} INFO - [2025-12-12T08:35:57.289-0500] {dag.py:3954} INFO - Setting next_dagrun for example_short_circuit_decorator to 2025-12-11 00:00:00+00:00, run_after=2025-12-12 00:00:00+00:00
[2025-12-12T08:35:57.296-0500] {processor.py:183} INFO - Processing /Users/evankrupa/airflow_project/env/lib/python3.11/site-packages/airflow/example_dags/example_short_circuit_decorator.py took 0.066 seconds
[2025-12-12T08:37:19.872-0500] {processor.py:161} INFO - Started process (PID=65249) to work on /Users/evankrupa/airflow_project/env/lib/python3.11/site-packages/airflow/example_dags/example_short_circuit_decorator.py
[2025-12-12T08:37:19.873-0500] {processor.py:830} INFO - Processing file /Users/evankrupa/airflow_project/env/lib/python3.11/site-packages/airflow/example_dags/example_short_circuit_decorator.py for tasks to queue
[2025-12-12T08:37:19.873-0500] {logging_mixin.py:188} INFO - [2025-12-12T08:37:19.873-0500] {dagbag.py:545} INFO - Filling up the DagBag from /Users/evankrupa/airflow_project/env/lib/python3.11/site-packages/airflow/example_dags/example_short_circuit_decorator.py
[2025-12-12T08:37:19.886-0500] {processor.py:840} INFO - DAG(s) 'example_short_circuit_decorator' retrieved from /Users/evankrupa/airflow_project/env/lib/python3.11/site-packages/airflow/example_dags/example_short_circuit_decorator.py
[2025-12-12T08:37:19.913-0500] {logging_mixin.py:188} INFO - [2025-12-12T08:37:19.913-0500] {dag.py:3096} INFO - Sync 1 DAGs
[2025-12-12T08:37:19.918-0500] {logging_mixin.py:188} INFO - [2025-12-12T08:37:19.918-0500] {dag.py:3954} INFO - Setting next_dagrun for example_short_circuit_decorator to 2025-12-11 00:00:00+00:00, run_after=2025-12-12 00:00:00+00:00
[2025-12-12T08:37:19.923-0500] {processor.py:183} INFO - Processing /Users/evankrupa/airflow_project/env/lib/python3.11/site-packages/airflow/example_dags/example_short_circuit_decorator.py took 0.052 seconds
[2025-12-12T08:38:44.753-0500] {processor.py:161} INFO - Started process (PID=65321) to work on /Users/evankrupa/airflow_project/env/lib/python3.11/site-packages/airflow/example_dags/example_short_circuit_decorator.py
[2025-12-12T08:38:44.754-0500] {processor.py:830} INFO - Processing file /Users/evankrupa/airflow_project/env/lib/python3.11/site-packages/airflow/example_dags/example_short_circuit_decorator.py for tasks to queue
[2025-12-12T08:38:44.755-0500] {logging_mixin.py:188} INFO - [2025-12-12T08:38:44.754-0500] {dagbag.py:545} INFO - Filling up the DagBag from /Users/evankrupa/airflow_project/env/lib/python3.11/site-packages/airflow/example_dags/example_short_circuit_decorator.py
[2025-12-12T08:38:44.767-0500] {processor.py:840} INFO - DAG(s) 'example_short_circuit_decorator' retrieved from /Users/evankrupa/airflow_project/env/lib/python3.11/site-packages/airflow/example_dags/example_short_circuit_decorator.py
[2025-12-12T08:38:44.795-0500] {logging_mixin.py:188} INFO - [2025-12-12T08:38:44.795-0500] {dag.py:3096} INFO - Sync 1 DAGs
[2025-12-12T08:38:44.800-0500] {logging_mixin.py:188} INFO - [2025-12-12T08:38:44.800-0500] {dag.py:3954} INFO - Setting next_dagrun for example_short_circuit_decorator to 2025-12-11 00:00:00+00:00, run_after=2025-12-12 00:00:00+00:00
[2025-12-12T08:38:44.805-0500] {processor.py:183} INFO - Processing /Users/evankrupa/airflow_project/env/lib/python3.11/site-packages/airflow/example_dags/example_short_circuit_decorator.py took 0.053 seconds
[2025-12-12T08:40:07.791-0500] {processor.py:161} INFO - Started process (PID=65396) to work on /Users/evankrupa/airflow_project/env/lib/python3.11/site-packages/airflow/example_dags/example_short_circuit_decorator.py
[2025-12-12T08:40:07.792-0500] {processor.py:830} INFO - Processing file /Users/evankrupa/airflow_project/env/lib/python3.11/site-packages/airflow/example_dags/example_short_circuit_decorator.py for tasks to queue
[2025-12-12T08:40:07.792-0500] {logging_mixin.py:188} INFO - [2025-12-12T08:40:07.792-0500] {dagbag.py:545} INFO - Filling up the DagBag from /Users/evankrupa/airflow_project/env/lib/python3.11/site-packages/airflow/example_dags/example_short_circuit_decorator.py
[2025-12-12T08:40:07.806-0500] {processor.py:840} INFO - DAG(s) 'example_short_circuit_decorator' retrieved from /Users/evankrupa/airflow_project/env/lib/python3.11/site-packages/airflow/example_dags/example_short_circuit_decorator.py
[2025-12-12T08:40:07.834-0500] {logging_mixin.py:188} INFO - [2025-12-12T08:40:07.834-0500] {dag.py:3096} INFO - Sync 1 DAGs
[2025-12-12T08:40:07.839-0500] {logging_mixin.py:188} INFO - [2025-12-12T08:40:07.839-0500] {dag.py:3954} INFO - Setting next_dagrun for example_short_circuit_decorator to 2025-12-11 00:00:00+00:00, run_after=2025-12-12 00:00:00+00:00
[2025-12-12T08:40:07.844-0500] {processor.py:183} INFO - Processing /Users/evankrupa/airflow_project/env/lib/python3.11/site-packages/airflow/example_dags/example_short_circuit_decorator.py took 0.054 seconds
[2025-12-12T08:41:33.374-0500] {processor.py:161} INFO - Started process (PID=65483) to work on /Users/evankrupa/airflow_project/env/lib/python3.11/site-packages/airflow/example_dags/example_short_circuit_decorator.py
[2025-12-12T08:41:33.375-0500] {processor.py:830} INFO - Processing file /Users/evankrupa/airflow_project/env/lib/python3.11/site-packages/airflow/example_dags/example_short_circuit_decorator.py for tasks to queue
[2025-12-12T08:41:33.375-0500] {logging_mixin.py:188} INFO - [2025-12-12T08:41:33.375-0500] {dagbag.py:545} INFO - Filling up the DagBag from /Users/evankrupa/airflow_project/env/lib/python3.11/site-packages/airflow/example_dags/example_short_circuit_decorator.py
[2025-12-12T08:41:33.387-0500] {processor.py:840} INFO - DAG(s) 'example_short_circuit_decorator' retrieved from /Users/evankrupa/airflow_project/env/lib/python3.11/site-packages/airflow/example_dags/example_short_circuit_decorator.py
[2025-12-12T08:41:33.415-0500] {logging_mixin.py:188} INFO - [2025-12-12T08:41:33.415-0500] {dag.py:3096} INFO - Sync 1 DAGs
[2025-12-12T08:41:33.420-0500] {logging_mixin.py:188} INFO - [2025-12-12T08:41:33.420-0500] {dag.py:3954} INFO - Setting next_dagrun for example_short_circuit_decorator to 2025-12-11 00:00:00+00:00, run_after=2025-12-12 00:00:00+00:00
[2025-12-12T08:41:33.425-0500] {processor.py:183} INFO - Processing /Users/evankrupa/airflow_project/env/lib/python3.11/site-packages/airflow/example_dags/example_short_circuit_decorator.py took 0.052 seconds
[2025-12-12T08:42:54.774-0500] {processor.py:161} INFO - Started process (PID=65556) to work on /Users/evankrupa/airflow_project/env/lib/python3.11/site-packages/airflow/example_dags/example_short_circuit_decorator.py
[2025-12-12T08:42:54.775-0500] {processor.py:830} INFO - Processing file /Users/evankrupa/airflow_project/env/lib/python3.11/site-packages/airflow/example_dags/example_short_circuit_decorator.py for tasks to queue
[2025-12-12T08:42:54.775-0500] {logging_mixin.py:188} INFO - [2025-12-12T08:42:54.775-0500] {dagbag.py:545} INFO - Filling up the DagBag from /Users/evankrupa/airflow_project/env/lib/python3.11/site-packages/airflow/example_dags/example_short_circuit_decorator.py
[2025-12-12T08:42:54.788-0500] {processor.py:840} INFO - DAG(s) 'example_short_circuit_decorator' retrieved from /Users/evankrupa/airflow_project/env/lib/python3.11/site-packages/airflow/example_dags/example_short_circuit_decorator.py
[2025-12-12T08:42:54.815-0500] {logging_mixin.py:188} INFO - [2025-12-12T08:42:54.815-0500] {dag.py:3096} INFO - Sync 1 DAGs
[2025-12-12T08:42:54.820-0500] {logging_mixin.py:188} INFO - [2025-12-12T08:42:54.820-0500] {dag.py:3954} INFO - Setting next_dagrun for example_short_circuit_decorator to 2025-12-11 00:00:00+00:00, run_after=2025-12-12 00:00:00+00:00
[2025-12-12T08:42:54.825-0500] {processor.py:183} INFO - Processing /Users/evankrupa/airflow_project/env/lib/python3.11/site-packages/airflow/example_dags/example_short_circuit_decorator.py took 0.052 seconds
[2025-12-12T08:44:18.646-0500] {processor.py:161} INFO - Started process (PID=65632) to work on /Users/evankrupa/airflow_project/env/lib/python3.11/site-packages/airflow/example_dags/example_short_circuit_decorator.py
[2025-12-12T08:44:18.647-0500] {processor.py:830} INFO - Processing file /Users/evankrupa/airflow_project/env/lib/python3.11/site-packages/airflow/example_dags/example_short_circuit_decorator.py for tasks to queue
[2025-12-12T08:44:18.647-0500] {logging_mixin.py:188} INFO - [2025-12-12T08:44:18.647-0500] {dagbag.py:545} INFO - Filling up the DagBag from /Users/evankrupa/airflow_project/env/lib/python3.11/site-packages/airflow/example_dags/example_short_circuit_decorator.py
[2025-12-12T08:44:18.659-0500] {processor.py:840} INFO - DAG(s) 'example_short_circuit_decorator' retrieved from /Users/evankrupa/airflow_project/env/lib/python3.11/site-packages/airflow/example_dags/example_short_circuit_decorator.py
[2025-12-12T08:44:18.687-0500] {logging_mixin.py:188} INFO - [2025-12-12T08:44:18.687-0500] {dag.py:3096} INFO - Sync 1 DAGs
[2025-12-12T08:44:18.691-0500] {logging_mixin.py:188} INFO - [2025-12-12T08:44:18.691-0500] {dag.py:3954} INFO - Setting next_dagrun for example_short_circuit_decorator to 2025-12-11 00:00:00+00:00, run_after=2025-12-12 00:00:00+00:00
[2025-12-12T08:44:18.696-0500] {processor.py:183} INFO - Processing /Users/evankrupa/airflow_project/env/lib/python3.11/site-packages/airflow/example_dags/example_short_circuit_decorator.py took 0.052 seconds
[2025-12-12T08:45:43.599-0500] {processor.py:161} INFO - Started process (PID=65711) to work on /Users/evankrupa/airflow_project/env/lib/python3.11/site-packages/airflow/example_dags/example_short_circuit_decorator.py
[2025-12-12T08:45:43.600-0500] {processor.py:830} INFO - Processing file /Users/evankrupa/airflow_project/env/lib/python3.11/site-packages/airflow/example_dags/example_short_circuit_decorator.py for tasks to queue
[2025-12-12T08:45:43.600-0500] {logging_mixin.py:188} INFO - [2025-12-12T08:45:43.600-0500] {dagbag.py:545} INFO - Filling up the DagBag from /Users/evankrupa/airflow_project/env/lib/python3.11/site-packages/airflow/example_dags/example_short_circuit_decorator.py
[2025-12-12T08:45:43.612-0500] {processor.py:840} INFO - DAG(s) 'example_short_circuit_decorator' retrieved from /Users/evankrupa/airflow_project/env/lib/python3.11/site-packages/airflow/example_dags/example_short_circuit_decorator.py
[2025-12-12T08:45:43.639-0500] {logging_mixin.py:188} INFO - [2025-12-12T08:45:43.639-0500] {dag.py:3096} INFO - Sync 1 DAGs
[2025-12-12T08:45:43.644-0500] {logging_mixin.py:188} INFO - [2025-12-12T08:45:43.644-0500] {dag.py:3954} INFO - Setting next_dagrun for example_short_circuit_decorator to 2025-12-11 00:00:00+00:00, run_after=2025-12-12 00:00:00+00:00
[2025-12-12T08:45:43.649-0500] {processor.py:183} INFO - Processing /Users/evankrupa/airflow_project/env/lib/python3.11/site-packages/airflow/example_dags/example_short_circuit_decorator.py took 0.051 seconds
