[2025-12-12T07:25:52.636-0500] {processor.py:161} INFO - Started process (PID=56877) to work on /Users/evankrupa/airflow_project/env/lib/python3.11/site-packages/airflow/example_dags/example_kubernetes_executor.py
[2025-12-12T07:25:52.636-0500] {processor.py:830} INFO - Processing file /Users/evankrupa/airflow_project/env/lib/python3.11/site-packages/airflow/example_dags/example_kubernetes_executor.py for tasks to queue
[2025-12-12T07:25:52.637-0500] {logging_mixin.py:188} INFO - [2025-12-12T07:25:52.637-0500] {dagbag.py:545} INFO - Filling up the DagBag from /Users/evankrupa/airflow_project/env/lib/python3.11/site-packages/airflow/example_dags/example_kubernetes_executor.py
[2025-12-12T07:25:52.648-0500] {logging_mixin.py:188} INFO - [2025-12-12T07:25:52.648-0500] {example_kubernetes_executor.py:39} WARNING - The example_kubernetes_executor example DAG requires the kubernetes provider. Please install it with: pip install apache-airflow[cncf.kubernetes]
[2025-12-12T07:25:52.648-0500] {processor.py:842} WARNING - No viable dags retrieved from /Users/evankrupa/airflow_project/env/lib/python3.11/site-packages/airflow/example_dags/example_kubernetes_executor.py
[2025-12-12T07:25:52.670-0500] {processor.py:183} INFO - Processing /Users/evankrupa/airflow_project/env/lib/python3.11/site-packages/airflow/example_dags/example_kubernetes_executor.py took 0.035 seconds
[2025-12-12T07:27:17.662-0500] {processor.py:161} INFO - Started process (PID=57500) to work on /Users/evankrupa/airflow_project/env/lib/python3.11/site-packages/airflow/example_dags/example_kubernetes_executor.py
[2025-12-12T07:27:17.663-0500] {processor.py:830} INFO - Processing file /Users/evankrupa/airflow_project/env/lib/python3.11/site-packages/airflow/example_dags/example_kubernetes_executor.py for tasks to queue
[2025-12-12T07:27:17.663-0500] {logging_mixin.py:188} INFO - [2025-12-12T07:27:17.663-0500] {dagbag.py:545} INFO - Filling up the DagBag from /Users/evankrupa/airflow_project/env/lib/python3.11/site-packages/airflow/example_dags/example_kubernetes_executor.py
[2025-12-12T07:27:17.674-0500] {logging_mixin.py:188} INFO - [2025-12-12T07:27:17.674-0500] {example_kubernetes_executor.py:39} WARNING - The example_kubernetes_executor example DAG requires the kubernetes provider. Please install it with: pip install apache-airflow[cncf.kubernetes]
[2025-12-12T07:27:17.674-0500] {processor.py:842} WARNING - No viable dags retrieved from /Users/evankrupa/airflow_project/env/lib/python3.11/site-packages/airflow/example_dags/example_kubernetes_executor.py
[2025-12-12T07:27:17.696-0500] {processor.py:183} INFO - Processing /Users/evankrupa/airflow_project/env/lib/python3.11/site-packages/airflow/example_dags/example_kubernetes_executor.py took 0.035 seconds
[2025-12-12T07:28:44.278-0500] {processor.py:161} INFO - Started process (PID=57757) to work on /Users/evankrupa/airflow_project/env/lib/python3.11/site-packages/airflow/example_dags/example_kubernetes_executor.py
[2025-12-12T07:28:44.279-0500] {processor.py:830} INFO - Processing file /Users/evankrupa/airflow_project/env/lib/python3.11/site-packages/airflow/example_dags/example_kubernetes_executor.py for tasks to queue
[2025-12-12T07:28:44.279-0500] {logging_mixin.py:188} INFO - [2025-12-12T07:28:44.279-0500] {dagbag.py:545} INFO - Filling up the DagBag from /Users/evankrupa/airflow_project/env/lib/python3.11/site-packages/airflow/example_dags/example_kubernetes_executor.py
[2025-12-12T07:28:44.290-0500] {logging_mixin.py:188} INFO - [2025-12-12T07:28:44.290-0500] {example_kubernetes_executor.py:39} WARNING - The example_kubernetes_executor example DAG requires the kubernetes provider. Please install it with: pip install apache-airflow[cncf.kubernetes]
[2025-12-12T07:28:44.290-0500] {processor.py:842} WARNING - No viable dags retrieved from /Users/evankrupa/airflow_project/env/lib/python3.11/site-packages/airflow/example_dags/example_kubernetes_executor.py
[2025-12-12T07:28:44.312-0500] {processor.py:183} INFO - Processing /Users/evankrupa/airflow_project/env/lib/python3.11/site-packages/airflow/example_dags/example_kubernetes_executor.py took 0.035 seconds
[2025-12-12T07:30:08.596-0500] {processor.py:161} INFO - Started process (PID=57994) to work on /Users/evankrupa/airflow_project/env/lib/python3.11/site-packages/airflow/example_dags/example_kubernetes_executor.py
[2025-12-12T07:30:08.597-0500] {processor.py:830} INFO - Processing file /Users/evankrupa/airflow_project/env/lib/python3.11/site-packages/airflow/example_dags/example_kubernetes_executor.py for tasks to queue
[2025-12-12T07:30:08.597-0500] {logging_mixin.py:188} INFO - [2025-12-12T07:30:08.597-0500] {dagbag.py:545} INFO - Filling up the DagBag from /Users/evankrupa/airflow_project/env/lib/python3.11/site-packages/airflow/example_dags/example_kubernetes_executor.py
[2025-12-12T07:30:08.608-0500] {logging_mixin.py:188} INFO - [2025-12-12T07:30:08.608-0500] {example_kubernetes_executor.py:39} WARNING - The example_kubernetes_executor example DAG requires the kubernetes provider. Please install it with: pip install apache-airflow[cncf.kubernetes]
[2025-12-12T07:30:08.608-0500] {processor.py:842} WARNING - No viable dags retrieved from /Users/evankrupa/airflow_project/env/lib/python3.11/site-packages/airflow/example_dags/example_kubernetes_executor.py
[2025-12-12T07:30:08.630-0500] {processor.py:183} INFO - Processing /Users/evankrupa/airflow_project/env/lib/python3.11/site-packages/airflow/example_dags/example_kubernetes_executor.py took 0.035 seconds
[2025-12-12T07:31:34.106-0500] {processor.py:161} INFO - Started process (PID=58323) to work on /Users/evankrupa/airflow_project/env/lib/python3.11/site-packages/airflow/example_dags/example_kubernetes_executor.py
[2025-12-12T07:31:34.106-0500] {processor.py:830} INFO - Processing file /Users/evankrupa/airflow_project/env/lib/python3.11/site-packages/airflow/example_dags/example_kubernetes_executor.py for tasks to queue
[2025-12-12T07:31:34.107-0500] {logging_mixin.py:188} INFO - [2025-12-12T07:31:34.106-0500] {dagbag.py:545} INFO - Filling up the DagBag from /Users/evankrupa/airflow_project/env/lib/python3.11/site-packages/airflow/example_dags/example_kubernetes_executor.py
[2025-12-12T07:31:34.118-0500] {logging_mixin.py:188} INFO - [2025-12-12T07:31:34.118-0500] {example_kubernetes_executor.py:39} WARNING - The example_kubernetes_executor example DAG requires the kubernetes provider. Please install it with: pip install apache-airflow[cncf.kubernetes]
[2025-12-12T07:31:34.118-0500] {processor.py:842} WARNING - No viable dags retrieved from /Users/evankrupa/airflow_project/env/lib/python3.11/site-packages/airflow/example_dags/example_kubernetes_executor.py
[2025-12-12T07:31:34.140-0500] {processor.py:183} INFO - Processing /Users/evankrupa/airflow_project/env/lib/python3.11/site-packages/airflow/example_dags/example_kubernetes_executor.py took 0.035 seconds
[2025-12-12T07:33:01.529-0500] {processor.py:161} INFO - Started process (PID=58433) to work on /Users/evankrupa/airflow_project/env/lib/python3.11/site-packages/airflow/example_dags/example_kubernetes_executor.py
[2025-12-12T07:33:01.530-0500] {processor.py:830} INFO - Processing file /Users/evankrupa/airflow_project/env/lib/python3.11/site-packages/airflow/example_dags/example_kubernetes_executor.py for tasks to queue
[2025-12-12T07:33:01.530-0500] {logging_mixin.py:188} INFO - [2025-12-12T07:33:01.530-0500] {dagbag.py:545} INFO - Filling up the DagBag from /Users/evankrupa/airflow_project/env/lib/python3.11/site-packages/airflow/example_dags/example_kubernetes_executor.py
[2025-12-12T07:33:01.541-0500] {logging_mixin.py:188} INFO - [2025-12-12T07:33:01.541-0500] {example_kubernetes_executor.py:39} WARNING - The example_kubernetes_executor example DAG requires the kubernetes provider. Please install it with: pip install apache-airflow[cncf.kubernetes]
[2025-12-12T07:33:01.541-0500] {processor.py:842} WARNING - No viable dags retrieved from /Users/evankrupa/airflow_project/env/lib/python3.11/site-packages/airflow/example_dags/example_kubernetes_executor.py
[2025-12-12T07:33:01.563-0500] {processor.py:183} INFO - Processing /Users/evankrupa/airflow_project/env/lib/python3.11/site-packages/airflow/example_dags/example_kubernetes_executor.py took 0.035 seconds
[2025-12-12T07:34:27.443-0500] {processor.py:161} INFO - Started process (PID=58509) to work on /Users/evankrupa/airflow_project/env/lib/python3.11/site-packages/airflow/example_dags/example_kubernetes_executor.py
[2025-12-12T07:34:27.444-0500] {processor.py:830} INFO - Processing file /Users/evankrupa/airflow_project/env/lib/python3.11/site-packages/airflow/example_dags/example_kubernetes_executor.py for tasks to queue
[2025-12-12T07:34:27.445-0500] {logging_mixin.py:188} INFO - [2025-12-12T07:34:27.445-0500] {dagbag.py:545} INFO - Filling up the DagBag from /Users/evankrupa/airflow_project/env/lib/python3.11/site-packages/airflow/example_dags/example_kubernetes_executor.py
[2025-12-12T07:34:27.456-0500] {logging_mixin.py:188} INFO - [2025-12-12T07:34:27.456-0500] {example_kubernetes_executor.py:39} WARNING - The example_kubernetes_executor example DAG requires the kubernetes provider. Please install it with: pip install apache-airflow[cncf.kubernetes]
[2025-12-12T07:34:27.456-0500] {processor.py:842} WARNING - No viable dags retrieved from /Users/evankrupa/airflow_project/env/lib/python3.11/site-packages/airflow/example_dags/example_kubernetes_executor.py
[2025-12-12T07:34:27.479-0500] {processor.py:183} INFO - Processing /Users/evankrupa/airflow_project/env/lib/python3.11/site-packages/airflow/example_dags/example_kubernetes_executor.py took 0.036 seconds
[2025-12-12T07:35:50.318-0500] {processor.py:161} INFO - Started process (PID=58583) to work on /Users/evankrupa/airflow_project/env/lib/python3.11/site-packages/airflow/example_dags/example_kubernetes_executor.py
[2025-12-12T07:35:50.319-0500] {processor.py:830} INFO - Processing file /Users/evankrupa/airflow_project/env/lib/python3.11/site-packages/airflow/example_dags/example_kubernetes_executor.py for tasks to queue
[2025-12-12T07:35:50.319-0500] {logging_mixin.py:188} INFO - [2025-12-12T07:35:50.319-0500] {dagbag.py:545} INFO - Filling up the DagBag from /Users/evankrupa/airflow_project/env/lib/python3.11/site-packages/airflow/example_dags/example_kubernetes_executor.py
[2025-12-12T07:35:50.331-0500] {logging_mixin.py:188} INFO - [2025-12-12T07:35:50.331-0500] {example_kubernetes_executor.py:39} WARNING - The example_kubernetes_executor example DAG requires the kubernetes provider. Please install it with: pip install apache-airflow[cncf.kubernetes]
[2025-12-12T07:35:50.331-0500] {processor.py:842} WARNING - No viable dags retrieved from /Users/evankrupa/airflow_project/env/lib/python3.11/site-packages/airflow/example_dags/example_kubernetes_executor.py
[2025-12-12T07:35:50.353-0500] {processor.py:183} INFO - Processing /Users/evankrupa/airflow_project/env/lib/python3.11/site-packages/airflow/example_dags/example_kubernetes_executor.py took 0.036 seconds
[2025-12-12T07:37:14.977-0500] {processor.py:161} INFO - Started process (PID=58652) to work on /Users/evankrupa/airflow_project/env/lib/python3.11/site-packages/airflow/example_dags/example_kubernetes_executor.py
[2025-12-12T07:37:14.978-0500] {processor.py:830} INFO - Processing file /Users/evankrupa/airflow_project/env/lib/python3.11/site-packages/airflow/example_dags/example_kubernetes_executor.py for tasks to queue
[2025-12-12T07:37:14.978-0500] {logging_mixin.py:188} INFO - [2025-12-12T07:37:14.978-0500] {dagbag.py:545} INFO - Filling up the DagBag from /Users/evankrupa/airflow_project/env/lib/python3.11/site-packages/airflow/example_dags/example_kubernetes_executor.py
[2025-12-12T07:37:14.989-0500] {logging_mixin.py:188} INFO - [2025-12-12T07:37:14.989-0500] {example_kubernetes_executor.py:39} WARNING - The example_kubernetes_executor example DAG requires the kubernetes provider. Please install it with: pip install apache-airflow[cncf.kubernetes]
[2025-12-12T07:37:14.989-0500] {processor.py:842} WARNING - No viable dags retrieved from /Users/evankrupa/airflow_project/env/lib/python3.11/site-packages/airflow/example_dags/example_kubernetes_executor.py
[2025-12-12T07:37:15.011-0500] {processor.py:183} INFO - Processing /Users/evankrupa/airflow_project/env/lib/python3.11/site-packages/airflow/example_dags/example_kubernetes_executor.py took 0.035 seconds
[2025-12-12T07:38:38.248-0500] {processor.py:161} INFO - Started process (PID=58733) to work on /Users/evankrupa/airflow_project/env/lib/python3.11/site-packages/airflow/example_dags/example_kubernetes_executor.py
[2025-12-12T07:38:38.249-0500] {processor.py:830} INFO - Processing file /Users/evankrupa/airflow_project/env/lib/python3.11/site-packages/airflow/example_dags/example_kubernetes_executor.py for tasks to queue
[2025-12-12T07:38:38.249-0500] {logging_mixin.py:188} INFO - [2025-12-12T07:38:38.249-0500] {dagbag.py:545} INFO - Filling up the DagBag from /Users/evankrupa/airflow_project/env/lib/python3.11/site-packages/airflow/example_dags/example_kubernetes_executor.py
[2025-12-12T07:38:38.260-0500] {logging_mixin.py:188} INFO - [2025-12-12T07:38:38.260-0500] {example_kubernetes_executor.py:39} WARNING - The example_kubernetes_executor example DAG requires the kubernetes provider. Please install it with: pip install apache-airflow[cncf.kubernetes]
[2025-12-12T07:38:38.260-0500] {processor.py:842} WARNING - No viable dags retrieved from /Users/evankrupa/airflow_project/env/lib/python3.11/site-packages/airflow/example_dags/example_kubernetes_executor.py
[2025-12-12T07:38:38.282-0500] {processor.py:183} INFO - Processing /Users/evankrupa/airflow_project/env/lib/python3.11/site-packages/airflow/example_dags/example_kubernetes_executor.py took 0.035 seconds
[2025-12-12T07:40:05.365-0500] {processor.py:161} INFO - Started process (PID=58855) to work on /Users/evankrupa/airflow_project/env/lib/python3.11/site-packages/airflow/example_dags/example_kubernetes_executor.py
[2025-12-12T07:40:05.366-0500] {processor.py:830} INFO - Processing file /Users/evankrupa/airflow_project/env/lib/python3.11/site-packages/airflow/example_dags/example_kubernetes_executor.py for tasks to queue
[2025-12-12T07:40:05.366-0500] {logging_mixin.py:188} INFO - [2025-12-12T07:40:05.366-0500] {dagbag.py:545} INFO - Filling up the DagBag from /Users/evankrupa/airflow_project/env/lib/python3.11/site-packages/airflow/example_dags/example_kubernetes_executor.py
[2025-12-12T07:40:05.379-0500] {logging_mixin.py:188} INFO - [2025-12-12T07:40:05.379-0500] {example_kubernetes_executor.py:39} WARNING - The example_kubernetes_executor example DAG requires the kubernetes provider. Please install it with: pip install apache-airflow[cncf.kubernetes]
[2025-12-12T07:40:05.379-0500] {processor.py:842} WARNING - No viable dags retrieved from /Users/evankrupa/airflow_project/env/lib/python3.11/site-packages/airflow/example_dags/example_kubernetes_executor.py
[2025-12-12T07:40:05.402-0500] {processor.py:183} INFO - Processing /Users/evankrupa/airflow_project/env/lib/python3.11/site-packages/airflow/example_dags/example_kubernetes_executor.py took 0.038 seconds
[2025-12-12T07:41:31.037-0500] {processor.py:161} INFO - Started process (PID=58950) to work on /Users/evankrupa/airflow_project/env/lib/python3.11/site-packages/airflow/example_dags/example_kubernetes_executor.py
[2025-12-12T07:41:31.038-0500] {processor.py:830} INFO - Processing file /Users/evankrupa/airflow_project/env/lib/python3.11/site-packages/airflow/example_dags/example_kubernetes_executor.py for tasks to queue
[2025-12-12T07:41:31.038-0500] {logging_mixin.py:188} INFO - [2025-12-12T07:41:31.038-0500] {dagbag.py:545} INFO - Filling up the DagBag from /Users/evankrupa/airflow_project/env/lib/python3.11/site-packages/airflow/example_dags/example_kubernetes_executor.py
[2025-12-12T07:41:31.050-0500] {logging_mixin.py:188} INFO - [2025-12-12T07:41:31.050-0500] {example_kubernetes_executor.py:39} WARNING - The example_kubernetes_executor example DAG requires the kubernetes provider. Please install it with: pip install apache-airflow[cncf.kubernetes]
[2025-12-12T07:41:31.050-0500] {processor.py:842} WARNING - No viable dags retrieved from /Users/evankrupa/airflow_project/env/lib/python3.11/site-packages/airflow/example_dags/example_kubernetes_executor.py
[2025-12-12T07:41:31.073-0500] {processor.py:183} INFO - Processing /Users/evankrupa/airflow_project/env/lib/python3.11/site-packages/airflow/example_dags/example_kubernetes_executor.py took 0.037 seconds
[2025-12-12T07:42:54.804-0500] {processor.py:161} INFO - Started process (PID=59112) to work on /Users/evankrupa/airflow_project/env/lib/python3.11/site-packages/airflow/example_dags/example_kubernetes_executor.py
[2025-12-12T07:42:54.805-0500] {processor.py:830} INFO - Processing file /Users/evankrupa/airflow_project/env/lib/python3.11/site-packages/airflow/example_dags/example_kubernetes_executor.py for tasks to queue
[2025-12-12T07:42:54.805-0500] {logging_mixin.py:188} INFO - [2025-12-12T07:42:54.805-0500] {dagbag.py:545} INFO - Filling up the DagBag from /Users/evankrupa/airflow_project/env/lib/python3.11/site-packages/airflow/example_dags/example_kubernetes_executor.py
[2025-12-12T07:42:54.821-0500] {logging_mixin.py:188} INFO - [2025-12-12T07:42:54.821-0500] {example_kubernetes_executor.py:39} WARNING - The example_kubernetes_executor example DAG requires the kubernetes provider. Please install it with: pip install apache-airflow[cncf.kubernetes]
[2025-12-12T07:42:54.821-0500] {processor.py:842} WARNING - No viable dags retrieved from /Users/evankrupa/airflow_project/env/lib/python3.11/site-packages/airflow/example_dags/example_kubernetes_executor.py
[2025-12-12T07:42:54.843-0500] {processor.py:183} INFO - Processing /Users/evankrupa/airflow_project/env/lib/python3.11/site-packages/airflow/example_dags/example_kubernetes_executor.py took 0.040 seconds
[2025-12-12T07:44:18.896-0500] {processor.py:161} INFO - Started process (PID=59198) to work on /Users/evankrupa/airflow_project/env/lib/python3.11/site-packages/airflow/example_dags/example_kubernetes_executor.py
[2025-12-12T07:44:18.897-0500] {processor.py:830} INFO - Processing file /Users/evankrupa/airflow_project/env/lib/python3.11/site-packages/airflow/example_dags/example_kubernetes_executor.py for tasks to queue
[2025-12-12T07:44:18.897-0500] {logging_mixin.py:188} INFO - [2025-12-12T07:44:18.897-0500] {dagbag.py:545} INFO - Filling up the DagBag from /Users/evankrupa/airflow_project/env/lib/python3.11/site-packages/airflow/example_dags/example_kubernetes_executor.py
[2025-12-12T07:44:18.908-0500] {logging_mixin.py:188} INFO - [2025-12-12T07:44:18.908-0500] {example_kubernetes_executor.py:39} WARNING - The example_kubernetes_executor example DAG requires the kubernetes provider. Please install it with: pip install apache-airflow[cncf.kubernetes]
[2025-12-12T07:44:18.908-0500] {processor.py:842} WARNING - No viable dags retrieved from /Users/evankrupa/airflow_project/env/lib/python3.11/site-packages/airflow/example_dags/example_kubernetes_executor.py
[2025-12-12T07:44:18.930-0500] {processor.py:183} INFO - Processing /Users/evankrupa/airflow_project/env/lib/python3.11/site-packages/airflow/example_dags/example_kubernetes_executor.py took 0.035 seconds
[2025-12-12T07:45:45.407-0500] {processor.py:161} INFO - Started process (PID=59280) to work on /Users/evankrupa/airflow_project/env/lib/python3.11/site-packages/airflow/example_dags/example_kubernetes_executor.py
[2025-12-12T07:45:45.407-0500] {processor.py:830} INFO - Processing file /Users/evankrupa/airflow_project/env/lib/python3.11/site-packages/airflow/example_dags/example_kubernetes_executor.py for tasks to queue
[2025-12-12T07:45:45.408-0500] {logging_mixin.py:188} INFO - [2025-12-12T07:45:45.407-0500] {dagbag.py:545} INFO - Filling up the DagBag from /Users/evankrupa/airflow_project/env/lib/python3.11/site-packages/airflow/example_dags/example_kubernetes_executor.py
[2025-12-12T07:45:45.419-0500] {logging_mixin.py:188} INFO - [2025-12-12T07:45:45.418-0500] {example_kubernetes_executor.py:39} WARNING - The example_kubernetes_executor example DAG requires the kubernetes provider. Please install it with: pip install apache-airflow[cncf.kubernetes]
[2025-12-12T07:45:45.419-0500] {processor.py:842} WARNING - No viable dags retrieved from /Users/evankrupa/airflow_project/env/lib/python3.11/site-packages/airflow/example_dags/example_kubernetes_executor.py
[2025-12-12T07:45:45.441-0500] {processor.py:183} INFO - Processing /Users/evankrupa/airflow_project/env/lib/python3.11/site-packages/airflow/example_dags/example_kubernetes_executor.py took 0.035 seconds
[2025-12-12T07:47:08.391-0500] {processor.py:161} INFO - Started process (PID=59357) to work on /Users/evankrupa/airflow_project/env/lib/python3.11/site-packages/airflow/example_dags/example_kubernetes_executor.py
[2025-12-12T07:47:08.392-0500] {processor.py:830} INFO - Processing file /Users/evankrupa/airflow_project/env/lib/python3.11/site-packages/airflow/example_dags/example_kubernetes_executor.py for tasks to queue
[2025-12-12T07:47:08.392-0500] {logging_mixin.py:188} INFO - [2025-12-12T07:47:08.392-0500] {dagbag.py:545} INFO - Filling up the DagBag from /Users/evankrupa/airflow_project/env/lib/python3.11/site-packages/airflow/example_dags/example_kubernetes_executor.py
[2025-12-12T07:47:08.403-0500] {logging_mixin.py:188} INFO - [2025-12-12T07:47:08.403-0500] {example_kubernetes_executor.py:39} WARNING - The example_kubernetes_executor example DAG requires the kubernetes provider. Please install it with: pip install apache-airflow[cncf.kubernetes]
[2025-12-12T07:47:08.404-0500] {processor.py:842} WARNING - No viable dags retrieved from /Users/evankrupa/airflow_project/env/lib/python3.11/site-packages/airflow/example_dags/example_kubernetes_executor.py
[2025-12-12T07:47:08.426-0500] {processor.py:183} INFO - Processing /Users/evankrupa/airflow_project/env/lib/python3.11/site-packages/airflow/example_dags/example_kubernetes_executor.py took 0.035 seconds
[2025-12-12T07:48:36.405-0500] {processor.py:161} INFO - Started process (PID=59472) to work on /Users/evankrupa/airflow_project/env/lib/python3.11/site-packages/airflow/example_dags/example_kubernetes_executor.py
[2025-12-12T07:48:36.406-0500] {processor.py:830} INFO - Processing file /Users/evankrupa/airflow_project/env/lib/python3.11/site-packages/airflow/example_dags/example_kubernetes_executor.py for tasks to queue
[2025-12-12T07:48:36.406-0500] {logging_mixin.py:188} INFO - [2025-12-12T07:48:36.406-0500] {dagbag.py:545} INFO - Filling up the DagBag from /Users/evankrupa/airflow_project/env/lib/python3.11/site-packages/airflow/example_dags/example_kubernetes_executor.py
[2025-12-12T07:48:36.417-0500] {logging_mixin.py:188} INFO - [2025-12-12T07:48:36.417-0500] {example_kubernetes_executor.py:39} WARNING - The example_kubernetes_executor example DAG requires the kubernetes provider. Please install it with: pip install apache-airflow[cncf.kubernetes]
[2025-12-12T07:48:36.418-0500] {processor.py:842} WARNING - No viable dags retrieved from /Users/evankrupa/airflow_project/env/lib/python3.11/site-packages/airflow/example_dags/example_kubernetes_executor.py
[2025-12-12T07:48:36.442-0500] {processor.py:183} INFO - Processing /Users/evankrupa/airflow_project/env/lib/python3.11/site-packages/airflow/example_dags/example_kubernetes_executor.py took 0.037 seconds
[2025-12-12T07:50:01.905-0500] {processor.py:161} INFO - Started process (PID=59548) to work on /Users/evankrupa/airflow_project/env/lib/python3.11/site-packages/airflow/example_dags/example_kubernetes_executor.py
[2025-12-12T07:50:01.905-0500] {processor.py:830} INFO - Processing file /Users/evankrupa/airflow_project/env/lib/python3.11/site-packages/airflow/example_dags/example_kubernetes_executor.py for tasks to queue
[2025-12-12T07:50:01.906-0500] {logging_mixin.py:188} INFO - [2025-12-12T07:50:01.905-0500] {dagbag.py:545} INFO - Filling up the DagBag from /Users/evankrupa/airflow_project/env/lib/python3.11/site-packages/airflow/example_dags/example_kubernetes_executor.py
[2025-12-12T07:50:01.917-0500] {logging_mixin.py:188} INFO - [2025-12-12T07:50:01.917-0500] {example_kubernetes_executor.py:39} WARNING - The example_kubernetes_executor example DAG requires the kubernetes provider. Please install it with: pip install apache-airflow[cncf.kubernetes]
[2025-12-12T07:50:01.917-0500] {processor.py:842} WARNING - No viable dags retrieved from /Users/evankrupa/airflow_project/env/lib/python3.11/site-packages/airflow/example_dags/example_kubernetes_executor.py
[2025-12-12T07:50:01.939-0500] {processor.py:183} INFO - Processing /Users/evankrupa/airflow_project/env/lib/python3.11/site-packages/airflow/example_dags/example_kubernetes_executor.py took 0.035 seconds
[2025-12-12T07:51:26.958-0500] {processor.py:161} INFO - Started process (PID=59617) to work on /Users/evankrupa/airflow_project/env/lib/python3.11/site-packages/airflow/example_dags/example_kubernetes_executor.py
[2025-12-12T07:51:26.958-0500] {processor.py:830} INFO - Processing file /Users/evankrupa/airflow_project/env/lib/python3.11/site-packages/airflow/example_dags/example_kubernetes_executor.py for tasks to queue
[2025-12-12T07:51:26.958-0500] {logging_mixin.py:188} INFO - [2025-12-12T07:51:26.958-0500] {dagbag.py:545} INFO - Filling up the DagBag from /Users/evankrupa/airflow_project/env/lib/python3.11/site-packages/airflow/example_dags/example_kubernetes_executor.py
[2025-12-12T07:51:26.969-0500] {logging_mixin.py:188} INFO - [2025-12-12T07:51:26.969-0500] {example_kubernetes_executor.py:39} WARNING - The example_kubernetes_executor example DAG requires the kubernetes provider. Please install it with: pip install apache-airflow[cncf.kubernetes]
[2025-12-12T07:51:26.969-0500] {processor.py:842} WARNING - No viable dags retrieved from /Users/evankrupa/airflow_project/env/lib/python3.11/site-packages/airflow/example_dags/example_kubernetes_executor.py
[2025-12-12T07:51:26.992-0500] {processor.py:183} INFO - Processing /Users/evankrupa/airflow_project/env/lib/python3.11/site-packages/airflow/example_dags/example_kubernetes_executor.py took 0.035 seconds
[2025-12-12T07:52:50.792-0500] {processor.py:161} INFO - Started process (PID=59691) to work on /Users/evankrupa/airflow_project/env/lib/python3.11/site-packages/airflow/example_dags/example_kubernetes_executor.py
[2025-12-12T07:52:50.793-0500] {processor.py:830} INFO - Processing file /Users/evankrupa/airflow_project/env/lib/python3.11/site-packages/airflow/example_dags/example_kubernetes_executor.py for tasks to queue
[2025-12-12T07:52:50.793-0500] {logging_mixin.py:188} INFO - [2025-12-12T07:52:50.793-0500] {dagbag.py:545} INFO - Filling up the DagBag from /Users/evankrupa/airflow_project/env/lib/python3.11/site-packages/airflow/example_dags/example_kubernetes_executor.py
[2025-12-12T07:52:50.804-0500] {logging_mixin.py:188} INFO - [2025-12-12T07:52:50.804-0500] {example_kubernetes_executor.py:39} WARNING - The example_kubernetes_executor example DAG requires the kubernetes provider. Please install it with: pip install apache-airflow[cncf.kubernetes]
[2025-12-12T07:52:50.804-0500] {processor.py:842} WARNING - No viable dags retrieved from /Users/evankrupa/airflow_project/env/lib/python3.11/site-packages/airflow/example_dags/example_kubernetes_executor.py
[2025-12-12T07:52:50.826-0500] {processor.py:183} INFO - Processing /Users/evankrupa/airflow_project/env/lib/python3.11/site-packages/airflow/example_dags/example_kubernetes_executor.py took 0.035 seconds
[2025-12-12T07:54:11.355-0500] {processor.py:161} INFO - Started process (PID=59770) to work on /Users/evankrupa/airflow_project/env/lib/python3.11/site-packages/airflow/example_dags/example_kubernetes_executor.py
[2025-12-12T07:54:11.355-0500] {processor.py:830} INFO - Processing file /Users/evankrupa/airflow_project/env/lib/python3.11/site-packages/airflow/example_dags/example_kubernetes_executor.py for tasks to queue
[2025-12-12T07:54:11.355-0500] {logging_mixin.py:188} INFO - [2025-12-12T07:54:11.355-0500] {dagbag.py:545} INFO - Filling up the DagBag from /Users/evankrupa/airflow_project/env/lib/python3.11/site-packages/airflow/example_dags/example_kubernetes_executor.py
[2025-12-12T07:54:11.367-0500] {logging_mixin.py:188} INFO - [2025-12-12T07:54:11.367-0500] {example_kubernetes_executor.py:39} WARNING - The example_kubernetes_executor example DAG requires the kubernetes provider. Please install it with: pip install apache-airflow[cncf.kubernetes]
[2025-12-12T07:54:11.367-0500] {processor.py:842} WARNING - No viable dags retrieved from /Users/evankrupa/airflow_project/env/lib/python3.11/site-packages/airflow/example_dags/example_kubernetes_executor.py
[2025-12-12T07:54:11.389-0500] {processor.py:183} INFO - Processing /Users/evankrupa/airflow_project/env/lib/python3.11/site-packages/airflow/example_dags/example_kubernetes_executor.py took 0.035 seconds
[2025-12-12T07:55:37.908-0500] {processor.py:161} INFO - Started process (PID=59857) to work on /Users/evankrupa/airflow_project/env/lib/python3.11/site-packages/airflow/example_dags/example_kubernetes_executor.py
[2025-12-12T07:55:37.908-0500] {processor.py:830} INFO - Processing file /Users/evankrupa/airflow_project/env/lib/python3.11/site-packages/airflow/example_dags/example_kubernetes_executor.py for tasks to queue
[2025-12-12T07:55:37.909-0500] {logging_mixin.py:188} INFO - [2025-12-12T07:55:37.909-0500] {dagbag.py:545} INFO - Filling up the DagBag from /Users/evankrupa/airflow_project/env/lib/python3.11/site-packages/airflow/example_dags/example_kubernetes_executor.py
[2025-12-12T07:55:37.920-0500] {logging_mixin.py:188} INFO - [2025-12-12T07:55:37.920-0500] {example_kubernetes_executor.py:39} WARNING - The example_kubernetes_executor example DAG requires the kubernetes provider. Please install it with: pip install apache-airflow[cncf.kubernetes]
[2025-12-12T07:55:37.920-0500] {processor.py:842} WARNING - No viable dags retrieved from /Users/evankrupa/airflow_project/env/lib/python3.11/site-packages/airflow/example_dags/example_kubernetes_executor.py
[2025-12-12T07:55:37.943-0500] {processor.py:183} INFO - Processing /Users/evankrupa/airflow_project/env/lib/python3.11/site-packages/airflow/example_dags/example_kubernetes_executor.py took 0.036 seconds
[2025-12-12T07:57:02.423-0500] {processor.py:161} INFO - Started process (PID=59925) to work on /Users/evankrupa/airflow_project/env/lib/python3.11/site-packages/airflow/example_dags/example_kubernetes_executor.py
[2025-12-12T07:57:02.424-0500] {processor.py:830} INFO - Processing file /Users/evankrupa/airflow_project/env/lib/python3.11/site-packages/airflow/example_dags/example_kubernetes_executor.py for tasks to queue
[2025-12-12T07:57:02.424-0500] {logging_mixin.py:188} INFO - [2025-12-12T07:57:02.424-0500] {dagbag.py:545} INFO - Filling up the DagBag from /Users/evankrupa/airflow_project/env/lib/python3.11/site-packages/airflow/example_dags/example_kubernetes_executor.py
[2025-12-12T07:57:02.436-0500] {logging_mixin.py:188} INFO - [2025-12-12T07:57:02.435-0500] {example_kubernetes_executor.py:39} WARNING - The example_kubernetes_executor example DAG requires the kubernetes provider. Please install it with: pip install apache-airflow[cncf.kubernetes]
[2025-12-12T07:57:02.436-0500] {processor.py:842} WARNING - No viable dags retrieved from /Users/evankrupa/airflow_project/env/lib/python3.11/site-packages/airflow/example_dags/example_kubernetes_executor.py
[2025-12-12T07:57:02.458-0500] {processor.py:183} INFO - Processing /Users/evankrupa/airflow_project/env/lib/python3.11/site-packages/airflow/example_dags/example_kubernetes_executor.py took 0.036 seconds
[2025-12-12T07:58:26.145-0500] {processor.py:161} INFO - Started process (PID=61186) to work on /Users/evankrupa/airflow_project/env/lib/python3.11/site-packages/airflow/example_dags/example_kubernetes_executor.py
[2025-12-12T07:58:26.146-0500] {processor.py:830} INFO - Processing file /Users/evankrupa/airflow_project/env/lib/python3.11/site-packages/airflow/example_dags/example_kubernetes_executor.py for tasks to queue
[2025-12-12T07:58:26.146-0500] {logging_mixin.py:188} INFO - [2025-12-12T07:58:26.146-0500] {dagbag.py:545} INFO - Filling up the DagBag from /Users/evankrupa/airflow_project/env/lib/python3.11/site-packages/airflow/example_dags/example_kubernetes_executor.py
[2025-12-12T07:58:26.157-0500] {logging_mixin.py:188} INFO - [2025-12-12T07:58:26.157-0500] {example_kubernetes_executor.py:39} WARNING - The example_kubernetes_executor example DAG requires the kubernetes provider. Please install it with: pip install apache-airflow[cncf.kubernetes]
[2025-12-12T07:58:26.157-0500] {processor.py:842} WARNING - No viable dags retrieved from /Users/evankrupa/airflow_project/env/lib/python3.11/site-packages/airflow/example_dags/example_kubernetes_executor.py
[2025-12-12T07:58:26.181-0500] {processor.py:183} INFO - Processing /Users/evankrupa/airflow_project/env/lib/python3.11/site-packages/airflow/example_dags/example_kubernetes_executor.py took 0.036 seconds
[2025-12-12T07:59:54.130-0500] {processor.py:161} INFO - Started process (PID=62734) to work on /Users/evankrupa/airflow_project/env/lib/python3.11/site-packages/airflow/example_dags/example_kubernetes_executor.py
[2025-12-12T07:59:54.131-0500] {processor.py:830} INFO - Processing file /Users/evankrupa/airflow_project/env/lib/python3.11/site-packages/airflow/example_dags/example_kubernetes_executor.py for tasks to queue
[2025-12-12T07:59:54.131-0500] {logging_mixin.py:188} INFO - [2025-12-12T07:59:54.131-0500] {dagbag.py:545} INFO - Filling up the DagBag from /Users/evankrupa/airflow_project/env/lib/python3.11/site-packages/airflow/example_dags/example_kubernetes_executor.py
[2025-12-12T07:59:54.142-0500] {logging_mixin.py:188} INFO - [2025-12-12T07:59:54.142-0500] {example_kubernetes_executor.py:39} WARNING - The example_kubernetes_executor example DAG requires the kubernetes provider. Please install it with: pip install apache-airflow[cncf.kubernetes]
[2025-12-12T07:59:54.142-0500] {processor.py:842} WARNING - No viable dags retrieved from /Users/evankrupa/airflow_project/env/lib/python3.11/site-packages/airflow/example_dags/example_kubernetes_executor.py
[2025-12-12T07:59:54.165-0500] {processor.py:183} INFO - Processing /Users/evankrupa/airflow_project/env/lib/python3.11/site-packages/airflow/example_dags/example_kubernetes_executor.py took 0.036 seconds
[2025-12-12T08:01:14.080-0500] {processor.py:161} INFO - Started process (PID=62801) to work on /Users/evankrupa/airflow_project/env/lib/python3.11/site-packages/airflow/example_dags/example_kubernetes_executor.py
[2025-12-12T08:01:14.081-0500] {processor.py:830} INFO - Processing file /Users/evankrupa/airflow_project/env/lib/python3.11/site-packages/airflow/example_dags/example_kubernetes_executor.py for tasks to queue
[2025-12-12T08:01:14.081-0500] {logging_mixin.py:188} INFO - [2025-12-12T08:01:14.081-0500] {dagbag.py:545} INFO - Filling up the DagBag from /Users/evankrupa/airflow_project/env/lib/python3.11/site-packages/airflow/example_dags/example_kubernetes_executor.py
[2025-12-12T08:01:14.093-0500] {logging_mixin.py:188} INFO - [2025-12-12T08:01:14.093-0500] {example_kubernetes_executor.py:39} WARNING - The example_kubernetes_executor example DAG requires the kubernetes provider. Please install it with: pip install apache-airflow[cncf.kubernetes]
[2025-12-12T08:01:14.093-0500] {processor.py:842} WARNING - No viable dags retrieved from /Users/evankrupa/airflow_project/env/lib/python3.11/site-packages/airflow/example_dags/example_kubernetes_executor.py
[2025-12-12T08:01:14.115-0500] {processor.py:183} INFO - Processing /Users/evankrupa/airflow_project/env/lib/python3.11/site-packages/airflow/example_dags/example_kubernetes_executor.py took 0.036 seconds
[2025-12-12T08:02:40.496-0500] {processor.py:161} INFO - Started process (PID=62869) to work on /Users/evankrupa/airflow_project/env/lib/python3.11/site-packages/airflow/example_dags/example_kubernetes_executor.py
[2025-12-12T08:02:40.497-0500] {processor.py:830} INFO - Processing file /Users/evankrupa/airflow_project/env/lib/python3.11/site-packages/airflow/example_dags/example_kubernetes_executor.py for tasks to queue
[2025-12-12T08:02:40.497-0500] {logging_mixin.py:188} INFO - [2025-12-12T08:02:40.497-0500] {dagbag.py:545} INFO - Filling up the DagBag from /Users/evankrupa/airflow_project/env/lib/python3.11/site-packages/airflow/example_dags/example_kubernetes_executor.py
[2025-12-12T08:02:40.508-0500] {logging_mixin.py:188} INFO - [2025-12-12T08:02:40.508-0500] {example_kubernetes_executor.py:39} WARNING - The example_kubernetes_executor example DAG requires the kubernetes provider. Please install it with: pip install apache-airflow[cncf.kubernetes]
[2025-12-12T08:02:40.508-0500] {processor.py:842} WARNING - No viable dags retrieved from /Users/evankrupa/airflow_project/env/lib/python3.11/site-packages/airflow/example_dags/example_kubernetes_executor.py
[2025-12-12T08:02:40.531-0500] {processor.py:183} INFO - Processing /Users/evankrupa/airflow_project/env/lib/python3.11/site-packages/airflow/example_dags/example_kubernetes_executor.py took 0.036 seconds
[2025-12-12T08:04:06.386-0500] {processor.py:161} INFO - Started process (PID=62958) to work on /Users/evankrupa/airflow_project/env/lib/python3.11/site-packages/airflow/example_dags/example_kubernetes_executor.py
[2025-12-12T08:04:06.387-0500] {processor.py:830} INFO - Processing file /Users/evankrupa/airflow_project/env/lib/python3.11/site-packages/airflow/example_dags/example_kubernetes_executor.py for tasks to queue
[2025-12-12T08:04:06.387-0500] {logging_mixin.py:188} INFO - [2025-12-12T08:04:06.387-0500] {dagbag.py:545} INFO - Filling up the DagBag from /Users/evankrupa/airflow_project/env/lib/python3.11/site-packages/airflow/example_dags/example_kubernetes_executor.py
[2025-12-12T08:04:06.399-0500] {logging_mixin.py:188} INFO - [2025-12-12T08:04:06.398-0500] {example_kubernetes_executor.py:39} WARNING - The example_kubernetes_executor example DAG requires the kubernetes provider. Please install it with: pip install apache-airflow[cncf.kubernetes]
[2025-12-12T08:04:06.399-0500] {processor.py:842} WARNING - No viable dags retrieved from /Users/evankrupa/airflow_project/env/lib/python3.11/site-packages/airflow/example_dags/example_kubernetes_executor.py
[2025-12-12T08:04:06.421-0500] {processor.py:183} INFO - Processing /Users/evankrupa/airflow_project/env/lib/python3.11/site-packages/airflow/example_dags/example_kubernetes_executor.py took 0.036 seconds
[2025-12-12T08:05:28.091-0500] {processor.py:161} INFO - Started process (PID=63090) to work on /Users/evankrupa/airflow_project/env/lib/python3.11/site-packages/airflow/example_dags/example_kubernetes_executor.py
[2025-12-12T08:05:28.092-0500] {processor.py:830} INFO - Processing file /Users/evankrupa/airflow_project/env/lib/python3.11/site-packages/airflow/example_dags/example_kubernetes_executor.py for tasks to queue
[2025-12-12T08:05:28.092-0500] {logging_mixin.py:188} INFO - [2025-12-12T08:05:28.092-0500] {dagbag.py:545} INFO - Filling up the DagBag from /Users/evankrupa/airflow_project/env/lib/python3.11/site-packages/airflow/example_dags/example_kubernetes_executor.py
[2025-12-12T08:05:28.104-0500] {logging_mixin.py:188} INFO - [2025-12-12T08:05:28.104-0500] {example_kubernetes_executor.py:39} WARNING - The example_kubernetes_executor example DAG requires the kubernetes provider. Please install it with: pip install apache-airflow[cncf.kubernetes]
[2025-12-12T08:05:28.104-0500] {processor.py:842} WARNING - No viable dags retrieved from /Users/evankrupa/airflow_project/env/lib/python3.11/site-packages/airflow/example_dags/example_kubernetes_executor.py
[2025-12-12T08:05:28.127-0500] {processor.py:183} INFO - Processing /Users/evankrupa/airflow_project/env/lib/python3.11/site-packages/airflow/example_dags/example_kubernetes_executor.py took 0.036 seconds
[2025-12-12T08:06:55.478-0500] {processor.py:161} INFO - Started process (PID=63194) to work on /Users/evankrupa/airflow_project/env/lib/python3.11/site-packages/airflow/example_dags/example_kubernetes_executor.py
[2025-12-12T08:06:55.479-0500] {processor.py:830} INFO - Processing file /Users/evankrupa/airflow_project/env/lib/python3.11/site-packages/airflow/example_dags/example_kubernetes_executor.py for tasks to queue
[2025-12-12T08:06:55.480-0500] {logging_mixin.py:188} INFO - [2025-12-12T08:06:55.480-0500] {dagbag.py:545} INFO - Filling up the DagBag from /Users/evankrupa/airflow_project/env/lib/python3.11/site-packages/airflow/example_dags/example_kubernetes_executor.py
[2025-12-12T08:06:55.502-0500] {logging_mixin.py:188} INFO - [2025-12-12T08:06:55.501-0500] {example_kubernetes_executor.py:39} WARNING - The example_kubernetes_executor example DAG requires the kubernetes provider. Please install it with: pip install apache-airflow[cncf.kubernetes]
[2025-12-12T08:06:55.502-0500] {processor.py:842} WARNING - No viable dags retrieved from /Users/evankrupa/airflow_project/env/lib/python3.11/site-packages/airflow/example_dags/example_kubernetes_executor.py
[2025-12-12T08:06:55.529-0500] {processor.py:183} INFO - Processing /Users/evankrupa/airflow_project/env/lib/python3.11/site-packages/airflow/example_dags/example_kubernetes_executor.py took 0.053 seconds
[2025-12-12T08:08:24.885-0500] {processor.py:161} INFO - Started process (PID=63689) to work on /Users/evankrupa/airflow_project/env/lib/python3.11/site-packages/airflow/example_dags/example_kubernetes_executor.py
[2025-12-12T08:08:24.887-0500] {processor.py:830} INFO - Processing file /Users/evankrupa/airflow_project/env/lib/python3.11/site-packages/airflow/example_dags/example_kubernetes_executor.py for tasks to queue
[2025-12-12T08:08:24.887-0500] {logging_mixin.py:188} INFO - [2025-12-12T08:08:24.887-0500] {dagbag.py:545} INFO - Filling up the DagBag from /Users/evankrupa/airflow_project/env/lib/python3.11/site-packages/airflow/example_dags/example_kubernetes_executor.py
[2025-12-12T08:08:24.899-0500] {logging_mixin.py:188} INFO - [2025-12-12T08:08:24.899-0500] {example_kubernetes_executor.py:39} WARNING - The example_kubernetes_executor example DAG requires the kubernetes provider. Please install it with: pip install apache-airflow[cncf.kubernetes]
[2025-12-12T08:08:24.899-0500] {processor.py:842} WARNING - No viable dags retrieved from /Users/evankrupa/airflow_project/env/lib/python3.11/site-packages/airflow/example_dags/example_kubernetes_executor.py
[2025-12-12T08:08:24.921-0500] {processor.py:183} INFO - Processing /Users/evankrupa/airflow_project/env/lib/python3.11/site-packages/airflow/example_dags/example_kubernetes_executor.py took 0.037 seconds
[2025-12-12T08:09:50.064-0500] {processor.py:161} INFO - Started process (PID=63757) to work on /Users/evankrupa/airflow_project/env/lib/python3.11/site-packages/airflow/example_dags/example_kubernetes_executor.py
[2025-12-12T08:09:50.065-0500] {processor.py:830} INFO - Processing file /Users/evankrupa/airflow_project/env/lib/python3.11/site-packages/airflow/example_dags/example_kubernetes_executor.py for tasks to queue
[2025-12-12T08:09:50.065-0500] {logging_mixin.py:188} INFO - [2025-12-12T08:09:50.065-0500] {dagbag.py:545} INFO - Filling up the DagBag from /Users/evankrupa/airflow_project/env/lib/python3.11/site-packages/airflow/example_dags/example_kubernetes_executor.py
[2025-12-12T08:09:50.076-0500] {logging_mixin.py:188} INFO - [2025-12-12T08:09:50.076-0500] {example_kubernetes_executor.py:39} WARNING - The example_kubernetes_executor example DAG requires the kubernetes provider. Please install it with: pip install apache-airflow[cncf.kubernetes]
[2025-12-12T08:09:50.076-0500] {processor.py:842} WARNING - No viable dags retrieved from /Users/evankrupa/airflow_project/env/lib/python3.11/site-packages/airflow/example_dags/example_kubernetes_executor.py
[2025-12-12T08:09:50.100-0500] {processor.py:183} INFO - Processing /Users/evankrupa/airflow_project/env/lib/python3.11/site-packages/airflow/example_dags/example_kubernetes_executor.py took 0.037 seconds
[2025-12-12T08:11:17.463-0500] {processor.py:161} INFO - Started process (PID=63826) to work on /Users/evankrupa/airflow_project/env/lib/python3.11/site-packages/airflow/example_dags/example_kubernetes_executor.py
[2025-12-12T08:11:17.464-0500] {processor.py:830} INFO - Processing file /Users/evankrupa/airflow_project/env/lib/python3.11/site-packages/airflow/example_dags/example_kubernetes_executor.py for tasks to queue
[2025-12-12T08:11:17.464-0500] {logging_mixin.py:188} INFO - [2025-12-12T08:11:17.464-0500] {dagbag.py:545} INFO - Filling up the DagBag from /Users/evankrupa/airflow_project/env/lib/python3.11/site-packages/airflow/example_dags/example_kubernetes_executor.py
[2025-12-12T08:11:17.480-0500] {logging_mixin.py:188} INFO - [2025-12-12T08:11:17.479-0500] {example_kubernetes_executor.py:39} WARNING - The example_kubernetes_executor example DAG requires the kubernetes provider. Please install it with: pip install apache-airflow[cncf.kubernetes]
[2025-12-12T08:11:17.480-0500] {processor.py:842} WARNING - No viable dags retrieved from /Users/evankrupa/airflow_project/env/lib/python3.11/site-packages/airflow/example_dags/example_kubernetes_executor.py
[2025-12-12T08:11:17.505-0500] {processor.py:183} INFO - Processing /Users/evankrupa/airflow_project/env/lib/python3.11/site-packages/airflow/example_dags/example_kubernetes_executor.py took 0.044 seconds
[2025-12-12T08:12:43.078-0500] {processor.py:161} INFO - Started process (PID=63893) to work on /Users/evankrupa/airflow_project/env/lib/python3.11/site-packages/airflow/example_dags/example_kubernetes_executor.py
[2025-12-12T08:12:43.079-0500] {processor.py:830} INFO - Processing file /Users/evankrupa/airflow_project/env/lib/python3.11/site-packages/airflow/example_dags/example_kubernetes_executor.py for tasks to queue
[2025-12-12T08:12:43.079-0500] {logging_mixin.py:188} INFO - [2025-12-12T08:12:43.079-0500] {dagbag.py:545} INFO - Filling up the DagBag from /Users/evankrupa/airflow_project/env/lib/python3.11/site-packages/airflow/example_dags/example_kubernetes_executor.py
[2025-12-12T08:12:43.091-0500] {logging_mixin.py:188} INFO - [2025-12-12T08:12:43.091-0500] {example_kubernetes_executor.py:39} WARNING - The example_kubernetes_executor example DAG requires the kubernetes provider. Please install it with: pip install apache-airflow[cncf.kubernetes]
[2025-12-12T08:12:43.091-0500] {processor.py:842} WARNING - No viable dags retrieved from /Users/evankrupa/airflow_project/env/lib/python3.11/site-packages/airflow/example_dags/example_kubernetes_executor.py
[2025-12-12T08:12:43.114-0500] {processor.py:183} INFO - Processing /Users/evankrupa/airflow_project/env/lib/python3.11/site-packages/airflow/example_dags/example_kubernetes_executor.py took 0.037 seconds
[2025-12-12T08:14:05.547-0500] {processor.py:161} INFO - Started process (PID=63959) to work on /Users/evankrupa/airflow_project/env/lib/python3.11/site-packages/airflow/example_dags/example_kubernetes_executor.py
[2025-12-12T08:14:05.548-0500] {processor.py:830} INFO - Processing file /Users/evankrupa/airflow_project/env/lib/python3.11/site-packages/airflow/example_dags/example_kubernetes_executor.py for tasks to queue
[2025-12-12T08:14:05.549-0500] {logging_mixin.py:188} INFO - [2025-12-12T08:14:05.549-0500] {dagbag.py:545} INFO - Filling up the DagBag from /Users/evankrupa/airflow_project/env/lib/python3.11/site-packages/airflow/example_dags/example_kubernetes_executor.py
[2025-12-12T08:14:05.561-0500] {logging_mixin.py:188} INFO - [2025-12-12T08:14:05.561-0500] {example_kubernetes_executor.py:39} WARNING - The example_kubernetes_executor example DAG requires the kubernetes provider. Please install it with: pip install apache-airflow[cncf.kubernetes]
[2025-12-12T08:14:05.561-0500] {processor.py:842} WARNING - No viable dags retrieved from /Users/evankrupa/airflow_project/env/lib/python3.11/site-packages/airflow/example_dags/example_kubernetes_executor.py
[2025-12-12T08:14:05.584-0500] {processor.py:183} INFO - Processing /Users/evankrupa/airflow_project/env/lib/python3.11/site-packages/airflow/example_dags/example_kubernetes_executor.py took 0.038 seconds
[2025-12-12T08:15:28.415-0500] {processor.py:161} INFO - Started process (PID=64034) to work on /Users/evankrupa/airflow_project/env/lib/python3.11/site-packages/airflow/example_dags/example_kubernetes_executor.py
[2025-12-12T08:15:28.416-0500] {processor.py:830} INFO - Processing file /Users/evankrupa/airflow_project/env/lib/python3.11/site-packages/airflow/example_dags/example_kubernetes_executor.py for tasks to queue
[2025-12-12T08:15:28.416-0500] {logging_mixin.py:188} INFO - [2025-12-12T08:15:28.416-0500] {dagbag.py:545} INFO - Filling up the DagBag from /Users/evankrupa/airflow_project/env/lib/python3.11/site-packages/airflow/example_dags/example_kubernetes_executor.py
[2025-12-12T08:15:28.427-0500] {logging_mixin.py:188} INFO - [2025-12-12T08:15:28.427-0500] {example_kubernetes_executor.py:39} WARNING - The example_kubernetes_executor example DAG requires the kubernetes provider. Please install it with: pip install apache-airflow[cncf.kubernetes]
[2025-12-12T08:15:28.427-0500] {processor.py:842} WARNING - No viable dags retrieved from /Users/evankrupa/airflow_project/env/lib/python3.11/site-packages/airflow/example_dags/example_kubernetes_executor.py
[2025-12-12T08:15:28.450-0500] {processor.py:183} INFO - Processing /Users/evankrupa/airflow_project/env/lib/python3.11/site-packages/airflow/example_dags/example_kubernetes_executor.py took 0.037 seconds
[2025-12-12T08:16:52.140-0500] {processor.py:161} INFO - Started process (PID=64101) to work on /Users/evankrupa/airflow_project/env/lib/python3.11/site-packages/airflow/example_dags/example_kubernetes_executor.py
[2025-12-12T08:16:52.141-0500] {processor.py:830} INFO - Processing file /Users/evankrupa/airflow_project/env/lib/python3.11/site-packages/airflow/example_dags/example_kubernetes_executor.py for tasks to queue
[2025-12-12T08:16:52.141-0500] {logging_mixin.py:188} INFO - [2025-12-12T08:16:52.141-0500] {dagbag.py:545} INFO - Filling up the DagBag from /Users/evankrupa/airflow_project/env/lib/python3.11/site-packages/airflow/example_dags/example_kubernetes_executor.py
[2025-12-12T08:16:52.152-0500] {logging_mixin.py:188} INFO - [2025-12-12T08:16:52.152-0500] {example_kubernetes_executor.py:39} WARNING - The example_kubernetes_executor example DAG requires the kubernetes provider. Please install it with: pip install apache-airflow[cncf.kubernetes]
[2025-12-12T08:16:52.152-0500] {processor.py:842} WARNING - No viable dags retrieved from /Users/evankrupa/airflow_project/env/lib/python3.11/site-packages/airflow/example_dags/example_kubernetes_executor.py
[2025-12-12T08:16:52.174-0500] {processor.py:183} INFO - Processing /Users/evankrupa/airflow_project/env/lib/python3.11/site-packages/airflow/example_dags/example_kubernetes_executor.py took 0.036 seconds
[2025-12-12T08:18:17.664-0500] {processor.py:161} INFO - Started process (PID=64169) to work on /Users/evankrupa/airflow_project/env/lib/python3.11/site-packages/airflow/example_dags/example_kubernetes_executor.py
[2025-12-12T08:18:17.665-0500] {processor.py:830} INFO - Processing file /Users/evankrupa/airflow_project/env/lib/python3.11/site-packages/airflow/example_dags/example_kubernetes_executor.py for tasks to queue
[2025-12-12T08:18:17.665-0500] {logging_mixin.py:188} INFO - [2025-12-12T08:18:17.665-0500] {dagbag.py:545} INFO - Filling up the DagBag from /Users/evankrupa/airflow_project/env/lib/python3.11/site-packages/airflow/example_dags/example_kubernetes_executor.py
[2025-12-12T08:18:17.677-0500] {logging_mixin.py:188} INFO - [2025-12-12T08:18:17.676-0500] {example_kubernetes_executor.py:39} WARNING - The example_kubernetes_executor example DAG requires the kubernetes provider. Please install it with: pip install apache-airflow[cncf.kubernetes]
[2025-12-12T08:18:17.677-0500] {processor.py:842} WARNING - No viable dags retrieved from /Users/evankrupa/airflow_project/env/lib/python3.11/site-packages/airflow/example_dags/example_kubernetes_executor.py
[2025-12-12T08:18:17.699-0500] {processor.py:183} INFO - Processing /Users/evankrupa/airflow_project/env/lib/python3.11/site-packages/airflow/example_dags/example_kubernetes_executor.py took 0.036 seconds
[2025-12-12T08:19:40.228-0500] {processor.py:161} INFO - Started process (PID=64236) to work on /Users/evankrupa/airflow_project/env/lib/python3.11/site-packages/airflow/example_dags/example_kubernetes_executor.py
[2025-12-12T08:19:40.229-0500] {processor.py:830} INFO - Processing file /Users/evankrupa/airflow_project/env/lib/python3.11/site-packages/airflow/example_dags/example_kubernetes_executor.py for tasks to queue
[2025-12-12T08:19:40.230-0500] {logging_mixin.py:188} INFO - [2025-12-12T08:19:40.229-0500] {dagbag.py:545} INFO - Filling up the DagBag from /Users/evankrupa/airflow_project/env/lib/python3.11/site-packages/airflow/example_dags/example_kubernetes_executor.py
[2025-12-12T08:19:40.241-0500] {logging_mixin.py:188} INFO - [2025-12-12T08:19:40.241-0500] {example_kubernetes_executor.py:39} WARNING - The example_kubernetes_executor example DAG requires the kubernetes provider. Please install it with: pip install apache-airflow[cncf.kubernetes]
[2025-12-12T08:19:40.241-0500] {processor.py:842} WARNING - No viable dags retrieved from /Users/evankrupa/airflow_project/env/lib/python3.11/site-packages/airflow/example_dags/example_kubernetes_executor.py
[2025-12-12T08:19:40.264-0500] {processor.py:183} INFO - Processing /Users/evankrupa/airflow_project/env/lib/python3.11/site-packages/airflow/example_dags/example_kubernetes_executor.py took 0.036 seconds
[2025-12-12T08:21:04.774-0500] {processor.py:161} INFO - Started process (PID=64304) to work on /Users/evankrupa/airflow_project/env/lib/python3.11/site-packages/airflow/example_dags/example_kubernetes_executor.py
[2025-12-12T08:21:04.776-0500] {processor.py:830} INFO - Processing file /Users/evankrupa/airflow_project/env/lib/python3.11/site-packages/airflow/example_dags/example_kubernetes_executor.py for tasks to queue
[2025-12-12T08:21:04.776-0500] {logging_mixin.py:188} INFO - [2025-12-12T08:21:04.776-0500] {dagbag.py:545} INFO - Filling up the DagBag from /Users/evankrupa/airflow_project/env/lib/python3.11/site-packages/airflow/example_dags/example_kubernetes_executor.py
[2025-12-12T08:21:04.787-0500] {logging_mixin.py:188} INFO - [2025-12-12T08:21:04.787-0500] {example_kubernetes_executor.py:39} WARNING - The example_kubernetes_executor example DAG requires the kubernetes provider. Please install it with: pip install apache-airflow[cncf.kubernetes]
[2025-12-12T08:21:04.787-0500] {processor.py:842} WARNING - No viable dags retrieved from /Users/evankrupa/airflow_project/env/lib/python3.11/site-packages/airflow/example_dags/example_kubernetes_executor.py
[2025-12-12T08:21:04.810-0500] {processor.py:183} INFO - Processing /Users/evankrupa/airflow_project/env/lib/python3.11/site-packages/airflow/example_dags/example_kubernetes_executor.py took 0.037 seconds
[2025-12-12T08:22:27.403-0500] {processor.py:161} INFO - Started process (PID=64370) to work on /Users/evankrupa/airflow_project/env/lib/python3.11/site-packages/airflow/example_dags/example_kubernetes_executor.py
[2025-12-12T08:22:27.404-0500] {processor.py:830} INFO - Processing file /Users/evankrupa/airflow_project/env/lib/python3.11/site-packages/airflow/example_dags/example_kubernetes_executor.py for tasks to queue
[2025-12-12T08:22:27.404-0500] {logging_mixin.py:188} INFO - [2025-12-12T08:22:27.404-0500] {dagbag.py:545} INFO - Filling up the DagBag from /Users/evankrupa/airflow_project/env/lib/python3.11/site-packages/airflow/example_dags/example_kubernetes_executor.py
[2025-12-12T08:22:27.415-0500] {logging_mixin.py:188} INFO - [2025-12-12T08:22:27.415-0500] {example_kubernetes_executor.py:39} WARNING - The example_kubernetes_executor example DAG requires the kubernetes provider. Please install it with: pip install apache-airflow[cncf.kubernetes]
[2025-12-12T08:22:27.415-0500] {processor.py:842} WARNING - No viable dags retrieved from /Users/evankrupa/airflow_project/env/lib/python3.11/site-packages/airflow/example_dags/example_kubernetes_executor.py
[2025-12-12T08:22:27.438-0500] {processor.py:183} INFO - Processing /Users/evankrupa/airflow_project/env/lib/python3.11/site-packages/airflow/example_dags/example_kubernetes_executor.py took 0.036 seconds
[2025-12-12T08:23:54.006-0500] {processor.py:161} INFO - Started process (PID=64446) to work on /Users/evankrupa/airflow_project/env/lib/python3.11/site-packages/airflow/example_dags/example_kubernetes_executor.py
[2025-12-12T08:23:54.007-0500] {processor.py:830} INFO - Processing file /Users/evankrupa/airflow_project/env/lib/python3.11/site-packages/airflow/example_dags/example_kubernetes_executor.py for tasks to queue
[2025-12-12T08:23:54.008-0500] {logging_mixin.py:188} INFO - [2025-12-12T08:23:54.008-0500] {dagbag.py:545} INFO - Filling up the DagBag from /Users/evankrupa/airflow_project/env/lib/python3.11/site-packages/airflow/example_dags/example_kubernetes_executor.py
[2025-12-12T08:23:54.018-0500] {logging_mixin.py:188} INFO - [2025-12-12T08:23:54.018-0500] {example_kubernetes_executor.py:39} WARNING - The example_kubernetes_executor example DAG requires the kubernetes provider. Please install it with: pip install apache-airflow[cncf.kubernetes]
[2025-12-12T08:23:54.019-0500] {processor.py:842} WARNING - No viable dags retrieved from /Users/evankrupa/airflow_project/env/lib/python3.11/site-packages/airflow/example_dags/example_kubernetes_executor.py
[2025-12-12T08:23:54.040-0500] {processor.py:183} INFO - Processing /Users/evankrupa/airflow_project/env/lib/python3.11/site-packages/airflow/example_dags/example_kubernetes_executor.py took 0.035 seconds
[2025-12-12T08:25:14.647-0500] {processor.py:161} INFO - Started process (PID=64512) to work on /Users/evankrupa/airflow_project/env/lib/python3.11/site-packages/airflow/example_dags/example_kubernetes_executor.py
[2025-12-12T08:25:14.648-0500] {processor.py:830} INFO - Processing file /Users/evankrupa/airflow_project/env/lib/python3.11/site-packages/airflow/example_dags/example_kubernetes_executor.py for tasks to queue
[2025-12-12T08:25:14.648-0500] {logging_mixin.py:188} INFO - [2025-12-12T08:25:14.648-0500] {dagbag.py:545} INFO - Filling up the DagBag from /Users/evankrupa/airflow_project/env/lib/python3.11/site-packages/airflow/example_dags/example_kubernetes_executor.py
[2025-12-12T08:25:14.659-0500] {logging_mixin.py:188} INFO - [2025-12-12T08:25:14.659-0500] {example_kubernetes_executor.py:39} WARNING - The example_kubernetes_executor example DAG requires the kubernetes provider. Please install it with: pip install apache-airflow[cncf.kubernetes]
[2025-12-12T08:25:14.659-0500] {processor.py:842} WARNING - No viable dags retrieved from /Users/evankrupa/airflow_project/env/lib/python3.11/site-packages/airflow/example_dags/example_kubernetes_executor.py
[2025-12-12T08:25:14.681-0500] {processor.py:183} INFO - Processing /Users/evankrupa/airflow_project/env/lib/python3.11/site-packages/airflow/example_dags/example_kubernetes_executor.py took 0.035 seconds
[2025-12-12T08:26:41.702-0500] {processor.py:161} INFO - Started process (PID=64579) to work on /Users/evankrupa/airflow_project/env/lib/python3.11/site-packages/airflow/example_dags/example_kubernetes_executor.py
[2025-12-12T08:26:41.702-0500] {processor.py:830} INFO - Processing file /Users/evankrupa/airflow_project/env/lib/python3.11/site-packages/airflow/example_dags/example_kubernetes_executor.py for tasks to queue
[2025-12-12T08:26:41.702-0500] {logging_mixin.py:188} INFO - [2025-12-12T08:26:41.702-0500] {dagbag.py:545} INFO - Filling up the DagBag from /Users/evankrupa/airflow_project/env/lib/python3.11/site-packages/airflow/example_dags/example_kubernetes_executor.py
[2025-12-12T08:26:41.714-0500] {logging_mixin.py:188} INFO - [2025-12-12T08:26:41.714-0500] {example_kubernetes_executor.py:39} WARNING - The example_kubernetes_executor example DAG requires the kubernetes provider. Please install it with: pip install apache-airflow[cncf.kubernetes]
[2025-12-12T08:26:41.714-0500] {processor.py:842} WARNING - No viable dags retrieved from /Users/evankrupa/airflow_project/env/lib/python3.11/site-packages/airflow/example_dags/example_kubernetes_executor.py
[2025-12-12T08:26:41.737-0500] {processor.py:183} INFO - Processing /Users/evankrupa/airflow_project/env/lib/python3.11/site-packages/airflow/example_dags/example_kubernetes_executor.py took 0.036 seconds
[2025-12-12T08:28:07.837-0500] {processor.py:161} INFO - Started process (PID=64683) to work on /Users/evankrupa/airflow_project/env/lib/python3.11/site-packages/airflow/example_dags/example_kubernetes_executor.py
[2025-12-12T08:28:07.838-0500] {processor.py:830} INFO - Processing file /Users/evankrupa/airflow_project/env/lib/python3.11/site-packages/airflow/example_dags/example_kubernetes_executor.py for tasks to queue
[2025-12-12T08:28:07.838-0500] {logging_mixin.py:188} INFO - [2025-12-12T08:28:07.838-0500] {dagbag.py:545} INFO - Filling up the DagBag from /Users/evankrupa/airflow_project/env/lib/python3.11/site-packages/airflow/example_dags/example_kubernetes_executor.py
[2025-12-12T08:28:07.849-0500] {logging_mixin.py:188} INFO - [2025-12-12T08:28:07.849-0500] {example_kubernetes_executor.py:39} WARNING - The example_kubernetes_executor example DAG requires the kubernetes provider. Please install it with: pip install apache-airflow[cncf.kubernetes]
[2025-12-12T08:28:07.849-0500] {processor.py:842} WARNING - No viable dags retrieved from /Users/evankrupa/airflow_project/env/lib/python3.11/site-packages/airflow/example_dags/example_kubernetes_executor.py
[2025-12-12T08:28:07.872-0500] {processor.py:183} INFO - Processing /Users/evankrupa/airflow_project/env/lib/python3.11/site-packages/airflow/example_dags/example_kubernetes_executor.py took 0.036 seconds
[2025-12-12T08:29:29.474-0500] {processor.py:161} INFO - Started process (PID=64763) to work on /Users/evankrupa/airflow_project/env/lib/python3.11/site-packages/airflow/example_dags/example_kubernetes_executor.py
[2025-12-12T08:29:29.475-0500] {processor.py:830} INFO - Processing file /Users/evankrupa/airflow_project/env/lib/python3.11/site-packages/airflow/example_dags/example_kubernetes_executor.py for tasks to queue
[2025-12-12T08:29:29.475-0500] {logging_mixin.py:188} INFO - [2025-12-12T08:29:29.475-0500] {dagbag.py:545} INFO - Filling up the DagBag from /Users/evankrupa/airflow_project/env/lib/python3.11/site-packages/airflow/example_dags/example_kubernetes_executor.py
[2025-12-12T08:29:29.487-0500] {logging_mixin.py:188} INFO - [2025-12-12T08:29:29.487-0500] {example_kubernetes_executor.py:39} WARNING - The example_kubernetes_executor example DAG requires the kubernetes provider. Please install it with: pip install apache-airflow[cncf.kubernetes]
[2025-12-12T08:29:29.487-0500] {processor.py:842} WARNING - No viable dags retrieved from /Users/evankrupa/airflow_project/env/lib/python3.11/site-packages/airflow/example_dags/example_kubernetes_executor.py
[2025-12-12T08:29:29.511-0500] {processor.py:183} INFO - Processing /Users/evankrupa/airflow_project/env/lib/python3.11/site-packages/airflow/example_dags/example_kubernetes_executor.py took 0.037 seconds
[2025-12-12T08:30:51.199-0500] {processor.py:161} INFO - Started process (PID=64842) to work on /Users/evankrupa/airflow_project/env/lib/python3.11/site-packages/airflow/example_dags/example_kubernetes_executor.py
[2025-12-12T08:30:51.201-0500] {processor.py:830} INFO - Processing file /Users/evankrupa/airflow_project/env/lib/python3.11/site-packages/airflow/example_dags/example_kubernetes_executor.py for tasks to queue
[2025-12-12T08:30:51.202-0500] {logging_mixin.py:188} INFO - [2025-12-12T08:30:51.202-0500] {dagbag.py:545} INFO - Filling up the DagBag from /Users/evankrupa/airflow_project/env/lib/python3.11/site-packages/airflow/example_dags/example_kubernetes_executor.py
[2025-12-12T08:30:51.213-0500] {logging_mixin.py:188} INFO - [2025-12-12T08:30:51.213-0500] {example_kubernetes_executor.py:39} WARNING - The example_kubernetes_executor example DAG requires the kubernetes provider. Please install it with: pip install apache-airflow[cncf.kubernetes]
[2025-12-12T08:30:51.213-0500] {processor.py:842} WARNING - No viable dags retrieved from /Users/evankrupa/airflow_project/env/lib/python3.11/site-packages/airflow/example_dags/example_kubernetes_executor.py
[2025-12-12T08:30:51.235-0500] {processor.py:183} INFO - Processing /Users/evankrupa/airflow_project/env/lib/python3.11/site-packages/airflow/example_dags/example_kubernetes_executor.py took 0.036 seconds
[2025-12-12T08:32:15.395-0500] {processor.py:161} INFO - Started process (PID=64923) to work on /Users/evankrupa/airflow_project/env/lib/python3.11/site-packages/airflow/example_dags/example_kubernetes_executor.py
[2025-12-12T08:32:15.395-0500] {processor.py:830} INFO - Processing file /Users/evankrupa/airflow_project/env/lib/python3.11/site-packages/airflow/example_dags/example_kubernetes_executor.py for tasks to queue
[2025-12-12T08:32:15.396-0500] {logging_mixin.py:188} INFO - [2025-12-12T08:32:15.396-0500] {dagbag.py:545} INFO - Filling up the DagBag from /Users/evankrupa/airflow_project/env/lib/python3.11/site-packages/airflow/example_dags/example_kubernetes_executor.py
[2025-12-12T08:32:15.407-0500] {logging_mixin.py:188} INFO - [2025-12-12T08:32:15.407-0500] {example_kubernetes_executor.py:39} WARNING - The example_kubernetes_executor example DAG requires the kubernetes provider. Please install it with: pip install apache-airflow[cncf.kubernetes]
[2025-12-12T08:32:15.408-0500] {processor.py:842} WARNING - No viable dags retrieved from /Users/evankrupa/airflow_project/env/lib/python3.11/site-packages/airflow/example_dags/example_kubernetes_executor.py
[2025-12-12T08:32:15.432-0500] {processor.py:183} INFO - Processing /Users/evankrupa/airflow_project/env/lib/python3.11/site-packages/airflow/example_dags/example_kubernetes_executor.py took 0.038 seconds
[2025-12-12T08:33:40.357-0500] {processor.py:161} INFO - Started process (PID=65025) to work on /Users/evankrupa/airflow_project/env/lib/python3.11/site-packages/airflow/example_dags/example_kubernetes_executor.py
[2025-12-12T08:33:40.358-0500] {processor.py:830} INFO - Processing file /Users/evankrupa/airflow_project/env/lib/python3.11/site-packages/airflow/example_dags/example_kubernetes_executor.py for tasks to queue
[2025-12-12T08:33:40.358-0500] {logging_mixin.py:188} INFO - [2025-12-12T08:33:40.358-0500] {dagbag.py:545} INFO - Filling up the DagBag from /Users/evankrupa/airflow_project/env/lib/python3.11/site-packages/airflow/example_dags/example_kubernetes_executor.py
[2025-12-12T08:33:40.369-0500] {logging_mixin.py:188} INFO - [2025-12-12T08:33:40.369-0500] {example_kubernetes_executor.py:39} WARNING - The example_kubernetes_executor example DAG requires the kubernetes provider. Please install it with: pip install apache-airflow[cncf.kubernetes]
[2025-12-12T08:33:40.369-0500] {processor.py:842} WARNING - No viable dags retrieved from /Users/evankrupa/airflow_project/env/lib/python3.11/site-packages/airflow/example_dags/example_kubernetes_executor.py
[2025-12-12T08:33:40.391-0500] {processor.py:183} INFO - Processing /Users/evankrupa/airflow_project/env/lib/python3.11/site-packages/airflow/example_dags/example_kubernetes_executor.py took 0.035 seconds
[2025-12-12T08:35:07.258-0500] {processor.py:161} INFO - Started process (PID=65124) to work on /Users/evankrupa/airflow_project/env/lib/python3.11/site-packages/airflow/example_dags/example_kubernetes_executor.py
[2025-12-12T08:35:07.258-0500] {processor.py:830} INFO - Processing file /Users/evankrupa/airflow_project/env/lib/python3.11/site-packages/airflow/example_dags/example_kubernetes_executor.py for tasks to queue
[2025-12-12T08:35:07.259-0500] {logging_mixin.py:188} INFO - [2025-12-12T08:35:07.259-0500] {dagbag.py:545} INFO - Filling up the DagBag from /Users/evankrupa/airflow_project/env/lib/python3.11/site-packages/airflow/example_dags/example_kubernetes_executor.py
[2025-12-12T08:35:07.271-0500] {logging_mixin.py:188} INFO - [2025-12-12T08:35:07.271-0500] {example_kubernetes_executor.py:39} WARNING - The example_kubernetes_executor example DAG requires the kubernetes provider. Please install it with: pip install apache-airflow[cncf.kubernetes]
[2025-12-12T08:35:07.271-0500] {processor.py:842} WARNING - No viable dags retrieved from /Users/evankrupa/airflow_project/env/lib/python3.11/site-packages/airflow/example_dags/example_kubernetes_executor.py
[2025-12-12T08:35:07.294-0500] {processor.py:183} INFO - Processing /Users/evankrupa/airflow_project/env/lib/python3.11/site-packages/airflow/example_dags/example_kubernetes_executor.py took 0.038 seconds
[2025-12-12T08:36:30.922-0500] {processor.py:161} INFO - Started process (PID=65207) to work on /Users/evankrupa/airflow_project/env/lib/python3.11/site-packages/airflow/example_dags/example_kubernetes_executor.py
[2025-12-12T08:36:30.923-0500] {processor.py:830} INFO - Processing file /Users/evankrupa/airflow_project/env/lib/python3.11/site-packages/airflow/example_dags/example_kubernetes_executor.py for tasks to queue
[2025-12-12T08:36:30.924-0500] {logging_mixin.py:188} INFO - [2025-12-12T08:36:30.924-0500] {dagbag.py:545} INFO - Filling up the DagBag from /Users/evankrupa/airflow_project/env/lib/python3.11/site-packages/airflow/example_dags/example_kubernetes_executor.py
[2025-12-12T08:36:30.935-0500] {logging_mixin.py:188} INFO - [2025-12-12T08:36:30.935-0500] {example_kubernetes_executor.py:39} WARNING - The example_kubernetes_executor example DAG requires the kubernetes provider. Please install it with: pip install apache-airflow[cncf.kubernetes]
[2025-12-12T08:36:30.935-0500] {processor.py:842} WARNING - No viable dags retrieved from /Users/evankrupa/airflow_project/env/lib/python3.11/site-packages/airflow/example_dags/example_kubernetes_executor.py
[2025-12-12T08:36:30.957-0500] {processor.py:183} INFO - Processing /Users/evankrupa/airflow_project/env/lib/python3.11/site-packages/airflow/example_dags/example_kubernetes_executor.py took 0.036 seconds
[2025-12-12T08:37:54.853-0500] {processor.py:161} INFO - Started process (PID=65275) to work on /Users/evankrupa/airflow_project/env/lib/python3.11/site-packages/airflow/example_dags/example_kubernetes_executor.py
[2025-12-12T08:37:54.854-0500] {processor.py:830} INFO - Processing file /Users/evankrupa/airflow_project/env/lib/python3.11/site-packages/airflow/example_dags/example_kubernetes_executor.py for tasks to queue
[2025-12-12T08:37:54.854-0500] {logging_mixin.py:188} INFO - [2025-12-12T08:37:54.854-0500] {dagbag.py:545} INFO - Filling up the DagBag from /Users/evankrupa/airflow_project/env/lib/python3.11/site-packages/airflow/example_dags/example_kubernetes_executor.py
[2025-12-12T08:37:54.866-0500] {logging_mixin.py:188} INFO - [2025-12-12T08:37:54.866-0500] {example_kubernetes_executor.py:39} WARNING - The example_kubernetes_executor example DAG requires the kubernetes provider. Please install it with: pip install apache-airflow[cncf.kubernetes]
[2025-12-12T08:37:54.866-0500] {processor.py:842} WARNING - No viable dags retrieved from /Users/evankrupa/airflow_project/env/lib/python3.11/site-packages/airflow/example_dags/example_kubernetes_executor.py
[2025-12-12T08:37:54.888-0500] {processor.py:183} INFO - Processing /Users/evankrupa/airflow_project/env/lib/python3.11/site-packages/airflow/example_dags/example_kubernetes_executor.py took 0.036 seconds
[2025-12-12T08:39:17.561-0500] {processor.py:161} INFO - Started process (PID=65354) to work on /Users/evankrupa/airflow_project/env/lib/python3.11/site-packages/airflow/example_dags/example_kubernetes_executor.py
[2025-12-12T08:39:17.562-0500] {processor.py:830} INFO - Processing file /Users/evankrupa/airflow_project/env/lib/python3.11/site-packages/airflow/example_dags/example_kubernetes_executor.py for tasks to queue
[2025-12-12T08:39:17.562-0500] {logging_mixin.py:188} INFO - [2025-12-12T08:39:17.562-0500] {dagbag.py:545} INFO - Filling up the DagBag from /Users/evankrupa/airflow_project/env/lib/python3.11/site-packages/airflow/example_dags/example_kubernetes_executor.py
[2025-12-12T08:39:17.574-0500] {logging_mixin.py:188} INFO - [2025-12-12T08:39:17.574-0500] {example_kubernetes_executor.py:39} WARNING - The example_kubernetes_executor example DAG requires the kubernetes provider. Please install it with: pip install apache-airflow[cncf.kubernetes]
[2025-12-12T08:39:17.574-0500] {processor.py:842} WARNING - No viable dags retrieved from /Users/evankrupa/airflow_project/env/lib/python3.11/site-packages/airflow/example_dags/example_kubernetes_executor.py
[2025-12-12T08:39:17.596-0500] {processor.py:183} INFO - Processing /Users/evankrupa/airflow_project/env/lib/python3.11/site-packages/airflow/example_dags/example_kubernetes_executor.py took 0.035 seconds
[2025-12-12T08:40:41.586-0500] {processor.py:161} INFO - Started process (PID=65440) to work on /Users/evankrupa/airflow_project/env/lib/python3.11/site-packages/airflow/example_dags/example_kubernetes_executor.py
[2025-12-12T08:40:41.587-0500] {processor.py:830} INFO - Processing file /Users/evankrupa/airflow_project/env/lib/python3.11/site-packages/airflow/example_dags/example_kubernetes_executor.py for tasks to queue
[2025-12-12T08:40:41.587-0500] {logging_mixin.py:188} INFO - [2025-12-12T08:40:41.587-0500] {dagbag.py:545} INFO - Filling up the DagBag from /Users/evankrupa/airflow_project/env/lib/python3.11/site-packages/airflow/example_dags/example_kubernetes_executor.py
[2025-12-12T08:40:41.599-0500] {logging_mixin.py:188} INFO - [2025-12-12T08:40:41.599-0500] {example_kubernetes_executor.py:39} WARNING - The example_kubernetes_executor example DAG requires the kubernetes provider. Please install it with: pip install apache-airflow[cncf.kubernetes]
[2025-12-12T08:40:41.599-0500] {processor.py:842} WARNING - No viable dags retrieved from /Users/evankrupa/airflow_project/env/lib/python3.11/site-packages/airflow/example_dags/example_kubernetes_executor.py
[2025-12-12T08:40:41.621-0500] {processor.py:183} INFO - Processing /Users/evankrupa/airflow_project/env/lib/python3.11/site-packages/airflow/example_dags/example_kubernetes_executor.py took 0.036 seconds
[2025-12-12T08:42:04.145-0500] {processor.py:161} INFO - Started process (PID=65508) to work on /Users/evankrupa/airflow_project/env/lib/python3.11/site-packages/airflow/example_dags/example_kubernetes_executor.py
[2025-12-12T08:42:04.145-0500] {processor.py:830} INFO - Processing file /Users/evankrupa/airflow_project/env/lib/python3.11/site-packages/airflow/example_dags/example_kubernetes_executor.py for tasks to queue
[2025-12-12T08:42:04.146-0500] {logging_mixin.py:188} INFO - [2025-12-12T08:42:04.146-0500] {dagbag.py:545} INFO - Filling up the DagBag from /Users/evankrupa/airflow_project/env/lib/python3.11/site-packages/airflow/example_dags/example_kubernetes_executor.py
[2025-12-12T08:42:04.157-0500] {logging_mixin.py:188} INFO - [2025-12-12T08:42:04.157-0500] {example_kubernetes_executor.py:39} WARNING - The example_kubernetes_executor example DAG requires the kubernetes provider. Please install it with: pip install apache-airflow[cncf.kubernetes]
[2025-12-12T08:42:04.157-0500] {processor.py:842} WARNING - No viable dags retrieved from /Users/evankrupa/airflow_project/env/lib/python3.11/site-packages/airflow/example_dags/example_kubernetes_executor.py
[2025-12-12T08:42:04.179-0500] {processor.py:183} INFO - Processing /Users/evankrupa/airflow_project/env/lib/python3.11/site-packages/airflow/example_dags/example_kubernetes_executor.py took 0.035 seconds
[2025-12-12T08:43:27.564-0500] {processor.py:161} INFO - Started process (PID=65592) to work on /Users/evankrupa/airflow_project/env/lib/python3.11/site-packages/airflow/example_dags/example_kubernetes_executor.py
[2025-12-12T08:43:27.565-0500] {processor.py:830} INFO - Processing file /Users/evankrupa/airflow_project/env/lib/python3.11/site-packages/airflow/example_dags/example_kubernetes_executor.py for tasks to queue
[2025-12-12T08:43:27.565-0500] {logging_mixin.py:188} INFO - [2025-12-12T08:43:27.565-0500] {dagbag.py:545} INFO - Filling up the DagBag from /Users/evankrupa/airflow_project/env/lib/python3.11/site-packages/airflow/example_dags/example_kubernetes_executor.py
[2025-12-12T08:43:27.576-0500] {logging_mixin.py:188} INFO - [2025-12-12T08:43:27.576-0500] {example_kubernetes_executor.py:39} WARNING - The example_kubernetes_executor example DAG requires the kubernetes provider. Please install it with: pip install apache-airflow[cncf.kubernetes]
[2025-12-12T08:43:27.576-0500] {processor.py:842} WARNING - No viable dags retrieved from /Users/evankrupa/airflow_project/env/lib/python3.11/site-packages/airflow/example_dags/example_kubernetes_executor.py
[2025-12-12T08:43:27.599-0500] {processor.py:183} INFO - Processing /Users/evankrupa/airflow_project/env/lib/python3.11/site-packages/airflow/example_dags/example_kubernetes_executor.py took 0.035 seconds
[2025-12-12T08:44:52.048-0500] {processor.py:161} INFO - Started process (PID=65658) to work on /Users/evankrupa/airflow_project/env/lib/python3.11/site-packages/airflow/example_dags/example_kubernetes_executor.py
[2025-12-12T08:44:52.049-0500] {processor.py:830} INFO - Processing file /Users/evankrupa/airflow_project/env/lib/python3.11/site-packages/airflow/example_dags/example_kubernetes_executor.py for tasks to queue
[2025-12-12T08:44:52.050-0500] {logging_mixin.py:188} INFO - [2025-12-12T08:44:52.050-0500] {dagbag.py:545} INFO - Filling up the DagBag from /Users/evankrupa/airflow_project/env/lib/python3.11/site-packages/airflow/example_dags/example_kubernetes_executor.py
[2025-12-12T08:44:52.061-0500] {logging_mixin.py:188} INFO - [2025-12-12T08:44:52.061-0500] {example_kubernetes_executor.py:39} WARNING - The example_kubernetes_executor example DAG requires the kubernetes provider. Please install it with: pip install apache-airflow[cncf.kubernetes]
[2025-12-12T08:44:52.061-0500] {processor.py:842} WARNING - No viable dags retrieved from /Users/evankrupa/airflow_project/env/lib/python3.11/site-packages/airflow/example_dags/example_kubernetes_executor.py
[2025-12-12T08:44:52.083-0500] {processor.py:183} INFO - Processing /Users/evankrupa/airflow_project/env/lib/python3.11/site-packages/airflow/example_dags/example_kubernetes_executor.py took 0.036 seconds
