[2025-12-12T07:25:24.651-0500] {processor.py:161} INFO - Started process (PID=56850) to work on /Users/evankrupa/airflow_project/env/lib/python3.11/site-packages/airflow/example_dags/example_task_group_decorator.py
[2025-12-12T07:25:24.651-0500] {processor.py:830} INFO - Processing file /Users/evankrupa/airflow_project/env/lib/python3.11/site-packages/airflow/example_dags/example_task_group_decorator.py for tasks to queue
[2025-12-12T07:25:24.651-0500] {logging_mixin.py:188} INFO - [2025-12-12T07:25:24.651-0500] {dagbag.py:545} INFO - Filling up the DagBag from /Users/evankrupa/airflow_project/env/lib/python3.11/site-packages/airflow/example_dags/example_task_group_decorator.py
[2025-12-12T07:25:24.667-0500] {processor.py:840} INFO - DAG(s) 'example_task_group_decorator' retrieved from /Users/evankrupa/airflow_project/env/lib/python3.11/site-packages/airflow/example_dags/example_task_group_decorator.py
[2025-12-12T07:25:24.720-0500] {logging_mixin.py:188} INFO - [2025-12-12T07:25:24.720-0500] {override.py:1829} INFO - Created Permission View: can read on DAG:example_task_group_decorator
[2025-12-12T07:25:24.722-0500] {logging_mixin.py:188} INFO - [2025-12-12T07:25:24.722-0500] {override.py:1829} INFO - Created Permission View: can delete on DAG:example_task_group_decorator
[2025-12-12T07:25:24.724-0500] {logging_mixin.py:188} INFO - [2025-12-12T07:25:24.724-0500] {override.py:1829} INFO - Created Permission View: can edit on DAG:example_task_group_decorator
[2025-12-12T07:25:24.724-0500] {logging_mixin.py:188} INFO - [2025-12-12T07:25:24.724-0500] {dag.py:3096} INFO - Sync 1 DAGs
[2025-12-12T07:25:24.746-0500] {logging_mixin.py:188} INFO - [2025-12-12T07:25:24.746-0500] {dag.py:3118} INFO - Creating ORM DAG for example_task_group_decorator
[2025-12-12T07:25:24.749-0500] {logging_mixin.py:188} INFO - [2025-12-12T07:25:24.749-0500] {dag.py:3954} INFO - Setting next_dagrun for example_task_group_decorator to 2025-12-11 00:00:00+00:00, run_after=2025-12-12 00:00:00+00:00
[2025-12-12T07:25:24.754-0500] {processor.py:183} INFO - Processing /Users/evankrupa/airflow_project/env/lib/python3.11/site-packages/airflow/example_dags/example_task_group_decorator.py took 0.104 seconds
[2025-12-12T07:26:37.582-0500] {processor.py:161} INFO - Started process (PID=56916) to work on /Users/evankrupa/airflow_project/env/lib/python3.11/site-packages/airflow/example_dags/example_task_group_decorator.py
[2025-12-12T07:26:37.583-0500] {processor.py:830} INFO - Processing file /Users/evankrupa/airflow_project/env/lib/python3.11/site-packages/airflow/example_dags/example_task_group_decorator.py for tasks to queue
[2025-12-12T07:26:37.583-0500] {logging_mixin.py:188} INFO - [2025-12-12T07:26:37.583-0500] {dagbag.py:545} INFO - Filling up the DagBag from /Users/evankrupa/airflow_project/env/lib/python3.11/site-packages/airflow/example_dags/example_task_group_decorator.py
[2025-12-12T07:26:37.597-0500] {processor.py:840} INFO - DAG(s) 'example_task_group_decorator' retrieved from /Users/evankrupa/airflow_project/env/lib/python3.11/site-packages/airflow/example_dags/example_task_group_decorator.py
[2025-12-12T07:26:37.626-0500] {logging_mixin.py:188} INFO - [2025-12-12T07:26:37.626-0500] {dag.py:3096} INFO - Sync 1 DAGs
[2025-12-12T07:26:37.632-0500] {logging_mixin.py:188} INFO - [2025-12-12T07:26:37.631-0500] {dag.py:3954} INFO - Setting next_dagrun for example_task_group_decorator to 2025-12-11 00:00:00+00:00, run_after=2025-12-12 00:00:00+00:00
[2025-12-12T07:26:37.637-0500] {processor.py:183} INFO - Processing /Users/evankrupa/airflow_project/env/lib/python3.11/site-packages/airflow/example_dags/example_task_group_decorator.py took 0.056 seconds
[2025-12-12T07:28:02.772-0500] {processor.py:161} INFO - Started process (PID=57567) to work on /Users/evankrupa/airflow_project/env/lib/python3.11/site-packages/airflow/example_dags/example_task_group_decorator.py
[2025-12-12T07:28:02.773-0500] {processor.py:830} INFO - Processing file /Users/evankrupa/airflow_project/env/lib/python3.11/site-packages/airflow/example_dags/example_task_group_decorator.py for tasks to queue
[2025-12-12T07:28:02.774-0500] {logging_mixin.py:188} INFO - [2025-12-12T07:28:02.774-0500] {dagbag.py:545} INFO - Filling up the DagBag from /Users/evankrupa/airflow_project/env/lib/python3.11/site-packages/airflow/example_dags/example_task_group_decorator.py
[2025-12-12T07:28:02.790-0500] {processor.py:840} INFO - DAG(s) 'example_task_group_decorator' retrieved from /Users/evankrupa/airflow_project/env/lib/python3.11/site-packages/airflow/example_dags/example_task_group_decorator.py
[2025-12-12T07:28:02.819-0500] {logging_mixin.py:188} INFO - [2025-12-12T07:28:02.819-0500] {dag.py:3096} INFO - Sync 1 DAGs
[2025-12-12T07:28:02.824-0500] {logging_mixin.py:188} INFO - [2025-12-12T07:28:02.824-0500] {dag.py:3954} INFO - Setting next_dagrun for example_task_group_decorator to 2025-12-11 00:00:00+00:00, run_after=2025-12-12 00:00:00+00:00
[2025-12-12T07:28:02.829-0500] {processor.py:183} INFO - Processing /Users/evankrupa/airflow_project/env/lib/python3.11/site-packages/airflow/example_dags/example_task_group_decorator.py took 0.057 seconds
[2025-12-12T07:29:27.345-0500] {processor.py:161} INFO - Started process (PID=57925) to work on /Users/evankrupa/airflow_project/env/lib/python3.11/site-packages/airflow/example_dags/example_task_group_decorator.py
[2025-12-12T07:29:27.346-0500] {processor.py:830} INFO - Processing file /Users/evankrupa/airflow_project/env/lib/python3.11/site-packages/airflow/example_dags/example_task_group_decorator.py for tasks to queue
[2025-12-12T07:29:27.346-0500] {logging_mixin.py:188} INFO - [2025-12-12T07:29:27.346-0500] {dagbag.py:545} INFO - Filling up the DagBag from /Users/evankrupa/airflow_project/env/lib/python3.11/site-packages/airflow/example_dags/example_task_group_decorator.py
[2025-12-12T07:29:27.360-0500] {processor.py:840} INFO - DAG(s) 'example_task_group_decorator' retrieved from /Users/evankrupa/airflow_project/env/lib/python3.11/site-packages/airflow/example_dags/example_task_group_decorator.py
[2025-12-12T07:29:27.388-0500] {logging_mixin.py:188} INFO - [2025-12-12T07:29:27.388-0500] {dag.py:3096} INFO - Sync 1 DAGs
[2025-12-12T07:29:27.393-0500] {logging_mixin.py:188} INFO - [2025-12-12T07:29:27.393-0500] {dag.py:3954} INFO - Setting next_dagrun for example_task_group_decorator to 2025-12-11 00:00:00+00:00, run_after=2025-12-12 00:00:00+00:00
[2025-12-12T07:29:27.398-0500] {processor.py:183} INFO - Processing /Users/evankrupa/airflow_project/env/lib/python3.11/site-packages/airflow/example_dags/example_task_group_decorator.py took 0.054 seconds
[2025-12-12T07:30:52.135-0500] {processor.py:161} INFO - Started process (PID=58055) to work on /Users/evankrupa/airflow_project/env/lib/python3.11/site-packages/airflow/example_dags/example_task_group_decorator.py
[2025-12-12T07:30:52.136-0500] {processor.py:830} INFO - Processing file /Users/evankrupa/airflow_project/env/lib/python3.11/site-packages/airflow/example_dags/example_task_group_decorator.py for tasks to queue
[2025-12-12T07:30:52.136-0500] {logging_mixin.py:188} INFO - [2025-12-12T07:30:52.136-0500] {dagbag.py:545} INFO - Filling up the DagBag from /Users/evankrupa/airflow_project/env/lib/python3.11/site-packages/airflow/example_dags/example_task_group_decorator.py
[2025-12-12T07:30:52.151-0500] {processor.py:840} INFO - DAG(s) 'example_task_group_decorator' retrieved from /Users/evankrupa/airflow_project/env/lib/python3.11/site-packages/airflow/example_dags/example_task_group_decorator.py
[2025-12-12T07:30:52.180-0500] {logging_mixin.py:188} INFO - [2025-12-12T07:30:52.180-0500] {dag.py:3096} INFO - Sync 1 DAGs
[2025-12-12T07:30:52.186-0500] {logging_mixin.py:188} INFO - [2025-12-12T07:30:52.185-0500] {dag.py:3954} INFO - Setting next_dagrun for example_task_group_decorator to 2025-12-11 00:00:00+00:00, run_after=2025-12-12 00:00:00+00:00
[2025-12-12T07:30:52.191-0500] {processor.py:183} INFO - Processing /Users/evankrupa/airflow_project/env/lib/python3.11/site-packages/airflow/example_dags/example_task_group_decorator.py took 0.056 seconds
[2025-12-12T07:32:19.825-0500] {processor.py:161} INFO - Started process (PID=58383) to work on /Users/evankrupa/airflow_project/env/lib/python3.11/site-packages/airflow/example_dags/example_task_group_decorator.py
[2025-12-12T07:32:19.826-0500] {processor.py:830} INFO - Processing file /Users/evankrupa/airflow_project/env/lib/python3.11/site-packages/airflow/example_dags/example_task_group_decorator.py for tasks to queue
[2025-12-12T07:32:19.826-0500] {logging_mixin.py:188} INFO - [2025-12-12T07:32:19.826-0500] {dagbag.py:545} INFO - Filling up the DagBag from /Users/evankrupa/airflow_project/env/lib/python3.11/site-packages/airflow/example_dags/example_task_group_decorator.py
[2025-12-12T07:32:19.840-0500] {processor.py:840} INFO - DAG(s) 'example_task_group_decorator' retrieved from /Users/evankrupa/airflow_project/env/lib/python3.11/site-packages/airflow/example_dags/example_task_group_decorator.py
[2025-12-12T07:32:19.870-0500] {logging_mixin.py:188} INFO - [2025-12-12T07:32:19.869-0500] {dag.py:3096} INFO - Sync 1 DAGs
[2025-12-12T07:32:19.874-0500] {logging_mixin.py:188} INFO - [2025-12-12T07:32:19.874-0500] {dag.py:3954} INFO - Setting next_dagrun for example_task_group_decorator to 2025-12-11 00:00:00+00:00, run_after=2025-12-12 00:00:00+00:00
[2025-12-12T07:32:19.879-0500] {processor.py:183} INFO - Processing /Users/evankrupa/airflow_project/env/lib/python3.11/site-packages/airflow/example_dags/example_task_group_decorator.py took 0.055 seconds
[2025-12-12T07:33:46.548-0500] {processor.py:161} INFO - Started process (PID=58473) to work on /Users/evankrupa/airflow_project/env/lib/python3.11/site-packages/airflow/example_dags/example_task_group_decorator.py
[2025-12-12T07:33:46.549-0500] {processor.py:830} INFO - Processing file /Users/evankrupa/airflow_project/env/lib/python3.11/site-packages/airflow/example_dags/example_task_group_decorator.py for tasks to queue
[2025-12-12T07:33:46.550-0500] {logging_mixin.py:188} INFO - [2025-12-12T07:33:46.550-0500] {dagbag.py:545} INFO - Filling up the DagBag from /Users/evankrupa/airflow_project/env/lib/python3.11/site-packages/airflow/example_dags/example_task_group_decorator.py
[2025-12-12T07:33:46.564-0500] {processor.py:840} INFO - DAG(s) 'example_task_group_decorator' retrieved from /Users/evankrupa/airflow_project/env/lib/python3.11/site-packages/airflow/example_dags/example_task_group_decorator.py
[2025-12-12T07:33:46.593-0500] {logging_mixin.py:188} INFO - [2025-12-12T07:33:46.593-0500] {dag.py:3096} INFO - Sync 1 DAGs
[2025-12-12T07:33:46.598-0500] {logging_mixin.py:188} INFO - [2025-12-12T07:33:46.598-0500] {dag.py:3954} INFO - Setting next_dagrun for example_task_group_decorator to 2025-12-11 00:00:00+00:00, run_after=2025-12-12 00:00:00+00:00
[2025-12-12T07:33:46.603-0500] {processor.py:183} INFO - Processing /Users/evankrupa/airflow_project/env/lib/python3.11/site-packages/airflow/example_dags/example_task_group_decorator.py took 0.056 seconds
[2025-12-12T07:35:10.364-0500] {processor.py:161} INFO - Started process (PID=58550) to work on /Users/evankrupa/airflow_project/env/lib/python3.11/site-packages/airflow/example_dags/example_task_group_decorator.py
[2025-12-12T07:35:10.365-0500] {processor.py:830} INFO - Processing file /Users/evankrupa/airflow_project/env/lib/python3.11/site-packages/airflow/example_dags/example_task_group_decorator.py for tasks to queue
[2025-12-12T07:35:10.366-0500] {logging_mixin.py:188} INFO - [2025-12-12T07:35:10.365-0500] {dagbag.py:545} INFO - Filling up the DagBag from /Users/evankrupa/airflow_project/env/lib/python3.11/site-packages/airflow/example_dags/example_task_group_decorator.py
[2025-12-12T07:35:10.380-0500] {processor.py:840} INFO - DAG(s) 'example_task_group_decorator' retrieved from /Users/evankrupa/airflow_project/env/lib/python3.11/site-packages/airflow/example_dags/example_task_group_decorator.py
[2025-12-12T07:35:10.409-0500] {logging_mixin.py:188} INFO - [2025-12-12T07:35:10.409-0500] {dag.py:3096} INFO - Sync 1 DAGs
[2025-12-12T07:35:10.414-0500] {logging_mixin.py:188} INFO - [2025-12-12T07:35:10.414-0500] {dag.py:3954} INFO - Setting next_dagrun for example_task_group_decorator to 2025-12-11 00:00:00+00:00, run_after=2025-12-12 00:00:00+00:00
[2025-12-12T07:35:10.419-0500] {processor.py:183} INFO - Processing /Users/evankrupa/airflow_project/env/lib/python3.11/site-packages/airflow/example_dags/example_task_group_decorator.py took 0.056 seconds
[2025-12-12T07:36:34.115-0500] {processor.py:161} INFO - Started process (PID=58620) to work on /Users/evankrupa/airflow_project/env/lib/python3.11/site-packages/airflow/example_dags/example_task_group_decorator.py
[2025-12-12T07:36:34.116-0500] {processor.py:830} INFO - Processing file /Users/evankrupa/airflow_project/env/lib/python3.11/site-packages/airflow/example_dags/example_task_group_decorator.py for tasks to queue
[2025-12-12T07:36:34.116-0500] {logging_mixin.py:188} INFO - [2025-12-12T07:36:34.116-0500] {dagbag.py:545} INFO - Filling up the DagBag from /Users/evankrupa/airflow_project/env/lib/python3.11/site-packages/airflow/example_dags/example_task_group_decorator.py
[2025-12-12T07:36:34.131-0500] {processor.py:840} INFO - DAG(s) 'example_task_group_decorator' retrieved from /Users/evankrupa/airflow_project/env/lib/python3.11/site-packages/airflow/example_dags/example_task_group_decorator.py
[2025-12-12T07:36:34.160-0500] {logging_mixin.py:188} INFO - [2025-12-12T07:36:34.160-0500] {dag.py:3096} INFO - Sync 1 DAGs
[2025-12-12T07:36:34.166-0500] {logging_mixin.py:188} INFO - [2025-12-12T07:36:34.166-0500] {dag.py:3954} INFO - Setting next_dagrun for example_task_group_decorator to 2025-12-11 00:00:00+00:00, run_after=2025-12-12 00:00:00+00:00
[2025-12-12T07:36:34.171-0500] {processor.py:183} INFO - Processing /Users/evankrupa/airflow_project/env/lib/python3.11/site-packages/airflow/example_dags/example_task_group_decorator.py took 0.057 seconds
[2025-12-12T07:37:59.194-0500] {processor.py:161} INFO - Started process (PID=58688) to work on /Users/evankrupa/airflow_project/env/lib/python3.11/site-packages/airflow/example_dags/example_task_group_decorator.py
[2025-12-12T07:37:59.195-0500] {processor.py:830} INFO - Processing file /Users/evankrupa/airflow_project/env/lib/python3.11/site-packages/airflow/example_dags/example_task_group_decorator.py for tasks to queue
[2025-12-12T07:37:59.195-0500] {logging_mixin.py:188} INFO - [2025-12-12T07:37:59.195-0500] {dagbag.py:545} INFO - Filling up the DagBag from /Users/evankrupa/airflow_project/env/lib/python3.11/site-packages/airflow/example_dags/example_task_group_decorator.py
[2025-12-12T07:37:59.210-0500] {processor.py:840} INFO - DAG(s) 'example_task_group_decorator' retrieved from /Users/evankrupa/airflow_project/env/lib/python3.11/site-packages/airflow/example_dags/example_task_group_decorator.py
[2025-12-12T07:37:59.240-0500] {logging_mixin.py:188} INFO - [2025-12-12T07:37:59.239-0500] {dag.py:3096} INFO - Sync 1 DAGs
[2025-12-12T07:37:59.244-0500] {logging_mixin.py:188} INFO - [2025-12-12T07:37:59.244-0500] {dag.py:3954} INFO - Setting next_dagrun for example_task_group_decorator to 2025-12-11 00:00:00+00:00, run_after=2025-12-12 00:00:00+00:00
[2025-12-12T07:37:59.249-0500] {processor.py:183} INFO - Processing /Users/evankrupa/airflow_project/env/lib/python3.11/site-packages/airflow/example_dags/example_task_group_decorator.py took 0.056 seconds
[2025-12-12T07:39:23.791-0500] {processor.py:161} INFO - Started process (PID=58808) to work on /Users/evankrupa/airflow_project/env/lib/python3.11/site-packages/airflow/example_dags/example_task_group_decorator.py
[2025-12-12T07:39:23.791-0500] {processor.py:830} INFO - Processing file /Users/evankrupa/airflow_project/env/lib/python3.11/site-packages/airflow/example_dags/example_task_group_decorator.py for tasks to queue
[2025-12-12T07:39:23.792-0500] {logging_mixin.py:188} INFO - [2025-12-12T07:39:23.792-0500] {dagbag.py:545} INFO - Filling up the DagBag from /Users/evankrupa/airflow_project/env/lib/python3.11/site-packages/airflow/example_dags/example_task_group_decorator.py
[2025-12-12T07:39:23.806-0500] {processor.py:840} INFO - DAG(s) 'example_task_group_decorator' retrieved from /Users/evankrupa/airflow_project/env/lib/python3.11/site-packages/airflow/example_dags/example_task_group_decorator.py
[2025-12-12T07:39:23.840-0500] {logging_mixin.py:188} INFO - [2025-12-12T07:39:23.840-0500] {dag.py:3096} INFO - Sync 1 DAGs
[2025-12-12T07:39:23.846-0500] {logging_mixin.py:188} INFO - [2025-12-12T07:39:23.846-0500] {dag.py:3954} INFO - Setting next_dagrun for example_task_group_decorator to 2025-12-11 00:00:00+00:00, run_after=2025-12-12 00:00:00+00:00
[2025-12-12T07:39:23.852-0500] {processor.py:183} INFO - Processing /Users/evankrupa/airflow_project/env/lib/python3.11/site-packages/airflow/example_dags/example_task_group_decorator.py took 0.062 seconds
[2025-12-12T07:40:48.859-0500] {processor.py:161} INFO - Started process (PID=58917) to work on /Users/evankrupa/airflow_project/env/lib/python3.11/site-packages/airflow/example_dags/example_task_group_decorator.py
[2025-12-12T07:40:48.860-0500] {processor.py:830} INFO - Processing file /Users/evankrupa/airflow_project/env/lib/python3.11/site-packages/airflow/example_dags/example_task_group_decorator.py for tasks to queue
[2025-12-12T07:40:48.861-0500] {logging_mixin.py:188} INFO - [2025-12-12T07:40:48.860-0500] {dagbag.py:545} INFO - Filling up the DagBag from /Users/evankrupa/airflow_project/env/lib/python3.11/site-packages/airflow/example_dags/example_task_group_decorator.py
[2025-12-12T07:40:48.875-0500] {processor.py:840} INFO - DAG(s) 'example_task_group_decorator' retrieved from /Users/evankrupa/airflow_project/env/lib/python3.11/site-packages/airflow/example_dags/example_task_group_decorator.py
[2025-12-12T07:40:48.906-0500] {logging_mixin.py:188} INFO - [2025-12-12T07:40:48.906-0500] {dag.py:3096} INFO - Sync 1 DAGs
[2025-12-12T07:40:48.911-0500] {logging_mixin.py:188} INFO - [2025-12-12T07:40:48.911-0500] {dag.py:3954} INFO - Setting next_dagrun for example_task_group_decorator to 2025-12-11 00:00:00+00:00, run_after=2025-12-12 00:00:00+00:00
[2025-12-12T07:40:48.916-0500] {processor.py:183} INFO - Processing /Users/evankrupa/airflow_project/env/lib/python3.11/site-packages/airflow/example_dags/example_task_group_decorator.py took 0.058 seconds
[2025-12-12T07:42:13.592-0500] {processor.py:161} INFO - Started process (PID=58986) to work on /Users/evankrupa/airflow_project/env/lib/python3.11/site-packages/airflow/example_dags/example_task_group_decorator.py
[2025-12-12T07:42:13.593-0500] {processor.py:830} INFO - Processing file /Users/evankrupa/airflow_project/env/lib/python3.11/site-packages/airflow/example_dags/example_task_group_decorator.py for tasks to queue
[2025-12-12T07:42:13.593-0500] {logging_mixin.py:188} INFO - [2025-12-12T07:42:13.593-0500] {dagbag.py:545} INFO - Filling up the DagBag from /Users/evankrupa/airflow_project/env/lib/python3.11/site-packages/airflow/example_dags/example_task_group_decorator.py
[2025-12-12T07:42:13.607-0500] {processor.py:840} INFO - DAG(s) 'example_task_group_decorator' retrieved from /Users/evankrupa/airflow_project/env/lib/python3.11/site-packages/airflow/example_dags/example_task_group_decorator.py
[2025-12-12T07:42:13.635-0500] {logging_mixin.py:188} INFO - [2025-12-12T07:42:13.635-0500] {dag.py:3096} INFO - Sync 1 DAGs
[2025-12-12T07:42:13.640-0500] {logging_mixin.py:188} INFO - [2025-12-12T07:42:13.640-0500] {dag.py:3954} INFO - Setting next_dagrun for example_task_group_decorator to 2025-12-11 00:00:00+00:00, run_after=2025-12-12 00:00:00+00:00
[2025-12-12T07:42:13.645-0500] {processor.py:183} INFO - Processing /Users/evankrupa/airflow_project/env/lib/python3.11/site-packages/airflow/example_dags/example_task_group_decorator.py took 0.054 seconds
[2025-12-12T07:43:37.161-0500] {processor.py:161} INFO - Started process (PID=59152) to work on /Users/evankrupa/airflow_project/env/lib/python3.11/site-packages/airflow/example_dags/example_task_group_decorator.py
[2025-12-12T07:43:37.162-0500] {processor.py:830} INFO - Processing file /Users/evankrupa/airflow_project/env/lib/python3.11/site-packages/airflow/example_dags/example_task_group_decorator.py for tasks to queue
[2025-12-12T07:43:37.162-0500] {logging_mixin.py:188} INFO - [2025-12-12T07:43:37.162-0500] {dagbag.py:545} INFO - Filling up the DagBag from /Users/evankrupa/airflow_project/env/lib/python3.11/site-packages/airflow/example_dags/example_task_group_decorator.py
[2025-12-12T07:43:37.177-0500] {processor.py:840} INFO - DAG(s) 'example_task_group_decorator' retrieved from /Users/evankrupa/airflow_project/env/lib/python3.11/site-packages/airflow/example_dags/example_task_group_decorator.py
[2025-12-12T07:43:37.208-0500] {logging_mixin.py:188} INFO - [2025-12-12T07:43:37.207-0500] {dag.py:3096} INFO - Sync 1 DAGs
[2025-12-12T07:43:37.213-0500] {logging_mixin.py:188} INFO - [2025-12-12T07:43:37.213-0500] {dag.py:3954} INFO - Setting next_dagrun for example_task_group_decorator to 2025-12-11 00:00:00+00:00, run_after=2025-12-12 00:00:00+00:00
[2025-12-12T07:43:37.219-0500] {processor.py:183} INFO - Processing /Users/evankrupa/airflow_project/env/lib/python3.11/site-packages/airflow/example_dags/example_task_group_decorator.py took 0.058 seconds
[2025-12-12T07:45:03.148-0500] {processor.py:161} INFO - Started process (PID=59244) to work on /Users/evankrupa/airflow_project/env/lib/python3.11/site-packages/airflow/example_dags/example_task_group_decorator.py
[2025-12-12T07:45:03.148-0500] {processor.py:830} INFO - Processing file /Users/evankrupa/airflow_project/env/lib/python3.11/site-packages/airflow/example_dags/example_task_group_decorator.py for tasks to queue
[2025-12-12T07:45:03.149-0500] {logging_mixin.py:188} INFO - [2025-12-12T07:45:03.149-0500] {dagbag.py:545} INFO - Filling up the DagBag from /Users/evankrupa/airflow_project/env/lib/python3.11/site-packages/airflow/example_dags/example_task_group_decorator.py
[2025-12-12T07:45:03.163-0500] {processor.py:840} INFO - DAG(s) 'example_task_group_decorator' retrieved from /Users/evankrupa/airflow_project/env/lib/python3.11/site-packages/airflow/example_dags/example_task_group_decorator.py
[2025-12-12T07:45:03.192-0500] {logging_mixin.py:188} INFO - [2025-12-12T07:45:03.192-0500] {dag.py:3096} INFO - Sync 1 DAGs
[2025-12-12T07:45:03.197-0500] {logging_mixin.py:188} INFO - [2025-12-12T07:45:03.197-0500] {dag.py:3954} INFO - Setting next_dagrun for example_task_group_decorator to 2025-12-11 00:00:00+00:00, run_after=2025-12-12 00:00:00+00:00
[2025-12-12T07:45:03.203-0500] {processor.py:183} INFO - Processing /Users/evankrupa/airflow_project/env/lib/python3.11/site-packages/airflow/example_dags/example_task_group_decorator.py took 0.056 seconds
[2025-12-12T07:46:28.522-0500] {processor.py:161} INFO - Started process (PID=59319) to work on /Users/evankrupa/airflow_project/env/lib/python3.11/site-packages/airflow/example_dags/example_task_group_decorator.py
[2025-12-12T07:46:28.523-0500] {processor.py:830} INFO - Processing file /Users/evankrupa/airflow_project/env/lib/python3.11/site-packages/airflow/example_dags/example_task_group_decorator.py for tasks to queue
[2025-12-12T07:46:28.523-0500] {logging_mixin.py:188} INFO - [2025-12-12T07:46:28.523-0500] {dagbag.py:545} INFO - Filling up the DagBag from /Users/evankrupa/airflow_project/env/lib/python3.11/site-packages/airflow/example_dags/example_task_group_decorator.py
[2025-12-12T07:46:28.537-0500] {processor.py:840} INFO - DAG(s) 'example_task_group_decorator' retrieved from /Users/evankrupa/airflow_project/env/lib/python3.11/site-packages/airflow/example_dags/example_task_group_decorator.py
[2025-12-12T07:46:28.567-0500] {logging_mixin.py:188} INFO - [2025-12-12T07:46:28.567-0500] {dag.py:3096} INFO - Sync 1 DAGs
[2025-12-12T07:46:28.572-0500] {logging_mixin.py:188} INFO - [2025-12-12T07:46:28.571-0500] {dag.py:3954} INFO - Setting next_dagrun for example_task_group_decorator to 2025-12-11 00:00:00+00:00, run_after=2025-12-12 00:00:00+00:00
[2025-12-12T07:46:28.577-0500] {processor.py:183} INFO - Processing /Users/evankrupa/airflow_project/env/lib/python3.11/site-packages/airflow/example_dags/example_task_group_decorator.py took 0.056 seconds
[2025-12-12T07:47:51.026-0500] {processor.py:161} INFO - Started process (PID=59407) to work on /Users/evankrupa/airflow_project/env/lib/python3.11/site-packages/airflow/example_dags/example_task_group_decorator.py
[2025-12-12T07:47:51.027-0500] {processor.py:830} INFO - Processing file /Users/evankrupa/airflow_project/env/lib/python3.11/site-packages/airflow/example_dags/example_task_group_decorator.py for tasks to queue
[2025-12-12T07:47:51.027-0500] {logging_mixin.py:188} INFO - [2025-12-12T07:47:51.027-0500] {dagbag.py:545} INFO - Filling up the DagBag from /Users/evankrupa/airflow_project/env/lib/python3.11/site-packages/airflow/example_dags/example_task_group_decorator.py
[2025-12-12T07:47:51.044-0500] {processor.py:840} INFO - DAG(s) 'example_task_group_decorator' retrieved from /Users/evankrupa/airflow_project/env/lib/python3.11/site-packages/airflow/example_dags/example_task_group_decorator.py
[2025-12-12T07:47:51.081-0500] {logging_mixin.py:188} INFO - [2025-12-12T07:47:51.081-0500] {dag.py:3096} INFO - Sync 1 DAGs
[2025-12-12T07:47:51.087-0500] {logging_mixin.py:188} INFO - [2025-12-12T07:47:51.087-0500] {dag.py:3954} INFO - Setting next_dagrun for example_task_group_decorator to 2025-12-11 00:00:00+00:00, run_after=2025-12-12 00:00:00+00:00
[2025-12-12T07:47:51.093-0500] {processor.py:183} INFO - Processing /Users/evankrupa/airflow_project/env/lib/python3.11/site-packages/airflow/example_dags/example_task_group_decorator.py took 0.068 seconds
[2025-12-12T07:49:20.144-0500] {processor.py:161} INFO - Started process (PID=59507) to work on /Users/evankrupa/airflow_project/env/lib/python3.11/site-packages/airflow/example_dags/example_task_group_decorator.py
[2025-12-12T07:49:20.145-0500] {processor.py:830} INFO - Processing file /Users/evankrupa/airflow_project/env/lib/python3.11/site-packages/airflow/example_dags/example_task_group_decorator.py for tasks to queue
[2025-12-12T07:49:20.146-0500] {logging_mixin.py:188} INFO - [2025-12-12T07:49:20.145-0500] {dagbag.py:545} INFO - Filling up the DagBag from /Users/evankrupa/airflow_project/env/lib/python3.11/site-packages/airflow/example_dags/example_task_group_decorator.py
[2025-12-12T07:49:20.160-0500] {processor.py:840} INFO - DAG(s) 'example_task_group_decorator' retrieved from /Users/evankrupa/airflow_project/env/lib/python3.11/site-packages/airflow/example_dags/example_task_group_decorator.py
[2025-12-12T07:49:20.189-0500] {logging_mixin.py:188} INFO - [2025-12-12T07:49:20.189-0500] {dag.py:3096} INFO - Sync 1 DAGs
[2025-12-12T07:49:20.195-0500] {logging_mixin.py:188} INFO - [2025-12-12T07:49:20.195-0500] {dag.py:3954} INFO - Setting next_dagrun for example_task_group_decorator to 2025-12-11 00:00:00+00:00, run_after=2025-12-12 00:00:00+00:00
[2025-12-12T07:49:20.202-0500] {processor.py:183} INFO - Processing /Users/evankrupa/airflow_project/env/lib/python3.11/site-packages/airflow/example_dags/example_task_group_decorator.py took 0.058 seconds
[2025-12-12T07:50:44.942-0500] {processor.py:161} INFO - Started process (PID=59582) to work on /Users/evankrupa/airflow_project/env/lib/python3.11/site-packages/airflow/example_dags/example_task_group_decorator.py
[2025-12-12T07:50:44.943-0500] {processor.py:830} INFO - Processing file /Users/evankrupa/airflow_project/env/lib/python3.11/site-packages/airflow/example_dags/example_task_group_decorator.py for tasks to queue
[2025-12-12T07:50:44.943-0500] {logging_mixin.py:188} INFO - [2025-12-12T07:50:44.943-0500] {dagbag.py:545} INFO - Filling up the DagBag from /Users/evankrupa/airflow_project/env/lib/python3.11/site-packages/airflow/example_dags/example_task_group_decorator.py
[2025-12-12T07:50:44.957-0500] {processor.py:840} INFO - DAG(s) 'example_task_group_decorator' retrieved from /Users/evankrupa/airflow_project/env/lib/python3.11/site-packages/airflow/example_dags/example_task_group_decorator.py
[2025-12-12T07:50:44.986-0500] {logging_mixin.py:188} INFO - [2025-12-12T07:50:44.986-0500] {dag.py:3096} INFO - Sync 1 DAGs
[2025-12-12T07:50:44.991-0500] {logging_mixin.py:188} INFO - [2025-12-12T07:50:44.991-0500] {dag.py:3954} INFO - Setting next_dagrun for example_task_group_decorator to 2025-12-11 00:00:00+00:00, run_after=2025-12-12 00:00:00+00:00
[2025-12-12T07:50:44.996-0500] {processor.py:183} INFO - Processing /Users/evankrupa/airflow_project/env/lib/python3.11/site-packages/airflow/example_dags/example_task_group_decorator.py took 0.055 seconds
[2025-12-12T07:52:10.148-0500] {processor.py:161} INFO - Started process (PID=59651) to work on /Users/evankrupa/airflow_project/env/lib/python3.11/site-packages/airflow/example_dags/example_task_group_decorator.py
[2025-12-12T07:52:10.149-0500] {processor.py:830} INFO - Processing file /Users/evankrupa/airflow_project/env/lib/python3.11/site-packages/airflow/example_dags/example_task_group_decorator.py for tasks to queue
[2025-12-12T07:52:10.149-0500] {logging_mixin.py:188} INFO - [2025-12-12T07:52:10.149-0500] {dagbag.py:545} INFO - Filling up the DagBag from /Users/evankrupa/airflow_project/env/lib/python3.11/site-packages/airflow/example_dags/example_task_group_decorator.py
[2025-12-12T07:52:10.164-0500] {processor.py:840} INFO - DAG(s) 'example_task_group_decorator' retrieved from /Users/evankrupa/airflow_project/env/lib/python3.11/site-packages/airflow/example_dags/example_task_group_decorator.py
[2025-12-12T07:52:10.193-0500] {logging_mixin.py:188} INFO - [2025-12-12T07:52:10.193-0500] {dag.py:3096} INFO - Sync 1 DAGs
[2025-12-12T07:52:10.197-0500] {logging_mixin.py:188} INFO - [2025-12-12T07:52:10.197-0500] {dag.py:3954} INFO - Setting next_dagrun for example_task_group_decorator to 2025-12-11 00:00:00+00:00, run_after=2025-12-12 00:00:00+00:00
[2025-12-12T07:52:10.203-0500] {processor.py:183} INFO - Processing /Users/evankrupa/airflow_project/env/lib/python3.11/site-packages/airflow/example_dags/example_task_group_decorator.py took 0.056 seconds
[2025-12-12T07:53:32.874-0500] {processor.py:161} INFO - Started process (PID=59739) to work on /Users/evankrupa/airflow_project/env/lib/python3.11/site-packages/airflow/example_dags/example_task_group_decorator.py
[2025-12-12T07:53:32.875-0500] {processor.py:830} INFO - Processing file /Users/evankrupa/airflow_project/env/lib/python3.11/site-packages/airflow/example_dags/example_task_group_decorator.py for tasks to queue
[2025-12-12T07:53:32.875-0500] {logging_mixin.py:188} INFO - [2025-12-12T07:53:32.875-0500] {dagbag.py:545} INFO - Filling up the DagBag from /Users/evankrupa/airflow_project/env/lib/python3.11/site-packages/airflow/example_dags/example_task_group_decorator.py
[2025-12-12T07:53:32.889-0500] {processor.py:840} INFO - DAG(s) 'example_task_group_decorator' retrieved from /Users/evankrupa/airflow_project/env/lib/python3.11/site-packages/airflow/example_dags/example_task_group_decorator.py
[2025-12-12T07:53:32.918-0500] {logging_mixin.py:188} INFO - [2025-12-12T07:53:32.918-0500] {dag.py:3096} INFO - Sync 1 DAGs
[2025-12-12T07:53:32.922-0500] {logging_mixin.py:188} INFO - [2025-12-12T07:53:32.922-0500] {dag.py:3954} INFO - Setting next_dagrun for example_task_group_decorator to 2025-12-11 00:00:00+00:00, run_after=2025-12-12 00:00:00+00:00
[2025-12-12T07:53:32.928-0500] {processor.py:183} INFO - Processing /Users/evankrupa/airflow_project/env/lib/python3.11/site-packages/airflow/example_dags/example_task_group_decorator.py took 0.054 seconds
[2025-12-12T07:54:55.215-0500] {processor.py:161} INFO - Started process (PID=59813) to work on /Users/evankrupa/airflow_project/env/lib/python3.11/site-packages/airflow/example_dags/example_task_group_decorator.py
[2025-12-12T07:54:55.217-0500] {processor.py:830} INFO - Processing file /Users/evankrupa/airflow_project/env/lib/python3.11/site-packages/airflow/example_dags/example_task_group_decorator.py for tasks to queue
[2025-12-12T07:54:55.217-0500] {logging_mixin.py:188} INFO - [2025-12-12T07:54:55.217-0500] {dagbag.py:545} INFO - Filling up the DagBag from /Users/evankrupa/airflow_project/env/lib/python3.11/site-packages/airflow/example_dags/example_task_group_decorator.py
[2025-12-12T07:54:55.232-0500] {processor.py:840} INFO - DAG(s) 'example_task_group_decorator' retrieved from /Users/evankrupa/airflow_project/env/lib/python3.11/site-packages/airflow/example_dags/example_task_group_decorator.py
[2025-12-12T07:54:55.261-0500] {logging_mixin.py:188} INFO - [2025-12-12T07:54:55.261-0500] {dag.py:3096} INFO - Sync 1 DAGs
[2025-12-12T07:54:55.266-0500] {logging_mixin.py:188} INFO - [2025-12-12T07:54:55.266-0500] {dag.py:3954} INFO - Setting next_dagrun for example_task_group_decorator to 2025-12-11 00:00:00+00:00, run_after=2025-12-12 00:00:00+00:00
[2025-12-12T07:54:55.271-0500] {processor.py:183} INFO - Processing /Users/evankrupa/airflow_project/env/lib/python3.11/site-packages/airflow/example_dags/example_task_group_decorator.py took 0.057 seconds
[2025-12-12T07:56:21.611-0500] {processor.py:161} INFO - Started process (PID=59892) to work on /Users/evankrupa/airflow_project/env/lib/python3.11/site-packages/airflow/example_dags/example_task_group_decorator.py
[2025-12-12T07:56:21.611-0500] {processor.py:830} INFO - Processing file /Users/evankrupa/airflow_project/env/lib/python3.11/site-packages/airflow/example_dags/example_task_group_decorator.py for tasks to queue
[2025-12-12T07:56:21.612-0500] {logging_mixin.py:188} INFO - [2025-12-12T07:56:21.612-0500] {dagbag.py:545} INFO - Filling up the DagBag from /Users/evankrupa/airflow_project/env/lib/python3.11/site-packages/airflow/example_dags/example_task_group_decorator.py
[2025-12-12T07:56:21.626-0500] {processor.py:840} INFO - DAG(s) 'example_task_group_decorator' retrieved from /Users/evankrupa/airflow_project/env/lib/python3.11/site-packages/airflow/example_dags/example_task_group_decorator.py
[2025-12-12T07:56:21.654-0500] {logging_mixin.py:188} INFO - [2025-12-12T07:56:21.654-0500] {dag.py:3096} INFO - Sync 1 DAGs
[2025-12-12T07:56:21.659-0500] {logging_mixin.py:188} INFO - [2025-12-12T07:56:21.659-0500] {dag.py:3954} INFO - Setting next_dagrun for example_task_group_decorator to 2025-12-11 00:00:00+00:00, run_after=2025-12-12 00:00:00+00:00
[2025-12-12T07:56:21.664-0500] {processor.py:183} INFO - Processing /Users/evankrupa/airflow_project/env/lib/python3.11/site-packages/airflow/example_dags/example_task_group_decorator.py took 0.054 seconds
[2025-12-12T07:57:47.496-0500] {processor.py:161} INFO - Started process (PID=60413) to work on /Users/evankrupa/airflow_project/env/lib/python3.11/site-packages/airflow/example_dags/example_task_group_decorator.py
[2025-12-12T07:57:47.497-0500] {processor.py:830} INFO - Processing file /Users/evankrupa/airflow_project/env/lib/python3.11/site-packages/airflow/example_dags/example_task_group_decorator.py for tasks to queue
[2025-12-12T07:57:47.497-0500] {logging_mixin.py:188} INFO - [2025-12-12T07:57:47.497-0500] {dagbag.py:545} INFO - Filling up the DagBag from /Users/evankrupa/airflow_project/env/lib/python3.11/site-packages/airflow/example_dags/example_task_group_decorator.py
[2025-12-12T07:57:47.511-0500] {processor.py:840} INFO - DAG(s) 'example_task_group_decorator' retrieved from /Users/evankrupa/airflow_project/env/lib/python3.11/site-packages/airflow/example_dags/example_task_group_decorator.py
[2025-12-12T07:57:47.541-0500] {logging_mixin.py:188} INFO - [2025-12-12T07:57:47.541-0500] {dag.py:3096} INFO - Sync 1 DAGs
[2025-12-12T07:57:47.546-0500] {logging_mixin.py:188} INFO - [2025-12-12T07:57:47.546-0500] {dag.py:3954} INFO - Setting next_dagrun for example_task_group_decorator to 2025-12-11 00:00:00+00:00, run_after=2025-12-12 00:00:00+00:00
[2025-12-12T07:57:47.551-0500] {processor.py:183} INFO - Processing /Users/evankrupa/airflow_project/env/lib/python3.11/site-packages/airflow/example_dags/example_task_group_decorator.py took 0.056 seconds
[2025-12-12T07:59:13.339-0500] {processor.py:161} INFO - Started process (PID=62598) to work on /Users/evankrupa/airflow_project/env/lib/python3.11/site-packages/airflow/example_dags/example_task_group_decorator.py
[2025-12-12T07:59:13.340-0500] {processor.py:830} INFO - Processing file /Users/evankrupa/airflow_project/env/lib/python3.11/site-packages/airflow/example_dags/example_task_group_decorator.py for tasks to queue
[2025-12-12T07:59:13.340-0500] {logging_mixin.py:188} INFO - [2025-12-12T07:59:13.340-0500] {dagbag.py:545} INFO - Filling up the DagBag from /Users/evankrupa/airflow_project/env/lib/python3.11/site-packages/airflow/example_dags/example_task_group_decorator.py
[2025-12-12T07:59:13.354-0500] {processor.py:840} INFO - DAG(s) 'example_task_group_decorator' retrieved from /Users/evankrupa/airflow_project/env/lib/python3.11/site-packages/airflow/example_dags/example_task_group_decorator.py
[2025-12-12T07:59:13.386-0500] {logging_mixin.py:188} INFO - [2025-12-12T07:59:13.386-0500] {dag.py:3096} INFO - Sync 1 DAGs
[2025-12-12T07:59:13.392-0500] {logging_mixin.py:188} INFO - [2025-12-12T07:59:13.392-0500] {dag.py:3954} INFO - Setting next_dagrun for example_task_group_decorator to 2025-12-11 00:00:00+00:00, run_after=2025-12-12 00:00:00+00:00
[2025-12-12T07:59:13.398-0500] {processor.py:183} INFO - Processing /Users/evankrupa/airflow_project/env/lib/python3.11/site-packages/airflow/example_dags/example_task_group_decorator.py took 0.060 seconds
[2025-12-12T08:00:35.401-0500] {processor.py:161} INFO - Started process (PID=62771) to work on /Users/evankrupa/airflow_project/env/lib/python3.11/site-packages/airflow/example_dags/example_task_group_decorator.py
[2025-12-12T08:00:35.402-0500] {processor.py:830} INFO - Processing file /Users/evankrupa/airflow_project/env/lib/python3.11/site-packages/airflow/example_dags/example_task_group_decorator.py for tasks to queue
[2025-12-12T08:00:35.402-0500] {logging_mixin.py:188} INFO - [2025-12-12T08:00:35.402-0500] {dagbag.py:545} INFO - Filling up the DagBag from /Users/evankrupa/airflow_project/env/lib/python3.11/site-packages/airflow/example_dags/example_task_group_decorator.py
[2025-12-12T08:00:35.417-0500] {processor.py:840} INFO - DAG(s) 'example_task_group_decorator' retrieved from /Users/evankrupa/airflow_project/env/lib/python3.11/site-packages/airflow/example_dags/example_task_group_decorator.py
[2025-12-12T08:00:35.446-0500] {logging_mixin.py:188} INFO - [2025-12-12T08:00:35.446-0500] {dag.py:3096} INFO - Sync 1 DAGs
[2025-12-12T08:00:35.450-0500] {logging_mixin.py:188} INFO - [2025-12-12T08:00:35.450-0500] {dag.py:3954} INFO - Setting next_dagrun for example_task_group_decorator to 2025-12-11 00:00:00+00:00, run_after=2025-12-12 00:00:00+00:00
[2025-12-12T08:00:35.456-0500] {processor.py:183} INFO - Processing /Users/evankrupa/airflow_project/env/lib/python3.11/site-packages/airflow/example_dags/example_task_group_decorator.py took 0.055 seconds
[2025-12-12T08:01:58.410-0500] {processor.py:161} INFO - Started process (PID=62837) to work on /Users/evankrupa/airflow_project/env/lib/python3.11/site-packages/airflow/example_dags/example_task_group_decorator.py
[2025-12-12T08:01:58.411-0500] {processor.py:830} INFO - Processing file /Users/evankrupa/airflow_project/env/lib/python3.11/site-packages/airflow/example_dags/example_task_group_decorator.py for tasks to queue
[2025-12-12T08:01:58.412-0500] {logging_mixin.py:188} INFO - [2025-12-12T08:01:58.412-0500] {dagbag.py:545} INFO - Filling up the DagBag from /Users/evankrupa/airflow_project/env/lib/python3.11/site-packages/airflow/example_dags/example_task_group_decorator.py
[2025-12-12T08:01:58.426-0500] {processor.py:840} INFO - DAG(s) 'example_task_group_decorator' retrieved from /Users/evankrupa/airflow_project/env/lib/python3.11/site-packages/airflow/example_dags/example_task_group_decorator.py
[2025-12-12T08:01:58.455-0500] {logging_mixin.py:188} INFO - [2025-12-12T08:01:58.455-0500] {dag.py:3096} INFO - Sync 1 DAGs
[2025-12-12T08:01:58.460-0500] {logging_mixin.py:188} INFO - [2025-12-12T08:01:58.460-0500] {dag.py:3954} INFO - Setting next_dagrun for example_task_group_decorator to 2025-12-11 00:00:00+00:00, run_after=2025-12-12 00:00:00+00:00
[2025-12-12T08:01:58.465-0500] {processor.py:183} INFO - Processing /Users/evankrupa/airflow_project/env/lib/python3.11/site-packages/airflow/example_dags/example_task_group_decorator.py took 0.056 seconds
[2025-12-12T08:03:24.382-0500] {processor.py:161} INFO - Started process (PID=62903) to work on /Users/evankrupa/airflow_project/env/lib/python3.11/site-packages/airflow/example_dags/example_task_group_decorator.py
[2025-12-12T08:03:24.383-0500] {processor.py:830} INFO - Processing file /Users/evankrupa/airflow_project/env/lib/python3.11/site-packages/airflow/example_dags/example_task_group_decorator.py for tasks to queue
[2025-12-12T08:03:24.383-0500] {logging_mixin.py:188} INFO - [2025-12-12T08:03:24.383-0500] {dagbag.py:545} INFO - Filling up the DagBag from /Users/evankrupa/airflow_project/env/lib/python3.11/site-packages/airflow/example_dags/example_task_group_decorator.py
[2025-12-12T08:03:24.397-0500] {processor.py:840} INFO - DAG(s) 'example_task_group_decorator' retrieved from /Users/evankrupa/airflow_project/env/lib/python3.11/site-packages/airflow/example_dags/example_task_group_decorator.py
[2025-12-12T08:03:24.426-0500] {logging_mixin.py:188} INFO - [2025-12-12T08:03:24.426-0500] {dag.py:3096} INFO - Sync 1 DAGs
[2025-12-12T08:03:24.430-0500] {logging_mixin.py:188} INFO - [2025-12-12T08:03:24.430-0500] {dag.py:3954} INFO - Setting next_dagrun for example_task_group_decorator to 2025-12-11 00:00:00+00:00, run_after=2025-12-12 00:00:00+00:00
[2025-12-12T08:03:24.436-0500] {processor.py:183} INFO - Processing /Users/evankrupa/airflow_project/env/lib/python3.11/site-packages/airflow/example_dags/example_task_group_decorator.py took 0.054 seconds
[2025-12-12T08:04:48.717-0500] {processor.py:161} INFO - Started process (PID=63053) to work on /Users/evankrupa/airflow_project/env/lib/python3.11/site-packages/airflow/example_dags/example_task_group_decorator.py
[2025-12-12T08:04:48.719-0500] {processor.py:830} INFO - Processing file /Users/evankrupa/airflow_project/env/lib/python3.11/site-packages/airflow/example_dags/example_task_group_decorator.py for tasks to queue
[2025-12-12T08:04:48.719-0500] {logging_mixin.py:188} INFO - [2025-12-12T08:04:48.719-0500] {dagbag.py:545} INFO - Filling up the DagBag from /Users/evankrupa/airflow_project/env/lib/python3.11/site-packages/airflow/example_dags/example_task_group_decorator.py
[2025-12-12T08:04:48.733-0500] {processor.py:840} INFO - DAG(s) 'example_task_group_decorator' retrieved from /Users/evankrupa/airflow_project/env/lib/python3.11/site-packages/airflow/example_dags/example_task_group_decorator.py
[2025-12-12T08:04:48.762-0500] {logging_mixin.py:188} INFO - [2025-12-12T08:04:48.761-0500] {dag.py:3096} INFO - Sync 1 DAGs
[2025-12-12T08:04:48.766-0500] {logging_mixin.py:188} INFO - [2025-12-12T08:04:48.766-0500] {dag.py:3954} INFO - Setting next_dagrun for example_task_group_decorator to 2025-12-11 00:00:00+00:00, run_after=2025-12-12 00:00:00+00:00
[2025-12-12T08:04:48.772-0500] {processor.py:183} INFO - Processing /Users/evankrupa/airflow_project/env/lib/python3.11/site-packages/airflow/example_dags/example_task_group_decorator.py took 0.055 seconds
[2025-12-12T08:06:12.306-0500] {processor.py:161} INFO - Started process (PID=63129) to work on /Users/evankrupa/airflow_project/env/lib/python3.11/site-packages/airflow/example_dags/example_task_group_decorator.py
[2025-12-12T08:06:12.307-0500] {processor.py:830} INFO - Processing file /Users/evankrupa/airflow_project/env/lib/python3.11/site-packages/airflow/example_dags/example_task_group_decorator.py for tasks to queue
[2025-12-12T08:06:12.307-0500] {logging_mixin.py:188} INFO - [2025-12-12T08:06:12.307-0500] {dagbag.py:545} INFO - Filling up the DagBag from /Users/evankrupa/airflow_project/env/lib/python3.11/site-packages/airflow/example_dags/example_task_group_decorator.py
[2025-12-12T08:06:12.321-0500] {processor.py:840} INFO - DAG(s) 'example_task_group_decorator' retrieved from /Users/evankrupa/airflow_project/env/lib/python3.11/site-packages/airflow/example_dags/example_task_group_decorator.py
[2025-12-12T08:06:12.350-0500] {logging_mixin.py:188} INFO - [2025-12-12T08:06:12.350-0500] {dag.py:3096} INFO - Sync 1 DAGs
[2025-12-12T08:06:12.355-0500] {logging_mixin.py:188} INFO - [2025-12-12T08:06:12.355-0500] {dag.py:3954} INFO - Setting next_dagrun for example_task_group_decorator to 2025-12-11 00:00:00+00:00, run_after=2025-12-12 00:00:00+00:00
[2025-12-12T08:06:12.360-0500] {processor.py:183} INFO - Processing /Users/evankrupa/airflow_project/env/lib/python3.11/site-packages/airflow/example_dags/example_task_group_decorator.py took 0.055 seconds
[2025-12-12T08:07:41.993-0500] {processor.py:161} INFO - Started process (PID=63656) to work on /Users/evankrupa/airflow_project/env/lib/python3.11/site-packages/airflow/example_dags/example_task_group_decorator.py
[2025-12-12T08:07:41.994-0500] {processor.py:830} INFO - Processing file /Users/evankrupa/airflow_project/env/lib/python3.11/site-packages/airflow/example_dags/example_task_group_decorator.py for tasks to queue
[2025-12-12T08:07:41.994-0500] {logging_mixin.py:188} INFO - [2025-12-12T08:07:41.994-0500] {dagbag.py:545} INFO - Filling up the DagBag from /Users/evankrupa/airflow_project/env/lib/python3.11/site-packages/airflow/example_dags/example_task_group_decorator.py
[2025-12-12T08:07:42.009-0500] {processor.py:840} INFO - DAG(s) 'example_task_group_decorator' retrieved from /Users/evankrupa/airflow_project/env/lib/python3.11/site-packages/airflow/example_dags/example_task_group_decorator.py
[2025-12-12T08:07:42.039-0500] {logging_mixin.py:188} INFO - [2025-12-12T08:07:42.039-0500] {dag.py:3096} INFO - Sync 1 DAGs
[2025-12-12T08:07:42.044-0500] {logging_mixin.py:188} INFO - [2025-12-12T08:07:42.044-0500] {dag.py:3954} INFO - Setting next_dagrun for example_task_group_decorator to 2025-12-11 00:00:00+00:00, run_after=2025-12-12 00:00:00+00:00
[2025-12-12T08:07:42.049-0500] {processor.py:183} INFO - Processing /Users/evankrupa/airflow_project/env/lib/python3.11/site-packages/airflow/example_dags/example_task_group_decorator.py took 0.057 seconds
[2025-12-12T08:09:07.265-0500] {processor.py:161} INFO - Started process (PID=63721) to work on /Users/evankrupa/airflow_project/env/lib/python3.11/site-packages/airflow/example_dags/example_task_group_decorator.py
[2025-12-12T08:09:07.266-0500] {processor.py:830} INFO - Processing file /Users/evankrupa/airflow_project/env/lib/python3.11/site-packages/airflow/example_dags/example_task_group_decorator.py for tasks to queue
[2025-12-12T08:09:07.266-0500] {logging_mixin.py:188} INFO - [2025-12-12T08:09:07.266-0500] {dagbag.py:545} INFO - Filling up the DagBag from /Users/evankrupa/airflow_project/env/lib/python3.11/site-packages/airflow/example_dags/example_task_group_decorator.py
[2025-12-12T08:09:07.280-0500] {processor.py:840} INFO - DAG(s) 'example_task_group_decorator' retrieved from /Users/evankrupa/airflow_project/env/lib/python3.11/site-packages/airflow/example_dags/example_task_group_decorator.py
[2025-12-12T08:09:07.311-0500] {logging_mixin.py:188} INFO - [2025-12-12T08:09:07.311-0500] {dag.py:3096} INFO - Sync 1 DAGs
[2025-12-12T08:09:07.318-0500] {logging_mixin.py:188} INFO - [2025-12-12T08:09:07.318-0500] {dag.py:3954} INFO - Setting next_dagrun for example_task_group_decorator to 2025-12-11 00:00:00+00:00, run_after=2025-12-12 00:00:00+00:00
[2025-12-12T08:09:07.325-0500] {processor.py:183} INFO - Processing /Users/evankrupa/airflow_project/env/lib/python3.11/site-packages/airflow/example_dags/example_task_group_decorator.py took 0.060 seconds
[2025-12-12T08:10:33.662-0500] {processor.py:161} INFO - Started process (PID=63793) to work on /Users/evankrupa/airflow_project/env/lib/python3.11/site-packages/airflow/example_dags/example_task_group_decorator.py
[2025-12-12T08:10:33.664-0500] {processor.py:830} INFO - Processing file /Users/evankrupa/airflow_project/env/lib/python3.11/site-packages/airflow/example_dags/example_task_group_decorator.py for tasks to queue
[2025-12-12T08:10:33.664-0500] {logging_mixin.py:188} INFO - [2025-12-12T08:10:33.664-0500] {dagbag.py:545} INFO - Filling up the DagBag from /Users/evankrupa/airflow_project/env/lib/python3.11/site-packages/airflow/example_dags/example_task_group_decorator.py
[2025-12-12T08:10:33.679-0500] {processor.py:840} INFO - DAG(s) 'example_task_group_decorator' retrieved from /Users/evankrupa/airflow_project/env/lib/python3.11/site-packages/airflow/example_dags/example_task_group_decorator.py
[2025-12-12T08:10:33.709-0500] {logging_mixin.py:188} INFO - [2025-12-12T08:10:33.709-0500] {dag.py:3096} INFO - Sync 1 DAGs
[2025-12-12T08:10:33.714-0500] {logging_mixin.py:188} INFO - [2025-12-12T08:10:33.714-0500] {dag.py:3954} INFO - Setting next_dagrun for example_task_group_decorator to 2025-12-11 00:00:00+00:00, run_after=2025-12-12 00:00:00+00:00
[2025-12-12T08:10:33.719-0500] {processor.py:183} INFO - Processing /Users/evankrupa/airflow_project/env/lib/python3.11/site-packages/airflow/example_dags/example_task_group_decorator.py took 0.058 seconds
[2025-12-12T08:12:00.384-0500] {processor.py:161} INFO - Started process (PID=63860) to work on /Users/evankrupa/airflow_project/env/lib/python3.11/site-packages/airflow/example_dags/example_task_group_decorator.py
[2025-12-12T08:12:00.384-0500] {processor.py:830} INFO - Processing file /Users/evankrupa/airflow_project/env/lib/python3.11/site-packages/airflow/example_dags/example_task_group_decorator.py for tasks to queue
[2025-12-12T08:12:00.384-0500] {logging_mixin.py:188} INFO - [2025-12-12T08:12:00.384-0500] {dagbag.py:545} INFO - Filling up the DagBag from /Users/evankrupa/airflow_project/env/lib/python3.11/site-packages/airflow/example_dags/example_task_group_decorator.py
[2025-12-12T08:12:00.399-0500] {processor.py:840} INFO - DAG(s) 'example_task_group_decorator' retrieved from /Users/evankrupa/airflow_project/env/lib/python3.11/site-packages/airflow/example_dags/example_task_group_decorator.py
[2025-12-12T08:12:00.429-0500] {logging_mixin.py:188} INFO - [2025-12-12T08:12:00.429-0500] {dag.py:3096} INFO - Sync 1 DAGs
[2025-12-12T08:12:00.434-0500] {logging_mixin.py:188} INFO - [2025-12-12T08:12:00.434-0500] {dag.py:3954} INFO - Setting next_dagrun for example_task_group_decorator to 2025-12-11 00:00:00+00:00, run_after=2025-12-12 00:00:00+00:00
[2025-12-12T08:12:00.439-0500] {processor.py:183} INFO - Processing /Users/evankrupa/airflow_project/env/lib/python3.11/site-packages/airflow/example_dags/example_task_group_decorator.py took 0.057 seconds
[2025-12-12T08:13:23.761-0500] {processor.py:161} INFO - Started process (PID=63926) to work on /Users/evankrupa/airflow_project/env/lib/python3.11/site-packages/airflow/example_dags/example_task_group_decorator.py
[2025-12-12T08:13:23.762-0500] {processor.py:830} INFO - Processing file /Users/evankrupa/airflow_project/env/lib/python3.11/site-packages/airflow/example_dags/example_task_group_decorator.py for tasks to queue
[2025-12-12T08:13:23.763-0500] {logging_mixin.py:188} INFO - [2025-12-12T08:13:23.763-0500] {dagbag.py:545} INFO - Filling up the DagBag from /Users/evankrupa/airflow_project/env/lib/python3.11/site-packages/airflow/example_dags/example_task_group_decorator.py
[2025-12-12T08:13:23.777-0500] {processor.py:840} INFO - DAG(s) 'example_task_group_decorator' retrieved from /Users/evankrupa/airflow_project/env/lib/python3.11/site-packages/airflow/example_dags/example_task_group_decorator.py
[2025-12-12T08:13:23.808-0500] {logging_mixin.py:188} INFO - [2025-12-12T08:13:23.807-0500] {dag.py:3096} INFO - Sync 1 DAGs
[2025-12-12T08:13:23.813-0500] {logging_mixin.py:188} INFO - [2025-12-12T08:13:23.813-0500] {dag.py:3954} INFO - Setting next_dagrun for example_task_group_decorator to 2025-12-11 00:00:00+00:00, run_after=2025-12-12 00:00:00+00:00
[2025-12-12T08:13:23.818-0500] {processor.py:183} INFO - Processing /Users/evankrupa/airflow_project/env/lib/python3.11/site-packages/airflow/example_dags/example_task_group_decorator.py took 0.057 seconds
[2025-12-12T08:14:48.930-0500] {processor.py:161} INFO - Started process (PID=63993) to work on /Users/evankrupa/airflow_project/env/lib/python3.11/site-packages/airflow/example_dags/example_task_group_decorator.py
[2025-12-12T08:14:48.931-0500] {processor.py:830} INFO - Processing file /Users/evankrupa/airflow_project/env/lib/python3.11/site-packages/airflow/example_dags/example_task_group_decorator.py for tasks to queue
[2025-12-12T08:14:48.931-0500] {logging_mixin.py:188} INFO - [2025-12-12T08:14:48.931-0500] {dagbag.py:545} INFO - Filling up the DagBag from /Users/evankrupa/airflow_project/env/lib/python3.11/site-packages/airflow/example_dags/example_task_group_decorator.py
[2025-12-12T08:14:48.947-0500] {processor.py:840} INFO - DAG(s) 'example_task_group_decorator' retrieved from /Users/evankrupa/airflow_project/env/lib/python3.11/site-packages/airflow/example_dags/example_task_group_decorator.py
[2025-12-12T08:14:48.981-0500] {logging_mixin.py:188} INFO - [2025-12-12T08:14:48.981-0500] {dag.py:3096} INFO - Sync 1 DAGs
[2025-12-12T08:14:48.986-0500] {logging_mixin.py:188} INFO - [2025-12-12T08:14:48.986-0500] {dag.py:3954} INFO - Setting next_dagrun for example_task_group_decorator to 2025-12-11 00:00:00+00:00, run_after=2025-12-12 00:00:00+00:00
[2025-12-12T08:14:48.992-0500] {processor.py:183} INFO - Processing /Users/evankrupa/airflow_project/env/lib/python3.11/site-packages/airflow/example_dags/example_task_group_decorator.py took 0.063 seconds
[2025-12-12T08:16:09.197-0500] {processor.py:161} INFO - Started process (PID=64067) to work on /Users/evankrupa/airflow_project/env/lib/python3.11/site-packages/airflow/example_dags/example_task_group_decorator.py
[2025-12-12T08:16:09.197-0500] {processor.py:830} INFO - Processing file /Users/evankrupa/airflow_project/env/lib/python3.11/site-packages/airflow/example_dags/example_task_group_decorator.py for tasks to queue
[2025-12-12T08:16:09.197-0500] {logging_mixin.py:188} INFO - [2025-12-12T08:16:09.197-0500] {dagbag.py:545} INFO - Filling up the DagBag from /Users/evankrupa/airflow_project/env/lib/python3.11/site-packages/airflow/example_dags/example_task_group_decorator.py
[2025-12-12T08:16:09.212-0500] {processor.py:840} INFO - DAG(s) 'example_task_group_decorator' retrieved from /Users/evankrupa/airflow_project/env/lib/python3.11/site-packages/airflow/example_dags/example_task_group_decorator.py
[2025-12-12T08:16:09.241-0500] {logging_mixin.py:188} INFO - [2025-12-12T08:16:09.241-0500] {dag.py:3096} INFO - Sync 1 DAGs
[2025-12-12T08:16:09.246-0500] {logging_mixin.py:188} INFO - [2025-12-12T08:16:09.246-0500] {dag.py:3954} INFO - Setting next_dagrun for example_task_group_decorator to 2025-12-11 00:00:00+00:00, run_after=2025-12-12 00:00:00+00:00
[2025-12-12T08:16:09.251-0500] {processor.py:183} INFO - Processing /Users/evankrupa/airflow_project/env/lib/python3.11/site-packages/airflow/example_dags/example_task_group_decorator.py took 0.055 seconds
[2025-12-12T08:17:34.953-0500] {processor.py:161} INFO - Started process (PID=64135) to work on /Users/evankrupa/airflow_project/env/lib/python3.11/site-packages/airflow/example_dags/example_task_group_decorator.py
[2025-12-12T08:17:34.954-0500] {processor.py:830} INFO - Processing file /Users/evankrupa/airflow_project/env/lib/python3.11/site-packages/airflow/example_dags/example_task_group_decorator.py for tasks to queue
[2025-12-12T08:17:34.955-0500] {logging_mixin.py:188} INFO - [2025-12-12T08:17:34.955-0500] {dagbag.py:545} INFO - Filling up the DagBag from /Users/evankrupa/airflow_project/env/lib/python3.11/site-packages/airflow/example_dags/example_task_group_decorator.py
[2025-12-12T08:17:34.970-0500] {processor.py:840} INFO - DAG(s) 'example_task_group_decorator' retrieved from /Users/evankrupa/airflow_project/env/lib/python3.11/site-packages/airflow/example_dags/example_task_group_decorator.py
[2025-12-12T08:17:34.998-0500] {logging_mixin.py:188} INFO - [2025-12-12T08:17:34.998-0500] {dag.py:3096} INFO - Sync 1 DAGs
[2025-12-12T08:17:35.003-0500] {logging_mixin.py:188} INFO - [2025-12-12T08:17:35.003-0500] {dag.py:3954} INFO - Setting next_dagrun for example_task_group_decorator to 2025-12-11 00:00:00+00:00, run_after=2025-12-12 00:00:00+00:00
[2025-12-12T08:17:35.009-0500] {processor.py:183} INFO - Processing /Users/evankrupa/airflow_project/env/lib/python3.11/site-packages/airflow/example_dags/example_task_group_decorator.py took 0.056 seconds
[2025-12-12T08:18:58.228-0500] {processor.py:161} INFO - Started process (PID=64204) to work on /Users/evankrupa/airflow_project/env/lib/python3.11/site-packages/airflow/example_dags/example_task_group_decorator.py
[2025-12-12T08:18:58.229-0500] {processor.py:830} INFO - Processing file /Users/evankrupa/airflow_project/env/lib/python3.11/site-packages/airflow/example_dags/example_task_group_decorator.py for tasks to queue
[2025-12-12T08:18:58.229-0500] {logging_mixin.py:188} INFO - [2025-12-12T08:18:58.229-0500] {dagbag.py:545} INFO - Filling up the DagBag from /Users/evankrupa/airflow_project/env/lib/python3.11/site-packages/airflow/example_dags/example_task_group_decorator.py
[2025-12-12T08:18:58.243-0500] {processor.py:840} INFO - DAG(s) 'example_task_group_decorator' retrieved from /Users/evankrupa/airflow_project/env/lib/python3.11/site-packages/airflow/example_dags/example_task_group_decorator.py
[2025-12-12T08:18:58.272-0500] {logging_mixin.py:188} INFO - [2025-12-12T08:18:58.272-0500] {dag.py:3096} INFO - Sync 1 DAGs
[2025-12-12T08:18:58.277-0500] {logging_mixin.py:188} INFO - [2025-12-12T08:18:58.276-0500] {dag.py:3954} INFO - Setting next_dagrun for example_task_group_decorator to 2025-12-11 00:00:00+00:00, run_after=2025-12-12 00:00:00+00:00
[2025-12-12T08:18:58.282-0500] {processor.py:183} INFO - Processing /Users/evankrupa/airflow_project/env/lib/python3.11/site-packages/airflow/example_dags/example_task_group_decorator.py took 0.055 seconds
[2025-12-12T08:20:23.382-0500] {processor.py:161} INFO - Started process (PID=64272) to work on /Users/evankrupa/airflow_project/env/lib/python3.11/site-packages/airflow/example_dags/example_task_group_decorator.py
[2025-12-12T08:20:23.383-0500] {processor.py:830} INFO - Processing file /Users/evankrupa/airflow_project/env/lib/python3.11/site-packages/airflow/example_dags/example_task_group_decorator.py for tasks to queue
[2025-12-12T08:20:23.383-0500] {logging_mixin.py:188} INFO - [2025-12-12T08:20:23.383-0500] {dagbag.py:545} INFO - Filling up the DagBag from /Users/evankrupa/airflow_project/env/lib/python3.11/site-packages/airflow/example_dags/example_task_group_decorator.py
[2025-12-12T08:20:23.398-0500] {processor.py:840} INFO - DAG(s) 'example_task_group_decorator' retrieved from /Users/evankrupa/airflow_project/env/lib/python3.11/site-packages/airflow/example_dags/example_task_group_decorator.py
[2025-12-12T08:20:23.429-0500] {logging_mixin.py:188} INFO - [2025-12-12T08:20:23.429-0500] {dag.py:3096} INFO - Sync 1 DAGs
[2025-12-12T08:20:23.437-0500] {logging_mixin.py:188} INFO - [2025-12-12T08:20:23.437-0500] {dag.py:3954} INFO - Setting next_dagrun for example_task_group_decorator to 2025-12-11 00:00:00+00:00, run_after=2025-12-12 00:00:00+00:00
[2025-12-12T08:20:23.442-0500] {processor.py:183} INFO - Processing /Users/evankrupa/airflow_project/env/lib/python3.11/site-packages/airflow/example_dags/example_task_group_decorator.py took 0.061 seconds
[2025-12-12T08:21:45.989-0500] {processor.py:161} INFO - Started process (PID=64337) to work on /Users/evankrupa/airflow_project/env/lib/python3.11/site-packages/airflow/example_dags/example_task_group_decorator.py
[2025-12-12T08:21:45.990-0500] {processor.py:830} INFO - Processing file /Users/evankrupa/airflow_project/env/lib/python3.11/site-packages/airflow/example_dags/example_task_group_decorator.py for tasks to queue
[2025-12-12T08:21:45.990-0500] {logging_mixin.py:188} INFO - [2025-12-12T08:21:45.990-0500] {dagbag.py:545} INFO - Filling up the DagBag from /Users/evankrupa/airflow_project/env/lib/python3.11/site-packages/airflow/example_dags/example_task_group_decorator.py
[2025-12-12T08:21:46.005-0500] {processor.py:840} INFO - DAG(s) 'example_task_group_decorator' retrieved from /Users/evankrupa/airflow_project/env/lib/python3.11/site-packages/airflow/example_dags/example_task_group_decorator.py
[2025-12-12T08:21:46.035-0500] {logging_mixin.py:188} INFO - [2025-12-12T08:21:46.035-0500] {dag.py:3096} INFO - Sync 1 DAGs
[2025-12-12T08:21:46.040-0500] {logging_mixin.py:188} INFO - [2025-12-12T08:21:46.040-0500] {dag.py:3954} INFO - Setting next_dagrun for example_task_group_decorator to 2025-12-11 00:00:00+00:00, run_after=2025-12-12 00:00:00+00:00
[2025-12-12T08:21:46.046-0500] {processor.py:183} INFO - Processing /Users/evankrupa/airflow_project/env/lib/python3.11/site-packages/airflow/example_dags/example_task_group_decorator.py took 0.057 seconds
[2025-12-12T08:23:12.505-0500] {processor.py:161} INFO - Started process (PID=64404) to work on /Users/evankrupa/airflow_project/env/lib/python3.11/site-packages/airflow/example_dags/example_task_group_decorator.py
[2025-12-12T08:23:12.507-0500] {processor.py:830} INFO - Processing file /Users/evankrupa/airflow_project/env/lib/python3.11/site-packages/airflow/example_dags/example_task_group_decorator.py for tasks to queue
[2025-12-12T08:23:12.507-0500] {logging_mixin.py:188} INFO - [2025-12-12T08:23:12.507-0500] {dagbag.py:545} INFO - Filling up the DagBag from /Users/evankrupa/airflow_project/env/lib/python3.11/site-packages/airflow/example_dags/example_task_group_decorator.py
[2025-12-12T08:23:12.521-0500] {processor.py:840} INFO - DAG(s) 'example_task_group_decorator' retrieved from /Users/evankrupa/airflow_project/env/lib/python3.11/site-packages/airflow/example_dags/example_task_group_decorator.py
[2025-12-12T08:23:12.550-0500] {logging_mixin.py:188} INFO - [2025-12-12T08:23:12.550-0500] {dag.py:3096} INFO - Sync 1 DAGs
[2025-12-12T08:23:12.555-0500] {logging_mixin.py:188} INFO - [2025-12-12T08:23:12.555-0500] {dag.py:3954} INFO - Setting next_dagrun for example_task_group_decorator to 2025-12-11 00:00:00+00:00, run_after=2025-12-12 00:00:00+00:00
[2025-12-12T08:23:12.560-0500] {processor.py:183} INFO - Processing /Users/evankrupa/airflow_project/env/lib/python3.11/site-packages/airflow/example_dags/example_task_group_decorator.py took 0.055 seconds
[2025-12-12T08:24:33.802-0500] {processor.py:161} INFO - Started process (PID=64478) to work on /Users/evankrupa/airflow_project/env/lib/python3.11/site-packages/airflow/example_dags/example_task_group_decorator.py
[2025-12-12T08:24:33.802-0500] {processor.py:830} INFO - Processing file /Users/evankrupa/airflow_project/env/lib/python3.11/site-packages/airflow/example_dags/example_task_group_decorator.py for tasks to queue
[2025-12-12T08:24:33.803-0500] {logging_mixin.py:188} INFO - [2025-12-12T08:24:33.802-0500] {dagbag.py:545} INFO - Filling up the DagBag from /Users/evankrupa/airflow_project/env/lib/python3.11/site-packages/airflow/example_dags/example_task_group_decorator.py
[2025-12-12T08:24:33.817-0500] {processor.py:840} INFO - DAG(s) 'example_task_group_decorator' retrieved from /Users/evankrupa/airflow_project/env/lib/python3.11/site-packages/airflow/example_dags/example_task_group_decorator.py
[2025-12-12T08:24:33.846-0500] {logging_mixin.py:188} INFO - [2025-12-12T08:24:33.846-0500] {dag.py:3096} INFO - Sync 1 DAGs
[2025-12-12T08:24:33.851-0500] {logging_mixin.py:188} INFO - [2025-12-12T08:24:33.851-0500] {dag.py:3954} INFO - Setting next_dagrun for example_task_group_decorator to 2025-12-11 00:00:00+00:00, run_after=2025-12-12 00:00:00+00:00
[2025-12-12T08:24:33.856-0500] {processor.py:183} INFO - Processing /Users/evankrupa/airflow_project/env/lib/python3.11/site-packages/airflow/example_dags/example_task_group_decorator.py took 0.055 seconds
[2025-12-12T08:25:58.997-0500] {processor.py:161} INFO - Started process (PID=64547) to work on /Users/evankrupa/airflow_project/env/lib/python3.11/site-packages/airflow/example_dags/example_task_group_decorator.py
[2025-12-12T08:25:58.998-0500] {processor.py:830} INFO - Processing file /Users/evankrupa/airflow_project/env/lib/python3.11/site-packages/airflow/example_dags/example_task_group_decorator.py for tasks to queue
[2025-12-12T08:25:58.998-0500] {logging_mixin.py:188} INFO - [2025-12-12T08:25:58.998-0500] {dagbag.py:545} INFO - Filling up the DagBag from /Users/evankrupa/airflow_project/env/lib/python3.11/site-packages/airflow/example_dags/example_task_group_decorator.py
[2025-12-12T08:25:59.013-0500] {processor.py:840} INFO - DAG(s) 'example_task_group_decorator' retrieved from /Users/evankrupa/airflow_project/env/lib/python3.11/site-packages/airflow/example_dags/example_task_group_decorator.py
[2025-12-12T08:25:59.042-0500] {logging_mixin.py:188} INFO - [2025-12-12T08:25:59.042-0500] {dag.py:3096} INFO - Sync 1 DAGs
[2025-12-12T08:25:59.046-0500] {logging_mixin.py:188} INFO - [2025-12-12T08:25:59.046-0500] {dag.py:3954} INFO - Setting next_dagrun for example_task_group_decorator to 2025-12-11 00:00:00+00:00, run_after=2025-12-12 00:00:00+00:00
[2025-12-12T08:25:59.052-0500] {processor.py:183} INFO - Processing /Users/evankrupa/airflow_project/env/lib/python3.11/site-packages/airflow/example_dags/example_task_group_decorator.py took 0.056 seconds
[2025-12-12T08:27:25.150-0500] {processor.py:161} INFO - Started process (PID=64631) to work on /Users/evankrupa/airflow_project/env/lib/python3.11/site-packages/airflow/example_dags/example_task_group_decorator.py
[2025-12-12T08:27:25.151-0500] {processor.py:830} INFO - Processing file /Users/evankrupa/airflow_project/env/lib/python3.11/site-packages/airflow/example_dags/example_task_group_decorator.py for tasks to queue
[2025-12-12T08:27:25.151-0500] {logging_mixin.py:188} INFO - [2025-12-12T08:27:25.151-0500] {dagbag.py:545} INFO - Filling up the DagBag from /Users/evankrupa/airflow_project/env/lib/python3.11/site-packages/airflow/example_dags/example_task_group_decorator.py
[2025-12-12T08:27:25.166-0500] {processor.py:840} INFO - DAG(s) 'example_task_group_decorator' retrieved from /Users/evankrupa/airflow_project/env/lib/python3.11/site-packages/airflow/example_dags/example_task_group_decorator.py
[2025-12-12T08:27:25.196-0500] {logging_mixin.py:188} INFO - [2025-12-12T08:27:25.196-0500] {dag.py:3096} INFO - Sync 1 DAGs
[2025-12-12T08:27:25.201-0500] {logging_mixin.py:188} INFO - [2025-12-12T08:27:25.201-0500] {dag.py:3954} INFO - Setting next_dagrun for example_task_group_decorator to 2025-12-11 00:00:00+00:00, run_after=2025-12-12 00:00:00+00:00
[2025-12-12T08:27:25.206-0500] {processor.py:183} INFO - Processing /Users/evankrupa/airflow_project/env/lib/python3.11/site-packages/airflow/example_dags/example_task_group_decorator.py took 0.057 seconds
[2025-12-12T08:28:50.065-0500] {processor.py:161} INFO - Started process (PID=64723) to work on /Users/evankrupa/airflow_project/env/lib/python3.11/site-packages/airflow/example_dags/example_task_group_decorator.py
[2025-12-12T08:28:50.065-0500] {processor.py:830} INFO - Processing file /Users/evankrupa/airflow_project/env/lib/python3.11/site-packages/airflow/example_dags/example_task_group_decorator.py for tasks to queue
[2025-12-12T08:28:50.066-0500] {logging_mixin.py:188} INFO - [2025-12-12T08:28:50.065-0500] {dagbag.py:545} INFO - Filling up the DagBag from /Users/evankrupa/airflow_project/env/lib/python3.11/site-packages/airflow/example_dags/example_task_group_decorator.py
[2025-12-12T08:28:50.079-0500] {processor.py:840} INFO - DAG(s) 'example_task_group_decorator' retrieved from /Users/evankrupa/airflow_project/env/lib/python3.11/site-packages/airflow/example_dags/example_task_group_decorator.py
[2025-12-12T08:28:50.108-0500] {logging_mixin.py:188} INFO - [2025-12-12T08:28:50.108-0500] {dag.py:3096} INFO - Sync 1 DAGs
[2025-12-12T08:28:50.113-0500] {logging_mixin.py:188} INFO - [2025-12-12T08:28:50.113-0500] {dag.py:3954} INFO - Setting next_dagrun for example_task_group_decorator to 2025-12-11 00:00:00+00:00, run_after=2025-12-12 00:00:00+00:00
[2025-12-12T08:28:50.118-0500] {processor.py:183} INFO - Processing /Users/evankrupa/airflow_project/env/lib/python3.11/site-packages/airflow/example_dags/example_task_group_decorator.py took 0.054 seconds
[2025-12-12T08:30:10.277-0500] {processor.py:161} INFO - Started process (PID=64806) to work on /Users/evankrupa/airflow_project/env/lib/python3.11/site-packages/airflow/example_dags/example_task_group_decorator.py
[2025-12-12T08:30:10.278-0500] {processor.py:830} INFO - Processing file /Users/evankrupa/airflow_project/env/lib/python3.11/site-packages/airflow/example_dags/example_task_group_decorator.py for tasks to queue
[2025-12-12T08:30:10.278-0500] {logging_mixin.py:188} INFO - [2025-12-12T08:30:10.278-0500] {dagbag.py:545} INFO - Filling up the DagBag from /Users/evankrupa/airflow_project/env/lib/python3.11/site-packages/airflow/example_dags/example_task_group_decorator.py
[2025-12-12T08:30:10.293-0500] {processor.py:840} INFO - DAG(s) 'example_task_group_decorator' retrieved from /Users/evankrupa/airflow_project/env/lib/python3.11/site-packages/airflow/example_dags/example_task_group_decorator.py
[2025-12-12T08:30:10.323-0500] {logging_mixin.py:188} INFO - [2025-12-12T08:30:10.323-0500] {dag.py:3096} INFO - Sync 1 DAGs
[2025-12-12T08:30:10.328-0500] {logging_mixin.py:188} INFO - [2025-12-12T08:30:10.328-0500] {dag.py:3954} INFO - Setting next_dagrun for example_task_group_decorator to 2025-12-11 00:00:00+00:00, run_after=2025-12-12 00:00:00+00:00
[2025-12-12T08:30:10.334-0500] {processor.py:183} INFO - Processing /Users/evankrupa/airflow_project/env/lib/python3.11/site-packages/airflow/example_dags/example_task_group_decorator.py took 0.057 seconds
[2025-12-12T08:31:32.257-0500] {processor.py:161} INFO - Started process (PID=64884) to work on /Users/evankrupa/airflow_project/env/lib/python3.11/site-packages/airflow/example_dags/example_task_group_decorator.py
[2025-12-12T08:31:32.257-0500] {processor.py:830} INFO - Processing file /Users/evankrupa/airflow_project/env/lib/python3.11/site-packages/airflow/example_dags/example_task_group_decorator.py for tasks to queue
[2025-12-12T08:31:32.258-0500] {logging_mixin.py:188} INFO - [2025-12-12T08:31:32.258-0500] {dagbag.py:545} INFO - Filling up the DagBag from /Users/evankrupa/airflow_project/env/lib/python3.11/site-packages/airflow/example_dags/example_task_group_decorator.py
[2025-12-12T08:31:32.272-0500] {processor.py:840} INFO - DAG(s) 'example_task_group_decorator' retrieved from /Users/evankrupa/airflow_project/env/lib/python3.11/site-packages/airflow/example_dags/example_task_group_decorator.py
[2025-12-12T08:31:32.301-0500] {logging_mixin.py:188} INFO - [2025-12-12T08:31:32.301-0500] {dag.py:3096} INFO - Sync 1 DAGs
[2025-12-12T08:31:32.306-0500] {logging_mixin.py:188} INFO - [2025-12-12T08:31:32.306-0500] {dag.py:3954} INFO - Setting next_dagrun for example_task_group_decorator to 2025-12-11 00:00:00+00:00, run_after=2025-12-12 00:00:00+00:00
[2025-12-12T08:31:32.311-0500] {processor.py:183} INFO - Processing /Users/evankrupa/airflow_project/env/lib/python3.11/site-packages/airflow/example_dags/example_task_group_decorator.py took 0.055 seconds
[2025-12-12T08:32:56.633-0500] {processor.py:161} INFO - Started process (PID=64980) to work on /Users/evankrupa/airflow_project/env/lib/python3.11/site-packages/airflow/example_dags/example_task_group_decorator.py
[2025-12-12T08:32:56.634-0500] {processor.py:830} INFO - Processing file /Users/evankrupa/airflow_project/env/lib/python3.11/site-packages/airflow/example_dags/example_task_group_decorator.py for tasks to queue
[2025-12-12T08:32:56.634-0500] {logging_mixin.py:188} INFO - [2025-12-12T08:32:56.634-0500] {dagbag.py:545} INFO - Filling up the DagBag from /Users/evankrupa/airflow_project/env/lib/python3.11/site-packages/airflow/example_dags/example_task_group_decorator.py
[2025-12-12T08:32:56.649-0500] {processor.py:840} INFO - DAG(s) 'example_task_group_decorator' retrieved from /Users/evankrupa/airflow_project/env/lib/python3.11/site-packages/airflow/example_dags/example_task_group_decorator.py
[2025-12-12T08:32:56.678-0500] {logging_mixin.py:188} INFO - [2025-12-12T08:32:56.678-0500] {dag.py:3096} INFO - Sync 1 DAGs
[2025-12-12T08:32:56.682-0500] {logging_mixin.py:188} INFO - [2025-12-12T08:32:56.682-0500] {dag.py:3954} INFO - Setting next_dagrun for example_task_group_decorator to 2025-12-11 00:00:00+00:00, run_after=2025-12-12 00:00:00+00:00
[2025-12-12T08:32:56.688-0500] {processor.py:183} INFO - Processing /Users/evankrupa/airflow_project/env/lib/python3.11/site-packages/airflow/example_dags/example_task_group_decorator.py took 0.055 seconds
[2025-12-12T08:34:23.107-0500] {processor.py:161} INFO - Started process (PID=65068) to work on /Users/evankrupa/airflow_project/env/lib/python3.11/site-packages/airflow/example_dags/example_task_group_decorator.py
[2025-12-12T08:34:23.108-0500] {processor.py:830} INFO - Processing file /Users/evankrupa/airflow_project/env/lib/python3.11/site-packages/airflow/example_dags/example_task_group_decorator.py for tasks to queue
[2025-12-12T08:34:23.108-0500] {logging_mixin.py:188} INFO - [2025-12-12T08:34:23.108-0500] {dagbag.py:545} INFO - Filling up the DagBag from /Users/evankrupa/airflow_project/env/lib/python3.11/site-packages/airflow/example_dags/example_task_group_decorator.py
[2025-12-12T08:34:23.122-0500] {processor.py:840} INFO - DAG(s) 'example_task_group_decorator' retrieved from /Users/evankrupa/airflow_project/env/lib/python3.11/site-packages/airflow/example_dags/example_task_group_decorator.py
[2025-12-12T08:34:23.151-0500] {logging_mixin.py:188} INFO - [2025-12-12T08:34:23.150-0500] {dag.py:3096} INFO - Sync 1 DAGs
[2025-12-12T08:34:23.156-0500] {logging_mixin.py:188} INFO - [2025-12-12T08:34:23.156-0500] {dag.py:3954} INFO - Setting next_dagrun for example_task_group_decorator to 2025-12-11 00:00:00+00:00, run_after=2025-12-12 00:00:00+00:00
[2025-12-12T08:34:23.161-0500] {processor.py:183} INFO - Processing /Users/evankrupa/airflow_project/env/lib/python3.11/site-packages/airflow/example_dags/example_task_group_decorator.py took 0.055 seconds
[2025-12-12T08:35:49.085-0500] {processor.py:161} INFO - Started process (PID=65167) to work on /Users/evankrupa/airflow_project/env/lib/python3.11/site-packages/airflow/example_dags/example_task_group_decorator.py
[2025-12-12T08:35:49.085-0500] {processor.py:830} INFO - Processing file /Users/evankrupa/airflow_project/env/lib/python3.11/site-packages/airflow/example_dags/example_task_group_decorator.py for tasks to queue
[2025-12-12T08:35:49.086-0500] {logging_mixin.py:188} INFO - [2025-12-12T08:35:49.085-0500] {dagbag.py:545} INFO - Filling up the DagBag from /Users/evankrupa/airflow_project/env/lib/python3.11/site-packages/airflow/example_dags/example_task_group_decorator.py
[2025-12-12T08:35:49.099-0500] {processor.py:840} INFO - DAG(s) 'example_task_group_decorator' retrieved from /Users/evankrupa/airflow_project/env/lib/python3.11/site-packages/airflow/example_dags/example_task_group_decorator.py
[2025-12-12T08:35:49.129-0500] {logging_mixin.py:188} INFO - [2025-12-12T08:35:49.129-0500] {dag.py:3096} INFO - Sync 1 DAGs
[2025-12-12T08:35:49.134-0500] {logging_mixin.py:188} INFO - [2025-12-12T08:35:49.134-0500] {dag.py:3954} INFO - Setting next_dagrun for example_task_group_decorator to 2025-12-11 00:00:00+00:00, run_after=2025-12-12 00:00:00+00:00
[2025-12-12T08:35:49.139-0500] {processor.py:183} INFO - Processing /Users/evankrupa/airflow_project/env/lib/python3.11/site-packages/airflow/example_dags/example_task_group_decorator.py took 0.055 seconds
[2025-12-12T08:37:11.418-0500] {processor.py:161} INFO - Started process (PID=65242) to work on /Users/evankrupa/airflow_project/env/lib/python3.11/site-packages/airflow/example_dags/example_task_group_decorator.py
[2025-12-12T08:37:11.419-0500] {processor.py:830} INFO - Processing file /Users/evankrupa/airflow_project/env/lib/python3.11/site-packages/airflow/example_dags/example_task_group_decorator.py for tasks to queue
[2025-12-12T08:37:11.419-0500] {logging_mixin.py:188} INFO - [2025-12-12T08:37:11.419-0500] {dagbag.py:545} INFO - Filling up the DagBag from /Users/evankrupa/airflow_project/env/lib/python3.11/site-packages/airflow/example_dags/example_task_group_decorator.py
[2025-12-12T08:37:11.433-0500] {processor.py:840} INFO - DAG(s) 'example_task_group_decorator' retrieved from /Users/evankrupa/airflow_project/env/lib/python3.11/site-packages/airflow/example_dags/example_task_group_decorator.py
[2025-12-12T08:37:11.462-0500] {logging_mixin.py:188} INFO - [2025-12-12T08:37:11.462-0500] {dag.py:3096} INFO - Sync 1 DAGs
[2025-12-12T08:37:11.467-0500] {logging_mixin.py:188} INFO - [2025-12-12T08:37:11.467-0500] {dag.py:3954} INFO - Setting next_dagrun for example_task_group_decorator to 2025-12-11 00:00:00+00:00, run_after=2025-12-12 00:00:00+00:00
[2025-12-12T08:37:11.472-0500] {processor.py:183} INFO - Processing /Users/evankrupa/airflow_project/env/lib/python3.11/site-packages/airflow/example_dags/example_task_group_decorator.py took 0.055 seconds
[2025-12-12T08:38:36.593-0500] {processor.py:161} INFO - Started process (PID=65311) to work on /Users/evankrupa/airflow_project/env/lib/python3.11/site-packages/airflow/example_dags/example_task_group_decorator.py
[2025-12-12T08:38:36.594-0500] {processor.py:830} INFO - Processing file /Users/evankrupa/airflow_project/env/lib/python3.11/site-packages/airflow/example_dags/example_task_group_decorator.py for tasks to queue
[2025-12-12T08:38:36.594-0500] {logging_mixin.py:188} INFO - [2025-12-12T08:38:36.594-0500] {dagbag.py:545} INFO - Filling up the DagBag from /Users/evankrupa/airflow_project/env/lib/python3.11/site-packages/airflow/example_dags/example_task_group_decorator.py
[2025-12-12T08:38:36.608-0500] {processor.py:840} INFO - DAG(s) 'example_task_group_decorator' retrieved from /Users/evankrupa/airflow_project/env/lib/python3.11/site-packages/airflow/example_dags/example_task_group_decorator.py
[2025-12-12T08:38:36.637-0500] {logging_mixin.py:188} INFO - [2025-12-12T08:38:36.637-0500] {dag.py:3096} INFO - Sync 1 DAGs
[2025-12-12T08:38:36.642-0500] {logging_mixin.py:188} INFO - [2025-12-12T08:38:36.642-0500] {dag.py:3954} INFO - Setting next_dagrun for example_task_group_decorator to 2025-12-11 00:00:00+00:00, run_after=2025-12-12 00:00:00+00:00
[2025-12-12T08:38:36.647-0500] {processor.py:183} INFO - Processing /Users/evankrupa/airflow_project/env/lib/python3.11/site-packages/airflow/example_dags/example_task_group_decorator.py took 0.055 seconds
[2025-12-12T08:39:59.862-0500] {processor.py:161} INFO - Started process (PID=65388) to work on /Users/evankrupa/airflow_project/env/lib/python3.11/site-packages/airflow/example_dags/example_task_group_decorator.py
[2025-12-12T08:39:59.863-0500] {processor.py:830} INFO - Processing file /Users/evankrupa/airflow_project/env/lib/python3.11/site-packages/airflow/example_dags/example_task_group_decorator.py for tasks to queue
[2025-12-12T08:39:59.863-0500] {logging_mixin.py:188} INFO - [2025-12-12T08:39:59.863-0500] {dagbag.py:545} INFO - Filling up the DagBag from /Users/evankrupa/airflow_project/env/lib/python3.11/site-packages/airflow/example_dags/example_task_group_decorator.py
[2025-12-12T08:39:59.879-0500] {processor.py:840} INFO - DAG(s) 'example_task_group_decorator' retrieved from /Users/evankrupa/airflow_project/env/lib/python3.11/site-packages/airflow/example_dags/example_task_group_decorator.py
[2025-12-12T08:39:59.908-0500] {logging_mixin.py:188} INFO - [2025-12-12T08:39:59.908-0500] {dag.py:3096} INFO - Sync 1 DAGs
[2025-12-12T08:39:59.914-0500] {logging_mixin.py:188} INFO - [2025-12-12T08:39:59.914-0500] {dag.py:3954} INFO - Setting next_dagrun for example_task_group_decorator to 2025-12-11 00:00:00+00:00, run_after=2025-12-12 00:00:00+00:00
[2025-12-12T08:39:59.919-0500] {processor.py:183} INFO - Processing /Users/evankrupa/airflow_project/env/lib/python3.11/site-packages/airflow/example_dags/example_task_group_decorator.py took 0.058 seconds
[2025-12-12T08:41:25.231-0500] {processor.py:161} INFO - Started process (PID=65474) to work on /Users/evankrupa/airflow_project/env/lib/python3.11/site-packages/airflow/example_dags/example_task_group_decorator.py
[2025-12-12T08:41:25.232-0500] {processor.py:830} INFO - Processing file /Users/evankrupa/airflow_project/env/lib/python3.11/site-packages/airflow/example_dags/example_task_group_decorator.py for tasks to queue
[2025-12-12T08:41:25.232-0500] {logging_mixin.py:188} INFO - [2025-12-12T08:41:25.232-0500] {dagbag.py:545} INFO - Filling up the DagBag from /Users/evankrupa/airflow_project/env/lib/python3.11/site-packages/airflow/example_dags/example_task_group_decorator.py
[2025-12-12T08:41:25.247-0500] {processor.py:840} INFO - DAG(s) 'example_task_group_decorator' retrieved from /Users/evankrupa/airflow_project/env/lib/python3.11/site-packages/airflow/example_dags/example_task_group_decorator.py
[2025-12-12T08:41:25.275-0500] {logging_mixin.py:188} INFO - [2025-12-12T08:41:25.275-0500] {dag.py:3096} INFO - Sync 1 DAGs
[2025-12-12T08:41:25.280-0500] {logging_mixin.py:188} INFO - [2025-12-12T08:41:25.280-0500] {dag.py:3954} INFO - Setting next_dagrun for example_task_group_decorator to 2025-12-11 00:00:00+00:00, run_after=2025-12-12 00:00:00+00:00
[2025-12-12T08:41:25.285-0500] {processor.py:183} INFO - Processing /Users/evankrupa/airflow_project/env/lib/python3.11/site-packages/airflow/example_dags/example_task_group_decorator.py took 0.055 seconds
[2025-12-12T08:42:46.063-0500] {processor.py:161} INFO - Started process (PID=65545) to work on /Users/evankrupa/airflow_project/env/lib/python3.11/site-packages/airflow/example_dags/example_task_group_decorator.py
[2025-12-12T08:42:46.065-0500] {processor.py:830} INFO - Processing file /Users/evankrupa/airflow_project/env/lib/python3.11/site-packages/airflow/example_dags/example_task_group_decorator.py for tasks to queue
[2025-12-12T08:42:46.065-0500] {logging_mixin.py:188} INFO - [2025-12-12T08:42:46.065-0500] {dagbag.py:545} INFO - Filling up the DagBag from /Users/evankrupa/airflow_project/env/lib/python3.11/site-packages/airflow/example_dags/example_task_group_decorator.py
[2025-12-12T08:42:46.079-0500] {processor.py:840} INFO - DAG(s) 'example_task_group_decorator' retrieved from /Users/evankrupa/airflow_project/env/lib/python3.11/site-packages/airflow/example_dags/example_task_group_decorator.py
[2025-12-12T08:42:46.107-0500] {logging_mixin.py:188} INFO - [2025-12-12T08:42:46.107-0500] {dag.py:3096} INFO - Sync 1 DAGs
[2025-12-12T08:42:46.112-0500] {logging_mixin.py:188} INFO - [2025-12-12T08:42:46.112-0500] {dag.py:3954} INFO - Setting next_dagrun for example_task_group_decorator to 2025-12-11 00:00:00+00:00, run_after=2025-12-12 00:00:00+00:00
[2025-12-12T08:42:46.117-0500] {processor.py:183} INFO - Processing /Users/evankrupa/airflow_project/env/lib/python3.11/site-packages/airflow/example_dags/example_task_group_decorator.py took 0.054 seconds
[2025-12-12T08:44:09.882-0500] {processor.py:161} INFO - Started process (PID=65625) to work on /Users/evankrupa/airflow_project/env/lib/python3.11/site-packages/airflow/example_dags/example_task_group_decorator.py
[2025-12-12T08:44:09.883-0500] {processor.py:830} INFO - Processing file /Users/evankrupa/airflow_project/env/lib/python3.11/site-packages/airflow/example_dags/example_task_group_decorator.py for tasks to queue
[2025-12-12T08:44:09.883-0500] {logging_mixin.py:188} INFO - [2025-12-12T08:44:09.883-0500] {dagbag.py:545} INFO - Filling up the DagBag from /Users/evankrupa/airflow_project/env/lib/python3.11/site-packages/airflow/example_dags/example_task_group_decorator.py
[2025-12-12T08:44:09.897-0500] {processor.py:840} INFO - DAG(s) 'example_task_group_decorator' retrieved from /Users/evankrupa/airflow_project/env/lib/python3.11/site-packages/airflow/example_dags/example_task_group_decorator.py
[2025-12-12T08:44:09.925-0500] {logging_mixin.py:188} INFO - [2025-12-12T08:44:09.925-0500] {dag.py:3096} INFO - Sync 1 DAGs
[2025-12-12T08:44:09.930-0500] {logging_mixin.py:188} INFO - [2025-12-12T08:44:09.930-0500] {dag.py:3954} INFO - Setting next_dagrun for example_task_group_decorator to 2025-12-11 00:00:00+00:00, run_after=2025-12-12 00:00:00+00:00
[2025-12-12T08:44:09.935-0500] {processor.py:183} INFO - Processing /Users/evankrupa/airflow_project/env/lib/python3.11/site-packages/airflow/example_dags/example_task_group_decorator.py took 0.054 seconds
[2025-12-12T08:45:34.663-0500] {processor.py:161} INFO - Started process (PID=65705) to work on /Users/evankrupa/airflow_project/env/lib/python3.11/site-packages/airflow/example_dags/example_task_group_decorator.py
[2025-12-12T08:45:34.664-0500] {processor.py:830} INFO - Processing file /Users/evankrupa/airflow_project/env/lib/python3.11/site-packages/airflow/example_dags/example_task_group_decorator.py for tasks to queue
[2025-12-12T08:45:34.664-0500] {logging_mixin.py:188} INFO - [2025-12-12T08:45:34.664-0500] {dagbag.py:545} INFO - Filling up the DagBag from /Users/evankrupa/airflow_project/env/lib/python3.11/site-packages/airflow/example_dags/example_task_group_decorator.py
[2025-12-12T08:45:34.678-0500] {processor.py:840} INFO - DAG(s) 'example_task_group_decorator' retrieved from /Users/evankrupa/airflow_project/env/lib/python3.11/site-packages/airflow/example_dags/example_task_group_decorator.py
[2025-12-12T08:45:34.707-0500] {logging_mixin.py:188} INFO - [2025-12-12T08:45:34.707-0500] {dag.py:3096} INFO - Sync 1 DAGs
[2025-12-12T08:45:34.712-0500] {logging_mixin.py:188} INFO - [2025-12-12T08:45:34.712-0500] {dag.py:3954} INFO - Setting next_dagrun for example_task_group_decorator to 2025-12-11 00:00:00+00:00, run_after=2025-12-12 00:00:00+00:00
[2025-12-12T08:45:34.717-0500] {processor.py:183} INFO - Processing /Users/evankrupa/airflow_project/env/lib/python3.11/site-packages/airflow/example_dags/example_task_group_decorator.py took 0.055 seconds
