[2025-12-12T07:26:11.864-0500] {processor.py:161} INFO - Started process (PID=56897) to work on /Users/evankrupa/airflow_project/env/lib/python3.11/site-packages/airflow/example_dags/example_bash_operator.py
[2025-12-12T07:26:11.865-0500] {processor.py:830} INFO - Processing file /Users/evankrupa/airflow_project/env/lib/python3.11/site-packages/airflow/example_dags/example_bash_operator.py for tasks to queue
[2025-12-12T07:26:11.865-0500] {logging_mixin.py:188} INFO - [2025-12-12T07:26:11.865-0500] {dagbag.py:545} INFO - Filling up the DagBag from /Users/evankrupa/airflow_project/env/lib/python3.11/site-packages/airflow/example_dags/example_bash_operator.py
[2025-12-12T07:26:11.868-0500] {processor.py:840} INFO - DAG(s) 'example_bash_operator' retrieved from /Users/evankrupa/airflow_project/env/lib/python3.11/site-packages/airflow/example_dags/example_bash_operator.py
[2025-12-12T07:26:11.922-0500] {logging_mixin.py:188} INFO - [2025-12-12T07:26:11.922-0500] {override.py:1829} INFO - Created Permission View: can read on DAG:example_bash_operator
[2025-12-12T07:26:11.924-0500] {logging_mixin.py:188} INFO - [2025-12-12T07:26:11.924-0500] {override.py:1829} INFO - Created Permission View: can edit on DAG:example_bash_operator
[2025-12-12T07:26:11.925-0500] {logging_mixin.py:188} INFO - [2025-12-12T07:26:11.925-0500] {override.py:1829} INFO - Created Permission View: can delete on DAG:example_bash_operator
[2025-12-12T07:26:11.925-0500] {logging_mixin.py:188} INFO - [2025-12-12T07:26:11.925-0500] {dag.py:3096} INFO - Sync 1 DAGs
[2025-12-12T07:26:11.928-0500] {logging_mixin.py:188} INFO - [2025-12-12T07:26:11.928-0500] {dag.py:3118} INFO - Creating ORM DAG for example_bash_operator
[2025-12-12T07:26:11.931-0500] {logging_mixin.py:188} INFO - [2025-12-12T07:26:11.931-0500] {dag.py:3954} INFO - Setting next_dagrun for example_bash_operator to 2025-12-11 00:00:00+00:00, run_after=2025-12-12 00:00:00+00:00
[2025-12-12T07:26:11.936-0500] {processor.py:183} INFO - Processing /Users/evankrupa/airflow_project/env/lib/python3.11/site-packages/airflow/example_dags/example_bash_operator.py took 0.072 seconds
[2025-12-12T07:27:37.390-0500] {processor.py:161} INFO - Started process (PID=57530) to work on /Users/evankrupa/airflow_project/env/lib/python3.11/site-packages/airflow/example_dags/example_bash_operator.py
[2025-12-12T07:27:37.392-0500] {processor.py:830} INFO - Processing file /Users/evankrupa/airflow_project/env/lib/python3.11/site-packages/airflow/example_dags/example_bash_operator.py for tasks to queue
[2025-12-12T07:27:37.392-0500] {logging_mixin.py:188} INFO - [2025-12-12T07:27:37.392-0500] {dagbag.py:545} INFO - Filling up the DagBag from /Users/evankrupa/airflow_project/env/lib/python3.11/site-packages/airflow/example_dags/example_bash_operator.py
[2025-12-12T07:27:37.396-0500] {processor.py:840} INFO - DAG(s) 'example_bash_operator' retrieved from /Users/evankrupa/airflow_project/env/lib/python3.11/site-packages/airflow/example_dags/example_bash_operator.py
[2025-12-12T07:27:37.426-0500] {logging_mixin.py:188} INFO - [2025-12-12T07:27:37.426-0500] {dag.py:3096} INFO - Sync 1 DAGs
[2025-12-12T07:27:37.431-0500] {logging_mixin.py:188} INFO - [2025-12-12T07:27:37.431-0500] {dag.py:3954} INFO - Setting next_dagrun for example_bash_operator to 2025-12-11 00:00:00+00:00, run_after=2025-12-12 00:00:00+00:00
[2025-12-12T07:27:37.436-0500] {processor.py:183} INFO - Processing /Users/evankrupa/airflow_project/env/lib/python3.11/site-packages/airflow/example_dags/example_bash_operator.py took 0.047 seconds
[2025-12-12T07:29:03.374-0500] {processor.py:161} INFO - Started process (PID=57774) to work on /Users/evankrupa/airflow_project/env/lib/python3.11/site-packages/airflow/example_dags/example_bash_operator.py
[2025-12-12T07:29:03.375-0500] {processor.py:830} INFO - Processing file /Users/evankrupa/airflow_project/env/lib/python3.11/site-packages/airflow/example_dags/example_bash_operator.py for tasks to queue
[2025-12-12T07:29:03.375-0500] {logging_mixin.py:188} INFO - [2025-12-12T07:29:03.375-0500] {dagbag.py:545} INFO - Filling up the DagBag from /Users/evankrupa/airflow_project/env/lib/python3.11/site-packages/airflow/example_dags/example_bash_operator.py
[2025-12-12T07:29:03.379-0500] {processor.py:840} INFO - DAG(s) 'example_bash_operator' retrieved from /Users/evankrupa/airflow_project/env/lib/python3.11/site-packages/airflow/example_dags/example_bash_operator.py
[2025-12-12T07:29:03.410-0500] {logging_mixin.py:188} INFO - [2025-12-12T07:29:03.410-0500] {dag.py:3096} INFO - Sync 1 DAGs
[2025-12-12T07:29:03.416-0500] {logging_mixin.py:188} INFO - [2025-12-12T07:29:03.416-0500] {dag.py:3954} INFO - Setting next_dagrun for example_bash_operator to 2025-12-11 00:00:00+00:00, run_after=2025-12-12 00:00:00+00:00
[2025-12-12T07:29:03.422-0500] {processor.py:183} INFO - Processing /Users/evankrupa/airflow_project/env/lib/python3.11/site-packages/airflow/example_dags/example_bash_operator.py took 0.048 seconds
[2025-12-12T07:30:28.568-0500] {processor.py:161} INFO - Started process (PID=58023) to work on /Users/evankrupa/airflow_project/env/lib/python3.11/site-packages/airflow/example_dags/example_bash_operator.py
[2025-12-12T07:30:28.569-0500] {processor.py:830} INFO - Processing file /Users/evankrupa/airflow_project/env/lib/python3.11/site-packages/airflow/example_dags/example_bash_operator.py for tasks to queue
[2025-12-12T07:30:28.569-0500] {logging_mixin.py:188} INFO - [2025-12-12T07:30:28.569-0500] {dagbag.py:545} INFO - Filling up the DagBag from /Users/evankrupa/airflow_project/env/lib/python3.11/site-packages/airflow/example_dags/example_bash_operator.py
[2025-12-12T07:30:28.572-0500] {processor.py:840} INFO - DAG(s) 'example_bash_operator' retrieved from /Users/evankrupa/airflow_project/env/lib/python3.11/site-packages/airflow/example_dags/example_bash_operator.py
[2025-12-12T07:30:28.602-0500] {logging_mixin.py:188} INFO - [2025-12-12T07:30:28.602-0500] {dag.py:3096} INFO - Sync 1 DAGs
[2025-12-12T07:30:28.607-0500] {logging_mixin.py:188} INFO - [2025-12-12T07:30:28.607-0500] {dag.py:3954} INFO - Setting next_dagrun for example_bash_operator to 2025-12-11 00:00:00+00:00, run_after=2025-12-12 00:00:00+00:00
[2025-12-12T07:30:28.614-0500] {processor.py:183} INFO - Processing /Users/evankrupa/airflow_project/env/lib/python3.11/site-packages/airflow/example_dags/example_bash_operator.py took 0.047 seconds
[2025-12-12T07:31:55.082-0500] {processor.py:161} INFO - Started process (PID=58360) to work on /Users/evankrupa/airflow_project/env/lib/python3.11/site-packages/airflow/example_dags/example_bash_operator.py
[2025-12-12T07:31:55.083-0500] {processor.py:830} INFO - Processing file /Users/evankrupa/airflow_project/env/lib/python3.11/site-packages/airflow/example_dags/example_bash_operator.py for tasks to queue
[2025-12-12T07:31:55.083-0500] {logging_mixin.py:188} INFO - [2025-12-12T07:31:55.083-0500] {dagbag.py:545} INFO - Filling up the DagBag from /Users/evankrupa/airflow_project/env/lib/python3.11/site-packages/airflow/example_dags/example_bash_operator.py
[2025-12-12T07:31:55.087-0500] {processor.py:840} INFO - DAG(s) 'example_bash_operator' retrieved from /Users/evankrupa/airflow_project/env/lib/python3.11/site-packages/airflow/example_dags/example_bash_operator.py
[2025-12-12T07:31:55.117-0500] {logging_mixin.py:188} INFO - [2025-12-12T07:31:55.117-0500] {dag.py:3096} INFO - Sync 1 DAGs
[2025-12-12T07:31:55.123-0500] {logging_mixin.py:188} INFO - [2025-12-12T07:31:55.123-0500] {dag.py:3954} INFO - Setting next_dagrun for example_bash_operator to 2025-12-11 00:00:00+00:00, run_after=2025-12-12 00:00:00+00:00
[2025-12-12T07:31:55.129-0500] {processor.py:183} INFO - Processing /Users/evankrupa/airflow_project/env/lib/python3.11/site-packages/airflow/example_dags/example_bash_operator.py took 0.048 seconds
[2025-12-12T07:33:21.037-0500] {processor.py:161} INFO - Started process (PID=58448) to work on /Users/evankrupa/airflow_project/env/lib/python3.11/site-packages/airflow/example_dags/example_bash_operator.py
[2025-12-12T07:33:21.037-0500] {processor.py:830} INFO - Processing file /Users/evankrupa/airflow_project/env/lib/python3.11/site-packages/airflow/example_dags/example_bash_operator.py for tasks to queue
[2025-12-12T07:33:21.038-0500] {logging_mixin.py:188} INFO - [2025-12-12T07:33:21.037-0500] {dagbag.py:545} INFO - Filling up the DagBag from /Users/evankrupa/airflow_project/env/lib/python3.11/site-packages/airflow/example_dags/example_bash_operator.py
[2025-12-12T07:33:21.041-0500] {processor.py:840} INFO - DAG(s) 'example_bash_operator' retrieved from /Users/evankrupa/airflow_project/env/lib/python3.11/site-packages/airflow/example_dags/example_bash_operator.py
[2025-12-12T07:33:21.071-0500] {logging_mixin.py:188} INFO - [2025-12-12T07:33:21.071-0500] {dag.py:3096} INFO - Sync 1 DAGs
[2025-12-12T07:33:21.076-0500] {logging_mixin.py:188} INFO - [2025-12-12T07:33:21.076-0500] {dag.py:3954} INFO - Setting next_dagrun for example_bash_operator to 2025-12-11 00:00:00+00:00, run_after=2025-12-12 00:00:00+00:00
[2025-12-12T07:33:21.082-0500] {processor.py:183} INFO - Processing /Users/evankrupa/airflow_project/env/lib/python3.11/site-packages/airflow/example_dags/example_bash_operator.py took 0.046 seconds
[2025-12-12T07:34:47.284-0500] {processor.py:161} INFO - Started process (PID=58527) to work on /Users/evankrupa/airflow_project/env/lib/python3.11/site-packages/airflow/example_dags/example_bash_operator.py
[2025-12-12T07:34:47.285-0500] {processor.py:830} INFO - Processing file /Users/evankrupa/airflow_project/env/lib/python3.11/site-packages/airflow/example_dags/example_bash_operator.py for tasks to queue
[2025-12-12T07:34:47.285-0500] {logging_mixin.py:188} INFO - [2025-12-12T07:34:47.285-0500] {dagbag.py:545} INFO - Filling up the DagBag from /Users/evankrupa/airflow_project/env/lib/python3.11/site-packages/airflow/example_dags/example_bash_operator.py
[2025-12-12T07:34:47.289-0500] {processor.py:840} INFO - DAG(s) 'example_bash_operator' retrieved from /Users/evankrupa/airflow_project/env/lib/python3.11/site-packages/airflow/example_dags/example_bash_operator.py
[2025-12-12T07:34:47.318-0500] {logging_mixin.py:188} INFO - [2025-12-12T07:34:47.318-0500] {dag.py:3096} INFO - Sync 1 DAGs
[2025-12-12T07:34:47.323-0500] {logging_mixin.py:188} INFO - [2025-12-12T07:34:47.323-0500] {dag.py:3954} INFO - Setting next_dagrun for example_bash_operator to 2025-12-11 00:00:00+00:00, run_after=2025-12-12 00:00:00+00:00
[2025-12-12T07:34:47.329-0500] {processor.py:183} INFO - Processing /Users/evankrupa/airflow_project/env/lib/python3.11/site-packages/airflow/example_dags/example_bash_operator.py took 0.046 seconds
[2025-12-12T07:36:10.292-0500] {processor.py:161} INFO - Started process (PID=58600) to work on /Users/evankrupa/airflow_project/env/lib/python3.11/site-packages/airflow/example_dags/example_bash_operator.py
[2025-12-12T07:36:10.292-0500] {processor.py:830} INFO - Processing file /Users/evankrupa/airflow_project/env/lib/python3.11/site-packages/airflow/example_dags/example_bash_operator.py for tasks to queue
[2025-12-12T07:36:10.292-0500] {logging_mixin.py:188} INFO - [2025-12-12T07:36:10.292-0500] {dagbag.py:545} INFO - Filling up the DagBag from /Users/evankrupa/airflow_project/env/lib/python3.11/site-packages/airflow/example_dags/example_bash_operator.py
[2025-12-12T07:36:10.296-0500] {processor.py:840} INFO - DAG(s) 'example_bash_operator' retrieved from /Users/evankrupa/airflow_project/env/lib/python3.11/site-packages/airflow/example_dags/example_bash_operator.py
[2025-12-12T07:36:10.326-0500] {logging_mixin.py:188} INFO - [2025-12-12T07:36:10.326-0500] {dag.py:3096} INFO - Sync 1 DAGs
[2025-12-12T07:36:10.332-0500] {logging_mixin.py:188} INFO - [2025-12-12T07:36:10.332-0500] {dag.py:3954} INFO - Setting next_dagrun for example_bash_operator to 2025-12-11 00:00:00+00:00, run_after=2025-12-12 00:00:00+00:00
[2025-12-12T07:36:10.337-0500] {processor.py:183} INFO - Processing /Users/evankrupa/airflow_project/env/lib/python3.11/site-packages/airflow/example_dags/example_bash_operator.py took 0.046 seconds
[2025-12-12T07:37:34.274-0500] {processor.py:161} INFO - Started process (PID=58669) to work on /Users/evankrupa/airflow_project/env/lib/python3.11/site-packages/airflow/example_dags/example_bash_operator.py
[2025-12-12T07:37:34.274-0500] {processor.py:830} INFO - Processing file /Users/evankrupa/airflow_project/env/lib/python3.11/site-packages/airflow/example_dags/example_bash_operator.py for tasks to queue
[2025-12-12T07:37:34.274-0500] {logging_mixin.py:188} INFO - [2025-12-12T07:37:34.274-0500] {dagbag.py:545} INFO - Filling up the DagBag from /Users/evankrupa/airflow_project/env/lib/python3.11/site-packages/airflow/example_dags/example_bash_operator.py
[2025-12-12T07:37:34.278-0500] {processor.py:840} INFO - DAG(s) 'example_bash_operator' retrieved from /Users/evankrupa/airflow_project/env/lib/python3.11/site-packages/airflow/example_dags/example_bash_operator.py
[2025-12-12T07:37:34.307-0500] {logging_mixin.py:188} INFO - [2025-12-12T07:37:34.307-0500] {dag.py:3096} INFO - Sync 1 DAGs
[2025-12-12T07:37:34.312-0500] {logging_mixin.py:188} INFO - [2025-12-12T07:37:34.312-0500] {dag.py:3954} INFO - Setting next_dagrun for example_bash_operator to 2025-12-11 00:00:00+00:00, run_after=2025-12-12 00:00:00+00:00
[2025-12-12T07:37:34.318-0500] {processor.py:183} INFO - Processing /Users/evankrupa/airflow_project/env/lib/python3.11/site-packages/airflow/example_dags/example_bash_operator.py took 0.045 seconds
[2025-12-12T07:38:58.623-0500] {processor.py:161} INFO - Started process (PID=58772) to work on /Users/evankrupa/airflow_project/env/lib/python3.11/site-packages/airflow/example_dags/example_bash_operator.py
[2025-12-12T07:38:58.623-0500] {processor.py:830} INFO - Processing file /Users/evankrupa/airflow_project/env/lib/python3.11/site-packages/airflow/example_dags/example_bash_operator.py for tasks to queue
[2025-12-12T07:38:58.624-0500] {logging_mixin.py:188} INFO - [2025-12-12T07:38:58.623-0500] {dagbag.py:545} INFO - Filling up the DagBag from /Users/evankrupa/airflow_project/env/lib/python3.11/site-packages/airflow/example_dags/example_bash_operator.py
[2025-12-12T07:38:58.628-0500] {processor.py:840} INFO - DAG(s) 'example_bash_operator' retrieved from /Users/evankrupa/airflow_project/env/lib/python3.11/site-packages/airflow/example_dags/example_bash_operator.py
[2025-12-12T07:38:58.660-0500] {logging_mixin.py:188} INFO - [2025-12-12T07:38:58.660-0500] {dag.py:3096} INFO - Sync 1 DAGs
[2025-12-12T07:38:58.665-0500] {logging_mixin.py:188} INFO - [2025-12-12T07:38:58.665-0500] {dag.py:3954} INFO - Setting next_dagrun for example_bash_operator to 2025-12-11 00:00:00+00:00, run_after=2025-12-12 00:00:00+00:00
[2025-12-12T07:38:58.671-0500] {processor.py:183} INFO - Processing /Users/evankrupa/airflow_project/env/lib/python3.11/site-packages/airflow/example_dags/example_bash_operator.py took 0.050 seconds
[2025-12-12T07:40:24.490-0500] {processor.py:161} INFO - Started process (PID=58889) to work on /Users/evankrupa/airflow_project/env/lib/python3.11/site-packages/airflow/example_dags/example_bash_operator.py
[2025-12-12T07:40:24.490-0500] {processor.py:830} INFO - Processing file /Users/evankrupa/airflow_project/env/lib/python3.11/site-packages/airflow/example_dags/example_bash_operator.py for tasks to queue
[2025-12-12T07:40:24.490-0500] {logging_mixin.py:188} INFO - [2025-12-12T07:40:24.490-0500] {dagbag.py:545} INFO - Filling up the DagBag from /Users/evankrupa/airflow_project/env/lib/python3.11/site-packages/airflow/example_dags/example_bash_operator.py
[2025-12-12T07:40:24.494-0500] {processor.py:840} INFO - DAG(s) 'example_bash_operator' retrieved from /Users/evankrupa/airflow_project/env/lib/python3.11/site-packages/airflow/example_dags/example_bash_operator.py
[2025-12-12T07:40:24.527-0500] {logging_mixin.py:188} INFO - [2025-12-12T07:40:24.527-0500] {dag.py:3096} INFO - Sync 1 DAGs
[2025-12-12T07:40:24.533-0500] {logging_mixin.py:188} INFO - [2025-12-12T07:40:24.533-0500] {dag.py:3954} INFO - Setting next_dagrun for example_bash_operator to 2025-12-11 00:00:00+00:00, run_after=2025-12-12 00:00:00+00:00
[2025-12-12T07:40:24.539-0500] {processor.py:183} INFO - Processing /Users/evankrupa/airflow_project/env/lib/python3.11/site-packages/airflow/example_dags/example_bash_operator.py took 0.050 seconds
[2025-12-12T07:41:50.069-0500] {processor.py:161} INFO - Started process (PID=58965) to work on /Users/evankrupa/airflow_project/env/lib/python3.11/site-packages/airflow/example_dags/example_bash_operator.py
[2025-12-12T07:41:50.070-0500] {processor.py:830} INFO - Processing file /Users/evankrupa/airflow_project/env/lib/python3.11/site-packages/airflow/example_dags/example_bash_operator.py for tasks to queue
[2025-12-12T07:41:50.070-0500] {logging_mixin.py:188} INFO - [2025-12-12T07:41:50.070-0500] {dagbag.py:545} INFO - Filling up the DagBag from /Users/evankrupa/airflow_project/env/lib/python3.11/site-packages/airflow/example_dags/example_bash_operator.py
[2025-12-12T07:41:50.074-0500] {processor.py:840} INFO - DAG(s) 'example_bash_operator' retrieved from /Users/evankrupa/airflow_project/env/lib/python3.11/site-packages/airflow/example_dags/example_bash_operator.py
[2025-12-12T07:41:50.103-0500] {logging_mixin.py:188} INFO - [2025-12-12T07:41:50.103-0500] {dag.py:3096} INFO - Sync 1 DAGs
[2025-12-12T07:41:50.107-0500] {logging_mixin.py:188} INFO - [2025-12-12T07:41:50.107-0500] {dag.py:3954} INFO - Setting next_dagrun for example_bash_operator to 2025-12-11 00:00:00+00:00, run_after=2025-12-12 00:00:00+00:00
[2025-12-12T07:41:50.113-0500] {processor.py:183} INFO - Processing /Users/evankrupa/airflow_project/env/lib/python3.11/site-packages/airflow/example_dags/example_bash_operator.py took 0.045 seconds
[2025-12-12T07:43:13.661-0500] {processor.py:161} INFO - Started process (PID=59128) to work on /Users/evankrupa/airflow_project/env/lib/python3.11/site-packages/airflow/example_dags/example_bash_operator.py
[2025-12-12T07:43:13.662-0500] {processor.py:830} INFO - Processing file /Users/evankrupa/airflow_project/env/lib/python3.11/site-packages/airflow/example_dags/example_bash_operator.py for tasks to queue
[2025-12-12T07:43:13.663-0500] {logging_mixin.py:188} INFO - [2025-12-12T07:43:13.663-0500] {dagbag.py:545} INFO - Filling up the DagBag from /Users/evankrupa/airflow_project/env/lib/python3.11/site-packages/airflow/example_dags/example_bash_operator.py
[2025-12-12T07:43:13.666-0500] {processor.py:840} INFO - DAG(s) 'example_bash_operator' retrieved from /Users/evankrupa/airflow_project/env/lib/python3.11/site-packages/airflow/example_dags/example_bash_operator.py
[2025-12-12T07:43:13.696-0500] {logging_mixin.py:188} INFO - [2025-12-12T07:43:13.696-0500] {dag.py:3096} INFO - Sync 1 DAGs
[2025-12-12T07:43:13.701-0500] {logging_mixin.py:188} INFO - [2025-12-12T07:43:13.701-0500] {dag.py:3954} INFO - Setting next_dagrun for example_bash_operator to 2025-12-11 00:00:00+00:00, run_after=2025-12-12 00:00:00+00:00
[2025-12-12T07:43:13.707-0500] {processor.py:183} INFO - Processing /Users/evankrupa/airflow_project/env/lib/python3.11/site-packages/airflow/example_dags/example_bash_operator.py took 0.046 seconds
[2025-12-12T07:44:38.153-0500] {processor.py:161} INFO - Started process (PID=59213) to work on /Users/evankrupa/airflow_project/env/lib/python3.11/site-packages/airflow/example_dags/example_bash_operator.py
[2025-12-12T07:44:38.155-0500] {processor.py:830} INFO - Processing file /Users/evankrupa/airflow_project/env/lib/python3.11/site-packages/airflow/example_dags/example_bash_operator.py for tasks to queue
[2025-12-12T07:44:38.155-0500] {logging_mixin.py:188} INFO - [2025-12-12T07:44:38.155-0500] {dagbag.py:545} INFO - Filling up the DagBag from /Users/evankrupa/airflow_project/env/lib/python3.11/site-packages/airflow/example_dags/example_bash_operator.py
[2025-12-12T07:44:38.158-0500] {processor.py:840} INFO - DAG(s) 'example_bash_operator' retrieved from /Users/evankrupa/airflow_project/env/lib/python3.11/site-packages/airflow/example_dags/example_bash_operator.py
[2025-12-12T07:44:38.188-0500] {logging_mixin.py:188} INFO - [2025-12-12T07:44:38.188-0500] {dag.py:3096} INFO - Sync 1 DAGs
[2025-12-12T07:44:38.192-0500] {logging_mixin.py:188} INFO - [2025-12-12T07:44:38.192-0500] {dag.py:3954} INFO - Setting next_dagrun for example_bash_operator to 2025-12-11 00:00:00+00:00, run_after=2025-12-12 00:00:00+00:00
[2025-12-12T07:44:38.198-0500] {processor.py:183} INFO - Processing /Users/evankrupa/airflow_project/env/lib/python3.11/site-packages/airflow/example_dags/example_bash_operator.py took 0.046 seconds
[2025-12-12T07:46:04.715-0500] {processor.py:161} INFO - Started process (PID=59295) to work on /Users/evankrupa/airflow_project/env/lib/python3.11/site-packages/airflow/example_dags/example_bash_operator.py
[2025-12-12T07:46:04.716-0500] {processor.py:830} INFO - Processing file /Users/evankrupa/airflow_project/env/lib/python3.11/site-packages/airflow/example_dags/example_bash_operator.py for tasks to queue
[2025-12-12T07:46:04.716-0500] {logging_mixin.py:188} INFO - [2025-12-12T07:46:04.716-0500] {dagbag.py:545} INFO - Filling up the DagBag from /Users/evankrupa/airflow_project/env/lib/python3.11/site-packages/airflow/example_dags/example_bash_operator.py
[2025-12-12T07:46:04.719-0500] {processor.py:840} INFO - DAG(s) 'example_bash_operator' retrieved from /Users/evankrupa/airflow_project/env/lib/python3.11/site-packages/airflow/example_dags/example_bash_operator.py
[2025-12-12T07:46:04.749-0500] {logging_mixin.py:188} INFO - [2025-12-12T07:46:04.749-0500] {dag.py:3096} INFO - Sync 1 DAGs
[2025-12-12T07:46:04.754-0500] {logging_mixin.py:188} INFO - [2025-12-12T07:46:04.754-0500] {dag.py:3954} INFO - Setting next_dagrun for example_bash_operator to 2025-12-11 00:00:00+00:00, run_after=2025-12-12 00:00:00+00:00
[2025-12-12T07:46:04.759-0500] {processor.py:183} INFO - Processing /Users/evankrupa/airflow_project/env/lib/python3.11/site-packages/airflow/example_dags/example_bash_operator.py took 0.046 seconds
[2025-12-12T07:47:28.377-0500] {processor.py:161} INFO - Started process (PID=59378) to work on /Users/evankrupa/airflow_project/env/lib/python3.11/site-packages/airflow/example_dags/example_bash_operator.py
[2025-12-12T07:47:28.378-0500] {processor.py:830} INFO - Processing file /Users/evankrupa/airflow_project/env/lib/python3.11/site-packages/airflow/example_dags/example_bash_operator.py for tasks to queue
[2025-12-12T07:47:28.378-0500] {logging_mixin.py:188} INFO - [2025-12-12T07:47:28.378-0500] {dagbag.py:545} INFO - Filling up the DagBag from /Users/evankrupa/airflow_project/env/lib/python3.11/site-packages/airflow/example_dags/example_bash_operator.py
[2025-12-12T07:47:28.382-0500] {processor.py:840} INFO - DAG(s) 'example_bash_operator' retrieved from /Users/evankrupa/airflow_project/env/lib/python3.11/site-packages/airflow/example_dags/example_bash_operator.py
[2025-12-12T07:47:28.411-0500] {logging_mixin.py:188} INFO - [2025-12-12T07:47:28.411-0500] {dag.py:3096} INFO - Sync 1 DAGs
[2025-12-12T07:47:28.416-0500] {logging_mixin.py:188} INFO - [2025-12-12T07:47:28.416-0500] {dag.py:3954} INFO - Setting next_dagrun for example_bash_operator to 2025-12-11 00:00:00+00:00, run_after=2025-12-12 00:00:00+00:00
[2025-12-12T07:47:28.421-0500] {processor.py:183} INFO - Processing /Users/evankrupa/airflow_project/env/lib/python3.11/site-packages/airflow/example_dags/example_bash_operator.py took 0.045 seconds
[2025-12-12T07:48:56.250-0500] {processor.py:161} INFO - Started process (PID=59489) to work on /Users/evankrupa/airflow_project/env/lib/python3.11/site-packages/airflow/example_dags/example_bash_operator.py
[2025-12-12T07:48:56.250-0500] {processor.py:830} INFO - Processing file /Users/evankrupa/airflow_project/env/lib/python3.11/site-packages/airflow/example_dags/example_bash_operator.py for tasks to queue
[2025-12-12T07:48:56.251-0500] {logging_mixin.py:188} INFO - [2025-12-12T07:48:56.250-0500] {dagbag.py:545} INFO - Filling up the DagBag from /Users/evankrupa/airflow_project/env/lib/python3.11/site-packages/airflow/example_dags/example_bash_operator.py
[2025-12-12T07:48:56.254-0500] {processor.py:840} INFO - DAG(s) 'example_bash_operator' retrieved from /Users/evankrupa/airflow_project/env/lib/python3.11/site-packages/airflow/example_dags/example_bash_operator.py
[2025-12-12T07:48:56.285-0500] {logging_mixin.py:188} INFO - [2025-12-12T07:48:56.285-0500] {dag.py:3096} INFO - Sync 1 DAGs
[2025-12-12T07:48:56.291-0500] {logging_mixin.py:188} INFO - [2025-12-12T07:48:56.291-0500] {dag.py:3954} INFO - Setting next_dagrun for example_bash_operator to 2025-12-11 00:00:00+00:00, run_after=2025-12-12 00:00:00+00:00
[2025-12-12T07:48:56.297-0500] {processor.py:183} INFO - Processing /Users/evankrupa/airflow_project/env/lib/python3.11/site-packages/airflow/example_dags/example_bash_operator.py took 0.048 seconds
[2025-12-12T07:50:21.727-0500] {processor.py:161} INFO - Started process (PID=59565) to work on /Users/evankrupa/airflow_project/env/lib/python3.11/site-packages/airflow/example_dags/example_bash_operator.py
[2025-12-12T07:50:21.728-0500] {processor.py:830} INFO - Processing file /Users/evankrupa/airflow_project/env/lib/python3.11/site-packages/airflow/example_dags/example_bash_operator.py for tasks to queue
[2025-12-12T07:50:21.728-0500] {logging_mixin.py:188} INFO - [2025-12-12T07:50:21.728-0500] {dagbag.py:545} INFO - Filling up the DagBag from /Users/evankrupa/airflow_project/env/lib/python3.11/site-packages/airflow/example_dags/example_bash_operator.py
[2025-12-12T07:50:21.732-0500] {processor.py:840} INFO - DAG(s) 'example_bash_operator' retrieved from /Users/evankrupa/airflow_project/env/lib/python3.11/site-packages/airflow/example_dags/example_bash_operator.py
[2025-12-12T07:50:21.762-0500] {logging_mixin.py:188} INFO - [2025-12-12T07:50:21.762-0500] {dag.py:3096} INFO - Sync 1 DAGs
[2025-12-12T07:50:21.766-0500] {logging_mixin.py:188} INFO - [2025-12-12T07:50:21.766-0500] {dag.py:3954} INFO - Setting next_dagrun for example_bash_operator to 2025-12-11 00:00:00+00:00, run_after=2025-12-12 00:00:00+00:00
[2025-12-12T07:50:21.772-0500] {processor.py:183} INFO - Processing /Users/evankrupa/airflow_project/env/lib/python3.11/site-packages/airflow/example_dags/example_bash_operator.py took 0.046 seconds
[2025-12-12T07:51:46.240-0500] {processor.py:161} INFO - Started process (PID=59632) to work on /Users/evankrupa/airflow_project/env/lib/python3.11/site-packages/airflow/example_dags/example_bash_operator.py
[2025-12-12T07:51:46.241-0500] {processor.py:830} INFO - Processing file /Users/evankrupa/airflow_project/env/lib/python3.11/site-packages/airflow/example_dags/example_bash_operator.py for tasks to queue
[2025-12-12T07:51:46.241-0500] {logging_mixin.py:188} INFO - [2025-12-12T07:51:46.241-0500] {dagbag.py:545} INFO - Filling up the DagBag from /Users/evankrupa/airflow_project/env/lib/python3.11/site-packages/airflow/example_dags/example_bash_operator.py
[2025-12-12T07:51:46.245-0500] {processor.py:840} INFO - DAG(s) 'example_bash_operator' retrieved from /Users/evankrupa/airflow_project/env/lib/python3.11/site-packages/airflow/example_dags/example_bash_operator.py
[2025-12-12T07:51:46.275-0500] {logging_mixin.py:188} INFO - [2025-12-12T07:51:46.275-0500] {dag.py:3096} INFO - Sync 1 DAGs
[2025-12-12T07:51:46.281-0500] {logging_mixin.py:188} INFO - [2025-12-12T07:51:46.281-0500] {dag.py:3954} INFO - Setting next_dagrun for example_bash_operator to 2025-12-11 00:00:00+00:00, run_after=2025-12-12 00:00:00+00:00
[2025-12-12T07:51:46.287-0500] {processor.py:183} INFO - Processing /Users/evankrupa/airflow_project/env/lib/python3.11/site-packages/airflow/example_dags/example_bash_operator.py took 0.048 seconds
[2025-12-12T07:53:09.833-0500] {processor.py:161} INFO - Started process (PID=59711) to work on /Users/evankrupa/airflow_project/env/lib/python3.11/site-packages/airflow/example_dags/example_bash_operator.py
[2025-12-12T07:53:09.834-0500] {processor.py:830} INFO - Processing file /Users/evankrupa/airflow_project/env/lib/python3.11/site-packages/airflow/example_dags/example_bash_operator.py for tasks to queue
[2025-12-12T07:53:09.835-0500] {logging_mixin.py:188} INFO - [2025-12-12T07:53:09.834-0500] {dagbag.py:545} INFO - Filling up the DagBag from /Users/evankrupa/airflow_project/env/lib/python3.11/site-packages/airflow/example_dags/example_bash_operator.py
[2025-12-12T07:53:09.838-0500] {processor.py:840} INFO - DAG(s) 'example_bash_operator' retrieved from /Users/evankrupa/airflow_project/env/lib/python3.11/site-packages/airflow/example_dags/example_bash_operator.py
[2025-12-12T07:53:09.867-0500] {logging_mixin.py:188} INFO - [2025-12-12T07:53:09.867-0500] {dag.py:3096} INFO - Sync 1 DAGs
[2025-12-12T07:53:09.872-0500] {logging_mixin.py:188} INFO - [2025-12-12T07:53:09.872-0500] {dag.py:3954} INFO - Setting next_dagrun for example_bash_operator to 2025-12-11 00:00:00+00:00, run_after=2025-12-12 00:00:00+00:00
[2025-12-12T07:53:09.878-0500] {processor.py:183} INFO - Processing /Users/evankrupa/airflow_project/env/lib/python3.11/site-packages/airflow/example_dags/example_bash_operator.py took 0.045 seconds
[2025-12-12T07:54:31.989-0500] {processor.py:161} INFO - Started process (PID=59787) to work on /Users/evankrupa/airflow_project/env/lib/python3.11/site-packages/airflow/example_dags/example_bash_operator.py
[2025-12-12T07:54:31.991-0500] {processor.py:830} INFO - Processing file /Users/evankrupa/airflow_project/env/lib/python3.11/site-packages/airflow/example_dags/example_bash_operator.py for tasks to queue
[2025-12-12T07:54:31.991-0500] {logging_mixin.py:188} INFO - [2025-12-12T07:54:31.991-0500] {dagbag.py:545} INFO - Filling up the DagBag from /Users/evankrupa/airflow_project/env/lib/python3.11/site-packages/airflow/example_dags/example_bash_operator.py
[2025-12-12T07:54:31.994-0500] {processor.py:840} INFO - DAG(s) 'example_bash_operator' retrieved from /Users/evankrupa/airflow_project/env/lib/python3.11/site-packages/airflow/example_dags/example_bash_operator.py
[2025-12-12T07:54:32.024-0500] {logging_mixin.py:188} INFO - [2025-12-12T07:54:32.024-0500] {dag.py:3096} INFO - Sync 1 DAGs
[2025-12-12T07:54:32.029-0500] {logging_mixin.py:188} INFO - [2025-12-12T07:54:32.029-0500] {dag.py:3954} INFO - Setting next_dagrun for example_bash_operator to 2025-12-11 00:00:00+00:00, run_after=2025-12-12 00:00:00+00:00
[2025-12-12T07:54:32.035-0500] {processor.py:183} INFO - Processing /Users/evankrupa/airflow_project/env/lib/python3.11/site-packages/airflow/example_dags/example_bash_operator.py took 0.046 seconds
[2025-12-12T07:55:57.736-0500] {processor.py:161} INFO - Started process (PID=59873) to work on /Users/evankrupa/airflow_project/env/lib/python3.11/site-packages/airflow/example_dags/example_bash_operator.py
[2025-12-12T07:55:57.737-0500] {processor.py:830} INFO - Processing file /Users/evankrupa/airflow_project/env/lib/python3.11/site-packages/airflow/example_dags/example_bash_operator.py for tasks to queue
[2025-12-12T07:55:57.737-0500] {logging_mixin.py:188} INFO - [2025-12-12T07:55:57.737-0500] {dagbag.py:545} INFO - Filling up the DagBag from /Users/evankrupa/airflow_project/env/lib/python3.11/site-packages/airflow/example_dags/example_bash_operator.py
[2025-12-12T07:55:57.741-0500] {processor.py:840} INFO - DAG(s) 'example_bash_operator' retrieved from /Users/evankrupa/airflow_project/env/lib/python3.11/site-packages/airflow/example_dags/example_bash_operator.py
[2025-12-12T07:55:57.771-0500] {logging_mixin.py:188} INFO - [2025-12-12T07:55:57.771-0500] {dag.py:3096} INFO - Sync 1 DAGs
[2025-12-12T07:55:57.776-0500] {logging_mixin.py:188} INFO - [2025-12-12T07:55:57.776-0500] {dag.py:3954} INFO - Setting next_dagrun for example_bash_operator to 2025-12-11 00:00:00+00:00, run_after=2025-12-12 00:00:00+00:00
[2025-12-12T07:55:57.782-0500] {processor.py:183} INFO - Processing /Users/evankrupa/airflow_project/env/lib/python3.11/site-packages/airflow/example_dags/example_bash_operator.py took 0.047 seconds
[2025-12-12T07:57:22.258-0500] {processor.py:161} INFO - Started process (PID=59950) to work on /Users/evankrupa/airflow_project/env/lib/python3.11/site-packages/airflow/example_dags/example_bash_operator.py
[2025-12-12T07:57:22.258-0500] {processor.py:830} INFO - Processing file /Users/evankrupa/airflow_project/env/lib/python3.11/site-packages/airflow/example_dags/example_bash_operator.py for tasks to queue
[2025-12-12T07:57:22.259-0500] {logging_mixin.py:188} INFO - [2025-12-12T07:57:22.258-0500] {dagbag.py:545} INFO - Filling up the DagBag from /Users/evankrupa/airflow_project/env/lib/python3.11/site-packages/airflow/example_dags/example_bash_operator.py
[2025-12-12T07:57:22.262-0500] {processor.py:840} INFO - DAG(s) 'example_bash_operator' retrieved from /Users/evankrupa/airflow_project/env/lib/python3.11/site-packages/airflow/example_dags/example_bash_operator.py
[2025-12-12T07:57:22.292-0500] {logging_mixin.py:188} INFO - [2025-12-12T07:57:22.292-0500] {dag.py:3096} INFO - Sync 1 DAGs
[2025-12-12T07:57:22.297-0500] {logging_mixin.py:188} INFO - [2025-12-12T07:57:22.297-0500] {dag.py:3954} INFO - Setting next_dagrun for example_bash_operator to 2025-12-11 00:00:00+00:00, run_after=2025-12-12 00:00:00+00:00
[2025-12-12T07:57:22.303-0500] {processor.py:183} INFO - Processing /Users/evankrupa/airflow_project/env/lib/python3.11/site-packages/airflow/example_dags/example_bash_operator.py took 0.047 seconds
[2025-12-12T07:58:47.054-0500] {processor.py:161} INFO - Started process (PID=62544) to work on /Users/evankrupa/airflow_project/env/lib/python3.11/site-packages/airflow/example_dags/example_bash_operator.py
[2025-12-12T07:58:47.055-0500] {processor.py:830} INFO - Processing file /Users/evankrupa/airflow_project/env/lib/python3.11/site-packages/airflow/example_dags/example_bash_operator.py for tasks to queue
[2025-12-12T07:58:47.055-0500] {logging_mixin.py:188} INFO - [2025-12-12T07:58:47.055-0500] {dagbag.py:545} INFO - Filling up the DagBag from /Users/evankrupa/airflow_project/env/lib/python3.11/site-packages/airflow/example_dags/example_bash_operator.py
[2025-12-12T07:58:47.059-0500] {processor.py:840} INFO - DAG(s) 'example_bash_operator' retrieved from /Users/evankrupa/airflow_project/env/lib/python3.11/site-packages/airflow/example_dags/example_bash_operator.py
[2025-12-12T07:58:47.090-0500] {logging_mixin.py:188} INFO - [2025-12-12T07:58:47.090-0500] {dag.py:3096} INFO - Sync 1 DAGs
[2025-12-12T07:58:47.096-0500] {logging_mixin.py:188} INFO - [2025-12-12T07:58:47.096-0500] {dag.py:3954} INFO - Setting next_dagrun for example_bash_operator to 2025-12-11 00:00:00+00:00, run_after=2025-12-12 00:00:00+00:00
[2025-12-12T07:58:47.102-0500] {processor.py:183} INFO - Processing /Users/evankrupa/airflow_project/env/lib/python3.11/site-packages/airflow/example_dags/example_bash_operator.py took 0.048 seconds
[2025-12-12T08:00:13.295-0500] {processor.py:161} INFO - Started process (PID=62750) to work on /Users/evankrupa/airflow_project/env/lib/python3.11/site-packages/airflow/example_dags/example_bash_operator.py
[2025-12-12T08:00:13.295-0500] {processor.py:830} INFO - Processing file /Users/evankrupa/airflow_project/env/lib/python3.11/site-packages/airflow/example_dags/example_bash_operator.py for tasks to queue
[2025-12-12T08:00:13.295-0500] {logging_mixin.py:188} INFO - [2025-12-12T08:00:13.295-0500] {dagbag.py:545} INFO - Filling up the DagBag from /Users/evankrupa/airflow_project/env/lib/python3.11/site-packages/airflow/example_dags/example_bash_operator.py
[2025-12-12T08:00:13.299-0500] {processor.py:840} INFO - DAG(s) 'example_bash_operator' retrieved from /Users/evankrupa/airflow_project/env/lib/python3.11/site-packages/airflow/example_dags/example_bash_operator.py
[2025-12-12T08:00:13.329-0500] {logging_mixin.py:188} INFO - [2025-12-12T08:00:13.329-0500] {dag.py:3096} INFO - Sync 1 DAGs
[2025-12-12T08:00:13.334-0500] {logging_mixin.py:188} INFO - [2025-12-12T08:00:13.334-0500] {dag.py:3954} INFO - Setting next_dagrun for example_bash_operator to 2025-12-11 00:00:00+00:00, run_after=2025-12-12 00:00:00+00:00
[2025-12-12T08:00:13.340-0500] {processor.py:183} INFO - Processing /Users/evankrupa/airflow_project/env/lib/python3.11/site-packages/airflow/example_dags/example_bash_operator.py took 0.046 seconds
[2025-12-12T08:01:32.970-0500] {processor.py:161} INFO - Started process (PID=62818) to work on /Users/evankrupa/airflow_project/env/lib/python3.11/site-packages/airflow/example_dags/example_bash_operator.py
[2025-12-12T08:01:32.971-0500] {processor.py:830} INFO - Processing file /Users/evankrupa/airflow_project/env/lib/python3.11/site-packages/airflow/example_dags/example_bash_operator.py for tasks to queue
[2025-12-12T08:01:32.971-0500] {logging_mixin.py:188} INFO - [2025-12-12T08:01:32.971-0500] {dagbag.py:545} INFO - Filling up the DagBag from /Users/evankrupa/airflow_project/env/lib/python3.11/site-packages/airflow/example_dags/example_bash_operator.py
[2025-12-12T08:01:32.975-0500] {processor.py:840} INFO - DAG(s) 'example_bash_operator' retrieved from /Users/evankrupa/airflow_project/env/lib/python3.11/site-packages/airflow/example_dags/example_bash_operator.py
[2025-12-12T08:01:33.005-0500] {logging_mixin.py:188} INFO - [2025-12-12T08:01:33.005-0500] {dag.py:3096} INFO - Sync 1 DAGs
[2025-12-12T08:01:33.010-0500] {logging_mixin.py:188} INFO - [2025-12-12T08:01:33.010-0500] {dag.py:3954} INFO - Setting next_dagrun for example_bash_operator to 2025-12-11 00:00:00+00:00, run_after=2025-12-12 00:00:00+00:00
[2025-12-12T08:01:33.016-0500] {processor.py:183} INFO - Processing /Users/evankrupa/airflow_project/env/lib/python3.11/site-packages/airflow/example_dags/example_bash_operator.py took 0.046 seconds
[2025-12-12T08:02:59.674-0500] {processor.py:161} INFO - Started process (PID=62885) to work on /Users/evankrupa/airflow_project/env/lib/python3.11/site-packages/airflow/example_dags/example_bash_operator.py
[2025-12-12T08:02:59.674-0500] {processor.py:830} INFO - Processing file /Users/evankrupa/airflow_project/env/lib/python3.11/site-packages/airflow/example_dags/example_bash_operator.py for tasks to queue
[2025-12-12T08:02:59.675-0500] {logging_mixin.py:188} INFO - [2025-12-12T08:02:59.675-0500] {dagbag.py:545} INFO - Filling up the DagBag from /Users/evankrupa/airflow_project/env/lib/python3.11/site-packages/airflow/example_dags/example_bash_operator.py
[2025-12-12T08:02:59.678-0500] {processor.py:840} INFO - DAG(s) 'example_bash_operator' retrieved from /Users/evankrupa/airflow_project/env/lib/python3.11/site-packages/airflow/example_dags/example_bash_operator.py
[2025-12-12T08:02:59.709-0500] {logging_mixin.py:188} INFO - [2025-12-12T08:02:59.709-0500] {dag.py:3096} INFO - Sync 1 DAGs
[2025-12-12T08:02:59.715-0500] {logging_mixin.py:188} INFO - [2025-12-12T08:02:59.715-0500] {dag.py:3954} INFO - Setting next_dagrun for example_bash_operator to 2025-12-11 00:00:00+00:00, run_after=2025-12-12 00:00:00+00:00
[2025-12-12T08:02:59.720-0500] {processor.py:183} INFO - Processing /Users/evankrupa/airflow_project/env/lib/python3.11/site-packages/airflow/example_dags/example_bash_operator.py took 0.047 seconds
[2025-12-12T08:04:25.261-0500] {processor.py:161} INFO - Started process (PID=62983) to work on /Users/evankrupa/airflow_project/env/lib/python3.11/site-packages/airflow/example_dags/example_bash_operator.py
[2025-12-12T08:04:25.261-0500] {processor.py:830} INFO - Processing file /Users/evankrupa/airflow_project/env/lib/python3.11/site-packages/airflow/example_dags/example_bash_operator.py for tasks to queue
[2025-12-12T08:04:25.261-0500] {logging_mixin.py:188} INFO - [2025-12-12T08:04:25.261-0500] {dagbag.py:545} INFO - Filling up the DagBag from /Users/evankrupa/airflow_project/env/lib/python3.11/site-packages/airflow/example_dags/example_bash_operator.py
[2025-12-12T08:04:25.266-0500] {processor.py:840} INFO - DAG(s) 'example_bash_operator' retrieved from /Users/evankrupa/airflow_project/env/lib/python3.11/site-packages/airflow/example_dags/example_bash_operator.py
[2025-12-12T08:04:25.297-0500] {logging_mixin.py:188} INFO - [2025-12-12T08:04:25.297-0500] {dag.py:3096} INFO - Sync 1 DAGs
[2025-12-12T08:04:25.302-0500] {logging_mixin.py:188} INFO - [2025-12-12T08:04:25.302-0500] {dag.py:3954} INFO - Setting next_dagrun for example_bash_operator to 2025-12-11 00:00:00+00:00, run_after=2025-12-12 00:00:00+00:00
[2025-12-12T08:04:25.308-0500] {processor.py:183} INFO - Processing /Users/evankrupa/airflow_project/env/lib/python3.11/site-packages/airflow/example_dags/example_bash_operator.py took 0.048 seconds
[2025-12-12T08:05:48.219-0500] {processor.py:161} INFO - Started process (PID=63106) to work on /Users/evankrupa/airflow_project/env/lib/python3.11/site-packages/airflow/example_dags/example_bash_operator.py
[2025-12-12T08:05:48.219-0500] {processor.py:830} INFO - Processing file /Users/evankrupa/airflow_project/env/lib/python3.11/site-packages/airflow/example_dags/example_bash_operator.py for tasks to queue
[2025-12-12T08:05:48.219-0500] {logging_mixin.py:188} INFO - [2025-12-12T08:05:48.219-0500] {dagbag.py:545} INFO - Filling up the DagBag from /Users/evankrupa/airflow_project/env/lib/python3.11/site-packages/airflow/example_dags/example_bash_operator.py
[2025-12-12T08:05:48.223-0500] {processor.py:840} INFO - DAG(s) 'example_bash_operator' retrieved from /Users/evankrupa/airflow_project/env/lib/python3.11/site-packages/airflow/example_dags/example_bash_operator.py
[2025-12-12T08:05:48.255-0500] {logging_mixin.py:188} INFO - [2025-12-12T08:05:48.255-0500] {dag.py:3096} INFO - Sync 1 DAGs
[2025-12-12T08:05:48.261-0500] {logging_mixin.py:188} INFO - [2025-12-12T08:05:48.260-0500] {dag.py:3954} INFO - Setting next_dagrun for example_bash_operator to 2025-12-11 00:00:00+00:00, run_after=2025-12-12 00:00:00+00:00
[2025-12-12T08:05:48.266-0500] {processor.py:183} INFO - Processing /Users/evankrupa/airflow_project/env/lib/python3.11/site-packages/airflow/example_dags/example_bash_operator.py took 0.049 seconds
[2025-12-12T08:07:16.518-0500] {processor.py:161} INFO - Started process (PID=63632) to work on /Users/evankrupa/airflow_project/env/lib/python3.11/site-packages/airflow/example_dags/example_bash_operator.py
[2025-12-12T08:07:16.519-0500] {processor.py:830} INFO - Processing file /Users/evankrupa/airflow_project/env/lib/python3.11/site-packages/airflow/example_dags/example_bash_operator.py for tasks to queue
[2025-12-12T08:07:16.519-0500] {logging_mixin.py:188} INFO - [2025-12-12T08:07:16.519-0500] {dagbag.py:545} INFO - Filling up the DagBag from /Users/evankrupa/airflow_project/env/lib/python3.11/site-packages/airflow/example_dags/example_bash_operator.py
[2025-12-12T08:07:16.523-0500] {processor.py:840} INFO - DAG(s) 'example_bash_operator' retrieved from /Users/evankrupa/airflow_project/env/lib/python3.11/site-packages/airflow/example_dags/example_bash_operator.py
[2025-12-12T08:07:16.558-0500] {logging_mixin.py:188} INFO - [2025-12-12T08:07:16.558-0500] {dag.py:3096} INFO - Sync 1 DAGs
[2025-12-12T08:07:16.564-0500] {logging_mixin.py:188} INFO - [2025-12-12T08:07:16.564-0500] {dag.py:3954} INFO - Setting next_dagrun for example_bash_operator to 2025-12-11 00:00:00+00:00, run_after=2025-12-12 00:00:00+00:00
[2025-12-12T08:07:16.570-0500] {processor.py:183} INFO - Processing /Users/evankrupa/airflow_project/env/lib/python3.11/site-packages/airflow/example_dags/example_bash_operator.py took 0.052 seconds
[2025-12-12T08:08:44.203-0500] {processor.py:161} INFO - Started process (PID=63703) to work on /Users/evankrupa/airflow_project/env/lib/python3.11/site-packages/airflow/example_dags/example_bash_operator.py
[2025-12-12T08:08:44.204-0500] {processor.py:830} INFO - Processing file /Users/evankrupa/airflow_project/env/lib/python3.11/site-packages/airflow/example_dags/example_bash_operator.py for tasks to queue
[2025-12-12T08:08:44.204-0500] {logging_mixin.py:188} INFO - [2025-12-12T08:08:44.204-0500] {dagbag.py:545} INFO - Filling up the DagBag from /Users/evankrupa/airflow_project/env/lib/python3.11/site-packages/airflow/example_dags/example_bash_operator.py
[2025-12-12T08:08:44.208-0500] {processor.py:840} INFO - DAG(s) 'example_bash_operator' retrieved from /Users/evankrupa/airflow_project/env/lib/python3.11/site-packages/airflow/example_dags/example_bash_operator.py
[2025-12-12T08:08:44.238-0500] {logging_mixin.py:188} INFO - [2025-12-12T08:08:44.238-0500] {dag.py:3096} INFO - Sync 1 DAGs
[2025-12-12T08:08:44.242-0500] {logging_mixin.py:188} INFO - [2025-12-12T08:08:44.242-0500] {dag.py:3954} INFO - Setting next_dagrun for example_bash_operator to 2025-12-11 00:00:00+00:00, run_after=2025-12-12 00:00:00+00:00
[2025-12-12T08:08:44.248-0500] {processor.py:183} INFO - Processing /Users/evankrupa/airflow_project/env/lib/python3.11/site-packages/airflow/example_dags/example_bash_operator.py took 0.046 seconds
[2025-12-12T08:10:09.268-0500] {processor.py:161} INFO - Started process (PID=63774) to work on /Users/evankrupa/airflow_project/env/lib/python3.11/site-packages/airflow/example_dags/example_bash_operator.py
[2025-12-12T08:10:09.270-0500] {processor.py:830} INFO - Processing file /Users/evankrupa/airflow_project/env/lib/python3.11/site-packages/airflow/example_dags/example_bash_operator.py for tasks to queue
[2025-12-12T08:10:09.270-0500] {logging_mixin.py:188} INFO - [2025-12-12T08:10:09.270-0500] {dagbag.py:545} INFO - Filling up the DagBag from /Users/evankrupa/airflow_project/env/lib/python3.11/site-packages/airflow/example_dags/example_bash_operator.py
[2025-12-12T08:10:09.273-0500] {processor.py:840} INFO - DAG(s) 'example_bash_operator' retrieved from /Users/evankrupa/airflow_project/env/lib/python3.11/site-packages/airflow/example_dags/example_bash_operator.py
[2025-12-12T08:10:09.304-0500] {logging_mixin.py:188} INFO - [2025-12-12T08:10:09.304-0500] {dag.py:3096} INFO - Sync 1 DAGs
[2025-12-12T08:10:09.309-0500] {logging_mixin.py:188} INFO - [2025-12-12T08:10:09.309-0500] {dag.py:3954} INFO - Setting next_dagrun for example_bash_operator to 2025-12-11 00:00:00+00:00, run_after=2025-12-12 00:00:00+00:00
[2025-12-12T08:10:09.315-0500] {processor.py:183} INFO - Processing /Users/evankrupa/airflow_project/env/lib/python3.11/site-packages/airflow/example_dags/example_bash_operator.py took 0.047 seconds
[2025-12-12T08:11:37.779-0500] {processor.py:161} INFO - Started process (PID=63841) to work on /Users/evankrupa/airflow_project/env/lib/python3.11/site-packages/airflow/example_dags/example_bash_operator.py
[2025-12-12T08:11:37.780-0500] {processor.py:830} INFO - Processing file /Users/evankrupa/airflow_project/env/lib/python3.11/site-packages/airflow/example_dags/example_bash_operator.py for tasks to queue
[2025-12-12T08:11:37.780-0500] {logging_mixin.py:188} INFO - [2025-12-12T08:11:37.780-0500] {dagbag.py:545} INFO - Filling up the DagBag from /Users/evankrupa/airflow_project/env/lib/python3.11/site-packages/airflow/example_dags/example_bash_operator.py
[2025-12-12T08:11:37.784-0500] {processor.py:840} INFO - DAG(s) 'example_bash_operator' retrieved from /Users/evankrupa/airflow_project/env/lib/python3.11/site-packages/airflow/example_dags/example_bash_operator.py
[2025-12-12T08:11:37.815-0500] {logging_mixin.py:188} INFO - [2025-12-12T08:11:37.815-0500] {dag.py:3096} INFO - Sync 1 DAGs
[2025-12-12T08:11:37.820-0500] {logging_mixin.py:188} INFO - [2025-12-12T08:11:37.820-0500] {dag.py:3954} INFO - Setting next_dagrun for example_bash_operator to 2025-12-11 00:00:00+00:00, run_after=2025-12-12 00:00:00+00:00
[2025-12-12T08:11:37.826-0500] {processor.py:183} INFO - Processing /Users/evankrupa/airflow_project/env/lib/python3.11/site-packages/airflow/example_dags/example_bash_operator.py took 0.048 seconds
[2025-12-12T08:13:02.264-0500] {processor.py:161} INFO - Started process (PID=63909) to work on /Users/evankrupa/airflow_project/env/lib/python3.11/site-packages/airflow/example_dags/example_bash_operator.py
[2025-12-12T08:13:02.266-0500] {processor.py:830} INFO - Processing file /Users/evankrupa/airflow_project/env/lib/python3.11/site-packages/airflow/example_dags/example_bash_operator.py for tasks to queue
[2025-12-12T08:13:02.266-0500] {logging_mixin.py:188} INFO - [2025-12-12T08:13:02.266-0500] {dagbag.py:545} INFO - Filling up the DagBag from /Users/evankrupa/airflow_project/env/lib/python3.11/site-packages/airflow/example_dags/example_bash_operator.py
[2025-12-12T08:13:02.270-0500] {processor.py:840} INFO - DAG(s) 'example_bash_operator' retrieved from /Users/evankrupa/airflow_project/env/lib/python3.11/site-packages/airflow/example_dags/example_bash_operator.py
[2025-12-12T08:13:02.306-0500] {logging_mixin.py:188} INFO - [2025-12-12T08:13:02.306-0500] {dag.py:3096} INFO - Sync 1 DAGs
[2025-12-12T08:13:02.312-0500] {logging_mixin.py:188} INFO - [2025-12-12T08:13:02.312-0500] {dag.py:3954} INFO - Setting next_dagrun for example_bash_operator to 2025-12-11 00:00:00+00:00, run_after=2025-12-12 00:00:00+00:00
[2025-12-12T08:13:02.317-0500] {processor.py:183} INFO - Processing /Users/evankrupa/airflow_project/env/lib/python3.11/site-packages/airflow/example_dags/example_bash_operator.py took 0.054 seconds
[2025-12-12T08:14:24.701-0500] {processor.py:161} INFO - Started process (PID=63975) to work on /Users/evankrupa/airflow_project/env/lib/python3.11/site-packages/airflow/example_dags/example_bash_operator.py
[2025-12-12T08:14:24.703-0500] {processor.py:830} INFO - Processing file /Users/evankrupa/airflow_project/env/lib/python3.11/site-packages/airflow/example_dags/example_bash_operator.py for tasks to queue
[2025-12-12T08:14:24.703-0500] {logging_mixin.py:188} INFO - [2025-12-12T08:14:24.703-0500] {dagbag.py:545} INFO - Filling up the DagBag from /Users/evankrupa/airflow_project/env/lib/python3.11/site-packages/airflow/example_dags/example_bash_operator.py
[2025-12-12T08:14:24.706-0500] {processor.py:840} INFO - DAG(s) 'example_bash_operator' retrieved from /Users/evankrupa/airflow_project/env/lib/python3.11/site-packages/airflow/example_dags/example_bash_operator.py
[2025-12-12T08:14:24.737-0500] {logging_mixin.py:188} INFO - [2025-12-12T08:14:24.737-0500] {dag.py:3096} INFO - Sync 1 DAGs
[2025-12-12T08:14:24.742-0500] {logging_mixin.py:188} INFO - [2025-12-12T08:14:24.742-0500] {dag.py:3954} INFO - Setting next_dagrun for example_bash_operator to 2025-12-11 00:00:00+00:00, run_after=2025-12-12 00:00:00+00:00
[2025-12-12T08:14:24.747-0500] {processor.py:183} INFO - Processing /Users/evankrupa/airflow_project/env/lib/python3.11/site-packages/airflow/example_dags/example_bash_operator.py took 0.047 seconds
[2025-12-12T08:15:47.122-0500] {processor.py:161} INFO - Started process (PID=64048) to work on /Users/evankrupa/airflow_project/env/lib/python3.11/site-packages/airflow/example_dags/example_bash_operator.py
[2025-12-12T08:15:47.123-0500] {processor.py:830} INFO - Processing file /Users/evankrupa/airflow_project/env/lib/python3.11/site-packages/airflow/example_dags/example_bash_operator.py for tasks to queue
[2025-12-12T08:15:47.123-0500] {logging_mixin.py:188} INFO - [2025-12-12T08:15:47.123-0500] {dagbag.py:545} INFO - Filling up the DagBag from /Users/evankrupa/airflow_project/env/lib/python3.11/site-packages/airflow/example_dags/example_bash_operator.py
[2025-12-12T08:15:47.127-0500] {processor.py:840} INFO - DAG(s) 'example_bash_operator' retrieved from /Users/evankrupa/airflow_project/env/lib/python3.11/site-packages/airflow/example_dags/example_bash_operator.py
[2025-12-12T08:15:47.156-0500] {logging_mixin.py:188} INFO - [2025-12-12T08:15:47.156-0500] {dag.py:3096} INFO - Sync 1 DAGs
[2025-12-12T08:15:47.161-0500] {logging_mixin.py:188} INFO - [2025-12-12T08:15:47.161-0500] {dag.py:3954} INFO - Setting next_dagrun for example_bash_operator to 2025-12-11 00:00:00+00:00, run_after=2025-12-12 00:00:00+00:00
[2025-12-12T08:15:47.167-0500] {processor.py:183} INFO - Processing /Users/evankrupa/airflow_project/env/lib/python3.11/site-packages/airflow/example_dags/example_bash_operator.py took 0.046 seconds
[2025-12-12T08:17:11.441-0500] {processor.py:161} INFO - Started process (PID=64116) to work on /Users/evankrupa/airflow_project/env/lib/python3.11/site-packages/airflow/example_dags/example_bash_operator.py
[2025-12-12T08:17:11.442-0500] {processor.py:830} INFO - Processing file /Users/evankrupa/airflow_project/env/lib/python3.11/site-packages/airflow/example_dags/example_bash_operator.py for tasks to queue
[2025-12-12T08:17:11.443-0500] {logging_mixin.py:188} INFO - [2025-12-12T08:17:11.443-0500] {dagbag.py:545} INFO - Filling up the DagBag from /Users/evankrupa/airflow_project/env/lib/python3.11/site-packages/airflow/example_dags/example_bash_operator.py
[2025-12-12T08:17:11.446-0500] {processor.py:840} INFO - DAG(s) 'example_bash_operator' retrieved from /Users/evankrupa/airflow_project/env/lib/python3.11/site-packages/airflow/example_dags/example_bash_operator.py
[2025-12-12T08:17:11.476-0500] {logging_mixin.py:188} INFO - [2025-12-12T08:17:11.476-0500] {dag.py:3096} INFO - Sync 1 DAGs
[2025-12-12T08:17:11.480-0500] {logging_mixin.py:188} INFO - [2025-12-12T08:17:11.480-0500] {dag.py:3954} INFO - Setting next_dagrun for example_bash_operator to 2025-12-11 00:00:00+00:00, run_after=2025-12-12 00:00:00+00:00
[2025-12-12T08:17:11.486-0500] {processor.py:183} INFO - Processing /Users/evankrupa/airflow_project/env/lib/python3.11/site-packages/airflow/example_dags/example_bash_operator.py took 0.046 seconds
[2025-12-12T08:18:36.367-0500] {processor.py:161} INFO - Started process (PID=64185) to work on /Users/evankrupa/airflow_project/env/lib/python3.11/site-packages/airflow/example_dags/example_bash_operator.py
[2025-12-12T08:18:36.367-0500] {processor.py:830} INFO - Processing file /Users/evankrupa/airflow_project/env/lib/python3.11/site-packages/airflow/example_dags/example_bash_operator.py for tasks to queue
[2025-12-12T08:18:36.368-0500] {logging_mixin.py:188} INFO - [2025-12-12T08:18:36.368-0500] {dagbag.py:545} INFO - Filling up the DagBag from /Users/evankrupa/airflow_project/env/lib/python3.11/site-packages/airflow/example_dags/example_bash_operator.py
[2025-12-12T08:18:36.371-0500] {processor.py:840} INFO - DAG(s) 'example_bash_operator' retrieved from /Users/evankrupa/airflow_project/env/lib/python3.11/site-packages/airflow/example_dags/example_bash_operator.py
[2025-12-12T08:18:36.401-0500] {logging_mixin.py:188} INFO - [2025-12-12T08:18:36.401-0500] {dag.py:3096} INFO - Sync 1 DAGs
[2025-12-12T08:18:36.406-0500] {logging_mixin.py:188} INFO - [2025-12-12T08:18:36.406-0500] {dag.py:3954} INFO - Setting next_dagrun for example_bash_operator to 2025-12-11 00:00:00+00:00, run_after=2025-12-12 00:00:00+00:00
[2025-12-12T08:18:36.411-0500] {processor.py:183} INFO - Processing /Users/evankrupa/airflow_project/env/lib/python3.11/site-packages/airflow/example_dags/example_bash_operator.py took 0.045 seconds
[2025-12-12T08:19:59.417-0500] {processor.py:161} INFO - Started process (PID=64252) to work on /Users/evankrupa/airflow_project/env/lib/python3.11/site-packages/airflow/example_dags/example_bash_operator.py
[2025-12-12T08:19:59.418-0500] {processor.py:830} INFO - Processing file /Users/evankrupa/airflow_project/env/lib/python3.11/site-packages/airflow/example_dags/example_bash_operator.py for tasks to queue
[2025-12-12T08:19:59.418-0500] {logging_mixin.py:188} INFO - [2025-12-12T08:19:59.418-0500] {dagbag.py:545} INFO - Filling up the DagBag from /Users/evankrupa/airflow_project/env/lib/python3.11/site-packages/airflow/example_dags/example_bash_operator.py
[2025-12-12T08:19:59.421-0500] {processor.py:840} INFO - DAG(s) 'example_bash_operator' retrieved from /Users/evankrupa/airflow_project/env/lib/python3.11/site-packages/airflow/example_dags/example_bash_operator.py
[2025-12-12T08:19:59.452-0500] {logging_mixin.py:188} INFO - [2025-12-12T08:19:59.452-0500] {dag.py:3096} INFO - Sync 1 DAGs
[2025-12-12T08:19:59.457-0500] {logging_mixin.py:188} INFO - [2025-12-12T08:19:59.457-0500] {dag.py:3954} INFO - Setting next_dagrun for example_bash_operator to 2025-12-11 00:00:00+00:00, run_after=2025-12-12 00:00:00+00:00
[2025-12-12T08:19:59.463-0500] {processor.py:183} INFO - Processing /Users/evankrupa/airflow_project/env/lib/python3.11/site-packages/airflow/example_dags/example_bash_operator.py took 0.047 seconds
[2025-12-12T08:21:23.996-0500] {processor.py:161} INFO - Started process (PID=64319) to work on /Users/evankrupa/airflow_project/env/lib/python3.11/site-packages/airflow/example_dags/example_bash_operator.py
[2025-12-12T08:21:23.997-0500] {processor.py:830} INFO - Processing file /Users/evankrupa/airflow_project/env/lib/python3.11/site-packages/airflow/example_dags/example_bash_operator.py for tasks to queue
[2025-12-12T08:21:23.997-0500] {logging_mixin.py:188} INFO - [2025-12-12T08:21:23.997-0500] {dagbag.py:545} INFO - Filling up the DagBag from /Users/evankrupa/airflow_project/env/lib/python3.11/site-packages/airflow/example_dags/example_bash_operator.py
[2025-12-12T08:21:24.001-0500] {processor.py:840} INFO - DAG(s) 'example_bash_operator' retrieved from /Users/evankrupa/airflow_project/env/lib/python3.11/site-packages/airflow/example_dags/example_bash_operator.py
[2025-12-12T08:21:24.033-0500] {logging_mixin.py:188} INFO - [2025-12-12T08:21:24.032-0500] {dag.py:3096} INFO - Sync 1 DAGs
[2025-12-12T08:21:24.038-0500] {logging_mixin.py:188} INFO - [2025-12-12T08:21:24.038-0500] {dag.py:3954} INFO - Setting next_dagrun for example_bash_operator to 2025-12-11 00:00:00+00:00, run_after=2025-12-12 00:00:00+00:00
[2025-12-12T08:21:24.044-0500] {processor.py:183} INFO - Processing /Users/evankrupa/airflow_project/env/lib/python3.11/site-packages/airflow/example_dags/example_bash_operator.py took 0.049 seconds
[2025-12-12T08:22:48.427-0500] {processor.py:161} INFO - Started process (PID=64385) to work on /Users/evankrupa/airflow_project/env/lib/python3.11/site-packages/airflow/example_dags/example_bash_operator.py
[2025-12-12T08:22:48.428-0500] {processor.py:830} INFO - Processing file /Users/evankrupa/airflow_project/env/lib/python3.11/site-packages/airflow/example_dags/example_bash_operator.py for tasks to queue
[2025-12-12T08:22:48.429-0500] {logging_mixin.py:188} INFO - [2025-12-12T08:22:48.429-0500] {dagbag.py:545} INFO - Filling up the DagBag from /Users/evankrupa/airflow_project/env/lib/python3.11/site-packages/airflow/example_dags/example_bash_operator.py
[2025-12-12T08:22:48.432-0500] {processor.py:840} INFO - DAG(s) 'example_bash_operator' retrieved from /Users/evankrupa/airflow_project/env/lib/python3.11/site-packages/airflow/example_dags/example_bash_operator.py
[2025-12-12T08:22:48.463-0500] {logging_mixin.py:188} INFO - [2025-12-12T08:22:48.463-0500] {dag.py:3096} INFO - Sync 1 DAGs
[2025-12-12T08:22:48.468-0500] {logging_mixin.py:188} INFO - [2025-12-12T08:22:48.468-0500] {dag.py:3954} INFO - Setting next_dagrun for example_bash_operator to 2025-12-11 00:00:00+00:00, run_after=2025-12-12 00:00:00+00:00
[2025-12-12T08:22:48.474-0500] {processor.py:183} INFO - Processing /Users/evankrupa/airflow_project/env/lib/python3.11/site-packages/airflow/example_dags/example_bash_operator.py took 0.047 seconds
[2025-12-12T08:24:12.127-0500] {processor.py:161} INFO - Started process (PID=64460) to work on /Users/evankrupa/airflow_project/env/lib/python3.11/site-packages/airflow/example_dags/example_bash_operator.py
[2025-12-12T08:24:12.128-0500] {processor.py:830} INFO - Processing file /Users/evankrupa/airflow_project/env/lib/python3.11/site-packages/airflow/example_dags/example_bash_operator.py for tasks to queue
[2025-12-12T08:24:12.128-0500] {logging_mixin.py:188} INFO - [2025-12-12T08:24:12.128-0500] {dagbag.py:545} INFO - Filling up the DagBag from /Users/evankrupa/airflow_project/env/lib/python3.11/site-packages/airflow/example_dags/example_bash_operator.py
[2025-12-12T08:24:12.132-0500] {processor.py:840} INFO - DAG(s) 'example_bash_operator' retrieved from /Users/evankrupa/airflow_project/env/lib/python3.11/site-packages/airflow/example_dags/example_bash_operator.py
[2025-12-12T08:24:12.162-0500] {logging_mixin.py:188} INFO - [2025-12-12T08:24:12.162-0500] {dag.py:3096} INFO - Sync 1 DAGs
[2025-12-12T08:24:12.167-0500] {logging_mixin.py:188} INFO - [2025-12-12T08:24:12.166-0500] {dag.py:3954} INFO - Setting next_dagrun for example_bash_operator to 2025-12-11 00:00:00+00:00, run_after=2025-12-12 00:00:00+00:00
[2025-12-12T08:24:12.172-0500] {processor.py:183} INFO - Processing /Users/evankrupa/airflow_project/env/lib/python3.11/site-packages/airflow/example_dags/example_bash_operator.py took 0.046 seconds
[2025-12-12T08:25:34.631-0500] {processor.py:161} INFO - Started process (PID=64528) to work on /Users/evankrupa/airflow_project/env/lib/python3.11/site-packages/airflow/example_dags/example_bash_operator.py
[2025-12-12T08:25:34.633-0500] {processor.py:830} INFO - Processing file /Users/evankrupa/airflow_project/env/lib/python3.11/site-packages/airflow/example_dags/example_bash_operator.py for tasks to queue
[2025-12-12T08:25:34.633-0500] {logging_mixin.py:188} INFO - [2025-12-12T08:25:34.633-0500] {dagbag.py:545} INFO - Filling up the DagBag from /Users/evankrupa/airflow_project/env/lib/python3.11/site-packages/airflow/example_dags/example_bash_operator.py
[2025-12-12T08:25:34.636-0500] {processor.py:840} INFO - DAG(s) 'example_bash_operator' retrieved from /Users/evankrupa/airflow_project/env/lib/python3.11/site-packages/airflow/example_dags/example_bash_operator.py
[2025-12-12T08:25:34.667-0500] {logging_mixin.py:188} INFO - [2025-12-12T08:25:34.666-0500] {dag.py:3096} INFO - Sync 1 DAGs
[2025-12-12T08:25:34.672-0500] {logging_mixin.py:188} INFO - [2025-12-12T08:25:34.672-0500] {dag.py:3954} INFO - Setting next_dagrun for example_bash_operator to 2025-12-11 00:00:00+00:00, run_after=2025-12-12 00:00:00+00:00
[2025-12-12T08:25:34.678-0500] {processor.py:183} INFO - Processing /Users/evankrupa/airflow_project/env/lib/python3.11/site-packages/airflow/example_dags/example_bash_operator.py took 0.047 seconds
[2025-12-12T08:27:00.783-0500] {processor.py:161} INFO - Started process (PID=64603) to work on /Users/evankrupa/airflow_project/env/lib/python3.11/site-packages/airflow/example_dags/example_bash_operator.py
[2025-12-12T08:27:00.784-0500] {processor.py:830} INFO - Processing file /Users/evankrupa/airflow_project/env/lib/python3.11/site-packages/airflow/example_dags/example_bash_operator.py for tasks to queue
[2025-12-12T08:27:00.785-0500] {logging_mixin.py:188} INFO - [2025-12-12T08:27:00.785-0500] {dagbag.py:545} INFO - Filling up the DagBag from /Users/evankrupa/airflow_project/env/lib/python3.11/site-packages/airflow/example_dags/example_bash_operator.py
[2025-12-12T08:27:00.788-0500] {processor.py:840} INFO - DAG(s) 'example_bash_operator' retrieved from /Users/evankrupa/airflow_project/env/lib/python3.11/site-packages/airflow/example_dags/example_bash_operator.py
[2025-12-12T08:27:00.821-0500] {logging_mixin.py:188} INFO - [2025-12-12T08:27:00.820-0500] {dag.py:3096} INFO - Sync 1 DAGs
[2025-12-12T08:27:00.826-0500] {logging_mixin.py:188} INFO - [2025-12-12T08:27:00.826-0500] {dag.py:3954} INFO - Setting next_dagrun for example_bash_operator to 2025-12-11 00:00:00+00:00, run_after=2025-12-12 00:00:00+00:00
[2025-12-12T08:27:00.832-0500] {processor.py:183} INFO - Processing /Users/evankrupa/airflow_project/env/lib/python3.11/site-packages/airflow/example_dags/example_bash_operator.py took 0.049 seconds
[2025-12-12T08:28:27.681-0500] {processor.py:161} INFO - Started process (PID=64707) to work on /Users/evankrupa/airflow_project/env/lib/python3.11/site-packages/airflow/example_dags/example_bash_operator.py
[2025-12-12T08:28:27.683-0500] {processor.py:830} INFO - Processing file /Users/evankrupa/airflow_project/env/lib/python3.11/site-packages/airflow/example_dags/example_bash_operator.py for tasks to queue
[2025-12-12T08:28:27.683-0500] {logging_mixin.py:188} INFO - [2025-12-12T08:28:27.683-0500] {dagbag.py:545} INFO - Filling up the DagBag from /Users/evankrupa/airflow_project/env/lib/python3.11/site-packages/airflow/example_dags/example_bash_operator.py
[2025-12-12T08:28:27.687-0500] {processor.py:840} INFO - DAG(s) 'example_bash_operator' retrieved from /Users/evankrupa/airflow_project/env/lib/python3.11/site-packages/airflow/example_dags/example_bash_operator.py
[2025-12-12T08:28:27.716-0500] {logging_mixin.py:188} INFO - [2025-12-12T08:28:27.716-0500] {dag.py:3096} INFO - Sync 1 DAGs
[2025-12-12T08:28:27.721-0500] {logging_mixin.py:188} INFO - [2025-12-12T08:28:27.721-0500] {dag.py:3954} INFO - Setting next_dagrun for example_bash_operator to 2025-12-11 00:00:00+00:00, run_after=2025-12-12 00:00:00+00:00
[2025-12-12T08:28:27.726-0500] {processor.py:183} INFO - Processing /Users/evankrupa/airflow_project/env/lib/python3.11/site-packages/airflow/example_dags/example_bash_operator.py took 0.046 seconds
[2025-12-12T08:29:49.398-0500] {processor.py:161} INFO - Started process (PID=64778) to work on /Users/evankrupa/airflow_project/env/lib/python3.11/site-packages/airflow/example_dags/example_bash_operator.py
[2025-12-12T08:29:49.399-0500] {processor.py:830} INFO - Processing file /Users/evankrupa/airflow_project/env/lib/python3.11/site-packages/airflow/example_dags/example_bash_operator.py for tasks to queue
[2025-12-12T08:29:49.399-0500] {logging_mixin.py:188} INFO - [2025-12-12T08:29:49.399-0500] {dagbag.py:545} INFO - Filling up the DagBag from /Users/evankrupa/airflow_project/env/lib/python3.11/site-packages/airflow/example_dags/example_bash_operator.py
[2025-12-12T08:29:49.403-0500] {processor.py:840} INFO - DAG(s) 'example_bash_operator' retrieved from /Users/evankrupa/airflow_project/env/lib/python3.11/site-packages/airflow/example_dags/example_bash_operator.py
[2025-12-12T08:29:49.433-0500] {logging_mixin.py:188} INFO - [2025-12-12T08:29:49.433-0500] {dag.py:3096} INFO - Sync 1 DAGs
[2025-12-12T08:29:49.438-0500] {logging_mixin.py:188} INFO - [2025-12-12T08:29:49.438-0500] {dag.py:3954} INFO - Setting next_dagrun for example_bash_operator to 2025-12-11 00:00:00+00:00, run_after=2025-12-12 00:00:00+00:00
[2025-12-12T08:29:49.444-0500] {processor.py:183} INFO - Processing /Users/evankrupa/airflow_project/env/lib/python3.11/site-packages/airflow/example_dags/example_bash_operator.py took 0.047 seconds
[2025-12-12T08:31:10.235-0500] {processor.py:161} INFO - Started process (PID=64864) to work on /Users/evankrupa/airflow_project/env/lib/python3.11/site-packages/airflow/example_dags/example_bash_operator.py
[2025-12-12T08:31:10.236-0500] {processor.py:830} INFO - Processing file /Users/evankrupa/airflow_project/env/lib/python3.11/site-packages/airflow/example_dags/example_bash_operator.py for tasks to queue
[2025-12-12T08:31:10.236-0500] {logging_mixin.py:188} INFO - [2025-12-12T08:31:10.236-0500] {dagbag.py:545} INFO - Filling up the DagBag from /Users/evankrupa/airflow_project/env/lib/python3.11/site-packages/airflow/example_dags/example_bash_operator.py
[2025-12-12T08:31:10.240-0500] {processor.py:840} INFO - DAG(s) 'example_bash_operator' retrieved from /Users/evankrupa/airflow_project/env/lib/python3.11/site-packages/airflow/example_dags/example_bash_operator.py
[2025-12-12T08:31:10.270-0500] {logging_mixin.py:188} INFO - [2025-12-12T08:31:10.270-0500] {dag.py:3096} INFO - Sync 1 DAGs
[2025-12-12T08:31:10.274-0500] {logging_mixin.py:188} INFO - [2025-12-12T08:31:10.274-0500] {dag.py:3954} INFO - Setting next_dagrun for example_bash_operator to 2025-12-11 00:00:00+00:00, run_after=2025-12-12 00:00:00+00:00
[2025-12-12T08:31:10.280-0500] {processor.py:183} INFO - Processing /Users/evankrupa/airflow_project/env/lib/python3.11/site-packages/airflow/example_dags/example_bash_operator.py took 0.046 seconds
[2025-12-12T08:32:35.236-0500] {processor.py:161} INFO - Started process (PID=64956) to work on /Users/evankrupa/airflow_project/env/lib/python3.11/site-packages/airflow/example_dags/example_bash_operator.py
[2025-12-12T08:32:35.237-0500] {processor.py:830} INFO - Processing file /Users/evankrupa/airflow_project/env/lib/python3.11/site-packages/airflow/example_dags/example_bash_operator.py for tasks to queue
[2025-12-12T08:32:35.237-0500] {logging_mixin.py:188} INFO - [2025-12-12T08:32:35.237-0500] {dagbag.py:545} INFO - Filling up the DagBag from /Users/evankrupa/airflow_project/env/lib/python3.11/site-packages/airflow/example_dags/example_bash_operator.py
[2025-12-12T08:32:35.241-0500] {processor.py:840} INFO - DAG(s) 'example_bash_operator' retrieved from /Users/evankrupa/airflow_project/env/lib/python3.11/site-packages/airflow/example_dags/example_bash_operator.py
[2025-12-12T08:32:35.271-0500] {logging_mixin.py:188} INFO - [2025-12-12T08:32:35.271-0500] {dag.py:3096} INFO - Sync 1 DAGs
[2025-12-12T08:32:35.276-0500] {logging_mixin.py:188} INFO - [2025-12-12T08:32:35.276-0500] {dag.py:3954} INFO - Setting next_dagrun for example_bash_operator to 2025-12-11 00:00:00+00:00, run_after=2025-12-12 00:00:00+00:00
[2025-12-12T08:32:35.282-0500] {processor.py:183} INFO - Processing /Users/evankrupa/airflow_project/env/lib/python3.11/site-packages/airflow/example_dags/example_bash_operator.py took 0.047 seconds
[2025-12-12T08:34:00.155-0500] {processor.py:161} INFO - Started process (PID=65051) to work on /Users/evankrupa/airflow_project/env/lib/python3.11/site-packages/airflow/example_dags/example_bash_operator.py
[2025-12-12T08:34:00.156-0500] {processor.py:830} INFO - Processing file /Users/evankrupa/airflow_project/env/lib/python3.11/site-packages/airflow/example_dags/example_bash_operator.py for tasks to queue
[2025-12-12T08:34:00.156-0500] {logging_mixin.py:188} INFO - [2025-12-12T08:34:00.156-0500] {dagbag.py:545} INFO - Filling up the DagBag from /Users/evankrupa/airflow_project/env/lib/python3.11/site-packages/airflow/example_dags/example_bash_operator.py
[2025-12-12T08:34:00.159-0500] {processor.py:840} INFO - DAG(s) 'example_bash_operator' retrieved from /Users/evankrupa/airflow_project/env/lib/python3.11/site-packages/airflow/example_dags/example_bash_operator.py
[2025-12-12T08:34:00.189-0500] {logging_mixin.py:188} INFO - [2025-12-12T08:34:00.189-0500] {dag.py:3096} INFO - Sync 1 DAGs
[2025-12-12T08:34:00.194-0500] {logging_mixin.py:188} INFO - [2025-12-12T08:34:00.193-0500] {dag.py:3954} INFO - Setting next_dagrun for example_bash_operator to 2025-12-11 00:00:00+00:00, run_after=2025-12-12 00:00:00+00:00
[2025-12-12T08:34:00.199-0500] {processor.py:183} INFO - Processing /Users/evankrupa/airflow_project/env/lib/python3.11/site-packages/airflow/example_dags/example_bash_operator.py took 0.046 seconds
[2025-12-12T08:35:27.113-0500] {processor.py:161} INFO - Started process (PID=65144) to work on /Users/evankrupa/airflow_project/env/lib/python3.11/site-packages/airflow/example_dags/example_bash_operator.py
[2025-12-12T08:35:27.114-0500] {processor.py:830} INFO - Processing file /Users/evankrupa/airflow_project/env/lib/python3.11/site-packages/airflow/example_dags/example_bash_operator.py for tasks to queue
[2025-12-12T08:35:27.114-0500] {logging_mixin.py:188} INFO - [2025-12-12T08:35:27.114-0500] {dagbag.py:545} INFO - Filling up the DagBag from /Users/evankrupa/airflow_project/env/lib/python3.11/site-packages/airflow/example_dags/example_bash_operator.py
[2025-12-12T08:35:27.117-0500] {processor.py:840} INFO - DAG(s) 'example_bash_operator' retrieved from /Users/evankrupa/airflow_project/env/lib/python3.11/site-packages/airflow/example_dags/example_bash_operator.py
[2025-12-12T08:35:27.147-0500] {logging_mixin.py:188} INFO - [2025-12-12T08:35:27.147-0500] {dag.py:3096} INFO - Sync 1 DAGs
[2025-12-12T08:35:27.152-0500] {logging_mixin.py:188} INFO - [2025-12-12T08:35:27.152-0500] {dag.py:3954} INFO - Setting next_dagrun for example_bash_operator to 2025-12-11 00:00:00+00:00, run_after=2025-12-12 00:00:00+00:00
[2025-12-12T08:35:27.157-0500] {processor.py:183} INFO - Processing /Users/evankrupa/airflow_project/env/lib/python3.11/site-packages/airflow/example_dags/example_bash_operator.py took 0.045 seconds
[2025-12-12T08:36:49.200-0500] {processor.py:161} INFO - Started process (PID=65221) to work on /Users/evankrupa/airflow_project/env/lib/python3.11/site-packages/airflow/example_dags/example_bash_operator.py
[2025-12-12T08:36:49.201-0500] {processor.py:830} INFO - Processing file /Users/evankrupa/airflow_project/env/lib/python3.11/site-packages/airflow/example_dags/example_bash_operator.py for tasks to queue
[2025-12-12T08:36:49.202-0500] {logging_mixin.py:188} INFO - [2025-12-12T08:36:49.202-0500] {dagbag.py:545} INFO - Filling up the DagBag from /Users/evankrupa/airflow_project/env/lib/python3.11/site-packages/airflow/example_dags/example_bash_operator.py
[2025-12-12T08:36:49.205-0500] {processor.py:840} INFO - DAG(s) 'example_bash_operator' retrieved from /Users/evankrupa/airflow_project/env/lib/python3.11/site-packages/airflow/example_dags/example_bash_operator.py
[2025-12-12T08:36:49.235-0500] {logging_mixin.py:188} INFO - [2025-12-12T08:36:49.235-0500] {dag.py:3096} INFO - Sync 1 DAGs
[2025-12-12T08:36:49.239-0500] {logging_mixin.py:188} INFO - [2025-12-12T08:36:49.239-0500] {dag.py:3954} INFO - Setting next_dagrun for example_bash_operator to 2025-12-11 00:00:00+00:00, run_after=2025-12-12 00:00:00+00:00
[2025-12-12T08:36:49.245-0500] {processor.py:183} INFO - Processing /Users/evankrupa/airflow_project/env/lib/python3.11/site-packages/airflow/example_dags/example_bash_operator.py took 0.046 seconds
[2025-12-12T08:38:15.466-0500] {processor.py:161} INFO - Started process (PID=65291) to work on /Users/evankrupa/airflow_project/env/lib/python3.11/site-packages/airflow/example_dags/example_bash_operator.py
[2025-12-12T08:38:15.467-0500] {processor.py:830} INFO - Processing file /Users/evankrupa/airflow_project/env/lib/python3.11/site-packages/airflow/example_dags/example_bash_operator.py for tasks to queue
[2025-12-12T08:38:15.468-0500] {logging_mixin.py:188} INFO - [2025-12-12T08:38:15.467-0500] {dagbag.py:545} INFO - Filling up the DagBag from /Users/evankrupa/airflow_project/env/lib/python3.11/site-packages/airflow/example_dags/example_bash_operator.py
[2025-12-12T08:38:15.471-0500] {processor.py:840} INFO - DAG(s) 'example_bash_operator' retrieved from /Users/evankrupa/airflow_project/env/lib/python3.11/site-packages/airflow/example_dags/example_bash_operator.py
[2025-12-12T08:38:15.501-0500] {logging_mixin.py:188} INFO - [2025-12-12T08:38:15.501-0500] {dag.py:3096} INFO - Sync 1 DAGs
[2025-12-12T08:38:15.506-0500] {logging_mixin.py:188} INFO - [2025-12-12T08:38:15.506-0500] {dag.py:3954} INFO - Setting next_dagrun for example_bash_operator to 2025-12-11 00:00:00+00:00, run_after=2025-12-12 00:00:00+00:00
[2025-12-12T08:38:15.512-0500] {processor.py:183} INFO - Processing /Users/evankrupa/airflow_project/env/lib/python3.11/site-packages/airflow/example_dags/example_bash_operator.py took 0.046 seconds
[2025-12-12T08:39:37.645-0500] {processor.py:161} INFO - Started process (PID=65371) to work on /Users/evankrupa/airflow_project/env/lib/python3.11/site-packages/airflow/example_dags/example_bash_operator.py
[2025-12-12T08:39:37.646-0500] {processor.py:830} INFO - Processing file /Users/evankrupa/airflow_project/env/lib/python3.11/site-packages/airflow/example_dags/example_bash_operator.py for tasks to queue
[2025-12-12T08:39:37.646-0500] {logging_mixin.py:188} INFO - [2025-12-12T08:39:37.646-0500] {dagbag.py:545} INFO - Filling up the DagBag from /Users/evankrupa/airflow_project/env/lib/python3.11/site-packages/airflow/example_dags/example_bash_operator.py
[2025-12-12T08:39:37.649-0500] {processor.py:840} INFO - DAG(s) 'example_bash_operator' retrieved from /Users/evankrupa/airflow_project/env/lib/python3.11/site-packages/airflow/example_dags/example_bash_operator.py
[2025-12-12T08:39:37.679-0500] {logging_mixin.py:188} INFO - [2025-12-12T08:39:37.679-0500] {dag.py:3096} INFO - Sync 1 DAGs
[2025-12-12T08:39:37.684-0500] {logging_mixin.py:188} INFO - [2025-12-12T08:39:37.684-0500] {dag.py:3954} INFO - Setting next_dagrun for example_bash_operator to 2025-12-11 00:00:00+00:00, run_after=2025-12-12 00:00:00+00:00
[2025-12-12T08:39:37.690-0500] {processor.py:183} INFO - Processing /Users/evankrupa/airflow_project/env/lib/python3.11/site-packages/airflow/example_dags/example_bash_operator.py took 0.046 seconds
[2025-12-12T08:41:01.457-0500] {processor.py:161} INFO - Started process (PID=65456) to work on /Users/evankrupa/airflow_project/env/lib/python3.11/site-packages/airflow/example_dags/example_bash_operator.py
[2025-12-12T08:41:01.458-0500] {processor.py:830} INFO - Processing file /Users/evankrupa/airflow_project/env/lib/python3.11/site-packages/airflow/example_dags/example_bash_operator.py for tasks to queue
[2025-12-12T08:41:01.458-0500] {logging_mixin.py:188} INFO - [2025-12-12T08:41:01.458-0500] {dagbag.py:545} INFO - Filling up the DagBag from /Users/evankrupa/airflow_project/env/lib/python3.11/site-packages/airflow/example_dags/example_bash_operator.py
[2025-12-12T08:41:01.462-0500] {processor.py:840} INFO - DAG(s) 'example_bash_operator' retrieved from /Users/evankrupa/airflow_project/env/lib/python3.11/site-packages/airflow/example_dags/example_bash_operator.py
[2025-12-12T08:41:01.491-0500] {logging_mixin.py:188} INFO - [2025-12-12T08:41:01.491-0500] {dag.py:3096} INFO - Sync 1 DAGs
[2025-12-12T08:41:01.496-0500] {logging_mixin.py:188} INFO - [2025-12-12T08:41:01.496-0500] {dag.py:3954} INFO - Setting next_dagrun for example_bash_operator to 2025-12-11 00:00:00+00:00, run_after=2025-12-12 00:00:00+00:00
[2025-12-12T08:41:01.502-0500] {processor.py:183} INFO - Processing /Users/evankrupa/airflow_project/env/lib/python3.11/site-packages/airflow/example_dags/example_bash_operator.py took 0.046 seconds
[2025-12-12T08:42:23.992-0500] {processor.py:161} INFO - Started process (PID=65524) to work on /Users/evankrupa/airflow_project/env/lib/python3.11/site-packages/airflow/example_dags/example_bash_operator.py
[2025-12-12T08:42:23.993-0500] {processor.py:830} INFO - Processing file /Users/evankrupa/airflow_project/env/lib/python3.11/site-packages/airflow/example_dags/example_bash_operator.py for tasks to queue
[2025-12-12T08:42:23.993-0500] {logging_mixin.py:188} INFO - [2025-12-12T08:42:23.993-0500] {dagbag.py:545} INFO - Filling up the DagBag from /Users/evankrupa/airflow_project/env/lib/python3.11/site-packages/airflow/example_dags/example_bash_operator.py
[2025-12-12T08:42:23.997-0500] {processor.py:840} INFO - DAG(s) 'example_bash_operator' retrieved from /Users/evankrupa/airflow_project/env/lib/python3.11/site-packages/airflow/example_dags/example_bash_operator.py
[2025-12-12T08:42:24.027-0500] {logging_mixin.py:188} INFO - [2025-12-12T08:42:24.027-0500] {dag.py:3096} INFO - Sync 1 DAGs
[2025-12-12T08:42:24.032-0500] {logging_mixin.py:188} INFO - [2025-12-12T08:42:24.032-0500] {dag.py:3954} INFO - Setting next_dagrun for example_bash_operator to 2025-12-11 00:00:00+00:00, run_after=2025-12-12 00:00:00+00:00
[2025-12-12T08:42:24.038-0500] {processor.py:183} INFO - Processing /Users/evankrupa/airflow_project/env/lib/python3.11/site-packages/airflow/example_dags/example_bash_operator.py took 0.047 seconds
[2025-12-12T08:43:47.387-0500] {processor.py:161} INFO - Started process (PID=65608) to work on /Users/evankrupa/airflow_project/env/lib/python3.11/site-packages/airflow/example_dags/example_bash_operator.py
[2025-12-12T08:43:47.388-0500] {processor.py:830} INFO - Processing file /Users/evankrupa/airflow_project/env/lib/python3.11/site-packages/airflow/example_dags/example_bash_operator.py for tasks to queue
[2025-12-12T08:43:47.388-0500] {logging_mixin.py:188} INFO - [2025-12-12T08:43:47.388-0500] {dagbag.py:545} INFO - Filling up the DagBag from /Users/evankrupa/airflow_project/env/lib/python3.11/site-packages/airflow/example_dags/example_bash_operator.py
[2025-12-12T08:43:47.391-0500] {processor.py:840} INFO - DAG(s) 'example_bash_operator' retrieved from /Users/evankrupa/airflow_project/env/lib/python3.11/site-packages/airflow/example_dags/example_bash_operator.py
[2025-12-12T08:43:47.421-0500] {logging_mixin.py:188} INFO - [2025-12-12T08:43:47.420-0500] {dag.py:3096} INFO - Sync 1 DAGs
[2025-12-12T08:43:47.425-0500] {logging_mixin.py:188} INFO - [2025-12-12T08:43:47.425-0500] {dag.py:3954} INFO - Setting next_dagrun for example_bash_operator to 2025-12-11 00:00:00+00:00, run_after=2025-12-12 00:00:00+00:00
[2025-12-12T08:43:47.431-0500] {processor.py:183} INFO - Processing /Users/evankrupa/airflow_project/env/lib/python3.11/site-packages/airflow/example_dags/example_bash_operator.py took 0.045 seconds
[2025-12-12T08:45:11.238-0500] {processor.py:161} INFO - Started process (PID=65685) to work on /Users/evankrupa/airflow_project/env/lib/python3.11/site-packages/airflow/example_dags/example_bash_operator.py
[2025-12-12T08:45:11.239-0500] {processor.py:830} INFO - Processing file /Users/evankrupa/airflow_project/env/lib/python3.11/site-packages/airflow/example_dags/example_bash_operator.py for tasks to queue
[2025-12-12T08:45:11.239-0500] {logging_mixin.py:188} INFO - [2025-12-12T08:45:11.239-0500] {dagbag.py:545} INFO - Filling up the DagBag from /Users/evankrupa/airflow_project/env/lib/python3.11/site-packages/airflow/example_dags/example_bash_operator.py
[2025-12-12T08:45:11.243-0500] {processor.py:840} INFO - DAG(s) 'example_bash_operator' retrieved from /Users/evankrupa/airflow_project/env/lib/python3.11/site-packages/airflow/example_dags/example_bash_operator.py
[2025-12-12T08:45:11.272-0500] {logging_mixin.py:188} INFO - [2025-12-12T08:45:11.272-0500] {dag.py:3096} INFO - Sync 1 DAGs
[2025-12-12T08:45:11.276-0500] {logging_mixin.py:188} INFO - [2025-12-12T08:45:11.276-0500] {dag.py:3954} INFO - Setting next_dagrun for example_bash_operator to 2025-12-11 00:00:00+00:00, run_after=2025-12-12 00:00:00+00:00
[2025-12-12T08:45:11.282-0500] {processor.py:183} INFO - Processing /Users/evankrupa/airflow_project/env/lib/python3.11/site-packages/airflow/example_dags/example_bash_operator.py took 0.045 seconds
