[2025-12-12T07:25:58.268-0500] {processor.py:161} INFO - Started process (PID=56883) to work on /Users/evankrupa/airflow_project/env/lib/python3.11/site-packages/airflow/example_dags/example_display_name.py
[2025-12-12T07:25:58.268-0500] {processor.py:830} INFO - Processing file /Users/evankrupa/airflow_project/env/lib/python3.11/site-packages/airflow/example_dags/example_display_name.py for tasks to queue
[2025-12-12T07:25:58.269-0500] {logging_mixin.py:188} INFO - [2025-12-12T07:25:58.269-0500] {dagbag.py:545} INFO - Filling up the DagBag from /Users/evankrupa/airflow_project/env/lib/python3.11/site-packages/airflow/example_dags/example_display_name.py
[2025-12-12T07:25:58.282-0500] {processor.py:840} INFO - DAG(s) 'example_display_name' retrieved from /Users/evankrupa/airflow_project/env/lib/python3.11/site-packages/airflow/example_dags/example_display_name.py
[2025-12-12T07:25:58.332-0500] {logging_mixin.py:188} INFO - [2025-12-12T07:25:58.332-0500] {override.py:1829} INFO - Created Permission View: can delete on DAG:example_display_name
[2025-12-12T07:25:58.334-0500] {logging_mixin.py:188} INFO - [2025-12-12T07:25:58.334-0500] {override.py:1829} INFO - Created Permission View: can edit on DAG:example_display_name
[2025-12-12T07:25:58.336-0500] {logging_mixin.py:188} INFO - [2025-12-12T07:25:58.336-0500] {override.py:1829} INFO - Created Permission View: can read on DAG:example_display_name
[2025-12-12T07:25:58.336-0500] {logging_mixin.py:188} INFO - [2025-12-12T07:25:58.336-0500] {dag.py:3096} INFO - Sync 1 DAGs
[2025-12-12T07:25:58.339-0500] {logging_mixin.py:188} INFO - [2025-12-12T07:25:58.339-0500] {dag.py:3118} INFO - Creating ORM DAG for example_display_name
[2025-12-12T07:25:58.339-0500] {logging_mixin.py:188} INFO - [2025-12-12T07:25:58.339-0500] {dag.py:3954} INFO - Setting next_dagrun for example_display_name to None, run_after=None
[2025-12-12T07:25:58.363-0500] {processor.py:183} INFO - Processing /Users/evankrupa/airflow_project/env/lib/python3.11/site-packages/airflow/example_dags/example_display_name.py took 0.096 seconds
[2025-12-12T07:27:23.793-0500] {processor.py:161} INFO - Started process (PID=57508) to work on /Users/evankrupa/airflow_project/env/lib/python3.11/site-packages/airflow/example_dags/example_display_name.py
[2025-12-12T07:27:23.794-0500] {processor.py:830} INFO - Processing file /Users/evankrupa/airflow_project/env/lib/python3.11/site-packages/airflow/example_dags/example_display_name.py for tasks to queue
[2025-12-12T07:27:23.794-0500] {logging_mixin.py:188} INFO - [2025-12-12T07:27:23.794-0500] {dagbag.py:545} INFO - Filling up the DagBag from /Users/evankrupa/airflow_project/env/lib/python3.11/site-packages/airflow/example_dags/example_display_name.py
[2025-12-12T07:27:23.806-0500] {processor.py:840} INFO - DAG(s) 'example_display_name' retrieved from /Users/evankrupa/airflow_project/env/lib/python3.11/site-packages/airflow/example_dags/example_display_name.py
[2025-12-12T07:27:23.833-0500] {logging_mixin.py:188} INFO - [2025-12-12T07:27:23.833-0500] {dag.py:3096} INFO - Sync 1 DAGs
[2025-12-12T07:27:23.836-0500] {logging_mixin.py:188} INFO - [2025-12-12T07:27:23.836-0500] {dag.py:3954} INFO - Setting next_dagrun for example_display_name to None, run_after=None
[2025-12-12T07:27:23.841-0500] {processor.py:183} INFO - Processing /Users/evankrupa/airflow_project/env/lib/python3.11/site-packages/airflow/example_dags/example_display_name.py took 0.049 seconds
[2025-12-12T07:28:49.895-0500] {processor.py:161} INFO - Started process (PID=57762) to work on /Users/evankrupa/airflow_project/env/lib/python3.11/site-packages/airflow/example_dags/example_display_name.py
[2025-12-12T07:28:49.896-0500] {processor.py:830} INFO - Processing file /Users/evankrupa/airflow_project/env/lib/python3.11/site-packages/airflow/example_dags/example_display_name.py for tasks to queue
[2025-12-12T07:28:49.897-0500] {logging_mixin.py:188} INFO - [2025-12-12T07:28:49.897-0500] {dagbag.py:545} INFO - Filling up the DagBag from /Users/evankrupa/airflow_project/env/lib/python3.11/site-packages/airflow/example_dags/example_display_name.py
[2025-12-12T07:28:49.909-0500] {processor.py:840} INFO - DAG(s) 'example_display_name' retrieved from /Users/evankrupa/airflow_project/env/lib/python3.11/site-packages/airflow/example_dags/example_display_name.py
[2025-12-12T07:28:49.936-0500] {logging_mixin.py:188} INFO - [2025-12-12T07:28:49.936-0500] {dag.py:3096} INFO - Sync 1 DAGs
[2025-12-12T07:28:49.938-0500] {logging_mixin.py:188} INFO - [2025-12-12T07:28:49.938-0500] {dag.py:3954} INFO - Setting next_dagrun for example_display_name to None, run_after=None
[2025-12-12T07:28:49.944-0500] {processor.py:183} INFO - Processing /Users/evankrupa/airflow_project/env/lib/python3.11/site-packages/airflow/example_dags/example_display_name.py took 0.049 seconds
[2025-12-12T07:30:14.894-0500] {processor.py:161} INFO - Started process (PID=58002) to work on /Users/evankrupa/airflow_project/env/lib/python3.11/site-packages/airflow/example_dags/example_display_name.py
[2025-12-12T07:30:14.894-0500] {processor.py:830} INFO - Processing file /Users/evankrupa/airflow_project/env/lib/python3.11/site-packages/airflow/example_dags/example_display_name.py for tasks to queue
[2025-12-12T07:30:14.894-0500] {logging_mixin.py:188} INFO - [2025-12-12T07:30:14.894-0500] {dagbag.py:545} INFO - Filling up the DagBag from /Users/evankrupa/airflow_project/env/lib/python3.11/site-packages/airflow/example_dags/example_display_name.py
[2025-12-12T07:30:14.906-0500] {processor.py:840} INFO - DAG(s) 'example_display_name' retrieved from /Users/evankrupa/airflow_project/env/lib/python3.11/site-packages/airflow/example_dags/example_display_name.py
[2025-12-12T07:30:14.934-0500] {logging_mixin.py:188} INFO - [2025-12-12T07:30:14.934-0500] {dag.py:3096} INFO - Sync 1 DAGs
[2025-12-12T07:30:14.937-0500] {logging_mixin.py:188} INFO - [2025-12-12T07:30:14.937-0500] {dag.py:3954} INFO - Setting next_dagrun for example_display_name to None, run_after=None
[2025-12-12T07:30:14.942-0500] {processor.py:183} INFO - Processing /Users/evankrupa/airflow_project/env/lib/python3.11/site-packages/airflow/example_dags/example_display_name.py took 0.049 seconds
[2025-12-12T07:31:39.949-0500] {processor.py:161} INFO - Started process (PID=58336) to work on /Users/evankrupa/airflow_project/env/lib/python3.11/site-packages/airflow/example_dags/example_display_name.py
[2025-12-12T07:31:39.950-0500] {processor.py:830} INFO - Processing file /Users/evankrupa/airflow_project/env/lib/python3.11/site-packages/airflow/example_dags/example_display_name.py for tasks to queue
[2025-12-12T07:31:39.950-0500] {logging_mixin.py:188} INFO - [2025-12-12T07:31:39.950-0500] {dagbag.py:545} INFO - Filling up the DagBag from /Users/evankrupa/airflow_project/env/lib/python3.11/site-packages/airflow/example_dags/example_display_name.py
[2025-12-12T07:31:39.962-0500] {processor.py:840} INFO - DAG(s) 'example_display_name' retrieved from /Users/evankrupa/airflow_project/env/lib/python3.11/site-packages/airflow/example_dags/example_display_name.py
[2025-12-12T07:31:39.988-0500] {logging_mixin.py:188} INFO - [2025-12-12T07:31:39.988-0500] {dag.py:3096} INFO - Sync 1 DAGs
[2025-12-12T07:31:39.991-0500] {logging_mixin.py:188} INFO - [2025-12-12T07:31:39.991-0500] {dag.py:3954} INFO - Setting next_dagrun for example_display_name to None, run_after=None
[2025-12-12T07:31:39.996-0500] {processor.py:183} INFO - Processing /Users/evankrupa/airflow_project/env/lib/python3.11/site-packages/airflow/example_dags/example_display_name.py took 0.048 seconds
[2025-12-12T07:33:07.515-0500] {processor.py:161} INFO - Started process (PID=58437) to work on /Users/evankrupa/airflow_project/env/lib/python3.11/site-packages/airflow/example_dags/example_display_name.py
[2025-12-12T07:33:07.515-0500] {processor.py:830} INFO - Processing file /Users/evankrupa/airflow_project/env/lib/python3.11/site-packages/airflow/example_dags/example_display_name.py for tasks to queue
[2025-12-12T07:33:07.516-0500] {logging_mixin.py:188} INFO - [2025-12-12T07:33:07.516-0500] {dagbag.py:545} INFO - Filling up the DagBag from /Users/evankrupa/airflow_project/env/lib/python3.11/site-packages/airflow/example_dags/example_display_name.py
[2025-12-12T07:33:07.527-0500] {processor.py:840} INFO - DAG(s) 'example_display_name' retrieved from /Users/evankrupa/airflow_project/env/lib/python3.11/site-packages/airflow/example_dags/example_display_name.py
[2025-12-12T07:33:07.554-0500] {logging_mixin.py:188} INFO - [2025-12-12T07:33:07.554-0500] {dag.py:3096} INFO - Sync 1 DAGs
[2025-12-12T07:33:07.556-0500] {logging_mixin.py:188} INFO - [2025-12-12T07:33:07.556-0500] {dag.py:3954} INFO - Setting next_dagrun for example_display_name to None, run_after=None
[2025-12-12T07:33:07.562-0500] {processor.py:183} INFO - Processing /Users/evankrupa/airflow_project/env/lib/python3.11/site-packages/airflow/example_dags/example_display_name.py took 0.048 seconds
[2025-12-12T07:34:33.006-0500] {processor.py:161} INFO - Started process (PID=58515) to work on /Users/evankrupa/airflow_project/env/lib/python3.11/site-packages/airflow/example_dags/example_display_name.py
[2025-12-12T07:34:33.006-0500] {processor.py:830} INFO - Processing file /Users/evankrupa/airflow_project/env/lib/python3.11/site-packages/airflow/example_dags/example_display_name.py for tasks to queue
[2025-12-12T07:34:33.007-0500] {logging_mixin.py:188} INFO - [2025-12-12T07:34:33.007-0500] {dagbag.py:545} INFO - Filling up the DagBag from /Users/evankrupa/airflow_project/env/lib/python3.11/site-packages/airflow/example_dags/example_display_name.py
[2025-12-12T07:34:33.018-0500] {processor.py:840} INFO - DAG(s) 'example_display_name' retrieved from /Users/evankrupa/airflow_project/env/lib/python3.11/site-packages/airflow/example_dags/example_display_name.py
[2025-12-12T07:34:33.045-0500] {logging_mixin.py:188} INFO - [2025-12-12T07:34:33.045-0500] {dag.py:3096} INFO - Sync 1 DAGs
[2025-12-12T07:34:33.048-0500] {logging_mixin.py:188} INFO - [2025-12-12T07:34:33.048-0500] {dag.py:3954} INFO - Setting next_dagrun for example_display_name to None, run_after=None
[2025-12-12T07:34:33.053-0500] {processor.py:183} INFO - Processing /Users/evankrupa/airflow_project/env/lib/python3.11/site-packages/airflow/example_dags/example_display_name.py took 0.048 seconds
[2025-12-12T07:35:55.894-0500] {processor.py:161} INFO - Started process (PID=58588) to work on /Users/evankrupa/airflow_project/env/lib/python3.11/site-packages/airflow/example_dags/example_display_name.py
[2025-12-12T07:35:55.895-0500] {processor.py:830} INFO - Processing file /Users/evankrupa/airflow_project/env/lib/python3.11/site-packages/airflow/example_dags/example_display_name.py for tasks to queue
[2025-12-12T07:35:55.895-0500] {logging_mixin.py:188} INFO - [2025-12-12T07:35:55.895-0500] {dagbag.py:545} INFO - Filling up the DagBag from /Users/evankrupa/airflow_project/env/lib/python3.11/site-packages/airflow/example_dags/example_display_name.py
[2025-12-12T07:35:55.908-0500] {processor.py:840} INFO - DAG(s) 'example_display_name' retrieved from /Users/evankrupa/airflow_project/env/lib/python3.11/site-packages/airflow/example_dags/example_display_name.py
[2025-12-12T07:35:55.936-0500] {logging_mixin.py:188} INFO - [2025-12-12T07:35:55.936-0500] {dag.py:3096} INFO - Sync 1 DAGs
[2025-12-12T07:35:55.938-0500] {logging_mixin.py:188} INFO - [2025-12-12T07:35:55.938-0500] {dag.py:3954} INFO - Setting next_dagrun for example_display_name to None, run_after=None
[2025-12-12T07:35:55.944-0500] {processor.py:183} INFO - Processing /Users/evankrupa/airflow_project/env/lib/python3.11/site-packages/airflow/example_dags/example_display_name.py took 0.050 seconds
[2025-12-12T07:37:19.254-0500] {processor.py:161} INFO - Started process (PID=58656) to work on /Users/evankrupa/airflow_project/env/lib/python3.11/site-packages/airflow/example_dags/example_display_name.py
[2025-12-12T07:37:19.254-0500] {processor.py:830} INFO - Processing file /Users/evankrupa/airflow_project/env/lib/python3.11/site-packages/airflow/example_dags/example_display_name.py for tasks to queue
[2025-12-12T07:37:19.255-0500] {logging_mixin.py:188} INFO - [2025-12-12T07:37:19.255-0500] {dagbag.py:545} INFO - Filling up the DagBag from /Users/evankrupa/airflow_project/env/lib/python3.11/site-packages/airflow/example_dags/example_display_name.py
[2025-12-12T07:37:19.267-0500] {processor.py:840} INFO - DAG(s) 'example_display_name' retrieved from /Users/evankrupa/airflow_project/env/lib/python3.11/site-packages/airflow/example_dags/example_display_name.py
[2025-12-12T07:37:19.293-0500] {logging_mixin.py:188} INFO - [2025-12-12T07:37:19.293-0500] {dag.py:3096} INFO - Sync 1 DAGs
[2025-12-12T07:37:19.296-0500] {logging_mixin.py:188} INFO - [2025-12-12T07:37:19.296-0500] {dag.py:3954} INFO - Setting next_dagrun for example_display_name to None, run_after=None
[2025-12-12T07:37:19.301-0500] {processor.py:183} INFO - Processing /Users/evankrupa/airflow_project/env/lib/python3.11/site-packages/airflow/example_dags/example_display_name.py took 0.049 seconds
[2025-12-12T07:38:43.817-0500] {processor.py:161} INFO - Started process (PID=58737) to work on /Users/evankrupa/airflow_project/env/lib/python3.11/site-packages/airflow/example_dags/example_display_name.py
[2025-12-12T07:38:43.818-0500] {processor.py:830} INFO - Processing file /Users/evankrupa/airflow_project/env/lib/python3.11/site-packages/airflow/example_dags/example_display_name.py for tasks to queue
[2025-12-12T07:38:43.818-0500] {logging_mixin.py:188} INFO - [2025-12-12T07:38:43.818-0500] {dagbag.py:545} INFO - Filling up the DagBag from /Users/evankrupa/airflow_project/env/lib/python3.11/site-packages/airflow/example_dags/example_display_name.py
[2025-12-12T07:38:43.830-0500] {processor.py:840} INFO - DAG(s) 'example_display_name' retrieved from /Users/evankrupa/airflow_project/env/lib/python3.11/site-packages/airflow/example_dags/example_display_name.py
[2025-12-12T07:38:43.856-0500] {logging_mixin.py:188} INFO - [2025-12-12T07:38:43.856-0500] {dag.py:3096} INFO - Sync 1 DAGs
[2025-12-12T07:38:43.859-0500] {logging_mixin.py:188} INFO - [2025-12-12T07:38:43.859-0500] {dag.py:3954} INFO - Setting next_dagrun for example_display_name to None, run_after=None
[2025-12-12T07:38:43.864-0500] {processor.py:183} INFO - Processing /Users/evankrupa/airflow_project/env/lib/python3.11/site-packages/airflow/example_dags/example_display_name.py took 0.048 seconds
[2025-12-12T07:40:10.443-0500] {processor.py:161} INFO - Started process (PID=58861) to work on /Users/evankrupa/airflow_project/env/lib/python3.11/site-packages/airflow/example_dags/example_display_name.py
[2025-12-12T07:40:10.443-0500] {processor.py:830} INFO - Processing file /Users/evankrupa/airflow_project/env/lib/python3.11/site-packages/airflow/example_dags/example_display_name.py for tasks to queue
[2025-12-12T07:40:10.444-0500] {logging_mixin.py:188} INFO - [2025-12-12T07:40:10.444-0500] {dagbag.py:545} INFO - Filling up the DagBag from /Users/evankrupa/airflow_project/env/lib/python3.11/site-packages/airflow/example_dags/example_display_name.py
[2025-12-12T07:40:10.455-0500] {processor.py:840} INFO - DAG(s) 'example_display_name' retrieved from /Users/evankrupa/airflow_project/env/lib/python3.11/site-packages/airflow/example_dags/example_display_name.py
[2025-12-12T07:40:10.483-0500] {logging_mixin.py:188} INFO - [2025-12-12T07:40:10.483-0500] {dag.py:3096} INFO - Sync 1 DAGs
[2025-12-12T07:40:10.485-0500] {logging_mixin.py:188} INFO - [2025-12-12T07:40:10.485-0500] {dag.py:3954} INFO - Setting next_dagrun for example_display_name to None, run_after=None
[2025-12-12T07:40:10.491-0500] {processor.py:183} INFO - Processing /Users/evankrupa/airflow_project/env/lib/python3.11/site-packages/airflow/example_dags/example_display_name.py took 0.049 seconds
[2025-12-12T07:41:36.388-0500] {processor.py:161} INFO - Started process (PID=58955) to work on /Users/evankrupa/airflow_project/env/lib/python3.11/site-packages/airflow/example_dags/example_display_name.py
[2025-12-12T07:41:36.388-0500] {processor.py:830} INFO - Processing file /Users/evankrupa/airflow_project/env/lib/python3.11/site-packages/airflow/example_dags/example_display_name.py for tasks to queue
[2025-12-12T07:41:36.388-0500] {logging_mixin.py:188} INFO - [2025-12-12T07:41:36.388-0500] {dagbag.py:545} INFO - Filling up the DagBag from /Users/evankrupa/airflow_project/env/lib/python3.11/site-packages/airflow/example_dags/example_display_name.py
[2025-12-12T07:41:36.400-0500] {processor.py:840} INFO - DAG(s) 'example_display_name' retrieved from /Users/evankrupa/airflow_project/env/lib/python3.11/site-packages/airflow/example_dags/example_display_name.py
[2025-12-12T07:41:36.427-0500] {logging_mixin.py:188} INFO - [2025-12-12T07:41:36.427-0500] {dag.py:3096} INFO - Sync 1 DAGs
[2025-12-12T07:41:36.429-0500] {logging_mixin.py:188} INFO - [2025-12-12T07:41:36.429-0500] {dag.py:3954} INFO - Setting next_dagrun for example_display_name to None, run_after=None
[2025-12-12T07:41:36.435-0500] {processor.py:183} INFO - Processing /Users/evankrupa/airflow_project/env/lib/python3.11/site-packages/airflow/example_dags/example_display_name.py took 0.048 seconds
[2025-12-12T07:42:59.201-0500] {processor.py:161} INFO - Started process (PID=59116) to work on /Users/evankrupa/airflow_project/env/lib/python3.11/site-packages/airflow/example_dags/example_display_name.py
[2025-12-12T07:42:59.201-0500] {processor.py:830} INFO - Processing file /Users/evankrupa/airflow_project/env/lib/python3.11/site-packages/airflow/example_dags/example_display_name.py for tasks to queue
[2025-12-12T07:42:59.201-0500] {logging_mixin.py:188} INFO - [2025-12-12T07:42:59.201-0500] {dagbag.py:545} INFO - Filling up the DagBag from /Users/evankrupa/airflow_project/env/lib/python3.11/site-packages/airflow/example_dags/example_display_name.py
[2025-12-12T07:42:59.213-0500] {processor.py:840} INFO - DAG(s) 'example_display_name' retrieved from /Users/evankrupa/airflow_project/env/lib/python3.11/site-packages/airflow/example_dags/example_display_name.py
[2025-12-12T07:42:59.239-0500] {logging_mixin.py:188} INFO - [2025-12-12T07:42:59.239-0500] {dag.py:3096} INFO - Sync 1 DAGs
[2025-12-12T07:42:59.242-0500] {logging_mixin.py:188} INFO - [2025-12-12T07:42:59.242-0500] {dag.py:3954} INFO - Setting next_dagrun for example_display_name to None, run_after=None
[2025-12-12T07:42:59.247-0500] {processor.py:183} INFO - Processing /Users/evankrupa/airflow_project/env/lib/python3.11/site-packages/airflow/example_dags/example_display_name.py took 0.048 seconds
[2025-12-12T07:44:24.602-0500] {processor.py:161} INFO - Started process (PID=59203) to work on /Users/evankrupa/airflow_project/env/lib/python3.11/site-packages/airflow/example_dags/example_display_name.py
[2025-12-12T07:44:24.603-0500] {processor.py:830} INFO - Processing file /Users/evankrupa/airflow_project/env/lib/python3.11/site-packages/airflow/example_dags/example_display_name.py for tasks to queue
[2025-12-12T07:44:24.604-0500] {logging_mixin.py:188} INFO - [2025-12-12T07:44:24.603-0500] {dagbag.py:545} INFO - Filling up the DagBag from /Users/evankrupa/airflow_project/env/lib/python3.11/site-packages/airflow/example_dags/example_display_name.py
[2025-12-12T07:44:24.615-0500] {processor.py:840} INFO - DAG(s) 'example_display_name' retrieved from /Users/evankrupa/airflow_project/env/lib/python3.11/site-packages/airflow/example_dags/example_display_name.py
[2025-12-12T07:44:24.642-0500] {logging_mixin.py:188} INFO - [2025-12-12T07:44:24.641-0500] {dag.py:3096} INFO - Sync 1 DAGs
[2025-12-12T07:44:24.644-0500] {logging_mixin.py:188} INFO - [2025-12-12T07:44:24.644-0500] {dag.py:3954} INFO - Setting next_dagrun for example_display_name to None, run_after=None
[2025-12-12T07:44:24.650-0500] {processor.py:183} INFO - Processing /Users/evankrupa/airflow_project/env/lib/python3.11/site-packages/airflow/example_dags/example_display_name.py took 0.048 seconds
[2025-12-12T07:45:50.990-0500] {processor.py:161} INFO - Started process (PID=59284) to work on /Users/evankrupa/airflow_project/env/lib/python3.11/site-packages/airflow/example_dags/example_display_name.py
[2025-12-12T07:45:50.990-0500] {processor.py:830} INFO - Processing file /Users/evankrupa/airflow_project/env/lib/python3.11/site-packages/airflow/example_dags/example_display_name.py for tasks to queue
[2025-12-12T07:45:50.990-0500] {logging_mixin.py:188} INFO - [2025-12-12T07:45:50.990-0500] {dagbag.py:545} INFO - Filling up the DagBag from /Users/evankrupa/airflow_project/env/lib/python3.11/site-packages/airflow/example_dags/example_display_name.py
[2025-12-12T07:45:51.002-0500] {processor.py:840} INFO - DAG(s) 'example_display_name' retrieved from /Users/evankrupa/airflow_project/env/lib/python3.11/site-packages/airflow/example_dags/example_display_name.py
[2025-12-12T07:45:51.032-0500] {logging_mixin.py:188} INFO - [2025-12-12T07:45:51.032-0500] {dag.py:3096} INFO - Sync 1 DAGs
[2025-12-12T07:45:51.036-0500] {logging_mixin.py:188} INFO - [2025-12-12T07:45:51.036-0500] {dag.py:3954} INFO - Setting next_dagrun for example_display_name to None, run_after=None
[2025-12-12T07:45:51.041-0500] {processor.py:183} INFO - Processing /Users/evankrupa/airflow_project/env/lib/python3.11/site-packages/airflow/example_dags/example_display_name.py took 0.053 seconds
[2025-12-12T07:47:14.738-0500] {processor.py:161} INFO - Started process (PID=59362) to work on /Users/evankrupa/airflow_project/env/lib/python3.11/site-packages/airflow/example_dags/example_display_name.py
[2025-12-12T07:47:14.739-0500] {processor.py:830} INFO - Processing file /Users/evankrupa/airflow_project/env/lib/python3.11/site-packages/airflow/example_dags/example_display_name.py for tasks to queue
[2025-12-12T07:47:14.739-0500] {logging_mixin.py:188} INFO - [2025-12-12T07:47:14.739-0500] {dagbag.py:545} INFO - Filling up the DagBag from /Users/evankrupa/airflow_project/env/lib/python3.11/site-packages/airflow/example_dags/example_display_name.py
[2025-12-12T07:47:14.752-0500] {processor.py:840} INFO - DAG(s) 'example_display_name' retrieved from /Users/evankrupa/airflow_project/env/lib/python3.11/site-packages/airflow/example_dags/example_display_name.py
[2025-12-12T07:47:14.779-0500] {logging_mixin.py:188} INFO - [2025-12-12T07:47:14.779-0500] {dag.py:3096} INFO - Sync 1 DAGs
[2025-12-12T07:47:14.782-0500] {logging_mixin.py:188} INFO - [2025-12-12T07:47:14.782-0500] {dag.py:3954} INFO - Setting next_dagrun for example_display_name to None, run_after=None
[2025-12-12T07:47:14.788-0500] {processor.py:183} INFO - Processing /Users/evankrupa/airflow_project/env/lib/python3.11/site-packages/airflow/example_dags/example_display_name.py took 0.051 seconds
[2025-12-12T07:48:41.977-0500] {processor.py:161} INFO - Started process (PID=59477) to work on /Users/evankrupa/airflow_project/env/lib/python3.11/site-packages/airflow/example_dags/example_display_name.py
[2025-12-12T07:48:41.977-0500] {processor.py:830} INFO - Processing file /Users/evankrupa/airflow_project/env/lib/python3.11/site-packages/airflow/example_dags/example_display_name.py for tasks to queue
[2025-12-12T07:48:41.978-0500] {logging_mixin.py:188} INFO - [2025-12-12T07:48:41.978-0500] {dagbag.py:545} INFO - Filling up the DagBag from /Users/evankrupa/airflow_project/env/lib/python3.11/site-packages/airflow/example_dags/example_display_name.py
[2025-12-12T07:48:41.989-0500] {processor.py:840} INFO - DAG(s) 'example_display_name' retrieved from /Users/evankrupa/airflow_project/env/lib/python3.11/site-packages/airflow/example_dags/example_display_name.py
[2025-12-12T07:48:42.017-0500] {logging_mixin.py:188} INFO - [2025-12-12T07:48:42.017-0500] {dag.py:3096} INFO - Sync 1 DAGs
[2025-12-12T07:48:42.020-0500] {logging_mixin.py:188} INFO - [2025-12-12T07:48:42.020-0500] {dag.py:3954} INFO - Setting next_dagrun for example_display_name to None, run_after=None
[2025-12-12T07:48:42.025-0500] {processor.py:183} INFO - Processing /Users/evankrupa/airflow_project/env/lib/python3.11/site-packages/airflow/example_dags/example_display_name.py took 0.049 seconds
[2025-12-12T07:50:07.473-0500] {processor.py:161} INFO - Started process (PID=59554) to work on /Users/evankrupa/airflow_project/env/lib/python3.11/site-packages/airflow/example_dags/example_display_name.py
[2025-12-12T07:50:07.474-0500] {processor.py:830} INFO - Processing file /Users/evankrupa/airflow_project/env/lib/python3.11/site-packages/airflow/example_dags/example_display_name.py for tasks to queue
[2025-12-12T07:50:07.475-0500] {logging_mixin.py:188} INFO - [2025-12-12T07:50:07.475-0500] {dagbag.py:545} INFO - Filling up the DagBag from /Users/evankrupa/airflow_project/env/lib/python3.11/site-packages/airflow/example_dags/example_display_name.py
[2025-12-12T07:50:07.487-0500] {processor.py:840} INFO - DAG(s) 'example_display_name' retrieved from /Users/evankrupa/airflow_project/env/lib/python3.11/site-packages/airflow/example_dags/example_display_name.py
[2025-12-12T07:50:07.514-0500] {logging_mixin.py:188} INFO - [2025-12-12T07:50:07.514-0500] {dag.py:3096} INFO - Sync 1 DAGs
[2025-12-12T07:50:07.517-0500] {logging_mixin.py:188} INFO - [2025-12-12T07:50:07.517-0500] {dag.py:3954} INFO - Setting next_dagrun for example_display_name to None, run_after=None
[2025-12-12T07:50:07.522-0500] {processor.py:183} INFO - Processing /Users/evankrupa/airflow_project/env/lib/python3.11/site-packages/airflow/example_dags/example_display_name.py took 0.050 seconds
[2025-12-12T07:51:32.553-0500] {processor.py:161} INFO - Started process (PID=59621) to work on /Users/evankrupa/airflow_project/env/lib/python3.11/site-packages/airflow/example_dags/example_display_name.py
[2025-12-12T07:51:32.554-0500] {processor.py:830} INFO - Processing file /Users/evankrupa/airflow_project/env/lib/python3.11/site-packages/airflow/example_dags/example_display_name.py for tasks to queue
[2025-12-12T07:51:32.554-0500] {logging_mixin.py:188} INFO - [2025-12-12T07:51:32.554-0500] {dagbag.py:545} INFO - Filling up the DagBag from /Users/evankrupa/airflow_project/env/lib/python3.11/site-packages/airflow/example_dags/example_display_name.py
[2025-12-12T07:51:32.567-0500] {processor.py:840} INFO - DAG(s) 'example_display_name' retrieved from /Users/evankrupa/airflow_project/env/lib/python3.11/site-packages/airflow/example_dags/example_display_name.py
[2025-12-12T07:51:32.595-0500] {logging_mixin.py:188} INFO - [2025-12-12T07:51:32.595-0500] {dag.py:3096} INFO - Sync 1 DAGs
[2025-12-12T07:51:32.598-0500] {logging_mixin.py:188} INFO - [2025-12-12T07:51:32.598-0500] {dag.py:3954} INFO - Setting next_dagrun for example_display_name to None, run_after=None
[2025-12-12T07:51:32.603-0500] {processor.py:183} INFO - Processing /Users/evankrupa/airflow_project/env/lib/python3.11/site-packages/airflow/example_dags/example_display_name.py took 0.051 seconds
[2025-12-12T07:52:56.374-0500] {processor.py:161} INFO - Started process (PID=59700) to work on /Users/evankrupa/airflow_project/env/lib/python3.11/site-packages/airflow/example_dags/example_display_name.py
[2025-12-12T07:52:56.375-0500] {processor.py:830} INFO - Processing file /Users/evankrupa/airflow_project/env/lib/python3.11/site-packages/airflow/example_dags/example_display_name.py for tasks to queue
[2025-12-12T07:52:56.375-0500] {logging_mixin.py:188} INFO - [2025-12-12T07:52:56.375-0500] {dagbag.py:545} INFO - Filling up the DagBag from /Users/evankrupa/airflow_project/env/lib/python3.11/site-packages/airflow/example_dags/example_display_name.py
[2025-12-12T07:52:56.387-0500] {processor.py:840} INFO - DAG(s) 'example_display_name' retrieved from /Users/evankrupa/airflow_project/env/lib/python3.11/site-packages/airflow/example_dags/example_display_name.py
[2025-12-12T07:52:56.413-0500] {logging_mixin.py:188} INFO - [2025-12-12T07:52:56.413-0500] {dag.py:3096} INFO - Sync 1 DAGs
[2025-12-12T07:52:56.416-0500] {logging_mixin.py:188} INFO - [2025-12-12T07:52:56.416-0500] {dag.py:3954} INFO - Setting next_dagrun for example_display_name to None, run_after=None
[2025-12-12T07:52:56.421-0500] {processor.py:183} INFO - Processing /Users/evankrupa/airflow_project/env/lib/python3.11/site-packages/airflow/example_dags/example_display_name.py took 0.049 seconds
[2025-12-12T07:54:17.710-0500] {processor.py:161} INFO - Started process (PID=59775) to work on /Users/evankrupa/airflow_project/env/lib/python3.11/site-packages/airflow/example_dags/example_display_name.py
[2025-12-12T07:54:17.710-0500] {processor.py:830} INFO - Processing file /Users/evankrupa/airflow_project/env/lib/python3.11/site-packages/airflow/example_dags/example_display_name.py for tasks to queue
[2025-12-12T07:54:17.710-0500] {logging_mixin.py:188} INFO - [2025-12-12T07:54:17.710-0500] {dagbag.py:545} INFO - Filling up the DagBag from /Users/evankrupa/airflow_project/env/lib/python3.11/site-packages/airflow/example_dags/example_display_name.py
[2025-12-12T07:54:17.722-0500] {processor.py:840} INFO - DAG(s) 'example_display_name' retrieved from /Users/evankrupa/airflow_project/env/lib/python3.11/site-packages/airflow/example_dags/example_display_name.py
[2025-12-12T07:54:17.749-0500] {logging_mixin.py:188} INFO - [2025-12-12T07:54:17.749-0500] {dag.py:3096} INFO - Sync 1 DAGs
[2025-12-12T07:54:17.751-0500] {logging_mixin.py:188} INFO - [2025-12-12T07:54:17.751-0500] {dag.py:3954} INFO - Setting next_dagrun for example_display_name to None, run_after=None
[2025-12-12T07:54:17.757-0500] {processor.py:183} INFO - Processing /Users/evankrupa/airflow_project/env/lib/python3.11/site-packages/airflow/example_dags/example_display_name.py took 0.048 seconds
[2025-12-12T07:55:44.078-0500] {processor.py:161} INFO - Started process (PID=59862) to work on /Users/evankrupa/airflow_project/env/lib/python3.11/site-packages/airflow/example_dags/example_display_name.py
[2025-12-12T07:55:44.079-0500] {processor.py:830} INFO - Processing file /Users/evankrupa/airflow_project/env/lib/python3.11/site-packages/airflow/example_dags/example_display_name.py for tasks to queue
[2025-12-12T07:55:44.079-0500] {logging_mixin.py:188} INFO - [2025-12-12T07:55:44.079-0500] {dagbag.py:545} INFO - Filling up the DagBag from /Users/evankrupa/airflow_project/env/lib/python3.11/site-packages/airflow/example_dags/example_display_name.py
[2025-12-12T07:55:44.091-0500] {processor.py:840} INFO - DAG(s) 'example_display_name' retrieved from /Users/evankrupa/airflow_project/env/lib/python3.11/site-packages/airflow/example_dags/example_display_name.py
[2025-12-12T07:55:44.117-0500] {logging_mixin.py:188} INFO - [2025-12-12T07:55:44.117-0500] {dag.py:3096} INFO - Sync 1 DAGs
[2025-12-12T07:55:44.120-0500] {logging_mixin.py:188} INFO - [2025-12-12T07:55:44.120-0500] {dag.py:3954} INFO - Setting next_dagrun for example_display_name to None, run_after=None
[2025-12-12T07:55:44.125-0500] {processor.py:183} INFO - Processing /Users/evankrupa/airflow_project/env/lib/python3.11/site-packages/airflow/example_dags/example_display_name.py took 0.048 seconds
[2025-12-12T07:57:07.886-0500] {processor.py:161} INFO - Started process (PID=59929) to work on /Users/evankrupa/airflow_project/env/lib/python3.11/site-packages/airflow/example_dags/example_display_name.py
[2025-12-12T07:57:07.887-0500] {processor.py:830} INFO - Processing file /Users/evankrupa/airflow_project/env/lib/python3.11/site-packages/airflow/example_dags/example_display_name.py for tasks to queue
[2025-12-12T07:57:07.887-0500] {logging_mixin.py:188} INFO - [2025-12-12T07:57:07.887-0500] {dagbag.py:545} INFO - Filling up the DagBag from /Users/evankrupa/airflow_project/env/lib/python3.11/site-packages/airflow/example_dags/example_display_name.py
[2025-12-12T07:57:07.899-0500] {processor.py:840} INFO - DAG(s) 'example_display_name' retrieved from /Users/evankrupa/airflow_project/env/lib/python3.11/site-packages/airflow/example_dags/example_display_name.py
[2025-12-12T07:57:07.926-0500] {logging_mixin.py:188} INFO - [2025-12-12T07:57:07.926-0500] {dag.py:3096} INFO - Sync 1 DAGs
[2025-12-12T07:57:07.929-0500] {logging_mixin.py:188} INFO - [2025-12-12T07:57:07.929-0500] {dag.py:3954} INFO - Setting next_dagrun for example_display_name to None, run_after=None
[2025-12-12T07:57:07.934-0500] {processor.py:183} INFO - Processing /Users/evankrupa/airflow_project/env/lib/python3.11/site-packages/airflow/example_dags/example_display_name.py took 0.049 seconds
[2025-12-12T07:58:31.699-0500] {processor.py:161} INFO - Started process (PID=61191) to work on /Users/evankrupa/airflow_project/env/lib/python3.11/site-packages/airflow/example_dags/example_display_name.py
[2025-12-12T07:58:31.700-0500] {processor.py:830} INFO - Processing file /Users/evankrupa/airflow_project/env/lib/python3.11/site-packages/airflow/example_dags/example_display_name.py for tasks to queue
[2025-12-12T07:58:31.700-0500] {logging_mixin.py:188} INFO - [2025-12-12T07:58:31.700-0500] {dagbag.py:545} INFO - Filling up the DagBag from /Users/evankrupa/airflow_project/env/lib/python3.11/site-packages/airflow/example_dags/example_display_name.py
[2025-12-12T07:58:31.712-0500] {processor.py:840} INFO - DAG(s) 'example_display_name' retrieved from /Users/evankrupa/airflow_project/env/lib/python3.11/site-packages/airflow/example_dags/example_display_name.py
[2025-12-12T07:58:31.739-0500] {logging_mixin.py:188} INFO - [2025-12-12T07:58:31.739-0500] {dag.py:3096} INFO - Sync 1 DAGs
[2025-12-12T07:58:31.741-0500] {logging_mixin.py:188} INFO - [2025-12-12T07:58:31.741-0500] {dag.py:3954} INFO - Setting next_dagrun for example_display_name to None, run_after=None
[2025-12-12T07:58:31.747-0500] {processor.py:183} INFO - Processing /Users/evankrupa/airflow_project/env/lib/python3.11/site-packages/airflow/example_dags/example_display_name.py took 0.049 seconds
[2025-12-12T07:59:59.749-0500] {processor.py:161} INFO - Started process (PID=62738) to work on /Users/evankrupa/airflow_project/env/lib/python3.11/site-packages/airflow/example_dags/example_display_name.py
[2025-12-12T07:59:59.750-0500] {processor.py:830} INFO - Processing file /Users/evankrupa/airflow_project/env/lib/python3.11/site-packages/airflow/example_dags/example_display_name.py for tasks to queue
[2025-12-12T07:59:59.751-0500] {logging_mixin.py:188} INFO - [2025-12-12T07:59:59.751-0500] {dagbag.py:545} INFO - Filling up the DagBag from /Users/evankrupa/airflow_project/env/lib/python3.11/site-packages/airflow/example_dags/example_display_name.py
[2025-12-12T07:59:59.762-0500] {processor.py:840} INFO - DAG(s) 'example_display_name' retrieved from /Users/evankrupa/airflow_project/env/lib/python3.11/site-packages/airflow/example_dags/example_display_name.py
[2025-12-12T07:59:59.790-0500] {logging_mixin.py:188} INFO - [2025-12-12T07:59:59.789-0500] {dag.py:3096} INFO - Sync 1 DAGs
[2025-12-12T07:59:59.792-0500] {logging_mixin.py:188} INFO - [2025-12-12T07:59:59.792-0500] {dag.py:3954} INFO - Setting next_dagrun for example_display_name to None, run_after=None
[2025-12-12T07:59:59.798-0500] {processor.py:183} INFO - Processing /Users/evankrupa/airflow_project/env/lib/python3.11/site-packages/airflow/example_dags/example_display_name.py took 0.049 seconds
[2025-12-12T08:01:19.610-0500] {processor.py:161} INFO - Started process (PID=62806) to work on /Users/evankrupa/airflow_project/env/lib/python3.11/site-packages/airflow/example_dags/example_display_name.py
[2025-12-12T08:01:19.612-0500] {processor.py:830} INFO - Processing file /Users/evankrupa/airflow_project/env/lib/python3.11/site-packages/airflow/example_dags/example_display_name.py for tasks to queue
[2025-12-12T08:01:19.612-0500] {logging_mixin.py:188} INFO - [2025-12-12T08:01:19.612-0500] {dagbag.py:545} INFO - Filling up the DagBag from /Users/evankrupa/airflow_project/env/lib/python3.11/site-packages/airflow/example_dags/example_display_name.py
[2025-12-12T08:01:19.624-0500] {processor.py:840} INFO - DAG(s) 'example_display_name' retrieved from /Users/evankrupa/airflow_project/env/lib/python3.11/site-packages/airflow/example_dags/example_display_name.py
[2025-12-12T08:01:19.651-0500] {logging_mixin.py:188} INFO - [2025-12-12T08:01:19.651-0500] {dag.py:3096} INFO - Sync 1 DAGs
[2025-12-12T08:01:19.653-0500] {logging_mixin.py:188} INFO - [2025-12-12T08:01:19.653-0500] {dag.py:3954} INFO - Setting next_dagrun for example_display_name to None, run_after=None
[2025-12-12T08:01:19.659-0500] {processor.py:183} INFO - Processing /Users/evankrupa/airflow_project/env/lib/python3.11/site-packages/airflow/example_dags/example_display_name.py took 0.049 seconds
[2025-12-12T08:02:45.431-0500] {processor.py:161} INFO - Started process (PID=62873) to work on /Users/evankrupa/airflow_project/env/lib/python3.11/site-packages/airflow/example_dags/example_display_name.py
[2025-12-12T08:02:45.432-0500] {processor.py:830} INFO - Processing file /Users/evankrupa/airflow_project/env/lib/python3.11/site-packages/airflow/example_dags/example_display_name.py for tasks to queue
[2025-12-12T08:02:45.432-0500] {logging_mixin.py:188} INFO - [2025-12-12T08:02:45.432-0500] {dagbag.py:545} INFO - Filling up the DagBag from /Users/evankrupa/airflow_project/env/lib/python3.11/site-packages/airflow/example_dags/example_display_name.py
[2025-12-12T08:02:45.444-0500] {processor.py:840} INFO - DAG(s) 'example_display_name' retrieved from /Users/evankrupa/airflow_project/env/lib/python3.11/site-packages/airflow/example_dags/example_display_name.py
[2025-12-12T08:02:45.471-0500] {logging_mixin.py:188} INFO - [2025-12-12T08:02:45.471-0500] {dag.py:3096} INFO - Sync 1 DAGs
[2025-12-12T08:02:45.474-0500] {logging_mixin.py:188} INFO - [2025-12-12T08:02:45.474-0500] {dag.py:3954} INFO - Setting next_dagrun for example_display_name to None, run_after=None
[2025-12-12T08:02:45.479-0500] {processor.py:183} INFO - Processing /Users/evankrupa/airflow_project/env/lib/python3.11/site-packages/airflow/example_dags/example_display_name.py took 0.049 seconds
[2025-12-12T08:04:11.301-0500] {processor.py:161} INFO - Started process (PID=62962) to work on /Users/evankrupa/airflow_project/env/lib/python3.11/site-packages/airflow/example_dags/example_display_name.py
[2025-12-12T08:04:11.302-0500] {processor.py:830} INFO - Processing file /Users/evankrupa/airflow_project/env/lib/python3.11/site-packages/airflow/example_dags/example_display_name.py for tasks to queue
[2025-12-12T08:04:11.302-0500] {logging_mixin.py:188} INFO - [2025-12-12T08:04:11.302-0500] {dagbag.py:545} INFO - Filling up the DagBag from /Users/evankrupa/airflow_project/env/lib/python3.11/site-packages/airflow/example_dags/example_display_name.py
[2025-12-12T08:04:11.315-0500] {processor.py:840} INFO - DAG(s) 'example_display_name' retrieved from /Users/evankrupa/airflow_project/env/lib/python3.11/site-packages/airflow/example_dags/example_display_name.py
[2025-12-12T08:04:11.342-0500] {logging_mixin.py:188} INFO - [2025-12-12T08:04:11.342-0500] {dag.py:3096} INFO - Sync 1 DAGs
[2025-12-12T08:04:11.345-0500] {logging_mixin.py:188} INFO - [2025-12-12T08:04:11.345-0500] {dag.py:3954} INFO - Setting next_dagrun for example_display_name to None, run_after=None
[2025-12-12T08:04:11.350-0500] {processor.py:183} INFO - Processing /Users/evankrupa/airflow_project/env/lib/python3.11/site-packages/airflow/example_dags/example_display_name.py took 0.050 seconds
[2025-12-12T08:05:33.654-0500] {processor.py:161} INFO - Started process (PID=63094) to work on /Users/evankrupa/airflow_project/env/lib/python3.11/site-packages/airflow/example_dags/example_display_name.py
[2025-12-12T08:05:33.656-0500] {processor.py:830} INFO - Processing file /Users/evankrupa/airflow_project/env/lib/python3.11/site-packages/airflow/example_dags/example_display_name.py for tasks to queue
[2025-12-12T08:05:33.656-0500] {logging_mixin.py:188} INFO - [2025-12-12T08:05:33.656-0500] {dagbag.py:545} INFO - Filling up the DagBag from /Users/evankrupa/airflow_project/env/lib/python3.11/site-packages/airflow/example_dags/example_display_name.py
[2025-12-12T08:05:33.668-0500] {processor.py:840} INFO - DAG(s) 'example_display_name' retrieved from /Users/evankrupa/airflow_project/env/lib/python3.11/site-packages/airflow/example_dags/example_display_name.py
[2025-12-12T08:05:33.694-0500] {logging_mixin.py:188} INFO - [2025-12-12T08:05:33.694-0500] {dag.py:3096} INFO - Sync 1 DAGs
[2025-12-12T08:05:33.697-0500] {logging_mixin.py:188} INFO - [2025-12-12T08:05:33.697-0500] {dag.py:3954} INFO - Setting next_dagrun for example_display_name to None, run_after=None
[2025-12-12T08:05:33.702-0500] {processor.py:183} INFO - Processing /Users/evankrupa/airflow_project/env/lib/python3.11/site-packages/airflow/example_dags/example_display_name.py took 0.049 seconds
[2025-12-12T08:07:01.161-0500] {processor.py:161} INFO - Started process (PID=63590) to work on /Users/evankrupa/airflow_project/env/lib/python3.11/site-packages/airflow/example_dags/example_display_name.py
[2025-12-12T08:07:01.162-0500] {processor.py:830} INFO - Processing file /Users/evankrupa/airflow_project/env/lib/python3.11/site-packages/airflow/example_dags/example_display_name.py for tasks to queue
[2025-12-12T08:07:01.162-0500] {logging_mixin.py:188} INFO - [2025-12-12T08:07:01.162-0500] {dagbag.py:545} INFO - Filling up the DagBag from /Users/evankrupa/airflow_project/env/lib/python3.11/site-packages/airflow/example_dags/example_display_name.py
[2025-12-12T08:07:01.175-0500] {processor.py:840} INFO - DAG(s) 'example_display_name' retrieved from /Users/evankrupa/airflow_project/env/lib/python3.11/site-packages/airflow/example_dags/example_display_name.py
[2025-12-12T08:07:01.204-0500] {logging_mixin.py:188} INFO - [2025-12-12T08:07:01.204-0500] {dag.py:3096} INFO - Sync 1 DAGs
[2025-12-12T08:07:01.207-0500] {logging_mixin.py:188} INFO - [2025-12-12T08:07:01.207-0500] {dag.py:3954} INFO - Setting next_dagrun for example_display_name to None, run_after=None
[2025-12-12T08:07:01.214-0500] {processor.py:183} INFO - Processing /Users/evankrupa/airflow_project/env/lib/python3.11/site-packages/airflow/example_dags/example_display_name.py took 0.054 seconds
[2025-12-12T08:08:30.473-0500] {processor.py:161} INFO - Started process (PID=63693) to work on /Users/evankrupa/airflow_project/env/lib/python3.11/site-packages/airflow/example_dags/example_display_name.py
[2025-12-12T08:08:30.474-0500] {processor.py:830} INFO - Processing file /Users/evankrupa/airflow_project/env/lib/python3.11/site-packages/airflow/example_dags/example_display_name.py for tasks to queue
[2025-12-12T08:08:30.474-0500] {logging_mixin.py:188} INFO - [2025-12-12T08:08:30.474-0500] {dagbag.py:545} INFO - Filling up the DagBag from /Users/evankrupa/airflow_project/env/lib/python3.11/site-packages/airflow/example_dags/example_display_name.py
[2025-12-12T08:08:30.486-0500] {processor.py:840} INFO - DAG(s) 'example_display_name' retrieved from /Users/evankrupa/airflow_project/env/lib/python3.11/site-packages/airflow/example_dags/example_display_name.py
[2025-12-12T08:08:30.513-0500] {logging_mixin.py:188} INFO - [2025-12-12T08:08:30.513-0500] {dag.py:3096} INFO - Sync 1 DAGs
[2025-12-12T08:08:30.516-0500] {logging_mixin.py:188} INFO - [2025-12-12T08:08:30.516-0500] {dag.py:3954} INFO - Setting next_dagrun for example_display_name to None, run_after=None
[2025-12-12T08:08:30.521-0500] {processor.py:183} INFO - Processing /Users/evankrupa/airflow_project/env/lib/python3.11/site-packages/airflow/example_dags/example_display_name.py took 0.050 seconds
[2025-12-12T08:09:55.106-0500] {processor.py:161} INFO - Started process (PID=63762) to work on /Users/evankrupa/airflow_project/env/lib/python3.11/site-packages/airflow/example_dags/example_display_name.py
[2025-12-12T08:09:55.107-0500] {processor.py:830} INFO - Processing file /Users/evankrupa/airflow_project/env/lib/python3.11/site-packages/airflow/example_dags/example_display_name.py for tasks to queue
[2025-12-12T08:09:55.108-0500] {logging_mixin.py:188} INFO - [2025-12-12T08:09:55.108-0500] {dagbag.py:545} INFO - Filling up the DagBag from /Users/evankrupa/airflow_project/env/lib/python3.11/site-packages/airflow/example_dags/example_display_name.py
[2025-12-12T08:09:55.119-0500] {processor.py:840} INFO - DAG(s) 'example_display_name' retrieved from /Users/evankrupa/airflow_project/env/lib/python3.11/site-packages/airflow/example_dags/example_display_name.py
[2025-12-12T08:09:55.146-0500] {logging_mixin.py:188} INFO - [2025-12-12T08:09:55.146-0500] {dag.py:3096} INFO - Sync 1 DAGs
[2025-12-12T08:09:55.149-0500] {logging_mixin.py:188} INFO - [2025-12-12T08:09:55.149-0500] {dag.py:3954} INFO - Setting next_dagrun for example_display_name to None, run_after=None
[2025-12-12T08:09:55.154-0500] {processor.py:183} INFO - Processing /Users/evankrupa/airflow_project/env/lib/python3.11/site-packages/airflow/example_dags/example_display_name.py took 0.049 seconds
[2025-12-12T08:11:23.162-0500] {processor.py:161} INFO - Started process (PID=63831) to work on /Users/evankrupa/airflow_project/env/lib/python3.11/site-packages/airflow/example_dags/example_display_name.py
[2025-12-12T08:11:23.163-0500] {processor.py:830} INFO - Processing file /Users/evankrupa/airflow_project/env/lib/python3.11/site-packages/airflow/example_dags/example_display_name.py for tasks to queue
[2025-12-12T08:11:23.163-0500] {logging_mixin.py:188} INFO - [2025-12-12T08:11:23.163-0500] {dagbag.py:545} INFO - Filling up the DagBag from /Users/evankrupa/airflow_project/env/lib/python3.11/site-packages/airflow/example_dags/example_display_name.py
[2025-12-12T08:11:23.175-0500] {processor.py:840} INFO - DAG(s) 'example_display_name' retrieved from /Users/evankrupa/airflow_project/env/lib/python3.11/site-packages/airflow/example_dags/example_display_name.py
[2025-12-12T08:11:23.204-0500] {logging_mixin.py:188} INFO - [2025-12-12T08:11:23.204-0500] {dag.py:3096} INFO - Sync 1 DAGs
[2025-12-12T08:11:23.207-0500] {logging_mixin.py:188} INFO - [2025-12-12T08:11:23.207-0500] {dag.py:3954} INFO - Setting next_dagrun for example_display_name to None, run_after=None
[2025-12-12T08:11:23.214-0500] {processor.py:183} INFO - Processing /Users/evankrupa/airflow_project/env/lib/python3.11/site-packages/airflow/example_dags/example_display_name.py took 0.053 seconds
[2025-12-12T08:12:49.327-0500] {processor.py:161} INFO - Started process (PID=63898) to work on /Users/evankrupa/airflow_project/env/lib/python3.11/site-packages/airflow/example_dags/example_display_name.py
[2025-12-12T08:12:49.329-0500] {processor.py:830} INFO - Processing file /Users/evankrupa/airflow_project/env/lib/python3.11/site-packages/airflow/example_dags/example_display_name.py for tasks to queue
[2025-12-12T08:12:49.329-0500] {logging_mixin.py:188} INFO - [2025-12-12T08:12:49.329-0500] {dagbag.py:545} INFO - Filling up the DagBag from /Users/evankrupa/airflow_project/env/lib/python3.11/site-packages/airflow/example_dags/example_display_name.py
[2025-12-12T08:12:49.341-0500] {processor.py:840} INFO - DAG(s) 'example_display_name' retrieved from /Users/evankrupa/airflow_project/env/lib/python3.11/site-packages/airflow/example_dags/example_display_name.py
[2025-12-12T08:12:49.368-0500] {logging_mixin.py:188} INFO - [2025-12-12T08:12:49.368-0500] {dag.py:3096} INFO - Sync 1 DAGs
[2025-12-12T08:12:49.371-0500] {logging_mixin.py:188} INFO - [2025-12-12T08:12:49.371-0500] {dag.py:3954} INFO - Setting next_dagrun for example_display_name to None, run_after=None
[2025-12-12T08:12:49.376-0500] {processor.py:183} INFO - Processing /Users/evankrupa/airflow_project/env/lib/python3.11/site-packages/airflow/example_dags/example_display_name.py took 0.050 seconds
[2025-12-12T08:14:10.964-0500] {processor.py:161} INFO - Started process (PID=63963) to work on /Users/evankrupa/airflow_project/env/lib/python3.11/site-packages/airflow/example_dags/example_display_name.py
[2025-12-12T08:14:10.965-0500] {processor.py:830} INFO - Processing file /Users/evankrupa/airflow_project/env/lib/python3.11/site-packages/airflow/example_dags/example_display_name.py for tasks to queue
[2025-12-12T08:14:10.966-0500] {logging_mixin.py:188} INFO - [2025-12-12T08:14:10.965-0500] {dagbag.py:545} INFO - Filling up the DagBag from /Users/evankrupa/airflow_project/env/lib/python3.11/site-packages/airflow/example_dags/example_display_name.py
[2025-12-12T08:14:10.978-0500] {processor.py:840} INFO - DAG(s) 'example_display_name' retrieved from /Users/evankrupa/airflow_project/env/lib/python3.11/site-packages/airflow/example_dags/example_display_name.py
[2025-12-12T08:14:11.007-0500] {logging_mixin.py:188} INFO - [2025-12-12T08:14:11.007-0500] {dag.py:3096} INFO - Sync 1 DAGs
[2025-12-12T08:14:11.010-0500] {logging_mixin.py:188} INFO - [2025-12-12T08:14:11.010-0500] {dag.py:3954} INFO - Setting next_dagrun for example_display_name to None, run_after=None
[2025-12-12T08:14:11.015-0500] {processor.py:183} INFO - Processing /Users/evankrupa/airflow_project/env/lib/python3.11/site-packages/airflow/example_dags/example_display_name.py took 0.052 seconds
[2025-12-12T08:15:33.326-0500] {processor.py:161} INFO - Started process (PID=64038) to work on /Users/evankrupa/airflow_project/env/lib/python3.11/site-packages/airflow/example_dags/example_display_name.py
[2025-12-12T08:15:33.328-0500] {processor.py:830} INFO - Processing file /Users/evankrupa/airflow_project/env/lib/python3.11/site-packages/airflow/example_dags/example_display_name.py for tasks to queue
[2025-12-12T08:15:33.328-0500] {logging_mixin.py:188} INFO - [2025-12-12T08:15:33.328-0500] {dagbag.py:545} INFO - Filling up the DagBag from /Users/evankrupa/airflow_project/env/lib/python3.11/site-packages/airflow/example_dags/example_display_name.py
[2025-12-12T08:15:33.339-0500] {processor.py:840} INFO - DAG(s) 'example_display_name' retrieved from /Users/evankrupa/airflow_project/env/lib/python3.11/site-packages/airflow/example_dags/example_display_name.py
[2025-12-12T08:15:33.366-0500] {logging_mixin.py:188} INFO - [2025-12-12T08:15:33.366-0500] {dag.py:3096} INFO - Sync 1 DAGs
[2025-12-12T08:15:33.369-0500] {logging_mixin.py:188} INFO - [2025-12-12T08:15:33.369-0500] {dag.py:3954} INFO - Setting next_dagrun for example_display_name to None, run_after=None
[2025-12-12T08:15:33.374-0500] {processor.py:183} INFO - Processing /Users/evankrupa/airflow_project/env/lib/python3.11/site-packages/airflow/example_dags/example_display_name.py took 0.050 seconds
[2025-12-12T08:16:57.746-0500] {processor.py:161} INFO - Started process (PID=64106) to work on /Users/evankrupa/airflow_project/env/lib/python3.11/site-packages/airflow/example_dags/example_display_name.py
[2025-12-12T08:16:57.747-0500] {processor.py:830} INFO - Processing file /Users/evankrupa/airflow_project/env/lib/python3.11/site-packages/airflow/example_dags/example_display_name.py for tasks to queue
[2025-12-12T08:16:57.747-0500] {logging_mixin.py:188} INFO - [2025-12-12T08:16:57.747-0500] {dagbag.py:545} INFO - Filling up the DagBag from /Users/evankrupa/airflow_project/env/lib/python3.11/site-packages/airflow/example_dags/example_display_name.py
[2025-12-12T08:16:57.759-0500] {processor.py:840} INFO - DAG(s) 'example_display_name' retrieved from /Users/evankrupa/airflow_project/env/lib/python3.11/site-packages/airflow/example_dags/example_display_name.py
[2025-12-12T08:16:57.787-0500] {logging_mixin.py:188} INFO - [2025-12-12T08:16:57.786-0500] {dag.py:3096} INFO - Sync 1 DAGs
[2025-12-12T08:16:57.790-0500] {logging_mixin.py:188} INFO - [2025-12-12T08:16:57.790-0500] {dag.py:3954} INFO - Setting next_dagrun for example_display_name to None, run_after=None
[2025-12-12T08:16:57.796-0500] {processor.py:183} INFO - Processing /Users/evankrupa/airflow_project/env/lib/python3.11/site-packages/airflow/example_dags/example_display_name.py took 0.050 seconds
[2025-12-12T08:18:22.290-0500] {processor.py:161} INFO - Started process (PID=64174) to work on /Users/evankrupa/airflow_project/env/lib/python3.11/site-packages/airflow/example_dags/example_display_name.py
[2025-12-12T08:18:22.291-0500] {processor.py:830} INFO - Processing file /Users/evankrupa/airflow_project/env/lib/python3.11/site-packages/airflow/example_dags/example_display_name.py for tasks to queue
[2025-12-12T08:18:22.292-0500] {logging_mixin.py:188} INFO - [2025-12-12T08:18:22.292-0500] {dagbag.py:545} INFO - Filling up the DagBag from /Users/evankrupa/airflow_project/env/lib/python3.11/site-packages/airflow/example_dags/example_display_name.py
[2025-12-12T08:18:22.303-0500] {processor.py:840} INFO - DAG(s) 'example_display_name' retrieved from /Users/evankrupa/airflow_project/env/lib/python3.11/site-packages/airflow/example_dags/example_display_name.py
[2025-12-12T08:18:22.330-0500] {logging_mixin.py:188} INFO - [2025-12-12T08:18:22.330-0500] {dag.py:3096} INFO - Sync 1 DAGs
[2025-12-12T08:18:22.332-0500] {logging_mixin.py:188} INFO - [2025-12-12T08:18:22.332-0500] {dag.py:3954} INFO - Setting next_dagrun for example_display_name to None, run_after=None
[2025-12-12T08:18:22.337-0500] {processor.py:183} INFO - Processing /Users/evankrupa/airflow_project/env/lib/python3.11/site-packages/airflow/example_dags/example_display_name.py took 0.048 seconds
[2025-12-12T08:19:45.821-0500] {processor.py:161} INFO - Started process (PID=64240) to work on /Users/evankrupa/airflow_project/env/lib/python3.11/site-packages/airflow/example_dags/example_display_name.py
[2025-12-12T08:19:45.821-0500] {processor.py:830} INFO - Processing file /Users/evankrupa/airflow_project/env/lib/python3.11/site-packages/airflow/example_dags/example_display_name.py for tasks to queue
[2025-12-12T08:19:45.822-0500] {logging_mixin.py:188} INFO - [2025-12-12T08:19:45.822-0500] {dagbag.py:545} INFO - Filling up the DagBag from /Users/evankrupa/airflow_project/env/lib/python3.11/site-packages/airflow/example_dags/example_display_name.py
[2025-12-12T08:19:45.835-0500] {processor.py:840} INFO - DAG(s) 'example_display_name' retrieved from /Users/evankrupa/airflow_project/env/lib/python3.11/site-packages/airflow/example_dags/example_display_name.py
[2025-12-12T08:19:45.863-0500] {logging_mixin.py:188} INFO - [2025-12-12T08:19:45.863-0500] {dag.py:3096} INFO - Sync 1 DAGs
[2025-12-12T08:19:45.866-0500] {logging_mixin.py:188} INFO - [2025-12-12T08:19:45.866-0500] {dag.py:3954} INFO - Setting next_dagrun for example_display_name to None, run_after=None
[2025-12-12T08:19:45.872-0500] {processor.py:183} INFO - Processing /Users/evankrupa/airflow_project/env/lib/python3.11/site-packages/airflow/example_dags/example_display_name.py took 0.052 seconds
[2025-12-12T08:21:10.347-0500] {processor.py:161} INFO - Started process (PID=64308) to work on /Users/evankrupa/airflow_project/env/lib/python3.11/site-packages/airflow/example_dags/example_display_name.py
[2025-12-12T08:21:10.348-0500] {processor.py:830} INFO - Processing file /Users/evankrupa/airflow_project/env/lib/python3.11/site-packages/airflow/example_dags/example_display_name.py for tasks to queue
[2025-12-12T08:21:10.348-0500] {logging_mixin.py:188} INFO - [2025-12-12T08:21:10.348-0500] {dagbag.py:545} INFO - Filling up the DagBag from /Users/evankrupa/airflow_project/env/lib/python3.11/site-packages/airflow/example_dags/example_display_name.py
[2025-12-12T08:21:10.360-0500] {processor.py:840} INFO - DAG(s) 'example_display_name' retrieved from /Users/evankrupa/airflow_project/env/lib/python3.11/site-packages/airflow/example_dags/example_display_name.py
[2025-12-12T08:21:10.388-0500] {logging_mixin.py:188} INFO - [2025-12-12T08:21:10.388-0500] {dag.py:3096} INFO - Sync 1 DAGs
[2025-12-12T08:21:10.391-0500] {logging_mixin.py:188} INFO - [2025-12-12T08:21:10.391-0500] {dag.py:3954} INFO - Setting next_dagrun for example_display_name to None, run_after=None
[2025-12-12T08:21:10.396-0500] {processor.py:183} INFO - Processing /Users/evankrupa/airflow_project/env/lib/python3.11/site-packages/airflow/example_dags/example_display_name.py took 0.050 seconds
[2025-12-12T08:22:33.018-0500] {processor.py:161} INFO - Started process (PID=64375) to work on /Users/evankrupa/airflow_project/env/lib/python3.11/site-packages/airflow/example_dags/example_display_name.py
[2025-12-12T08:22:33.019-0500] {processor.py:830} INFO - Processing file /Users/evankrupa/airflow_project/env/lib/python3.11/site-packages/airflow/example_dags/example_display_name.py for tasks to queue
[2025-12-12T08:22:33.020-0500] {logging_mixin.py:188} INFO - [2025-12-12T08:22:33.020-0500] {dagbag.py:545} INFO - Filling up the DagBag from /Users/evankrupa/airflow_project/env/lib/python3.11/site-packages/airflow/example_dags/example_display_name.py
[2025-12-12T08:22:33.031-0500] {processor.py:840} INFO - DAG(s) 'example_display_name' retrieved from /Users/evankrupa/airflow_project/env/lib/python3.11/site-packages/airflow/example_dags/example_display_name.py
[2025-12-12T08:22:33.059-0500] {logging_mixin.py:188} INFO - [2025-12-12T08:22:33.059-0500] {dag.py:3096} INFO - Sync 1 DAGs
[2025-12-12T08:22:33.061-0500] {logging_mixin.py:188} INFO - [2025-12-12T08:22:33.061-0500] {dag.py:3954} INFO - Setting next_dagrun for example_display_name to None, run_after=None
[2025-12-12T08:22:33.067-0500] {processor.py:183} INFO - Processing /Users/evankrupa/airflow_project/env/lib/python3.11/site-packages/airflow/example_dags/example_display_name.py took 0.049 seconds
[2025-12-12T08:24:00.150-0500] {processor.py:161} INFO - Started process (PID=64450) to work on /Users/evankrupa/airflow_project/env/lib/python3.11/site-packages/airflow/example_dags/example_display_name.py
[2025-12-12T08:24:00.152-0500] {processor.py:830} INFO - Processing file /Users/evankrupa/airflow_project/env/lib/python3.11/site-packages/airflow/example_dags/example_display_name.py for tasks to queue
[2025-12-12T08:24:00.152-0500] {logging_mixin.py:188} INFO - [2025-12-12T08:24:00.152-0500] {dagbag.py:545} INFO - Filling up the DagBag from /Users/evankrupa/airflow_project/env/lib/python3.11/site-packages/airflow/example_dags/example_display_name.py
[2025-12-12T08:24:00.164-0500] {processor.py:840} INFO - DAG(s) 'example_display_name' retrieved from /Users/evankrupa/airflow_project/env/lib/python3.11/site-packages/airflow/example_dags/example_display_name.py
[2025-12-12T08:24:00.191-0500] {logging_mixin.py:188} INFO - [2025-12-12T08:24:00.191-0500] {dag.py:3096} INFO - Sync 1 DAGs
[2025-12-12T08:24:00.193-0500] {logging_mixin.py:188} INFO - [2025-12-12T08:24:00.193-0500] {dag.py:3954} INFO - Setting next_dagrun for example_display_name to None, run_after=None
[2025-12-12T08:24:00.199-0500] {processor.py:183} INFO - Processing /Users/evankrupa/airflow_project/env/lib/python3.11/site-packages/airflow/example_dags/example_display_name.py took 0.049 seconds
[2025-12-12T08:25:20.735-0500] {processor.py:161} INFO - Started process (PID=64516) to work on /Users/evankrupa/airflow_project/env/lib/python3.11/site-packages/airflow/example_dags/example_display_name.py
[2025-12-12T08:25:20.735-0500] {processor.py:830} INFO - Processing file /Users/evankrupa/airflow_project/env/lib/python3.11/site-packages/airflow/example_dags/example_display_name.py for tasks to queue
[2025-12-12T08:25:20.736-0500] {logging_mixin.py:188} INFO - [2025-12-12T08:25:20.736-0500] {dagbag.py:545} INFO - Filling up the DagBag from /Users/evankrupa/airflow_project/env/lib/python3.11/site-packages/airflow/example_dags/example_display_name.py
[2025-12-12T08:25:20.748-0500] {processor.py:840} INFO - DAG(s) 'example_display_name' retrieved from /Users/evankrupa/airflow_project/env/lib/python3.11/site-packages/airflow/example_dags/example_display_name.py
[2025-12-12T08:25:20.777-0500] {logging_mixin.py:188} INFO - [2025-12-12T08:25:20.777-0500] {dag.py:3096} INFO - Sync 1 DAGs
[2025-12-12T08:25:20.780-0500] {logging_mixin.py:188} INFO - [2025-12-12T08:25:20.780-0500] {dag.py:3954} INFO - Setting next_dagrun for example_display_name to None, run_after=None
[2025-12-12T08:25:20.786-0500] {processor.py:183} INFO - Processing /Users/evankrupa/airflow_project/env/lib/python3.11/site-packages/airflow/example_dags/example_display_name.py took 0.052 seconds
[2025-12-12T08:26:46.967-0500] {processor.py:161} INFO - Started process (PID=64591) to work on /Users/evankrupa/airflow_project/env/lib/python3.11/site-packages/airflow/example_dags/example_display_name.py
[2025-12-12T08:26:46.969-0500] {processor.py:830} INFO - Processing file /Users/evankrupa/airflow_project/env/lib/python3.11/site-packages/airflow/example_dags/example_display_name.py for tasks to queue
[2025-12-12T08:26:46.969-0500] {logging_mixin.py:188} INFO - [2025-12-12T08:26:46.969-0500] {dagbag.py:545} INFO - Filling up the DagBag from /Users/evankrupa/airflow_project/env/lib/python3.11/site-packages/airflow/example_dags/example_display_name.py
[2025-12-12T08:26:47.007-0500] {processor.py:840} INFO - DAG(s) 'example_display_name' retrieved from /Users/evankrupa/airflow_project/env/lib/python3.11/site-packages/airflow/example_dags/example_display_name.py
[2025-12-12T08:26:47.037-0500] {logging_mixin.py:188} INFO - [2025-12-12T08:26:47.037-0500] {dag.py:3096} INFO - Sync 1 DAGs
[2025-12-12T08:26:47.040-0500] {logging_mixin.py:188} INFO - [2025-12-12T08:26:47.039-0500] {dag.py:3954} INFO - Setting next_dagrun for example_display_name to None, run_after=None
[2025-12-12T08:26:47.045-0500] {processor.py:183} INFO - Processing /Users/evankrupa/airflow_project/env/lib/python3.11/site-packages/airflow/example_dags/example_display_name.py took 0.079 seconds
[2025-12-12T08:28:13.440-0500] {processor.py:161} INFO - Started process (PID=64689) to work on /Users/evankrupa/airflow_project/env/lib/python3.11/site-packages/airflow/example_dags/example_display_name.py
[2025-12-12T08:28:13.441-0500] {processor.py:830} INFO - Processing file /Users/evankrupa/airflow_project/env/lib/python3.11/site-packages/airflow/example_dags/example_display_name.py for tasks to queue
[2025-12-12T08:28:13.441-0500] {logging_mixin.py:188} INFO - [2025-12-12T08:28:13.441-0500] {dagbag.py:545} INFO - Filling up the DagBag from /Users/evankrupa/airflow_project/env/lib/python3.11/site-packages/airflow/example_dags/example_display_name.py
[2025-12-12T08:28:13.454-0500] {processor.py:840} INFO - DAG(s) 'example_display_name' retrieved from /Users/evankrupa/airflow_project/env/lib/python3.11/site-packages/airflow/example_dags/example_display_name.py
[2025-12-12T08:28:13.482-0500] {logging_mixin.py:188} INFO - [2025-12-12T08:28:13.482-0500] {dag.py:3096} INFO - Sync 1 DAGs
[2025-12-12T08:28:13.485-0500] {logging_mixin.py:188} INFO - [2025-12-12T08:28:13.485-0500] {dag.py:3954} INFO - Setting next_dagrun for example_display_name to None, run_after=None
[2025-12-12T08:28:13.490-0500] {processor.py:183} INFO - Processing /Users/evankrupa/airflow_project/env/lib/python3.11/site-packages/airflow/example_dags/example_display_name.py took 0.051 seconds
[2025-12-12T08:29:35.036-0500] {processor.py:161} INFO - Started process (PID=64767) to work on /Users/evankrupa/airflow_project/env/lib/python3.11/site-packages/airflow/example_dags/example_display_name.py
[2025-12-12T08:29:35.038-0500] {processor.py:830} INFO - Processing file /Users/evankrupa/airflow_project/env/lib/python3.11/site-packages/airflow/example_dags/example_display_name.py for tasks to queue
[2025-12-12T08:29:35.038-0500] {logging_mixin.py:188} INFO - [2025-12-12T08:29:35.038-0500] {dagbag.py:545} INFO - Filling up the DagBag from /Users/evankrupa/airflow_project/env/lib/python3.11/site-packages/airflow/example_dags/example_display_name.py
[2025-12-12T08:29:35.051-0500] {processor.py:840} INFO - DAG(s) 'example_display_name' retrieved from /Users/evankrupa/airflow_project/env/lib/python3.11/site-packages/airflow/example_dags/example_display_name.py
[2025-12-12T08:29:35.078-0500] {logging_mixin.py:188} INFO - [2025-12-12T08:29:35.078-0500] {dag.py:3096} INFO - Sync 1 DAGs
[2025-12-12T08:29:35.081-0500] {logging_mixin.py:188} INFO - [2025-12-12T08:29:35.081-0500] {dag.py:3954} INFO - Setting next_dagrun for example_display_name to None, run_after=None
[2025-12-12T08:29:35.086-0500] {processor.py:183} INFO - Processing /Users/evankrupa/airflow_project/env/lib/python3.11/site-packages/airflow/example_dags/example_display_name.py took 0.051 seconds
[2025-12-12T08:30:57.405-0500] {processor.py:161} INFO - Started process (PID=64849) to work on /Users/evankrupa/airflow_project/env/lib/python3.11/site-packages/airflow/example_dags/example_display_name.py
[2025-12-12T08:30:57.406-0500] {processor.py:830} INFO - Processing file /Users/evankrupa/airflow_project/env/lib/python3.11/site-packages/airflow/example_dags/example_display_name.py for tasks to queue
[2025-12-12T08:30:57.406-0500] {logging_mixin.py:188} INFO - [2025-12-12T08:30:57.406-0500] {dagbag.py:545} INFO - Filling up the DagBag from /Users/evankrupa/airflow_project/env/lib/python3.11/site-packages/airflow/example_dags/example_display_name.py
[2025-12-12T08:30:57.418-0500] {processor.py:840} INFO - DAG(s) 'example_display_name' retrieved from /Users/evankrupa/airflow_project/env/lib/python3.11/site-packages/airflow/example_dags/example_display_name.py
[2025-12-12T08:30:57.444-0500] {logging_mixin.py:188} INFO - [2025-12-12T08:30:57.444-0500] {dag.py:3096} INFO - Sync 1 DAGs
[2025-12-12T08:30:57.447-0500] {logging_mixin.py:188} INFO - [2025-12-12T08:30:57.447-0500] {dag.py:3954} INFO - Setting next_dagrun for example_display_name to None, run_after=None
[2025-12-12T08:30:57.452-0500] {processor.py:183} INFO - Processing /Users/evankrupa/airflow_project/env/lib/python3.11/site-packages/airflow/example_dags/example_display_name.py took 0.048 seconds
[2025-12-12T08:32:20.934-0500] {processor.py:161} INFO - Started process (PID=64930) to work on /Users/evankrupa/airflow_project/env/lib/python3.11/site-packages/airflow/example_dags/example_display_name.py
[2025-12-12T08:32:20.935-0500] {processor.py:830} INFO - Processing file /Users/evankrupa/airflow_project/env/lib/python3.11/site-packages/airflow/example_dags/example_display_name.py for tasks to queue
[2025-12-12T08:32:20.935-0500] {logging_mixin.py:188} INFO - [2025-12-12T08:32:20.935-0500] {dagbag.py:545} INFO - Filling up the DagBag from /Users/evankrupa/airflow_project/env/lib/python3.11/site-packages/airflow/example_dags/example_display_name.py
[2025-12-12T08:32:20.948-0500] {processor.py:840} INFO - DAG(s) 'example_display_name' retrieved from /Users/evankrupa/airflow_project/env/lib/python3.11/site-packages/airflow/example_dags/example_display_name.py
[2025-12-12T08:32:20.977-0500] {logging_mixin.py:188} INFO - [2025-12-12T08:32:20.977-0500] {dag.py:3096} INFO - Sync 1 DAGs
[2025-12-12T08:32:20.979-0500] {logging_mixin.py:188} INFO - [2025-12-12T08:32:20.979-0500] {dag.py:3954} INFO - Setting next_dagrun for example_display_name to None, run_after=None
[2025-12-12T08:32:20.985-0500] {processor.py:183} INFO - Processing /Users/evankrupa/airflow_project/env/lib/python3.11/site-packages/airflow/example_dags/example_display_name.py took 0.052 seconds
[2025-12-12T08:33:45.915-0500] {processor.py:161} INFO - Started process (PID=65033) to work on /Users/evankrupa/airflow_project/env/lib/python3.11/site-packages/airflow/example_dags/example_display_name.py
[2025-12-12T08:33:45.916-0500] {processor.py:830} INFO - Processing file /Users/evankrupa/airflow_project/env/lib/python3.11/site-packages/airflow/example_dags/example_display_name.py for tasks to queue
[2025-12-12T08:33:45.916-0500] {logging_mixin.py:188} INFO - [2025-12-12T08:33:45.916-0500] {dagbag.py:545} INFO - Filling up the DagBag from /Users/evankrupa/airflow_project/env/lib/python3.11/site-packages/airflow/example_dags/example_display_name.py
[2025-12-12T08:33:45.928-0500] {processor.py:840} INFO - DAG(s) 'example_display_name' retrieved from /Users/evankrupa/airflow_project/env/lib/python3.11/site-packages/airflow/example_dags/example_display_name.py
[2025-12-12T08:33:45.954-0500] {logging_mixin.py:188} INFO - [2025-12-12T08:33:45.954-0500] {dag.py:3096} INFO - Sync 1 DAGs
[2025-12-12T08:33:45.956-0500] {logging_mixin.py:188} INFO - [2025-12-12T08:33:45.956-0500] {dag.py:3954} INFO - Setting next_dagrun for example_display_name to None, run_after=None
[2025-12-12T08:33:45.962-0500] {processor.py:183} INFO - Processing /Users/evankrupa/airflow_project/env/lib/python3.11/site-packages/airflow/example_dags/example_display_name.py took 0.048 seconds
[2025-12-12T08:35:12.819-0500] {processor.py:161} INFO - Started process (PID=65132) to work on /Users/evankrupa/airflow_project/env/lib/python3.11/site-packages/airflow/example_dags/example_display_name.py
[2025-12-12T08:35:12.820-0500] {processor.py:830} INFO - Processing file /Users/evankrupa/airflow_project/env/lib/python3.11/site-packages/airflow/example_dags/example_display_name.py for tasks to queue
[2025-12-12T08:35:12.820-0500] {logging_mixin.py:188} INFO - [2025-12-12T08:35:12.820-0500] {dagbag.py:545} INFO - Filling up the DagBag from /Users/evankrupa/airflow_project/env/lib/python3.11/site-packages/airflow/example_dags/example_display_name.py
[2025-12-12T08:35:12.832-0500] {processor.py:840} INFO - DAG(s) 'example_display_name' retrieved from /Users/evankrupa/airflow_project/env/lib/python3.11/site-packages/airflow/example_dags/example_display_name.py
[2025-12-12T08:35:12.858-0500] {logging_mixin.py:188} INFO - [2025-12-12T08:35:12.858-0500] {dag.py:3096} INFO - Sync 1 DAGs
[2025-12-12T08:35:12.861-0500] {logging_mixin.py:188} INFO - [2025-12-12T08:35:12.861-0500] {dag.py:3954} INFO - Setting next_dagrun for example_display_name to None, run_after=None
[2025-12-12T08:35:12.866-0500] {processor.py:183} INFO - Processing /Users/evankrupa/airflow_project/env/lib/python3.11/site-packages/airflow/example_dags/example_display_name.py took 0.048 seconds
[2025-12-12T08:36:35.548-0500] {processor.py:161} INFO - Started process (PID=65211) to work on /Users/evankrupa/airflow_project/env/lib/python3.11/site-packages/airflow/example_dags/example_display_name.py
[2025-12-12T08:36:35.549-0500] {processor.py:830} INFO - Processing file /Users/evankrupa/airflow_project/env/lib/python3.11/site-packages/airflow/example_dags/example_display_name.py for tasks to queue
[2025-12-12T08:36:35.549-0500] {logging_mixin.py:188} INFO - [2025-12-12T08:36:35.549-0500] {dagbag.py:545} INFO - Filling up the DagBag from /Users/evankrupa/airflow_project/env/lib/python3.11/site-packages/airflow/example_dags/example_display_name.py
[2025-12-12T08:36:35.561-0500] {processor.py:840} INFO - DAG(s) 'example_display_name' retrieved from /Users/evankrupa/airflow_project/env/lib/python3.11/site-packages/airflow/example_dags/example_display_name.py
[2025-12-12T08:36:35.587-0500] {logging_mixin.py:188} INFO - [2025-12-12T08:36:35.587-0500] {dag.py:3096} INFO - Sync 1 DAGs
[2025-12-12T08:36:35.590-0500] {logging_mixin.py:188} INFO - [2025-12-12T08:36:35.590-0500] {dag.py:3954} INFO - Setting next_dagrun for example_display_name to None, run_after=None
[2025-12-12T08:36:35.595-0500] {processor.py:183} INFO - Processing /Users/evankrupa/airflow_project/env/lib/python3.11/site-packages/airflow/example_dags/example_display_name.py took 0.048 seconds
[2025-12-12T08:38:01.063-0500] {processor.py:161} INFO - Started process (PID=65279) to work on /Users/evankrupa/airflow_project/env/lib/python3.11/site-packages/airflow/example_dags/example_display_name.py
[2025-12-12T08:38:01.064-0500] {processor.py:830} INFO - Processing file /Users/evankrupa/airflow_project/env/lib/python3.11/site-packages/airflow/example_dags/example_display_name.py for tasks to queue
[2025-12-12T08:38:01.064-0500] {logging_mixin.py:188} INFO - [2025-12-12T08:38:01.064-0500] {dagbag.py:545} INFO - Filling up the DagBag from /Users/evankrupa/airflow_project/env/lib/python3.11/site-packages/airflow/example_dags/example_display_name.py
[2025-12-12T08:38:01.077-0500] {processor.py:840} INFO - DAG(s) 'example_display_name' retrieved from /Users/evankrupa/airflow_project/env/lib/python3.11/site-packages/airflow/example_dags/example_display_name.py
[2025-12-12T08:38:01.105-0500] {logging_mixin.py:188} INFO - [2025-12-12T08:38:01.105-0500] {dag.py:3096} INFO - Sync 1 DAGs
[2025-12-12T08:38:01.107-0500] {logging_mixin.py:188} INFO - [2025-12-12T08:38:01.107-0500] {dag.py:3954} INFO - Setting next_dagrun for example_display_name to None, run_after=None
[2025-12-12T08:38:01.113-0500] {processor.py:183} INFO - Processing /Users/evankrupa/airflow_project/env/lib/python3.11/site-packages/airflow/example_dags/example_display_name.py took 0.051 seconds
[2025-12-12T08:39:23.370-0500] {processor.py:161} INFO - Started process (PID=65360) to work on /Users/evankrupa/airflow_project/env/lib/python3.11/site-packages/airflow/example_dags/example_display_name.py
[2025-12-12T08:39:23.372-0500] {processor.py:830} INFO - Processing file /Users/evankrupa/airflow_project/env/lib/python3.11/site-packages/airflow/example_dags/example_display_name.py for tasks to queue
[2025-12-12T08:39:23.372-0500] {logging_mixin.py:188} INFO - [2025-12-12T08:39:23.372-0500] {dagbag.py:545} INFO - Filling up the DagBag from /Users/evankrupa/airflow_project/env/lib/python3.11/site-packages/airflow/example_dags/example_display_name.py
[2025-12-12T08:39:23.383-0500] {processor.py:840} INFO - DAG(s) 'example_display_name' retrieved from /Users/evankrupa/airflow_project/env/lib/python3.11/site-packages/airflow/example_dags/example_display_name.py
[2025-12-12T08:39:23.410-0500] {logging_mixin.py:188} INFO - [2025-12-12T08:39:23.410-0500] {dag.py:3096} INFO - Sync 1 DAGs
[2025-12-12T08:39:23.412-0500] {logging_mixin.py:188} INFO - [2025-12-12T08:39:23.412-0500] {dag.py:3954} INFO - Setting next_dagrun for example_display_name to None, run_after=None
[2025-12-12T08:39:23.418-0500] {processor.py:183} INFO - Processing /Users/evankrupa/airflow_project/env/lib/python3.11/site-packages/airflow/example_dags/example_display_name.py took 0.048 seconds
[2025-12-12T08:40:47.757-0500] {processor.py:161} INFO - Started process (PID=65445) to work on /Users/evankrupa/airflow_project/env/lib/python3.11/site-packages/airflow/example_dags/example_display_name.py
[2025-12-12T08:40:47.758-0500] {processor.py:830} INFO - Processing file /Users/evankrupa/airflow_project/env/lib/python3.11/site-packages/airflow/example_dags/example_display_name.py for tasks to queue
[2025-12-12T08:40:47.758-0500] {logging_mixin.py:188} INFO - [2025-12-12T08:40:47.758-0500] {dagbag.py:545} INFO - Filling up the DagBag from /Users/evankrupa/airflow_project/env/lib/python3.11/site-packages/airflow/example_dags/example_display_name.py
[2025-12-12T08:40:47.770-0500] {processor.py:840} INFO - DAG(s) 'example_display_name' retrieved from /Users/evankrupa/airflow_project/env/lib/python3.11/site-packages/airflow/example_dags/example_display_name.py
[2025-12-12T08:40:47.796-0500] {logging_mixin.py:188} INFO - [2025-12-12T08:40:47.796-0500] {dag.py:3096} INFO - Sync 1 DAGs
[2025-12-12T08:40:47.799-0500] {logging_mixin.py:188} INFO - [2025-12-12T08:40:47.799-0500] {dag.py:3954} INFO - Setting next_dagrun for example_display_name to None, run_after=None
[2025-12-12T08:40:47.805-0500] {processor.py:183} INFO - Processing /Users/evankrupa/airflow_project/env/lib/python3.11/site-packages/airflow/example_dags/example_display_name.py took 0.049 seconds
[2025-12-12T08:42:09.699-0500] {processor.py:161} INFO - Started process (PID=65512) to work on /Users/evankrupa/airflow_project/env/lib/python3.11/site-packages/airflow/example_dags/example_display_name.py
[2025-12-12T08:42:09.700-0500] {processor.py:830} INFO - Processing file /Users/evankrupa/airflow_project/env/lib/python3.11/site-packages/airflow/example_dags/example_display_name.py for tasks to queue
[2025-12-12T08:42:09.700-0500] {logging_mixin.py:188} INFO - [2025-12-12T08:42:09.700-0500] {dagbag.py:545} INFO - Filling up the DagBag from /Users/evankrupa/airflow_project/env/lib/python3.11/site-packages/airflow/example_dags/example_display_name.py
[2025-12-12T08:42:09.712-0500] {processor.py:840} INFO - DAG(s) 'example_display_name' retrieved from /Users/evankrupa/airflow_project/env/lib/python3.11/site-packages/airflow/example_dags/example_display_name.py
[2025-12-12T08:42:09.739-0500] {logging_mixin.py:188} INFO - [2025-12-12T08:42:09.739-0500] {dag.py:3096} INFO - Sync 1 DAGs
[2025-12-12T08:42:09.742-0500] {logging_mixin.py:188} INFO - [2025-12-12T08:42:09.742-0500] {dag.py:3954} INFO - Setting next_dagrun for example_display_name to None, run_after=None
[2025-12-12T08:42:09.747-0500] {processor.py:183} INFO - Processing /Users/evankrupa/airflow_project/env/lib/python3.11/site-packages/airflow/example_dags/example_display_name.py took 0.049 seconds
[2025-12-12T08:43:33.735-0500] {processor.py:161} INFO - Started process (PID=65597) to work on /Users/evankrupa/airflow_project/env/lib/python3.11/site-packages/airflow/example_dags/example_display_name.py
[2025-12-12T08:43:33.737-0500] {processor.py:830} INFO - Processing file /Users/evankrupa/airflow_project/env/lib/python3.11/site-packages/airflow/example_dags/example_display_name.py for tasks to queue
[2025-12-12T08:43:33.737-0500] {logging_mixin.py:188} INFO - [2025-12-12T08:43:33.737-0500] {dagbag.py:545} INFO - Filling up the DagBag from /Users/evankrupa/airflow_project/env/lib/python3.11/site-packages/airflow/example_dags/example_display_name.py
[2025-12-12T08:43:33.748-0500] {processor.py:840} INFO - DAG(s) 'example_display_name' retrieved from /Users/evankrupa/airflow_project/env/lib/python3.11/site-packages/airflow/example_dags/example_display_name.py
[2025-12-12T08:43:33.775-0500] {logging_mixin.py:188} INFO - [2025-12-12T08:43:33.775-0500] {dag.py:3096} INFO - Sync 1 DAGs
[2025-12-12T08:43:33.777-0500] {logging_mixin.py:188} INFO - [2025-12-12T08:43:33.777-0500] {dag.py:3954} INFO - Setting next_dagrun for example_display_name to None, run_after=None
[2025-12-12T08:43:33.782-0500] {processor.py:183} INFO - Processing /Users/evankrupa/airflow_project/env/lib/python3.11/site-packages/airflow/example_dags/example_display_name.py took 0.048 seconds
[2025-12-12T08:44:57.614-0500] {processor.py:161} INFO - Started process (PID=65663) to work on /Users/evankrupa/airflow_project/env/lib/python3.11/site-packages/airflow/example_dags/example_display_name.py
[2025-12-12T08:44:57.614-0500] {processor.py:830} INFO - Processing file /Users/evankrupa/airflow_project/env/lib/python3.11/site-packages/airflow/example_dags/example_display_name.py for tasks to queue
[2025-12-12T08:44:57.614-0500] {logging_mixin.py:188} INFO - [2025-12-12T08:44:57.614-0500] {dagbag.py:545} INFO - Filling up the DagBag from /Users/evankrupa/airflow_project/env/lib/python3.11/site-packages/airflow/example_dags/example_display_name.py
[2025-12-12T08:44:57.626-0500] {processor.py:840} INFO - DAG(s) 'example_display_name' retrieved from /Users/evankrupa/airflow_project/env/lib/python3.11/site-packages/airflow/example_dags/example_display_name.py
[2025-12-12T08:44:57.652-0500] {logging_mixin.py:188} INFO - [2025-12-12T08:44:57.652-0500] {dag.py:3096} INFO - Sync 1 DAGs
[2025-12-12T08:44:57.655-0500] {logging_mixin.py:188} INFO - [2025-12-12T08:44:57.654-0500] {dag.py:3954} INFO - Setting next_dagrun for example_display_name to None, run_after=None
[2025-12-12T08:44:57.660-0500] {processor.py:183} INFO - Processing /Users/evankrupa/airflow_project/env/lib/python3.11/site-packages/airflow/example_dags/example_display_name.py took 0.047 seconds
