[2025-12-12T07:26:07.853-0500] {processor.py:161} INFO - Started process (PID=56894) to work on /Users/evankrupa/airflow_project/env/lib/python3.11/site-packages/airflow/example_dags/example_branch_labels.py
[2025-12-12T07:26:07.853-0500] {processor.py:830} INFO - Processing file /Users/evankrupa/airflow_project/env/lib/python3.11/site-packages/airflow/example_dags/example_branch_labels.py for tasks to queue
[2025-12-12T07:26:07.854-0500] {logging_mixin.py:188} INFO - [2025-12-12T07:26:07.853-0500] {dagbag.py:545} INFO - Filling up the DagBag from /Users/evankrupa/airflow_project/env/lib/python3.11/site-packages/airflow/example_dags/example_branch_labels.py
[2025-12-12T07:26:07.857-0500] {processor.py:840} INFO - DAG(s) 'example_branch_labels' retrieved from /Users/evankrupa/airflow_project/env/lib/python3.11/site-packages/airflow/example_dags/example_branch_labels.py
[2025-12-12T07:26:07.910-0500] {logging_mixin.py:188} INFO - [2025-12-12T07:26:07.909-0500] {override.py:1829} INFO - Created Permission View: can delete on DAG:example_branch_labels
[2025-12-12T07:26:07.912-0500] {logging_mixin.py:188} INFO - [2025-12-12T07:26:07.912-0500] {override.py:1829} INFO - Created Permission View: can read on DAG:example_branch_labels
[2025-12-12T07:26:07.913-0500] {logging_mixin.py:188} INFO - [2025-12-12T07:26:07.913-0500] {override.py:1829} INFO - Created Permission View: can edit on DAG:example_branch_labels
[2025-12-12T07:26:07.914-0500] {logging_mixin.py:188} INFO - [2025-12-12T07:26:07.913-0500] {dag.py:3096} INFO - Sync 1 DAGs
[2025-12-12T07:26:07.916-0500] {logging_mixin.py:188} INFO - [2025-12-12T07:26:07.916-0500] {dag.py:3118} INFO - Creating ORM DAG for example_branch_labels
[2025-12-12T07:26:07.919-0500] {logging_mixin.py:188} INFO - [2025-12-12T07:26:07.919-0500] {dag.py:3954} INFO - Setting next_dagrun for example_branch_labels to 2025-12-11 00:00:00+00:00, run_after=2025-12-12 00:00:00+00:00
[2025-12-12T07:26:07.923-0500] {processor.py:183} INFO - Processing /Users/evankrupa/airflow_project/env/lib/python3.11/site-packages/airflow/example_dags/example_branch_labels.py took 0.071 seconds
[2025-12-12T07:27:33.231-0500] {processor.py:161} INFO - Started process (PID=57523) to work on /Users/evankrupa/airflow_project/env/lib/python3.11/site-packages/airflow/example_dags/example_branch_labels.py
[2025-12-12T07:27:33.232-0500] {processor.py:830} INFO - Processing file /Users/evankrupa/airflow_project/env/lib/python3.11/site-packages/airflow/example_dags/example_branch_labels.py for tasks to queue
[2025-12-12T07:27:33.232-0500] {logging_mixin.py:188} INFO - [2025-12-12T07:27:33.232-0500] {dagbag.py:545} INFO - Filling up the DagBag from /Users/evankrupa/airflow_project/env/lib/python3.11/site-packages/airflow/example_dags/example_branch_labels.py
[2025-12-12T07:27:33.235-0500] {processor.py:840} INFO - DAG(s) 'example_branch_labels' retrieved from /Users/evankrupa/airflow_project/env/lib/python3.11/site-packages/airflow/example_dags/example_branch_labels.py
[2025-12-12T07:27:33.262-0500] {logging_mixin.py:188} INFO - [2025-12-12T07:27:33.262-0500] {dag.py:3096} INFO - Sync 1 DAGs
[2025-12-12T07:27:33.267-0500] {logging_mixin.py:188} INFO - [2025-12-12T07:27:33.267-0500] {dag.py:3954} INFO - Setting next_dagrun for example_branch_labels to 2025-12-11 00:00:00+00:00, run_after=2025-12-12 00:00:00+00:00
[2025-12-12T07:27:33.272-0500] {processor.py:183} INFO - Processing /Users/evankrupa/airflow_project/env/lib/python3.11/site-packages/airflow/example_dags/example_branch_labels.py took 0.043 seconds
[2025-12-12T07:28:59.461-0500] {processor.py:161} INFO - Started process (PID=57770) to work on /Users/evankrupa/airflow_project/env/lib/python3.11/site-packages/airflow/example_dags/example_branch_labels.py
[2025-12-12T07:28:59.462-0500] {processor.py:830} INFO - Processing file /Users/evankrupa/airflow_project/env/lib/python3.11/site-packages/airflow/example_dags/example_branch_labels.py for tasks to queue
[2025-12-12T07:28:59.463-0500] {logging_mixin.py:188} INFO - [2025-12-12T07:28:59.462-0500] {dagbag.py:545} INFO - Filling up the DagBag from /Users/evankrupa/airflow_project/env/lib/python3.11/site-packages/airflow/example_dags/example_branch_labels.py
[2025-12-12T07:28:59.465-0500] {processor.py:840} INFO - DAG(s) 'example_branch_labels' retrieved from /Users/evankrupa/airflow_project/env/lib/python3.11/site-packages/airflow/example_dags/example_branch_labels.py
[2025-12-12T07:28:59.494-0500] {logging_mixin.py:188} INFO - [2025-12-12T07:28:59.494-0500] {dag.py:3096} INFO - Sync 1 DAGs
[2025-12-12T07:28:59.499-0500] {logging_mixin.py:188} INFO - [2025-12-12T07:28:59.499-0500] {dag.py:3954} INFO - Setting next_dagrun for example_branch_labels to 2025-12-11 00:00:00+00:00, run_after=2025-12-12 00:00:00+00:00
[2025-12-12T07:28:59.505-0500] {processor.py:183} INFO - Processing /Users/evankrupa/airflow_project/env/lib/python3.11/site-packages/airflow/example_dags/example_branch_labels.py took 0.044 seconds
[2025-12-12T07:30:24.574-0500] {processor.py:161} INFO - Started process (PID=58015) to work on /Users/evankrupa/airflow_project/env/lib/python3.11/site-packages/airflow/example_dags/example_branch_labels.py
[2025-12-12T07:30:24.575-0500] {processor.py:830} INFO - Processing file /Users/evankrupa/airflow_project/env/lib/python3.11/site-packages/airflow/example_dags/example_branch_labels.py for tasks to queue
[2025-12-12T07:30:24.575-0500] {logging_mixin.py:188} INFO - [2025-12-12T07:30:24.575-0500] {dagbag.py:545} INFO - Filling up the DagBag from /Users/evankrupa/airflow_project/env/lib/python3.11/site-packages/airflow/example_dags/example_branch_labels.py
[2025-12-12T07:30:24.578-0500] {processor.py:840} INFO - DAG(s) 'example_branch_labels' retrieved from /Users/evankrupa/airflow_project/env/lib/python3.11/site-packages/airflow/example_dags/example_branch_labels.py
[2025-12-12T07:30:24.606-0500] {logging_mixin.py:188} INFO - [2025-12-12T07:30:24.606-0500] {dag.py:3096} INFO - Sync 1 DAGs
[2025-12-12T07:30:24.610-0500] {logging_mixin.py:188} INFO - [2025-12-12T07:30:24.610-0500] {dag.py:3954} INFO - Setting next_dagrun for example_branch_labels to 2025-12-11 00:00:00+00:00, run_after=2025-12-12 00:00:00+00:00
[2025-12-12T07:30:24.616-0500] {processor.py:183} INFO - Processing /Users/evankrupa/airflow_project/env/lib/python3.11/site-packages/airflow/example_dags/example_branch_labels.py took 0.043 seconds
[2025-12-12T07:31:51.110-0500] {processor.py:161} INFO - Started process (PID=58357) to work on /Users/evankrupa/airflow_project/env/lib/python3.11/site-packages/airflow/example_dags/example_branch_labels.py
[2025-12-12T07:31:51.111-0500] {processor.py:830} INFO - Processing file /Users/evankrupa/airflow_project/env/lib/python3.11/site-packages/airflow/example_dags/example_branch_labels.py for tasks to queue
[2025-12-12T07:31:51.111-0500] {logging_mixin.py:188} INFO - [2025-12-12T07:31:51.111-0500] {dagbag.py:545} INFO - Filling up the DagBag from /Users/evankrupa/airflow_project/env/lib/python3.11/site-packages/airflow/example_dags/example_branch_labels.py
[2025-12-12T07:31:51.114-0500] {processor.py:840} INFO - DAG(s) 'example_branch_labels' retrieved from /Users/evankrupa/airflow_project/env/lib/python3.11/site-packages/airflow/example_dags/example_branch_labels.py
[2025-12-12T07:31:51.141-0500] {logging_mixin.py:188} INFO - [2025-12-12T07:31:51.141-0500] {dag.py:3096} INFO - Sync 1 DAGs
[2025-12-12T07:31:51.147-0500] {logging_mixin.py:188} INFO - [2025-12-12T07:31:51.147-0500] {dag.py:3954} INFO - Setting next_dagrun for example_branch_labels to 2025-12-11 00:00:00+00:00, run_after=2025-12-12 00:00:00+00:00
[2025-12-12T07:31:51.153-0500] {processor.py:183} INFO - Processing /Users/evankrupa/airflow_project/env/lib/python3.11/site-packages/airflow/example_dags/example_branch_labels.py took 0.043 seconds
[2025-12-12T07:33:17.037-0500] {processor.py:161} INFO - Started process (PID=58445) to work on /Users/evankrupa/airflow_project/env/lib/python3.11/site-packages/airflow/example_dags/example_branch_labels.py
[2025-12-12T07:33:17.039-0500] {processor.py:830} INFO - Processing file /Users/evankrupa/airflow_project/env/lib/python3.11/site-packages/airflow/example_dags/example_branch_labels.py for tasks to queue
[2025-12-12T07:33:17.039-0500] {logging_mixin.py:188} INFO - [2025-12-12T07:33:17.039-0500] {dagbag.py:545} INFO - Filling up the DagBag from /Users/evankrupa/airflow_project/env/lib/python3.11/site-packages/airflow/example_dags/example_branch_labels.py
[2025-12-12T07:33:17.041-0500] {processor.py:840} INFO - DAG(s) 'example_branch_labels' retrieved from /Users/evankrupa/airflow_project/env/lib/python3.11/site-packages/airflow/example_dags/example_branch_labels.py
[2025-12-12T07:33:17.069-0500] {logging_mixin.py:188} INFO - [2025-12-12T07:33:17.069-0500] {dag.py:3096} INFO - Sync 1 DAGs
[2025-12-12T07:33:17.074-0500] {logging_mixin.py:188} INFO - [2025-12-12T07:33:17.074-0500] {dag.py:3954} INFO - Setting next_dagrun for example_branch_labels to 2025-12-11 00:00:00+00:00, run_after=2025-12-12 00:00:00+00:00
[2025-12-12T07:33:17.079-0500] {processor.py:183} INFO - Processing /Users/evankrupa/airflow_project/env/lib/python3.11/site-packages/airflow/example_dags/example_branch_labels.py took 0.043 seconds
[2025-12-12T07:34:43.270-0500] {processor.py:161} INFO - Started process (PID=58524) to work on /Users/evankrupa/airflow_project/env/lib/python3.11/site-packages/airflow/example_dags/example_branch_labels.py
[2025-12-12T07:34:43.271-0500] {processor.py:830} INFO - Processing file /Users/evankrupa/airflow_project/env/lib/python3.11/site-packages/airflow/example_dags/example_branch_labels.py for tasks to queue
[2025-12-12T07:34:43.271-0500] {logging_mixin.py:188} INFO - [2025-12-12T07:34:43.271-0500] {dagbag.py:545} INFO - Filling up the DagBag from /Users/evankrupa/airflow_project/env/lib/python3.11/site-packages/airflow/example_dags/example_branch_labels.py
[2025-12-12T07:34:43.274-0500] {processor.py:840} INFO - DAG(s) 'example_branch_labels' retrieved from /Users/evankrupa/airflow_project/env/lib/python3.11/site-packages/airflow/example_dags/example_branch_labels.py
[2025-12-12T07:34:43.301-0500] {logging_mixin.py:188} INFO - [2025-12-12T07:34:43.301-0500] {dag.py:3096} INFO - Sync 1 DAGs
[2025-12-12T07:34:43.306-0500] {logging_mixin.py:188} INFO - [2025-12-12T07:34:43.306-0500] {dag.py:3954} INFO - Setting next_dagrun for example_branch_labels to 2025-12-11 00:00:00+00:00, run_after=2025-12-12 00:00:00+00:00
[2025-12-12T07:34:43.312-0500] {processor.py:183} INFO - Processing /Users/evankrupa/airflow_project/env/lib/python3.11/site-packages/airflow/example_dags/example_branch_labels.py took 0.043 seconds
[2025-12-12T07:36:05.598-0500] {processor.py:161} INFO - Started process (PID=58596) to work on /Users/evankrupa/airflow_project/env/lib/python3.11/site-packages/airflow/example_dags/example_branch_labels.py
[2025-12-12T07:36:05.599-0500] {processor.py:830} INFO - Processing file /Users/evankrupa/airflow_project/env/lib/python3.11/site-packages/airflow/example_dags/example_branch_labels.py for tasks to queue
[2025-12-12T07:36:05.599-0500] {logging_mixin.py:188} INFO - [2025-12-12T07:36:05.599-0500] {dagbag.py:545} INFO - Filling up the DagBag from /Users/evankrupa/airflow_project/env/lib/python3.11/site-packages/airflow/example_dags/example_branch_labels.py
[2025-12-12T07:36:05.602-0500] {processor.py:840} INFO - DAG(s) 'example_branch_labels' retrieved from /Users/evankrupa/airflow_project/env/lib/python3.11/site-packages/airflow/example_dags/example_branch_labels.py
[2025-12-12T07:36:05.630-0500] {logging_mixin.py:188} INFO - [2025-12-12T07:36:05.630-0500] {dag.py:3096} INFO - Sync 1 DAGs
[2025-12-12T07:36:05.635-0500] {logging_mixin.py:188} INFO - [2025-12-12T07:36:05.635-0500] {dag.py:3954} INFO - Setting next_dagrun for example_branch_labels to 2025-12-11 00:00:00+00:00, run_after=2025-12-12 00:00:00+00:00
[2025-12-12T07:36:05.641-0500] {processor.py:183} INFO - Processing /Users/evankrupa/airflow_project/env/lib/python3.11/site-packages/airflow/example_dags/example_branch_labels.py took 0.043 seconds
[2025-12-12T07:37:29.712-0500] {processor.py:161} INFO - Started process (PID=58665) to work on /Users/evankrupa/airflow_project/env/lib/python3.11/site-packages/airflow/example_dags/example_branch_labels.py
[2025-12-12T07:37:29.713-0500] {processor.py:830} INFO - Processing file /Users/evankrupa/airflow_project/env/lib/python3.11/site-packages/airflow/example_dags/example_branch_labels.py for tasks to queue
[2025-12-12T07:37:29.713-0500] {logging_mixin.py:188} INFO - [2025-12-12T07:37:29.713-0500] {dagbag.py:545} INFO - Filling up the DagBag from /Users/evankrupa/airflow_project/env/lib/python3.11/site-packages/airflow/example_dags/example_branch_labels.py
[2025-12-12T07:37:29.716-0500] {processor.py:840} INFO - DAG(s) 'example_branch_labels' retrieved from /Users/evankrupa/airflow_project/env/lib/python3.11/site-packages/airflow/example_dags/example_branch_labels.py
[2025-12-12T07:37:29.743-0500] {logging_mixin.py:188} INFO - [2025-12-12T07:37:29.743-0500] {dag.py:3096} INFO - Sync 1 DAGs
[2025-12-12T07:37:29.748-0500] {logging_mixin.py:188} INFO - [2025-12-12T07:37:29.748-0500] {dag.py:3954} INFO - Setting next_dagrun for example_branch_labels to 2025-12-11 00:00:00+00:00, run_after=2025-12-12 00:00:00+00:00
[2025-12-12T07:37:29.754-0500] {processor.py:183} INFO - Processing /Users/evankrupa/airflow_project/env/lib/python3.11/site-packages/airflow/example_dags/example_branch_labels.py took 0.043 seconds
[2025-12-12T07:38:54.467-0500] {processor.py:161} INFO - Started process (PID=58765) to work on /Users/evankrupa/airflow_project/env/lib/python3.11/site-packages/airflow/example_dags/example_branch_labels.py
[2025-12-12T07:38:54.467-0500] {processor.py:830} INFO - Processing file /Users/evankrupa/airflow_project/env/lib/python3.11/site-packages/airflow/example_dags/example_branch_labels.py for tasks to queue
[2025-12-12T07:38:54.467-0500] {logging_mixin.py:188} INFO - [2025-12-12T07:38:54.467-0500] {dagbag.py:545} INFO - Filling up the DagBag from /Users/evankrupa/airflow_project/env/lib/python3.11/site-packages/airflow/example_dags/example_branch_labels.py
[2025-12-12T07:38:54.470-0500] {processor.py:840} INFO - DAG(s) 'example_branch_labels' retrieved from /Users/evankrupa/airflow_project/env/lib/python3.11/site-packages/airflow/example_dags/example_branch_labels.py
[2025-12-12T07:38:54.499-0500] {logging_mixin.py:188} INFO - [2025-12-12T07:38:54.499-0500] {dag.py:3096} INFO - Sync 1 DAGs
[2025-12-12T07:38:54.505-0500] {logging_mixin.py:188} INFO - [2025-12-12T07:38:54.504-0500] {dag.py:3954} INFO - Setting next_dagrun for example_branch_labels to 2025-12-11 00:00:00+00:00, run_after=2025-12-12 00:00:00+00:00
[2025-12-12T07:38:54.511-0500] {processor.py:183} INFO - Processing /Users/evankrupa/airflow_project/env/lib/python3.11/site-packages/airflow/example_dags/example_branch_labels.py took 0.045 seconds
[2025-12-12T07:40:19.970-0500] {processor.py:161} INFO - Started process (PID=58871) to work on /Users/evankrupa/airflow_project/env/lib/python3.11/site-packages/airflow/example_dags/example_branch_labels.py
[2025-12-12T07:40:19.971-0500] {processor.py:830} INFO - Processing file /Users/evankrupa/airflow_project/env/lib/python3.11/site-packages/airflow/example_dags/example_branch_labels.py for tasks to queue
[2025-12-12T07:40:19.971-0500] {logging_mixin.py:188} INFO - [2025-12-12T07:40:19.971-0500] {dagbag.py:545} INFO - Filling up the DagBag from /Users/evankrupa/airflow_project/env/lib/python3.11/site-packages/airflow/example_dags/example_branch_labels.py
[2025-12-12T07:40:19.974-0500] {processor.py:840} INFO - DAG(s) 'example_branch_labels' retrieved from /Users/evankrupa/airflow_project/env/lib/python3.11/site-packages/airflow/example_dags/example_branch_labels.py
[2025-12-12T07:40:20.002-0500] {logging_mixin.py:188} INFO - [2025-12-12T07:40:20.002-0500] {dag.py:3096} INFO - Sync 1 DAGs
[2025-12-12T07:40:20.007-0500] {logging_mixin.py:188} INFO - [2025-12-12T07:40:20.007-0500] {dag.py:3954} INFO - Setting next_dagrun for example_branch_labels to 2025-12-11 00:00:00+00:00, run_after=2025-12-12 00:00:00+00:00
[2025-12-12T07:40:20.013-0500] {processor.py:183} INFO - Processing /Users/evankrupa/airflow_project/env/lib/python3.11/site-packages/airflow/example_dags/example_branch_labels.py took 0.044 seconds
[2025-12-12T07:41:46.078-0500] {processor.py:161} INFO - Started process (PID=58962) to work on /Users/evankrupa/airflow_project/env/lib/python3.11/site-packages/airflow/example_dags/example_branch_labels.py
[2025-12-12T07:41:46.078-0500] {processor.py:830} INFO - Processing file /Users/evankrupa/airflow_project/env/lib/python3.11/site-packages/airflow/example_dags/example_branch_labels.py for tasks to queue
[2025-12-12T07:41:46.078-0500] {logging_mixin.py:188} INFO - [2025-12-12T07:41:46.078-0500] {dagbag.py:545} INFO - Filling up the DagBag from /Users/evankrupa/airflow_project/env/lib/python3.11/site-packages/airflow/example_dags/example_branch_labels.py
[2025-12-12T07:41:46.081-0500] {processor.py:840} INFO - DAG(s) 'example_branch_labels' retrieved from /Users/evankrupa/airflow_project/env/lib/python3.11/site-packages/airflow/example_dags/example_branch_labels.py
[2025-12-12T07:41:46.108-0500] {logging_mixin.py:188} INFO - [2025-12-12T07:41:46.108-0500] {dag.py:3096} INFO - Sync 1 DAGs
[2025-12-12T07:41:46.114-0500] {logging_mixin.py:188} INFO - [2025-12-12T07:41:46.113-0500] {dag.py:3954} INFO - Setting next_dagrun for example_branch_labels to 2025-12-11 00:00:00+00:00, run_after=2025-12-12 00:00:00+00:00
[2025-12-12T07:41:46.119-0500] {processor.py:183} INFO - Processing /Users/evankrupa/airflow_project/env/lib/python3.11/site-packages/airflow/example_dags/example_branch_labels.py took 0.043 seconds
[2025-12-12T07:43:09.657-0500] {processor.py:161} INFO - Started process (PID=59125) to work on /Users/evankrupa/airflow_project/env/lib/python3.11/site-packages/airflow/example_dags/example_branch_labels.py
[2025-12-12T07:43:09.658-0500] {processor.py:830} INFO - Processing file /Users/evankrupa/airflow_project/env/lib/python3.11/site-packages/airflow/example_dags/example_branch_labels.py for tasks to queue
[2025-12-12T07:43:09.659-0500] {logging_mixin.py:188} INFO - [2025-12-12T07:43:09.659-0500] {dagbag.py:545} INFO - Filling up the DagBag from /Users/evankrupa/airflow_project/env/lib/python3.11/site-packages/airflow/example_dags/example_branch_labels.py
[2025-12-12T07:43:09.661-0500] {processor.py:840} INFO - DAG(s) 'example_branch_labels' retrieved from /Users/evankrupa/airflow_project/env/lib/python3.11/site-packages/airflow/example_dags/example_branch_labels.py
[2025-12-12T07:43:09.690-0500] {logging_mixin.py:188} INFO - [2025-12-12T07:43:09.689-0500] {dag.py:3096} INFO - Sync 1 DAGs
[2025-12-12T07:43:09.694-0500] {logging_mixin.py:188} INFO - [2025-12-12T07:43:09.694-0500] {dag.py:3954} INFO - Setting next_dagrun for example_branch_labels to 2025-12-11 00:00:00+00:00, run_after=2025-12-12 00:00:00+00:00
[2025-12-12T07:43:09.700-0500] {processor.py:183} INFO - Processing /Users/evankrupa/airflow_project/env/lib/python3.11/site-packages/airflow/example_dags/example_branch_labels.py took 0.044 seconds
[2025-12-12T07:44:34.137-0500] {processor.py:161} INFO - Started process (PID=59210) to work on /Users/evankrupa/airflow_project/env/lib/python3.11/site-packages/airflow/example_dags/example_branch_labels.py
[2025-12-12T07:44:34.137-0500] {processor.py:830} INFO - Processing file /Users/evankrupa/airflow_project/env/lib/python3.11/site-packages/airflow/example_dags/example_branch_labels.py for tasks to queue
[2025-12-12T07:44:34.138-0500] {logging_mixin.py:188} INFO - [2025-12-12T07:44:34.137-0500] {dagbag.py:545} INFO - Filling up the DagBag from /Users/evankrupa/airflow_project/env/lib/python3.11/site-packages/airflow/example_dags/example_branch_labels.py
[2025-12-12T07:44:34.140-0500] {processor.py:840} INFO - DAG(s) 'example_branch_labels' retrieved from /Users/evankrupa/airflow_project/env/lib/python3.11/site-packages/airflow/example_dags/example_branch_labels.py
[2025-12-12T07:44:34.168-0500] {logging_mixin.py:188} INFO - [2025-12-12T07:44:34.168-0500] {dag.py:3096} INFO - Sync 1 DAGs
[2025-12-12T07:44:34.173-0500] {logging_mixin.py:188} INFO - [2025-12-12T07:44:34.173-0500] {dag.py:3954} INFO - Setting next_dagrun for example_branch_labels to 2025-12-11 00:00:00+00:00, run_after=2025-12-12 00:00:00+00:00
[2025-12-12T07:44:34.179-0500] {processor.py:183} INFO - Processing /Users/evankrupa/airflow_project/env/lib/python3.11/site-packages/airflow/example_dags/example_branch_labels.py took 0.043 seconds
[2025-12-12T07:46:00.543-0500] {processor.py:161} INFO - Started process (PID=59292) to work on /Users/evankrupa/airflow_project/env/lib/python3.11/site-packages/airflow/example_dags/example_branch_labels.py
[2025-12-12T07:46:00.544-0500] {processor.py:830} INFO - Processing file /Users/evankrupa/airflow_project/env/lib/python3.11/site-packages/airflow/example_dags/example_branch_labels.py for tasks to queue
[2025-12-12T07:46:00.544-0500] {logging_mixin.py:188} INFO - [2025-12-12T07:46:00.544-0500] {dagbag.py:545} INFO - Filling up the DagBag from /Users/evankrupa/airflow_project/env/lib/python3.11/site-packages/airflow/example_dags/example_branch_labels.py
[2025-12-12T07:46:00.547-0500] {processor.py:840} INFO - DAG(s) 'example_branch_labels' retrieved from /Users/evankrupa/airflow_project/env/lib/python3.11/site-packages/airflow/example_dags/example_branch_labels.py
[2025-12-12T07:46:00.574-0500] {logging_mixin.py:188} INFO - [2025-12-12T07:46:00.574-0500] {dag.py:3096} INFO - Sync 1 DAGs
[2025-12-12T07:46:00.579-0500] {logging_mixin.py:188} INFO - [2025-12-12T07:46:00.579-0500] {dag.py:3954} INFO - Setting next_dagrun for example_branch_labels to 2025-12-11 00:00:00+00:00, run_after=2025-12-12 00:00:00+00:00
[2025-12-12T07:46:00.585-0500] {processor.py:183} INFO - Processing /Users/evankrupa/airflow_project/env/lib/python3.11/site-packages/airflow/example_dags/example_branch_labels.py took 0.043 seconds
[2025-12-12T07:47:24.351-0500] {processor.py:161} INFO - Started process (PID=59375) to work on /Users/evankrupa/airflow_project/env/lib/python3.11/site-packages/airflow/example_dags/example_branch_labels.py
[2025-12-12T07:47:24.352-0500] {processor.py:830} INFO - Processing file /Users/evankrupa/airflow_project/env/lib/python3.11/site-packages/airflow/example_dags/example_branch_labels.py for tasks to queue
[2025-12-12T07:47:24.352-0500] {logging_mixin.py:188} INFO - [2025-12-12T07:47:24.352-0500] {dagbag.py:545} INFO - Filling up the DagBag from /Users/evankrupa/airflow_project/env/lib/python3.11/site-packages/airflow/example_dags/example_branch_labels.py
[2025-12-12T07:47:24.355-0500] {processor.py:840} INFO - DAG(s) 'example_branch_labels' retrieved from /Users/evankrupa/airflow_project/env/lib/python3.11/site-packages/airflow/example_dags/example_branch_labels.py
[2025-12-12T07:47:24.383-0500] {logging_mixin.py:188} INFO - [2025-12-12T07:47:24.383-0500] {dag.py:3096} INFO - Sync 1 DAGs
[2025-12-12T07:47:24.388-0500] {logging_mixin.py:188} INFO - [2025-12-12T07:47:24.388-0500] {dag.py:3954} INFO - Setting next_dagrun for example_branch_labels to 2025-12-11 00:00:00+00:00, run_after=2025-12-12 00:00:00+00:00
[2025-12-12T07:47:24.394-0500] {processor.py:183} INFO - Processing /Users/evankrupa/airflow_project/env/lib/python3.11/site-packages/airflow/example_dags/example_branch_labels.py took 0.043 seconds
[2025-12-12T07:48:52.255-0500] {processor.py:161} INFO - Started process (PID=59486) to work on /Users/evankrupa/airflow_project/env/lib/python3.11/site-packages/airflow/example_dags/example_branch_labels.py
[2025-12-12T07:48:52.256-0500] {processor.py:830} INFO - Processing file /Users/evankrupa/airflow_project/env/lib/python3.11/site-packages/airflow/example_dags/example_branch_labels.py for tasks to queue
[2025-12-12T07:48:52.256-0500] {logging_mixin.py:188} INFO - [2025-12-12T07:48:52.256-0500] {dagbag.py:545} INFO - Filling up the DagBag from /Users/evankrupa/airflow_project/env/lib/python3.11/site-packages/airflow/example_dags/example_branch_labels.py
[2025-12-12T07:48:52.259-0500] {processor.py:840} INFO - DAG(s) 'example_branch_labels' retrieved from /Users/evankrupa/airflow_project/env/lib/python3.11/site-packages/airflow/example_dags/example_branch_labels.py
[2025-12-12T07:48:52.288-0500] {logging_mixin.py:188} INFO - [2025-12-12T07:48:52.288-0500] {dag.py:3096} INFO - Sync 1 DAGs
[2025-12-12T07:48:52.293-0500] {logging_mixin.py:188} INFO - [2025-12-12T07:48:52.293-0500] {dag.py:3954} INFO - Setting next_dagrun for example_branch_labels to 2025-12-11 00:00:00+00:00, run_after=2025-12-12 00:00:00+00:00
[2025-12-12T07:48:52.299-0500] {processor.py:183} INFO - Processing /Users/evankrupa/airflow_project/env/lib/python3.11/site-packages/airflow/example_dags/example_branch_labels.py took 0.045 seconds
[2025-12-12T07:50:17.044-0500] {processor.py:161} INFO - Started process (PID=59562) to work on /Users/evankrupa/airflow_project/env/lib/python3.11/site-packages/airflow/example_dags/example_branch_labels.py
[2025-12-12T07:50:17.045-0500] {processor.py:830} INFO - Processing file /Users/evankrupa/airflow_project/env/lib/python3.11/site-packages/airflow/example_dags/example_branch_labels.py for tasks to queue
[2025-12-12T07:50:17.045-0500] {logging_mixin.py:188} INFO - [2025-12-12T07:50:17.045-0500] {dagbag.py:545} INFO - Filling up the DagBag from /Users/evankrupa/airflow_project/env/lib/python3.11/site-packages/airflow/example_dags/example_branch_labels.py
[2025-12-12T07:50:17.048-0500] {processor.py:840} INFO - DAG(s) 'example_branch_labels' retrieved from /Users/evankrupa/airflow_project/env/lib/python3.11/site-packages/airflow/example_dags/example_branch_labels.py
[2025-12-12T07:50:17.076-0500] {logging_mixin.py:188} INFO - [2025-12-12T07:50:17.076-0500] {dag.py:3096} INFO - Sync 1 DAGs
[2025-12-12T07:50:17.081-0500] {logging_mixin.py:188} INFO - [2025-12-12T07:50:17.081-0500] {dag.py:3954} INFO - Setting next_dagrun for example_branch_labels to 2025-12-11 00:00:00+00:00, run_after=2025-12-12 00:00:00+00:00
[2025-12-12T07:50:17.086-0500] {processor.py:183} INFO - Processing /Users/evankrupa/airflow_project/env/lib/python3.11/site-packages/airflow/example_dags/example_branch_labels.py took 0.043 seconds
[2025-12-12T07:51:42.221-0500] {processor.py:161} INFO - Started process (PID=59628) to work on /Users/evankrupa/airflow_project/env/lib/python3.11/site-packages/airflow/example_dags/example_branch_labels.py
[2025-12-12T07:51:42.222-0500] {processor.py:830} INFO - Processing file /Users/evankrupa/airflow_project/env/lib/python3.11/site-packages/airflow/example_dags/example_branch_labels.py for tasks to queue
[2025-12-12T07:51:42.222-0500] {logging_mixin.py:188} INFO - [2025-12-12T07:51:42.222-0500] {dagbag.py:545} INFO - Filling up the DagBag from /Users/evankrupa/airflow_project/env/lib/python3.11/site-packages/airflow/example_dags/example_branch_labels.py
[2025-12-12T07:51:42.225-0500] {processor.py:840} INFO - DAG(s) 'example_branch_labels' retrieved from /Users/evankrupa/airflow_project/env/lib/python3.11/site-packages/airflow/example_dags/example_branch_labels.py
[2025-12-12T07:51:42.253-0500] {logging_mixin.py:188} INFO - [2025-12-12T07:51:42.253-0500] {dag.py:3096} INFO - Sync 1 DAGs
[2025-12-12T07:51:42.257-0500] {logging_mixin.py:188} INFO - [2025-12-12T07:51:42.257-0500] {dag.py:3954} INFO - Setting next_dagrun for example_branch_labels to 2025-12-11 00:00:00+00:00, run_after=2025-12-12 00:00:00+00:00
[2025-12-12T07:51:42.263-0500] {processor.py:183} INFO - Processing /Users/evankrupa/airflow_project/env/lib/python3.11/site-packages/airflow/example_dags/example_branch_labels.py took 0.043 seconds
[2025-12-12T07:53:06.055-0500] {processor.py:161} INFO - Started process (PID=59708) to work on /Users/evankrupa/airflow_project/env/lib/python3.11/site-packages/airflow/example_dags/example_branch_labels.py
[2025-12-12T07:53:06.056-0500] {processor.py:830} INFO - Processing file /Users/evankrupa/airflow_project/env/lib/python3.11/site-packages/airflow/example_dags/example_branch_labels.py for tasks to queue
[2025-12-12T07:53:06.057-0500] {logging_mixin.py:188} INFO - [2025-12-12T07:53:06.057-0500] {dagbag.py:545} INFO - Filling up the DagBag from /Users/evankrupa/airflow_project/env/lib/python3.11/site-packages/airflow/example_dags/example_branch_labels.py
[2025-12-12T07:53:06.060-0500] {processor.py:840} INFO - DAG(s) 'example_branch_labels' retrieved from /Users/evankrupa/airflow_project/env/lib/python3.11/site-packages/airflow/example_dags/example_branch_labels.py
[2025-12-12T07:53:06.089-0500] {logging_mixin.py:188} INFO - [2025-12-12T07:53:06.089-0500] {dag.py:3096} INFO - Sync 1 DAGs
[2025-12-12T07:53:06.094-0500] {logging_mixin.py:188} INFO - [2025-12-12T07:53:06.094-0500] {dag.py:3954} INFO - Setting next_dagrun for example_branch_labels to 2025-12-11 00:00:00+00:00, run_after=2025-12-12 00:00:00+00:00
[2025-12-12T07:53:06.099-0500] {processor.py:183} INFO - Processing /Users/evankrupa/airflow_project/env/lib/python3.11/site-packages/airflow/example_dags/example_branch_labels.py took 0.045 seconds
[2025-12-12T07:54:27.313-0500] {processor.py:161} INFO - Started process (PID=59782) to work on /Users/evankrupa/airflow_project/env/lib/python3.11/site-packages/airflow/example_dags/example_branch_labels.py
[2025-12-12T07:54:27.314-0500] {processor.py:830} INFO - Processing file /Users/evankrupa/airflow_project/env/lib/python3.11/site-packages/airflow/example_dags/example_branch_labels.py for tasks to queue
[2025-12-12T07:54:27.315-0500] {logging_mixin.py:188} INFO - [2025-12-12T07:54:27.314-0500] {dagbag.py:545} INFO - Filling up the DagBag from /Users/evankrupa/airflow_project/env/lib/python3.11/site-packages/airflow/example_dags/example_branch_labels.py
[2025-12-12T07:54:27.317-0500] {processor.py:840} INFO - DAG(s) 'example_branch_labels' retrieved from /Users/evankrupa/airflow_project/env/lib/python3.11/site-packages/airflow/example_dags/example_branch_labels.py
[2025-12-12T07:54:27.345-0500] {logging_mixin.py:188} INFO - [2025-12-12T07:54:27.345-0500] {dag.py:3096} INFO - Sync 1 DAGs
[2025-12-12T07:54:27.350-0500] {logging_mixin.py:188} INFO - [2025-12-12T07:54:27.350-0500] {dag.py:3954} INFO - Setting next_dagrun for example_branch_labels to 2025-12-11 00:00:00+00:00, run_after=2025-12-12 00:00:00+00:00
[2025-12-12T07:54:27.355-0500] {processor.py:183} INFO - Processing /Users/evankrupa/airflow_project/env/lib/python3.11/site-packages/airflow/example_dags/example_branch_labels.py took 0.043 seconds
[2025-12-12T07:55:53.646-0500] {processor.py:161} INFO - Started process (PID=59870) to work on /Users/evankrupa/airflow_project/env/lib/python3.11/site-packages/airflow/example_dags/example_branch_labels.py
[2025-12-12T07:55:53.647-0500] {processor.py:830} INFO - Processing file /Users/evankrupa/airflow_project/env/lib/python3.11/site-packages/airflow/example_dags/example_branch_labels.py for tasks to queue
[2025-12-12T07:55:53.647-0500] {logging_mixin.py:188} INFO - [2025-12-12T07:55:53.647-0500] {dagbag.py:545} INFO - Filling up the DagBag from /Users/evankrupa/airflow_project/env/lib/python3.11/site-packages/airflow/example_dags/example_branch_labels.py
[2025-12-12T07:55:53.650-0500] {processor.py:840} INFO - DAG(s) 'example_branch_labels' retrieved from /Users/evankrupa/airflow_project/env/lib/python3.11/site-packages/airflow/example_dags/example_branch_labels.py
[2025-12-12T07:55:53.677-0500] {logging_mixin.py:188} INFO - [2025-12-12T07:55:53.677-0500] {dag.py:3096} INFO - Sync 1 DAGs
[2025-12-12T07:55:53.682-0500] {logging_mixin.py:188} INFO - [2025-12-12T07:55:53.682-0500] {dag.py:3954} INFO - Setting next_dagrun for example_branch_labels to 2025-12-11 00:00:00+00:00, run_after=2025-12-12 00:00:00+00:00
[2025-12-12T07:55:53.688-0500] {processor.py:183} INFO - Processing /Users/evankrupa/airflow_project/env/lib/python3.11/site-packages/airflow/example_dags/example_branch_labels.py took 0.043 seconds
[2025-12-12T07:57:18.293-0500] {processor.py:161} INFO - Started process (PID=59944) to work on /Users/evankrupa/airflow_project/env/lib/python3.11/site-packages/airflow/example_dags/example_branch_labels.py
[2025-12-12T07:57:18.294-0500] {processor.py:830} INFO - Processing file /Users/evankrupa/airflow_project/env/lib/python3.11/site-packages/airflow/example_dags/example_branch_labels.py for tasks to queue
[2025-12-12T07:57:18.294-0500] {logging_mixin.py:188} INFO - [2025-12-12T07:57:18.294-0500] {dagbag.py:545} INFO - Filling up the DagBag from /Users/evankrupa/airflow_project/env/lib/python3.11/site-packages/airflow/example_dags/example_branch_labels.py
[2025-12-12T07:57:18.297-0500] {processor.py:840} INFO - DAG(s) 'example_branch_labels' retrieved from /Users/evankrupa/airflow_project/env/lib/python3.11/site-packages/airflow/example_dags/example_branch_labels.py
[2025-12-12T07:57:18.324-0500] {logging_mixin.py:188} INFO - [2025-12-12T07:57:18.324-0500] {dag.py:3096} INFO - Sync 1 DAGs
[2025-12-12T07:57:18.329-0500] {logging_mixin.py:188} INFO - [2025-12-12T07:57:18.329-0500] {dag.py:3954} INFO - Setting next_dagrun for example_branch_labels to 2025-12-11 00:00:00+00:00, run_after=2025-12-12 00:00:00+00:00
[2025-12-12T07:57:18.335-0500] {processor.py:183} INFO - Processing /Users/evankrupa/airflow_project/env/lib/python3.11/site-packages/airflow/example_dags/example_branch_labels.py took 0.043 seconds
[2025-12-12T07:58:42.840-0500] {processor.py:161} INFO - Started process (PID=62528) to work on /Users/evankrupa/airflow_project/env/lib/python3.11/site-packages/airflow/example_dags/example_branch_labels.py
[2025-12-12T07:58:42.840-0500] {processor.py:830} INFO - Processing file /Users/evankrupa/airflow_project/env/lib/python3.11/site-packages/airflow/example_dags/example_branch_labels.py for tasks to queue
[2025-12-12T07:58:42.841-0500] {logging_mixin.py:188} INFO - [2025-12-12T07:58:42.840-0500] {dagbag.py:545} INFO - Filling up the DagBag from /Users/evankrupa/airflow_project/env/lib/python3.11/site-packages/airflow/example_dags/example_branch_labels.py
[2025-12-12T07:58:42.843-0500] {processor.py:840} INFO - DAG(s) 'example_branch_labels' retrieved from /Users/evankrupa/airflow_project/env/lib/python3.11/site-packages/airflow/example_dags/example_branch_labels.py
[2025-12-12T07:58:42.874-0500] {logging_mixin.py:188} INFO - [2025-12-12T07:58:42.874-0500] {dag.py:3096} INFO - Sync 1 DAGs
[2025-12-12T07:58:42.879-0500] {logging_mixin.py:188} INFO - [2025-12-12T07:58:42.879-0500] {dag.py:3954} INFO - Setting next_dagrun for example_branch_labels to 2025-12-11 00:00:00+00:00, run_after=2025-12-12 00:00:00+00:00
[2025-12-12T07:58:42.885-0500] {processor.py:183} INFO - Processing /Users/evankrupa/airflow_project/env/lib/python3.11/site-packages/airflow/example_dags/example_branch_labels.py took 0.046 seconds
[2025-12-12T08:00:09.304-0500] {processor.py:161} INFO - Started process (PID=62747) to work on /Users/evankrupa/airflow_project/env/lib/python3.11/site-packages/airflow/example_dags/example_branch_labels.py
[2025-12-12T08:00:09.304-0500] {processor.py:830} INFO - Processing file /Users/evankrupa/airflow_project/env/lib/python3.11/site-packages/airflow/example_dags/example_branch_labels.py for tasks to queue
[2025-12-12T08:00:09.305-0500] {logging_mixin.py:188} INFO - [2025-12-12T08:00:09.305-0500] {dagbag.py:545} INFO - Filling up the DagBag from /Users/evankrupa/airflow_project/env/lib/python3.11/site-packages/airflow/example_dags/example_branch_labels.py
[2025-12-12T08:00:09.307-0500] {processor.py:840} INFO - DAG(s) 'example_branch_labels' retrieved from /Users/evankrupa/airflow_project/env/lib/python3.11/site-packages/airflow/example_dags/example_branch_labels.py
[2025-12-12T08:00:09.335-0500] {logging_mixin.py:188} INFO - [2025-12-12T08:00:09.335-0500] {dag.py:3096} INFO - Sync 1 DAGs
[2025-12-12T08:00:09.340-0500] {logging_mixin.py:188} INFO - [2025-12-12T08:00:09.340-0500] {dag.py:3954} INFO - Setting next_dagrun for example_branch_labels to 2025-12-11 00:00:00+00:00, run_after=2025-12-12 00:00:00+00:00
[2025-12-12T08:00:09.346-0500] {processor.py:183} INFO - Processing /Users/evankrupa/airflow_project/env/lib/python3.11/site-packages/airflow/example_dags/example_branch_labels.py took 0.043 seconds
[2025-12-12T08:01:29.161-0500] {processor.py:161} INFO - Started process (PID=62815) to work on /Users/evankrupa/airflow_project/env/lib/python3.11/site-packages/airflow/example_dags/example_branch_labels.py
[2025-12-12T08:01:29.162-0500] {processor.py:830} INFO - Processing file /Users/evankrupa/airflow_project/env/lib/python3.11/site-packages/airflow/example_dags/example_branch_labels.py for tasks to queue
[2025-12-12T08:01:29.163-0500] {logging_mixin.py:188} INFO - [2025-12-12T08:01:29.163-0500] {dagbag.py:545} INFO - Filling up the DagBag from /Users/evankrupa/airflow_project/env/lib/python3.11/site-packages/airflow/example_dags/example_branch_labels.py
[2025-12-12T08:01:29.166-0500] {processor.py:840} INFO - DAG(s) 'example_branch_labels' retrieved from /Users/evankrupa/airflow_project/env/lib/python3.11/site-packages/airflow/example_dags/example_branch_labels.py
[2025-12-12T08:01:29.194-0500] {logging_mixin.py:188} INFO - [2025-12-12T08:01:29.194-0500] {dag.py:3096} INFO - Sync 1 DAGs
[2025-12-12T08:01:29.199-0500] {logging_mixin.py:188} INFO - [2025-12-12T08:01:29.199-0500] {dag.py:3954} INFO - Setting next_dagrun for example_branch_labels to 2025-12-11 00:00:00+00:00, run_after=2025-12-12 00:00:00+00:00
[2025-12-12T08:01:29.204-0500] {processor.py:183} INFO - Processing /Users/evankrupa/airflow_project/env/lib/python3.11/site-packages/airflow/example_dags/example_branch_labels.py took 0.044 seconds
[2025-12-12T08:02:55.665-0500] {processor.py:161} INFO - Started process (PID=62882) to work on /Users/evankrupa/airflow_project/env/lib/python3.11/site-packages/airflow/example_dags/example_branch_labels.py
[2025-12-12T08:02:55.666-0500] {processor.py:830} INFO - Processing file /Users/evankrupa/airflow_project/env/lib/python3.11/site-packages/airflow/example_dags/example_branch_labels.py for tasks to queue
[2025-12-12T08:02:55.667-0500] {logging_mixin.py:188} INFO - [2025-12-12T08:02:55.667-0500] {dagbag.py:545} INFO - Filling up the DagBag from /Users/evankrupa/airflow_project/env/lib/python3.11/site-packages/airflow/example_dags/example_branch_labels.py
[2025-12-12T08:02:55.669-0500] {processor.py:840} INFO - DAG(s) 'example_branch_labels' retrieved from /Users/evankrupa/airflow_project/env/lib/python3.11/site-packages/airflow/example_dags/example_branch_labels.py
[2025-12-12T08:02:55.697-0500] {logging_mixin.py:188} INFO - [2025-12-12T08:02:55.697-0500] {dag.py:3096} INFO - Sync 1 DAGs
[2025-12-12T08:02:55.702-0500] {logging_mixin.py:188} INFO - [2025-12-12T08:02:55.702-0500] {dag.py:3954} INFO - Setting next_dagrun for example_branch_labels to 2025-12-11 00:00:00+00:00, run_after=2025-12-12 00:00:00+00:00
[2025-12-12T08:02:55.708-0500] {processor.py:183} INFO - Processing /Users/evankrupa/airflow_project/env/lib/python3.11/site-packages/airflow/example_dags/example_branch_labels.py took 0.043 seconds
[2025-12-12T08:04:20.978-0500] {processor.py:161} INFO - Started process (PID=62970) to work on /Users/evankrupa/airflow_project/env/lib/python3.11/site-packages/airflow/example_dags/example_branch_labels.py
[2025-12-12T08:04:20.979-0500] {processor.py:830} INFO - Processing file /Users/evankrupa/airflow_project/env/lib/python3.11/site-packages/airflow/example_dags/example_branch_labels.py for tasks to queue
[2025-12-12T08:04:20.979-0500] {logging_mixin.py:188} INFO - [2025-12-12T08:04:20.979-0500] {dagbag.py:545} INFO - Filling up the DagBag from /Users/evankrupa/airflow_project/env/lib/python3.11/site-packages/airflow/example_dags/example_branch_labels.py
[2025-12-12T08:04:20.982-0500] {processor.py:840} INFO - DAG(s) 'example_branch_labels' retrieved from /Users/evankrupa/airflow_project/env/lib/python3.11/site-packages/airflow/example_dags/example_branch_labels.py
[2025-12-12T08:04:21.010-0500] {logging_mixin.py:188} INFO - [2025-12-12T08:04:21.010-0500] {dag.py:3096} INFO - Sync 1 DAGs
[2025-12-12T08:04:21.015-0500] {logging_mixin.py:188} INFO - [2025-12-12T08:04:21.015-0500] {dag.py:3954} INFO - Setting next_dagrun for example_branch_labels to 2025-12-11 00:00:00+00:00, run_after=2025-12-12 00:00:00+00:00
[2025-12-12T08:04:21.021-0500] {processor.py:183} INFO - Processing /Users/evankrupa/airflow_project/env/lib/python3.11/site-packages/airflow/example_dags/example_branch_labels.py took 0.043 seconds
[2025-12-12T08:05:43.352-0500] {processor.py:161} INFO - Started process (PID=63102) to work on /Users/evankrupa/airflow_project/env/lib/python3.11/site-packages/airflow/example_dags/example_branch_labels.py
[2025-12-12T08:05:43.352-0500] {processor.py:830} INFO - Processing file /Users/evankrupa/airflow_project/env/lib/python3.11/site-packages/airflow/example_dags/example_branch_labels.py for tasks to queue
[2025-12-12T08:05:43.352-0500] {logging_mixin.py:188} INFO - [2025-12-12T08:05:43.352-0500] {dagbag.py:545} INFO - Filling up the DagBag from /Users/evankrupa/airflow_project/env/lib/python3.11/site-packages/airflow/example_dags/example_branch_labels.py
[2025-12-12T08:05:43.355-0500] {processor.py:840} INFO - DAG(s) 'example_branch_labels' retrieved from /Users/evankrupa/airflow_project/env/lib/python3.11/site-packages/airflow/example_dags/example_branch_labels.py
[2025-12-12T08:05:43.383-0500] {logging_mixin.py:188} INFO - [2025-12-12T08:05:43.383-0500] {dag.py:3096} INFO - Sync 1 DAGs
[2025-12-12T08:05:43.388-0500] {logging_mixin.py:188} INFO - [2025-12-12T08:05:43.388-0500] {dag.py:3954} INFO - Setting next_dagrun for example_branch_labels to 2025-12-11 00:00:00+00:00, run_after=2025-12-12 00:00:00+00:00
[2025-12-12T08:05:43.394-0500] {processor.py:183} INFO - Processing /Users/evankrupa/airflow_project/env/lib/python3.11/site-packages/airflow/example_dags/example_branch_labels.py took 0.043 seconds
[2025-12-12T08:07:11.584-0500] {processor.py:161} INFO - Started process (PID=63621) to work on /Users/evankrupa/airflow_project/env/lib/python3.11/site-packages/airflow/example_dags/example_branch_labels.py
[2025-12-12T08:07:11.584-0500] {processor.py:830} INFO - Processing file /Users/evankrupa/airflow_project/env/lib/python3.11/site-packages/airflow/example_dags/example_branch_labels.py for tasks to queue
[2025-12-12T08:07:11.585-0500] {logging_mixin.py:188} INFO - [2025-12-12T08:07:11.584-0500] {dagbag.py:545} INFO - Filling up the DagBag from /Users/evankrupa/airflow_project/env/lib/python3.11/site-packages/airflow/example_dags/example_branch_labels.py
[2025-12-12T08:07:11.588-0500] {processor.py:840} INFO - DAG(s) 'example_branch_labels' retrieved from /Users/evankrupa/airflow_project/env/lib/python3.11/site-packages/airflow/example_dags/example_branch_labels.py
[2025-12-12T08:07:11.616-0500] {logging_mixin.py:188} INFO - [2025-12-12T08:07:11.616-0500] {dag.py:3096} INFO - Sync 1 DAGs
[2025-12-12T08:07:11.621-0500] {logging_mixin.py:188} INFO - [2025-12-12T08:07:11.621-0500] {dag.py:3954} INFO - Setting next_dagrun for example_branch_labels to 2025-12-11 00:00:00+00:00, run_after=2025-12-12 00:00:00+00:00
[2025-12-12T08:07:11.627-0500] {processor.py:183} INFO - Processing /Users/evankrupa/airflow_project/env/lib/python3.11/site-packages/airflow/example_dags/example_branch_labels.py took 0.044 seconds
[2025-12-12T08:08:40.022-0500] {processor.py:161} INFO - Started process (PID=63700) to work on /Users/evankrupa/airflow_project/env/lib/python3.11/site-packages/airflow/example_dags/example_branch_labels.py
[2025-12-12T08:08:40.022-0500] {processor.py:830} INFO - Processing file /Users/evankrupa/airflow_project/env/lib/python3.11/site-packages/airflow/example_dags/example_branch_labels.py for tasks to queue
[2025-12-12T08:08:40.023-0500] {logging_mixin.py:188} INFO - [2025-12-12T08:08:40.023-0500] {dagbag.py:545} INFO - Filling up the DagBag from /Users/evankrupa/airflow_project/env/lib/python3.11/site-packages/airflow/example_dags/example_branch_labels.py
[2025-12-12T08:08:40.025-0500] {processor.py:840} INFO - DAG(s) 'example_branch_labels' retrieved from /Users/evankrupa/airflow_project/env/lib/python3.11/site-packages/airflow/example_dags/example_branch_labels.py
[2025-12-12T08:08:40.054-0500] {logging_mixin.py:188} INFO - [2025-12-12T08:08:40.054-0500] {dag.py:3096} INFO - Sync 1 DAGs
[2025-12-12T08:08:40.058-0500] {logging_mixin.py:188} INFO - [2025-12-12T08:08:40.058-0500] {dag.py:3954} INFO - Setting next_dagrun for example_branch_labels to 2025-12-11 00:00:00+00:00, run_after=2025-12-12 00:00:00+00:00
[2025-12-12T08:08:40.064-0500] {processor.py:183} INFO - Processing /Users/evankrupa/airflow_project/env/lib/python3.11/site-packages/airflow/example_dags/example_branch_labels.py took 0.043 seconds
[2025-12-12T08:10:05.272-0500] {processor.py:161} INFO - Started process (PID=63771) to work on /Users/evankrupa/airflow_project/env/lib/python3.11/site-packages/airflow/example_dags/example_branch_labels.py
[2025-12-12T08:10:05.272-0500] {processor.py:830} INFO - Processing file /Users/evankrupa/airflow_project/env/lib/python3.11/site-packages/airflow/example_dags/example_branch_labels.py for tasks to queue
[2025-12-12T08:10:05.273-0500] {logging_mixin.py:188} INFO - [2025-12-12T08:10:05.272-0500] {dagbag.py:545} INFO - Filling up the DagBag from /Users/evankrupa/airflow_project/env/lib/python3.11/site-packages/airflow/example_dags/example_branch_labels.py
[2025-12-12T08:10:05.275-0500] {processor.py:840} INFO - DAG(s) 'example_branch_labels' retrieved from /Users/evankrupa/airflow_project/env/lib/python3.11/site-packages/airflow/example_dags/example_branch_labels.py
[2025-12-12T08:10:05.305-0500] {logging_mixin.py:188} INFO - [2025-12-12T08:10:05.304-0500] {dag.py:3096} INFO - Sync 1 DAGs
[2025-12-12T08:10:05.310-0500] {logging_mixin.py:188} INFO - [2025-12-12T08:10:05.310-0500] {dag.py:3954} INFO - Setting next_dagrun for example_branch_labels to 2025-12-11 00:00:00+00:00, run_after=2025-12-12 00:00:00+00:00
[2025-12-12T08:10:05.318-0500] {processor.py:183} INFO - Processing /Users/evankrupa/airflow_project/env/lib/python3.11/site-packages/airflow/example_dags/example_branch_labels.py took 0.047 seconds
[2025-12-12T08:11:33.854-0500] {processor.py:161} INFO - Started process (PID=63838) to work on /Users/evankrupa/airflow_project/env/lib/python3.11/site-packages/airflow/example_dags/example_branch_labels.py
[2025-12-12T08:11:33.855-0500] {processor.py:830} INFO - Processing file /Users/evankrupa/airflow_project/env/lib/python3.11/site-packages/airflow/example_dags/example_branch_labels.py for tasks to queue
[2025-12-12T08:11:33.855-0500] {logging_mixin.py:188} INFO - [2025-12-12T08:11:33.855-0500] {dagbag.py:545} INFO - Filling up the DagBag from /Users/evankrupa/airflow_project/env/lib/python3.11/site-packages/airflow/example_dags/example_branch_labels.py
[2025-12-12T08:11:33.859-0500] {processor.py:840} INFO - DAG(s) 'example_branch_labels' retrieved from /Users/evankrupa/airflow_project/env/lib/python3.11/site-packages/airflow/example_dags/example_branch_labels.py
[2025-12-12T08:11:33.894-0500] {logging_mixin.py:188} INFO - [2025-12-12T08:11:33.894-0500] {dag.py:3096} INFO - Sync 1 DAGs
[2025-12-12T08:11:33.899-0500] {logging_mixin.py:188} INFO - [2025-12-12T08:11:33.899-0500] {dag.py:3954} INFO - Setting next_dagrun for example_branch_labels to 2025-12-11 00:00:00+00:00, run_after=2025-12-12 00:00:00+00:00
[2025-12-12T08:11:33.905-0500] {processor.py:183} INFO - Processing /Users/evankrupa/airflow_project/env/lib/python3.11/site-packages/airflow/example_dags/example_branch_labels.py took 0.053 seconds
[2025-12-12T08:12:59.050-0500] {processor.py:161} INFO - Started process (PID=63906) to work on /Users/evankrupa/airflow_project/env/lib/python3.11/site-packages/airflow/example_dags/example_branch_labels.py
[2025-12-12T08:12:59.051-0500] {processor.py:830} INFO - Processing file /Users/evankrupa/airflow_project/env/lib/python3.11/site-packages/airflow/example_dags/example_branch_labels.py for tasks to queue
[2025-12-12T08:12:59.051-0500] {logging_mixin.py:188} INFO - [2025-12-12T08:12:59.051-0500] {dagbag.py:545} INFO - Filling up the DagBag from /Users/evankrupa/airflow_project/env/lib/python3.11/site-packages/airflow/example_dags/example_branch_labels.py
[2025-12-12T08:12:59.054-0500] {processor.py:840} INFO - DAG(s) 'example_branch_labels' retrieved from /Users/evankrupa/airflow_project/env/lib/python3.11/site-packages/airflow/example_dags/example_branch_labels.py
[2025-12-12T08:12:59.087-0500] {logging_mixin.py:188} INFO - [2025-12-12T08:12:59.086-0500] {dag.py:3096} INFO - Sync 1 DAGs
[2025-12-12T08:12:59.092-0500] {logging_mixin.py:188} INFO - [2025-12-12T08:12:59.092-0500] {dag.py:3954} INFO - Setting next_dagrun for example_branch_labels to 2025-12-11 00:00:00+00:00, run_after=2025-12-12 00:00:00+00:00
[2025-12-12T08:12:59.099-0500] {processor.py:183} INFO - Processing /Users/evankrupa/airflow_project/env/lib/python3.11/site-packages/airflow/example_dags/example_branch_labels.py took 0.049 seconds
[2025-12-12T08:14:20.001-0500] {processor.py:161} INFO - Started process (PID=63972) to work on /Users/evankrupa/airflow_project/env/lib/python3.11/site-packages/airflow/example_dags/example_branch_labels.py
[2025-12-12T08:14:20.002-0500] {processor.py:830} INFO - Processing file /Users/evankrupa/airflow_project/env/lib/python3.11/site-packages/airflow/example_dags/example_branch_labels.py for tasks to queue
[2025-12-12T08:14:20.002-0500] {logging_mixin.py:188} INFO - [2025-12-12T08:14:20.002-0500] {dagbag.py:545} INFO - Filling up the DagBag from /Users/evankrupa/airflow_project/env/lib/python3.11/site-packages/airflow/example_dags/example_branch_labels.py
[2025-12-12T08:14:20.005-0500] {processor.py:840} INFO - DAG(s) 'example_branch_labels' retrieved from /Users/evankrupa/airflow_project/env/lib/python3.11/site-packages/airflow/example_dags/example_branch_labels.py
[2025-12-12T08:14:20.034-0500] {logging_mixin.py:188} INFO - [2025-12-12T08:14:20.034-0500] {dag.py:3096} INFO - Sync 1 DAGs
[2025-12-12T08:14:20.039-0500] {logging_mixin.py:188} INFO - [2025-12-12T08:14:20.039-0500] {dag.py:3954} INFO - Setting next_dagrun for example_branch_labels to 2025-12-11 00:00:00+00:00, run_after=2025-12-12 00:00:00+00:00
[2025-12-12T08:14:20.045-0500] {processor.py:183} INFO - Processing /Users/evankrupa/airflow_project/env/lib/python3.11/site-packages/airflow/example_dags/example_branch_labels.py took 0.045 seconds
[2025-12-12T08:15:42.433-0500] {processor.py:161} INFO - Started process (PID=64045) to work on /Users/evankrupa/airflow_project/env/lib/python3.11/site-packages/airflow/example_dags/example_branch_labels.py
[2025-12-12T08:15:42.434-0500] {processor.py:830} INFO - Processing file /Users/evankrupa/airflow_project/env/lib/python3.11/site-packages/airflow/example_dags/example_branch_labels.py for tasks to queue
[2025-12-12T08:15:42.434-0500] {logging_mixin.py:188} INFO - [2025-12-12T08:15:42.434-0500] {dagbag.py:545} INFO - Filling up the DagBag from /Users/evankrupa/airflow_project/env/lib/python3.11/site-packages/airflow/example_dags/example_branch_labels.py
[2025-12-12T08:15:42.437-0500] {processor.py:840} INFO - DAG(s) 'example_branch_labels' retrieved from /Users/evankrupa/airflow_project/env/lib/python3.11/site-packages/airflow/example_dags/example_branch_labels.py
[2025-12-12T08:15:42.465-0500] {logging_mixin.py:188} INFO - [2025-12-12T08:15:42.465-0500] {dag.py:3096} INFO - Sync 1 DAGs
[2025-12-12T08:15:42.470-0500] {logging_mixin.py:188} INFO - [2025-12-12T08:15:42.470-0500] {dag.py:3954} INFO - Setting next_dagrun for example_branch_labels to 2025-12-11 00:00:00+00:00, run_after=2025-12-12 00:00:00+00:00
[2025-12-12T08:15:42.475-0500] {processor.py:183} INFO - Processing /Users/evankrupa/airflow_project/env/lib/python3.11/site-packages/airflow/example_dags/example_branch_labels.py took 0.043 seconds
[2025-12-12T08:17:07.438-0500] {processor.py:161} INFO - Started process (PID=64113) to work on /Users/evankrupa/airflow_project/env/lib/python3.11/site-packages/airflow/example_dags/example_branch_labels.py
[2025-12-12T08:17:07.439-0500] {processor.py:830} INFO - Processing file /Users/evankrupa/airflow_project/env/lib/python3.11/site-packages/airflow/example_dags/example_branch_labels.py for tasks to queue
[2025-12-12T08:17:07.439-0500] {logging_mixin.py:188} INFO - [2025-12-12T08:17:07.439-0500] {dagbag.py:545} INFO - Filling up the DagBag from /Users/evankrupa/airflow_project/env/lib/python3.11/site-packages/airflow/example_dags/example_branch_labels.py
[2025-12-12T08:17:07.442-0500] {processor.py:840} INFO - DAG(s) 'example_branch_labels' retrieved from /Users/evankrupa/airflow_project/env/lib/python3.11/site-packages/airflow/example_dags/example_branch_labels.py
[2025-12-12T08:17:07.469-0500] {logging_mixin.py:188} INFO - [2025-12-12T08:17:07.469-0500] {dag.py:3096} INFO - Sync 1 DAGs
[2025-12-12T08:17:07.474-0500] {logging_mixin.py:188} INFO - [2025-12-12T08:17:07.474-0500] {dag.py:3954} INFO - Setting next_dagrun for example_branch_labels to 2025-12-11 00:00:00+00:00, run_after=2025-12-12 00:00:00+00:00
[2025-12-12T08:17:07.479-0500] {processor.py:183} INFO - Processing /Users/evankrupa/airflow_project/env/lib/python3.11/site-packages/airflow/example_dags/example_branch_labels.py took 0.043 seconds
[2025-12-12T08:18:31.646-0500] {processor.py:161} INFO - Started process (PID=64182) to work on /Users/evankrupa/airflow_project/env/lib/python3.11/site-packages/airflow/example_dags/example_branch_labels.py
[2025-12-12T08:18:31.647-0500] {processor.py:830} INFO - Processing file /Users/evankrupa/airflow_project/env/lib/python3.11/site-packages/airflow/example_dags/example_branch_labels.py for tasks to queue
[2025-12-12T08:18:31.647-0500] {logging_mixin.py:188} INFO - [2025-12-12T08:18:31.647-0500] {dagbag.py:545} INFO - Filling up the DagBag from /Users/evankrupa/airflow_project/env/lib/python3.11/site-packages/airflow/example_dags/example_branch_labels.py
[2025-12-12T08:18:31.650-0500] {processor.py:840} INFO - DAG(s) 'example_branch_labels' retrieved from /Users/evankrupa/airflow_project/env/lib/python3.11/site-packages/airflow/example_dags/example_branch_labels.py
[2025-12-12T08:18:31.679-0500] {logging_mixin.py:188} INFO - [2025-12-12T08:18:31.678-0500] {dag.py:3096} INFO - Sync 1 DAGs
[2025-12-12T08:18:31.683-0500] {logging_mixin.py:188} INFO - [2025-12-12T08:18:31.683-0500] {dag.py:3954} INFO - Setting next_dagrun for example_branch_labels to 2025-12-11 00:00:00+00:00, run_after=2025-12-12 00:00:00+00:00
[2025-12-12T08:18:31.689-0500] {processor.py:183} INFO - Processing /Users/evankrupa/airflow_project/env/lib/python3.11/site-packages/airflow/example_dags/example_branch_labels.py took 0.044 seconds
[2025-12-12T08:19:55.405-0500] {processor.py:161} INFO - Started process (PID=64249) to work on /Users/evankrupa/airflow_project/env/lib/python3.11/site-packages/airflow/example_dags/example_branch_labels.py
[2025-12-12T08:19:55.406-0500] {processor.py:830} INFO - Processing file /Users/evankrupa/airflow_project/env/lib/python3.11/site-packages/airflow/example_dags/example_branch_labels.py for tasks to queue
[2025-12-12T08:19:55.406-0500] {logging_mixin.py:188} INFO - [2025-12-12T08:19:55.406-0500] {dagbag.py:545} INFO - Filling up the DagBag from /Users/evankrupa/airflow_project/env/lib/python3.11/site-packages/airflow/example_dags/example_branch_labels.py
[2025-12-12T08:19:55.409-0500] {processor.py:840} INFO - DAG(s) 'example_branch_labels' retrieved from /Users/evankrupa/airflow_project/env/lib/python3.11/site-packages/airflow/example_dags/example_branch_labels.py
[2025-12-12T08:19:55.437-0500] {logging_mixin.py:188} INFO - [2025-12-12T08:19:55.436-0500] {dag.py:3096} INFO - Sync 1 DAGs
[2025-12-12T08:19:55.441-0500] {logging_mixin.py:188} INFO - [2025-12-12T08:19:55.441-0500] {dag.py:3954} INFO - Setting next_dagrun for example_branch_labels to 2025-12-11 00:00:00+00:00, run_after=2025-12-12 00:00:00+00:00
[2025-12-12T08:19:55.447-0500] {processor.py:183} INFO - Processing /Users/evankrupa/airflow_project/env/lib/python3.11/site-packages/airflow/example_dags/example_branch_labels.py took 0.043 seconds
[2025-12-12T08:21:20.652-0500] {processor.py:161} INFO - Started process (PID=64316) to work on /Users/evankrupa/airflow_project/env/lib/python3.11/site-packages/airflow/example_dags/example_branch_labels.py
[2025-12-12T08:21:20.653-0500] {processor.py:830} INFO - Processing file /Users/evankrupa/airflow_project/env/lib/python3.11/site-packages/airflow/example_dags/example_branch_labels.py for tasks to queue
[2025-12-12T08:21:20.653-0500] {logging_mixin.py:188} INFO - [2025-12-12T08:21:20.653-0500] {dagbag.py:545} INFO - Filling up the DagBag from /Users/evankrupa/airflow_project/env/lib/python3.11/site-packages/airflow/example_dags/example_branch_labels.py
[2025-12-12T08:21:20.656-0500] {processor.py:840} INFO - DAG(s) 'example_branch_labels' retrieved from /Users/evankrupa/airflow_project/env/lib/python3.11/site-packages/airflow/example_dags/example_branch_labels.py
[2025-12-12T08:21:20.684-0500] {logging_mixin.py:188} INFO - [2025-12-12T08:21:20.684-0500] {dag.py:3096} INFO - Sync 1 DAGs
[2025-12-12T08:21:20.689-0500] {logging_mixin.py:188} INFO - [2025-12-12T08:21:20.689-0500] {dag.py:3954} INFO - Setting next_dagrun for example_branch_labels to 2025-12-11 00:00:00+00:00, run_after=2025-12-12 00:00:00+00:00
[2025-12-12T08:21:20.695-0500] {processor.py:183} INFO - Processing /Users/evankrupa/airflow_project/env/lib/python3.11/site-packages/airflow/example_dags/example_branch_labels.py took 0.043 seconds
[2025-12-12T08:22:43.606-0500] {processor.py:161} INFO - Started process (PID=64382) to work on /Users/evankrupa/airflow_project/env/lib/python3.11/site-packages/airflow/example_dags/example_branch_labels.py
[2025-12-12T08:22:43.608-0500] {processor.py:830} INFO - Processing file /Users/evankrupa/airflow_project/env/lib/python3.11/site-packages/airflow/example_dags/example_branch_labels.py for tasks to queue
[2025-12-12T08:22:43.608-0500] {logging_mixin.py:188} INFO - [2025-12-12T08:22:43.608-0500] {dagbag.py:545} INFO - Filling up the DagBag from /Users/evankrupa/airflow_project/env/lib/python3.11/site-packages/airflow/example_dags/example_branch_labels.py
[2025-12-12T08:22:43.611-0500] {processor.py:840} INFO - DAG(s) 'example_branch_labels' retrieved from /Users/evankrupa/airflow_project/env/lib/python3.11/site-packages/airflow/example_dags/example_branch_labels.py
[2025-12-12T08:22:43.640-0500] {logging_mixin.py:188} INFO - [2025-12-12T08:22:43.640-0500] {dag.py:3096} INFO - Sync 1 DAGs
[2025-12-12T08:22:43.645-0500] {logging_mixin.py:188} INFO - [2025-12-12T08:22:43.645-0500] {dag.py:3954} INFO - Setting next_dagrun for example_branch_labels to 2025-12-11 00:00:00+00:00, run_after=2025-12-12 00:00:00+00:00
[2025-12-12T08:22:43.650-0500] {processor.py:183} INFO - Processing /Users/evankrupa/airflow_project/env/lib/python3.11/site-packages/airflow/example_dags/example_branch_labels.py took 0.045 seconds
[2025-12-12T08:24:09.710-0500] {processor.py:161} INFO - Started process (PID=64457) to work on /Users/evankrupa/airflow_project/env/lib/python3.11/site-packages/airflow/example_dags/example_branch_labels.py
[2025-12-12T08:24:09.711-0500] {processor.py:830} INFO - Processing file /Users/evankrupa/airflow_project/env/lib/python3.11/site-packages/airflow/example_dags/example_branch_labels.py for tasks to queue
[2025-12-12T08:24:09.711-0500] {logging_mixin.py:188} INFO - [2025-12-12T08:24:09.711-0500] {dagbag.py:545} INFO - Filling up the DagBag from /Users/evankrupa/airflow_project/env/lib/python3.11/site-packages/airflow/example_dags/example_branch_labels.py
[2025-12-12T08:24:09.714-0500] {processor.py:840} INFO - DAG(s) 'example_branch_labels' retrieved from /Users/evankrupa/airflow_project/env/lib/python3.11/site-packages/airflow/example_dags/example_branch_labels.py
[2025-12-12T08:24:09.741-0500] {logging_mixin.py:188} INFO - [2025-12-12T08:24:09.741-0500] {dag.py:3096} INFO - Sync 1 DAGs
[2025-12-12T08:24:09.746-0500] {logging_mixin.py:188} INFO - [2025-12-12T08:24:09.746-0500] {dag.py:3954} INFO - Setting next_dagrun for example_branch_labels to 2025-12-11 00:00:00+00:00, run_after=2025-12-12 00:00:00+00:00
[2025-12-12T08:24:09.752-0500] {processor.py:183} INFO - Processing /Users/evankrupa/airflow_project/env/lib/python3.11/site-packages/airflow/example_dags/example_branch_labels.py took 0.043 seconds
[2025-12-12T08:25:30.314-0500] {processor.py:161} INFO - Started process (PID=64525) to work on /Users/evankrupa/airflow_project/env/lib/python3.11/site-packages/airflow/example_dags/example_branch_labels.py
[2025-12-12T08:25:30.315-0500] {processor.py:830} INFO - Processing file /Users/evankrupa/airflow_project/env/lib/python3.11/site-packages/airflow/example_dags/example_branch_labels.py for tasks to queue
[2025-12-12T08:25:30.316-0500] {logging_mixin.py:188} INFO - [2025-12-12T08:25:30.315-0500] {dagbag.py:545} INFO - Filling up the DagBag from /Users/evankrupa/airflow_project/env/lib/python3.11/site-packages/airflow/example_dags/example_branch_labels.py
[2025-12-12T08:25:30.319-0500] {processor.py:840} INFO - DAG(s) 'example_branch_labels' retrieved from /Users/evankrupa/airflow_project/env/lib/python3.11/site-packages/airflow/example_dags/example_branch_labels.py
[2025-12-12T08:25:30.351-0500] {logging_mixin.py:188} INFO - [2025-12-12T08:25:30.351-0500] {dag.py:3096} INFO - Sync 1 DAGs
[2025-12-12T08:25:30.358-0500] {logging_mixin.py:188} INFO - [2025-12-12T08:25:30.358-0500] {dag.py:3954} INFO - Setting next_dagrun for example_branch_labels to 2025-12-11 00:00:00+00:00, run_after=2025-12-12 00:00:00+00:00
[2025-12-12T08:25:30.366-0500] {processor.py:183} INFO - Processing /Users/evankrupa/airflow_project/env/lib/python3.11/site-packages/airflow/example_dags/example_branch_labels.py took 0.053 seconds
[2025-12-12T08:26:56.726-0500] {processor.py:161} INFO - Started process (PID=64600) to work on /Users/evankrupa/airflow_project/env/lib/python3.11/site-packages/airflow/example_dags/example_branch_labels.py
[2025-12-12T08:26:56.727-0500] {processor.py:830} INFO - Processing file /Users/evankrupa/airflow_project/env/lib/python3.11/site-packages/airflow/example_dags/example_branch_labels.py for tasks to queue
[2025-12-12T08:26:56.727-0500] {logging_mixin.py:188} INFO - [2025-12-12T08:26:56.727-0500] {dagbag.py:545} INFO - Filling up the DagBag from /Users/evankrupa/airflow_project/env/lib/python3.11/site-packages/airflow/example_dags/example_branch_labels.py
[2025-12-12T08:26:56.730-0500] {processor.py:840} INFO - DAG(s) 'example_branch_labels' retrieved from /Users/evankrupa/airflow_project/env/lib/python3.11/site-packages/airflow/example_dags/example_branch_labels.py
[2025-12-12T08:26:56.758-0500] {logging_mixin.py:188} INFO - [2025-12-12T08:26:56.758-0500] {dag.py:3096} INFO - Sync 1 DAGs
[2025-12-12T08:26:56.763-0500] {logging_mixin.py:188} INFO - [2025-12-12T08:26:56.763-0500] {dag.py:3954} INFO - Setting next_dagrun for example_branch_labels to 2025-12-11 00:00:00+00:00, run_after=2025-12-12 00:00:00+00:00
[2025-12-12T08:26:56.769-0500] {processor.py:183} INFO - Processing /Users/evankrupa/airflow_project/env/lib/python3.11/site-packages/airflow/example_dags/example_branch_labels.py took 0.044 seconds
[2025-12-12T08:28:23.000-0500] {processor.py:161} INFO - Started process (PID=64702) to work on /Users/evankrupa/airflow_project/env/lib/python3.11/site-packages/airflow/example_dags/example_branch_labels.py
[2025-12-12T08:28:23.001-0500] {processor.py:830} INFO - Processing file /Users/evankrupa/airflow_project/env/lib/python3.11/site-packages/airflow/example_dags/example_branch_labels.py for tasks to queue
[2025-12-12T08:28:23.001-0500] {logging_mixin.py:188} INFO - [2025-12-12T08:28:23.001-0500] {dagbag.py:545} INFO - Filling up the DagBag from /Users/evankrupa/airflow_project/env/lib/python3.11/site-packages/airflow/example_dags/example_branch_labels.py
[2025-12-12T08:28:23.004-0500] {processor.py:840} INFO - DAG(s) 'example_branch_labels' retrieved from /Users/evankrupa/airflow_project/env/lib/python3.11/site-packages/airflow/example_dags/example_branch_labels.py
[2025-12-12T08:28:23.032-0500] {logging_mixin.py:188} INFO - [2025-12-12T08:28:23.032-0500] {dag.py:3096} INFO - Sync 1 DAGs
[2025-12-12T08:28:23.037-0500] {logging_mixin.py:188} INFO - [2025-12-12T08:28:23.037-0500] {dag.py:3954} INFO - Setting next_dagrun for example_branch_labels to 2025-12-11 00:00:00+00:00, run_after=2025-12-12 00:00:00+00:00
[2025-12-12T08:28:23.042-0500] {processor.py:183} INFO - Processing /Users/evankrupa/airflow_project/env/lib/python3.11/site-packages/airflow/example_dags/example_branch_labels.py took 0.044 seconds
[2025-12-12T08:29:45.414-0500] {processor.py:161} INFO - Started process (PID=64775) to work on /Users/evankrupa/airflow_project/env/lib/python3.11/site-packages/airflow/example_dags/example_branch_labels.py
[2025-12-12T08:29:45.415-0500] {processor.py:830} INFO - Processing file /Users/evankrupa/airflow_project/env/lib/python3.11/site-packages/airflow/example_dags/example_branch_labels.py for tasks to queue
[2025-12-12T08:29:45.415-0500] {logging_mixin.py:188} INFO - [2025-12-12T08:29:45.415-0500] {dagbag.py:545} INFO - Filling up the DagBag from /Users/evankrupa/airflow_project/env/lib/python3.11/site-packages/airflow/example_dags/example_branch_labels.py
[2025-12-12T08:29:45.418-0500] {processor.py:840} INFO - DAG(s) 'example_branch_labels' retrieved from /Users/evankrupa/airflow_project/env/lib/python3.11/site-packages/airflow/example_dags/example_branch_labels.py
[2025-12-12T08:29:45.446-0500] {logging_mixin.py:188} INFO - [2025-12-12T08:29:45.446-0500] {dag.py:3096} INFO - Sync 1 DAGs
[2025-12-12T08:29:45.451-0500] {logging_mixin.py:188} INFO - [2025-12-12T08:29:45.451-0500] {dag.py:3954} INFO - Setting next_dagrun for example_branch_labels to 2025-12-11 00:00:00+00:00, run_after=2025-12-12 00:00:00+00:00
[2025-12-12T08:29:45.457-0500] {processor.py:183} INFO - Processing /Users/evankrupa/airflow_project/env/lib/python3.11/site-packages/airflow/example_dags/example_branch_labels.py took 0.044 seconds
[2025-12-12T08:31:06.784-0500] {processor.py:161} INFO - Started process (PID=64861) to work on /Users/evankrupa/airflow_project/env/lib/python3.11/site-packages/airflow/example_dags/example_branch_labels.py
[2025-12-12T08:31:06.785-0500] {processor.py:830} INFO - Processing file /Users/evankrupa/airflow_project/env/lib/python3.11/site-packages/airflow/example_dags/example_branch_labels.py for tasks to queue
[2025-12-12T08:31:06.785-0500] {logging_mixin.py:188} INFO - [2025-12-12T08:31:06.785-0500] {dagbag.py:545} INFO - Filling up the DagBag from /Users/evankrupa/airflow_project/env/lib/python3.11/site-packages/airflow/example_dags/example_branch_labels.py
[2025-12-12T08:31:06.788-0500] {processor.py:840} INFO - DAG(s) 'example_branch_labels' retrieved from /Users/evankrupa/airflow_project/env/lib/python3.11/site-packages/airflow/example_dags/example_branch_labels.py
[2025-12-12T08:31:06.815-0500] {logging_mixin.py:188} INFO - [2025-12-12T08:31:06.815-0500] {dag.py:3096} INFO - Sync 1 DAGs
[2025-12-12T08:31:06.820-0500] {logging_mixin.py:188} INFO - [2025-12-12T08:31:06.820-0500] {dag.py:3954} INFO - Setting next_dagrun for example_branch_labels to 2025-12-11 00:00:00+00:00, run_after=2025-12-12 00:00:00+00:00
[2025-12-12T08:31:06.826-0500] {processor.py:183} INFO - Processing /Users/evankrupa/airflow_project/env/lib/python3.11/site-packages/airflow/example_dags/example_branch_labels.py took 0.043 seconds
[2025-12-12T08:32:31.222-0500] {processor.py:161} INFO - Started process (PID=64950) to work on /Users/evankrupa/airflow_project/env/lib/python3.11/site-packages/airflow/example_dags/example_branch_labels.py
[2025-12-12T08:32:31.222-0500] {processor.py:830} INFO - Processing file /Users/evankrupa/airflow_project/env/lib/python3.11/site-packages/airflow/example_dags/example_branch_labels.py for tasks to queue
[2025-12-12T08:32:31.222-0500] {logging_mixin.py:188} INFO - [2025-12-12T08:32:31.222-0500] {dagbag.py:545} INFO - Filling up the DagBag from /Users/evankrupa/airflow_project/env/lib/python3.11/site-packages/airflow/example_dags/example_branch_labels.py
[2025-12-12T08:32:31.225-0500] {processor.py:840} INFO - DAG(s) 'example_branch_labels' retrieved from /Users/evankrupa/airflow_project/env/lib/python3.11/site-packages/airflow/example_dags/example_branch_labels.py
[2025-12-12T08:32:31.253-0500] {logging_mixin.py:188} INFO - [2025-12-12T08:32:31.253-0500] {dag.py:3096} INFO - Sync 1 DAGs
[2025-12-12T08:32:31.257-0500] {logging_mixin.py:188} INFO - [2025-12-12T08:32:31.257-0500] {dag.py:3954} INFO - Setting next_dagrun for example_branch_labels to 2025-12-11 00:00:00+00:00, run_after=2025-12-12 00:00:00+00:00
[2025-12-12T08:32:31.263-0500] {processor.py:183} INFO - Processing /Users/evankrupa/airflow_project/env/lib/python3.11/site-packages/airflow/example_dags/example_branch_labels.py took 0.042 seconds
[2025-12-12T08:33:55.467-0500] {processor.py:161} INFO - Started process (PID=65046) to work on /Users/evankrupa/airflow_project/env/lib/python3.11/site-packages/airflow/example_dags/example_branch_labels.py
[2025-12-12T08:33:55.468-0500] {processor.py:830} INFO - Processing file /Users/evankrupa/airflow_project/env/lib/python3.11/site-packages/airflow/example_dags/example_branch_labels.py for tasks to queue
[2025-12-12T08:33:55.468-0500] {logging_mixin.py:188} INFO - [2025-12-12T08:33:55.468-0500] {dagbag.py:545} INFO - Filling up the DagBag from /Users/evankrupa/airflow_project/env/lib/python3.11/site-packages/airflow/example_dags/example_branch_labels.py
[2025-12-12T08:33:55.471-0500] {processor.py:840} INFO - DAG(s) 'example_branch_labels' retrieved from /Users/evankrupa/airflow_project/env/lib/python3.11/site-packages/airflow/example_dags/example_branch_labels.py
[2025-12-12T08:33:55.499-0500] {logging_mixin.py:188} INFO - [2025-12-12T08:33:55.499-0500] {dag.py:3096} INFO - Sync 1 DAGs
[2025-12-12T08:33:55.504-0500] {logging_mixin.py:188} INFO - [2025-12-12T08:33:55.504-0500] {dag.py:3954} INFO - Setting next_dagrun for example_branch_labels to 2025-12-11 00:00:00+00:00, run_after=2025-12-12 00:00:00+00:00
[2025-12-12T08:33:55.510-0500] {processor.py:183} INFO - Processing /Users/evankrupa/airflow_project/env/lib/python3.11/site-packages/airflow/example_dags/example_branch_labels.py took 0.044 seconds
[2025-12-12T08:35:23.083-0500] {processor.py:161} INFO - Started process (PID=65141) to work on /Users/evankrupa/airflow_project/env/lib/python3.11/site-packages/airflow/example_dags/example_branch_labels.py
[2025-12-12T08:35:23.084-0500] {processor.py:830} INFO - Processing file /Users/evankrupa/airflow_project/env/lib/python3.11/site-packages/airflow/example_dags/example_branch_labels.py for tasks to queue
[2025-12-12T08:35:23.084-0500] {logging_mixin.py:188} INFO - [2025-12-12T08:35:23.084-0500] {dagbag.py:545} INFO - Filling up the DagBag from /Users/evankrupa/airflow_project/env/lib/python3.11/site-packages/airflow/example_dags/example_branch_labels.py
[2025-12-12T08:35:23.087-0500] {processor.py:840} INFO - DAG(s) 'example_branch_labels' retrieved from /Users/evankrupa/airflow_project/env/lib/python3.11/site-packages/airflow/example_dags/example_branch_labels.py
[2025-12-12T08:35:23.114-0500] {logging_mixin.py:188} INFO - [2025-12-12T08:35:23.114-0500] {dag.py:3096} INFO - Sync 1 DAGs
[2025-12-12T08:35:23.119-0500] {logging_mixin.py:188} INFO - [2025-12-12T08:35:23.119-0500] {dag.py:3954} INFO - Setting next_dagrun for example_branch_labels to 2025-12-11 00:00:00+00:00, run_after=2025-12-12 00:00:00+00:00
[2025-12-12T08:35:23.125-0500] {processor.py:183} INFO - Processing /Users/evankrupa/airflow_project/env/lib/python3.11/site-packages/airflow/example_dags/example_branch_labels.py took 0.043 seconds
[2025-12-12T08:36:45.196-0500] {processor.py:161} INFO - Started process (PID=65218) to work on /Users/evankrupa/airflow_project/env/lib/python3.11/site-packages/airflow/example_dags/example_branch_labels.py
[2025-12-12T08:36:45.197-0500] {processor.py:830} INFO - Processing file /Users/evankrupa/airflow_project/env/lib/python3.11/site-packages/airflow/example_dags/example_branch_labels.py for tasks to queue
[2025-12-12T08:36:45.197-0500] {logging_mixin.py:188} INFO - [2025-12-12T08:36:45.197-0500] {dagbag.py:545} INFO - Filling up the DagBag from /Users/evankrupa/airflow_project/env/lib/python3.11/site-packages/airflow/example_dags/example_branch_labels.py
[2025-12-12T08:36:45.200-0500] {processor.py:840} INFO - DAG(s) 'example_branch_labels' retrieved from /Users/evankrupa/airflow_project/env/lib/python3.11/site-packages/airflow/example_dags/example_branch_labels.py
[2025-12-12T08:36:45.228-0500] {logging_mixin.py:188} INFO - [2025-12-12T08:36:45.228-0500] {dag.py:3096} INFO - Sync 1 DAGs
[2025-12-12T08:36:45.233-0500] {logging_mixin.py:188} INFO - [2025-12-12T08:36:45.233-0500] {dag.py:3954} INFO - Setting next_dagrun for example_branch_labels to 2025-12-11 00:00:00+00:00, run_after=2025-12-12 00:00:00+00:00
[2025-12-12T08:36:45.239-0500] {processor.py:183} INFO - Processing /Users/evankrupa/airflow_project/env/lib/python3.11/site-packages/airflow/example_dags/example_branch_labels.py took 0.044 seconds
[2025-12-12T08:38:10.645-0500] {processor.py:161} INFO - Started process (PID=65288) to work on /Users/evankrupa/airflow_project/env/lib/python3.11/site-packages/airflow/example_dags/example_branch_labels.py
[2025-12-12T08:38:10.646-0500] {processor.py:830} INFO - Processing file /Users/evankrupa/airflow_project/env/lib/python3.11/site-packages/airflow/example_dags/example_branch_labels.py for tasks to queue
[2025-12-12T08:38:10.646-0500] {logging_mixin.py:188} INFO - [2025-12-12T08:38:10.646-0500] {dagbag.py:545} INFO - Filling up the DagBag from /Users/evankrupa/airflow_project/env/lib/python3.11/site-packages/airflow/example_dags/example_branch_labels.py
[2025-12-12T08:38:10.649-0500] {processor.py:840} INFO - DAG(s) 'example_branch_labels' retrieved from /Users/evankrupa/airflow_project/env/lib/python3.11/site-packages/airflow/example_dags/example_branch_labels.py
[2025-12-12T08:38:10.679-0500] {logging_mixin.py:188} INFO - [2025-12-12T08:38:10.679-0500] {dag.py:3096} INFO - Sync 1 DAGs
[2025-12-12T08:38:10.684-0500] {logging_mixin.py:188} INFO - [2025-12-12T08:38:10.684-0500] {dag.py:3954} INFO - Setting next_dagrun for example_branch_labels to 2025-12-11 00:00:00+00:00, run_after=2025-12-12 00:00:00+00:00
[2025-12-12T08:38:10.690-0500] {processor.py:183} INFO - Processing /Users/evankrupa/airflow_project/env/lib/python3.11/site-packages/airflow/example_dags/example_branch_labels.py took 0.045 seconds
[2025-12-12T08:39:32.932-0500] {processor.py:161} INFO - Started process (PID=65367) to work on /Users/evankrupa/airflow_project/env/lib/python3.11/site-packages/airflow/example_dags/example_branch_labels.py
[2025-12-12T08:39:32.933-0500] {processor.py:830} INFO - Processing file /Users/evankrupa/airflow_project/env/lib/python3.11/site-packages/airflow/example_dags/example_branch_labels.py for tasks to queue
[2025-12-12T08:39:32.933-0500] {logging_mixin.py:188} INFO - [2025-12-12T08:39:32.933-0500] {dagbag.py:545} INFO - Filling up the DagBag from /Users/evankrupa/airflow_project/env/lib/python3.11/site-packages/airflow/example_dags/example_branch_labels.py
[2025-12-12T08:39:32.936-0500] {processor.py:840} INFO - DAG(s) 'example_branch_labels' retrieved from /Users/evankrupa/airflow_project/env/lib/python3.11/site-packages/airflow/example_dags/example_branch_labels.py
[2025-12-12T08:39:32.963-0500] {logging_mixin.py:188} INFO - [2025-12-12T08:39:32.963-0500] {dag.py:3096} INFO - Sync 1 DAGs
[2025-12-12T08:39:32.968-0500] {logging_mixin.py:188} INFO - [2025-12-12T08:39:32.968-0500] {dag.py:3954} INFO - Setting next_dagrun for example_branch_labels to 2025-12-11 00:00:00+00:00, run_after=2025-12-12 00:00:00+00:00
[2025-12-12T08:39:32.974-0500] {processor.py:183} INFO - Processing /Users/evankrupa/airflow_project/env/lib/python3.11/site-packages/airflow/example_dags/example_branch_labels.py took 0.042 seconds
[2025-12-12T08:40:57.142-0500] {processor.py:161} INFO - Started process (PID=65453) to work on /Users/evankrupa/airflow_project/env/lib/python3.11/site-packages/airflow/example_dags/example_branch_labels.py
[2025-12-12T08:40:57.143-0500] {processor.py:830} INFO - Processing file /Users/evankrupa/airflow_project/env/lib/python3.11/site-packages/airflow/example_dags/example_branch_labels.py for tasks to queue
[2025-12-12T08:40:57.143-0500] {logging_mixin.py:188} INFO - [2025-12-12T08:40:57.143-0500] {dagbag.py:545} INFO - Filling up the DagBag from /Users/evankrupa/airflow_project/env/lib/python3.11/site-packages/airflow/example_dags/example_branch_labels.py
[2025-12-12T08:40:57.146-0500] {processor.py:840} INFO - DAG(s) 'example_branch_labels' retrieved from /Users/evankrupa/airflow_project/env/lib/python3.11/site-packages/airflow/example_dags/example_branch_labels.py
[2025-12-12T08:40:57.173-0500] {logging_mixin.py:188} INFO - [2025-12-12T08:40:57.173-0500] {dag.py:3096} INFO - Sync 1 DAGs
[2025-12-12T08:40:57.178-0500] {logging_mixin.py:188} INFO - [2025-12-12T08:40:57.178-0500] {dag.py:3954} INFO - Setting next_dagrun for example_branch_labels to 2025-12-11 00:00:00+00:00, run_after=2025-12-12 00:00:00+00:00
[2025-12-12T08:40:57.184-0500] {processor.py:183} INFO - Processing /Users/evankrupa/airflow_project/env/lib/python3.11/site-packages/airflow/example_dags/example_branch_labels.py took 0.043 seconds
[2025-12-12T08:42:19.301-0500] {processor.py:161} INFO - Started process (PID=65521) to work on /Users/evankrupa/airflow_project/env/lib/python3.11/site-packages/airflow/example_dags/example_branch_labels.py
[2025-12-12T08:42:19.301-0500] {processor.py:830} INFO - Processing file /Users/evankrupa/airflow_project/env/lib/python3.11/site-packages/airflow/example_dags/example_branch_labels.py for tasks to queue
[2025-12-12T08:42:19.301-0500] {logging_mixin.py:188} INFO - [2025-12-12T08:42:19.301-0500] {dagbag.py:545} INFO - Filling up the DagBag from /Users/evankrupa/airflow_project/env/lib/python3.11/site-packages/airflow/example_dags/example_branch_labels.py
[2025-12-12T08:42:19.304-0500] {processor.py:840} INFO - DAG(s) 'example_branch_labels' retrieved from /Users/evankrupa/airflow_project/env/lib/python3.11/site-packages/airflow/example_dags/example_branch_labels.py
[2025-12-12T08:42:19.331-0500] {logging_mixin.py:188} INFO - [2025-12-12T08:42:19.331-0500] {dag.py:3096} INFO - Sync 1 DAGs
[2025-12-12T08:42:19.336-0500] {logging_mixin.py:188} INFO - [2025-12-12T08:42:19.336-0500] {dag.py:3954} INFO - Setting next_dagrun for example_branch_labels to 2025-12-11 00:00:00+00:00, run_after=2025-12-12 00:00:00+00:00
[2025-12-12T08:42:19.341-0500] {processor.py:183} INFO - Processing /Users/evankrupa/airflow_project/env/lib/python3.11/site-packages/airflow/example_dags/example_branch_labels.py took 0.042 seconds
[2025-12-12T08:43:43.379-0500] {processor.py:161} INFO - Started process (PID=65604) to work on /Users/evankrupa/airflow_project/env/lib/python3.11/site-packages/airflow/example_dags/example_branch_labels.py
[2025-12-12T08:43:43.380-0500] {processor.py:830} INFO - Processing file /Users/evankrupa/airflow_project/env/lib/python3.11/site-packages/airflow/example_dags/example_branch_labels.py for tasks to queue
[2025-12-12T08:43:43.380-0500] {logging_mixin.py:188} INFO - [2025-12-12T08:43:43.380-0500] {dagbag.py:545} INFO - Filling up the DagBag from /Users/evankrupa/airflow_project/env/lib/python3.11/site-packages/airflow/example_dags/example_branch_labels.py
[2025-12-12T08:43:43.383-0500] {processor.py:840} INFO - DAG(s) 'example_branch_labels' retrieved from /Users/evankrupa/airflow_project/env/lib/python3.11/site-packages/airflow/example_dags/example_branch_labels.py
[2025-12-12T08:43:43.410-0500] {logging_mixin.py:188} INFO - [2025-12-12T08:43:43.410-0500] {dag.py:3096} INFO - Sync 1 DAGs
[2025-12-12T08:43:43.415-0500] {logging_mixin.py:188} INFO - [2025-12-12T08:43:43.415-0500] {dag.py:3954} INFO - Setting next_dagrun for example_branch_labels to 2025-12-11 00:00:00+00:00, run_after=2025-12-12 00:00:00+00:00
[2025-12-12T08:43:43.421-0500] {processor.py:183} INFO - Processing /Users/evankrupa/airflow_project/env/lib/python3.11/site-packages/airflow/example_dags/example_branch_labels.py took 0.043 seconds
[2025-12-12T08:45:06.770-0500] {processor.py:161} INFO - Started process (PID=65680) to work on /Users/evankrupa/airflow_project/env/lib/python3.11/site-packages/airflow/example_dags/example_branch_labels.py
[2025-12-12T08:45:06.771-0500] {processor.py:830} INFO - Processing file /Users/evankrupa/airflow_project/env/lib/python3.11/site-packages/airflow/example_dags/example_branch_labels.py for tasks to queue
[2025-12-12T08:45:06.771-0500] {logging_mixin.py:188} INFO - [2025-12-12T08:45:06.771-0500] {dagbag.py:545} INFO - Filling up the DagBag from /Users/evankrupa/airflow_project/env/lib/python3.11/site-packages/airflow/example_dags/example_branch_labels.py
[2025-12-12T08:45:06.773-0500] {processor.py:840} INFO - DAG(s) 'example_branch_labels' retrieved from /Users/evankrupa/airflow_project/env/lib/python3.11/site-packages/airflow/example_dags/example_branch_labels.py
[2025-12-12T08:45:06.801-0500] {logging_mixin.py:188} INFO - [2025-12-12T08:45:06.801-0500] {dag.py:3096} INFO - Sync 1 DAGs
[2025-12-12T08:45:06.806-0500] {logging_mixin.py:188} INFO - [2025-12-12T08:45:06.806-0500] {dag.py:3954} INFO - Setting next_dagrun for example_branch_labels to 2025-12-11 00:00:00+00:00, run_after=2025-12-12 00:00:00+00:00
[2025-12-12T08:45:06.812-0500] {processor.py:183} INFO - Processing /Users/evankrupa/airflow_project/env/lib/python3.11/site-packages/airflow/example_dags/example_branch_labels.py took 0.042 seconds
