[2025-12-12T07:26:09.454-0500] {processor.py:161} INFO - Started process (PID=56895) to work on /Users/evankrupa/airflow_project/env/lib/python3.11/site-packages/airflow/example_dags/example_branch_day_of_week_operator.py
[2025-12-12T07:26:09.454-0500] {processor.py:830} INFO - Processing file /Users/evankrupa/airflow_project/env/lib/python3.11/site-packages/airflow/example_dags/example_branch_day_of_week_operator.py for tasks to queue
[2025-12-12T07:26:09.454-0500] {logging_mixin.py:188} INFO - [2025-12-12T07:26:09.454-0500] {dagbag.py:545} INFO - Filling up the DagBag from /Users/evankrupa/airflow_project/env/lib/python3.11/site-packages/airflow/example_dags/example_branch_day_of_week_operator.py
[2025-12-12T07:26:09.459-0500] {processor.py:840} INFO - DAG(s) 'example_weekday_branch_operator' retrieved from /Users/evankrupa/airflow_project/env/lib/python3.11/site-packages/airflow/example_dags/example_branch_day_of_week_operator.py
[2025-12-12T07:26:09.513-0500] {logging_mixin.py:188} INFO - [2025-12-12T07:26:09.512-0500] {override.py:1829} INFO - Created Permission View: can delete on DAG:example_weekday_branch_operator
[2025-12-12T07:26:09.515-0500] {logging_mixin.py:188} INFO - [2025-12-12T07:26:09.515-0500] {override.py:1829} INFO - Created Permission View: can edit on DAG:example_weekday_branch_operator
[2025-12-12T07:26:09.516-0500] {logging_mixin.py:188} INFO - [2025-12-12T07:26:09.516-0500] {override.py:1829} INFO - Created Permission View: can read on DAG:example_weekday_branch_operator
[2025-12-12T07:26:09.516-0500] {logging_mixin.py:188} INFO - [2025-12-12T07:26:09.516-0500] {dag.py:3096} INFO - Sync 1 DAGs
[2025-12-12T07:26:09.519-0500] {logging_mixin.py:188} INFO - [2025-12-12T07:26:09.519-0500] {dag.py:3118} INFO - Creating ORM DAG for example_weekday_branch_operator
[2025-12-12T07:26:09.522-0500] {logging_mixin.py:188} INFO - [2025-12-12T07:26:09.522-0500] {dag.py:3954} INFO - Setting next_dagrun for example_weekday_branch_operator to 2025-12-11 00:00:00+00:00, run_after=2025-12-12 00:00:00+00:00
[2025-12-12T07:26:09.526-0500] {processor.py:183} INFO - Processing /Users/evankrupa/airflow_project/env/lib/python3.11/site-packages/airflow/example_dags/example_branch_day_of_week_operator.py took 0.073 seconds
[2025-12-12T07:27:34.792-0500] {processor.py:161} INFO - Started process (PID=57526) to work on /Users/evankrupa/airflow_project/env/lib/python3.11/site-packages/airflow/example_dags/example_branch_day_of_week_operator.py
[2025-12-12T07:27:34.793-0500] {processor.py:830} INFO - Processing file /Users/evankrupa/airflow_project/env/lib/python3.11/site-packages/airflow/example_dags/example_branch_day_of_week_operator.py for tasks to queue
[2025-12-12T07:27:34.793-0500] {logging_mixin.py:188} INFO - [2025-12-12T07:27:34.793-0500] {dagbag.py:545} INFO - Filling up the DagBag from /Users/evankrupa/airflow_project/env/lib/python3.11/site-packages/airflow/example_dags/example_branch_day_of_week_operator.py
[2025-12-12T07:27:34.796-0500] {processor.py:840} INFO - DAG(s) 'example_weekday_branch_operator' retrieved from /Users/evankrupa/airflow_project/env/lib/python3.11/site-packages/airflow/example_dags/example_branch_day_of_week_operator.py
[2025-12-12T07:27:34.825-0500] {logging_mixin.py:188} INFO - [2025-12-12T07:27:34.825-0500] {dag.py:3096} INFO - Sync 1 DAGs
[2025-12-12T07:27:34.830-0500] {logging_mixin.py:188} INFO - [2025-12-12T07:27:34.830-0500] {dag.py:3954} INFO - Setting next_dagrun for example_weekday_branch_operator to 2025-12-11 00:00:00+00:00, run_after=2025-12-12 00:00:00+00:00
[2025-12-12T07:27:34.835-0500] {processor.py:183} INFO - Processing /Users/evankrupa/airflow_project/env/lib/python3.11/site-packages/airflow/example_dags/example_branch_day_of_week_operator.py took 0.045 seconds
[2025-12-12T07:29:00.387-0500] {processor.py:161} INFO - Started process (PID=57771) to work on /Users/evankrupa/airflow_project/env/lib/python3.11/site-packages/airflow/example_dags/example_branch_day_of_week_operator.py
[2025-12-12T07:29:00.387-0500] {processor.py:830} INFO - Processing file /Users/evankrupa/airflow_project/env/lib/python3.11/site-packages/airflow/example_dags/example_branch_day_of_week_operator.py for tasks to queue
[2025-12-12T07:29:00.387-0500] {logging_mixin.py:188} INFO - [2025-12-12T07:29:00.387-0500] {dagbag.py:545} INFO - Filling up the DagBag from /Users/evankrupa/airflow_project/env/lib/python3.11/site-packages/airflow/example_dags/example_branch_day_of_week_operator.py
[2025-12-12T07:29:00.391-0500] {processor.py:840} INFO - DAG(s) 'example_weekday_branch_operator' retrieved from /Users/evankrupa/airflow_project/env/lib/python3.11/site-packages/airflow/example_dags/example_branch_day_of_week_operator.py
[2025-12-12T07:29:00.420-0500] {logging_mixin.py:188} INFO - [2025-12-12T07:29:00.420-0500] {dag.py:3096} INFO - Sync 1 DAGs
[2025-12-12T07:29:00.426-0500] {logging_mixin.py:188} INFO - [2025-12-12T07:29:00.426-0500] {dag.py:3954} INFO - Setting next_dagrun for example_weekday_branch_operator to 2025-12-11 00:00:00+00:00, run_after=2025-12-12 00:00:00+00:00
[2025-12-12T07:29:00.433-0500] {processor.py:183} INFO - Processing /Users/evankrupa/airflow_project/env/lib/python3.11/site-packages/airflow/example_dags/example_branch_day_of_week_operator.py took 0.048 seconds
[2025-12-12T07:30:26.126-0500] {processor.py:161} INFO - Started process (PID=58018) to work on /Users/evankrupa/airflow_project/env/lib/python3.11/site-packages/airflow/example_dags/example_branch_day_of_week_operator.py
[2025-12-12T07:30:26.126-0500] {processor.py:830} INFO - Processing file /Users/evankrupa/airflow_project/env/lib/python3.11/site-packages/airflow/example_dags/example_branch_day_of_week_operator.py for tasks to queue
[2025-12-12T07:30:26.127-0500] {logging_mixin.py:188} INFO - [2025-12-12T07:30:26.126-0500] {dagbag.py:545} INFO - Filling up the DagBag from /Users/evankrupa/airflow_project/env/lib/python3.11/site-packages/airflow/example_dags/example_branch_day_of_week_operator.py
[2025-12-12T07:30:26.130-0500] {processor.py:840} INFO - DAG(s) 'example_weekday_branch_operator' retrieved from /Users/evankrupa/airflow_project/env/lib/python3.11/site-packages/airflow/example_dags/example_branch_day_of_week_operator.py
[2025-12-12T07:30:26.158-0500] {logging_mixin.py:188} INFO - [2025-12-12T07:30:26.158-0500] {dag.py:3096} INFO - Sync 1 DAGs
[2025-12-12T07:30:26.163-0500] {logging_mixin.py:188} INFO - [2025-12-12T07:30:26.163-0500] {dag.py:3954} INFO - Setting next_dagrun for example_weekday_branch_operator to 2025-12-11 00:00:00+00:00, run_after=2025-12-12 00:00:00+00:00
[2025-12-12T07:30:26.169-0500] {processor.py:183} INFO - Processing /Users/evankrupa/airflow_project/env/lib/python3.11/site-packages/airflow/example_dags/example_branch_day_of_week_operator.py took 0.044 seconds
[2025-12-12T07:31:51.922-0500] {processor.py:161} INFO - Started process (PID=58358) to work on /Users/evankrupa/airflow_project/env/lib/python3.11/site-packages/airflow/example_dags/example_branch_day_of_week_operator.py
[2025-12-12T07:31:51.923-0500] {processor.py:830} INFO - Processing file /Users/evankrupa/airflow_project/env/lib/python3.11/site-packages/airflow/example_dags/example_branch_day_of_week_operator.py for tasks to queue
[2025-12-12T07:31:51.923-0500] {logging_mixin.py:188} INFO - [2025-12-12T07:31:51.923-0500] {dagbag.py:545} INFO - Filling up the DagBag from /Users/evankrupa/airflow_project/env/lib/python3.11/site-packages/airflow/example_dags/example_branch_day_of_week_operator.py
[2025-12-12T07:31:51.927-0500] {processor.py:840} INFO - DAG(s) 'example_weekday_branch_operator' retrieved from /Users/evankrupa/airflow_project/env/lib/python3.11/site-packages/airflow/example_dags/example_branch_day_of_week_operator.py
[2025-12-12T07:31:51.955-0500] {logging_mixin.py:188} INFO - [2025-12-12T07:31:51.955-0500] {dag.py:3096} INFO - Sync 1 DAGs
[2025-12-12T07:31:51.960-0500] {logging_mixin.py:188} INFO - [2025-12-12T07:31:51.960-0500] {dag.py:3954} INFO - Setting next_dagrun for example_weekday_branch_operator to 2025-12-11 00:00:00+00:00, run_after=2025-12-12 00:00:00+00:00
[2025-12-12T07:31:51.966-0500] {processor.py:183} INFO - Processing /Users/evankrupa/airflow_project/env/lib/python3.11/site-packages/airflow/example_dags/example_branch_day_of_week_operator.py took 0.045 seconds
[2025-12-12T07:33:18.585-0500] {processor.py:161} INFO - Started process (PID=58446) to work on /Users/evankrupa/airflow_project/env/lib/python3.11/site-packages/airflow/example_dags/example_branch_day_of_week_operator.py
[2025-12-12T07:33:18.586-0500] {processor.py:830} INFO - Processing file /Users/evankrupa/airflow_project/env/lib/python3.11/site-packages/airflow/example_dags/example_branch_day_of_week_operator.py for tasks to queue
[2025-12-12T07:33:18.586-0500] {logging_mixin.py:188} INFO - [2025-12-12T07:33:18.586-0500] {dagbag.py:545} INFO - Filling up the DagBag from /Users/evankrupa/airflow_project/env/lib/python3.11/site-packages/airflow/example_dags/example_branch_day_of_week_operator.py
[2025-12-12T07:33:18.590-0500] {processor.py:840} INFO - DAG(s) 'example_weekday_branch_operator' retrieved from /Users/evankrupa/airflow_project/env/lib/python3.11/site-packages/airflow/example_dags/example_branch_day_of_week_operator.py
[2025-12-12T07:33:18.618-0500] {logging_mixin.py:188} INFO - [2025-12-12T07:33:18.618-0500] {dag.py:3096} INFO - Sync 1 DAGs
[2025-12-12T07:33:18.623-0500] {logging_mixin.py:188} INFO - [2025-12-12T07:33:18.623-0500] {dag.py:3954} INFO - Setting next_dagrun for example_weekday_branch_operator to 2025-12-11 00:00:00+00:00, run_after=2025-12-12 00:00:00+00:00
[2025-12-12T07:33:18.629-0500] {processor.py:183} INFO - Processing /Users/evankrupa/airflow_project/env/lib/python3.11/site-packages/airflow/example_dags/example_branch_day_of_week_operator.py took 0.045 seconds
[2025-12-12T07:34:44.153-0500] {processor.py:161} INFO - Started process (PID=58525) to work on /Users/evankrupa/airflow_project/env/lib/python3.11/site-packages/airflow/example_dags/example_branch_day_of_week_operator.py
[2025-12-12T07:34:44.154-0500] {processor.py:830} INFO - Processing file /Users/evankrupa/airflow_project/env/lib/python3.11/site-packages/airflow/example_dags/example_branch_day_of_week_operator.py for tasks to queue
[2025-12-12T07:34:44.154-0500] {logging_mixin.py:188} INFO - [2025-12-12T07:34:44.154-0500] {dagbag.py:545} INFO - Filling up the DagBag from /Users/evankrupa/airflow_project/env/lib/python3.11/site-packages/airflow/example_dags/example_branch_day_of_week_operator.py
[2025-12-12T07:34:44.158-0500] {processor.py:840} INFO - DAG(s) 'example_weekday_branch_operator' retrieved from /Users/evankrupa/airflow_project/env/lib/python3.11/site-packages/airflow/example_dags/example_branch_day_of_week_operator.py
[2025-12-12T07:34:44.186-0500] {logging_mixin.py:188} INFO - [2025-12-12T07:34:44.186-0500] {dag.py:3096} INFO - Sync 1 DAGs
[2025-12-12T07:34:44.191-0500] {logging_mixin.py:188} INFO - [2025-12-12T07:34:44.191-0500] {dag.py:3954} INFO - Setting next_dagrun for example_weekday_branch_operator to 2025-12-11 00:00:00+00:00, run_after=2025-12-12 00:00:00+00:00
[2025-12-12T07:34:44.197-0500] {processor.py:183} INFO - Processing /Users/evankrupa/airflow_project/env/lib/python3.11/site-packages/airflow/example_dags/example_branch_day_of_week_operator.py took 0.045 seconds
[2025-12-12T07:36:07.058-0500] {processor.py:161} INFO - Started process (PID=58597) to work on /Users/evankrupa/airflow_project/env/lib/python3.11/site-packages/airflow/example_dags/example_branch_day_of_week_operator.py
[2025-12-12T07:36:07.059-0500] {processor.py:830} INFO - Processing file /Users/evankrupa/airflow_project/env/lib/python3.11/site-packages/airflow/example_dags/example_branch_day_of_week_operator.py for tasks to queue
[2025-12-12T07:36:07.060-0500] {logging_mixin.py:188} INFO - [2025-12-12T07:36:07.060-0500] {dagbag.py:545} INFO - Filling up the DagBag from /Users/evankrupa/airflow_project/env/lib/python3.11/site-packages/airflow/example_dags/example_branch_day_of_week_operator.py
[2025-12-12T07:36:07.063-0500] {processor.py:840} INFO - DAG(s) 'example_weekday_branch_operator' retrieved from /Users/evankrupa/airflow_project/env/lib/python3.11/site-packages/airflow/example_dags/example_branch_day_of_week_operator.py
[2025-12-12T07:36:07.091-0500] {logging_mixin.py:188} INFO - [2025-12-12T07:36:07.091-0500] {dag.py:3096} INFO - Sync 1 DAGs
[2025-12-12T07:36:07.096-0500] {logging_mixin.py:188} INFO - [2025-12-12T07:36:07.096-0500] {dag.py:3954} INFO - Setting next_dagrun for example_weekday_branch_operator to 2025-12-11 00:00:00+00:00, run_after=2025-12-12 00:00:00+00:00
[2025-12-12T07:36:07.102-0500] {processor.py:183} INFO - Processing /Users/evankrupa/airflow_project/env/lib/python3.11/site-packages/airflow/example_dags/example_branch_day_of_week_operator.py took 0.045 seconds
[2025-12-12T07:37:31.292-0500] {processor.py:161} INFO - Started process (PID=58666) to work on /Users/evankrupa/airflow_project/env/lib/python3.11/site-packages/airflow/example_dags/example_branch_day_of_week_operator.py
[2025-12-12T07:37:31.293-0500] {processor.py:830} INFO - Processing file /Users/evankrupa/airflow_project/env/lib/python3.11/site-packages/airflow/example_dags/example_branch_day_of_week_operator.py for tasks to queue
[2025-12-12T07:37:31.293-0500] {logging_mixin.py:188} INFO - [2025-12-12T07:37:31.293-0500] {dagbag.py:545} INFO - Filling up the DagBag from /Users/evankrupa/airflow_project/env/lib/python3.11/site-packages/airflow/example_dags/example_branch_day_of_week_operator.py
[2025-12-12T07:37:31.297-0500] {processor.py:840} INFO - DAG(s) 'example_weekday_branch_operator' retrieved from /Users/evankrupa/airflow_project/env/lib/python3.11/site-packages/airflow/example_dags/example_branch_day_of_week_operator.py
[2025-12-12T07:37:31.326-0500] {logging_mixin.py:188} INFO - [2025-12-12T07:37:31.326-0500] {dag.py:3096} INFO - Sync 1 DAGs
[2025-12-12T07:37:31.332-0500] {logging_mixin.py:188} INFO - [2025-12-12T07:37:31.332-0500] {dag.py:3954} INFO - Setting next_dagrun for example_weekday_branch_operator to 2025-12-11 00:00:00+00:00, run_after=2025-12-12 00:00:00+00:00
[2025-12-12T07:37:31.337-0500] {processor.py:183} INFO - Processing /Users/evankrupa/airflow_project/env/lib/python3.11/site-packages/airflow/example_dags/example_branch_day_of_week_operator.py took 0.046 seconds
[2025-12-12T07:38:56.133-0500] {processor.py:161} INFO - Started process (PID=58769) to work on /Users/evankrupa/airflow_project/env/lib/python3.11/site-packages/airflow/example_dags/example_branch_day_of_week_operator.py
[2025-12-12T07:38:56.133-0500] {processor.py:830} INFO - Processing file /Users/evankrupa/airflow_project/env/lib/python3.11/site-packages/airflow/example_dags/example_branch_day_of_week_operator.py for tasks to queue
[2025-12-12T07:38:56.134-0500] {logging_mixin.py:188} INFO - [2025-12-12T07:38:56.134-0500] {dagbag.py:545} INFO - Filling up the DagBag from /Users/evankrupa/airflow_project/env/lib/python3.11/site-packages/airflow/example_dags/example_branch_day_of_week_operator.py
[2025-12-12T07:38:56.142-0500] {processor.py:840} INFO - DAG(s) 'example_weekday_branch_operator' retrieved from /Users/evankrupa/airflow_project/env/lib/python3.11/site-packages/airflow/example_dags/example_branch_day_of_week_operator.py
[2025-12-12T07:38:56.176-0500] {logging_mixin.py:188} INFO - [2025-12-12T07:38:56.176-0500] {dag.py:3096} INFO - Sync 1 DAGs
[2025-12-12T07:38:56.183-0500] {logging_mixin.py:188} INFO - [2025-12-12T07:38:56.183-0500] {dag.py:3954} INFO - Setting next_dagrun for example_weekday_branch_operator to 2025-12-11 00:00:00+00:00, run_after=2025-12-12 00:00:00+00:00
[2025-12-12T07:38:56.191-0500] {processor.py:183} INFO - Processing /Users/evankrupa/airflow_project/env/lib/python3.11/site-packages/airflow/example_dags/example_branch_day_of_week_operator.py took 0.060 seconds
[2025-12-12T07:40:21.553-0500] {processor.py:161} INFO - Started process (PID=58874) to work on /Users/evankrupa/airflow_project/env/lib/python3.11/site-packages/airflow/example_dags/example_branch_day_of_week_operator.py
[2025-12-12T07:40:21.554-0500] {processor.py:830} INFO - Processing file /Users/evankrupa/airflow_project/env/lib/python3.11/site-packages/airflow/example_dags/example_branch_day_of_week_operator.py for tasks to queue
[2025-12-12T07:40:21.554-0500] {logging_mixin.py:188} INFO - [2025-12-12T07:40:21.554-0500] {dagbag.py:545} INFO - Filling up the DagBag from /Users/evankrupa/airflow_project/env/lib/python3.11/site-packages/airflow/example_dags/example_branch_day_of_week_operator.py
[2025-12-12T07:40:21.558-0500] {processor.py:840} INFO - DAG(s) 'example_weekday_branch_operator' retrieved from /Users/evankrupa/airflow_project/env/lib/python3.11/site-packages/airflow/example_dags/example_branch_day_of_week_operator.py
[2025-12-12T07:40:21.587-0500] {logging_mixin.py:188} INFO - [2025-12-12T07:40:21.587-0500] {dag.py:3096} INFO - Sync 1 DAGs
[2025-12-12T07:40:21.592-0500] {logging_mixin.py:188} INFO - [2025-12-12T07:40:21.592-0500] {dag.py:3954} INFO - Setting next_dagrun for example_weekday_branch_operator to 2025-12-11 00:00:00+00:00, run_after=2025-12-12 00:00:00+00:00
[2025-12-12T07:40:21.599-0500] {processor.py:183} INFO - Processing /Users/evankrupa/airflow_project/env/lib/python3.11/site-packages/airflow/example_dags/example_branch_day_of_week_operator.py took 0.046 seconds
[2025-12-12T07:41:47.633-0500] {processor.py:161} INFO - Started process (PID=58963) to work on /Users/evankrupa/airflow_project/env/lib/python3.11/site-packages/airflow/example_dags/example_branch_day_of_week_operator.py
[2025-12-12T07:41:47.634-0500] {processor.py:830} INFO - Processing file /Users/evankrupa/airflow_project/env/lib/python3.11/site-packages/airflow/example_dags/example_branch_day_of_week_operator.py for tasks to queue
[2025-12-12T07:41:47.634-0500] {logging_mixin.py:188} INFO - [2025-12-12T07:41:47.634-0500] {dagbag.py:545} INFO - Filling up the DagBag from /Users/evankrupa/airflow_project/env/lib/python3.11/site-packages/airflow/example_dags/example_branch_day_of_week_operator.py
[2025-12-12T07:41:47.638-0500] {processor.py:840} INFO - DAG(s) 'example_weekday_branch_operator' retrieved from /Users/evankrupa/airflow_project/env/lib/python3.11/site-packages/airflow/example_dags/example_branch_day_of_week_operator.py
[2025-12-12T07:41:47.666-0500] {logging_mixin.py:188} INFO - [2025-12-12T07:41:47.666-0500] {dag.py:3096} INFO - Sync 1 DAGs
[2025-12-12T07:41:47.671-0500] {logging_mixin.py:188} INFO - [2025-12-12T07:41:47.671-0500] {dag.py:3954} INFO - Setting next_dagrun for example_weekday_branch_operator to 2025-12-11 00:00:00+00:00, run_after=2025-12-12 00:00:00+00:00
[2025-12-12T07:41:47.676-0500] {processor.py:183} INFO - Processing /Users/evankrupa/airflow_project/env/lib/python3.11/site-packages/airflow/example_dags/example_branch_day_of_week_operator.py took 0.044 seconds
[2025-12-12T07:43:11.213-0500] {processor.py:161} INFO - Started process (PID=59126) to work on /Users/evankrupa/airflow_project/env/lib/python3.11/site-packages/airflow/example_dags/example_branch_day_of_week_operator.py
[2025-12-12T07:43:11.214-0500] {processor.py:830} INFO - Processing file /Users/evankrupa/airflow_project/env/lib/python3.11/site-packages/airflow/example_dags/example_branch_day_of_week_operator.py for tasks to queue
[2025-12-12T07:43:11.215-0500] {logging_mixin.py:188} INFO - [2025-12-12T07:43:11.215-0500] {dagbag.py:545} INFO - Filling up the DagBag from /Users/evankrupa/airflow_project/env/lib/python3.11/site-packages/airflow/example_dags/example_branch_day_of_week_operator.py
[2025-12-12T07:43:11.218-0500] {processor.py:840} INFO - DAG(s) 'example_weekday_branch_operator' retrieved from /Users/evankrupa/airflow_project/env/lib/python3.11/site-packages/airflow/example_dags/example_branch_day_of_week_operator.py
[2025-12-12T07:43:11.247-0500] {logging_mixin.py:188} INFO - [2025-12-12T07:43:11.247-0500] {dag.py:3096} INFO - Sync 1 DAGs
[2025-12-12T07:43:11.253-0500] {logging_mixin.py:188} INFO - [2025-12-12T07:43:11.253-0500] {dag.py:3954} INFO - Setting next_dagrun for example_weekday_branch_operator to 2025-12-11 00:00:00+00:00, run_after=2025-12-12 00:00:00+00:00
[2025-12-12T07:43:11.260-0500] {processor.py:183} INFO - Processing /Users/evankrupa/airflow_project/env/lib/python3.11/site-packages/airflow/example_dags/example_branch_day_of_week_operator.py took 0.047 seconds
[2025-12-12T07:44:35.694-0500] {processor.py:161} INFO - Started process (PID=59211) to work on /Users/evankrupa/airflow_project/env/lib/python3.11/site-packages/airflow/example_dags/example_branch_day_of_week_operator.py
[2025-12-12T07:44:35.695-0500] {processor.py:830} INFO - Processing file /Users/evankrupa/airflow_project/env/lib/python3.11/site-packages/airflow/example_dags/example_branch_day_of_week_operator.py for tasks to queue
[2025-12-12T07:44:35.695-0500] {logging_mixin.py:188} INFO - [2025-12-12T07:44:35.695-0500] {dagbag.py:545} INFO - Filling up the DagBag from /Users/evankrupa/airflow_project/env/lib/python3.11/site-packages/airflow/example_dags/example_branch_day_of_week_operator.py
[2025-12-12T07:44:35.699-0500] {processor.py:840} INFO - DAG(s) 'example_weekday_branch_operator' retrieved from /Users/evankrupa/airflow_project/env/lib/python3.11/site-packages/airflow/example_dags/example_branch_day_of_week_operator.py
[2025-12-12T07:44:35.729-0500] {logging_mixin.py:188} INFO - [2025-12-12T07:44:35.729-0500] {dag.py:3096} INFO - Sync 1 DAGs
[2025-12-12T07:44:35.734-0500] {logging_mixin.py:188} INFO - [2025-12-12T07:44:35.734-0500] {dag.py:3954} INFO - Setting next_dagrun for example_weekday_branch_operator to 2025-12-11 00:00:00+00:00, run_after=2025-12-12 00:00:00+00:00
[2025-12-12T07:44:35.740-0500] {processor.py:183} INFO - Processing /Users/evankrupa/airflow_project/env/lib/python3.11/site-packages/airflow/example_dags/example_branch_day_of_week_operator.py took 0.046 seconds
[2025-12-12T07:46:02.114-0500] {processor.py:161} INFO - Started process (PID=59293) to work on /Users/evankrupa/airflow_project/env/lib/python3.11/site-packages/airflow/example_dags/example_branch_day_of_week_operator.py
[2025-12-12T07:46:02.115-0500] {processor.py:830} INFO - Processing file /Users/evankrupa/airflow_project/env/lib/python3.11/site-packages/airflow/example_dags/example_branch_day_of_week_operator.py for tasks to queue
[2025-12-12T07:46:02.115-0500] {logging_mixin.py:188} INFO - [2025-12-12T07:46:02.115-0500] {dagbag.py:545} INFO - Filling up the DagBag from /Users/evankrupa/airflow_project/env/lib/python3.11/site-packages/airflow/example_dags/example_branch_day_of_week_operator.py
[2025-12-12T07:46:02.119-0500] {processor.py:840} INFO - DAG(s) 'example_weekday_branch_operator' retrieved from /Users/evankrupa/airflow_project/env/lib/python3.11/site-packages/airflow/example_dags/example_branch_day_of_week_operator.py
[2025-12-12T07:46:02.148-0500] {logging_mixin.py:188} INFO - [2025-12-12T07:46:02.148-0500] {dag.py:3096} INFO - Sync 1 DAGs
[2025-12-12T07:46:02.153-0500] {logging_mixin.py:188} INFO - [2025-12-12T07:46:02.153-0500] {dag.py:3954} INFO - Setting next_dagrun for example_weekday_branch_operator to 2025-12-11 00:00:00+00:00, run_after=2025-12-12 00:00:00+00:00
[2025-12-12T07:46:02.159-0500] {processor.py:183} INFO - Processing /Users/evankrupa/airflow_project/env/lib/python3.11/site-packages/airflow/example_dags/example_branch_day_of_week_operator.py took 0.045 seconds
[2025-12-12T07:47:25.922-0500] {processor.py:161} INFO - Started process (PID=59376) to work on /Users/evankrupa/airflow_project/env/lib/python3.11/site-packages/airflow/example_dags/example_branch_day_of_week_operator.py
[2025-12-12T07:47:25.922-0500] {processor.py:830} INFO - Processing file /Users/evankrupa/airflow_project/env/lib/python3.11/site-packages/airflow/example_dags/example_branch_day_of_week_operator.py for tasks to queue
[2025-12-12T07:47:25.922-0500] {logging_mixin.py:188} INFO - [2025-12-12T07:47:25.922-0500] {dagbag.py:545} INFO - Filling up the DagBag from /Users/evankrupa/airflow_project/env/lib/python3.11/site-packages/airflow/example_dags/example_branch_day_of_week_operator.py
[2025-12-12T07:47:25.926-0500] {processor.py:840} INFO - DAG(s) 'example_weekday_branch_operator' retrieved from /Users/evankrupa/airflow_project/env/lib/python3.11/site-packages/airflow/example_dags/example_branch_day_of_week_operator.py
[2025-12-12T07:47:25.954-0500] {logging_mixin.py:188} INFO - [2025-12-12T07:47:25.954-0500] {dag.py:3096} INFO - Sync 1 DAGs
[2025-12-12T07:47:25.959-0500] {logging_mixin.py:188} INFO - [2025-12-12T07:47:25.959-0500] {dag.py:3954} INFO - Setting next_dagrun for example_weekday_branch_operator to 2025-12-11 00:00:00+00:00, run_after=2025-12-12 00:00:00+00:00
[2025-12-12T07:47:25.965-0500] {processor.py:183} INFO - Processing /Users/evankrupa/airflow_project/env/lib/python3.11/site-packages/airflow/example_dags/example_branch_day_of_week_operator.py took 0.044 seconds
[2025-12-12T07:48:53.116-0500] {processor.py:161} INFO - Started process (PID=59487) to work on /Users/evankrupa/airflow_project/env/lib/python3.11/site-packages/airflow/example_dags/example_branch_day_of_week_operator.py
[2025-12-12T07:48:53.117-0500] {processor.py:830} INFO - Processing file /Users/evankrupa/airflow_project/env/lib/python3.11/site-packages/airflow/example_dags/example_branch_day_of_week_operator.py for tasks to queue
[2025-12-12T07:48:53.117-0500] {logging_mixin.py:188} INFO - [2025-12-12T07:48:53.117-0500] {dagbag.py:545} INFO - Filling up the DagBag from /Users/evankrupa/airflow_project/env/lib/python3.11/site-packages/airflow/example_dags/example_branch_day_of_week_operator.py
[2025-12-12T07:48:53.121-0500] {processor.py:840} INFO - DAG(s) 'example_weekday_branch_operator' retrieved from /Users/evankrupa/airflow_project/env/lib/python3.11/site-packages/airflow/example_dags/example_branch_day_of_week_operator.py
[2025-12-12T07:48:53.151-0500] {logging_mixin.py:188} INFO - [2025-12-12T07:48:53.150-0500] {dag.py:3096} INFO - Sync 1 DAGs
[2025-12-12T07:48:53.155-0500] {logging_mixin.py:188} INFO - [2025-12-12T07:48:53.155-0500] {dag.py:3954} INFO - Setting next_dagrun for example_weekday_branch_operator to 2025-12-11 00:00:00+00:00, run_after=2025-12-12 00:00:00+00:00
[2025-12-12T07:48:53.161-0500] {processor.py:183} INFO - Processing /Users/evankrupa/airflow_project/env/lib/python3.11/site-packages/airflow/example_dags/example_branch_day_of_week_operator.py took 0.046 seconds
[2025-12-12T07:50:18.614-0500] {processor.py:161} INFO - Started process (PID=59563) to work on /Users/evankrupa/airflow_project/env/lib/python3.11/site-packages/airflow/example_dags/example_branch_day_of_week_operator.py
[2025-12-12T07:50:18.616-0500] {processor.py:830} INFO - Processing file /Users/evankrupa/airflow_project/env/lib/python3.11/site-packages/airflow/example_dags/example_branch_day_of_week_operator.py for tasks to queue
[2025-12-12T07:50:18.616-0500] {logging_mixin.py:188} INFO - [2025-12-12T07:50:18.616-0500] {dagbag.py:545} INFO - Filling up the DagBag from /Users/evankrupa/airflow_project/env/lib/python3.11/site-packages/airflow/example_dags/example_branch_day_of_week_operator.py
[2025-12-12T07:50:18.625-0500] {processor.py:840} INFO - DAG(s) 'example_weekday_branch_operator' retrieved from /Users/evankrupa/airflow_project/env/lib/python3.11/site-packages/airflow/example_dags/example_branch_day_of_week_operator.py
[2025-12-12T07:50:18.655-0500] {logging_mixin.py:188} INFO - [2025-12-12T07:50:18.654-0500] {dag.py:3096} INFO - Sync 1 DAGs
[2025-12-12T07:50:18.659-0500] {logging_mixin.py:188} INFO - [2025-12-12T07:50:18.659-0500] {dag.py:3954} INFO - Setting next_dagrun for example_weekday_branch_operator to 2025-12-11 00:00:00+00:00, run_after=2025-12-12 00:00:00+00:00
[2025-12-12T07:50:18.665-0500] {processor.py:183} INFO - Processing /Users/evankrupa/airflow_project/env/lib/python3.11/site-packages/airflow/example_dags/example_branch_day_of_week_operator.py took 0.052 seconds
[2025-12-12T07:51:43.770-0500] {processor.py:161} INFO - Started process (PID=59629) to work on /Users/evankrupa/airflow_project/env/lib/python3.11/site-packages/airflow/example_dags/example_branch_day_of_week_operator.py
[2025-12-12T07:51:43.771-0500] {processor.py:830} INFO - Processing file /Users/evankrupa/airflow_project/env/lib/python3.11/site-packages/airflow/example_dags/example_branch_day_of_week_operator.py for tasks to queue
[2025-12-12T07:51:43.771-0500] {logging_mixin.py:188} INFO - [2025-12-12T07:51:43.771-0500] {dagbag.py:545} INFO - Filling up the DagBag from /Users/evankrupa/airflow_project/env/lib/python3.11/site-packages/airflow/example_dags/example_branch_day_of_week_operator.py
[2025-12-12T07:51:43.775-0500] {processor.py:840} INFO - DAG(s) 'example_weekday_branch_operator' retrieved from /Users/evankrupa/airflow_project/env/lib/python3.11/site-packages/airflow/example_dags/example_branch_day_of_week_operator.py
[2025-12-12T07:51:43.803-0500] {logging_mixin.py:188} INFO - [2025-12-12T07:51:43.803-0500] {dag.py:3096} INFO - Sync 1 DAGs
[2025-12-12T07:51:43.808-0500] {logging_mixin.py:188} INFO - [2025-12-12T07:51:43.808-0500] {dag.py:3954} INFO - Setting next_dagrun for example_weekday_branch_operator to 2025-12-11 00:00:00+00:00, run_after=2025-12-12 00:00:00+00:00
[2025-12-12T07:51:43.813-0500] {processor.py:183} INFO - Processing /Users/evankrupa/airflow_project/env/lib/python3.11/site-packages/airflow/example_dags/example_branch_day_of_week_operator.py took 0.045 seconds
[2025-12-12T07:53:06.717-0500] {processor.py:161} INFO - Started process (PID=59709) to work on /Users/evankrupa/airflow_project/env/lib/python3.11/site-packages/airflow/example_dags/example_branch_day_of_week_operator.py
[2025-12-12T07:53:06.718-0500] {processor.py:830} INFO - Processing file /Users/evankrupa/airflow_project/env/lib/python3.11/site-packages/airflow/example_dags/example_branch_day_of_week_operator.py for tasks to queue
[2025-12-12T07:53:06.718-0500] {logging_mixin.py:188} INFO - [2025-12-12T07:53:06.718-0500] {dagbag.py:545} INFO - Filling up the DagBag from /Users/evankrupa/airflow_project/env/lib/python3.11/site-packages/airflow/example_dags/example_branch_day_of_week_operator.py
[2025-12-12T07:53:06.722-0500] {processor.py:840} INFO - DAG(s) 'example_weekday_branch_operator' retrieved from /Users/evankrupa/airflow_project/env/lib/python3.11/site-packages/airflow/example_dags/example_branch_day_of_week_operator.py
[2025-12-12T07:53:06.750-0500] {logging_mixin.py:188} INFO - [2025-12-12T07:53:06.750-0500] {dag.py:3096} INFO - Sync 1 DAGs
[2025-12-12T07:53:06.755-0500] {logging_mixin.py:188} INFO - [2025-12-12T07:53:06.755-0500] {dag.py:3954} INFO - Setting next_dagrun for example_weekday_branch_operator to 2025-12-11 00:00:00+00:00, run_after=2025-12-12 00:00:00+00:00
[2025-12-12T07:53:06.761-0500] {processor.py:183} INFO - Processing /Users/evankrupa/airflow_project/env/lib/python3.11/site-packages/airflow/example_dags/example_branch_day_of_week_operator.py took 0.045 seconds
[2025-12-12T07:54:28.874-0500] {processor.py:161} INFO - Started process (PID=59785) to work on /Users/evankrupa/airflow_project/env/lib/python3.11/site-packages/airflow/example_dags/example_branch_day_of_week_operator.py
[2025-12-12T07:54:28.875-0500] {processor.py:830} INFO - Processing file /Users/evankrupa/airflow_project/env/lib/python3.11/site-packages/airflow/example_dags/example_branch_day_of_week_operator.py for tasks to queue
[2025-12-12T07:54:28.875-0500] {logging_mixin.py:188} INFO - [2025-12-12T07:54:28.875-0500] {dagbag.py:545} INFO - Filling up the DagBag from /Users/evankrupa/airflow_project/env/lib/python3.11/site-packages/airflow/example_dags/example_branch_day_of_week_operator.py
[2025-12-12T07:54:28.879-0500] {processor.py:840} INFO - DAG(s) 'example_weekday_branch_operator' retrieved from /Users/evankrupa/airflow_project/env/lib/python3.11/site-packages/airflow/example_dags/example_branch_day_of_week_operator.py
[2025-12-12T07:54:28.907-0500] {logging_mixin.py:188} INFO - [2025-12-12T07:54:28.907-0500] {dag.py:3096} INFO - Sync 1 DAGs
[2025-12-12T07:54:28.912-0500] {logging_mixin.py:188} INFO - [2025-12-12T07:54:28.912-0500] {dag.py:3954} INFO - Setting next_dagrun for example_weekday_branch_operator to 2025-12-11 00:00:00+00:00, run_after=2025-12-12 00:00:00+00:00
[2025-12-12T07:54:28.918-0500] {processor.py:183} INFO - Processing /Users/evankrupa/airflow_project/env/lib/python3.11/site-packages/airflow/example_dags/example_branch_day_of_week_operator.py took 0.044 seconds
[2025-12-12T07:55:55.212-0500] {processor.py:161} INFO - Started process (PID=59871) to work on /Users/evankrupa/airflow_project/env/lib/python3.11/site-packages/airflow/example_dags/example_branch_day_of_week_operator.py
[2025-12-12T07:55:55.213-0500] {processor.py:830} INFO - Processing file /Users/evankrupa/airflow_project/env/lib/python3.11/site-packages/airflow/example_dags/example_branch_day_of_week_operator.py for tasks to queue
[2025-12-12T07:55:55.213-0500] {logging_mixin.py:188} INFO - [2025-12-12T07:55:55.213-0500] {dagbag.py:545} INFO - Filling up the DagBag from /Users/evankrupa/airflow_project/env/lib/python3.11/site-packages/airflow/example_dags/example_branch_day_of_week_operator.py
[2025-12-12T07:55:55.217-0500] {processor.py:840} INFO - DAG(s) 'example_weekday_branch_operator' retrieved from /Users/evankrupa/airflow_project/env/lib/python3.11/site-packages/airflow/example_dags/example_branch_day_of_week_operator.py
[2025-12-12T07:55:55.245-0500] {logging_mixin.py:188} INFO - [2025-12-12T07:55:55.245-0500] {dag.py:3096} INFO - Sync 1 DAGs
[2025-12-12T07:55:55.250-0500] {logging_mixin.py:188} INFO - [2025-12-12T07:55:55.250-0500] {dag.py:3954} INFO - Setting next_dagrun for example_weekday_branch_operator to 2025-12-11 00:00:00+00:00, run_after=2025-12-12 00:00:00+00:00
[2025-12-12T07:55:55.255-0500] {processor.py:183} INFO - Processing /Users/evankrupa/airflow_project/env/lib/python3.11/site-packages/airflow/example_dags/example_branch_day_of_week_operator.py took 0.044 seconds
[2025-12-12T07:57:19.117-0500] {processor.py:161} INFO - Started process (PID=59945) to work on /Users/evankrupa/airflow_project/env/lib/python3.11/site-packages/airflow/example_dags/example_branch_day_of_week_operator.py
[2025-12-12T07:57:19.118-0500] {processor.py:830} INFO - Processing file /Users/evankrupa/airflow_project/env/lib/python3.11/site-packages/airflow/example_dags/example_branch_day_of_week_operator.py for tasks to queue
[2025-12-12T07:57:19.118-0500] {logging_mixin.py:188} INFO - [2025-12-12T07:57:19.118-0500] {dagbag.py:545} INFO - Filling up the DagBag from /Users/evankrupa/airflow_project/env/lib/python3.11/site-packages/airflow/example_dags/example_branch_day_of_week_operator.py
[2025-12-12T07:57:19.122-0500] {processor.py:840} INFO - DAG(s) 'example_weekday_branch_operator' retrieved from /Users/evankrupa/airflow_project/env/lib/python3.11/site-packages/airflow/example_dags/example_branch_day_of_week_operator.py
[2025-12-12T07:57:19.152-0500] {logging_mixin.py:188} INFO - [2025-12-12T07:57:19.152-0500] {dag.py:3096} INFO - Sync 1 DAGs
[2025-12-12T07:57:19.157-0500] {logging_mixin.py:188} INFO - [2025-12-12T07:57:19.157-0500] {dag.py:3954} INFO - Setting next_dagrun for example_weekday_branch_operator to 2025-12-11 00:00:00+00:00, run_after=2025-12-12 00:00:00+00:00
[2025-12-12T07:57:19.163-0500] {processor.py:183} INFO - Processing /Users/evankrupa/airflow_project/env/lib/python3.11/site-packages/airflow/example_dags/example_branch_day_of_week_operator.py took 0.047 seconds
[2025-12-12T07:58:44.488-0500] {processor.py:161} INFO - Started process (PID=62530) to work on /Users/evankrupa/airflow_project/env/lib/python3.11/site-packages/airflow/example_dags/example_branch_day_of_week_operator.py
[2025-12-12T07:58:44.488-0500] {processor.py:830} INFO - Processing file /Users/evankrupa/airflow_project/env/lib/python3.11/site-packages/airflow/example_dags/example_branch_day_of_week_operator.py for tasks to queue
[2025-12-12T07:58:44.488-0500] {logging_mixin.py:188} INFO - [2025-12-12T07:58:44.488-0500] {dagbag.py:545} INFO - Filling up the DagBag from /Users/evankrupa/airflow_project/env/lib/python3.11/site-packages/airflow/example_dags/example_branch_day_of_week_operator.py
[2025-12-12T07:58:44.492-0500] {processor.py:840} INFO - DAG(s) 'example_weekday_branch_operator' retrieved from /Users/evankrupa/airflow_project/env/lib/python3.11/site-packages/airflow/example_dags/example_branch_day_of_week_operator.py
[2025-12-12T07:58:44.522-0500] {logging_mixin.py:188} INFO - [2025-12-12T07:58:44.522-0500] {dag.py:3096} INFO - Sync 1 DAGs
[2025-12-12T07:58:44.527-0500] {logging_mixin.py:188} INFO - [2025-12-12T07:58:44.527-0500] {dag.py:3954} INFO - Setting next_dagrun for example_weekday_branch_operator to 2025-12-11 00:00:00+00:00, run_after=2025-12-12 00:00:00+00:00
[2025-12-12T07:58:44.533-0500] {processor.py:183} INFO - Processing /Users/evankrupa/airflow_project/env/lib/python3.11/site-packages/airflow/example_dags/example_branch_day_of_week_operator.py took 0.047 seconds
[2025-12-12T08:00:10.323-0500] {processor.py:161} INFO - Started process (PID=62748) to work on /Users/evankrupa/airflow_project/env/lib/python3.11/site-packages/airflow/example_dags/example_branch_day_of_week_operator.py
[2025-12-12T08:00:10.324-0500] {processor.py:830} INFO - Processing file /Users/evankrupa/airflow_project/env/lib/python3.11/site-packages/airflow/example_dags/example_branch_day_of_week_operator.py for tasks to queue
[2025-12-12T08:00:10.324-0500] {logging_mixin.py:188} INFO - [2025-12-12T08:00:10.324-0500] {dagbag.py:545} INFO - Filling up the DagBag from /Users/evankrupa/airflow_project/env/lib/python3.11/site-packages/airflow/example_dags/example_branch_day_of_week_operator.py
[2025-12-12T08:00:10.328-0500] {processor.py:840} INFO - DAG(s) 'example_weekday_branch_operator' retrieved from /Users/evankrupa/airflow_project/env/lib/python3.11/site-packages/airflow/example_dags/example_branch_day_of_week_operator.py
[2025-12-12T08:00:10.357-0500] {logging_mixin.py:188} INFO - [2025-12-12T08:00:10.357-0500] {dag.py:3096} INFO - Sync 1 DAGs
[2025-12-12T08:00:10.362-0500] {logging_mixin.py:188} INFO - [2025-12-12T08:00:10.362-0500] {dag.py:3954} INFO - Setting next_dagrun for example_weekday_branch_operator to 2025-12-11 00:00:00+00:00, run_after=2025-12-12 00:00:00+00:00
[2025-12-12T08:00:10.368-0500] {processor.py:183} INFO - Processing /Users/evankrupa/airflow_project/env/lib/python3.11/site-packages/airflow/example_dags/example_branch_day_of_week_operator.py took 0.045 seconds
[2025-12-12T08:01:30.724-0500] {processor.py:161} INFO - Started process (PID=62816) to work on /Users/evankrupa/airflow_project/env/lib/python3.11/site-packages/airflow/example_dags/example_branch_day_of_week_operator.py
[2025-12-12T08:01:30.725-0500] {processor.py:830} INFO - Processing file /Users/evankrupa/airflow_project/env/lib/python3.11/site-packages/airflow/example_dags/example_branch_day_of_week_operator.py for tasks to queue
[2025-12-12T08:01:30.726-0500] {logging_mixin.py:188} INFO - [2025-12-12T08:01:30.726-0500] {dagbag.py:545} INFO - Filling up the DagBag from /Users/evankrupa/airflow_project/env/lib/python3.11/site-packages/airflow/example_dags/example_branch_day_of_week_operator.py
[2025-12-12T08:01:30.729-0500] {processor.py:840} INFO - DAG(s) 'example_weekday_branch_operator' retrieved from /Users/evankrupa/airflow_project/env/lib/python3.11/site-packages/airflow/example_dags/example_branch_day_of_week_operator.py
[2025-12-12T08:01:30.758-0500] {logging_mixin.py:188} INFO - [2025-12-12T08:01:30.758-0500] {dag.py:3096} INFO - Sync 1 DAGs
[2025-12-12T08:01:30.763-0500] {logging_mixin.py:188} INFO - [2025-12-12T08:01:30.763-0500] {dag.py:3954} INFO - Setting next_dagrun for example_weekday_branch_operator to 2025-12-11 00:00:00+00:00, run_after=2025-12-12 00:00:00+00:00
[2025-12-12T08:01:30.769-0500] {processor.py:183} INFO - Processing /Users/evankrupa/airflow_project/env/lib/python3.11/site-packages/airflow/example_dags/example_branch_day_of_week_operator.py took 0.045 seconds
[2025-12-12T08:02:57.224-0500] {processor.py:161} INFO - Started process (PID=62883) to work on /Users/evankrupa/airflow_project/env/lib/python3.11/site-packages/airflow/example_dags/example_branch_day_of_week_operator.py
[2025-12-12T08:02:57.224-0500] {processor.py:830} INFO - Processing file /Users/evankrupa/airflow_project/env/lib/python3.11/site-packages/airflow/example_dags/example_branch_day_of_week_operator.py for tasks to queue
[2025-12-12T08:02:57.224-0500] {logging_mixin.py:188} INFO - [2025-12-12T08:02:57.224-0500] {dagbag.py:545} INFO - Filling up the DagBag from /Users/evankrupa/airflow_project/env/lib/python3.11/site-packages/airflow/example_dags/example_branch_day_of_week_operator.py
[2025-12-12T08:02:57.228-0500] {processor.py:840} INFO - DAG(s) 'example_weekday_branch_operator' retrieved from /Users/evankrupa/airflow_project/env/lib/python3.11/site-packages/airflow/example_dags/example_branch_day_of_week_operator.py
[2025-12-12T08:02:57.257-0500] {logging_mixin.py:188} INFO - [2025-12-12T08:02:57.256-0500] {dag.py:3096} INFO - Sync 1 DAGs
[2025-12-12T08:02:57.262-0500] {logging_mixin.py:188} INFO - [2025-12-12T08:02:57.262-0500] {dag.py:3954} INFO - Setting next_dagrun for example_weekday_branch_operator to 2025-12-11 00:00:00+00:00, run_after=2025-12-12 00:00:00+00:00
[2025-12-12T08:02:57.268-0500] {processor.py:183} INFO - Processing /Users/evankrupa/airflow_project/env/lib/python3.11/site-packages/airflow/example_dags/example_branch_day_of_week_operator.py took 0.045 seconds
[2025-12-12T08:04:22.014-0500] {processor.py:161} INFO - Started process (PID=62976) to work on /Users/evankrupa/airflow_project/env/lib/python3.11/site-packages/airflow/example_dags/example_branch_day_of_week_operator.py
[2025-12-12T08:04:22.014-0500] {processor.py:830} INFO - Processing file /Users/evankrupa/airflow_project/env/lib/python3.11/site-packages/airflow/example_dags/example_branch_day_of_week_operator.py for tasks to queue
[2025-12-12T08:04:22.015-0500] {logging_mixin.py:188} INFO - [2025-12-12T08:04:22.015-0500] {dagbag.py:545} INFO - Filling up the DagBag from /Users/evankrupa/airflow_project/env/lib/python3.11/site-packages/airflow/example_dags/example_branch_day_of_week_operator.py
[2025-12-12T08:04:22.018-0500] {processor.py:840} INFO - DAG(s) 'example_weekday_branch_operator' retrieved from /Users/evankrupa/airflow_project/env/lib/python3.11/site-packages/airflow/example_dags/example_branch_day_of_week_operator.py
[2025-12-12T08:04:22.048-0500] {logging_mixin.py:188} INFO - [2025-12-12T08:04:22.048-0500] {dag.py:3096} INFO - Sync 1 DAGs
[2025-12-12T08:04:22.053-0500] {logging_mixin.py:188} INFO - [2025-12-12T08:04:22.053-0500] {dag.py:3954} INFO - Setting next_dagrun for example_weekday_branch_operator to 2025-12-11 00:00:00+00:00, run_after=2025-12-12 00:00:00+00:00
[2025-12-12T08:04:22.059-0500] {processor.py:183} INFO - Processing /Users/evankrupa/airflow_project/env/lib/python3.11/site-packages/airflow/example_dags/example_branch_day_of_week_operator.py took 0.046 seconds
[2025-12-12T08:05:44.879-0500] {processor.py:161} INFO - Started process (PID=63103) to work on /Users/evankrupa/airflow_project/env/lib/python3.11/site-packages/airflow/example_dags/example_branch_day_of_week_operator.py
[2025-12-12T08:05:44.880-0500] {processor.py:830} INFO - Processing file /Users/evankrupa/airflow_project/env/lib/python3.11/site-packages/airflow/example_dags/example_branch_day_of_week_operator.py for tasks to queue
[2025-12-12T08:05:44.880-0500] {logging_mixin.py:188} INFO - [2025-12-12T08:05:44.880-0500] {dagbag.py:545} INFO - Filling up the DagBag from /Users/evankrupa/airflow_project/env/lib/python3.11/site-packages/airflow/example_dags/example_branch_day_of_week_operator.py
[2025-12-12T08:05:44.885-0500] {processor.py:840} INFO - DAG(s) 'example_weekday_branch_operator' retrieved from /Users/evankrupa/airflow_project/env/lib/python3.11/site-packages/airflow/example_dags/example_branch_day_of_week_operator.py
[2025-12-12T08:05:44.925-0500] {logging_mixin.py:188} INFO - [2025-12-12T08:05:44.925-0500] {dag.py:3096} INFO - Sync 1 DAGs
[2025-12-12T08:05:44.930-0500] {logging_mixin.py:188} INFO - [2025-12-12T08:05:44.930-0500] {dag.py:3954} INFO - Setting next_dagrun for example_weekday_branch_operator to 2025-12-11 00:00:00+00:00, run_after=2025-12-12 00:00:00+00:00
[2025-12-12T08:05:44.937-0500] {processor.py:183} INFO - Processing /Users/evankrupa/airflow_project/env/lib/python3.11/site-packages/airflow/example_dags/example_branch_day_of_week_operator.py took 0.059 seconds
[2025-12-12T08:07:13.249-0500] {processor.py:161} INFO - Started process (PID=63623) to work on /Users/evankrupa/airflow_project/env/lib/python3.11/site-packages/airflow/example_dags/example_branch_day_of_week_operator.py
[2025-12-12T08:07:13.249-0500] {processor.py:830} INFO - Processing file /Users/evankrupa/airflow_project/env/lib/python3.11/site-packages/airflow/example_dags/example_branch_day_of_week_operator.py for tasks to queue
[2025-12-12T08:07:13.250-0500] {logging_mixin.py:188} INFO - [2025-12-12T08:07:13.250-0500] {dagbag.py:545} INFO - Filling up the DagBag from /Users/evankrupa/airflow_project/env/lib/python3.11/site-packages/airflow/example_dags/example_branch_day_of_week_operator.py
[2025-12-12T08:07:13.254-0500] {processor.py:840} INFO - DAG(s) 'example_weekday_branch_operator' retrieved from /Users/evankrupa/airflow_project/env/lib/python3.11/site-packages/airflow/example_dags/example_branch_day_of_week_operator.py
[2025-12-12T08:07:13.285-0500] {logging_mixin.py:188} INFO - [2025-12-12T08:07:13.285-0500] {dag.py:3096} INFO - Sync 1 DAGs
[2025-12-12T08:07:13.290-0500] {logging_mixin.py:188} INFO - [2025-12-12T08:07:13.290-0500] {dag.py:3954} INFO - Setting next_dagrun for example_weekday_branch_operator to 2025-12-11 00:00:00+00:00, run_after=2025-12-12 00:00:00+00:00
[2025-12-12T08:07:13.297-0500] {processor.py:183} INFO - Processing /Users/evankrupa/airflow_project/env/lib/python3.11/site-packages/airflow/example_dags/example_branch_day_of_week_operator.py took 0.048 seconds
[2025-12-12T08:08:41.055-0500] {processor.py:161} INFO - Started process (PID=63701) to work on /Users/evankrupa/airflow_project/env/lib/python3.11/site-packages/airflow/example_dags/example_branch_day_of_week_operator.py
[2025-12-12T08:08:41.056-0500] {processor.py:830} INFO - Processing file /Users/evankrupa/airflow_project/env/lib/python3.11/site-packages/airflow/example_dags/example_branch_day_of_week_operator.py for tasks to queue
[2025-12-12T08:08:41.056-0500] {logging_mixin.py:188} INFO - [2025-12-12T08:08:41.056-0500] {dagbag.py:545} INFO - Filling up the DagBag from /Users/evankrupa/airflow_project/env/lib/python3.11/site-packages/airflow/example_dags/example_branch_day_of_week_operator.py
[2025-12-12T08:08:41.060-0500] {processor.py:840} INFO - DAG(s) 'example_weekday_branch_operator' retrieved from /Users/evankrupa/airflow_project/env/lib/python3.11/site-packages/airflow/example_dags/example_branch_day_of_week_operator.py
[2025-12-12T08:08:41.088-0500] {logging_mixin.py:188} INFO - [2025-12-12T08:08:41.088-0500] {dag.py:3096} INFO - Sync 1 DAGs
[2025-12-12T08:08:41.093-0500] {logging_mixin.py:188} INFO - [2025-12-12T08:08:41.093-0500] {dag.py:3954} INFO - Setting next_dagrun for example_weekday_branch_operator to 2025-12-11 00:00:00+00:00, run_after=2025-12-12 00:00:00+00:00
[2025-12-12T08:08:41.099-0500] {processor.py:183} INFO - Processing /Users/evankrupa/airflow_project/env/lib/python3.11/site-packages/airflow/example_dags/example_branch_day_of_week_operator.py took 0.045 seconds
[2025-12-12T08:10:06.903-0500] {processor.py:161} INFO - Started process (PID=63772) to work on /Users/evankrupa/airflow_project/env/lib/python3.11/site-packages/airflow/example_dags/example_branch_day_of_week_operator.py
[2025-12-12T08:10:06.904-0500] {processor.py:830} INFO - Processing file /Users/evankrupa/airflow_project/env/lib/python3.11/site-packages/airflow/example_dags/example_branch_day_of_week_operator.py for tasks to queue
[2025-12-12T08:10:06.904-0500] {logging_mixin.py:188} INFO - [2025-12-12T08:10:06.904-0500] {dagbag.py:545} INFO - Filling up the DagBag from /Users/evankrupa/airflow_project/env/lib/python3.11/site-packages/airflow/example_dags/example_branch_day_of_week_operator.py
[2025-12-12T08:10:06.907-0500] {processor.py:840} INFO - DAG(s) 'example_weekday_branch_operator' retrieved from /Users/evankrupa/airflow_project/env/lib/python3.11/site-packages/airflow/example_dags/example_branch_day_of_week_operator.py
[2025-12-12T08:10:06.944-0500] {logging_mixin.py:188} INFO - [2025-12-12T08:10:06.943-0500] {dag.py:3096} INFO - Sync 1 DAGs
[2025-12-12T08:10:06.950-0500] {logging_mixin.py:188} INFO - [2025-12-12T08:10:06.950-0500] {dag.py:3954} INFO - Setting next_dagrun for example_weekday_branch_operator to 2025-12-11 00:00:00+00:00, run_after=2025-12-12 00:00:00+00:00
[2025-12-12T08:10:06.957-0500] {processor.py:183} INFO - Processing /Users/evankrupa/airflow_project/env/lib/python3.11/site-packages/airflow/example_dags/example_branch_day_of_week_operator.py took 0.055 seconds
[2025-12-12T08:11:35.524-0500] {processor.py:161} INFO - Started process (PID=63839) to work on /Users/evankrupa/airflow_project/env/lib/python3.11/site-packages/airflow/example_dags/example_branch_day_of_week_operator.py
[2025-12-12T08:11:35.525-0500] {processor.py:830} INFO - Processing file /Users/evankrupa/airflow_project/env/lib/python3.11/site-packages/airflow/example_dags/example_branch_day_of_week_operator.py for tasks to queue
[2025-12-12T08:11:35.525-0500] {logging_mixin.py:188} INFO - [2025-12-12T08:11:35.525-0500] {dagbag.py:545} INFO - Filling up the DagBag from /Users/evankrupa/airflow_project/env/lib/python3.11/site-packages/airflow/example_dags/example_branch_day_of_week_operator.py
[2025-12-12T08:11:35.529-0500] {processor.py:840} INFO - DAG(s) 'example_weekday_branch_operator' retrieved from /Users/evankrupa/airflow_project/env/lib/python3.11/site-packages/airflow/example_dags/example_branch_day_of_week_operator.py
[2025-12-12T08:11:35.559-0500] {logging_mixin.py:188} INFO - [2025-12-12T08:11:35.559-0500] {dag.py:3096} INFO - Sync 1 DAGs
[2025-12-12T08:11:35.564-0500] {logging_mixin.py:188} INFO - [2025-12-12T08:11:35.564-0500] {dag.py:3954} INFO - Setting next_dagrun for example_weekday_branch_operator to 2025-12-11 00:00:00+00:00, run_after=2025-12-12 00:00:00+00:00
[2025-12-12T08:11:35.570-0500] {processor.py:183} INFO - Processing /Users/evankrupa/airflow_project/env/lib/python3.11/site-packages/airflow/example_dags/example_branch_day_of_week_operator.py took 0.047 seconds
[2025-12-12T08:13:00.670-0500] {processor.py:161} INFO - Started process (PID=63907) to work on /Users/evankrupa/airflow_project/env/lib/python3.11/site-packages/airflow/example_dags/example_branch_day_of_week_operator.py
[2025-12-12T08:13:00.671-0500] {processor.py:830} INFO - Processing file /Users/evankrupa/airflow_project/env/lib/python3.11/site-packages/airflow/example_dags/example_branch_day_of_week_operator.py for tasks to queue
[2025-12-12T08:13:00.671-0500] {logging_mixin.py:188} INFO - [2025-12-12T08:13:00.671-0500] {dagbag.py:545} INFO - Filling up the DagBag from /Users/evankrupa/airflow_project/env/lib/python3.11/site-packages/airflow/example_dags/example_branch_day_of_week_operator.py
[2025-12-12T08:13:00.675-0500] {processor.py:840} INFO - DAG(s) 'example_weekday_branch_operator' retrieved from /Users/evankrupa/airflow_project/env/lib/python3.11/site-packages/airflow/example_dags/example_branch_day_of_week_operator.py
[2025-12-12T08:13:00.705-0500] {logging_mixin.py:188} INFO - [2025-12-12T08:13:00.705-0500] {dag.py:3096} INFO - Sync 1 DAGs
[2025-12-12T08:13:00.710-0500] {logging_mixin.py:188} INFO - [2025-12-12T08:13:00.710-0500] {dag.py:3954} INFO - Setting next_dagrun for example_weekday_branch_operator to 2025-12-11 00:00:00+00:00, run_after=2025-12-12 00:00:00+00:00
[2025-12-12T08:13:00.716-0500] {processor.py:183} INFO - Processing /Users/evankrupa/airflow_project/env/lib/python3.11/site-packages/airflow/example_dags/example_branch_day_of_week_operator.py took 0.047 seconds
[2025-12-12T08:14:21.574-0500] {processor.py:161} INFO - Started process (PID=63973) to work on /Users/evankrupa/airflow_project/env/lib/python3.11/site-packages/airflow/example_dags/example_branch_day_of_week_operator.py
[2025-12-12T08:14:21.575-0500] {processor.py:830} INFO - Processing file /Users/evankrupa/airflow_project/env/lib/python3.11/site-packages/airflow/example_dags/example_branch_day_of_week_operator.py for tasks to queue
[2025-12-12T08:14:21.576-0500] {logging_mixin.py:188} INFO - [2025-12-12T08:14:21.575-0500] {dagbag.py:545} INFO - Filling up the DagBag from /Users/evankrupa/airflow_project/env/lib/python3.11/site-packages/airflow/example_dags/example_branch_day_of_week_operator.py
[2025-12-12T08:14:21.579-0500] {processor.py:840} INFO - DAG(s) 'example_weekday_branch_operator' retrieved from /Users/evankrupa/airflow_project/env/lib/python3.11/site-packages/airflow/example_dags/example_branch_day_of_week_operator.py
[2025-12-12T08:14:21.609-0500] {logging_mixin.py:188} INFO - [2025-12-12T08:14:21.609-0500] {dag.py:3096} INFO - Sync 1 DAGs
[2025-12-12T08:14:21.614-0500] {logging_mixin.py:188} INFO - [2025-12-12T08:14:21.614-0500] {dag.py:3954} INFO - Setting next_dagrun for example_weekday_branch_operator to 2025-12-11 00:00:00+00:00, run_after=2025-12-12 00:00:00+00:00
[2025-12-12T08:14:21.620-0500] {processor.py:183} INFO - Processing /Users/evankrupa/airflow_project/env/lib/python3.11/site-packages/airflow/example_dags/example_branch_day_of_week_operator.py took 0.046 seconds
[2025-12-12T08:15:43.991-0500] {processor.py:161} INFO - Started process (PID=64046) to work on /Users/evankrupa/airflow_project/env/lib/python3.11/site-packages/airflow/example_dags/example_branch_day_of_week_operator.py
[2025-12-12T08:15:43.992-0500] {processor.py:830} INFO - Processing file /Users/evankrupa/airflow_project/env/lib/python3.11/site-packages/airflow/example_dags/example_branch_day_of_week_operator.py for tasks to queue
[2025-12-12T08:15:43.992-0500] {logging_mixin.py:188} INFO - [2025-12-12T08:15:43.992-0500] {dagbag.py:545} INFO - Filling up the DagBag from /Users/evankrupa/airflow_project/env/lib/python3.11/site-packages/airflow/example_dags/example_branch_day_of_week_operator.py
[2025-12-12T08:15:43.995-0500] {processor.py:840} INFO - DAG(s) 'example_weekday_branch_operator' retrieved from /Users/evankrupa/airflow_project/env/lib/python3.11/site-packages/airflow/example_dags/example_branch_day_of_week_operator.py
[2025-12-12T08:15:44.024-0500] {logging_mixin.py:188} INFO - [2025-12-12T08:15:44.024-0500] {dag.py:3096} INFO - Sync 1 DAGs
[2025-12-12T08:15:44.029-0500] {logging_mixin.py:188} INFO - [2025-12-12T08:15:44.029-0500] {dag.py:3954} INFO - Setting next_dagrun for example_weekday_branch_operator to 2025-12-11 00:00:00+00:00, run_after=2025-12-12 00:00:00+00:00
[2025-12-12T08:15:44.035-0500] {processor.py:183} INFO - Processing /Users/evankrupa/airflow_project/env/lib/python3.11/site-packages/airflow/example_dags/example_branch_day_of_week_operator.py took 0.044 seconds
[2025-12-12T08:17:08.995-0500] {processor.py:161} INFO - Started process (PID=64114) to work on /Users/evankrupa/airflow_project/env/lib/python3.11/site-packages/airflow/example_dags/example_branch_day_of_week_operator.py
[2025-12-12T08:17:08.996-0500] {processor.py:830} INFO - Processing file /Users/evankrupa/airflow_project/env/lib/python3.11/site-packages/airflow/example_dags/example_branch_day_of_week_operator.py for tasks to queue
[2025-12-12T08:17:08.996-0500] {logging_mixin.py:188} INFO - [2025-12-12T08:17:08.996-0500] {dagbag.py:545} INFO - Filling up the DagBag from /Users/evankrupa/airflow_project/env/lib/python3.11/site-packages/airflow/example_dags/example_branch_day_of_week_operator.py
[2025-12-12T08:17:09.000-0500] {processor.py:840} INFO - DAG(s) 'example_weekday_branch_operator' retrieved from /Users/evankrupa/airflow_project/env/lib/python3.11/site-packages/airflow/example_dags/example_branch_day_of_week_operator.py
[2025-12-12T08:17:09.028-0500] {logging_mixin.py:188} INFO - [2025-12-12T08:17:09.028-0500] {dag.py:3096} INFO - Sync 1 DAGs
[2025-12-12T08:17:09.033-0500] {logging_mixin.py:188} INFO - [2025-12-12T08:17:09.033-0500] {dag.py:3954} INFO - Setting next_dagrun for example_weekday_branch_operator to 2025-12-11 00:00:00+00:00, run_after=2025-12-12 00:00:00+00:00
[2025-12-12T08:17:09.039-0500] {processor.py:183} INFO - Processing /Users/evankrupa/airflow_project/env/lib/python3.11/site-packages/airflow/example_dags/example_branch_day_of_week_operator.py took 0.044 seconds
[2025-12-12T08:18:33.226-0500] {processor.py:161} INFO - Started process (PID=64183) to work on /Users/evankrupa/airflow_project/env/lib/python3.11/site-packages/airflow/example_dags/example_branch_day_of_week_operator.py
[2025-12-12T08:18:33.226-0500] {processor.py:830} INFO - Processing file /Users/evankrupa/airflow_project/env/lib/python3.11/site-packages/airflow/example_dags/example_branch_day_of_week_operator.py for tasks to queue
[2025-12-12T08:18:33.227-0500] {logging_mixin.py:188} INFO - [2025-12-12T08:18:33.226-0500] {dagbag.py:545} INFO - Filling up the DagBag from /Users/evankrupa/airflow_project/env/lib/python3.11/site-packages/airflow/example_dags/example_branch_day_of_week_operator.py
[2025-12-12T08:18:33.230-0500] {processor.py:840} INFO - DAG(s) 'example_weekday_branch_operator' retrieved from /Users/evankrupa/airflow_project/env/lib/python3.11/site-packages/airflow/example_dags/example_branch_day_of_week_operator.py
[2025-12-12T08:18:33.259-0500] {logging_mixin.py:188} INFO - [2025-12-12T08:18:33.259-0500] {dag.py:3096} INFO - Sync 1 DAGs
[2025-12-12T08:18:33.264-0500] {logging_mixin.py:188} INFO - [2025-12-12T08:18:33.264-0500] {dag.py:3954} INFO - Setting next_dagrun for example_weekday_branch_operator to 2025-12-11 00:00:00+00:00, run_after=2025-12-12 00:00:00+00:00
[2025-12-12T08:18:33.269-0500] {processor.py:183} INFO - Processing /Users/evankrupa/airflow_project/env/lib/python3.11/site-packages/airflow/example_dags/example_branch_day_of_week_operator.py took 0.045 seconds
[2025-12-12T08:19:56.967-0500] {processor.py:161} INFO - Started process (PID=64250) to work on /Users/evankrupa/airflow_project/env/lib/python3.11/site-packages/airflow/example_dags/example_branch_day_of_week_operator.py
[2025-12-12T08:19:56.967-0500] {processor.py:830} INFO - Processing file /Users/evankrupa/airflow_project/env/lib/python3.11/site-packages/airflow/example_dags/example_branch_day_of_week_operator.py for tasks to queue
[2025-12-12T08:19:56.968-0500] {logging_mixin.py:188} INFO - [2025-12-12T08:19:56.968-0500] {dagbag.py:545} INFO - Filling up the DagBag from /Users/evankrupa/airflow_project/env/lib/python3.11/site-packages/airflow/example_dags/example_branch_day_of_week_operator.py
[2025-12-12T08:19:56.971-0500] {processor.py:840} INFO - DAG(s) 'example_weekday_branch_operator' retrieved from /Users/evankrupa/airflow_project/env/lib/python3.11/site-packages/airflow/example_dags/example_branch_day_of_week_operator.py
[2025-12-12T08:19:56.999-0500] {logging_mixin.py:188} INFO - [2025-12-12T08:19:56.999-0500] {dag.py:3096} INFO - Sync 1 DAGs
[2025-12-12T08:19:57.004-0500] {logging_mixin.py:188} INFO - [2025-12-12T08:19:57.004-0500] {dag.py:3954} INFO - Setting next_dagrun for example_weekday_branch_operator to 2025-12-11 00:00:00+00:00, run_after=2025-12-12 00:00:00+00:00
[2025-12-12T08:19:57.010-0500] {processor.py:183} INFO - Processing /Users/evankrupa/airflow_project/env/lib/python3.11/site-packages/airflow/example_dags/example_branch_day_of_week_operator.py took 0.044 seconds
[2025-12-12T08:21:21.535-0500] {processor.py:161} INFO - Started process (PID=64317) to work on /Users/evankrupa/airflow_project/env/lib/python3.11/site-packages/airflow/example_dags/example_branch_day_of_week_operator.py
[2025-12-12T08:21:21.535-0500] {processor.py:830} INFO - Processing file /Users/evankrupa/airflow_project/env/lib/python3.11/site-packages/airflow/example_dags/example_branch_day_of_week_operator.py for tasks to queue
[2025-12-12T08:21:21.535-0500] {logging_mixin.py:188} INFO - [2025-12-12T08:21:21.535-0500] {dagbag.py:545} INFO - Filling up the DagBag from /Users/evankrupa/airflow_project/env/lib/python3.11/site-packages/airflow/example_dags/example_branch_day_of_week_operator.py
[2025-12-12T08:21:21.539-0500] {processor.py:840} INFO - DAG(s) 'example_weekday_branch_operator' retrieved from /Users/evankrupa/airflow_project/env/lib/python3.11/site-packages/airflow/example_dags/example_branch_day_of_week_operator.py
[2025-12-12T08:21:21.567-0500] {logging_mixin.py:188} INFO - [2025-12-12T08:21:21.567-0500] {dag.py:3096} INFO - Sync 1 DAGs
[2025-12-12T08:21:21.572-0500] {logging_mixin.py:188} INFO - [2025-12-12T08:21:21.572-0500] {dag.py:3954} INFO - Setting next_dagrun for example_weekday_branch_operator to 2025-12-11 00:00:00+00:00, run_after=2025-12-12 00:00:00+00:00
[2025-12-12T08:21:21.578-0500] {processor.py:183} INFO - Processing /Users/evankrupa/airflow_project/env/lib/python3.11/site-packages/airflow/example_dags/example_branch_day_of_week_operator.py took 0.044 seconds
[2025-12-12T08:22:45.238-0500] {processor.py:161} INFO - Started process (PID=64383) to work on /Users/evankrupa/airflow_project/env/lib/python3.11/site-packages/airflow/example_dags/example_branch_day_of_week_operator.py
[2025-12-12T08:22:45.239-0500] {processor.py:830} INFO - Processing file /Users/evankrupa/airflow_project/env/lib/python3.11/site-packages/airflow/example_dags/example_branch_day_of_week_operator.py for tasks to queue
[2025-12-12T08:22:45.239-0500] {logging_mixin.py:188} INFO - [2025-12-12T08:22:45.239-0500] {dagbag.py:545} INFO - Filling up the DagBag from /Users/evankrupa/airflow_project/env/lib/python3.11/site-packages/airflow/example_dags/example_branch_day_of_week_operator.py
[2025-12-12T08:22:45.243-0500] {processor.py:840} INFO - DAG(s) 'example_weekday_branch_operator' retrieved from /Users/evankrupa/airflow_project/env/lib/python3.11/site-packages/airflow/example_dags/example_branch_day_of_week_operator.py
[2025-12-12T08:22:45.287-0500] {logging_mixin.py:188} INFO - [2025-12-12T08:22:45.286-0500] {dag.py:3096} INFO - Sync 1 DAGs
[2025-12-12T08:22:45.295-0500] {logging_mixin.py:188} INFO - [2025-12-12T08:22:45.294-0500] {dag.py:3954} INFO - Setting next_dagrun for example_weekday_branch_operator to 2025-12-11 00:00:00+00:00, run_after=2025-12-12 00:00:00+00:00
[2025-12-12T08:22:45.302-0500] {processor.py:183} INFO - Processing /Users/evankrupa/airflow_project/env/lib/python3.11/site-packages/airflow/example_dags/example_branch_day_of_week_operator.py took 0.065 seconds
[2025-12-12T08:24:11.018-0500] {processor.py:161} INFO - Started process (PID=64458) to work on /Users/evankrupa/airflow_project/env/lib/python3.11/site-packages/airflow/example_dags/example_branch_day_of_week_operator.py
[2025-12-12T08:24:11.019-0500] {processor.py:830} INFO - Processing file /Users/evankrupa/airflow_project/env/lib/python3.11/site-packages/airflow/example_dags/example_branch_day_of_week_operator.py for tasks to queue
[2025-12-12T08:24:11.019-0500] {logging_mixin.py:188} INFO - [2025-12-12T08:24:11.019-0500] {dagbag.py:545} INFO - Filling up the DagBag from /Users/evankrupa/airflow_project/env/lib/python3.11/site-packages/airflow/example_dags/example_branch_day_of_week_operator.py
[2025-12-12T08:24:11.023-0500] {processor.py:840} INFO - DAG(s) 'example_weekday_branch_operator' retrieved from /Users/evankrupa/airflow_project/env/lib/python3.11/site-packages/airflow/example_dags/example_branch_day_of_week_operator.py
[2025-12-12T08:24:11.051-0500] {logging_mixin.py:188} INFO - [2025-12-12T08:24:11.051-0500] {dag.py:3096} INFO - Sync 1 DAGs
[2025-12-12T08:24:11.056-0500] {logging_mixin.py:188} INFO - [2025-12-12T08:24:11.056-0500] {dag.py:3954} INFO - Setting next_dagrun for example_weekday_branch_operator to 2025-12-11 00:00:00+00:00, run_after=2025-12-12 00:00:00+00:00
[2025-12-12T08:24:11.061-0500] {processor.py:183} INFO - Processing /Users/evankrupa/airflow_project/env/lib/python3.11/site-packages/airflow/example_dags/example_branch_day_of_week_operator.py took 0.044 seconds
[2025-12-12T08:25:31.946-0500] {processor.py:161} INFO - Started process (PID=64526) to work on /Users/evankrupa/airflow_project/env/lib/python3.11/site-packages/airflow/example_dags/example_branch_day_of_week_operator.py
[2025-12-12T08:25:31.947-0500] {processor.py:830} INFO - Processing file /Users/evankrupa/airflow_project/env/lib/python3.11/site-packages/airflow/example_dags/example_branch_day_of_week_operator.py for tasks to queue
[2025-12-12T08:25:31.947-0500] {logging_mixin.py:188} INFO - [2025-12-12T08:25:31.947-0500] {dagbag.py:545} INFO - Filling up the DagBag from /Users/evankrupa/airflow_project/env/lib/python3.11/site-packages/airflow/example_dags/example_branch_day_of_week_operator.py
[2025-12-12T08:25:31.953-0500] {processor.py:840} INFO - DAG(s) 'example_weekday_branch_operator' retrieved from /Users/evankrupa/airflow_project/env/lib/python3.11/site-packages/airflow/example_dags/example_branch_day_of_week_operator.py
[2025-12-12T08:25:31.992-0500] {logging_mixin.py:188} INFO - [2025-12-12T08:25:31.992-0500] {dag.py:3096} INFO - Sync 1 DAGs
[2025-12-12T08:25:31.999-0500] {logging_mixin.py:188} INFO - [2025-12-12T08:25:31.999-0500] {dag.py:3954} INFO - Setting next_dagrun for example_weekday_branch_operator to 2025-12-11 00:00:00+00:00, run_after=2025-12-12 00:00:00+00:00
[2025-12-12T08:25:32.005-0500] {processor.py:183} INFO - Processing /Users/evankrupa/airflow_project/env/lib/python3.11/site-packages/airflow/example_dags/example_branch_day_of_week_operator.py took 0.060 seconds
[2025-12-12T08:26:57.593-0500] {processor.py:161} INFO - Started process (PID=64601) to work on /Users/evankrupa/airflow_project/env/lib/python3.11/site-packages/airflow/example_dags/example_branch_day_of_week_operator.py
[2025-12-12T08:26:57.593-0500] {processor.py:830} INFO - Processing file /Users/evankrupa/airflow_project/env/lib/python3.11/site-packages/airflow/example_dags/example_branch_day_of_week_operator.py for tasks to queue
[2025-12-12T08:26:57.594-0500] {logging_mixin.py:188} INFO - [2025-12-12T08:26:57.594-0500] {dagbag.py:545} INFO - Filling up the DagBag from /Users/evankrupa/airflow_project/env/lib/python3.11/site-packages/airflow/example_dags/example_branch_day_of_week_operator.py
[2025-12-12T08:26:57.598-0500] {processor.py:840} INFO - DAG(s) 'example_weekday_branch_operator' retrieved from /Users/evankrupa/airflow_project/env/lib/python3.11/site-packages/airflow/example_dags/example_branch_day_of_week_operator.py
[2025-12-12T08:26:57.632-0500] {logging_mixin.py:188} INFO - [2025-12-12T08:26:57.631-0500] {dag.py:3096} INFO - Sync 1 DAGs
[2025-12-12T08:26:57.637-0500] {logging_mixin.py:188} INFO - [2025-12-12T08:26:57.637-0500] {dag.py:3954} INFO - Setting next_dagrun for example_weekday_branch_operator to 2025-12-11 00:00:00+00:00, run_after=2025-12-12 00:00:00+00:00
[2025-12-12T08:26:57.644-0500] {processor.py:183} INFO - Processing /Users/evankrupa/airflow_project/env/lib/python3.11/site-packages/airflow/example_dags/example_branch_day_of_week_operator.py took 0.052 seconds
[2025-12-12T08:28:24.564-0500] {processor.py:161} INFO - Started process (PID=64705) to work on /Users/evankrupa/airflow_project/env/lib/python3.11/site-packages/airflow/example_dags/example_branch_day_of_week_operator.py
[2025-12-12T08:28:24.564-0500] {processor.py:830} INFO - Processing file /Users/evankrupa/airflow_project/env/lib/python3.11/site-packages/airflow/example_dags/example_branch_day_of_week_operator.py for tasks to queue
[2025-12-12T08:28:24.564-0500] {logging_mixin.py:188} INFO - [2025-12-12T08:28:24.564-0500] {dagbag.py:545} INFO - Filling up the DagBag from /Users/evankrupa/airflow_project/env/lib/python3.11/site-packages/airflow/example_dags/example_branch_day_of_week_operator.py
[2025-12-12T08:28:24.568-0500] {processor.py:840} INFO - DAG(s) 'example_weekday_branch_operator' retrieved from /Users/evankrupa/airflow_project/env/lib/python3.11/site-packages/airflow/example_dags/example_branch_day_of_week_operator.py
[2025-12-12T08:28:24.596-0500] {logging_mixin.py:188} INFO - [2025-12-12T08:28:24.596-0500] {dag.py:3096} INFO - Sync 1 DAGs
[2025-12-12T08:28:24.601-0500] {logging_mixin.py:188} INFO - [2025-12-12T08:28:24.601-0500] {dag.py:3954} INFO - Setting next_dagrun for example_weekday_branch_operator to 2025-12-11 00:00:00+00:00, run_after=2025-12-12 00:00:00+00:00
[2025-12-12T08:28:24.607-0500] {processor.py:183} INFO - Processing /Users/evankrupa/airflow_project/env/lib/python3.11/site-packages/airflow/example_dags/example_branch_day_of_week_operator.py took 0.044 seconds
[2025-12-12T08:29:46.189-0500] {processor.py:161} INFO - Started process (PID=64776) to work on /Users/evankrupa/airflow_project/env/lib/python3.11/site-packages/airflow/example_dags/example_branch_day_of_week_operator.py
[2025-12-12T08:29:46.189-0500] {processor.py:830} INFO - Processing file /Users/evankrupa/airflow_project/env/lib/python3.11/site-packages/airflow/example_dags/example_branch_day_of_week_operator.py for tasks to queue
[2025-12-12T08:29:46.189-0500] {logging_mixin.py:188} INFO - [2025-12-12T08:29:46.189-0500] {dagbag.py:545} INFO - Filling up the DagBag from /Users/evankrupa/airflow_project/env/lib/python3.11/site-packages/airflow/example_dags/example_branch_day_of_week_operator.py
[2025-12-12T08:29:46.193-0500] {processor.py:840} INFO - DAG(s) 'example_weekday_branch_operator' retrieved from /Users/evankrupa/airflow_project/env/lib/python3.11/site-packages/airflow/example_dags/example_branch_day_of_week_operator.py
[2025-12-12T08:29:46.221-0500] {logging_mixin.py:188} INFO - [2025-12-12T08:29:46.221-0500] {dag.py:3096} INFO - Sync 1 DAGs
[2025-12-12T08:29:46.226-0500] {logging_mixin.py:188} INFO - [2025-12-12T08:29:46.226-0500] {dag.py:3954} INFO - Setting next_dagrun for example_weekday_branch_operator to 2025-12-11 00:00:00+00:00, run_after=2025-12-12 00:00:00+00:00
[2025-12-12T08:29:46.232-0500] {processor.py:183} INFO - Processing /Users/evankrupa/airflow_project/env/lib/python3.11/site-packages/airflow/example_dags/example_branch_day_of_week_operator.py took 0.044 seconds
[2025-12-12T08:31:08.095-0500] {processor.py:161} INFO - Started process (PID=64862) to work on /Users/evankrupa/airflow_project/env/lib/python3.11/site-packages/airflow/example_dags/example_branch_day_of_week_operator.py
[2025-12-12T08:31:08.096-0500] {processor.py:830} INFO - Processing file /Users/evankrupa/airflow_project/env/lib/python3.11/site-packages/airflow/example_dags/example_branch_day_of_week_operator.py for tasks to queue
[2025-12-12T08:31:08.096-0500] {logging_mixin.py:188} INFO - [2025-12-12T08:31:08.096-0500] {dagbag.py:545} INFO - Filling up the DagBag from /Users/evankrupa/airflow_project/env/lib/python3.11/site-packages/airflow/example_dags/example_branch_day_of_week_operator.py
[2025-12-12T08:31:08.099-0500] {processor.py:840} INFO - DAG(s) 'example_weekday_branch_operator' retrieved from /Users/evankrupa/airflow_project/env/lib/python3.11/site-packages/airflow/example_dags/example_branch_day_of_week_operator.py
[2025-12-12T08:31:08.128-0500] {logging_mixin.py:188} INFO - [2025-12-12T08:31:08.128-0500] {dag.py:3096} INFO - Sync 1 DAGs
[2025-12-12T08:31:08.133-0500] {logging_mixin.py:188} INFO - [2025-12-12T08:31:08.133-0500] {dag.py:3954} INFO - Setting next_dagrun for example_weekday_branch_operator to 2025-12-11 00:00:00+00:00, run_after=2025-12-12 00:00:00+00:00
[2025-12-12T08:31:08.139-0500] {processor.py:183} INFO - Processing /Users/evankrupa/airflow_project/env/lib/python3.11/site-packages/airflow/example_dags/example_branch_day_of_week_operator.py took 0.044 seconds
[2025-12-12T08:32:32.103-0500] {processor.py:161} INFO - Started process (PID=64952) to work on /Users/evankrupa/airflow_project/env/lib/python3.11/site-packages/airflow/example_dags/example_branch_day_of_week_operator.py
[2025-12-12T08:32:32.104-0500] {processor.py:830} INFO - Processing file /Users/evankrupa/airflow_project/env/lib/python3.11/site-packages/airflow/example_dags/example_branch_day_of_week_operator.py for tasks to queue
[2025-12-12T08:32:32.104-0500] {logging_mixin.py:188} INFO - [2025-12-12T08:32:32.104-0500] {dagbag.py:545} INFO - Filling up the DagBag from /Users/evankrupa/airflow_project/env/lib/python3.11/site-packages/airflow/example_dags/example_branch_day_of_week_operator.py
[2025-12-12T08:32:32.108-0500] {processor.py:840} INFO - DAG(s) 'example_weekday_branch_operator' retrieved from /Users/evankrupa/airflow_project/env/lib/python3.11/site-packages/airflow/example_dags/example_branch_day_of_week_operator.py
[2025-12-12T08:32:32.137-0500] {logging_mixin.py:188} INFO - [2025-12-12T08:32:32.137-0500] {dag.py:3096} INFO - Sync 1 DAGs
[2025-12-12T08:32:32.142-0500] {logging_mixin.py:188} INFO - [2025-12-12T08:32:32.142-0500] {dag.py:3954} INFO - Setting next_dagrun for example_weekday_branch_operator to 2025-12-11 00:00:00+00:00, run_after=2025-12-12 00:00:00+00:00
[2025-12-12T08:32:32.148-0500] {processor.py:183} INFO - Processing /Users/evankrupa/airflow_project/env/lib/python3.11/site-packages/airflow/example_dags/example_branch_day_of_week_operator.py took 0.045 seconds
[2025-12-12T08:33:57.028-0500] {processor.py:161} INFO - Started process (PID=65047) to work on /Users/evankrupa/airflow_project/env/lib/python3.11/site-packages/airflow/example_dags/example_branch_day_of_week_operator.py
[2025-12-12T08:33:57.028-0500] {processor.py:830} INFO - Processing file /Users/evankrupa/airflow_project/env/lib/python3.11/site-packages/airflow/example_dags/example_branch_day_of_week_operator.py for tasks to queue
[2025-12-12T08:33:57.029-0500] {logging_mixin.py:188} INFO - [2025-12-12T08:33:57.029-0500] {dagbag.py:545} INFO - Filling up the DagBag from /Users/evankrupa/airflow_project/env/lib/python3.11/site-packages/airflow/example_dags/example_branch_day_of_week_operator.py
[2025-12-12T08:33:57.032-0500] {processor.py:840} INFO - DAG(s) 'example_weekday_branch_operator' retrieved from /Users/evankrupa/airflow_project/env/lib/python3.11/site-packages/airflow/example_dags/example_branch_day_of_week_operator.py
[2025-12-12T08:33:57.061-0500] {logging_mixin.py:188} INFO - [2025-12-12T08:33:57.060-0500] {dag.py:3096} INFO - Sync 1 DAGs
[2025-12-12T08:33:57.065-0500] {logging_mixin.py:188} INFO - [2025-12-12T08:33:57.065-0500] {dag.py:3954} INFO - Setting next_dagrun for example_weekday_branch_operator to 2025-12-11 00:00:00+00:00, run_after=2025-12-12 00:00:00+00:00
[2025-12-12T08:33:57.071-0500] {processor.py:183} INFO - Processing /Users/evankrupa/airflow_project/env/lib/python3.11/site-packages/airflow/example_dags/example_branch_day_of_week_operator.py took 0.044 seconds
[2025-12-12T08:35:23.972-0500] {processor.py:161} INFO - Started process (PID=65142) to work on /Users/evankrupa/airflow_project/env/lib/python3.11/site-packages/airflow/example_dags/example_branch_day_of_week_operator.py
[2025-12-12T08:35:23.972-0500] {processor.py:830} INFO - Processing file /Users/evankrupa/airflow_project/env/lib/python3.11/site-packages/airflow/example_dags/example_branch_day_of_week_operator.py for tasks to queue
[2025-12-12T08:35:23.972-0500] {logging_mixin.py:188} INFO - [2025-12-12T08:35:23.972-0500] {dagbag.py:545} INFO - Filling up the DagBag from /Users/evankrupa/airflow_project/env/lib/python3.11/site-packages/airflow/example_dags/example_branch_day_of_week_operator.py
[2025-12-12T08:35:23.976-0500] {processor.py:840} INFO - DAG(s) 'example_weekday_branch_operator' retrieved from /Users/evankrupa/airflow_project/env/lib/python3.11/site-packages/airflow/example_dags/example_branch_day_of_week_operator.py
[2025-12-12T08:35:24.005-0500] {logging_mixin.py:188} INFO - [2025-12-12T08:35:24.005-0500] {dag.py:3096} INFO - Sync 1 DAGs
[2025-12-12T08:35:24.010-0500] {logging_mixin.py:188} INFO - [2025-12-12T08:35:24.010-0500] {dag.py:3954} INFO - Setting next_dagrun for example_weekday_branch_operator to 2025-12-11 00:00:00+00:00, run_after=2025-12-12 00:00:00+00:00
[2025-12-12T08:35:24.015-0500] {processor.py:183} INFO - Processing /Users/evankrupa/airflow_project/env/lib/python3.11/site-packages/airflow/example_dags/example_branch_day_of_week_operator.py took 0.045 seconds
[2025-12-12T08:36:46.763-0500] {processor.py:161} INFO - Started process (PID=65219) to work on /Users/evankrupa/airflow_project/env/lib/python3.11/site-packages/airflow/example_dags/example_branch_day_of_week_operator.py
[2025-12-12T08:36:46.764-0500] {processor.py:830} INFO - Processing file /Users/evankrupa/airflow_project/env/lib/python3.11/site-packages/airflow/example_dags/example_branch_day_of_week_operator.py for tasks to queue
[2025-12-12T08:36:46.764-0500] {logging_mixin.py:188} INFO - [2025-12-12T08:36:46.764-0500] {dagbag.py:545} INFO - Filling up the DagBag from /Users/evankrupa/airflow_project/env/lib/python3.11/site-packages/airflow/example_dags/example_branch_day_of_week_operator.py
[2025-12-12T08:36:46.768-0500] {processor.py:840} INFO - DAG(s) 'example_weekday_branch_operator' retrieved from /Users/evankrupa/airflow_project/env/lib/python3.11/site-packages/airflow/example_dags/example_branch_day_of_week_operator.py
[2025-12-12T08:36:46.797-0500] {logging_mixin.py:188} INFO - [2025-12-12T08:36:46.797-0500] {dag.py:3096} INFO - Sync 1 DAGs
[2025-12-12T08:36:46.802-0500] {logging_mixin.py:188} INFO - [2025-12-12T08:36:46.802-0500] {dag.py:3954} INFO - Setting next_dagrun for example_weekday_branch_operator to 2025-12-11 00:00:00+00:00, run_after=2025-12-12 00:00:00+00:00
[2025-12-12T08:36:46.808-0500] {processor.py:183} INFO - Processing /Users/evankrupa/airflow_project/env/lib/python3.11/site-packages/airflow/example_dags/example_branch_day_of_week_operator.py took 0.045 seconds
[2025-12-12T08:38:12.234-0500] {processor.py:161} INFO - Started process (PID=65289) to work on /Users/evankrupa/airflow_project/env/lib/python3.11/site-packages/airflow/example_dags/example_branch_day_of_week_operator.py
[2025-12-12T08:38:12.235-0500] {processor.py:830} INFO - Processing file /Users/evankrupa/airflow_project/env/lib/python3.11/site-packages/airflow/example_dags/example_branch_day_of_week_operator.py for tasks to queue
[2025-12-12T08:38:12.235-0500] {logging_mixin.py:188} INFO - [2025-12-12T08:38:12.235-0500] {dagbag.py:545} INFO - Filling up the DagBag from /Users/evankrupa/airflow_project/env/lib/python3.11/site-packages/airflow/example_dags/example_branch_day_of_week_operator.py
[2025-12-12T08:38:12.239-0500] {processor.py:840} INFO - DAG(s) 'example_weekday_branch_operator' retrieved from /Users/evankrupa/airflow_project/env/lib/python3.11/site-packages/airflow/example_dags/example_branch_day_of_week_operator.py
[2025-12-12T08:38:12.268-0500] {logging_mixin.py:188} INFO - [2025-12-12T08:38:12.268-0500] {dag.py:3096} INFO - Sync 1 DAGs
[2025-12-12T08:38:12.273-0500] {logging_mixin.py:188} INFO - [2025-12-12T08:38:12.273-0500] {dag.py:3954} INFO - Setting next_dagrun for example_weekday_branch_operator to 2025-12-11 00:00:00+00:00, run_after=2025-12-12 00:00:00+00:00
[2025-12-12T08:38:12.278-0500] {processor.py:183} INFO - Processing /Users/evankrupa/airflow_project/env/lib/python3.11/site-packages/airflow/example_dags/example_branch_day_of_week_operator.py took 0.045 seconds
[2025-12-12T08:39:34.499-0500] {processor.py:161} INFO - Started process (PID=65368) to work on /Users/evankrupa/airflow_project/env/lib/python3.11/site-packages/airflow/example_dags/example_branch_day_of_week_operator.py
[2025-12-12T08:39:34.500-0500] {processor.py:830} INFO - Processing file /Users/evankrupa/airflow_project/env/lib/python3.11/site-packages/airflow/example_dags/example_branch_day_of_week_operator.py for tasks to queue
[2025-12-12T08:39:34.500-0500] {logging_mixin.py:188} INFO - [2025-12-12T08:39:34.500-0500] {dagbag.py:545} INFO - Filling up the DagBag from /Users/evankrupa/airflow_project/env/lib/python3.11/site-packages/airflow/example_dags/example_branch_day_of_week_operator.py
[2025-12-12T08:39:34.504-0500] {processor.py:840} INFO - DAG(s) 'example_weekday_branch_operator' retrieved from /Users/evankrupa/airflow_project/env/lib/python3.11/site-packages/airflow/example_dags/example_branch_day_of_week_operator.py
[2025-12-12T08:39:34.532-0500] {logging_mixin.py:188} INFO - [2025-12-12T08:39:34.532-0500] {dag.py:3096} INFO - Sync 1 DAGs
[2025-12-12T08:39:34.537-0500] {logging_mixin.py:188} INFO - [2025-12-12T08:39:34.536-0500] {dag.py:3954} INFO - Setting next_dagrun for example_weekday_branch_operator to 2025-12-11 00:00:00+00:00, run_after=2025-12-12 00:00:00+00:00
[2025-12-12T08:39:34.542-0500] {processor.py:183} INFO - Processing /Users/evankrupa/airflow_project/env/lib/python3.11/site-packages/airflow/example_dags/example_branch_day_of_week_operator.py took 0.044 seconds
[2025-12-12T08:40:58.702-0500] {processor.py:161} INFO - Started process (PID=65454) to work on /Users/evankrupa/airflow_project/env/lib/python3.11/site-packages/airflow/example_dags/example_branch_day_of_week_operator.py
[2025-12-12T08:40:58.703-0500] {processor.py:830} INFO - Processing file /Users/evankrupa/airflow_project/env/lib/python3.11/site-packages/airflow/example_dags/example_branch_day_of_week_operator.py for tasks to queue
[2025-12-12T08:40:58.703-0500] {logging_mixin.py:188} INFO - [2025-12-12T08:40:58.703-0500] {dagbag.py:545} INFO - Filling up the DagBag from /Users/evankrupa/airflow_project/env/lib/python3.11/site-packages/airflow/example_dags/example_branch_day_of_week_operator.py
[2025-12-12T08:40:58.706-0500] {processor.py:840} INFO - DAG(s) 'example_weekday_branch_operator' retrieved from /Users/evankrupa/airflow_project/env/lib/python3.11/site-packages/airflow/example_dags/example_branch_day_of_week_operator.py
[2025-12-12T08:40:58.736-0500] {logging_mixin.py:188} INFO - [2025-12-12T08:40:58.736-0500] {dag.py:3096} INFO - Sync 1 DAGs
[2025-12-12T08:40:58.741-0500] {logging_mixin.py:188} INFO - [2025-12-12T08:40:58.741-0500] {dag.py:3954} INFO - Setting next_dagrun for example_weekday_branch_operator to 2025-12-11 00:00:00+00:00, run_after=2025-12-12 00:00:00+00:00
[2025-12-12T08:40:58.747-0500] {processor.py:183} INFO - Processing /Users/evankrupa/airflow_project/env/lib/python3.11/site-packages/airflow/example_dags/example_branch_day_of_week_operator.py took 0.046 seconds
[2025-12-12T08:42:20.863-0500] {processor.py:161} INFO - Started process (PID=65522) to work on /Users/evankrupa/airflow_project/env/lib/python3.11/site-packages/airflow/example_dags/example_branch_day_of_week_operator.py
[2025-12-12T08:42:20.864-0500] {processor.py:830} INFO - Processing file /Users/evankrupa/airflow_project/env/lib/python3.11/site-packages/airflow/example_dags/example_branch_day_of_week_operator.py for tasks to queue
[2025-12-12T08:42:20.864-0500] {logging_mixin.py:188} INFO - [2025-12-12T08:42:20.864-0500] {dagbag.py:545} INFO - Filling up the DagBag from /Users/evankrupa/airflow_project/env/lib/python3.11/site-packages/airflow/example_dags/example_branch_day_of_week_operator.py
[2025-12-12T08:42:20.868-0500] {processor.py:840} INFO - DAG(s) 'example_weekday_branch_operator' retrieved from /Users/evankrupa/airflow_project/env/lib/python3.11/site-packages/airflow/example_dags/example_branch_day_of_week_operator.py
[2025-12-12T08:42:20.896-0500] {logging_mixin.py:188} INFO - [2025-12-12T08:42:20.896-0500] {dag.py:3096} INFO - Sync 1 DAGs
[2025-12-12T08:42:20.901-0500] {logging_mixin.py:188} INFO - [2025-12-12T08:42:20.901-0500] {dag.py:3954} INFO - Setting next_dagrun for example_weekday_branch_operator to 2025-12-11 00:00:00+00:00, run_after=2025-12-12 00:00:00+00:00
[2025-12-12T08:42:20.907-0500] {processor.py:183} INFO - Processing /Users/evankrupa/airflow_project/env/lib/python3.11/site-packages/airflow/example_dags/example_branch_day_of_week_operator.py took 0.044 seconds
[2025-12-12T08:43:44.930-0500] {processor.py:161} INFO - Started process (PID=65605) to work on /Users/evankrupa/airflow_project/env/lib/python3.11/site-packages/airflow/example_dags/example_branch_day_of_week_operator.py
[2025-12-12T08:43:44.931-0500] {processor.py:830} INFO - Processing file /Users/evankrupa/airflow_project/env/lib/python3.11/site-packages/airflow/example_dags/example_branch_day_of_week_operator.py for tasks to queue
[2025-12-12T08:43:44.931-0500] {logging_mixin.py:188} INFO - [2025-12-12T08:43:44.931-0500] {dagbag.py:545} INFO - Filling up the DagBag from /Users/evankrupa/airflow_project/env/lib/python3.11/site-packages/airflow/example_dags/example_branch_day_of_week_operator.py
[2025-12-12T08:43:44.934-0500] {processor.py:840} INFO - DAG(s) 'example_weekday_branch_operator' retrieved from /Users/evankrupa/airflow_project/env/lib/python3.11/site-packages/airflow/example_dags/example_branch_day_of_week_operator.py
[2025-12-12T08:43:44.963-0500] {logging_mixin.py:188} INFO - [2025-12-12T08:43:44.962-0500] {dag.py:3096} INFO - Sync 1 DAGs
[2025-12-12T08:43:44.967-0500] {logging_mixin.py:188} INFO - [2025-12-12T08:43:44.967-0500] {dag.py:3954} INFO - Setting next_dagrun for example_weekday_branch_operator to 2025-12-11 00:00:00+00:00, run_after=2025-12-12 00:00:00+00:00
[2025-12-12T08:43:44.973-0500] {processor.py:183} INFO - Processing /Users/evankrupa/airflow_project/env/lib/python3.11/site-packages/airflow/example_dags/example_branch_day_of_week_operator.py took 0.044 seconds
[2025-12-12T08:45:08.353-0500] {processor.py:161} INFO - Started process (PID=65683) to work on /Users/evankrupa/airflow_project/env/lib/python3.11/site-packages/airflow/example_dags/example_branch_day_of_week_operator.py
[2025-12-12T08:45:08.353-0500] {processor.py:830} INFO - Processing file /Users/evankrupa/airflow_project/env/lib/python3.11/site-packages/airflow/example_dags/example_branch_day_of_week_operator.py for tasks to queue
[2025-12-12T08:45:08.353-0500] {logging_mixin.py:188} INFO - [2025-12-12T08:45:08.353-0500] {dagbag.py:545} INFO - Filling up the DagBag from /Users/evankrupa/airflow_project/env/lib/python3.11/site-packages/airflow/example_dags/example_branch_day_of_week_operator.py
[2025-12-12T08:45:08.356-0500] {processor.py:840} INFO - DAG(s) 'example_weekday_branch_operator' retrieved from /Users/evankrupa/airflow_project/env/lib/python3.11/site-packages/airflow/example_dags/example_branch_day_of_week_operator.py
[2025-12-12T08:45:08.384-0500] {logging_mixin.py:188} INFO - [2025-12-12T08:45:08.384-0500] {dag.py:3096} INFO - Sync 1 DAGs
[2025-12-12T08:45:08.389-0500] {logging_mixin.py:188} INFO - [2025-12-12T08:45:08.389-0500] {dag.py:3954} INFO - Setting next_dagrun for example_weekday_branch_operator to 2025-12-11 00:00:00+00:00, run_after=2025-12-12 00:00:00+00:00
[2025-12-12T08:45:08.395-0500] {processor.py:183} INFO - Processing /Users/evankrupa/airflow_project/env/lib/python3.11/site-packages/airflow/example_dags/example_branch_day_of_week_operator.py took 0.043 seconds
