[2025-12-12T07:25:39.834-0500] {processor.py:161} INFO - Started process (PID=56862) to work on /Users/evankrupa/airflow_project/env/lib/python3.11/site-packages/airflow/example_dags/example_python_operator.py
[2025-12-12T07:25:39.834-0500] {processor.py:830} INFO - Processing file /Users/evankrupa/airflow_project/env/lib/python3.11/site-packages/airflow/example_dags/example_python_operator.py for tasks to queue
[2025-12-12T07:25:39.834-0500] {logging_mixin.py:188} INFO - [2025-12-12T07:25:39.834-0500] {dagbag.py:545} INFO - Filling up the DagBag from /Users/evankrupa/airflow_project/env/lib/python3.11/site-packages/airflow/example_dags/example_python_operator.py
[2025-12-12T07:25:39.843-0500] {logging_mixin.py:188} INFO - [2025-12-12T07:25:39.843-0500] {example_python_operator.py:93} WARNING - The virtalenv_python example task requires virtualenv, please install it.
[2025-12-12T07:25:39.844-0500] {processor.py:840} INFO - DAG(s) 'example_python_operator' retrieved from /Users/evankrupa/airflow_project/env/lib/python3.11/site-packages/airflow/example_dags/example_python_operator.py
[2025-12-12T07:25:39.895-0500] {logging_mixin.py:188} INFO - [2025-12-12T07:25:39.895-0500] {override.py:1829} INFO - Created Permission View: can edit on DAG:example_python_operator
[2025-12-12T07:25:39.897-0500] {logging_mixin.py:188} INFO - [2025-12-12T07:25:39.897-0500] {override.py:1829} INFO - Created Permission View: can read on DAG:example_python_operator
[2025-12-12T07:25:39.898-0500] {logging_mixin.py:188} INFO - [2025-12-12T07:25:39.898-0500] {override.py:1829} INFO - Created Permission View: can delete on DAG:example_python_operator
[2025-12-12T07:25:39.898-0500] {logging_mixin.py:188} INFO - [2025-12-12T07:25:39.898-0500] {dag.py:3096} INFO - Sync 1 DAGs
[2025-12-12T07:25:39.901-0500] {logging_mixin.py:188} INFO - [2025-12-12T07:25:39.901-0500] {dag.py:3118} INFO - Creating ORM DAG for example_python_operator
[2025-12-12T07:25:39.901-0500] {logging_mixin.py:188} INFO - [2025-12-12T07:25:39.901-0500] {dag.py:3954} INFO - Setting next_dagrun for example_python_operator to None, run_after=None
[2025-12-12T07:25:39.906-0500] {processor.py:183} INFO - Processing /Users/evankrupa/airflow_project/env/lib/python3.11/site-packages/airflow/example_dags/example_python_operator.py took 0.073 seconds
[2025-12-12T07:26:52.764-0500] {processor.py:161} INFO - Started process (PID=56929) to work on /Users/evankrupa/airflow_project/env/lib/python3.11/site-packages/airflow/example_dags/example_python_operator.py
[2025-12-12T07:26:52.764-0500] {processor.py:830} INFO - Processing file /Users/evankrupa/airflow_project/env/lib/python3.11/site-packages/airflow/example_dags/example_python_operator.py for tasks to queue
[2025-12-12T07:26:52.765-0500] {logging_mixin.py:188} INFO - [2025-12-12T07:26:52.765-0500] {dagbag.py:545} INFO - Filling up the DagBag from /Users/evankrupa/airflow_project/env/lib/python3.11/site-packages/airflow/example_dags/example_python_operator.py
[2025-12-12T07:26:52.773-0500] {logging_mixin.py:188} INFO - [2025-12-12T07:26:52.773-0500] {example_python_operator.py:93} WARNING - The virtalenv_python example task requires virtualenv, please install it.
[2025-12-12T07:26:52.774-0500] {processor.py:840} INFO - DAG(s) 'example_python_operator' retrieved from /Users/evankrupa/airflow_project/env/lib/python3.11/site-packages/airflow/example_dags/example_python_operator.py
[2025-12-12T07:26:52.802-0500] {logging_mixin.py:188} INFO - [2025-12-12T07:26:52.802-0500] {dag.py:3096} INFO - Sync 1 DAGs
[2025-12-12T07:26:52.805-0500] {logging_mixin.py:188} INFO - [2025-12-12T07:26:52.805-0500] {dag.py:3954} INFO - Setting next_dagrun for example_python_operator to None, run_after=None
[2025-12-12T07:26:52.810-0500] {processor.py:183} INFO - Processing /Users/evankrupa/airflow_project/env/lib/python3.11/site-packages/airflow/example_dags/example_python_operator.py took 0.047 seconds
[2025-12-12T07:28:17.871-0500] {processor.py:161} INFO - Started process (PID=57733) to work on /Users/evankrupa/airflow_project/env/lib/python3.11/site-packages/airflow/example_dags/example_python_operator.py
[2025-12-12T07:28:17.872-0500] {processor.py:830} INFO - Processing file /Users/evankrupa/airflow_project/env/lib/python3.11/site-packages/airflow/example_dags/example_python_operator.py for tasks to queue
[2025-12-12T07:28:17.872-0500] {logging_mixin.py:188} INFO - [2025-12-12T07:28:17.872-0500] {dagbag.py:545} INFO - Filling up the DagBag from /Users/evankrupa/airflow_project/env/lib/python3.11/site-packages/airflow/example_dags/example_python_operator.py
[2025-12-12T07:28:17.880-0500] {logging_mixin.py:188} INFO - [2025-12-12T07:28:17.880-0500] {example_python_operator.py:93} WARNING - The virtalenv_python example task requires virtualenv, please install it.
[2025-12-12T07:28:17.881-0500] {processor.py:840} INFO - DAG(s) 'example_python_operator' retrieved from /Users/evankrupa/airflow_project/env/lib/python3.11/site-packages/airflow/example_dags/example_python_operator.py
[2025-12-12T07:28:17.908-0500] {logging_mixin.py:188} INFO - [2025-12-12T07:28:17.908-0500] {dag.py:3096} INFO - Sync 1 DAGs
[2025-12-12T07:28:17.911-0500] {logging_mixin.py:188} INFO - [2025-12-12T07:28:17.911-0500] {dag.py:3954} INFO - Setting next_dagrun for example_python_operator to None, run_after=None
[2025-12-12T07:28:17.916-0500] {processor.py:183} INFO - Processing /Users/evankrupa/airflow_project/env/lib/python3.11/site-packages/airflow/example_dags/example_python_operator.py took 0.046 seconds
[2025-12-12T07:29:42.603-0500] {processor.py:161} INFO - Started process (PID=57951) to work on /Users/evankrupa/airflow_project/env/lib/python3.11/site-packages/airflow/example_dags/example_python_operator.py
[2025-12-12T07:29:42.603-0500] {processor.py:830} INFO - Processing file /Users/evankrupa/airflow_project/env/lib/python3.11/site-packages/airflow/example_dags/example_python_operator.py for tasks to queue
[2025-12-12T07:29:42.604-0500] {logging_mixin.py:188} INFO - [2025-12-12T07:29:42.604-0500] {dagbag.py:545} INFO - Filling up the DagBag from /Users/evankrupa/airflow_project/env/lib/python3.11/site-packages/airflow/example_dags/example_python_operator.py
[2025-12-12T07:29:42.612-0500] {logging_mixin.py:188} INFO - [2025-12-12T07:29:42.612-0500] {example_python_operator.py:93} WARNING - The virtalenv_python example task requires virtualenv, please install it.
[2025-12-12T07:29:42.613-0500] {processor.py:840} INFO - DAG(s) 'example_python_operator' retrieved from /Users/evankrupa/airflow_project/env/lib/python3.11/site-packages/airflow/example_dags/example_python_operator.py
[2025-12-12T07:29:42.641-0500] {logging_mixin.py:188} INFO - [2025-12-12T07:29:42.640-0500] {dag.py:3096} INFO - Sync 1 DAGs
[2025-12-12T07:29:42.643-0500] {logging_mixin.py:188} INFO - [2025-12-12T07:29:42.643-0500] {dag.py:3954} INFO - Setting next_dagrun for example_python_operator to None, run_after=None
[2025-12-12T07:29:42.649-0500] {processor.py:183} INFO - Processing /Users/evankrupa/airflow_project/env/lib/python3.11/site-packages/airflow/example_dags/example_python_operator.py took 0.047 seconds
[2025-12-12T07:31:07.371-0500] {processor.py:161} INFO - Started process (PID=58110) to work on /Users/evankrupa/airflow_project/env/lib/python3.11/site-packages/airflow/example_dags/example_python_operator.py
[2025-12-12T07:31:07.372-0500] {processor.py:830} INFO - Processing file /Users/evankrupa/airflow_project/env/lib/python3.11/site-packages/airflow/example_dags/example_python_operator.py for tasks to queue
[2025-12-12T07:31:07.372-0500] {logging_mixin.py:188} INFO - [2025-12-12T07:31:07.372-0500] {dagbag.py:545} INFO - Filling up the DagBag from /Users/evankrupa/airflow_project/env/lib/python3.11/site-packages/airflow/example_dags/example_python_operator.py
[2025-12-12T07:31:07.381-0500] {logging_mixin.py:188} INFO - [2025-12-12T07:31:07.381-0500] {example_python_operator.py:93} WARNING - The virtalenv_python example task requires virtualenv, please install it.
[2025-12-12T07:31:07.382-0500] {processor.py:840} INFO - DAG(s) 'example_python_operator' retrieved from /Users/evankrupa/airflow_project/env/lib/python3.11/site-packages/airflow/example_dags/example_python_operator.py
[2025-12-12T07:31:07.409-0500] {logging_mixin.py:188} INFO - [2025-12-12T07:31:07.409-0500] {dag.py:3096} INFO - Sync 1 DAGs
[2025-12-12T07:31:07.412-0500] {logging_mixin.py:188} INFO - [2025-12-12T07:31:07.412-0500] {dag.py:3954} INFO - Setting next_dagrun for example_python_operator to None, run_after=None
[2025-12-12T07:31:07.417-0500] {processor.py:183} INFO - Processing /Users/evankrupa/airflow_project/env/lib/python3.11/site-packages/airflow/example_dags/example_python_operator.py took 0.047 seconds
[2025-12-12T07:32:35.780-0500] {processor.py:161} INFO - Started process (PID=58409) to work on /Users/evankrupa/airflow_project/env/lib/python3.11/site-packages/airflow/example_dags/example_python_operator.py
[2025-12-12T07:32:35.781-0500] {processor.py:830} INFO - Processing file /Users/evankrupa/airflow_project/env/lib/python3.11/site-packages/airflow/example_dags/example_python_operator.py for tasks to queue
[2025-12-12T07:32:35.781-0500] {logging_mixin.py:188} INFO - [2025-12-12T07:32:35.781-0500] {dagbag.py:545} INFO - Filling up the DagBag from /Users/evankrupa/airflow_project/env/lib/python3.11/site-packages/airflow/example_dags/example_python_operator.py
[2025-12-12T07:32:35.790-0500] {logging_mixin.py:188} INFO - [2025-12-12T07:32:35.789-0500] {example_python_operator.py:93} WARNING - The virtalenv_python example task requires virtualenv, please install it.
[2025-12-12T07:32:35.791-0500] {processor.py:840} INFO - DAG(s) 'example_python_operator' retrieved from /Users/evankrupa/airflow_project/env/lib/python3.11/site-packages/airflow/example_dags/example_python_operator.py
[2025-12-12T07:32:35.819-0500] {logging_mixin.py:188} INFO - [2025-12-12T07:32:35.819-0500] {dag.py:3096} INFO - Sync 1 DAGs
[2025-12-12T07:32:35.822-0500] {logging_mixin.py:188} INFO - [2025-12-12T07:32:35.822-0500] {dag.py:3954} INFO - Setting next_dagrun for example_python_operator to None, run_after=None
[2025-12-12T07:32:35.827-0500] {processor.py:183} INFO - Processing /Users/evankrupa/airflow_project/env/lib/python3.11/site-packages/airflow/example_dags/example_python_operator.py took 0.048 seconds
[2025-12-12T07:34:01.721-0500] {processor.py:161} INFO - Started process (PID=58486) to work on /Users/evankrupa/airflow_project/env/lib/python3.11/site-packages/airflow/example_dags/example_python_operator.py
[2025-12-12T07:34:01.722-0500] {processor.py:830} INFO - Processing file /Users/evankrupa/airflow_project/env/lib/python3.11/site-packages/airflow/example_dags/example_python_operator.py for tasks to queue
[2025-12-12T07:34:01.722-0500] {logging_mixin.py:188} INFO - [2025-12-12T07:34:01.722-0500] {dagbag.py:545} INFO - Filling up the DagBag from /Users/evankrupa/airflow_project/env/lib/python3.11/site-packages/airflow/example_dags/example_python_operator.py
[2025-12-12T07:34:01.731-0500] {logging_mixin.py:188} INFO - [2025-12-12T07:34:01.730-0500] {example_python_operator.py:93} WARNING - The virtalenv_python example task requires virtualenv, please install it.
[2025-12-12T07:34:01.731-0500] {processor.py:840} INFO - DAG(s) 'example_python_operator' retrieved from /Users/evankrupa/airflow_project/env/lib/python3.11/site-packages/airflow/example_dags/example_python_operator.py
[2025-12-12T07:34:01.759-0500] {logging_mixin.py:188} INFO - [2025-12-12T07:34:01.758-0500] {dag.py:3096} INFO - Sync 1 DAGs
[2025-12-12T07:34:01.761-0500] {logging_mixin.py:188} INFO - [2025-12-12T07:34:01.761-0500] {dag.py:3954} INFO - Setting next_dagrun for example_python_operator to None, run_after=None
[2025-12-12T07:34:01.767-0500] {processor.py:183} INFO - Processing /Users/evankrupa/airflow_project/env/lib/python3.11/site-packages/airflow/example_dags/example_python_operator.py took 0.046 seconds
[2025-12-12T07:35:25.455-0500] {processor.py:161} INFO - Started process (PID=58561) to work on /Users/evankrupa/airflow_project/env/lib/python3.11/site-packages/airflow/example_dags/example_python_operator.py
[2025-12-12T07:35:25.457-0500] {processor.py:830} INFO - Processing file /Users/evankrupa/airflow_project/env/lib/python3.11/site-packages/airflow/example_dags/example_python_operator.py for tasks to queue
[2025-12-12T07:35:25.457-0500] {logging_mixin.py:188} INFO - [2025-12-12T07:35:25.457-0500] {dagbag.py:545} INFO - Filling up the DagBag from /Users/evankrupa/airflow_project/env/lib/python3.11/site-packages/airflow/example_dags/example_python_operator.py
[2025-12-12T07:35:25.465-0500] {logging_mixin.py:188} INFO - [2025-12-12T07:35:25.465-0500] {example_python_operator.py:93} WARNING - The virtalenv_python example task requires virtualenv, please install it.
[2025-12-12T07:35:25.466-0500] {processor.py:840} INFO - DAG(s) 'example_python_operator' retrieved from /Users/evankrupa/airflow_project/env/lib/python3.11/site-packages/airflow/example_dags/example_python_operator.py
[2025-12-12T07:35:25.493-0500] {logging_mixin.py:188} INFO - [2025-12-12T07:35:25.493-0500] {dag.py:3096} INFO - Sync 1 DAGs
[2025-12-12T07:35:25.496-0500] {logging_mixin.py:188} INFO - [2025-12-12T07:35:25.496-0500] {dag.py:3954} INFO - Setting next_dagrun for example_python_operator to None, run_after=None
[2025-12-12T07:35:25.501-0500] {processor.py:183} INFO - Processing /Users/evankrupa/airflow_project/env/lib/python3.11/site-packages/airflow/example_dags/example_python_operator.py took 0.046 seconds
[2025-12-12T07:36:49.164-0500] {processor.py:161} INFO - Started process (PID=58631) to work on /Users/evankrupa/airflow_project/env/lib/python3.11/site-packages/airflow/example_dags/example_python_operator.py
[2025-12-12T07:36:49.165-0500] {processor.py:830} INFO - Processing file /Users/evankrupa/airflow_project/env/lib/python3.11/site-packages/airflow/example_dags/example_python_operator.py for tasks to queue
[2025-12-12T07:36:49.165-0500] {logging_mixin.py:188} INFO - [2025-12-12T07:36:49.165-0500] {dagbag.py:545} INFO - Filling up the DagBag from /Users/evankrupa/airflow_project/env/lib/python3.11/site-packages/airflow/example_dags/example_python_operator.py
[2025-12-12T07:36:49.173-0500] {logging_mixin.py:188} INFO - [2025-12-12T07:36:49.173-0500] {example_python_operator.py:93} WARNING - The virtalenv_python example task requires virtualenv, please install it.
[2025-12-12T07:36:49.174-0500] {processor.py:840} INFO - DAG(s) 'example_python_operator' retrieved from /Users/evankrupa/airflow_project/env/lib/python3.11/site-packages/airflow/example_dags/example_python_operator.py
[2025-12-12T07:36:49.202-0500] {logging_mixin.py:188} INFO - [2025-12-12T07:36:49.201-0500] {dag.py:3096} INFO - Sync 1 DAGs
[2025-12-12T07:36:49.204-0500] {logging_mixin.py:188} INFO - [2025-12-12T07:36:49.204-0500] {dag.py:3954} INFO - Setting next_dagrun for example_python_operator to None, run_after=None
[2025-12-12T07:36:49.210-0500] {processor.py:183} INFO - Processing /Users/evankrupa/airflow_project/env/lib/python3.11/site-packages/airflow/example_dags/example_python_operator.py took 0.047 seconds
[2025-12-12T07:38:14.309-0500] {processor.py:161} INFO - Started process (PID=58709) to work on /Users/evankrupa/airflow_project/env/lib/python3.11/site-packages/airflow/example_dags/example_python_operator.py
[2025-12-12T07:38:14.310-0500] {processor.py:830} INFO - Processing file /Users/evankrupa/airflow_project/env/lib/python3.11/site-packages/airflow/example_dags/example_python_operator.py for tasks to queue
[2025-12-12T07:38:14.310-0500] {logging_mixin.py:188} INFO - [2025-12-12T07:38:14.310-0500] {dagbag.py:545} INFO - Filling up the DagBag from /Users/evankrupa/airflow_project/env/lib/python3.11/site-packages/airflow/example_dags/example_python_operator.py
[2025-12-12T07:38:14.318-0500] {logging_mixin.py:188} INFO - [2025-12-12T07:38:14.318-0500] {example_python_operator.py:93} WARNING - The virtalenv_python example task requires virtualenv, please install it.
[2025-12-12T07:38:14.319-0500] {processor.py:840} INFO - DAG(s) 'example_python_operator' retrieved from /Users/evankrupa/airflow_project/env/lib/python3.11/site-packages/airflow/example_dags/example_python_operator.py
[2025-12-12T07:38:14.347-0500] {logging_mixin.py:188} INFO - [2025-12-12T07:38:14.347-0500] {dag.py:3096} INFO - Sync 1 DAGs
[2025-12-12T07:38:14.350-0500] {logging_mixin.py:188} INFO - [2025-12-12T07:38:14.350-0500] {dag.py:3954} INFO - Setting next_dagrun for example_python_operator to None, run_after=None
[2025-12-12T07:38:14.355-0500] {processor.py:183} INFO - Processing /Users/evankrupa/airflow_project/env/lib/python3.11/site-packages/airflow/example_dags/example_python_operator.py took 0.047 seconds
[2025-12-12T07:39:39.268-0500] {processor.py:161} INFO - Started process (PID=58823) to work on /Users/evankrupa/airflow_project/env/lib/python3.11/site-packages/airflow/example_dags/example_python_operator.py
[2025-12-12T07:39:39.268-0500] {processor.py:830} INFO - Processing file /Users/evankrupa/airflow_project/env/lib/python3.11/site-packages/airflow/example_dags/example_python_operator.py for tasks to queue
[2025-12-12T07:39:39.268-0500] {logging_mixin.py:188} INFO - [2025-12-12T07:39:39.268-0500] {dagbag.py:545} INFO - Filling up the DagBag from /Users/evankrupa/airflow_project/env/lib/python3.11/site-packages/airflow/example_dags/example_python_operator.py
[2025-12-12T07:39:39.277-0500] {logging_mixin.py:188} INFO - [2025-12-12T07:39:39.277-0500] {example_python_operator.py:93} WARNING - The virtalenv_python example task requires virtualenv, please install it.
[2025-12-12T07:39:39.278-0500] {processor.py:840} INFO - DAG(s) 'example_python_operator' retrieved from /Users/evankrupa/airflow_project/env/lib/python3.11/site-packages/airflow/example_dags/example_python_operator.py
[2025-12-12T07:39:39.307-0500] {logging_mixin.py:188} INFO - [2025-12-12T07:39:39.306-0500] {dag.py:3096} INFO - Sync 1 DAGs
[2025-12-12T07:39:39.309-0500] {logging_mixin.py:188} INFO - [2025-12-12T07:39:39.309-0500] {dag.py:3954} INFO - Setting next_dagrun for example_python_operator to None, run_after=None
[2025-12-12T07:39:39.315-0500] {processor.py:183} INFO - Processing /Users/evankrupa/airflow_project/env/lib/python3.11/site-packages/airflow/example_dags/example_python_operator.py took 0.049 seconds
[2025-12-12T07:41:04.981-0500] {processor.py:161} INFO - Started process (PID=58931) to work on /Users/evankrupa/airflow_project/env/lib/python3.11/site-packages/airflow/example_dags/example_python_operator.py
[2025-12-12T07:41:04.981-0500] {processor.py:830} INFO - Processing file /Users/evankrupa/airflow_project/env/lib/python3.11/site-packages/airflow/example_dags/example_python_operator.py for tasks to queue
[2025-12-12T07:41:04.981-0500] {logging_mixin.py:188} INFO - [2025-12-12T07:41:04.981-0500] {dagbag.py:545} INFO - Filling up the DagBag from /Users/evankrupa/airflow_project/env/lib/python3.11/site-packages/airflow/example_dags/example_python_operator.py
[2025-12-12T07:41:04.990-0500] {logging_mixin.py:188} INFO - [2025-12-12T07:41:04.990-0500] {example_python_operator.py:93} WARNING - The virtalenv_python example task requires virtualenv, please install it.
[2025-12-12T07:41:04.991-0500] {processor.py:840} INFO - DAG(s) 'example_python_operator' retrieved from /Users/evankrupa/airflow_project/env/lib/python3.11/site-packages/airflow/example_dags/example_python_operator.py
[2025-12-12T07:41:05.018-0500] {logging_mixin.py:188} INFO - [2025-12-12T07:41:05.017-0500] {dag.py:3096} INFO - Sync 1 DAGs
[2025-12-12T07:41:05.021-0500] {logging_mixin.py:188} INFO - [2025-12-12T07:41:05.020-0500] {dag.py:3954} INFO - Setting next_dagrun for example_python_operator to None, run_after=None
[2025-12-12T07:41:05.026-0500] {processor.py:183} INFO - Processing /Users/evankrupa/airflow_project/env/lib/python3.11/site-packages/airflow/example_dags/example_python_operator.py took 0.046 seconds
[2025-12-12T07:42:29.434-0500] {processor.py:161} INFO - Started process (PID=59071) to work on /Users/evankrupa/airflow_project/env/lib/python3.11/site-packages/airflow/example_dags/example_python_operator.py
[2025-12-12T07:42:29.435-0500] {processor.py:830} INFO - Processing file /Users/evankrupa/airflow_project/env/lib/python3.11/site-packages/airflow/example_dags/example_python_operator.py for tasks to queue
[2025-12-12T07:42:29.435-0500] {logging_mixin.py:188} INFO - [2025-12-12T07:42:29.435-0500] {dagbag.py:545} INFO - Filling up the DagBag from /Users/evankrupa/airflow_project/env/lib/python3.11/site-packages/airflow/example_dags/example_python_operator.py
[2025-12-12T07:42:29.446-0500] {logging_mixin.py:188} INFO - [2025-12-12T07:42:29.446-0500] {example_python_operator.py:93} WARNING - The virtalenv_python example task requires virtualenv, please install it.
[2025-12-12T07:42:29.447-0500] {processor.py:840} INFO - DAG(s) 'example_python_operator' retrieved from /Users/evankrupa/airflow_project/env/lib/python3.11/site-packages/airflow/example_dags/example_python_operator.py
[2025-12-12T07:42:29.476-0500] {logging_mixin.py:188} INFO - [2025-12-12T07:42:29.475-0500] {dag.py:3096} INFO - Sync 1 DAGs
[2025-12-12T07:42:29.479-0500] {logging_mixin.py:188} INFO - [2025-12-12T07:42:29.479-0500] {dag.py:3954} INFO - Setting next_dagrun for example_python_operator to None, run_after=None
[2025-12-12T07:42:29.486-0500] {processor.py:183} INFO - Processing /Users/evankrupa/airflow_project/env/lib/python3.11/site-packages/airflow/example_dags/example_python_operator.py took 0.052 seconds
[2025-12-12T07:43:52.471-0500] {processor.py:161} INFO - Started process (PID=59171) to work on /Users/evankrupa/airflow_project/env/lib/python3.11/site-packages/airflow/example_dags/example_python_operator.py
[2025-12-12T07:43:52.472-0500] {processor.py:830} INFO - Processing file /Users/evankrupa/airflow_project/env/lib/python3.11/site-packages/airflow/example_dags/example_python_operator.py for tasks to queue
[2025-12-12T07:43:52.472-0500] {logging_mixin.py:188} INFO - [2025-12-12T07:43:52.472-0500] {dagbag.py:545} INFO - Filling up the DagBag from /Users/evankrupa/airflow_project/env/lib/python3.11/site-packages/airflow/example_dags/example_python_operator.py
[2025-12-12T07:43:52.481-0500] {logging_mixin.py:188} INFO - [2025-12-12T07:43:52.481-0500] {example_python_operator.py:93} WARNING - The virtalenv_python example task requires virtualenv, please install it.
[2025-12-12T07:43:52.482-0500] {processor.py:840} INFO - DAG(s) 'example_python_operator' retrieved from /Users/evankrupa/airflow_project/env/lib/python3.11/site-packages/airflow/example_dags/example_python_operator.py
[2025-12-12T07:43:52.509-0500] {logging_mixin.py:188} INFO - [2025-12-12T07:43:52.508-0500] {dag.py:3096} INFO - Sync 1 DAGs
[2025-12-12T07:43:52.512-0500] {logging_mixin.py:188} INFO - [2025-12-12T07:43:52.512-0500] {dag.py:3954} INFO - Setting next_dagrun for example_python_operator to None, run_after=None
[2025-12-12T07:43:52.517-0500] {processor.py:183} INFO - Processing /Users/evankrupa/airflow_project/env/lib/python3.11/site-packages/airflow/example_dags/example_python_operator.py took 0.047 seconds
[2025-12-12T07:45:18.729-0500] {processor.py:161} INFO - Started process (PID=59256) to work on /Users/evankrupa/airflow_project/env/lib/python3.11/site-packages/airflow/example_dags/example_python_operator.py
[2025-12-12T07:45:18.730-0500] {processor.py:830} INFO - Processing file /Users/evankrupa/airflow_project/env/lib/python3.11/site-packages/airflow/example_dags/example_python_operator.py for tasks to queue
[2025-12-12T07:45:18.730-0500] {logging_mixin.py:188} INFO - [2025-12-12T07:45:18.730-0500] {dagbag.py:545} INFO - Filling up the DagBag from /Users/evankrupa/airflow_project/env/lib/python3.11/site-packages/airflow/example_dags/example_python_operator.py
[2025-12-12T07:45:18.738-0500] {logging_mixin.py:188} INFO - [2025-12-12T07:45:18.738-0500] {example_python_operator.py:93} WARNING - The virtalenv_python example task requires virtualenv, please install it.
[2025-12-12T07:45:18.739-0500] {processor.py:840} INFO - DAG(s) 'example_python_operator' retrieved from /Users/evankrupa/airflow_project/env/lib/python3.11/site-packages/airflow/example_dags/example_python_operator.py
[2025-12-12T07:45:18.766-0500] {logging_mixin.py:188} INFO - [2025-12-12T07:45:18.766-0500] {dag.py:3096} INFO - Sync 1 DAGs
[2025-12-12T07:45:18.769-0500] {logging_mixin.py:188} INFO - [2025-12-12T07:45:18.769-0500] {dag.py:3954} INFO - Setting next_dagrun for example_python_operator to None, run_after=None
[2025-12-12T07:45:18.774-0500] {processor.py:183} INFO - Processing /Users/evankrupa/airflow_project/env/lib/python3.11/site-packages/airflow/example_dags/example_python_operator.py took 0.046 seconds
[2025-12-12T07:46:44.443-0500] {processor.py:161} INFO - Started process (PID=59331) to work on /Users/evankrupa/airflow_project/env/lib/python3.11/site-packages/airflow/example_dags/example_python_operator.py
[2025-12-12T07:46:44.444-0500] {processor.py:830} INFO - Processing file /Users/evankrupa/airflow_project/env/lib/python3.11/site-packages/airflow/example_dags/example_python_operator.py for tasks to queue
[2025-12-12T07:46:44.445-0500] {logging_mixin.py:188} INFO - [2025-12-12T07:46:44.444-0500] {dagbag.py:545} INFO - Filling up the DagBag from /Users/evankrupa/airflow_project/env/lib/python3.11/site-packages/airflow/example_dags/example_python_operator.py
[2025-12-12T07:46:44.453-0500] {logging_mixin.py:188} INFO - [2025-12-12T07:46:44.453-0500] {example_python_operator.py:93} WARNING - The virtalenv_python example task requires virtualenv, please install it.
[2025-12-12T07:46:44.454-0500] {processor.py:840} INFO - DAG(s) 'example_python_operator' retrieved from /Users/evankrupa/airflow_project/env/lib/python3.11/site-packages/airflow/example_dags/example_python_operator.py
[2025-12-12T07:46:44.483-0500] {logging_mixin.py:188} INFO - [2025-12-12T07:46:44.482-0500] {dag.py:3096} INFO - Sync 1 DAGs
[2025-12-12T07:46:44.485-0500] {logging_mixin.py:188} INFO - [2025-12-12T07:46:44.485-0500] {dag.py:3954} INFO - Setting next_dagrun for example_python_operator to None, run_after=None
[2025-12-12T07:46:44.491-0500] {processor.py:183} INFO - Processing /Users/evankrupa/airflow_project/env/lib/python3.11/site-packages/airflow/example_dags/example_python_operator.py took 0.049 seconds
[2025-12-12T07:48:07.896-0500] {processor.py:161} INFO - Started process (PID=59428) to work on /Users/evankrupa/airflow_project/env/lib/python3.11/site-packages/airflow/example_dags/example_python_operator.py
[2025-12-12T07:48:07.897-0500] {processor.py:830} INFO - Processing file /Users/evankrupa/airflow_project/env/lib/python3.11/site-packages/airflow/example_dags/example_python_operator.py for tasks to queue
[2025-12-12T07:48:07.897-0500] {logging_mixin.py:188} INFO - [2025-12-12T07:48:07.897-0500] {dagbag.py:545} INFO - Filling up the DagBag from /Users/evankrupa/airflow_project/env/lib/python3.11/site-packages/airflow/example_dags/example_python_operator.py
[2025-12-12T07:48:07.909-0500] {logging_mixin.py:188} INFO - [2025-12-12T07:48:07.909-0500] {example_python_operator.py:93} WARNING - The virtalenv_python example task requires virtualenv, please install it.
[2025-12-12T07:48:07.910-0500] {processor.py:840} INFO - DAG(s) 'example_python_operator' retrieved from /Users/evankrupa/airflow_project/env/lib/python3.11/site-packages/airflow/example_dags/example_python_operator.py
[2025-12-12T07:48:07.940-0500] {logging_mixin.py:188} INFO - [2025-12-12T07:48:07.939-0500] {dag.py:3096} INFO - Sync 1 DAGs
[2025-12-12T07:48:07.942-0500] {logging_mixin.py:188} INFO - [2025-12-12T07:48:07.942-0500] {dag.py:3954} INFO - Setting next_dagrun for example_python_operator to None, run_after=None
[2025-12-12T07:48:07.948-0500] {processor.py:183} INFO - Processing /Users/evankrupa/airflow_project/env/lib/python3.11/site-packages/airflow/example_dags/example_python_operator.py took 0.053 seconds
[2025-12-12T07:49:34.587-0500] {processor.py:161} INFO - Started process (PID=59519) to work on /Users/evankrupa/airflow_project/env/lib/python3.11/site-packages/airflow/example_dags/example_python_operator.py
[2025-12-12T07:49:34.588-0500] {processor.py:830} INFO - Processing file /Users/evankrupa/airflow_project/env/lib/python3.11/site-packages/airflow/example_dags/example_python_operator.py for tasks to queue
[2025-12-12T07:49:34.588-0500] {logging_mixin.py:188} INFO - [2025-12-12T07:49:34.588-0500] {dagbag.py:545} INFO - Filling up the DagBag from /Users/evankrupa/airflow_project/env/lib/python3.11/site-packages/airflow/example_dags/example_python_operator.py
[2025-12-12T07:49:34.596-0500] {logging_mixin.py:188} INFO - [2025-12-12T07:49:34.596-0500] {example_python_operator.py:93} WARNING - The virtalenv_python example task requires virtualenv, please install it.
[2025-12-12T07:49:34.597-0500] {processor.py:840} INFO - DAG(s) 'example_python_operator' retrieved from /Users/evankrupa/airflow_project/env/lib/python3.11/site-packages/airflow/example_dags/example_python_operator.py
[2025-12-12T07:49:34.626-0500] {logging_mixin.py:188} INFO - [2025-12-12T07:49:34.625-0500] {dag.py:3096} INFO - Sync 1 DAGs
[2025-12-12T07:49:34.629-0500] {logging_mixin.py:188} INFO - [2025-12-12T07:49:34.629-0500] {dag.py:3954} INFO - Setting next_dagrun for example_python_operator to None, run_after=None
[2025-12-12T07:49:34.634-0500] {processor.py:183} INFO - Processing /Users/evankrupa/airflow_project/env/lib/python3.11/site-packages/airflow/example_dags/example_python_operator.py took 0.048 seconds
[2025-12-12T07:51:00.761-0500] {processor.py:161} INFO - Started process (PID=59597) to work on /Users/evankrupa/airflow_project/env/lib/python3.11/site-packages/airflow/example_dags/example_python_operator.py
[2025-12-12T07:51:00.762-0500] {processor.py:830} INFO - Processing file /Users/evankrupa/airflow_project/env/lib/python3.11/site-packages/airflow/example_dags/example_python_operator.py for tasks to queue
[2025-12-12T07:51:00.762-0500] {logging_mixin.py:188} INFO - [2025-12-12T07:51:00.762-0500] {dagbag.py:545} INFO - Filling up the DagBag from /Users/evankrupa/airflow_project/env/lib/python3.11/site-packages/airflow/example_dags/example_python_operator.py
[2025-12-12T07:51:00.770-0500] {logging_mixin.py:188} INFO - [2025-12-12T07:51:00.770-0500] {example_python_operator.py:93} WARNING - The virtalenv_python example task requires virtualenv, please install it.
[2025-12-12T07:51:00.771-0500] {processor.py:840} INFO - DAG(s) 'example_python_operator' retrieved from /Users/evankrupa/airflow_project/env/lib/python3.11/site-packages/airflow/example_dags/example_python_operator.py
[2025-12-12T07:51:00.800-0500] {logging_mixin.py:188} INFO - [2025-12-12T07:51:00.799-0500] {dag.py:3096} INFO - Sync 1 DAGs
[2025-12-12T07:51:00.803-0500] {logging_mixin.py:188} INFO - [2025-12-12T07:51:00.803-0500] {dag.py:3954} INFO - Setting next_dagrun for example_python_operator to None, run_after=None
[2025-12-12T07:51:00.809-0500] {processor.py:183} INFO - Processing /Users/evankrupa/airflow_project/env/lib/python3.11/site-packages/airflow/example_dags/example_python_operator.py took 0.049 seconds
[2025-12-12T07:52:25.600-0500] {processor.py:161} INFO - Started process (PID=59666) to work on /Users/evankrupa/airflow_project/env/lib/python3.11/site-packages/airflow/example_dags/example_python_operator.py
[2025-12-12T07:52:25.600-0500] {processor.py:830} INFO - Processing file /Users/evankrupa/airflow_project/env/lib/python3.11/site-packages/airflow/example_dags/example_python_operator.py for tasks to queue
[2025-12-12T07:52:25.601-0500] {logging_mixin.py:188} INFO - [2025-12-12T07:52:25.601-0500] {dagbag.py:545} INFO - Filling up the DagBag from /Users/evankrupa/airflow_project/env/lib/python3.11/site-packages/airflow/example_dags/example_python_operator.py
[2025-12-12T07:52:25.609-0500] {logging_mixin.py:188} INFO - [2025-12-12T07:52:25.609-0500] {example_python_operator.py:93} WARNING - The virtalenv_python example task requires virtualenv, please install it.
[2025-12-12T07:52:25.610-0500] {processor.py:840} INFO - DAG(s) 'example_python_operator' retrieved from /Users/evankrupa/airflow_project/env/lib/python3.11/site-packages/airflow/example_dags/example_python_operator.py
[2025-12-12T07:52:25.637-0500] {logging_mixin.py:188} INFO - [2025-12-12T07:52:25.637-0500] {dag.py:3096} INFO - Sync 1 DAGs
[2025-12-12T07:52:25.640-0500] {logging_mixin.py:188} INFO - [2025-12-12T07:52:25.640-0500] {dag.py:3954} INFO - Setting next_dagrun for example_python_operator to None, run_after=None
[2025-12-12T07:52:25.645-0500] {processor.py:183} INFO - Processing /Users/evankrupa/airflow_project/env/lib/python3.11/site-packages/airflow/example_dags/example_python_operator.py took 0.046 seconds
[2025-12-12T07:53:47.150-0500] {processor.py:161} INFO - Started process (PID=59751) to work on /Users/evankrupa/airflow_project/env/lib/python3.11/site-packages/airflow/example_dags/example_python_operator.py
[2025-12-12T07:53:47.151-0500] {processor.py:830} INFO - Processing file /Users/evankrupa/airflow_project/env/lib/python3.11/site-packages/airflow/example_dags/example_python_operator.py for tasks to queue
[2025-12-12T07:53:47.151-0500] {logging_mixin.py:188} INFO - [2025-12-12T07:53:47.151-0500] {dagbag.py:545} INFO - Filling up the DagBag from /Users/evankrupa/airflow_project/env/lib/python3.11/site-packages/airflow/example_dags/example_python_operator.py
[2025-12-12T07:53:47.159-0500] {logging_mixin.py:188} INFO - [2025-12-12T07:53:47.159-0500] {example_python_operator.py:93} WARNING - The virtalenv_python example task requires virtualenv, please install it.
[2025-12-12T07:53:47.160-0500] {processor.py:840} INFO - DAG(s) 'example_python_operator' retrieved from /Users/evankrupa/airflow_project/env/lib/python3.11/site-packages/airflow/example_dags/example_python_operator.py
[2025-12-12T07:53:47.187-0500] {logging_mixin.py:188} INFO - [2025-12-12T07:53:47.187-0500] {dag.py:3096} INFO - Sync 1 DAGs
[2025-12-12T07:53:47.190-0500] {logging_mixin.py:188} INFO - [2025-12-12T07:53:47.190-0500] {dag.py:3954} INFO - Setting next_dagrun for example_python_operator to None, run_after=None
[2025-12-12T07:53:47.195-0500] {processor.py:183} INFO - Processing /Users/evankrupa/airflow_project/env/lib/python3.11/site-packages/airflow/example_dags/example_python_operator.py took 0.046 seconds
[2025-12-12T07:55:11.491-0500] {processor.py:161} INFO - Started process (PID=59828) to work on /Users/evankrupa/airflow_project/env/lib/python3.11/site-packages/airflow/example_dags/example_python_operator.py
[2025-12-12T07:55:11.492-0500] {processor.py:830} INFO - Processing file /Users/evankrupa/airflow_project/env/lib/python3.11/site-packages/airflow/example_dags/example_python_operator.py for tasks to queue
[2025-12-12T07:55:11.493-0500] {logging_mixin.py:188} INFO - [2025-12-12T07:55:11.493-0500] {dagbag.py:545} INFO - Filling up the DagBag from /Users/evankrupa/airflow_project/env/lib/python3.11/site-packages/airflow/example_dags/example_python_operator.py
[2025-12-12T07:55:11.500-0500] {logging_mixin.py:188} INFO - [2025-12-12T07:55:11.500-0500] {example_python_operator.py:93} WARNING - The virtalenv_python example task requires virtualenv, please install it.
[2025-12-12T07:55:11.501-0500] {processor.py:840} INFO - DAG(s) 'example_python_operator' retrieved from /Users/evankrupa/airflow_project/env/lib/python3.11/site-packages/airflow/example_dags/example_python_operator.py
[2025-12-12T07:55:11.529-0500] {logging_mixin.py:188} INFO - [2025-12-12T07:55:11.528-0500] {dag.py:3096} INFO - Sync 1 DAGs
[2025-12-12T07:55:11.531-0500] {logging_mixin.py:188} INFO - [2025-12-12T07:55:11.531-0500] {dag.py:3954} INFO - Setting next_dagrun for example_python_operator to None, run_after=None
[2025-12-12T07:55:11.537-0500] {processor.py:183} INFO - Processing /Users/evankrupa/airflow_project/env/lib/python3.11/site-packages/airflow/example_dags/example_python_operator.py took 0.046 seconds
[2025-12-12T07:56:36.657-0500] {processor.py:161} INFO - Started process (PID=59904) to work on /Users/evankrupa/airflow_project/env/lib/python3.11/site-packages/airflow/example_dags/example_python_operator.py
[2025-12-12T07:56:36.658-0500] {processor.py:830} INFO - Processing file /Users/evankrupa/airflow_project/env/lib/python3.11/site-packages/airflow/example_dags/example_python_operator.py for tasks to queue
[2025-12-12T07:56:36.658-0500] {logging_mixin.py:188} INFO - [2025-12-12T07:56:36.658-0500] {dagbag.py:545} INFO - Filling up the DagBag from /Users/evankrupa/airflow_project/env/lib/python3.11/site-packages/airflow/example_dags/example_python_operator.py
[2025-12-12T07:56:36.667-0500] {logging_mixin.py:188} INFO - [2025-12-12T07:56:36.667-0500] {example_python_operator.py:93} WARNING - The virtalenv_python example task requires virtualenv, please install it.
[2025-12-12T07:56:36.668-0500] {processor.py:840} INFO - DAG(s) 'example_python_operator' retrieved from /Users/evankrupa/airflow_project/env/lib/python3.11/site-packages/airflow/example_dags/example_python_operator.py
[2025-12-12T07:56:36.695-0500] {logging_mixin.py:188} INFO - [2025-12-12T07:56:36.695-0500] {dag.py:3096} INFO - Sync 1 DAGs
[2025-12-12T07:56:36.698-0500] {logging_mixin.py:188} INFO - [2025-12-12T07:56:36.698-0500] {dag.py:3954} INFO - Setting next_dagrun for example_python_operator to None, run_after=None
[2025-12-12T07:56:36.703-0500] {processor.py:183} INFO - Processing /Users/evankrupa/airflow_project/env/lib/python3.11/site-packages/airflow/example_dags/example_python_operator.py took 0.047 seconds
[2025-12-12T07:58:02.377-0500] {processor.py:161} INFO - Started process (PID=61148) to work on /Users/evankrupa/airflow_project/env/lib/python3.11/site-packages/airflow/example_dags/example_python_operator.py
[2025-12-12T07:58:02.378-0500] {processor.py:830} INFO - Processing file /Users/evankrupa/airflow_project/env/lib/python3.11/site-packages/airflow/example_dags/example_python_operator.py for tasks to queue
[2025-12-12T07:58:02.378-0500] {logging_mixin.py:188} INFO - [2025-12-12T07:58:02.378-0500] {dagbag.py:545} INFO - Filling up the DagBag from /Users/evankrupa/airflow_project/env/lib/python3.11/site-packages/airflow/example_dags/example_python_operator.py
[2025-12-12T07:58:02.387-0500] {logging_mixin.py:188} INFO - [2025-12-12T07:58:02.387-0500] {example_python_operator.py:93} WARNING - The virtalenv_python example task requires virtualenv, please install it.
[2025-12-12T07:58:02.388-0500] {processor.py:840} INFO - DAG(s) 'example_python_operator' retrieved from /Users/evankrupa/airflow_project/env/lib/python3.11/site-packages/airflow/example_dags/example_python_operator.py
[2025-12-12T07:58:02.417-0500] {logging_mixin.py:188} INFO - [2025-12-12T07:58:02.416-0500] {dag.py:3096} INFO - Sync 1 DAGs
[2025-12-12T07:58:02.419-0500] {logging_mixin.py:188} INFO - [2025-12-12T07:58:02.419-0500] {dag.py:3954} INFO - Setting next_dagrun for example_python_operator to None, run_after=None
[2025-12-12T07:58:02.425-0500] {processor.py:183} INFO - Processing /Users/evankrupa/airflow_project/env/lib/python3.11/site-packages/airflow/example_dags/example_python_operator.py took 0.049 seconds
[2025-12-12T07:59:28.734-0500] {processor.py:161} INFO - Started process (PID=62671) to work on /Users/evankrupa/airflow_project/env/lib/python3.11/site-packages/airflow/example_dags/example_python_operator.py
[2025-12-12T07:59:28.735-0500] {processor.py:830} INFO - Processing file /Users/evankrupa/airflow_project/env/lib/python3.11/site-packages/airflow/example_dags/example_python_operator.py for tasks to queue
[2025-12-12T07:59:28.735-0500] {logging_mixin.py:188} INFO - [2025-12-12T07:59:28.735-0500] {dagbag.py:545} INFO - Filling up the DagBag from /Users/evankrupa/airflow_project/env/lib/python3.11/site-packages/airflow/example_dags/example_python_operator.py
[2025-12-12T07:59:28.744-0500] {logging_mixin.py:188} INFO - [2025-12-12T07:59:28.744-0500] {example_python_operator.py:93} WARNING - The virtalenv_python example task requires virtualenv, please install it.
[2025-12-12T07:59:28.745-0500] {processor.py:840} INFO - DAG(s) 'example_python_operator' retrieved from /Users/evankrupa/airflow_project/env/lib/python3.11/site-packages/airflow/example_dags/example_python_operator.py
[2025-12-12T07:59:28.774-0500] {logging_mixin.py:188} INFO - [2025-12-12T07:59:28.773-0500] {dag.py:3096} INFO - Sync 1 DAGs
[2025-12-12T07:59:28.777-0500] {logging_mixin.py:188} INFO - [2025-12-12T07:59:28.777-0500] {dag.py:3954} INFO - Setting next_dagrun for example_python_operator to None, run_after=None
[2025-12-12T07:59:28.782-0500] {processor.py:183} INFO - Processing /Users/evankrupa/airflow_project/env/lib/python3.11/site-packages/airflow/example_dags/example_python_operator.py took 0.049 seconds
[2025-12-12T08:00:49.990-0500] {processor.py:161} INFO - Started process (PID=62782) to work on /Users/evankrupa/airflow_project/env/lib/python3.11/site-packages/airflow/example_dags/example_python_operator.py
[2025-12-12T08:00:49.991-0500] {processor.py:830} INFO - Processing file /Users/evankrupa/airflow_project/env/lib/python3.11/site-packages/airflow/example_dags/example_python_operator.py for tasks to queue
[2025-12-12T08:00:49.991-0500] {logging_mixin.py:188} INFO - [2025-12-12T08:00:49.991-0500] {dagbag.py:545} INFO - Filling up the DagBag from /Users/evankrupa/airflow_project/env/lib/python3.11/site-packages/airflow/example_dags/example_python_operator.py
[2025-12-12T08:00:50.001-0500] {logging_mixin.py:188} INFO - [2025-12-12T08:00:50.001-0500] {example_python_operator.py:93} WARNING - The virtalenv_python example task requires virtualenv, please install it.
[2025-12-12T08:00:50.002-0500] {processor.py:840} INFO - DAG(s) 'example_python_operator' retrieved from /Users/evankrupa/airflow_project/env/lib/python3.11/site-packages/airflow/example_dags/example_python_operator.py
[2025-12-12T08:00:50.029-0500] {logging_mixin.py:188} INFO - [2025-12-12T08:00:50.029-0500] {dag.py:3096} INFO - Sync 1 DAGs
[2025-12-12T08:00:50.032-0500] {logging_mixin.py:188} INFO - [2025-12-12T08:00:50.032-0500] {dag.py:3954} INFO - Setting next_dagrun for example_python_operator to None, run_after=None
[2025-12-12T08:00:50.038-0500] {processor.py:183} INFO - Processing /Users/evankrupa/airflow_project/env/lib/python3.11/site-packages/airflow/example_dags/example_python_operator.py took 0.048 seconds
[2025-12-12T08:02:13.538-0500] {processor.py:161} INFO - Started process (PID=62848) to work on /Users/evankrupa/airflow_project/env/lib/python3.11/site-packages/airflow/example_dags/example_python_operator.py
[2025-12-12T08:02:13.539-0500] {processor.py:830} INFO - Processing file /Users/evankrupa/airflow_project/env/lib/python3.11/site-packages/airflow/example_dags/example_python_operator.py for tasks to queue
[2025-12-12T08:02:13.539-0500] {logging_mixin.py:188} INFO - [2025-12-12T08:02:13.539-0500] {dagbag.py:545} INFO - Filling up the DagBag from /Users/evankrupa/airflow_project/env/lib/python3.11/site-packages/airflow/example_dags/example_python_operator.py
[2025-12-12T08:02:13.547-0500] {logging_mixin.py:188} INFO - [2025-12-12T08:02:13.547-0500] {example_python_operator.py:93} WARNING - The virtalenv_python example task requires virtualenv, please install it.
[2025-12-12T08:02:13.548-0500] {processor.py:840} INFO - DAG(s) 'example_python_operator' retrieved from /Users/evankrupa/airflow_project/env/lib/python3.11/site-packages/airflow/example_dags/example_python_operator.py
[2025-12-12T08:02:13.576-0500] {logging_mixin.py:188} INFO - [2025-12-12T08:02:13.575-0500] {dag.py:3096} INFO - Sync 1 DAGs
[2025-12-12T08:02:13.578-0500] {logging_mixin.py:188} INFO - [2025-12-12T08:02:13.578-0500] {dag.py:3954} INFO - Setting next_dagrun for example_python_operator to None, run_after=None
[2025-12-12T08:02:13.584-0500] {processor.py:183} INFO - Processing /Users/evankrupa/airflow_project/env/lib/python3.11/site-packages/airflow/example_dags/example_python_operator.py took 0.047 seconds
[2025-12-12T08:03:38.974-0500] {processor.py:161} INFO - Started process (PID=62916) to work on /Users/evankrupa/airflow_project/env/lib/python3.11/site-packages/airflow/example_dags/example_python_operator.py
[2025-12-12T08:03:38.976-0500] {processor.py:830} INFO - Processing file /Users/evankrupa/airflow_project/env/lib/python3.11/site-packages/airflow/example_dags/example_python_operator.py for tasks to queue
[2025-12-12T08:03:38.976-0500] {logging_mixin.py:188} INFO - [2025-12-12T08:03:38.976-0500] {dagbag.py:545} INFO - Filling up the DagBag from /Users/evankrupa/airflow_project/env/lib/python3.11/site-packages/airflow/example_dags/example_python_operator.py
[2025-12-12T08:03:38.984-0500] {logging_mixin.py:188} INFO - [2025-12-12T08:03:38.984-0500] {example_python_operator.py:93} WARNING - The virtalenv_python example task requires virtualenv, please install it.
[2025-12-12T08:03:38.985-0500] {processor.py:840} INFO - DAG(s) 'example_python_operator' retrieved from /Users/evankrupa/airflow_project/env/lib/python3.11/site-packages/airflow/example_dags/example_python_operator.py
[2025-12-12T08:03:39.012-0500] {logging_mixin.py:188} INFO - [2025-12-12T08:03:39.011-0500] {dag.py:3096} INFO - Sync 1 DAGs
[2025-12-12T08:03:39.014-0500] {logging_mixin.py:188} INFO - [2025-12-12T08:03:39.014-0500] {dag.py:3954} INFO - Setting next_dagrun for example_python_operator to None, run_after=None
[2025-12-12T08:03:39.020-0500] {processor.py:183} INFO - Processing /Users/evankrupa/airflow_project/env/lib/python3.11/site-packages/airflow/example_dags/example_python_operator.py took 0.046 seconds
[2025-12-12T08:05:03.064-0500] {processor.py:161} INFO - Started process (PID=63067) to work on /Users/evankrupa/airflow_project/env/lib/python3.11/site-packages/airflow/example_dags/example_python_operator.py
[2025-12-12T08:05:03.065-0500] {processor.py:830} INFO - Processing file /Users/evankrupa/airflow_project/env/lib/python3.11/site-packages/airflow/example_dags/example_python_operator.py for tasks to queue
[2025-12-12T08:05:03.065-0500] {logging_mixin.py:188} INFO - [2025-12-12T08:05:03.065-0500] {dagbag.py:545} INFO - Filling up the DagBag from /Users/evankrupa/airflow_project/env/lib/python3.11/site-packages/airflow/example_dags/example_python_operator.py
[2025-12-12T08:05:03.073-0500] {logging_mixin.py:188} INFO - [2025-12-12T08:05:03.073-0500] {example_python_operator.py:93} WARNING - The virtalenv_python example task requires virtualenv, please install it.
[2025-12-12T08:05:03.074-0500] {processor.py:840} INFO - DAG(s) 'example_python_operator' retrieved from /Users/evankrupa/airflow_project/env/lib/python3.11/site-packages/airflow/example_dags/example_python_operator.py
[2025-12-12T08:05:03.114-0500] {logging_mixin.py:188} INFO - [2025-12-12T08:05:03.113-0500] {dag.py:3096} INFO - Sync 1 DAGs
[2025-12-12T08:05:03.118-0500] {logging_mixin.py:188} INFO - [2025-12-12T08:05:03.118-0500] {dag.py:3954} INFO - Setting next_dagrun for example_python_operator to None, run_after=None
[2025-12-12T08:05:03.127-0500] {processor.py:183} INFO - Processing /Users/evankrupa/airflow_project/env/lib/python3.11/site-packages/airflow/example_dags/example_python_operator.py took 0.064 seconds
[2025-12-12T08:06:27.075-0500] {processor.py:161} INFO - Started process (PID=63146) to work on /Users/evankrupa/airflow_project/env/lib/python3.11/site-packages/airflow/example_dags/example_python_operator.py
[2025-12-12T08:06:27.076-0500] {processor.py:830} INFO - Processing file /Users/evankrupa/airflow_project/env/lib/python3.11/site-packages/airflow/example_dags/example_python_operator.py for tasks to queue
[2025-12-12T08:06:27.077-0500] {logging_mixin.py:188} INFO - [2025-12-12T08:06:27.076-0500] {dagbag.py:545} INFO - Filling up the DagBag from /Users/evankrupa/airflow_project/env/lib/python3.11/site-packages/airflow/example_dags/example_python_operator.py
[2025-12-12T08:06:27.085-0500] {logging_mixin.py:188} INFO - [2025-12-12T08:06:27.085-0500] {example_python_operator.py:93} WARNING - The virtalenv_python example task requires virtualenv, please install it.
[2025-12-12T08:06:27.086-0500] {processor.py:840} INFO - DAG(s) 'example_python_operator' retrieved from /Users/evankrupa/airflow_project/env/lib/python3.11/site-packages/airflow/example_dags/example_python_operator.py
[2025-12-12T08:06:27.114-0500] {logging_mixin.py:188} INFO - [2025-12-12T08:06:27.113-0500] {dag.py:3096} INFO - Sync 1 DAGs
[2025-12-12T08:06:27.117-0500] {logging_mixin.py:188} INFO - [2025-12-12T08:06:27.117-0500] {dag.py:3954} INFO - Setting next_dagrun for example_python_operator to None, run_after=None
[2025-12-12T08:06:27.123-0500] {processor.py:183} INFO - Processing /Users/evankrupa/airflow_project/env/lib/python3.11/site-packages/airflow/example_dags/example_python_operator.py took 0.049 seconds
[2025-12-12T08:07:56.914-0500] {processor.py:161} INFO - Started process (PID=63668) to work on /Users/evankrupa/airflow_project/env/lib/python3.11/site-packages/airflow/example_dags/example_python_operator.py
[2025-12-12T08:07:56.916-0500] {processor.py:830} INFO - Processing file /Users/evankrupa/airflow_project/env/lib/python3.11/site-packages/airflow/example_dags/example_python_operator.py for tasks to queue
[2025-12-12T08:07:56.916-0500] {logging_mixin.py:188} INFO - [2025-12-12T08:07:56.916-0500] {dagbag.py:545} INFO - Filling up the DagBag from /Users/evankrupa/airflow_project/env/lib/python3.11/site-packages/airflow/example_dags/example_python_operator.py
[2025-12-12T08:07:56.924-0500] {logging_mixin.py:188} INFO - [2025-12-12T08:07:56.924-0500] {example_python_operator.py:93} WARNING - The virtalenv_python example task requires virtualenv, please install it.
[2025-12-12T08:07:56.925-0500] {processor.py:840} INFO - DAG(s) 'example_python_operator' retrieved from /Users/evankrupa/airflow_project/env/lib/python3.11/site-packages/airflow/example_dags/example_python_operator.py
[2025-12-12T08:07:56.953-0500] {logging_mixin.py:188} INFO - [2025-12-12T08:07:56.952-0500] {dag.py:3096} INFO - Sync 1 DAGs
[2025-12-12T08:07:56.956-0500] {logging_mixin.py:188} INFO - [2025-12-12T08:07:56.956-0500] {dag.py:3954} INFO - Setting next_dagrun for example_python_operator to None, run_after=None
[2025-12-12T08:07:56.961-0500] {processor.py:183} INFO - Processing /Users/evankrupa/airflow_project/env/lib/python3.11/site-packages/airflow/example_dags/example_python_operator.py took 0.047 seconds
[2025-12-12T08:09:22.238-0500] {processor.py:161} INFO - Started process (PID=63733) to work on /Users/evankrupa/airflow_project/env/lib/python3.11/site-packages/airflow/example_dags/example_python_operator.py
[2025-12-12T08:09:22.239-0500] {processor.py:830} INFO - Processing file /Users/evankrupa/airflow_project/env/lib/python3.11/site-packages/airflow/example_dags/example_python_operator.py for tasks to queue
[2025-12-12T08:09:22.239-0500] {logging_mixin.py:188} INFO - [2025-12-12T08:09:22.239-0500] {dagbag.py:545} INFO - Filling up the DagBag from /Users/evankrupa/airflow_project/env/lib/python3.11/site-packages/airflow/example_dags/example_python_operator.py
[2025-12-12T08:09:22.248-0500] {logging_mixin.py:188} INFO - [2025-12-12T08:09:22.248-0500] {example_python_operator.py:93} WARNING - The virtalenv_python example task requires virtualenv, please install it.
[2025-12-12T08:09:22.249-0500] {processor.py:840} INFO - DAG(s) 'example_python_operator' retrieved from /Users/evankrupa/airflow_project/env/lib/python3.11/site-packages/airflow/example_dags/example_python_operator.py
[2025-12-12T08:09:22.277-0500] {logging_mixin.py:188} INFO - [2025-12-12T08:09:22.277-0500] {dag.py:3096} INFO - Sync 1 DAGs
[2025-12-12T08:09:22.280-0500] {logging_mixin.py:188} INFO - [2025-12-12T08:09:22.280-0500] {dag.py:3954} INFO - Setting next_dagrun for example_python_operator to None, run_after=None
[2025-12-12T08:09:22.286-0500] {processor.py:183} INFO - Processing /Users/evankrupa/airflow_project/env/lib/python3.11/site-packages/airflow/example_dags/example_python_operator.py took 0.048 seconds
[2025-12-12T08:10:48.896-0500] {processor.py:161} INFO - Started process (PID=63805) to work on /Users/evankrupa/airflow_project/env/lib/python3.11/site-packages/airflow/example_dags/example_python_operator.py
[2025-12-12T08:10:48.897-0500] {processor.py:830} INFO - Processing file /Users/evankrupa/airflow_project/env/lib/python3.11/site-packages/airflow/example_dags/example_python_operator.py for tasks to queue
[2025-12-12T08:10:48.897-0500] {logging_mixin.py:188} INFO - [2025-12-12T08:10:48.897-0500] {dagbag.py:545} INFO - Filling up the DagBag from /Users/evankrupa/airflow_project/env/lib/python3.11/site-packages/airflow/example_dags/example_python_operator.py
[2025-12-12T08:10:48.906-0500] {logging_mixin.py:188} INFO - [2025-12-12T08:10:48.906-0500] {example_python_operator.py:93} WARNING - The virtalenv_python example task requires virtualenv, please install it.
[2025-12-12T08:10:48.907-0500] {processor.py:840} INFO - DAG(s) 'example_python_operator' retrieved from /Users/evankrupa/airflow_project/env/lib/python3.11/site-packages/airflow/example_dags/example_python_operator.py
[2025-12-12T08:10:48.935-0500] {logging_mixin.py:188} INFO - [2025-12-12T08:10:48.935-0500] {dag.py:3096} INFO - Sync 1 DAGs
[2025-12-12T08:10:48.938-0500] {logging_mixin.py:188} INFO - [2025-12-12T08:10:48.938-0500] {dag.py:3954} INFO - Setting next_dagrun for example_python_operator to None, run_after=None
[2025-12-12T08:10:48.944-0500] {processor.py:183} INFO - Processing /Users/evankrupa/airflow_project/env/lib/python3.11/site-packages/airflow/example_dags/example_python_operator.py took 0.049 seconds
[2025-12-12T08:12:16.573-0500] {processor.py:161} INFO - Started process (PID=63871) to work on /Users/evankrupa/airflow_project/env/lib/python3.11/site-packages/airflow/example_dags/example_python_operator.py
[2025-12-12T08:12:16.574-0500] {processor.py:830} INFO - Processing file /Users/evankrupa/airflow_project/env/lib/python3.11/site-packages/airflow/example_dags/example_python_operator.py for tasks to queue
[2025-12-12T08:12:16.575-0500] {logging_mixin.py:188} INFO - [2025-12-12T08:12:16.575-0500] {dagbag.py:545} INFO - Filling up the DagBag from /Users/evankrupa/airflow_project/env/lib/python3.11/site-packages/airflow/example_dags/example_python_operator.py
[2025-12-12T08:12:16.583-0500] {logging_mixin.py:188} INFO - [2025-12-12T08:12:16.583-0500] {example_python_operator.py:93} WARNING - The virtalenv_python example task requires virtualenv, please install it.
[2025-12-12T08:12:16.584-0500] {processor.py:840} INFO - DAG(s) 'example_python_operator' retrieved from /Users/evankrupa/airflow_project/env/lib/python3.11/site-packages/airflow/example_dags/example_python_operator.py
[2025-12-12T08:12:16.613-0500] {logging_mixin.py:188} INFO - [2025-12-12T08:12:16.613-0500] {dag.py:3096} INFO - Sync 1 DAGs
[2025-12-12T08:12:16.616-0500] {logging_mixin.py:188} INFO - [2025-12-12T08:12:16.616-0500] {dag.py:3954} INFO - Setting next_dagrun for example_python_operator to None, run_after=None
[2025-12-12T08:12:16.622-0500] {processor.py:183} INFO - Processing /Users/evankrupa/airflow_project/env/lib/python3.11/site-packages/airflow/example_dags/example_python_operator.py took 0.049 seconds
[2025-12-12T08:13:39.779-0500] {processor.py:161} INFO - Started process (PID=63938) to work on /Users/evankrupa/airflow_project/env/lib/python3.11/site-packages/airflow/example_dags/example_python_operator.py
[2025-12-12T08:13:39.779-0500] {processor.py:830} INFO - Processing file /Users/evankrupa/airflow_project/env/lib/python3.11/site-packages/airflow/example_dags/example_python_operator.py for tasks to queue
[2025-12-12T08:13:39.779-0500] {logging_mixin.py:188} INFO - [2025-12-12T08:13:39.779-0500] {dagbag.py:545} INFO - Filling up the DagBag from /Users/evankrupa/airflow_project/env/lib/python3.11/site-packages/airflow/example_dags/example_python_operator.py
[2025-12-12T08:13:39.788-0500] {logging_mixin.py:188} INFO - [2025-12-12T08:13:39.788-0500] {example_python_operator.py:93} WARNING - The virtalenv_python example task requires virtualenv, please install it.
[2025-12-12T08:13:39.789-0500] {processor.py:840} INFO - DAG(s) 'example_python_operator' retrieved from /Users/evankrupa/airflow_project/env/lib/python3.11/site-packages/airflow/example_dags/example_python_operator.py
[2025-12-12T08:13:39.818-0500] {logging_mixin.py:188} INFO - [2025-12-12T08:13:39.817-0500] {dag.py:3096} INFO - Sync 1 DAGs
[2025-12-12T08:13:39.821-0500] {logging_mixin.py:188} INFO - [2025-12-12T08:13:39.821-0500] {dag.py:3954} INFO - Setting next_dagrun for example_python_operator to None, run_after=None
[2025-12-12T08:13:39.826-0500] {processor.py:183} INFO - Processing /Users/evankrupa/airflow_project/env/lib/python3.11/site-packages/airflow/example_dags/example_python_operator.py took 0.049 seconds
[2025-12-12T08:15:03.195-0500] {processor.py:161} INFO - Started process (PID=64007) to work on /Users/evankrupa/airflow_project/env/lib/python3.11/site-packages/airflow/example_dags/example_python_operator.py
[2025-12-12T08:15:03.196-0500] {processor.py:830} INFO - Processing file /Users/evankrupa/airflow_project/env/lib/python3.11/site-packages/airflow/example_dags/example_python_operator.py for tasks to queue
[2025-12-12T08:15:03.196-0500] {logging_mixin.py:188} INFO - [2025-12-12T08:15:03.196-0500] {dagbag.py:545} INFO - Filling up the DagBag from /Users/evankrupa/airflow_project/env/lib/python3.11/site-packages/airflow/example_dags/example_python_operator.py
[2025-12-12T08:15:03.205-0500] {logging_mixin.py:188} INFO - [2025-12-12T08:15:03.204-0500] {example_python_operator.py:93} WARNING - The virtalenv_python example task requires virtualenv, please install it.
[2025-12-12T08:15:03.205-0500] {processor.py:840} INFO - DAG(s) 'example_python_operator' retrieved from /Users/evankrupa/airflow_project/env/lib/python3.11/site-packages/airflow/example_dags/example_python_operator.py
[2025-12-12T08:15:03.233-0500] {logging_mixin.py:188} INFO - [2025-12-12T08:15:03.233-0500] {dag.py:3096} INFO - Sync 1 DAGs
[2025-12-12T08:15:03.236-0500] {logging_mixin.py:188} INFO - [2025-12-12T08:15:03.236-0500] {dag.py:3954} INFO - Setting next_dagrun for example_python_operator to None, run_after=None
[2025-12-12T08:15:03.241-0500] {processor.py:183} INFO - Processing /Users/evankrupa/airflow_project/env/lib/python3.11/site-packages/airflow/example_dags/example_python_operator.py took 0.047 seconds
[2025-12-12T08:16:23.798-0500] {processor.py:161} INFO - Started process (PID=64080) to work on /Users/evankrupa/airflow_project/env/lib/python3.11/site-packages/airflow/example_dags/example_python_operator.py
[2025-12-12T08:16:23.800-0500] {processor.py:830} INFO - Processing file /Users/evankrupa/airflow_project/env/lib/python3.11/site-packages/airflow/example_dags/example_python_operator.py for tasks to queue
[2025-12-12T08:16:23.800-0500] {logging_mixin.py:188} INFO - [2025-12-12T08:16:23.800-0500] {dagbag.py:545} INFO - Filling up the DagBag from /Users/evankrupa/airflow_project/env/lib/python3.11/site-packages/airflow/example_dags/example_python_operator.py
[2025-12-12T08:16:23.808-0500] {logging_mixin.py:188} INFO - [2025-12-12T08:16:23.808-0500] {example_python_operator.py:93} WARNING - The virtalenv_python example task requires virtualenv, please install it.
[2025-12-12T08:16:23.809-0500] {processor.py:840} INFO - DAG(s) 'example_python_operator' retrieved from /Users/evankrupa/airflow_project/env/lib/python3.11/site-packages/airflow/example_dags/example_python_operator.py
[2025-12-12T08:16:23.836-0500] {logging_mixin.py:188} INFO - [2025-12-12T08:16:23.836-0500] {dag.py:3096} INFO - Sync 1 DAGs
[2025-12-12T08:16:23.839-0500] {logging_mixin.py:188} INFO - [2025-12-12T08:16:23.839-0500] {dag.py:3954} INFO - Setting next_dagrun for example_python_operator to None, run_after=None
[2025-12-12T08:16:23.844-0500] {processor.py:183} INFO - Processing /Users/evankrupa/airflow_project/env/lib/python3.11/site-packages/airflow/example_dags/example_python_operator.py took 0.046 seconds
[2025-12-12T08:17:50.664-0500] {processor.py:161} INFO - Started process (PID=64148) to work on /Users/evankrupa/airflow_project/env/lib/python3.11/site-packages/airflow/example_dags/example_python_operator.py
[2025-12-12T08:17:50.666-0500] {processor.py:830} INFO - Processing file /Users/evankrupa/airflow_project/env/lib/python3.11/site-packages/airflow/example_dags/example_python_operator.py for tasks to queue
[2025-12-12T08:17:50.666-0500] {logging_mixin.py:188} INFO - [2025-12-12T08:17:50.666-0500] {dagbag.py:545} INFO - Filling up the DagBag from /Users/evankrupa/airflow_project/env/lib/python3.11/site-packages/airflow/example_dags/example_python_operator.py
[2025-12-12T08:17:50.674-0500] {logging_mixin.py:188} INFO - [2025-12-12T08:17:50.674-0500] {example_python_operator.py:93} WARNING - The virtalenv_python example task requires virtualenv, please install it.
[2025-12-12T08:17:50.675-0500] {processor.py:840} INFO - DAG(s) 'example_python_operator' retrieved from /Users/evankrupa/airflow_project/env/lib/python3.11/site-packages/airflow/example_dags/example_python_operator.py
[2025-12-12T08:17:50.702-0500] {logging_mixin.py:188} INFO - [2025-12-12T08:17:50.702-0500] {dag.py:3096} INFO - Sync 1 DAGs
[2025-12-12T08:17:50.705-0500] {logging_mixin.py:188} INFO - [2025-12-12T08:17:50.705-0500] {dag.py:3954} INFO - Setting next_dagrun for example_python_operator to None, run_after=None
[2025-12-12T08:17:50.711-0500] {processor.py:183} INFO - Processing /Users/evankrupa/airflow_project/env/lib/python3.11/site-packages/airflow/example_dags/example_python_operator.py took 0.047 seconds
[2025-12-12T08:19:13.137-0500] {processor.py:161} INFO - Started process (PID=64215) to work on /Users/evankrupa/airflow_project/env/lib/python3.11/site-packages/airflow/example_dags/example_python_operator.py
[2025-12-12T08:19:13.138-0500] {processor.py:830} INFO - Processing file /Users/evankrupa/airflow_project/env/lib/python3.11/site-packages/airflow/example_dags/example_python_operator.py for tasks to queue
[2025-12-12T08:19:13.138-0500] {logging_mixin.py:188} INFO - [2025-12-12T08:19:13.138-0500] {dagbag.py:545} INFO - Filling up the DagBag from /Users/evankrupa/airflow_project/env/lib/python3.11/site-packages/airflow/example_dags/example_python_operator.py
[2025-12-12T08:19:13.146-0500] {logging_mixin.py:188} INFO - [2025-12-12T08:19:13.146-0500] {example_python_operator.py:93} WARNING - The virtalenv_python example task requires virtualenv, please install it.
[2025-12-12T08:19:13.147-0500] {processor.py:840} INFO - DAG(s) 'example_python_operator' retrieved from /Users/evankrupa/airflow_project/env/lib/python3.11/site-packages/airflow/example_dags/example_python_operator.py
[2025-12-12T08:19:13.175-0500] {logging_mixin.py:188} INFO - [2025-12-12T08:19:13.174-0500] {dag.py:3096} INFO - Sync 1 DAGs
[2025-12-12T08:19:13.177-0500] {logging_mixin.py:188} INFO - [2025-12-12T08:19:13.177-0500] {dag.py:3954} INFO - Setting next_dagrun for example_python_operator to None, run_after=None
[2025-12-12T08:19:13.183-0500] {processor.py:183} INFO - Processing /Users/evankrupa/airflow_project/env/lib/python3.11/site-packages/airflow/example_dags/example_python_operator.py took 0.047 seconds
[2025-12-12T08:20:38.284-0500] {processor.py:161} INFO - Started process (PID=64283) to work on /Users/evankrupa/airflow_project/env/lib/python3.11/site-packages/airflow/example_dags/example_python_operator.py
[2025-12-12T08:20:38.285-0500] {processor.py:830} INFO - Processing file /Users/evankrupa/airflow_project/env/lib/python3.11/site-packages/airflow/example_dags/example_python_operator.py for tasks to queue
[2025-12-12T08:20:38.285-0500] {logging_mixin.py:188} INFO - [2025-12-12T08:20:38.285-0500] {dagbag.py:545} INFO - Filling up the DagBag from /Users/evankrupa/airflow_project/env/lib/python3.11/site-packages/airflow/example_dags/example_python_operator.py
[2025-12-12T08:20:38.295-0500] {logging_mixin.py:188} INFO - [2025-12-12T08:20:38.295-0500] {example_python_operator.py:93} WARNING - The virtalenv_python example task requires virtualenv, please install it.
[2025-12-12T08:20:38.296-0500] {processor.py:840} INFO - DAG(s) 'example_python_operator' retrieved from /Users/evankrupa/airflow_project/env/lib/python3.11/site-packages/airflow/example_dags/example_python_operator.py
[2025-12-12T08:20:38.327-0500] {logging_mixin.py:188} INFO - [2025-12-12T08:20:38.326-0500] {dag.py:3096} INFO - Sync 1 DAGs
[2025-12-12T08:20:38.330-0500] {logging_mixin.py:188} INFO - [2025-12-12T08:20:38.330-0500] {dag.py:3954} INFO - Setting next_dagrun for example_python_operator to None, run_after=None
[2025-12-12T08:20:38.338-0500] {processor.py:183} INFO - Processing /Users/evankrupa/airflow_project/env/lib/python3.11/site-packages/airflow/example_dags/example_python_operator.py took 0.055 seconds
[2025-12-12T08:22:01.776-0500] {processor.py:161} INFO - Started process (PID=64350) to work on /Users/evankrupa/airflow_project/env/lib/python3.11/site-packages/airflow/example_dags/example_python_operator.py
[2025-12-12T08:22:01.777-0500] {processor.py:830} INFO - Processing file /Users/evankrupa/airflow_project/env/lib/python3.11/site-packages/airflow/example_dags/example_python_operator.py for tasks to queue
[2025-12-12T08:22:01.777-0500] {logging_mixin.py:188} INFO - [2025-12-12T08:22:01.777-0500] {dagbag.py:545} INFO - Filling up the DagBag from /Users/evankrupa/airflow_project/env/lib/python3.11/site-packages/airflow/example_dags/example_python_operator.py
[2025-12-12T08:22:01.786-0500] {logging_mixin.py:188} INFO - [2025-12-12T08:22:01.786-0500] {example_python_operator.py:93} WARNING - The virtalenv_python example task requires virtualenv, please install it.
[2025-12-12T08:22:01.787-0500] {processor.py:840} INFO - DAG(s) 'example_python_operator' retrieved from /Users/evankrupa/airflow_project/env/lib/python3.11/site-packages/airflow/example_dags/example_python_operator.py
[2025-12-12T08:22:01.817-0500] {logging_mixin.py:188} INFO - [2025-12-12T08:22:01.817-0500] {dag.py:3096} INFO - Sync 1 DAGs
[2025-12-12T08:22:01.820-0500] {logging_mixin.py:188} INFO - [2025-12-12T08:22:01.820-0500] {dag.py:3954} INFO - Setting next_dagrun for example_python_operator to None, run_after=None
[2025-12-12T08:22:01.826-0500] {processor.py:183} INFO - Processing /Users/evankrupa/airflow_project/env/lib/python3.11/site-packages/airflow/example_dags/example_python_operator.py took 0.051 seconds
[2025-12-12T08:23:27.672-0500] {processor.py:161} INFO - Started process (PID=64416) to work on /Users/evankrupa/airflow_project/env/lib/python3.11/site-packages/airflow/example_dags/example_python_operator.py
[2025-12-12T08:23:27.673-0500] {processor.py:830} INFO - Processing file /Users/evankrupa/airflow_project/env/lib/python3.11/site-packages/airflow/example_dags/example_python_operator.py for tasks to queue
[2025-12-12T08:23:27.673-0500] {logging_mixin.py:188} INFO - [2025-12-12T08:23:27.673-0500] {dagbag.py:545} INFO - Filling up the DagBag from /Users/evankrupa/airflow_project/env/lib/python3.11/site-packages/airflow/example_dags/example_python_operator.py
[2025-12-12T08:23:27.682-0500] {logging_mixin.py:188} INFO - [2025-12-12T08:23:27.682-0500] {example_python_operator.py:93} WARNING - The virtalenv_python example task requires virtualenv, please install it.
[2025-12-12T08:23:27.683-0500] {processor.py:840} INFO - DAG(s) 'example_python_operator' retrieved from /Users/evankrupa/airflow_project/env/lib/python3.11/site-packages/airflow/example_dags/example_python_operator.py
[2025-12-12T08:23:27.711-0500] {logging_mixin.py:188} INFO - [2025-12-12T08:23:27.710-0500] {dag.py:3096} INFO - Sync 1 DAGs
[2025-12-12T08:23:27.714-0500] {logging_mixin.py:188} INFO - [2025-12-12T08:23:27.713-0500] {dag.py:3954} INFO - Setting next_dagrun for example_python_operator to None, run_after=None
[2025-12-12T08:23:27.719-0500] {processor.py:183} INFO - Processing /Users/evankrupa/airflow_project/env/lib/python3.11/site-packages/airflow/example_dags/example_python_operator.py took 0.048 seconds
[2025-12-12T08:24:48.926-0500] {processor.py:161} INFO - Started process (PID=64489) to work on /Users/evankrupa/airflow_project/env/lib/python3.11/site-packages/airflow/example_dags/example_python_operator.py
[2025-12-12T08:24:48.927-0500] {processor.py:830} INFO - Processing file /Users/evankrupa/airflow_project/env/lib/python3.11/site-packages/airflow/example_dags/example_python_operator.py for tasks to queue
[2025-12-12T08:24:48.928-0500] {logging_mixin.py:188} INFO - [2025-12-12T08:24:48.927-0500] {dagbag.py:545} INFO - Filling up the DagBag from /Users/evankrupa/airflow_project/env/lib/python3.11/site-packages/airflow/example_dags/example_python_operator.py
[2025-12-12T08:24:48.936-0500] {logging_mixin.py:188} INFO - [2025-12-12T08:24:48.935-0500] {example_python_operator.py:93} WARNING - The virtalenv_python example task requires virtualenv, please install it.
[2025-12-12T08:24:48.936-0500] {processor.py:840} INFO - DAG(s) 'example_python_operator' retrieved from /Users/evankrupa/airflow_project/env/lib/python3.11/site-packages/airflow/example_dags/example_python_operator.py
[2025-12-12T08:24:48.964-0500] {logging_mixin.py:188} INFO - [2025-12-12T08:24:48.963-0500] {dag.py:3096} INFO - Sync 1 DAGs
[2025-12-12T08:24:48.966-0500] {logging_mixin.py:188} INFO - [2025-12-12T08:24:48.966-0500] {dag.py:3954} INFO - Setting next_dagrun for example_python_operator to None, run_after=None
[2025-12-12T08:24:48.972-0500] {processor.py:183} INFO - Processing /Users/evankrupa/airflow_project/env/lib/python3.11/site-packages/airflow/example_dags/example_python_operator.py took 0.047 seconds
[2025-12-12T08:26:14.536-0500] {processor.py:161} INFO - Started process (PID=64558) to work on /Users/evankrupa/airflow_project/env/lib/python3.11/site-packages/airflow/example_dags/example_python_operator.py
[2025-12-12T08:26:14.537-0500] {processor.py:830} INFO - Processing file /Users/evankrupa/airflow_project/env/lib/python3.11/site-packages/airflow/example_dags/example_python_operator.py for tasks to queue
[2025-12-12T08:26:14.537-0500] {logging_mixin.py:188} INFO - [2025-12-12T08:26:14.537-0500] {dagbag.py:545} INFO - Filling up the DagBag from /Users/evankrupa/airflow_project/env/lib/python3.11/site-packages/airflow/example_dags/example_python_operator.py
[2025-12-12T08:26:14.546-0500] {logging_mixin.py:188} INFO - [2025-12-12T08:26:14.546-0500] {example_python_operator.py:93} WARNING - The virtalenv_python example task requires virtualenv, please install it.
[2025-12-12T08:26:14.547-0500] {processor.py:840} INFO - DAG(s) 'example_python_operator' retrieved from /Users/evankrupa/airflow_project/env/lib/python3.11/site-packages/airflow/example_dags/example_python_operator.py
[2025-12-12T08:26:14.575-0500] {logging_mixin.py:188} INFO - [2025-12-12T08:26:14.575-0500] {dag.py:3096} INFO - Sync 1 DAGs
[2025-12-12T08:26:14.578-0500] {logging_mixin.py:188} INFO - [2025-12-12T08:26:14.578-0500] {dag.py:3954} INFO - Setting next_dagrun for example_python_operator to None, run_after=None
[2025-12-12T08:26:14.583-0500] {processor.py:183} INFO - Processing /Users/evankrupa/airflow_project/env/lib/python3.11/site-packages/airflow/example_dags/example_python_operator.py took 0.049 seconds
[2025-12-12T08:27:39.905-0500] {processor.py:161} INFO - Started process (PID=64657) to work on /Users/evankrupa/airflow_project/env/lib/python3.11/site-packages/airflow/example_dags/example_python_operator.py
[2025-12-12T08:27:39.907-0500] {processor.py:830} INFO - Processing file /Users/evankrupa/airflow_project/env/lib/python3.11/site-packages/airflow/example_dags/example_python_operator.py for tasks to queue
[2025-12-12T08:27:39.907-0500] {logging_mixin.py:188} INFO - [2025-12-12T08:27:39.907-0500] {dagbag.py:545} INFO - Filling up the DagBag from /Users/evankrupa/airflow_project/env/lib/python3.11/site-packages/airflow/example_dags/example_python_operator.py
[2025-12-12T08:27:39.915-0500] {logging_mixin.py:188} INFO - [2025-12-12T08:27:39.915-0500] {example_python_operator.py:93} WARNING - The virtalenv_python example task requires virtualenv, please install it.
[2025-12-12T08:27:39.916-0500] {processor.py:840} INFO - DAG(s) 'example_python_operator' retrieved from /Users/evankrupa/airflow_project/env/lib/python3.11/site-packages/airflow/example_dags/example_python_operator.py
[2025-12-12T08:27:39.943-0500] {logging_mixin.py:188} INFO - [2025-12-12T08:27:39.943-0500] {dag.py:3096} INFO - Sync 1 DAGs
[2025-12-12T08:27:39.946-0500] {logging_mixin.py:188} INFO - [2025-12-12T08:27:39.946-0500] {dag.py:3954} INFO - Setting next_dagrun for example_python_operator to None, run_after=None
[2025-12-12T08:27:39.952-0500] {processor.py:183} INFO - Processing /Users/evankrupa/airflow_project/env/lib/python3.11/site-packages/airflow/example_dags/example_python_operator.py took 0.047 seconds
[2025-12-12T08:29:04.069-0500] {processor.py:161} INFO - Started process (PID=64736) to work on /Users/evankrupa/airflow_project/env/lib/python3.11/site-packages/airflow/example_dags/example_python_operator.py
[2025-12-12T08:29:04.070-0500] {processor.py:830} INFO - Processing file /Users/evankrupa/airflow_project/env/lib/python3.11/site-packages/airflow/example_dags/example_python_operator.py for tasks to queue
[2025-12-12T08:29:04.070-0500] {logging_mixin.py:188} INFO - [2025-12-12T08:29:04.070-0500] {dagbag.py:545} INFO - Filling up the DagBag from /Users/evankrupa/airflow_project/env/lib/python3.11/site-packages/airflow/example_dags/example_python_operator.py
[2025-12-12T08:29:04.078-0500] {logging_mixin.py:188} INFO - [2025-12-12T08:29:04.078-0500] {example_python_operator.py:93} WARNING - The virtalenv_python example task requires virtualenv, please install it.
[2025-12-12T08:29:04.079-0500] {processor.py:840} INFO - DAG(s) 'example_python_operator' retrieved from /Users/evankrupa/airflow_project/env/lib/python3.11/site-packages/airflow/example_dags/example_python_operator.py
[2025-12-12T08:29:04.108-0500] {logging_mixin.py:188} INFO - [2025-12-12T08:29:04.107-0500] {dag.py:3096} INFO - Sync 1 DAGs
[2025-12-12T08:29:04.110-0500] {logging_mixin.py:188} INFO - [2025-12-12T08:29:04.110-0500] {dag.py:3954} INFO - Setting next_dagrun for example_python_operator to None, run_after=None
[2025-12-12T08:29:04.116-0500] {processor.py:183} INFO - Processing /Users/evankrupa/airflow_project/env/lib/python3.11/site-packages/airflow/example_dags/example_python_operator.py took 0.047 seconds
[2025-12-12T08:30:25.407-0500] {processor.py:161} INFO - Started process (PID=64819) to work on /Users/evankrupa/airflow_project/env/lib/python3.11/site-packages/airflow/example_dags/example_python_operator.py
[2025-12-12T08:30:25.409-0500] {processor.py:830} INFO - Processing file /Users/evankrupa/airflow_project/env/lib/python3.11/site-packages/airflow/example_dags/example_python_operator.py for tasks to queue
[2025-12-12T08:30:25.409-0500] {logging_mixin.py:188} INFO - [2025-12-12T08:30:25.409-0500] {dagbag.py:545} INFO - Filling up the DagBag from /Users/evankrupa/airflow_project/env/lib/python3.11/site-packages/airflow/example_dags/example_python_operator.py
[2025-12-12T08:30:25.418-0500] {logging_mixin.py:188} INFO - [2025-12-12T08:30:25.418-0500] {example_python_operator.py:93} WARNING - The virtalenv_python example task requires virtualenv, please install it.
[2025-12-12T08:30:25.419-0500] {processor.py:840} INFO - DAG(s) 'example_python_operator' retrieved from /Users/evankrupa/airflow_project/env/lib/python3.11/site-packages/airflow/example_dags/example_python_operator.py
[2025-12-12T08:30:25.447-0500] {logging_mixin.py:188} INFO - [2025-12-12T08:30:25.447-0500] {dag.py:3096} INFO - Sync 1 DAGs
[2025-12-12T08:30:25.450-0500] {logging_mixin.py:188} INFO - [2025-12-12T08:30:25.450-0500] {dag.py:3954} INFO - Setting next_dagrun for example_python_operator to None, run_after=None
[2025-12-12T08:30:25.455-0500] {processor.py:183} INFO - Processing /Users/evankrupa/airflow_project/env/lib/python3.11/site-packages/airflow/example_dags/example_python_operator.py took 0.049 seconds
[2025-12-12T08:31:47.417-0500] {processor.py:161} INFO - Started process (PID=64897) to work on /Users/evankrupa/airflow_project/env/lib/python3.11/site-packages/airflow/example_dags/example_python_operator.py
[2025-12-12T08:31:47.418-0500] {processor.py:830} INFO - Processing file /Users/evankrupa/airflow_project/env/lib/python3.11/site-packages/airflow/example_dags/example_python_operator.py for tasks to queue
[2025-12-12T08:31:47.418-0500] {logging_mixin.py:188} INFO - [2025-12-12T08:31:47.418-0500] {dagbag.py:545} INFO - Filling up the DagBag from /Users/evankrupa/airflow_project/env/lib/python3.11/site-packages/airflow/example_dags/example_python_operator.py
[2025-12-12T08:31:47.426-0500] {logging_mixin.py:188} INFO - [2025-12-12T08:31:47.426-0500] {example_python_operator.py:93} WARNING - The virtalenv_python example task requires virtualenv, please install it.
[2025-12-12T08:31:47.427-0500] {processor.py:840} INFO - DAG(s) 'example_python_operator' retrieved from /Users/evankrupa/airflow_project/env/lib/python3.11/site-packages/airflow/example_dags/example_python_operator.py
[2025-12-12T08:31:47.455-0500] {logging_mixin.py:188} INFO - [2025-12-12T08:31:47.454-0500] {dag.py:3096} INFO - Sync 1 DAGs
[2025-12-12T08:31:47.457-0500] {logging_mixin.py:188} INFO - [2025-12-12T08:31:47.457-0500] {dag.py:3954} INFO - Setting next_dagrun for example_python_operator to None, run_after=None
[2025-12-12T08:31:47.463-0500] {processor.py:183} INFO - Processing /Users/evankrupa/airflow_project/env/lib/python3.11/site-packages/airflow/example_dags/example_python_operator.py took 0.047 seconds
[2025-12-12T08:33:12.199-0500] {processor.py:161} INFO - Started process (PID=64996) to work on /Users/evankrupa/airflow_project/env/lib/python3.11/site-packages/airflow/example_dags/example_python_operator.py
[2025-12-12T08:33:12.200-0500] {processor.py:830} INFO - Processing file /Users/evankrupa/airflow_project/env/lib/python3.11/site-packages/airflow/example_dags/example_python_operator.py for tasks to queue
[2025-12-12T08:33:12.200-0500] {logging_mixin.py:188} INFO - [2025-12-12T08:33:12.200-0500] {dagbag.py:545} INFO - Filling up the DagBag from /Users/evankrupa/airflow_project/env/lib/python3.11/site-packages/airflow/example_dags/example_python_operator.py
[2025-12-12T08:33:12.208-0500] {logging_mixin.py:188} INFO - [2025-12-12T08:33:12.208-0500] {example_python_operator.py:93} WARNING - The virtalenv_python example task requires virtualenv, please install it.
[2025-12-12T08:33:12.209-0500] {processor.py:840} INFO - DAG(s) 'example_python_operator' retrieved from /Users/evankrupa/airflow_project/env/lib/python3.11/site-packages/airflow/example_dags/example_python_operator.py
[2025-12-12T08:33:12.237-0500] {logging_mixin.py:188} INFO - [2025-12-12T08:33:12.236-0500] {dag.py:3096} INFO - Sync 1 DAGs
[2025-12-12T08:33:12.240-0500] {logging_mixin.py:188} INFO - [2025-12-12T08:33:12.240-0500] {dag.py:3954} INFO - Setting next_dagrun for example_python_operator to None, run_after=None
[2025-12-12T08:33:12.245-0500] {processor.py:183} INFO - Processing /Users/evankrupa/airflow_project/env/lib/python3.11/site-packages/airflow/example_dags/example_python_operator.py took 0.047 seconds
[2025-12-12T08:34:38.500-0500] {processor.py:161} INFO - Started process (PID=65080) to work on /Users/evankrupa/airflow_project/env/lib/python3.11/site-packages/airflow/example_dags/example_python_operator.py
[2025-12-12T08:34:38.501-0500] {processor.py:830} INFO - Processing file /Users/evankrupa/airflow_project/env/lib/python3.11/site-packages/airflow/example_dags/example_python_operator.py for tasks to queue
[2025-12-12T08:34:38.501-0500] {logging_mixin.py:188} INFO - [2025-12-12T08:34:38.501-0500] {dagbag.py:545} INFO - Filling up the DagBag from /Users/evankrupa/airflow_project/env/lib/python3.11/site-packages/airflow/example_dags/example_python_operator.py
[2025-12-12T08:34:38.510-0500] {logging_mixin.py:188} INFO - [2025-12-12T08:34:38.509-0500] {example_python_operator.py:93} WARNING - The virtalenv_python example task requires virtualenv, please install it.
[2025-12-12T08:34:38.510-0500] {processor.py:840} INFO - DAG(s) 'example_python_operator' retrieved from /Users/evankrupa/airflow_project/env/lib/python3.11/site-packages/airflow/example_dags/example_python_operator.py
[2025-12-12T08:34:38.539-0500] {logging_mixin.py:188} INFO - [2025-12-12T08:34:38.538-0500] {dag.py:3096} INFO - Sync 1 DAGs
[2025-12-12T08:34:38.541-0500] {logging_mixin.py:188} INFO - [2025-12-12T08:34:38.541-0500] {dag.py:3954} INFO - Setting next_dagrun for example_python_operator to None, run_after=None
[2025-12-12T08:34:38.547-0500] {processor.py:183} INFO - Processing /Users/evankrupa/airflow_project/env/lib/python3.11/site-packages/airflow/example_dags/example_python_operator.py took 0.048 seconds
[2025-12-12T08:36:04.455-0500] {processor.py:161} INFO - Started process (PID=65184) to work on /Users/evankrupa/airflow_project/env/lib/python3.11/site-packages/airflow/example_dags/example_python_operator.py
[2025-12-12T08:36:04.457-0500] {processor.py:830} INFO - Processing file /Users/evankrupa/airflow_project/env/lib/python3.11/site-packages/airflow/example_dags/example_python_operator.py for tasks to queue
[2025-12-12T08:36:04.457-0500] {logging_mixin.py:188} INFO - [2025-12-12T08:36:04.457-0500] {dagbag.py:545} INFO - Filling up the DagBag from /Users/evankrupa/airflow_project/env/lib/python3.11/site-packages/airflow/example_dags/example_python_operator.py
[2025-12-12T08:36:04.465-0500] {logging_mixin.py:188} INFO - [2025-12-12T08:36:04.465-0500] {example_python_operator.py:93} WARNING - The virtalenv_python example task requires virtualenv, please install it.
[2025-12-12T08:36:04.466-0500] {processor.py:840} INFO - DAG(s) 'example_python_operator' retrieved from /Users/evankrupa/airflow_project/env/lib/python3.11/site-packages/airflow/example_dags/example_python_operator.py
[2025-12-12T08:36:04.493-0500] {logging_mixin.py:188} INFO - [2025-12-12T08:36:04.492-0500] {dag.py:3096} INFO - Sync 1 DAGs
[2025-12-12T08:36:04.496-0500] {logging_mixin.py:188} INFO - [2025-12-12T08:36:04.496-0500] {dag.py:3954} INFO - Setting next_dagrun for example_python_operator to None, run_after=None
[2025-12-12T08:36:04.501-0500] {processor.py:183} INFO - Processing /Users/evankrupa/airflow_project/env/lib/python3.11/site-packages/airflow/example_dags/example_python_operator.py took 0.046 seconds
[2025-12-12T08:37:26.556-0500] {processor.py:161} INFO - Started process (PID=65254) to work on /Users/evankrupa/airflow_project/env/lib/python3.11/site-packages/airflow/example_dags/example_python_operator.py
[2025-12-12T08:37:26.557-0500] {processor.py:830} INFO - Processing file /Users/evankrupa/airflow_project/env/lib/python3.11/site-packages/airflow/example_dags/example_python_operator.py for tasks to queue
[2025-12-12T08:37:26.558-0500] {logging_mixin.py:188} INFO - [2025-12-12T08:37:26.558-0500] {dagbag.py:545} INFO - Filling up the DagBag from /Users/evankrupa/airflow_project/env/lib/python3.11/site-packages/airflow/example_dags/example_python_operator.py
[2025-12-12T08:37:26.566-0500] {logging_mixin.py:188} INFO - [2025-12-12T08:37:26.566-0500] {example_python_operator.py:93} WARNING - The virtalenv_python example task requires virtualenv, please install it.
[2025-12-12T08:37:26.567-0500] {processor.py:840} INFO - DAG(s) 'example_python_operator' retrieved from /Users/evankrupa/airflow_project/env/lib/python3.11/site-packages/airflow/example_dags/example_python_operator.py
[2025-12-12T08:37:26.594-0500] {logging_mixin.py:188} INFO - [2025-12-12T08:37:26.593-0500] {dag.py:3096} INFO - Sync 1 DAGs
[2025-12-12T08:37:26.596-0500] {logging_mixin.py:188} INFO - [2025-12-12T08:37:26.596-0500] {dag.py:3954} INFO - Setting next_dagrun for example_python_operator to None, run_after=None
[2025-12-12T08:37:26.602-0500] {processor.py:183} INFO - Processing /Users/evankrupa/airflow_project/env/lib/python3.11/site-packages/airflow/example_dags/example_python_operator.py took 0.046 seconds
[2025-12-12T08:38:51.936-0500] {processor.py:161} INFO - Started process (PID=65331) to work on /Users/evankrupa/airflow_project/env/lib/python3.11/site-packages/airflow/example_dags/example_python_operator.py
[2025-12-12T08:38:51.936-0500] {processor.py:830} INFO - Processing file /Users/evankrupa/airflow_project/env/lib/python3.11/site-packages/airflow/example_dags/example_python_operator.py for tasks to queue
[2025-12-12T08:38:51.937-0500] {logging_mixin.py:188} INFO - [2025-12-12T08:38:51.937-0500] {dagbag.py:545} INFO - Filling up the DagBag from /Users/evankrupa/airflow_project/env/lib/python3.11/site-packages/airflow/example_dags/example_python_operator.py
[2025-12-12T08:38:51.945-0500] {logging_mixin.py:188} INFO - [2025-12-12T08:38:51.945-0500] {example_python_operator.py:93} WARNING - The virtalenv_python example task requires virtualenv, please install it.
[2025-12-12T08:38:51.946-0500] {processor.py:840} INFO - DAG(s) 'example_python_operator' retrieved from /Users/evankrupa/airflow_project/env/lib/python3.11/site-packages/airflow/example_dags/example_python_operator.py
[2025-12-12T08:38:51.973-0500] {logging_mixin.py:188} INFO - [2025-12-12T08:38:51.973-0500] {dag.py:3096} INFO - Sync 1 DAGs
[2025-12-12T08:38:51.976-0500] {logging_mixin.py:188} INFO - [2025-12-12T08:38:51.976-0500] {dag.py:3954} INFO - Setting next_dagrun for example_python_operator to None, run_after=None
[2025-12-12T08:38:51.981-0500] {processor.py:183} INFO - Processing /Users/evankrupa/airflow_project/env/lib/python3.11/site-packages/airflow/example_dags/example_python_operator.py took 0.046 seconds
[2025-12-12T08:40:15.003-0500] {processor.py:161} INFO - Started process (PID=65403) to work on /Users/evankrupa/airflow_project/env/lib/python3.11/site-packages/airflow/example_dags/example_python_operator.py
[2025-12-12T08:40:15.003-0500] {processor.py:830} INFO - Processing file /Users/evankrupa/airflow_project/env/lib/python3.11/site-packages/airflow/example_dags/example_python_operator.py for tasks to queue
[2025-12-12T08:40:15.003-0500] {logging_mixin.py:188} INFO - [2025-12-12T08:40:15.003-0500] {dagbag.py:545} INFO - Filling up the DagBag from /Users/evankrupa/airflow_project/env/lib/python3.11/site-packages/airflow/example_dags/example_python_operator.py
[2025-12-12T08:40:15.012-0500] {logging_mixin.py:188} INFO - [2025-12-12T08:40:15.012-0500] {example_python_operator.py:93} WARNING - The virtalenv_python example task requires virtualenv, please install it.
[2025-12-12T08:40:15.013-0500] {processor.py:840} INFO - DAG(s) 'example_python_operator' retrieved from /Users/evankrupa/airflow_project/env/lib/python3.11/site-packages/airflow/example_dags/example_python_operator.py
[2025-12-12T08:40:15.043-0500] {logging_mixin.py:188} INFO - [2025-12-12T08:40:15.042-0500] {dag.py:3096} INFO - Sync 1 DAGs
[2025-12-12T08:40:15.046-0500] {logging_mixin.py:188} INFO - [2025-12-12T08:40:15.046-0500] {dag.py:3954} INFO - Setting next_dagrun for example_python_operator to None, run_after=None
[2025-12-12T08:40:15.051-0500] {processor.py:183} INFO - Processing /Users/evankrupa/airflow_project/env/lib/python3.11/site-packages/airflow/example_dags/example_python_operator.py took 0.050 seconds
[2025-12-12T08:41:39.535-0500] {processor.py:161} INFO - Started process (PID=65488) to work on /Users/evankrupa/airflow_project/env/lib/python3.11/site-packages/airflow/example_dags/example_python_operator.py
[2025-12-12T08:41:39.536-0500] {processor.py:830} INFO - Processing file /Users/evankrupa/airflow_project/env/lib/python3.11/site-packages/airflow/example_dags/example_python_operator.py for tasks to queue
[2025-12-12T08:41:39.536-0500] {logging_mixin.py:188} INFO - [2025-12-12T08:41:39.536-0500] {dagbag.py:545} INFO - Filling up the DagBag from /Users/evankrupa/airflow_project/env/lib/python3.11/site-packages/airflow/example_dags/example_python_operator.py
[2025-12-12T08:41:39.544-0500] {logging_mixin.py:188} INFO - [2025-12-12T08:41:39.544-0500] {example_python_operator.py:93} WARNING - The virtalenv_python example task requires virtualenv, please install it.
[2025-12-12T08:41:39.545-0500] {processor.py:840} INFO - DAG(s) 'example_python_operator' retrieved from /Users/evankrupa/airflow_project/env/lib/python3.11/site-packages/airflow/example_dags/example_python_operator.py
[2025-12-12T08:41:39.573-0500] {logging_mixin.py:188} INFO - [2025-12-12T08:41:39.572-0500] {dag.py:3096} INFO - Sync 1 DAGs
[2025-12-12T08:41:39.576-0500] {logging_mixin.py:188} INFO - [2025-12-12T08:41:39.576-0500] {dag.py:3954} INFO - Setting next_dagrun for example_python_operator to None, run_after=None
[2025-12-12T08:41:39.581-0500] {processor.py:183} INFO - Processing /Users/evankrupa/airflow_project/env/lib/python3.11/site-packages/airflow/example_dags/example_python_operator.py took 0.047 seconds
[2025-12-12T08:43:01.965-0500] {processor.py:161} INFO - Started process (PID=65567) to work on /Users/evankrupa/airflow_project/env/lib/python3.11/site-packages/airflow/example_dags/example_python_operator.py
[2025-12-12T08:43:01.966-0500] {processor.py:830} INFO - Processing file /Users/evankrupa/airflow_project/env/lib/python3.11/site-packages/airflow/example_dags/example_python_operator.py for tasks to queue
[2025-12-12T08:43:01.966-0500] {logging_mixin.py:188} INFO - [2025-12-12T08:43:01.966-0500] {dagbag.py:545} INFO - Filling up the DagBag from /Users/evankrupa/airflow_project/env/lib/python3.11/site-packages/airflow/example_dags/example_python_operator.py
[2025-12-12T08:43:01.975-0500] {logging_mixin.py:188} INFO - [2025-12-12T08:43:01.974-0500] {example_python_operator.py:93} WARNING - The virtalenv_python example task requires virtualenv, please install it.
[2025-12-12T08:43:01.975-0500] {processor.py:840} INFO - DAG(s) 'example_python_operator' retrieved from /Users/evankrupa/airflow_project/env/lib/python3.11/site-packages/airflow/example_dags/example_python_operator.py
[2025-12-12T08:43:02.002-0500] {logging_mixin.py:188} INFO - [2025-12-12T08:43:02.002-0500] {dag.py:3096} INFO - Sync 1 DAGs
[2025-12-12T08:43:02.005-0500] {logging_mixin.py:188} INFO - [2025-12-12T08:43:02.005-0500] {dag.py:3954} INFO - Setting next_dagrun for example_python_operator to None, run_after=None
[2025-12-12T08:43:02.010-0500] {processor.py:183} INFO - Processing /Users/evankrupa/airflow_project/env/lib/python3.11/site-packages/airflow/example_dags/example_python_operator.py took 0.046 seconds
[2025-12-12T08:44:25.749-0500] {processor.py:161} INFO - Started process (PID=65637) to work on /Users/evankrupa/airflow_project/env/lib/python3.11/site-packages/airflow/example_dags/example_python_operator.py
[2025-12-12T08:44:25.749-0500] {processor.py:830} INFO - Processing file /Users/evankrupa/airflow_project/env/lib/python3.11/site-packages/airflow/example_dags/example_python_operator.py for tasks to queue
[2025-12-12T08:44:25.749-0500] {logging_mixin.py:188} INFO - [2025-12-12T08:44:25.749-0500] {dagbag.py:545} INFO - Filling up the DagBag from /Users/evankrupa/airflow_project/env/lib/python3.11/site-packages/airflow/example_dags/example_python_operator.py
[2025-12-12T08:44:25.757-0500] {logging_mixin.py:188} INFO - [2025-12-12T08:44:25.757-0500] {example_python_operator.py:93} WARNING - The virtalenv_python example task requires virtualenv, please install it.
[2025-12-12T08:44:25.758-0500] {processor.py:840} INFO - DAG(s) 'example_python_operator' retrieved from /Users/evankrupa/airflow_project/env/lib/python3.11/site-packages/airflow/example_dags/example_python_operator.py
[2025-12-12T08:44:25.785-0500] {logging_mixin.py:188} INFO - [2025-12-12T08:44:25.785-0500] {dag.py:3096} INFO - Sync 1 DAGs
[2025-12-12T08:44:25.788-0500] {logging_mixin.py:188} INFO - [2025-12-12T08:44:25.788-0500] {dag.py:3954} INFO - Setting next_dagrun for example_python_operator to None, run_after=None
[2025-12-12T08:44:25.793-0500] {processor.py:183} INFO - Processing /Users/evankrupa/airflow_project/env/lib/python3.11/site-packages/airflow/example_dags/example_python_operator.py took 0.045 seconds
[2025-12-12T08:45:50.100-0500] {processor.py:161} INFO - Started process (PID=65717) to work on /Users/evankrupa/airflow_project/env/lib/python3.11/site-packages/airflow/example_dags/example_python_operator.py
[2025-12-12T08:45:50.101-0500] {processor.py:830} INFO - Processing file /Users/evankrupa/airflow_project/env/lib/python3.11/site-packages/airflow/example_dags/example_python_operator.py for tasks to queue
[2025-12-12T08:45:50.101-0500] {logging_mixin.py:188} INFO - [2025-12-12T08:45:50.101-0500] {dagbag.py:545} INFO - Filling up the DagBag from /Users/evankrupa/airflow_project/env/lib/python3.11/site-packages/airflow/example_dags/example_python_operator.py
[2025-12-12T08:45:50.109-0500] {logging_mixin.py:188} INFO - [2025-12-12T08:45:50.109-0500] {example_python_operator.py:93} WARNING - The virtalenv_python example task requires virtualenv, please install it.
[2025-12-12T08:45:50.110-0500] {processor.py:840} INFO - DAG(s) 'example_python_operator' retrieved from /Users/evankrupa/airflow_project/env/lib/python3.11/site-packages/airflow/example_dags/example_python_operator.py
[2025-12-12T08:45:50.137-0500] {logging_mixin.py:188} INFO - [2025-12-12T08:45:50.136-0500] {dag.py:3096} INFO - Sync 1 DAGs
[2025-12-12T08:45:50.139-0500] {logging_mixin.py:188} INFO - [2025-12-12T08:45:50.139-0500] {dag.py:3954} INFO - Setting next_dagrun for example_python_operator to None, run_after=None
[2025-12-12T08:45:50.144-0500] {processor.py:183} INFO - Processing /Users/evankrupa/airflow_project/env/lib/python3.11/site-packages/airflow/example_dags/example_python_operator.py took 0.045 seconds
