[2025-12-12T07:26:03.326-0500] {processor.py:161} INFO - Started process (PID=56889) to work on /Users/evankrupa/airflow_project/env/lib/python3.11/site-packages/airflow/example_dags/example_branch_python_dop_operator_3.py
[2025-12-12T07:26:03.326-0500] {processor.py:830} INFO - Processing file /Users/evankrupa/airflow_project/env/lib/python3.11/site-packages/airflow/example_dags/example_branch_python_dop_operator_3.py for tasks to queue
[2025-12-12T07:26:03.326-0500] {logging_mixin.py:188} INFO - [2025-12-12T07:26:03.326-0500] {dagbag.py:545} INFO - Filling up the DagBag from /Users/evankrupa/airflow_project/env/lib/python3.11/site-packages/airflow/example_dags/example_branch_python_dop_operator_3.py
[2025-12-12T07:26:03.341-0500] {processor.py:840} INFO - DAG(s) 'example_branch_dop_operator_v3' retrieved from /Users/evankrupa/airflow_project/env/lib/python3.11/site-packages/airflow/example_dags/example_branch_python_dop_operator_3.py
[2025-12-12T07:26:03.393-0500] {logging_mixin.py:188} INFO - [2025-12-12T07:26:03.393-0500] {override.py:1829} INFO - Created Permission View: can read on DAG:example_branch_dop_operator_v3
[2025-12-12T07:26:03.396-0500] {logging_mixin.py:188} INFO - [2025-12-12T07:26:03.396-0500] {override.py:1829} INFO - Created Permission View: can edit on DAG:example_branch_dop_operator_v3
[2025-12-12T07:26:03.397-0500] {logging_mixin.py:188} INFO - [2025-12-12T07:26:03.397-0500] {override.py:1829} INFO - Created Permission View: can delete on DAG:example_branch_dop_operator_v3
[2025-12-12T07:26:03.397-0500] {logging_mixin.py:188} INFO - [2025-12-12T07:26:03.397-0500] {dag.py:3096} INFO - Sync 1 DAGs
[2025-12-12T07:26:03.400-0500] {logging_mixin.py:188} INFO - [2025-12-12T07:26:03.400-0500] {dag.py:3118} INFO - Creating ORM DAG for example_branch_dop_operator_v3
[2025-12-12T07:26:03.431-0500] {logging_mixin.py:188} INFO - [2025-12-12T07:26:03.431-0500] {dag.py:3954} INFO - Setting next_dagrun for example_branch_dop_operator_v3 to 2025-12-12 12:25:00+00:00, run_after=2025-12-12 12:26:00+00:00
[2025-12-12T07:26:03.437-0500] {processor.py:183} INFO - Processing /Users/evankrupa/airflow_project/env/lib/python3.11/site-packages/airflow/example_dags/example_branch_python_dop_operator_3.py took 0.113 seconds
[2025-12-12T07:27:29.524-0500] {processor.py:161} INFO - Started process (PID=57517) to work on /Users/evankrupa/airflow_project/env/lib/python3.11/site-packages/airflow/example_dags/example_branch_python_dop_operator_3.py
[2025-12-12T07:27:29.525-0500] {processor.py:830} INFO - Processing file /Users/evankrupa/airflow_project/env/lib/python3.11/site-packages/airflow/example_dags/example_branch_python_dop_operator_3.py for tasks to queue
[2025-12-12T07:27:29.525-0500] {logging_mixin.py:188} INFO - [2025-12-12T07:27:29.525-0500] {dagbag.py:545} INFO - Filling up the DagBag from /Users/evankrupa/airflow_project/env/lib/python3.11/site-packages/airflow/example_dags/example_branch_python_dop_operator_3.py
[2025-12-12T07:27:29.538-0500] {processor.py:840} INFO - DAG(s) 'example_branch_dop_operator_v3' retrieved from /Users/evankrupa/airflow_project/env/lib/python3.11/site-packages/airflow/example_dags/example_branch_python_dop_operator_3.py
[2025-12-12T07:27:29.566-0500] {logging_mixin.py:188} INFO - [2025-12-12T07:27:29.566-0500] {dag.py:3096} INFO - Sync 1 DAGs
[2025-12-12T07:27:29.572-0500] {logging_mixin.py:188} INFO - [2025-12-12T07:27:29.572-0500] {dag.py:3954} INFO - Setting next_dagrun for example_branch_dop_operator_v3 to 2025-12-12 12:26:00+00:00, run_after=2025-12-12 12:27:00+00:00
[2025-12-12T07:27:29.577-0500] {processor.py:183} INFO - Processing /Users/evankrupa/airflow_project/env/lib/python3.11/site-packages/airflow/example_dags/example_branch_python_dop_operator_3.py took 0.054 seconds
[2025-12-12T07:28:55.462-0500] {processor.py:161} INFO - Started process (PID=57767) to work on /Users/evankrupa/airflow_project/env/lib/python3.11/site-packages/airflow/example_dags/example_branch_python_dop_operator_3.py
[2025-12-12T07:28:55.463-0500] {processor.py:830} INFO - Processing file /Users/evankrupa/airflow_project/env/lib/python3.11/site-packages/airflow/example_dags/example_branch_python_dop_operator_3.py for tasks to queue
[2025-12-12T07:28:55.463-0500] {logging_mixin.py:188} INFO - [2025-12-12T07:28:55.463-0500] {dagbag.py:545} INFO - Filling up the DagBag from /Users/evankrupa/airflow_project/env/lib/python3.11/site-packages/airflow/example_dags/example_branch_python_dop_operator_3.py
[2025-12-12T07:28:55.476-0500] {processor.py:840} INFO - DAG(s) 'example_branch_dop_operator_v3' retrieved from /Users/evankrupa/airflow_project/env/lib/python3.11/site-packages/airflow/example_dags/example_branch_python_dop_operator_3.py
[2025-12-12T07:28:55.503-0500] {logging_mixin.py:188} INFO - [2025-12-12T07:28:55.503-0500] {dag.py:3096} INFO - Sync 1 DAGs
[2025-12-12T07:28:55.510-0500] {logging_mixin.py:188} INFO - [2025-12-12T07:28:55.510-0500] {dag.py:3954} INFO - Setting next_dagrun for example_branch_dop_operator_v3 to 2025-12-12 12:27:00+00:00, run_after=2025-12-12 12:28:00+00:00
[2025-12-12T07:28:55.517-0500] {processor.py:183} INFO - Processing /Users/evankrupa/airflow_project/env/lib/python3.11/site-packages/airflow/example_dags/example_branch_python_dop_operator_3.py took 0.056 seconds
[2025-12-12T07:30:20.599-0500] {processor.py:161} INFO - Started process (PID=58007) to work on /Users/evankrupa/airflow_project/env/lib/python3.11/site-packages/airflow/example_dags/example_branch_python_dop_operator_3.py
[2025-12-12T07:30:20.599-0500] {processor.py:830} INFO - Processing file /Users/evankrupa/airflow_project/env/lib/python3.11/site-packages/airflow/example_dags/example_branch_python_dop_operator_3.py for tasks to queue
[2025-12-12T07:30:20.599-0500] {logging_mixin.py:188} INFO - [2025-12-12T07:30:20.599-0500] {dagbag.py:545} INFO - Filling up the DagBag from /Users/evankrupa/airflow_project/env/lib/python3.11/site-packages/airflow/example_dags/example_branch_python_dop_operator_3.py
[2025-12-12T07:30:20.612-0500] {processor.py:840} INFO - DAG(s) 'example_branch_dop_operator_v3' retrieved from /Users/evankrupa/airflow_project/env/lib/python3.11/site-packages/airflow/example_dags/example_branch_python_dop_operator_3.py
[2025-12-12T07:30:20.638-0500] {logging_mixin.py:188} INFO - [2025-12-12T07:30:20.638-0500] {dag.py:3096} INFO - Sync 1 DAGs
[2025-12-12T07:30:20.644-0500] {logging_mixin.py:188} INFO - [2025-12-12T07:30:20.644-0500] {dag.py:3954} INFO - Setting next_dagrun for example_branch_dop_operator_v3 to 2025-12-12 12:29:00+00:00, run_after=2025-12-12 12:30:00+00:00
[2025-12-12T07:30:20.649-0500] {processor.py:183} INFO - Processing /Users/evankrupa/airflow_project/env/lib/python3.11/site-packages/airflow/example_dags/example_branch_python_dop_operator_3.py took 0.051 seconds
[2025-12-12T07:31:46.332-0500] {processor.py:161} INFO - Started process (PID=58346) to work on /Users/evankrupa/airflow_project/env/lib/python3.11/site-packages/airflow/example_dags/example_branch_python_dop_operator_3.py
[2025-12-12T07:31:46.334-0500] {processor.py:830} INFO - Processing file /Users/evankrupa/airflow_project/env/lib/python3.11/site-packages/airflow/example_dags/example_branch_python_dop_operator_3.py for tasks to queue
[2025-12-12T07:31:46.334-0500] {logging_mixin.py:188} INFO - [2025-12-12T07:31:46.334-0500] {dagbag.py:545} INFO - Filling up the DagBag from /Users/evankrupa/airflow_project/env/lib/python3.11/site-packages/airflow/example_dags/example_branch_python_dop_operator_3.py
[2025-12-12T07:31:46.347-0500] {processor.py:840} INFO - DAG(s) 'example_branch_dop_operator_v3' retrieved from /Users/evankrupa/airflow_project/env/lib/python3.11/site-packages/airflow/example_dags/example_branch_python_dop_operator_3.py
[2025-12-12T07:31:46.374-0500] {logging_mixin.py:188} INFO - [2025-12-12T07:31:46.373-0500] {dag.py:3096} INFO - Sync 1 DAGs
[2025-12-12T07:31:46.379-0500] {logging_mixin.py:188} INFO - [2025-12-12T07:31:46.379-0500] {dag.py:3954} INFO - Setting next_dagrun for example_branch_dop_operator_v3 to 2025-12-12 12:30:00+00:00, run_after=2025-12-12 12:31:00+00:00
[2025-12-12T07:31:46.384-0500] {processor.py:183} INFO - Processing /Users/evankrupa/airflow_project/env/lib/python3.11/site-packages/airflow/example_dags/example_branch_python_dop_operator_3.py took 0.053 seconds
[2025-12-12T07:33:13.061-0500] {processor.py:161} INFO - Started process (PID=58441) to work on /Users/evankrupa/airflow_project/env/lib/python3.11/site-packages/airflow/example_dags/example_branch_python_dop_operator_3.py
[2025-12-12T07:33:13.062-0500] {processor.py:830} INFO - Processing file /Users/evankrupa/airflow_project/env/lib/python3.11/site-packages/airflow/example_dags/example_branch_python_dop_operator_3.py for tasks to queue
[2025-12-12T07:33:13.062-0500] {logging_mixin.py:188} INFO - [2025-12-12T07:33:13.062-0500] {dagbag.py:545} INFO - Filling up the DagBag from /Users/evankrupa/airflow_project/env/lib/python3.11/site-packages/airflow/example_dags/example_branch_python_dop_operator_3.py
[2025-12-12T07:33:13.075-0500] {processor.py:840} INFO - DAG(s) 'example_branch_dop_operator_v3' retrieved from /Users/evankrupa/airflow_project/env/lib/python3.11/site-packages/airflow/example_dags/example_branch_python_dop_operator_3.py
[2025-12-12T07:33:13.101-0500] {logging_mixin.py:188} INFO - [2025-12-12T07:33:13.101-0500] {dag.py:3096} INFO - Sync 1 DAGs
[2025-12-12T07:33:13.108-0500] {logging_mixin.py:188} INFO - [2025-12-12T07:33:13.108-0500] {dag.py:3954} INFO - Setting next_dagrun for example_branch_dop_operator_v3 to 2025-12-12 12:32:00+00:00, run_after=2025-12-12 12:33:00+00:00
[2025-12-12T07:33:13.113-0500] {processor.py:183} INFO - Processing /Users/evankrupa/airflow_project/env/lib/python3.11/site-packages/airflow/example_dags/example_branch_python_dop_operator_3.py took 0.053 seconds
[2025-12-12T07:34:38.568-0500] {processor.py:161} INFO - Started process (PID=58521) to work on /Users/evankrupa/airflow_project/env/lib/python3.11/site-packages/airflow/example_dags/example_branch_python_dop_operator_3.py
[2025-12-12T07:34:38.569-0500] {processor.py:830} INFO - Processing file /Users/evankrupa/airflow_project/env/lib/python3.11/site-packages/airflow/example_dags/example_branch_python_dop_operator_3.py for tasks to queue
[2025-12-12T07:34:38.569-0500] {logging_mixin.py:188} INFO - [2025-12-12T07:34:38.569-0500] {dagbag.py:545} INFO - Filling up the DagBag from /Users/evankrupa/airflow_project/env/lib/python3.11/site-packages/airflow/example_dags/example_branch_python_dop_operator_3.py
[2025-12-12T07:34:38.581-0500] {processor.py:840} INFO - DAG(s) 'example_branch_dop_operator_v3' retrieved from /Users/evankrupa/airflow_project/env/lib/python3.11/site-packages/airflow/example_dags/example_branch_python_dop_operator_3.py
[2025-12-12T07:34:38.608-0500] {logging_mixin.py:188} INFO - [2025-12-12T07:34:38.608-0500] {dag.py:3096} INFO - Sync 1 DAGs
[2025-12-12T07:34:38.615-0500] {logging_mixin.py:188} INFO - [2025-12-12T07:34:38.615-0500] {dag.py:3954} INFO - Setting next_dagrun for example_branch_dop_operator_v3 to 2025-12-12 12:33:00+00:00, run_after=2025-12-12 12:34:00+00:00
[2025-12-12T07:34:38.620-0500] {processor.py:183} INFO - Processing /Users/evankrupa/airflow_project/env/lib/python3.11/site-packages/airflow/example_dags/example_branch_python_dop_operator_3.py took 0.053 seconds
[2025-12-12T07:36:01.470-0500] {processor.py:161} INFO - Started process (PID=58593) to work on /Users/evankrupa/airflow_project/env/lib/python3.11/site-packages/airflow/example_dags/example_branch_python_dop_operator_3.py
[2025-12-12T07:36:01.471-0500] {processor.py:830} INFO - Processing file /Users/evankrupa/airflow_project/env/lib/python3.11/site-packages/airflow/example_dags/example_branch_python_dop_operator_3.py for tasks to queue
[2025-12-12T07:36:01.471-0500] {logging_mixin.py:188} INFO - [2025-12-12T07:36:01.471-0500] {dagbag.py:545} INFO - Filling up the DagBag from /Users/evankrupa/airflow_project/env/lib/python3.11/site-packages/airflow/example_dags/example_branch_python_dop_operator_3.py
[2025-12-12T07:36:01.483-0500] {processor.py:840} INFO - DAG(s) 'example_branch_dop_operator_v3' retrieved from /Users/evankrupa/airflow_project/env/lib/python3.11/site-packages/airflow/example_dags/example_branch_python_dop_operator_3.py
[2025-12-12T07:36:01.510-0500] {logging_mixin.py:188} INFO - [2025-12-12T07:36:01.510-0500] {dag.py:3096} INFO - Sync 1 DAGs
[2025-12-12T07:36:01.517-0500] {logging_mixin.py:188} INFO - [2025-12-12T07:36:01.517-0500] {dag.py:3954} INFO - Setting next_dagrun for example_branch_dop_operator_v3 to 2025-12-12 12:35:00+00:00, run_after=2025-12-12 12:36:00+00:00
[2025-12-12T07:36:01.522-0500] {processor.py:183} INFO - Processing /Users/evankrupa/airflow_project/env/lib/python3.11/site-packages/airflow/example_dags/example_branch_python_dop_operator_3.py took 0.053 seconds
[2025-12-12T07:37:25.718-0500] {processor.py:161} INFO - Started process (PID=58661) to work on /Users/evankrupa/airflow_project/env/lib/python3.11/site-packages/airflow/example_dags/example_branch_python_dop_operator_3.py
[2025-12-12T07:37:25.718-0500] {processor.py:830} INFO - Processing file /Users/evankrupa/airflow_project/env/lib/python3.11/site-packages/airflow/example_dags/example_branch_python_dop_operator_3.py for tasks to queue
[2025-12-12T07:37:25.718-0500] {logging_mixin.py:188} INFO - [2025-12-12T07:37:25.718-0500] {dagbag.py:545} INFO - Filling up the DagBag from /Users/evankrupa/airflow_project/env/lib/python3.11/site-packages/airflow/example_dags/example_branch_python_dop_operator_3.py
[2025-12-12T07:37:25.731-0500] {processor.py:840} INFO - DAG(s) 'example_branch_dop_operator_v3' retrieved from /Users/evankrupa/airflow_project/env/lib/python3.11/site-packages/airflow/example_dags/example_branch_python_dop_operator_3.py
[2025-12-12T07:37:25.759-0500] {logging_mixin.py:188} INFO - [2025-12-12T07:37:25.759-0500] {dag.py:3096} INFO - Sync 1 DAGs
[2025-12-12T07:37:25.765-0500] {logging_mixin.py:188} INFO - [2025-12-12T07:37:25.765-0500] {dag.py:3954} INFO - Setting next_dagrun for example_branch_dop_operator_v3 to 2025-12-12 12:36:00+00:00, run_after=2025-12-12 12:37:00+00:00
[2025-12-12T07:37:25.771-0500] {processor.py:183} INFO - Processing /Users/evankrupa/airflow_project/env/lib/python3.11/site-packages/airflow/example_dags/example_branch_python_dop_operator_3.py took 0.054 seconds
[2025-12-12T07:38:49.401-0500] {processor.py:161} INFO - Started process (PID=58741) to work on /Users/evankrupa/airflow_project/env/lib/python3.11/site-packages/airflow/example_dags/example_branch_python_dop_operator_3.py
[2025-12-12T07:38:49.402-0500] {processor.py:830} INFO - Processing file /Users/evankrupa/airflow_project/env/lib/python3.11/site-packages/airflow/example_dags/example_branch_python_dop_operator_3.py for tasks to queue
[2025-12-12T07:38:49.402-0500] {logging_mixin.py:188} INFO - [2025-12-12T07:38:49.402-0500] {dagbag.py:545} INFO - Filling up the DagBag from /Users/evankrupa/airflow_project/env/lib/python3.11/site-packages/airflow/example_dags/example_branch_python_dop_operator_3.py
[2025-12-12T07:38:49.415-0500] {processor.py:840} INFO - DAG(s) 'example_branch_dop_operator_v3' retrieved from /Users/evankrupa/airflow_project/env/lib/python3.11/site-packages/airflow/example_dags/example_branch_python_dop_operator_3.py
[2025-12-12T07:38:49.442-0500] {logging_mixin.py:188} INFO - [2025-12-12T07:38:49.442-0500] {dag.py:3096} INFO - Sync 1 DAGs
[2025-12-12T07:38:49.448-0500] {logging_mixin.py:188} INFO - [2025-12-12T07:38:49.448-0500] {dag.py:3954} INFO - Setting next_dagrun for example_branch_dop_operator_v3 to 2025-12-12 12:37:00+00:00, run_after=2025-12-12 12:38:00+00:00
[2025-12-12T07:38:49.453-0500] {processor.py:183} INFO - Processing /Users/evankrupa/airflow_project/env/lib/python3.11/site-packages/airflow/example_dags/example_branch_python_dop_operator_3.py took 0.053 seconds
[2025-12-12T07:40:16.001-0500] {processor.py:161} INFO - Started process (PID=58867) to work on /Users/evankrupa/airflow_project/env/lib/python3.11/site-packages/airflow/example_dags/example_branch_python_dop_operator_3.py
[2025-12-12T07:40:16.002-0500] {processor.py:830} INFO - Processing file /Users/evankrupa/airflow_project/env/lib/python3.11/site-packages/airflow/example_dags/example_branch_python_dop_operator_3.py for tasks to queue
[2025-12-12T07:40:16.002-0500] {logging_mixin.py:188} INFO - [2025-12-12T07:40:16.002-0500] {dagbag.py:545} INFO - Filling up the DagBag from /Users/evankrupa/airflow_project/env/lib/python3.11/site-packages/airflow/example_dags/example_branch_python_dop_operator_3.py
[2025-12-12T07:40:16.016-0500] {processor.py:840} INFO - DAG(s) 'example_branch_dop_operator_v3' retrieved from /Users/evankrupa/airflow_project/env/lib/python3.11/site-packages/airflow/example_dags/example_branch_python_dop_operator_3.py
[2025-12-12T07:40:16.046-0500] {logging_mixin.py:188} INFO - [2025-12-12T07:40:16.046-0500] {dag.py:3096} INFO - Sync 1 DAGs
[2025-12-12T07:40:16.052-0500] {logging_mixin.py:188} INFO - [2025-12-12T07:40:16.052-0500] {dag.py:3954} INFO - Setting next_dagrun for example_branch_dop_operator_v3 to 2025-12-12 12:39:00+00:00, run_after=2025-12-12 12:40:00+00:00
[2025-12-12T07:40:16.058-0500] {processor.py:183} INFO - Processing /Users/evankrupa/airflow_project/env/lib/python3.11/site-packages/airflow/example_dags/example_branch_python_dop_operator_3.py took 0.058 seconds
[2025-12-12T07:41:42.061-0500] {processor.py:161} INFO - Started process (PID=58959) to work on /Users/evankrupa/airflow_project/env/lib/python3.11/site-packages/airflow/example_dags/example_branch_python_dop_operator_3.py
[2025-12-12T07:41:42.062-0500] {processor.py:830} INFO - Processing file /Users/evankrupa/airflow_project/env/lib/python3.11/site-packages/airflow/example_dags/example_branch_python_dop_operator_3.py for tasks to queue
[2025-12-12T07:41:42.062-0500] {logging_mixin.py:188} INFO - [2025-12-12T07:41:42.062-0500] {dagbag.py:545} INFO - Filling up the DagBag from /Users/evankrupa/airflow_project/env/lib/python3.11/site-packages/airflow/example_dags/example_branch_python_dop_operator_3.py
[2025-12-12T07:41:42.074-0500] {processor.py:840} INFO - DAG(s) 'example_branch_dop_operator_v3' retrieved from /Users/evankrupa/airflow_project/env/lib/python3.11/site-packages/airflow/example_dags/example_branch_python_dop_operator_3.py
[2025-12-12T07:41:42.101-0500] {logging_mixin.py:188} INFO - [2025-12-12T07:41:42.101-0500] {dag.py:3096} INFO - Sync 1 DAGs
[2025-12-12T07:41:42.107-0500] {logging_mixin.py:188} INFO - [2025-12-12T07:41:42.107-0500] {dag.py:3954} INFO - Setting next_dagrun for example_branch_dop_operator_v3 to 2025-12-12 12:40:00+00:00, run_after=2025-12-12 12:41:00+00:00
[2025-12-12T07:41:42.112-0500] {processor.py:183} INFO - Processing /Users/evankrupa/airflow_project/env/lib/python3.11/site-packages/airflow/example_dags/example_branch_python_dop_operator_3.py took 0.052 seconds
[2025-12-12T07:43:05.521-0500] {processor.py:161} INFO - Started process (PID=59122) to work on /Users/evankrupa/airflow_project/env/lib/python3.11/site-packages/airflow/example_dags/example_branch_python_dop_operator_3.py
[2025-12-12T07:43:05.521-0500] {processor.py:830} INFO - Processing file /Users/evankrupa/airflow_project/env/lib/python3.11/site-packages/airflow/example_dags/example_branch_python_dop_operator_3.py for tasks to queue
[2025-12-12T07:43:05.522-0500] {logging_mixin.py:188} INFO - [2025-12-12T07:43:05.521-0500] {dagbag.py:545} INFO - Filling up the DagBag from /Users/evankrupa/airflow_project/env/lib/python3.11/site-packages/airflow/example_dags/example_branch_python_dop_operator_3.py
[2025-12-12T07:43:05.534-0500] {processor.py:840} INFO - DAG(s) 'example_branch_dop_operator_v3' retrieved from /Users/evankrupa/airflow_project/env/lib/python3.11/site-packages/airflow/example_dags/example_branch_python_dop_operator_3.py
[2025-12-12T07:43:05.562-0500] {logging_mixin.py:188} INFO - [2025-12-12T07:43:05.562-0500] {dag.py:3096} INFO - Sync 1 DAGs
[2025-12-12T07:43:05.569-0500] {logging_mixin.py:188} INFO - [2025-12-12T07:43:05.569-0500] {dag.py:3954} INFO - Setting next_dagrun for example_branch_dop_operator_v3 to 2025-12-12 12:42:00+00:00, run_after=2025-12-12 12:43:00+00:00
[2025-12-12T07:43:05.575-0500] {processor.py:183} INFO - Processing /Users/evankrupa/airflow_project/env/lib/python3.11/site-packages/airflow/example_dags/example_branch_python_dop_operator_3.py took 0.055 seconds
[2025-12-12T07:44:29.449-0500] {processor.py:161} INFO - Started process (PID=59207) to work on /Users/evankrupa/airflow_project/env/lib/python3.11/site-packages/airflow/example_dags/example_branch_python_dop_operator_3.py
[2025-12-12T07:44:29.450-0500] {processor.py:830} INFO - Processing file /Users/evankrupa/airflow_project/env/lib/python3.11/site-packages/airflow/example_dags/example_branch_python_dop_operator_3.py for tasks to queue
[2025-12-12T07:44:29.450-0500] {logging_mixin.py:188} INFO - [2025-12-12T07:44:29.450-0500] {dagbag.py:545} INFO - Filling up the DagBag from /Users/evankrupa/airflow_project/env/lib/python3.11/site-packages/airflow/example_dags/example_branch_python_dop_operator_3.py
[2025-12-12T07:44:29.463-0500] {processor.py:840} INFO - DAG(s) 'example_branch_dop_operator_v3' retrieved from /Users/evankrupa/airflow_project/env/lib/python3.11/site-packages/airflow/example_dags/example_branch_python_dop_operator_3.py
[2025-12-12T07:44:29.489-0500] {logging_mixin.py:188} INFO - [2025-12-12T07:44:29.489-0500] {dag.py:3096} INFO - Sync 1 DAGs
[2025-12-12T07:44:29.495-0500] {logging_mixin.py:188} INFO - [2025-12-12T07:44:29.495-0500] {dag.py:3954} INFO - Setting next_dagrun for example_branch_dop_operator_v3 to 2025-12-12 12:43:00+00:00, run_after=2025-12-12 12:44:00+00:00
[2025-12-12T07:44:29.500-0500] {processor.py:183} INFO - Processing /Users/evankrupa/airflow_project/env/lib/python3.11/site-packages/airflow/example_dags/example_branch_python_dop_operator_3.py took 0.052 seconds
[2025-12-12T07:45:56.550-0500] {processor.py:161} INFO - Started process (PID=59289) to work on /Users/evankrupa/airflow_project/env/lib/python3.11/site-packages/airflow/example_dags/example_branch_python_dop_operator_3.py
[2025-12-12T07:45:56.550-0500] {processor.py:830} INFO - Processing file /Users/evankrupa/airflow_project/env/lib/python3.11/site-packages/airflow/example_dags/example_branch_python_dop_operator_3.py for tasks to queue
[2025-12-12T07:45:56.550-0500] {logging_mixin.py:188} INFO - [2025-12-12T07:45:56.550-0500] {dagbag.py:545} INFO - Filling up the DagBag from /Users/evankrupa/airflow_project/env/lib/python3.11/site-packages/airflow/example_dags/example_branch_python_dop_operator_3.py
[2025-12-12T07:45:56.563-0500] {processor.py:840} INFO - DAG(s) 'example_branch_dop_operator_v3' retrieved from /Users/evankrupa/airflow_project/env/lib/python3.11/site-packages/airflow/example_dags/example_branch_python_dop_operator_3.py
[2025-12-12T07:45:56.590-0500] {logging_mixin.py:188} INFO - [2025-12-12T07:45:56.590-0500] {dag.py:3096} INFO - Sync 1 DAGs
[2025-12-12T07:45:56.598-0500] {logging_mixin.py:188} INFO - [2025-12-12T07:45:56.598-0500] {dag.py:3954} INFO - Setting next_dagrun for example_branch_dop_operator_v3 to 2025-12-12 12:44:00+00:00, run_after=2025-12-12 12:45:00+00:00
[2025-12-12T07:45:56.603-0500] {processor.py:183} INFO - Processing /Users/evankrupa/airflow_project/env/lib/python3.11/site-packages/airflow/example_dags/example_branch_python_dop_operator_3.py took 0.055 seconds
[2025-12-12T07:47:20.379-0500] {processor.py:161} INFO - Started process (PID=59371) to work on /Users/evankrupa/airflow_project/env/lib/python3.11/site-packages/airflow/example_dags/example_branch_python_dop_operator_3.py
[2025-12-12T07:47:20.380-0500] {processor.py:830} INFO - Processing file /Users/evankrupa/airflow_project/env/lib/python3.11/site-packages/airflow/example_dags/example_branch_python_dop_operator_3.py for tasks to queue
[2025-12-12T07:47:20.380-0500] {logging_mixin.py:188} INFO - [2025-12-12T07:47:20.380-0500] {dagbag.py:545} INFO - Filling up the DagBag from /Users/evankrupa/airflow_project/env/lib/python3.11/site-packages/airflow/example_dags/example_branch_python_dop_operator_3.py
[2025-12-12T07:47:20.393-0500] {processor.py:840} INFO - DAG(s) 'example_branch_dop_operator_v3' retrieved from /Users/evankrupa/airflow_project/env/lib/python3.11/site-packages/airflow/example_dags/example_branch_python_dop_operator_3.py
[2025-12-12T07:47:20.420-0500] {logging_mixin.py:188} INFO - [2025-12-12T07:47:20.420-0500] {dag.py:3096} INFO - Sync 1 DAGs
[2025-12-12T07:47:20.426-0500] {logging_mixin.py:188} INFO - [2025-12-12T07:47:20.426-0500] {dag.py:3954} INFO - Setting next_dagrun for example_branch_dop_operator_v3 to 2025-12-12 12:46:00+00:00, run_after=2025-12-12 12:47:00+00:00
[2025-12-12T07:47:20.431-0500] {processor.py:183} INFO - Processing /Users/evankrupa/airflow_project/env/lib/python3.11/site-packages/airflow/example_dags/example_branch_python_dop_operator_3.py took 0.053 seconds
[2025-12-12T07:48:47.537-0500] {processor.py:161} INFO - Started process (PID=59482) to work on /Users/evankrupa/airflow_project/env/lib/python3.11/site-packages/airflow/example_dags/example_branch_python_dop_operator_3.py
[2025-12-12T07:48:47.538-0500] {processor.py:830} INFO - Processing file /Users/evankrupa/airflow_project/env/lib/python3.11/site-packages/airflow/example_dags/example_branch_python_dop_operator_3.py for tasks to queue
[2025-12-12T07:48:47.538-0500] {logging_mixin.py:188} INFO - [2025-12-12T07:48:47.538-0500] {dagbag.py:545} INFO - Filling up the DagBag from /Users/evankrupa/airflow_project/env/lib/python3.11/site-packages/airflow/example_dags/example_branch_python_dop_operator_3.py
[2025-12-12T07:48:47.552-0500] {processor.py:840} INFO - DAG(s) 'example_branch_dop_operator_v3' retrieved from /Users/evankrupa/airflow_project/env/lib/python3.11/site-packages/airflow/example_dags/example_branch_python_dop_operator_3.py
[2025-12-12T07:48:47.580-0500] {logging_mixin.py:188} INFO - [2025-12-12T07:48:47.580-0500] {dag.py:3096} INFO - Sync 1 DAGs
[2025-12-12T07:48:47.586-0500] {logging_mixin.py:188} INFO - [2025-12-12T07:48:47.586-0500] {dag.py:3954} INFO - Setting next_dagrun for example_branch_dop_operator_v3 to 2025-12-12 12:47:00+00:00, run_after=2025-12-12 12:48:00+00:00
[2025-12-12T07:48:47.591-0500] {processor.py:183} INFO - Processing /Users/evankrupa/airflow_project/env/lib/python3.11/site-packages/airflow/example_dags/example_branch_python_dop_operator_3.py took 0.055 seconds
[2025-12-12T07:50:13.055-0500] {processor.py:161} INFO - Started process (PID=59558) to work on /Users/evankrupa/airflow_project/env/lib/python3.11/site-packages/airflow/example_dags/example_branch_python_dop_operator_3.py
[2025-12-12T07:50:13.056-0500] {processor.py:830} INFO - Processing file /Users/evankrupa/airflow_project/env/lib/python3.11/site-packages/airflow/example_dags/example_branch_python_dop_operator_3.py for tasks to queue
[2025-12-12T07:50:13.056-0500] {logging_mixin.py:188} INFO - [2025-12-12T07:50:13.056-0500] {dagbag.py:545} INFO - Filling up the DagBag from /Users/evankrupa/airflow_project/env/lib/python3.11/site-packages/airflow/example_dags/example_branch_python_dop_operator_3.py
[2025-12-12T07:50:13.070-0500] {processor.py:840} INFO - DAG(s) 'example_branch_dop_operator_v3' retrieved from /Users/evankrupa/airflow_project/env/lib/python3.11/site-packages/airflow/example_dags/example_branch_python_dop_operator_3.py
[2025-12-12T07:50:13.099-0500] {logging_mixin.py:188} INFO - [2025-12-12T07:50:13.098-0500] {dag.py:3096} INFO - Sync 1 DAGs
[2025-12-12T07:50:13.105-0500] {logging_mixin.py:188} INFO - [2025-12-12T07:50:13.105-0500] {dag.py:3954} INFO - Setting next_dagrun for example_branch_dop_operator_v3 to 2025-12-12 12:49:00+00:00, run_after=2025-12-12 12:50:00+00:00
[2025-12-12T07:50:13.111-0500] {processor.py:183} INFO - Processing /Users/evankrupa/airflow_project/env/lib/python3.11/site-packages/airflow/example_dags/example_branch_python_dop_operator_3.py took 0.057 seconds
[2025-12-12T07:51:37.527-0500] {processor.py:161} INFO - Started process (PID=59625) to work on /Users/evankrupa/airflow_project/env/lib/python3.11/site-packages/airflow/example_dags/example_branch_python_dop_operator_3.py
[2025-12-12T07:51:37.528-0500] {processor.py:830} INFO - Processing file /Users/evankrupa/airflow_project/env/lib/python3.11/site-packages/airflow/example_dags/example_branch_python_dop_operator_3.py for tasks to queue
[2025-12-12T07:51:37.529-0500] {logging_mixin.py:188} INFO - [2025-12-12T07:51:37.529-0500] {dagbag.py:545} INFO - Filling up the DagBag from /Users/evankrupa/airflow_project/env/lib/python3.11/site-packages/airflow/example_dags/example_branch_python_dop_operator_3.py
[2025-12-12T07:51:37.541-0500] {processor.py:840} INFO - DAG(s) 'example_branch_dop_operator_v3' retrieved from /Users/evankrupa/airflow_project/env/lib/python3.11/site-packages/airflow/example_dags/example_branch_python_dop_operator_3.py
[2025-12-12T07:51:37.568-0500] {logging_mixin.py:188} INFO - [2025-12-12T07:51:37.567-0500] {dag.py:3096} INFO - Sync 1 DAGs
[2025-12-12T07:51:37.573-0500] {logging_mixin.py:188} INFO - [2025-12-12T07:51:37.573-0500] {dag.py:3954} INFO - Setting next_dagrun for example_branch_dop_operator_v3 to 2025-12-12 12:50:00+00:00, run_after=2025-12-12 12:51:00+00:00
[2025-12-12T07:51:37.578-0500] {processor.py:183} INFO - Processing /Users/evankrupa/airflow_project/env/lib/python3.11/site-packages/airflow/example_dags/example_branch_python_dop_operator_3.py took 0.052 seconds
[2025-12-12T07:53:01.371-0500] {processor.py:161} INFO - Started process (PID=59705) to work on /Users/evankrupa/airflow_project/env/lib/python3.11/site-packages/airflow/example_dags/example_branch_python_dop_operator_3.py
[2025-12-12T07:53:01.372-0500] {processor.py:830} INFO - Processing file /Users/evankrupa/airflow_project/env/lib/python3.11/site-packages/airflow/example_dags/example_branch_python_dop_operator_3.py for tasks to queue
[2025-12-12T07:53:01.372-0500] {logging_mixin.py:188} INFO - [2025-12-12T07:53:01.372-0500] {dagbag.py:545} INFO - Filling up the DagBag from /Users/evankrupa/airflow_project/env/lib/python3.11/site-packages/airflow/example_dags/example_branch_python_dop_operator_3.py
[2025-12-12T07:53:01.384-0500] {processor.py:840} INFO - DAG(s) 'example_branch_dop_operator_v3' retrieved from /Users/evankrupa/airflow_project/env/lib/python3.11/site-packages/airflow/example_dags/example_branch_python_dop_operator_3.py
[2025-12-12T07:53:01.411-0500] {logging_mixin.py:188} INFO - [2025-12-12T07:53:01.411-0500] {dag.py:3096} INFO - Sync 1 DAGs
[2025-12-12T07:53:01.417-0500] {logging_mixin.py:188} INFO - [2025-12-12T07:53:01.417-0500] {dag.py:3954} INFO - Setting next_dagrun for example_branch_dop_operator_v3 to 2025-12-12 12:52:00+00:00, run_after=2025-12-12 12:53:00+00:00
[2025-12-12T07:53:01.422-0500] {processor.py:183} INFO - Processing /Users/evankrupa/airflow_project/env/lib/python3.11/site-packages/airflow/example_dags/example_branch_python_dop_operator_3.py took 0.051 seconds
[2025-12-12T07:54:23.325-0500] {processor.py:161} INFO - Started process (PID=59779) to work on /Users/evankrupa/airflow_project/env/lib/python3.11/site-packages/airflow/example_dags/example_branch_python_dop_operator_3.py
[2025-12-12T07:54:23.325-0500] {processor.py:830} INFO - Processing file /Users/evankrupa/airflow_project/env/lib/python3.11/site-packages/airflow/example_dags/example_branch_python_dop_operator_3.py for tasks to queue
[2025-12-12T07:54:23.325-0500] {logging_mixin.py:188} INFO - [2025-12-12T07:54:23.325-0500] {dagbag.py:545} INFO - Filling up the DagBag from /Users/evankrupa/airflow_project/env/lib/python3.11/site-packages/airflow/example_dags/example_branch_python_dop_operator_3.py
[2025-12-12T07:54:23.338-0500] {processor.py:840} INFO - DAG(s) 'example_branch_dop_operator_v3' retrieved from /Users/evankrupa/airflow_project/env/lib/python3.11/site-packages/airflow/example_dags/example_branch_python_dop_operator_3.py
[2025-12-12T07:54:23.364-0500] {logging_mixin.py:188} INFO - [2025-12-12T07:54:23.364-0500] {dag.py:3096} INFO - Sync 1 DAGs
[2025-12-12T07:54:23.370-0500] {logging_mixin.py:188} INFO - [2025-12-12T07:54:23.370-0500] {dag.py:3954} INFO - Setting next_dagrun for example_branch_dop_operator_v3 to 2025-12-12 12:53:00+00:00, run_after=2025-12-12 12:54:00+00:00
[2025-12-12T07:54:23.375-0500] {processor.py:183} INFO - Processing /Users/evankrupa/airflow_project/env/lib/python3.11/site-packages/airflow/example_dags/example_branch_python_dop_operator_3.py took 0.051 seconds
[2025-12-12T07:55:49.805-0500] {processor.py:161} INFO - Started process (PID=59866) to work on /Users/evankrupa/airflow_project/env/lib/python3.11/site-packages/airflow/example_dags/example_branch_python_dop_operator_3.py
[2025-12-12T07:55:49.806-0500] {processor.py:830} INFO - Processing file /Users/evankrupa/airflow_project/env/lib/python3.11/site-packages/airflow/example_dags/example_branch_python_dop_operator_3.py for tasks to queue
[2025-12-12T07:55:49.807-0500] {logging_mixin.py:188} INFO - [2025-12-12T07:55:49.807-0500] {dagbag.py:545} INFO - Filling up the DagBag from /Users/evankrupa/airflow_project/env/lib/python3.11/site-packages/airflow/example_dags/example_branch_python_dop_operator_3.py
[2025-12-12T07:55:49.819-0500] {processor.py:840} INFO - DAG(s) 'example_branch_dop_operator_v3' retrieved from /Users/evankrupa/airflow_project/env/lib/python3.11/site-packages/airflow/example_dags/example_branch_python_dop_operator_3.py
[2025-12-12T07:55:49.846-0500] {logging_mixin.py:188} INFO - [2025-12-12T07:55:49.846-0500] {dag.py:3096} INFO - Sync 1 DAGs
[2025-12-12T07:55:49.852-0500] {logging_mixin.py:188} INFO - [2025-12-12T07:55:49.852-0500] {dag.py:3954} INFO - Setting next_dagrun for example_branch_dop_operator_v3 to 2025-12-12 12:54:00+00:00, run_after=2025-12-12 12:55:00+00:00
[2025-12-12T07:55:49.857-0500] {processor.py:183} INFO - Processing /Users/evankrupa/airflow_project/env/lib/python3.11/site-packages/airflow/example_dags/example_branch_python_dop_operator_3.py took 0.052 seconds
[2025-12-12T07:57:13.484-0500] {processor.py:161} INFO - Started process (PID=59933) to work on /Users/evankrupa/airflow_project/env/lib/python3.11/site-packages/airflow/example_dags/example_branch_python_dop_operator_3.py
[2025-12-12T07:57:13.485-0500] {processor.py:830} INFO - Processing file /Users/evankrupa/airflow_project/env/lib/python3.11/site-packages/airflow/example_dags/example_branch_python_dop_operator_3.py for tasks to queue
[2025-12-12T07:57:13.485-0500] {logging_mixin.py:188} INFO - [2025-12-12T07:57:13.485-0500] {dagbag.py:545} INFO - Filling up the DagBag from /Users/evankrupa/airflow_project/env/lib/python3.11/site-packages/airflow/example_dags/example_branch_python_dop_operator_3.py
[2025-12-12T07:57:13.500-0500] {processor.py:840} INFO - DAG(s) 'example_branch_dop_operator_v3' retrieved from /Users/evankrupa/airflow_project/env/lib/python3.11/site-packages/airflow/example_dags/example_branch_python_dop_operator_3.py
[2025-12-12T07:57:13.533-0500] {logging_mixin.py:188} INFO - [2025-12-12T07:57:13.533-0500] {dag.py:3096} INFO - Sync 1 DAGs
[2025-12-12T07:57:13.540-0500] {logging_mixin.py:188} INFO - [2025-12-12T07:57:13.540-0500] {dag.py:3954} INFO - Setting next_dagrun for example_branch_dop_operator_v3 to 2025-12-12 12:56:00+00:00, run_after=2025-12-12 12:57:00+00:00
[2025-12-12T07:57:13.546-0500] {processor.py:183} INFO - Processing /Users/evankrupa/airflow_project/env/lib/python3.11/site-packages/airflow/example_dags/example_branch_python_dop_operator_3.py took 0.062 seconds
[2025-12-12T07:58:37.493-0500] {processor.py:161} INFO - Started process (PID=61502) to work on /Users/evankrupa/airflow_project/env/lib/python3.11/site-packages/airflow/example_dags/example_branch_python_dop_operator_3.py
[2025-12-12T07:58:37.494-0500] {processor.py:830} INFO - Processing file /Users/evankrupa/airflow_project/env/lib/python3.11/site-packages/airflow/example_dags/example_branch_python_dop_operator_3.py for tasks to queue
[2025-12-12T07:58:37.495-0500] {logging_mixin.py:188} INFO - [2025-12-12T07:58:37.494-0500] {dagbag.py:545} INFO - Filling up the DagBag from /Users/evankrupa/airflow_project/env/lib/python3.11/site-packages/airflow/example_dags/example_branch_python_dop_operator_3.py
[2025-12-12T07:58:37.513-0500] {processor.py:840} INFO - DAG(s) 'example_branch_dop_operator_v3' retrieved from /Users/evankrupa/airflow_project/env/lib/python3.11/site-packages/airflow/example_dags/example_branch_python_dop_operator_3.py
[2025-12-12T07:58:37.551-0500] {logging_mixin.py:188} INFO - [2025-12-12T07:58:37.550-0500] {dag.py:3096} INFO - Sync 1 DAGs
[2025-12-12T07:58:37.558-0500] {logging_mixin.py:188} INFO - [2025-12-12T07:58:37.558-0500] {dag.py:3954} INFO - Setting next_dagrun for example_branch_dop_operator_v3 to 2025-12-12 12:57:00+00:00, run_after=2025-12-12 12:58:00+00:00
[2025-12-12T07:58:37.564-0500] {processor.py:183} INFO - Processing /Users/evankrupa/airflow_project/env/lib/python3.11/site-packages/airflow/example_dags/example_branch_python_dop_operator_3.py took 0.073 seconds
[2025-12-12T08:00:04.611-0500] {processor.py:161} INFO - Started process (PID=62744) to work on /Users/evankrupa/airflow_project/env/lib/python3.11/site-packages/airflow/example_dags/example_branch_python_dop_operator_3.py
[2025-12-12T08:00:04.612-0500] {processor.py:830} INFO - Processing file /Users/evankrupa/airflow_project/env/lib/python3.11/site-packages/airflow/example_dags/example_branch_python_dop_operator_3.py for tasks to queue
[2025-12-12T08:00:04.612-0500] {logging_mixin.py:188} INFO - [2025-12-12T08:00:04.612-0500] {dagbag.py:545} INFO - Filling up the DagBag from /Users/evankrupa/airflow_project/env/lib/python3.11/site-packages/airflow/example_dags/example_branch_python_dop_operator_3.py
[2025-12-12T08:00:04.624-0500] {processor.py:840} INFO - DAG(s) 'example_branch_dop_operator_v3' retrieved from /Users/evankrupa/airflow_project/env/lib/python3.11/site-packages/airflow/example_dags/example_branch_python_dop_operator_3.py
[2025-12-12T08:00:04.651-0500] {logging_mixin.py:188} INFO - [2025-12-12T08:00:04.651-0500] {dag.py:3096} INFO - Sync 1 DAGs
[2025-12-12T08:00:04.657-0500] {logging_mixin.py:188} INFO - [2025-12-12T08:00:04.657-0500] {dag.py:3954} INFO - Setting next_dagrun for example_branch_dop_operator_v3 to 2025-12-12 12:59:00+00:00, run_after=2025-12-12 13:00:00+00:00
[2025-12-12T08:00:04.662-0500] {processor.py:183} INFO - Processing /Users/evankrupa/airflow_project/env/lib/python3.11/site-packages/airflow/example_dags/example_branch_python_dop_operator_3.py took 0.052 seconds
[2025-12-12T08:01:25.194-0500] {processor.py:161} INFO - Started process (PID=62810) to work on /Users/evankrupa/airflow_project/env/lib/python3.11/site-packages/airflow/example_dags/example_branch_python_dop_operator_3.py
[2025-12-12T08:01:25.194-0500] {processor.py:830} INFO - Processing file /Users/evankrupa/airflow_project/env/lib/python3.11/site-packages/airflow/example_dags/example_branch_python_dop_operator_3.py for tasks to queue
[2025-12-12T08:01:25.194-0500] {logging_mixin.py:188} INFO - [2025-12-12T08:01:25.194-0500] {dagbag.py:545} INFO - Filling up the DagBag from /Users/evankrupa/airflow_project/env/lib/python3.11/site-packages/airflow/example_dags/example_branch_python_dop_operator_3.py
[2025-12-12T08:01:25.207-0500] {processor.py:840} INFO - DAG(s) 'example_branch_dop_operator_v3' retrieved from /Users/evankrupa/airflow_project/env/lib/python3.11/site-packages/airflow/example_dags/example_branch_python_dop_operator_3.py
[2025-12-12T08:01:25.235-0500] {logging_mixin.py:188} INFO - [2025-12-12T08:01:25.235-0500] {dag.py:3096} INFO - Sync 1 DAGs
[2025-12-12T08:01:25.242-0500] {logging_mixin.py:188} INFO - [2025-12-12T08:01:25.242-0500] {dag.py:3954} INFO - Setting next_dagrun for example_branch_dop_operator_v3 to 2025-12-12 13:00:00+00:00, run_after=2025-12-12 13:01:00+00:00
[2025-12-12T08:01:25.247-0500] {processor.py:183} INFO - Processing /Users/evankrupa/airflow_project/env/lib/python3.11/site-packages/airflow/example_dags/example_branch_python_dop_operator_3.py took 0.055 seconds
[2025-12-12T08:02:51.840-0500] {processor.py:161} INFO - Started process (PID=62879) to work on /Users/evankrupa/airflow_project/env/lib/python3.11/site-packages/airflow/example_dags/example_branch_python_dop_operator_3.py
[2025-12-12T08:02:51.841-0500] {processor.py:830} INFO - Processing file /Users/evankrupa/airflow_project/env/lib/python3.11/site-packages/airflow/example_dags/example_branch_python_dop_operator_3.py for tasks to queue
[2025-12-12T08:02:51.841-0500] {logging_mixin.py:188} INFO - [2025-12-12T08:02:51.841-0500] {dagbag.py:545} INFO - Filling up the DagBag from /Users/evankrupa/airflow_project/env/lib/python3.11/site-packages/airflow/example_dags/example_branch_python_dop_operator_3.py
[2025-12-12T08:02:51.853-0500] {processor.py:840} INFO - DAG(s) 'example_branch_dop_operator_v3' retrieved from /Users/evankrupa/airflow_project/env/lib/python3.11/site-packages/airflow/example_dags/example_branch_python_dop_operator_3.py
[2025-12-12T08:02:51.882-0500] {logging_mixin.py:188} INFO - [2025-12-12T08:02:51.882-0500] {dag.py:3096} INFO - Sync 1 DAGs
[2025-12-12T08:02:51.888-0500] {logging_mixin.py:188} INFO - [2025-12-12T08:02:51.888-0500] {dag.py:3954} INFO - Setting next_dagrun for example_branch_dop_operator_v3 to 2025-12-12 13:01:00+00:00, run_after=2025-12-12 13:02:00+00:00
[2025-12-12T08:02:51.893-0500] {processor.py:183} INFO - Processing /Users/evankrupa/airflow_project/env/lib/python3.11/site-packages/airflow/example_dags/example_branch_python_dop_operator_3.py took 0.054 seconds
[2025-12-12T08:04:16.882-0500] {processor.py:161} INFO - Started process (PID=62967) to work on /Users/evankrupa/airflow_project/env/lib/python3.11/site-packages/airflow/example_dags/example_branch_python_dop_operator_3.py
[2025-12-12T08:04:16.884-0500] {processor.py:830} INFO - Processing file /Users/evankrupa/airflow_project/env/lib/python3.11/site-packages/airflow/example_dags/example_branch_python_dop_operator_3.py for tasks to queue
[2025-12-12T08:04:16.884-0500] {logging_mixin.py:188} INFO - [2025-12-12T08:04:16.884-0500] {dagbag.py:545} INFO - Filling up the DagBag from /Users/evankrupa/airflow_project/env/lib/python3.11/site-packages/airflow/example_dags/example_branch_python_dop_operator_3.py
[2025-12-12T08:04:16.897-0500] {processor.py:840} INFO - DAG(s) 'example_branch_dop_operator_v3' retrieved from /Users/evankrupa/airflow_project/env/lib/python3.11/site-packages/airflow/example_dags/example_branch_python_dop_operator_3.py
[2025-12-12T08:04:16.924-0500] {logging_mixin.py:188} INFO - [2025-12-12T08:04:16.924-0500] {dag.py:3096} INFO - Sync 1 DAGs
[2025-12-12T08:04:16.930-0500] {logging_mixin.py:188} INFO - [2025-12-12T08:04:16.930-0500] {dag.py:3954} INFO - Setting next_dagrun for example_branch_dop_operator_v3 to 2025-12-12 13:03:00+00:00, run_after=2025-12-12 13:04:00+00:00
[2025-12-12T08:04:16.935-0500] {processor.py:183} INFO - Processing /Users/evankrupa/airflow_project/env/lib/python3.11/site-packages/airflow/example_dags/example_branch_python_dop_operator_3.py took 0.054 seconds
[2025-12-12T08:05:39.231-0500] {processor.py:161} INFO - Started process (PID=63099) to work on /Users/evankrupa/airflow_project/env/lib/python3.11/site-packages/airflow/example_dags/example_branch_python_dop_operator_3.py
[2025-12-12T08:05:39.233-0500] {processor.py:830} INFO - Processing file /Users/evankrupa/airflow_project/env/lib/python3.11/site-packages/airflow/example_dags/example_branch_python_dop_operator_3.py for tasks to queue
[2025-12-12T08:05:39.233-0500] {logging_mixin.py:188} INFO - [2025-12-12T08:05:39.233-0500] {dagbag.py:545} INFO - Filling up the DagBag from /Users/evankrupa/airflow_project/env/lib/python3.11/site-packages/airflow/example_dags/example_branch_python_dop_operator_3.py
[2025-12-12T08:05:39.246-0500] {processor.py:840} INFO - DAG(s) 'example_branch_dop_operator_v3' retrieved from /Users/evankrupa/airflow_project/env/lib/python3.11/site-packages/airflow/example_dags/example_branch_python_dop_operator_3.py
[2025-12-12T08:05:39.273-0500] {logging_mixin.py:188} INFO - [2025-12-12T08:05:39.273-0500] {dag.py:3096} INFO - Sync 1 DAGs
[2025-12-12T08:05:39.280-0500] {logging_mixin.py:188} INFO - [2025-12-12T08:05:39.280-0500] {dag.py:3954} INFO - Setting next_dagrun for example_branch_dop_operator_v3 to 2025-12-12 13:04:00+00:00, run_after=2025-12-12 13:05:00+00:00
[2025-12-12T08:05:39.285-0500] {processor.py:183} INFO - Processing /Users/evankrupa/airflow_project/env/lib/python3.11/site-packages/airflow/example_dags/example_branch_python_dop_operator_3.py took 0.054 seconds
[2025-12-12T08:07:07.126-0500] {processor.py:161} INFO - Started process (PID=63611) to work on /Users/evankrupa/airflow_project/env/lib/python3.11/site-packages/airflow/example_dags/example_branch_python_dop_operator_3.py
[2025-12-12T08:07:07.126-0500] {processor.py:830} INFO - Processing file /Users/evankrupa/airflow_project/env/lib/python3.11/site-packages/airflow/example_dags/example_branch_python_dop_operator_3.py for tasks to queue
[2025-12-12T08:07:07.127-0500] {logging_mixin.py:188} INFO - [2025-12-12T08:07:07.127-0500] {dagbag.py:545} INFO - Filling up the DagBag from /Users/evankrupa/airflow_project/env/lib/python3.11/site-packages/airflow/example_dags/example_branch_python_dop_operator_3.py
[2025-12-12T08:07:07.140-0500] {processor.py:840} INFO - DAG(s) 'example_branch_dop_operator_v3' retrieved from /Users/evankrupa/airflow_project/env/lib/python3.11/site-packages/airflow/example_dags/example_branch_python_dop_operator_3.py
[2025-12-12T08:07:07.168-0500] {logging_mixin.py:188} INFO - [2025-12-12T08:07:07.168-0500] {dag.py:3096} INFO - Sync 1 DAGs
[2025-12-12T08:07:07.175-0500] {logging_mixin.py:188} INFO - [2025-12-12T08:07:07.175-0500] {dag.py:3954} INFO - Setting next_dagrun for example_branch_dop_operator_v3 to 2025-12-12 13:06:00+00:00, run_after=2025-12-12 13:07:00+00:00
[2025-12-12T08:07:07.180-0500] {processor.py:183} INFO - Processing /Users/evankrupa/airflow_project/env/lib/python3.11/site-packages/airflow/example_dags/example_branch_python_dop_operator_3.py took 0.055 seconds
[2025-12-12T08:08:36.055-0500] {processor.py:161} INFO - Started process (PID=63697) to work on /Users/evankrupa/airflow_project/env/lib/python3.11/site-packages/airflow/example_dags/example_branch_python_dop_operator_3.py
[2025-12-12T08:08:36.055-0500] {processor.py:830} INFO - Processing file /Users/evankrupa/airflow_project/env/lib/python3.11/site-packages/airflow/example_dags/example_branch_python_dop_operator_3.py for tasks to queue
[2025-12-12T08:08:36.055-0500] {logging_mixin.py:188} INFO - [2025-12-12T08:08:36.055-0500] {dagbag.py:545} INFO - Filling up the DagBag from /Users/evankrupa/airflow_project/env/lib/python3.11/site-packages/airflow/example_dags/example_branch_python_dop_operator_3.py
[2025-12-12T08:08:36.070-0500] {processor.py:840} INFO - DAG(s) 'example_branch_dop_operator_v3' retrieved from /Users/evankrupa/airflow_project/env/lib/python3.11/site-packages/airflow/example_dags/example_branch_python_dop_operator_3.py
[2025-12-12T08:08:36.100-0500] {logging_mixin.py:188} INFO - [2025-12-12T08:08:36.100-0500] {dag.py:3096} INFO - Sync 1 DAGs
[2025-12-12T08:08:36.107-0500] {logging_mixin.py:188} INFO - [2025-12-12T08:08:36.107-0500] {dag.py:3954} INFO - Setting next_dagrun for example_branch_dop_operator_v3 to 2025-12-12 13:07:00+00:00, run_after=2025-12-12 13:08:00+00:00
[2025-12-12T08:08:36.112-0500] {processor.py:183} INFO - Processing /Users/evankrupa/airflow_project/env/lib/python3.11/site-packages/airflow/example_dags/example_branch_python_dop_operator_3.py took 0.059 seconds
[2025-12-12T08:10:01.435-0500] {processor.py:161} INFO - Started process (PID=63766) to work on /Users/evankrupa/airflow_project/env/lib/python3.11/site-packages/airflow/example_dags/example_branch_python_dop_operator_3.py
[2025-12-12T08:10:01.436-0500] {processor.py:830} INFO - Processing file /Users/evankrupa/airflow_project/env/lib/python3.11/site-packages/airflow/example_dags/example_branch_python_dop_operator_3.py for tasks to queue
[2025-12-12T08:10:01.436-0500] {logging_mixin.py:188} INFO - [2025-12-12T08:10:01.436-0500] {dagbag.py:545} INFO - Filling up the DagBag from /Users/evankrupa/airflow_project/env/lib/python3.11/site-packages/airflow/example_dags/example_branch_python_dop_operator_3.py
[2025-12-12T08:10:01.449-0500] {processor.py:840} INFO - DAG(s) 'example_branch_dop_operator_v3' retrieved from /Users/evankrupa/airflow_project/env/lib/python3.11/site-packages/airflow/example_dags/example_branch_python_dop_operator_3.py
[2025-12-12T08:10:01.476-0500] {logging_mixin.py:188} INFO - [2025-12-12T08:10:01.476-0500] {dag.py:3096} INFO - Sync 1 DAGs
[2025-12-12T08:10:01.483-0500] {logging_mixin.py:188} INFO - [2025-12-12T08:10:01.483-0500] {dag.py:3954} INFO - Setting next_dagrun for example_branch_dop_operator_v3 to 2025-12-12 13:09:00+00:00, run_after=2025-12-12 13:10:00+00:00
[2025-12-12T08:10:01.488-0500] {processor.py:183} INFO - Processing /Users/evankrupa/airflow_project/env/lib/python3.11/site-packages/airflow/example_dags/example_branch_python_dop_operator_3.py took 0.054 seconds
[2025-12-12T08:11:29.653-0500] {processor.py:161} INFO - Started process (PID=63835) to work on /Users/evankrupa/airflow_project/env/lib/python3.11/site-packages/airflow/example_dags/example_branch_python_dop_operator_3.py
[2025-12-12T08:11:29.654-0500] {processor.py:830} INFO - Processing file /Users/evankrupa/airflow_project/env/lib/python3.11/site-packages/airflow/example_dags/example_branch_python_dop_operator_3.py for tasks to queue
[2025-12-12T08:11:29.654-0500] {logging_mixin.py:188} INFO - [2025-12-12T08:11:29.654-0500] {dagbag.py:545} INFO - Filling up the DagBag from /Users/evankrupa/airflow_project/env/lib/python3.11/site-packages/airflow/example_dags/example_branch_python_dop_operator_3.py
[2025-12-12T08:11:29.668-0500] {processor.py:840} INFO - DAG(s) 'example_branch_dop_operator_v3' retrieved from /Users/evankrupa/airflow_project/env/lib/python3.11/site-packages/airflow/example_dags/example_branch_python_dop_operator_3.py
[2025-12-12T08:11:29.698-0500] {logging_mixin.py:188} INFO - [2025-12-12T08:11:29.698-0500] {dag.py:3096} INFO - Sync 1 DAGs
[2025-12-12T08:11:29.704-0500] {logging_mixin.py:188} INFO - [2025-12-12T08:11:29.704-0500] {dag.py:3954} INFO - Setting next_dagrun for example_branch_dop_operator_v3 to 2025-12-12 13:10:00+00:00, run_after=2025-12-12 13:11:00+00:00
[2025-12-12T08:11:29.711-0500] {processor.py:183} INFO - Processing /Users/evankrupa/airflow_project/env/lib/python3.11/site-packages/airflow/example_dags/example_branch_python_dop_operator_3.py took 0.058 seconds
[2025-12-12T08:12:54.813-0500] {processor.py:161} INFO - Started process (PID=63903) to work on /Users/evankrupa/airflow_project/env/lib/python3.11/site-packages/airflow/example_dags/example_branch_python_dop_operator_3.py
[2025-12-12T08:12:54.813-0500] {processor.py:830} INFO - Processing file /Users/evankrupa/airflow_project/env/lib/python3.11/site-packages/airflow/example_dags/example_branch_python_dop_operator_3.py for tasks to queue
[2025-12-12T08:12:54.813-0500] {logging_mixin.py:188} INFO - [2025-12-12T08:12:54.813-0500] {dagbag.py:545} INFO - Filling up the DagBag from /Users/evankrupa/airflow_project/env/lib/python3.11/site-packages/airflow/example_dags/example_branch_python_dop_operator_3.py
[2025-12-12T08:12:54.827-0500] {processor.py:840} INFO - DAG(s) 'example_branch_dop_operator_v3' retrieved from /Users/evankrupa/airflow_project/env/lib/python3.11/site-packages/airflow/example_dags/example_branch_python_dop_operator_3.py
[2025-12-12T08:12:54.855-0500] {logging_mixin.py:188} INFO - [2025-12-12T08:12:54.855-0500] {dag.py:3096} INFO - Sync 1 DAGs
[2025-12-12T08:12:54.861-0500] {logging_mixin.py:188} INFO - [2025-12-12T08:12:54.861-0500] {dag.py:3954} INFO - Setting next_dagrun for example_branch_dop_operator_v3 to 2025-12-12 13:11:00+00:00, run_after=2025-12-12 13:12:00+00:00
[2025-12-12T08:12:54.867-0500] {processor.py:183} INFO - Processing /Users/evankrupa/airflow_project/env/lib/python3.11/site-packages/airflow/example_dags/example_branch_python_dop_operator_3.py took 0.055 seconds
[2025-12-12T08:14:16.120-0500] {processor.py:161} INFO - Started process (PID=63968) to work on /Users/evankrupa/airflow_project/env/lib/python3.11/site-packages/airflow/example_dags/example_branch_python_dop_operator_3.py
[2025-12-12T08:14:16.121-0500] {processor.py:830} INFO - Processing file /Users/evankrupa/airflow_project/env/lib/python3.11/site-packages/airflow/example_dags/example_branch_python_dop_operator_3.py for tasks to queue
[2025-12-12T08:14:16.121-0500] {logging_mixin.py:188} INFO - [2025-12-12T08:14:16.121-0500] {dagbag.py:545} INFO - Filling up the DagBag from /Users/evankrupa/airflow_project/env/lib/python3.11/site-packages/airflow/example_dags/example_branch_python_dop_operator_3.py
[2025-12-12T08:14:16.134-0500] {processor.py:840} INFO - DAG(s) 'example_branch_dop_operator_v3' retrieved from /Users/evankrupa/airflow_project/env/lib/python3.11/site-packages/airflow/example_dags/example_branch_python_dop_operator_3.py
[2025-12-12T08:14:16.163-0500] {logging_mixin.py:188} INFO - [2025-12-12T08:14:16.163-0500] {dag.py:3096} INFO - Sync 1 DAGs
[2025-12-12T08:14:16.169-0500] {logging_mixin.py:188} INFO - [2025-12-12T08:14:16.169-0500] {dag.py:3954} INFO - Setting next_dagrun for example_branch_dop_operator_v3 to 2025-12-12 13:13:00+00:00, run_after=2025-12-12 13:14:00+00:00
[2025-12-12T08:14:16.174-0500] {processor.py:183} INFO - Processing /Users/evankrupa/airflow_project/env/lib/python3.11/site-packages/airflow/example_dags/example_branch_python_dop_operator_3.py took 0.056 seconds
[2025-12-12T08:15:38.881-0500] {processor.py:161} INFO - Started process (PID=64042) to work on /Users/evankrupa/airflow_project/env/lib/python3.11/site-packages/airflow/example_dags/example_branch_python_dop_operator_3.py
[2025-12-12T08:15:38.882-0500] {processor.py:830} INFO - Processing file /Users/evankrupa/airflow_project/env/lib/python3.11/site-packages/airflow/example_dags/example_branch_python_dop_operator_3.py for tasks to queue
[2025-12-12T08:15:38.882-0500] {logging_mixin.py:188} INFO - [2025-12-12T08:15:38.882-0500] {dagbag.py:545} INFO - Filling up the DagBag from /Users/evankrupa/airflow_project/env/lib/python3.11/site-packages/airflow/example_dags/example_branch_python_dop_operator_3.py
[2025-12-12T08:15:38.894-0500] {processor.py:840} INFO - DAG(s) 'example_branch_dop_operator_v3' retrieved from /Users/evankrupa/airflow_project/env/lib/python3.11/site-packages/airflow/example_dags/example_branch_python_dop_operator_3.py
[2025-12-12T08:15:38.921-0500] {logging_mixin.py:188} INFO - [2025-12-12T08:15:38.921-0500] {dag.py:3096} INFO - Sync 1 DAGs
[2025-12-12T08:15:38.927-0500] {logging_mixin.py:188} INFO - [2025-12-12T08:15:38.927-0500] {dag.py:3954} INFO - Setting next_dagrun for example_branch_dop_operator_v3 to 2025-12-12 13:14:00+00:00, run_after=2025-12-12 13:15:00+00:00
[2025-12-12T08:15:38.933-0500] {processor.py:183} INFO - Processing /Users/evankrupa/airflow_project/env/lib/python3.11/site-packages/airflow/example_dags/example_branch_python_dop_operator_3.py took 0.053 seconds
[2025-12-12T08:17:03.496-0500] {processor.py:161} INFO - Started process (PID=64110) to work on /Users/evankrupa/airflow_project/env/lib/python3.11/site-packages/airflow/example_dags/example_branch_python_dop_operator_3.py
[2025-12-12T08:17:03.497-0500] {processor.py:830} INFO - Processing file /Users/evankrupa/airflow_project/env/lib/python3.11/site-packages/airflow/example_dags/example_branch_python_dop_operator_3.py for tasks to queue
[2025-12-12T08:17:03.498-0500] {logging_mixin.py:188} INFO - [2025-12-12T08:17:03.497-0500] {dagbag.py:545} INFO - Filling up the DagBag from /Users/evankrupa/airflow_project/env/lib/python3.11/site-packages/airflow/example_dags/example_branch_python_dop_operator_3.py
[2025-12-12T08:17:03.510-0500] {processor.py:840} INFO - DAG(s) 'example_branch_dop_operator_v3' retrieved from /Users/evankrupa/airflow_project/env/lib/python3.11/site-packages/airflow/example_dags/example_branch_python_dop_operator_3.py
[2025-12-12T08:17:03.538-0500] {logging_mixin.py:188} INFO - [2025-12-12T08:17:03.538-0500] {dag.py:3096} INFO - Sync 1 DAGs
[2025-12-12T08:17:03.544-0500] {logging_mixin.py:188} INFO - [2025-12-12T08:17:03.544-0500] {dag.py:3954} INFO - Setting next_dagrun for example_branch_dop_operator_v3 to 2025-12-12 13:16:00+00:00, run_after=2025-12-12 13:17:00+00:00
[2025-12-12T08:17:03.555-0500] {processor.py:183} INFO - Processing /Users/evankrupa/airflow_project/env/lib/python3.11/site-packages/airflow/example_dags/example_branch_python_dop_operator_3.py took 0.059 seconds
[2025-12-12T08:18:28.261-0500] {processor.py:161} INFO - Started process (PID=64178) to work on /Users/evankrupa/airflow_project/env/lib/python3.11/site-packages/airflow/example_dags/example_branch_python_dop_operator_3.py
[2025-12-12T08:18:28.261-0500] {processor.py:830} INFO - Processing file /Users/evankrupa/airflow_project/env/lib/python3.11/site-packages/airflow/example_dags/example_branch_python_dop_operator_3.py for tasks to queue
[2025-12-12T08:18:28.261-0500] {logging_mixin.py:188} INFO - [2025-12-12T08:18:28.261-0500] {dagbag.py:545} INFO - Filling up the DagBag from /Users/evankrupa/airflow_project/env/lib/python3.11/site-packages/airflow/example_dags/example_branch_python_dop_operator_3.py
[2025-12-12T08:18:28.274-0500] {processor.py:840} INFO - DAG(s) 'example_branch_dop_operator_v3' retrieved from /Users/evankrupa/airflow_project/env/lib/python3.11/site-packages/airflow/example_dags/example_branch_python_dop_operator_3.py
[2025-12-12T08:18:28.300-0500] {logging_mixin.py:188} INFO - [2025-12-12T08:18:28.300-0500] {dag.py:3096} INFO - Sync 1 DAGs
[2025-12-12T08:18:28.306-0500] {logging_mixin.py:188} INFO - [2025-12-12T08:18:28.306-0500] {dag.py:3954} INFO - Setting next_dagrun for example_branch_dop_operator_v3 to 2025-12-12 13:17:00+00:00, run_after=2025-12-12 13:18:00+00:00
[2025-12-12T08:18:28.311-0500] {processor.py:183} INFO - Processing /Users/evankrupa/airflow_project/env/lib/python3.11/site-packages/airflow/example_dags/example_branch_python_dop_operator_3.py took 0.051 seconds
[2025-12-12T08:19:50.797-0500] {processor.py:161} INFO - Started process (PID=64245) to work on /Users/evankrupa/airflow_project/env/lib/python3.11/site-packages/airflow/example_dags/example_branch_python_dop_operator_3.py
[2025-12-12T08:19:50.798-0500] {processor.py:830} INFO - Processing file /Users/evankrupa/airflow_project/env/lib/python3.11/site-packages/airflow/example_dags/example_branch_python_dop_operator_3.py for tasks to queue
[2025-12-12T08:19:50.798-0500] {logging_mixin.py:188} INFO - [2025-12-12T08:19:50.798-0500] {dagbag.py:545} INFO - Filling up the DagBag from /Users/evankrupa/airflow_project/env/lib/python3.11/site-packages/airflow/example_dags/example_branch_python_dop_operator_3.py
[2025-12-12T08:19:50.811-0500] {processor.py:840} INFO - DAG(s) 'example_branch_dop_operator_v3' retrieved from /Users/evankrupa/airflow_project/env/lib/python3.11/site-packages/airflow/example_dags/example_branch_python_dop_operator_3.py
[2025-12-12T08:19:50.839-0500] {logging_mixin.py:188} INFO - [2025-12-12T08:19:50.839-0500] {dag.py:3096} INFO - Sync 1 DAGs
[2025-12-12T08:19:50.845-0500] {logging_mixin.py:188} INFO - [2025-12-12T08:19:50.845-0500] {dag.py:3954} INFO - Setting next_dagrun for example_branch_dop_operator_v3 to 2025-12-12 13:18:00+00:00, run_after=2025-12-12 13:19:00+00:00
[2025-12-12T08:19:50.850-0500] {processor.py:183} INFO - Processing /Users/evankrupa/airflow_project/env/lib/python3.11/site-packages/airflow/example_dags/example_branch_python_dop_operator_3.py took 0.054 seconds
[2025-12-12T08:21:15.934-0500] {processor.py:161} INFO - Started process (PID=64312) to work on /Users/evankrupa/airflow_project/env/lib/python3.11/site-packages/airflow/example_dags/example_branch_python_dop_operator_3.py
[2025-12-12T08:21:15.935-0500] {processor.py:830} INFO - Processing file /Users/evankrupa/airflow_project/env/lib/python3.11/site-packages/airflow/example_dags/example_branch_python_dop_operator_3.py for tasks to queue
[2025-12-12T08:21:15.935-0500] {logging_mixin.py:188} INFO - [2025-12-12T08:21:15.935-0500] {dagbag.py:545} INFO - Filling up the DagBag from /Users/evankrupa/airflow_project/env/lib/python3.11/site-packages/airflow/example_dags/example_branch_python_dop_operator_3.py
[2025-12-12T08:21:15.948-0500] {processor.py:840} INFO - DAG(s) 'example_branch_dop_operator_v3' retrieved from /Users/evankrupa/airflow_project/env/lib/python3.11/site-packages/airflow/example_dags/example_branch_python_dop_operator_3.py
[2025-12-12T08:21:15.976-0500] {logging_mixin.py:188} INFO - [2025-12-12T08:21:15.976-0500] {dag.py:3096} INFO - Sync 1 DAGs
[2025-12-12T08:21:15.982-0500] {logging_mixin.py:188} INFO - [2025-12-12T08:21:15.982-0500] {dag.py:3954} INFO - Setting next_dagrun for example_branch_dop_operator_v3 to 2025-12-12 13:20:00+00:00, run_after=2025-12-12 13:21:00+00:00
[2025-12-12T08:21:15.989-0500] {processor.py:183} INFO - Processing /Users/evankrupa/airflow_project/env/lib/python3.11/site-packages/airflow/example_dags/example_branch_python_dop_operator_3.py took 0.056 seconds
[2025-12-12T08:22:39.089-0500] {processor.py:161} INFO - Started process (PID=64379) to work on /Users/evankrupa/airflow_project/env/lib/python3.11/site-packages/airflow/example_dags/example_branch_python_dop_operator_3.py
[2025-12-12T08:22:39.090-0500] {processor.py:830} INFO - Processing file /Users/evankrupa/airflow_project/env/lib/python3.11/site-packages/airflow/example_dags/example_branch_python_dop_operator_3.py for tasks to queue
[2025-12-12T08:22:39.090-0500] {logging_mixin.py:188} INFO - [2025-12-12T08:22:39.090-0500] {dagbag.py:545} INFO - Filling up the DagBag from /Users/evankrupa/airflow_project/env/lib/python3.11/site-packages/airflow/example_dags/example_branch_python_dop_operator_3.py
[2025-12-12T08:22:39.108-0500] {processor.py:840} INFO - DAG(s) 'example_branch_dop_operator_v3' retrieved from /Users/evankrupa/airflow_project/env/lib/python3.11/site-packages/airflow/example_dags/example_branch_python_dop_operator_3.py
[2025-12-12T08:22:39.142-0500] {logging_mixin.py:188} INFO - [2025-12-12T08:22:39.141-0500] {dag.py:3096} INFO - Sync 1 DAGs
[2025-12-12T08:22:39.150-0500] {logging_mixin.py:188} INFO - [2025-12-12T08:22:39.150-0500] {dag.py:3954} INFO - Setting next_dagrun for example_branch_dop_operator_v3 to 2025-12-12 13:21:00+00:00, run_after=2025-12-12 13:22:00+00:00
[2025-12-12T08:22:39.156-0500] {processor.py:183} INFO - Processing /Users/evankrupa/airflow_project/env/lib/python3.11/site-packages/airflow/example_dags/example_branch_python_dop_operator_3.py took 0.068 seconds
[2025-12-12T08:24:05.848-0500] {processor.py:161} INFO - Started process (PID=64454) to work on /Users/evankrupa/airflow_project/env/lib/python3.11/site-packages/airflow/example_dags/example_branch_python_dop_operator_3.py
[2025-12-12T08:24:05.850-0500] {processor.py:830} INFO - Processing file /Users/evankrupa/airflow_project/env/lib/python3.11/site-packages/airflow/example_dags/example_branch_python_dop_operator_3.py for tasks to queue
[2025-12-12T08:24:05.850-0500] {logging_mixin.py:188} INFO - [2025-12-12T08:24:05.850-0500] {dagbag.py:545} INFO - Filling up the DagBag from /Users/evankrupa/airflow_project/env/lib/python3.11/site-packages/airflow/example_dags/example_branch_python_dop_operator_3.py
[2025-12-12T08:24:05.862-0500] {processor.py:840} INFO - DAG(s) 'example_branch_dop_operator_v3' retrieved from /Users/evankrupa/airflow_project/env/lib/python3.11/site-packages/airflow/example_dags/example_branch_python_dop_operator_3.py
[2025-12-12T08:24:05.889-0500] {logging_mixin.py:188} INFO - [2025-12-12T08:24:05.888-0500] {dag.py:3096} INFO - Sync 1 DAGs
[2025-12-12T08:24:05.895-0500] {logging_mixin.py:188} INFO - [2025-12-12T08:24:05.895-0500] {dag.py:3954} INFO - Setting next_dagrun for example_branch_dop_operator_v3 to 2025-12-12 13:23:00+00:00, run_after=2025-12-12 13:24:00+00:00
[2025-12-12T08:24:05.900-0500] {processor.py:183} INFO - Processing /Users/evankrupa/airflow_project/env/lib/python3.11/site-packages/airflow/example_dags/example_branch_python_dop_operator_3.py took 0.052 seconds
[2025-12-12T08:25:26.222-0500] {processor.py:161} INFO - Started process (PID=64521) to work on /Users/evankrupa/airflow_project/env/lib/python3.11/site-packages/airflow/example_dags/example_branch_python_dop_operator_3.py
[2025-12-12T08:25:26.223-0500] {processor.py:830} INFO - Processing file /Users/evankrupa/airflow_project/env/lib/python3.11/site-packages/airflow/example_dags/example_branch_python_dop_operator_3.py for tasks to queue
[2025-12-12T08:25:26.223-0500] {logging_mixin.py:188} INFO - [2025-12-12T08:25:26.223-0500] {dagbag.py:545} INFO - Filling up the DagBag from /Users/evankrupa/airflow_project/env/lib/python3.11/site-packages/airflow/example_dags/example_branch_python_dop_operator_3.py
[2025-12-12T08:25:26.237-0500] {processor.py:840} INFO - DAG(s) 'example_branch_dop_operator_v3' retrieved from /Users/evankrupa/airflow_project/env/lib/python3.11/site-packages/airflow/example_dags/example_branch_python_dop_operator_3.py
[2025-12-12T08:25:26.296-0500] {logging_mixin.py:188} INFO - [2025-12-12T08:25:26.295-0500] {dag.py:3096} INFO - Sync 1 DAGs
[2025-12-12T08:25:26.304-0500] {logging_mixin.py:188} INFO - [2025-12-12T08:25:26.304-0500] {dag.py:3954} INFO - Setting next_dagrun for example_branch_dop_operator_v3 to 2025-12-12 13:24:00+00:00, run_after=2025-12-12 13:25:00+00:00
[2025-12-12T08:25:26.311-0500] {processor.py:183} INFO - Processing /Users/evankrupa/airflow_project/env/lib/python3.11/site-packages/airflow/example_dags/example_branch_python_dop_operator_3.py took 0.091 seconds
[2025-12-12T08:26:52.905-0500] {processor.py:161} INFO - Started process (PID=64595) to work on /Users/evankrupa/airflow_project/env/lib/python3.11/site-packages/airflow/example_dags/example_branch_python_dop_operator_3.py
[2025-12-12T08:26:52.906-0500] {processor.py:830} INFO - Processing file /Users/evankrupa/airflow_project/env/lib/python3.11/site-packages/airflow/example_dags/example_branch_python_dop_operator_3.py for tasks to queue
[2025-12-12T08:26:52.906-0500] {logging_mixin.py:188} INFO - [2025-12-12T08:26:52.906-0500] {dagbag.py:545} INFO - Filling up the DagBag from /Users/evankrupa/airflow_project/env/lib/python3.11/site-packages/airflow/example_dags/example_branch_python_dop_operator_3.py
[2025-12-12T08:26:52.919-0500] {processor.py:840} INFO - DAG(s) 'example_branch_dop_operator_v3' retrieved from /Users/evankrupa/airflow_project/env/lib/python3.11/site-packages/airflow/example_dags/example_branch_python_dop_operator_3.py
[2025-12-12T08:26:52.946-0500] {logging_mixin.py:188} INFO - [2025-12-12T08:26:52.946-0500] {dag.py:3096} INFO - Sync 1 DAGs
[2025-12-12T08:26:52.952-0500] {logging_mixin.py:188} INFO - [2025-12-12T08:26:52.952-0500] {dag.py:3954} INFO - Setting next_dagrun for example_branch_dop_operator_v3 to 2025-12-12 13:25:00+00:00, run_after=2025-12-12 13:26:00+00:00
[2025-12-12T08:26:52.957-0500] {processor.py:183} INFO - Processing /Users/evankrupa/airflow_project/env/lib/python3.11/site-packages/airflow/example_dags/example_branch_python_dop_operator_3.py took 0.053 seconds
[2025-12-12T08:28:18.995-0500] {processor.py:161} INFO - Started process (PID=64697) to work on /Users/evankrupa/airflow_project/env/lib/python3.11/site-packages/airflow/example_dags/example_branch_python_dop_operator_3.py
[2025-12-12T08:28:18.995-0500] {processor.py:830} INFO - Processing file /Users/evankrupa/airflow_project/env/lib/python3.11/site-packages/airflow/example_dags/example_branch_python_dop_operator_3.py for tasks to queue
[2025-12-12T08:28:18.996-0500] {logging_mixin.py:188} INFO - [2025-12-12T08:28:18.996-0500] {dagbag.py:545} INFO - Filling up the DagBag from /Users/evankrupa/airflow_project/env/lib/python3.11/site-packages/airflow/example_dags/example_branch_python_dop_operator_3.py
[2025-12-12T08:28:19.008-0500] {processor.py:840} INFO - DAG(s) 'example_branch_dop_operator_v3' retrieved from /Users/evankrupa/airflow_project/env/lib/python3.11/site-packages/airflow/example_dags/example_branch_python_dop_operator_3.py
[2025-12-12T08:28:19.036-0500] {logging_mixin.py:188} INFO - [2025-12-12T08:28:19.036-0500] {dag.py:3096} INFO - Sync 1 DAGs
[2025-12-12T08:28:19.042-0500] {logging_mixin.py:188} INFO - [2025-12-12T08:28:19.042-0500] {dag.py:3954} INFO - Setting next_dagrun for example_branch_dop_operator_v3 to 2025-12-12 13:27:00+00:00, run_after=2025-12-12 13:28:00+00:00
[2025-12-12T08:28:19.047-0500] {processor.py:183} INFO - Processing /Users/evankrupa/airflow_project/env/lib/python3.11/site-packages/airflow/example_dags/example_branch_python_dop_operator_3.py took 0.053 seconds
[2025-12-12T08:29:40.602-0500] {processor.py:161} INFO - Started process (PID=64772) to work on /Users/evankrupa/airflow_project/env/lib/python3.11/site-packages/airflow/example_dags/example_branch_python_dop_operator_3.py
[2025-12-12T08:29:40.603-0500] {processor.py:830} INFO - Processing file /Users/evankrupa/airflow_project/env/lib/python3.11/site-packages/airflow/example_dags/example_branch_python_dop_operator_3.py for tasks to queue
[2025-12-12T08:29:40.603-0500] {logging_mixin.py:188} INFO - [2025-12-12T08:29:40.603-0500] {dagbag.py:545} INFO - Filling up the DagBag from /Users/evankrupa/airflow_project/env/lib/python3.11/site-packages/airflow/example_dags/example_branch_python_dop_operator_3.py
[2025-12-12T08:29:40.616-0500] {processor.py:840} INFO - DAG(s) 'example_branch_dop_operator_v3' retrieved from /Users/evankrupa/airflow_project/env/lib/python3.11/site-packages/airflow/example_dags/example_branch_python_dop_operator_3.py
[2025-12-12T08:29:40.645-0500] {logging_mixin.py:188} INFO - [2025-12-12T08:29:40.645-0500] {dag.py:3096} INFO - Sync 1 DAGs
[2025-12-12T08:29:40.651-0500] {logging_mixin.py:188} INFO - [2025-12-12T08:29:40.651-0500] {dag.py:3954} INFO - Setting next_dagrun for example_branch_dop_operator_v3 to 2025-12-12 13:28:00+00:00, run_after=2025-12-12 13:29:00+00:00
[2025-12-12T08:29:40.657-0500] {processor.py:183} INFO - Processing /Users/evankrupa/airflow_project/env/lib/python3.11/site-packages/airflow/example_dags/example_branch_python_dop_operator_3.py took 0.055 seconds
[2025-12-12T08:31:02.923-0500] {processor.py:161} INFO - Started process (PID=64856) to work on /Users/evankrupa/airflow_project/env/lib/python3.11/site-packages/airflow/example_dags/example_branch_python_dop_operator_3.py
[2025-12-12T08:31:02.923-0500] {processor.py:830} INFO - Processing file /Users/evankrupa/airflow_project/env/lib/python3.11/site-packages/airflow/example_dags/example_branch_python_dop_operator_3.py for tasks to queue
[2025-12-12T08:31:02.924-0500] {logging_mixin.py:188} INFO - [2025-12-12T08:31:02.924-0500] {dagbag.py:545} INFO - Filling up the DagBag from /Users/evankrupa/airflow_project/env/lib/python3.11/site-packages/airflow/example_dags/example_branch_python_dop_operator_3.py
[2025-12-12T08:31:02.937-0500] {processor.py:840} INFO - DAG(s) 'example_branch_dop_operator_v3' retrieved from /Users/evankrupa/airflow_project/env/lib/python3.11/site-packages/airflow/example_dags/example_branch_python_dop_operator_3.py
[2025-12-12T08:31:02.970-0500] {logging_mixin.py:188} INFO - [2025-12-12T08:31:02.970-0500] {dag.py:3096} INFO - Sync 1 DAGs
[2025-12-12T08:31:02.977-0500] {logging_mixin.py:188} INFO - [2025-12-12T08:31:02.977-0500] {dag.py:3954} INFO - Setting next_dagrun for example_branch_dop_operator_v3 to 2025-12-12 13:30:00+00:00, run_after=2025-12-12 13:31:00+00:00
[2025-12-12T08:31:02.984-0500] {processor.py:183} INFO - Processing /Users/evankrupa/airflow_project/env/lib/python3.11/site-packages/airflow/example_dags/example_branch_python_dop_operator_3.py took 0.062 seconds
[2025-12-12T08:32:26.526-0500] {processor.py:161} INFO - Started process (PID=64945) to work on /Users/evankrupa/airflow_project/env/lib/python3.11/site-packages/airflow/example_dags/example_branch_python_dop_operator_3.py
[2025-12-12T08:32:26.527-0500] {processor.py:830} INFO - Processing file /Users/evankrupa/airflow_project/env/lib/python3.11/site-packages/airflow/example_dags/example_branch_python_dop_operator_3.py for tasks to queue
[2025-12-12T08:32:26.527-0500] {logging_mixin.py:188} INFO - [2025-12-12T08:32:26.527-0500] {dagbag.py:545} INFO - Filling up the DagBag from /Users/evankrupa/airflow_project/env/lib/python3.11/site-packages/airflow/example_dags/example_branch_python_dop_operator_3.py
[2025-12-12T08:32:26.540-0500] {processor.py:840} INFO - DAG(s) 'example_branch_dop_operator_v3' retrieved from /Users/evankrupa/airflow_project/env/lib/python3.11/site-packages/airflow/example_dags/example_branch_python_dop_operator_3.py
[2025-12-12T08:32:26.567-0500] {logging_mixin.py:188} INFO - [2025-12-12T08:32:26.567-0500] {dag.py:3096} INFO - Sync 1 DAGs
[2025-12-12T08:32:26.573-0500] {logging_mixin.py:188} INFO - [2025-12-12T08:32:26.573-0500] {dag.py:3954} INFO - Setting next_dagrun for example_branch_dop_operator_v3 to 2025-12-12 13:31:00+00:00, run_after=2025-12-12 13:32:00+00:00
[2025-12-12T08:32:26.578-0500] {processor.py:183} INFO - Processing /Users/evankrupa/airflow_project/env/lib/python3.11/site-packages/airflow/example_dags/example_branch_python_dop_operator_3.py took 0.053 seconds
[2025-12-12T08:33:51.468-0500] {processor.py:161} INFO - Started process (PID=65039) to work on /Users/evankrupa/airflow_project/env/lib/python3.11/site-packages/airflow/example_dags/example_branch_python_dop_operator_3.py
[2025-12-12T08:33:51.469-0500] {processor.py:830} INFO - Processing file /Users/evankrupa/airflow_project/env/lib/python3.11/site-packages/airflow/example_dags/example_branch_python_dop_operator_3.py for tasks to queue
[2025-12-12T08:33:51.470-0500] {logging_mixin.py:188} INFO - [2025-12-12T08:33:51.470-0500] {dagbag.py:545} INFO - Filling up the DagBag from /Users/evankrupa/airflow_project/env/lib/python3.11/site-packages/airflow/example_dags/example_branch_python_dop_operator_3.py
[2025-12-12T08:33:51.482-0500] {processor.py:840} INFO - DAG(s) 'example_branch_dop_operator_v3' retrieved from /Users/evankrupa/airflow_project/env/lib/python3.11/site-packages/airflow/example_dags/example_branch_python_dop_operator_3.py
[2025-12-12T08:33:51.509-0500] {logging_mixin.py:188} INFO - [2025-12-12T08:33:51.509-0500] {dag.py:3096} INFO - Sync 1 DAGs
[2025-12-12T08:33:51.515-0500] {logging_mixin.py:188} INFO - [2025-12-12T08:33:51.515-0500] {dag.py:3954} INFO - Setting next_dagrun for example_branch_dop_operator_v3 to 2025-12-12 13:32:00+00:00, run_after=2025-12-12 13:33:00+00:00
[2025-12-12T08:33:51.520-0500] {processor.py:183} INFO - Processing /Users/evankrupa/airflow_project/env/lib/python3.11/site-packages/airflow/example_dags/example_branch_python_dop_operator_3.py took 0.052 seconds
[2025-12-12T08:35:18.365-0500] {processor.py:161} INFO - Started process (PID=65138) to work on /Users/evankrupa/airflow_project/env/lib/python3.11/site-packages/airflow/example_dags/example_branch_python_dop_operator_3.py
[2025-12-12T08:35:18.365-0500] {processor.py:830} INFO - Processing file /Users/evankrupa/airflow_project/env/lib/python3.11/site-packages/airflow/example_dags/example_branch_python_dop_operator_3.py for tasks to queue
[2025-12-12T08:35:18.366-0500] {logging_mixin.py:188} INFO - [2025-12-12T08:35:18.366-0500] {dagbag.py:545} INFO - Filling up the DagBag from /Users/evankrupa/airflow_project/env/lib/python3.11/site-packages/airflow/example_dags/example_branch_python_dop_operator_3.py
[2025-12-12T08:35:18.379-0500] {processor.py:840} INFO - DAG(s) 'example_branch_dop_operator_v3' retrieved from /Users/evankrupa/airflow_project/env/lib/python3.11/site-packages/airflow/example_dags/example_branch_python_dop_operator_3.py
[2025-12-12T08:35:18.407-0500] {logging_mixin.py:188} INFO - [2025-12-12T08:35:18.406-0500] {dag.py:3096} INFO - Sync 1 DAGs
[2025-12-12T08:35:18.413-0500] {logging_mixin.py:188} INFO - [2025-12-12T08:35:18.413-0500] {dag.py:3954} INFO - Setting next_dagrun for example_branch_dop_operator_v3 to 2025-12-12 13:34:00+00:00, run_after=2025-12-12 13:35:00+00:00
[2025-12-12T08:35:18.418-0500] {processor.py:183} INFO - Processing /Users/evankrupa/airflow_project/env/lib/python3.11/site-packages/airflow/example_dags/example_branch_python_dop_operator_3.py took 0.054 seconds
[2025-12-12T08:36:41.315-0500] {processor.py:161} INFO - Started process (PID=65215) to work on /Users/evankrupa/airflow_project/env/lib/python3.11/site-packages/airflow/example_dags/example_branch_python_dop_operator_3.py
[2025-12-12T08:36:41.316-0500] {processor.py:830} INFO - Processing file /Users/evankrupa/airflow_project/env/lib/python3.11/site-packages/airflow/example_dags/example_branch_python_dop_operator_3.py for tasks to queue
[2025-12-12T08:36:41.316-0500] {logging_mixin.py:188} INFO - [2025-12-12T08:36:41.316-0500] {dagbag.py:545} INFO - Filling up the DagBag from /Users/evankrupa/airflow_project/env/lib/python3.11/site-packages/airflow/example_dags/example_branch_python_dop_operator_3.py
[2025-12-12T08:36:41.328-0500] {processor.py:840} INFO - DAG(s) 'example_branch_dop_operator_v3' retrieved from /Users/evankrupa/airflow_project/env/lib/python3.11/site-packages/airflow/example_dags/example_branch_python_dop_operator_3.py
[2025-12-12T08:36:41.355-0500] {logging_mixin.py:188} INFO - [2025-12-12T08:36:41.354-0500] {dag.py:3096} INFO - Sync 1 DAGs
[2025-12-12T08:36:41.360-0500] {logging_mixin.py:188} INFO - [2025-12-12T08:36:41.360-0500] {dag.py:3954} INFO - Setting next_dagrun for example_branch_dop_operator_v3 to 2025-12-12 13:35:00+00:00, run_after=2025-12-12 13:36:00+00:00
[2025-12-12T08:36:41.366-0500] {processor.py:183} INFO - Processing /Users/evankrupa/airflow_project/env/lib/python3.11/site-packages/airflow/example_dags/example_branch_python_dop_operator_3.py took 0.052 seconds
[2025-12-12T08:38:06.468-0500] {processor.py:161} INFO - Started process (PID=65284) to work on /Users/evankrupa/airflow_project/env/lib/python3.11/site-packages/airflow/example_dags/example_branch_python_dop_operator_3.py
[2025-12-12T08:38:06.470-0500] {processor.py:830} INFO - Processing file /Users/evankrupa/airflow_project/env/lib/python3.11/site-packages/airflow/example_dags/example_branch_python_dop_operator_3.py for tasks to queue
[2025-12-12T08:38:06.470-0500] {logging_mixin.py:188} INFO - [2025-12-12T08:38:06.470-0500] {dagbag.py:545} INFO - Filling up the DagBag from /Users/evankrupa/airflow_project/env/lib/python3.11/site-packages/airflow/example_dags/example_branch_python_dop_operator_3.py
[2025-12-12T08:38:06.484-0500] {processor.py:840} INFO - DAG(s) 'example_branch_dop_operator_v3' retrieved from /Users/evankrupa/airflow_project/env/lib/python3.11/site-packages/airflow/example_dags/example_branch_python_dop_operator_3.py
[2025-12-12T08:38:06.511-0500] {logging_mixin.py:188} INFO - [2025-12-12T08:38:06.511-0500] {dag.py:3096} INFO - Sync 1 DAGs
[2025-12-12T08:38:06.517-0500] {logging_mixin.py:188} INFO - [2025-12-12T08:38:06.517-0500] {dag.py:3954} INFO - Setting next_dagrun for example_branch_dop_operator_v3 to 2025-12-12 13:37:00+00:00, run_after=2025-12-12 13:38:00+00:00
[2025-12-12T08:38:06.523-0500] {processor.py:183} INFO - Processing /Users/evankrupa/airflow_project/env/lib/python3.11/site-packages/airflow/example_dags/example_branch_python_dop_operator_3.py took 0.056 seconds
[2025-12-12T08:39:28.926-0500] {processor.py:161} INFO - Started process (PID=65364) to work on /Users/evankrupa/airflow_project/env/lib/python3.11/site-packages/airflow/example_dags/example_branch_python_dop_operator_3.py
[2025-12-12T08:39:28.927-0500] {processor.py:830} INFO - Processing file /Users/evankrupa/airflow_project/env/lib/python3.11/site-packages/airflow/example_dags/example_branch_python_dop_operator_3.py for tasks to queue
[2025-12-12T08:39:28.927-0500] {logging_mixin.py:188} INFO - [2025-12-12T08:39:28.927-0500] {dagbag.py:545} INFO - Filling up the DagBag from /Users/evankrupa/airflow_project/env/lib/python3.11/site-packages/airflow/example_dags/example_branch_python_dop_operator_3.py
[2025-12-12T08:39:28.940-0500] {processor.py:840} INFO - DAG(s) 'example_branch_dop_operator_v3' retrieved from /Users/evankrupa/airflow_project/env/lib/python3.11/site-packages/airflow/example_dags/example_branch_python_dop_operator_3.py
[2025-12-12T08:39:28.967-0500] {logging_mixin.py:188} INFO - [2025-12-12T08:39:28.967-0500] {dag.py:3096} INFO - Sync 1 DAGs
[2025-12-12T08:39:28.973-0500] {logging_mixin.py:188} INFO - [2025-12-12T08:39:28.973-0500] {dag.py:3954} INFO - Setting next_dagrun for example_branch_dop_operator_v3 to 2025-12-12 13:38:00+00:00, run_after=2025-12-12 13:39:00+00:00
[2025-12-12T08:39:28.978-0500] {processor.py:183} INFO - Processing /Users/evankrupa/airflow_project/env/lib/python3.11/site-packages/airflow/example_dags/example_branch_python_dop_operator_3.py took 0.053 seconds
[2025-12-12T08:40:53.452-0500] {processor.py:161} INFO - Started process (PID=65449) to work on /Users/evankrupa/airflow_project/env/lib/python3.11/site-packages/airflow/example_dags/example_branch_python_dop_operator_3.py
[2025-12-12T08:40:53.453-0500] {processor.py:830} INFO - Processing file /Users/evankrupa/airflow_project/env/lib/python3.11/site-packages/airflow/example_dags/example_branch_python_dop_operator_3.py for tasks to queue
[2025-12-12T08:40:53.454-0500] {logging_mixin.py:188} INFO - [2025-12-12T08:40:53.453-0500] {dagbag.py:545} INFO - Filling up the DagBag from /Users/evankrupa/airflow_project/env/lib/python3.11/site-packages/airflow/example_dags/example_branch_python_dop_operator_3.py
[2025-12-12T08:40:53.466-0500] {processor.py:840} INFO - DAG(s) 'example_branch_dop_operator_v3' retrieved from /Users/evankrupa/airflow_project/env/lib/python3.11/site-packages/airflow/example_dags/example_branch_python_dop_operator_3.py
[2025-12-12T08:40:53.492-0500] {logging_mixin.py:188} INFO - [2025-12-12T08:40:53.492-0500] {dag.py:3096} INFO - Sync 1 DAGs
[2025-12-12T08:40:53.498-0500] {logging_mixin.py:188} INFO - [2025-12-12T08:40:53.498-0500] {dag.py:3954} INFO - Setting next_dagrun for example_branch_dop_operator_v3 to 2025-12-12 13:39:00+00:00, run_after=2025-12-12 13:40:00+00:00
[2025-12-12T08:40:53.504-0500] {processor.py:183} INFO - Processing /Users/evankrupa/airflow_project/env/lib/python3.11/site-packages/airflow/example_dags/example_branch_python_dop_operator_3.py took 0.052 seconds
[2025-12-12T08:42:14.726-0500] {processor.py:161} INFO - Started process (PID=65516) to work on /Users/evankrupa/airflow_project/env/lib/python3.11/site-packages/airflow/example_dags/example_branch_python_dop_operator_3.py
[2025-12-12T08:42:14.727-0500] {processor.py:830} INFO - Processing file /Users/evankrupa/airflow_project/env/lib/python3.11/site-packages/airflow/example_dags/example_branch_python_dop_operator_3.py for tasks to queue
[2025-12-12T08:42:14.727-0500] {logging_mixin.py:188} INFO - [2025-12-12T08:42:14.727-0500] {dagbag.py:545} INFO - Filling up the DagBag from /Users/evankrupa/airflow_project/env/lib/python3.11/site-packages/airflow/example_dags/example_branch_python_dop_operator_3.py
[2025-12-12T08:42:14.740-0500] {processor.py:840} INFO - DAG(s) 'example_branch_dop_operator_v3' retrieved from /Users/evankrupa/airflow_project/env/lib/python3.11/site-packages/airflow/example_dags/example_branch_python_dop_operator_3.py
[2025-12-12T08:42:14.768-0500] {logging_mixin.py:188} INFO - [2025-12-12T08:42:14.768-0500] {dag.py:3096} INFO - Sync 1 DAGs
[2025-12-12T08:42:14.774-0500] {logging_mixin.py:188} INFO - [2025-12-12T08:42:14.774-0500] {dag.py:3954} INFO - Setting next_dagrun for example_branch_dop_operator_v3 to 2025-12-12 13:41:00+00:00, run_after=2025-12-12 13:42:00+00:00
[2025-12-12T08:42:14.779-0500] {processor.py:183} INFO - Processing /Users/evankrupa/airflow_project/env/lib/python3.11/site-packages/airflow/example_dags/example_branch_python_dop_operator_3.py took 0.053 seconds
[2025-12-12T08:43:39.411-0500] {processor.py:161} INFO - Started process (PID=65601) to work on /Users/evankrupa/airflow_project/env/lib/python3.11/site-packages/airflow/example_dags/example_branch_python_dop_operator_3.py
[2025-12-12T08:43:39.412-0500] {processor.py:830} INFO - Processing file /Users/evankrupa/airflow_project/env/lib/python3.11/site-packages/airflow/example_dags/example_branch_python_dop_operator_3.py for tasks to queue
[2025-12-12T08:43:39.412-0500] {logging_mixin.py:188} INFO - [2025-12-12T08:43:39.412-0500] {dagbag.py:545} INFO - Filling up the DagBag from /Users/evankrupa/airflow_project/env/lib/python3.11/site-packages/airflow/example_dags/example_branch_python_dop_operator_3.py
[2025-12-12T08:43:39.425-0500] {processor.py:840} INFO - DAG(s) 'example_branch_dop_operator_v3' retrieved from /Users/evankrupa/airflow_project/env/lib/python3.11/site-packages/airflow/example_dags/example_branch_python_dop_operator_3.py
[2025-12-12T08:43:39.451-0500] {logging_mixin.py:188} INFO - [2025-12-12T08:43:39.451-0500] {dag.py:3096} INFO - Sync 1 DAGs
[2025-12-12T08:43:39.457-0500] {logging_mixin.py:188} INFO - [2025-12-12T08:43:39.457-0500] {dag.py:3954} INFO - Setting next_dagrun for example_branch_dop_operator_v3 to 2025-12-12 13:42:00+00:00, run_after=2025-12-12 13:43:00+00:00
[2025-12-12T08:43:39.462-0500] {processor.py:183} INFO - Processing /Users/evankrupa/airflow_project/env/lib/python3.11/site-packages/airflow/example_dags/example_branch_python_dop_operator_3.py took 0.052 seconds
[2025-12-12T08:45:02.654-0500] {processor.py:161} INFO - Started process (PID=65672) to work on /Users/evankrupa/airflow_project/env/lib/python3.11/site-packages/airflow/example_dags/example_branch_python_dop_operator_3.py
[2025-12-12T08:45:02.655-0500] {processor.py:830} INFO - Processing file /Users/evankrupa/airflow_project/env/lib/python3.11/site-packages/airflow/example_dags/example_branch_python_dop_operator_3.py for tasks to queue
[2025-12-12T08:45:02.655-0500] {logging_mixin.py:188} INFO - [2025-12-12T08:45:02.655-0500] {dagbag.py:545} INFO - Filling up the DagBag from /Users/evankrupa/airflow_project/env/lib/python3.11/site-packages/airflow/example_dags/example_branch_python_dop_operator_3.py
[2025-12-12T08:45:02.668-0500] {processor.py:840} INFO - DAG(s) 'example_branch_dop_operator_v3' retrieved from /Users/evankrupa/airflow_project/env/lib/python3.11/site-packages/airflow/example_dags/example_branch_python_dop_operator_3.py
[2025-12-12T08:45:02.695-0500] {logging_mixin.py:188} INFO - [2025-12-12T08:45:02.695-0500] {dag.py:3096} INFO - Sync 1 DAGs
[2025-12-12T08:45:02.701-0500] {logging_mixin.py:188} INFO - [2025-12-12T08:45:02.701-0500] {dag.py:3954} INFO - Setting next_dagrun for example_branch_dop_operator_v3 to 2025-12-12 13:44:00+00:00, run_after=2025-12-12 13:45:00+00:00
[2025-12-12T08:45:02.706-0500] {processor.py:183} INFO - Processing /Users/evankrupa/airflow_project/env/lib/python3.11/site-packages/airflow/example_dags/example_branch_python_dop_operator_3.py took 0.053 seconds
