[2025-12-12T07:25:49.455-0500] {processor.py:161} INFO - Started process (PID=56872) to work on /Users/evankrupa/airflow_project/env/lib/python3.11/site-packages/airflow/example_dags/example_latest_only_with_trigger.py
[2025-12-12T07:25:49.455-0500] {processor.py:830} INFO - Processing file /Users/evankrupa/airflow_project/env/lib/python3.11/site-packages/airflow/example_dags/example_latest_only_with_trigger.py for tasks to queue
[2025-12-12T07:25:49.456-0500] {logging_mixin.py:188} INFO - [2025-12-12T07:25:49.456-0500] {dagbag.py:545} INFO - Filling up the DagBag from /Users/evankrupa/airflow_project/env/lib/python3.11/site-packages/airflow/example_dags/example_latest_only_with_trigger.py
[2025-12-12T07:25:49.459-0500] {processor.py:840} INFO - DAG(s) 'latest_only_with_trigger' retrieved from /Users/evankrupa/airflow_project/env/lib/python3.11/site-packages/airflow/example_dags/example_latest_only_with_trigger.py
[2025-12-12T07:25:49.512-0500] {logging_mixin.py:188} INFO - [2025-12-12T07:25:49.512-0500] {override.py:1829} INFO - Created Permission View: can edit on DAG:latest_only_with_trigger
[2025-12-12T07:25:49.514-0500] {logging_mixin.py:188} INFO - [2025-12-12T07:25:49.514-0500] {override.py:1829} INFO - Created Permission View: can read on DAG:latest_only_with_trigger
[2025-12-12T07:25:49.516-0500] {logging_mixin.py:188} INFO - [2025-12-12T07:25:49.516-0500] {override.py:1829} INFO - Created Permission View: can delete on DAG:latest_only_with_trigger
[2025-12-12T07:25:49.516-0500] {logging_mixin.py:188} INFO - [2025-12-12T07:25:49.516-0500] {dag.py:3096} INFO - Sync 1 DAGs
[2025-12-12T07:25:49.518-0500] {logging_mixin.py:188} INFO - [2025-12-12T07:25:49.518-0500] {dag.py:3118} INFO - Creating ORM DAG for latest_only_with_trigger
[2025-12-12T07:25:49.521-0500] {logging_mixin.py:188} INFO - [2025-12-12T07:25:49.521-0500] {dag.py:3954} INFO - Setting next_dagrun for latest_only_with_trigger to 2025-12-12 08:00:00+00:00, run_after=2025-12-12 12:00:00+00:00
[2025-12-12T07:25:49.526-0500] {processor.py:183} INFO - Processing /Users/evankrupa/airflow_project/env/lib/python3.11/site-packages/airflow/example_dags/example_latest_only_with_trigger.py took 0.071 seconds
[2025-12-12T07:27:14.536-0500] {processor.py:161} INFO - Started process (PID=57496) to work on /Users/evankrupa/airflow_project/env/lib/python3.11/site-packages/airflow/example_dags/example_latest_only_with_trigger.py
[2025-12-12T07:27:14.537-0500] {processor.py:830} INFO - Processing file /Users/evankrupa/airflow_project/env/lib/python3.11/site-packages/airflow/example_dags/example_latest_only_with_trigger.py for tasks to queue
[2025-12-12T07:27:14.537-0500] {logging_mixin.py:188} INFO - [2025-12-12T07:27:14.537-0500] {dagbag.py:545} INFO - Filling up the DagBag from /Users/evankrupa/airflow_project/env/lib/python3.11/site-packages/airflow/example_dags/example_latest_only_with_trigger.py
[2025-12-12T07:27:14.540-0500] {processor.py:840} INFO - DAG(s) 'latest_only_with_trigger' retrieved from /Users/evankrupa/airflow_project/env/lib/python3.11/site-packages/airflow/example_dags/example_latest_only_with_trigger.py
[2025-12-12T07:27:14.569-0500] {logging_mixin.py:188} INFO - [2025-12-12T07:27:14.569-0500] {dag.py:3096} INFO - Sync 1 DAGs
[2025-12-12T07:27:14.574-0500] {logging_mixin.py:188} INFO - [2025-12-12T07:27:14.574-0500] {dag.py:3954} INFO - Setting next_dagrun for latest_only_with_trigger to 2025-12-12 08:00:00+00:00, run_after=2025-12-12 12:00:00+00:00
[2025-12-12T07:27:14.580-0500] {processor.py:183} INFO - Processing /Users/evankrupa/airflow_project/env/lib/python3.11/site-packages/airflow/example_dags/example_latest_only_with_trigger.py took 0.044 seconds
[2025-12-12T07:28:41.872-0500] {processor.py:161} INFO - Started process (PID=57755) to work on /Users/evankrupa/airflow_project/env/lib/python3.11/site-packages/airflow/example_dags/example_latest_only_with_trigger.py
[2025-12-12T07:28:41.873-0500] {processor.py:830} INFO - Processing file /Users/evankrupa/airflow_project/env/lib/python3.11/site-packages/airflow/example_dags/example_latest_only_with_trigger.py for tasks to queue
[2025-12-12T07:28:41.873-0500] {logging_mixin.py:188} INFO - [2025-12-12T07:28:41.873-0500] {dagbag.py:545} INFO - Filling up the DagBag from /Users/evankrupa/airflow_project/env/lib/python3.11/site-packages/airflow/example_dags/example_latest_only_with_trigger.py
[2025-12-12T07:28:41.875-0500] {processor.py:840} INFO - DAG(s) 'latest_only_with_trigger' retrieved from /Users/evankrupa/airflow_project/env/lib/python3.11/site-packages/airflow/example_dags/example_latest_only_with_trigger.py
[2025-12-12T07:28:41.905-0500] {logging_mixin.py:188} INFO - [2025-12-12T07:28:41.905-0500] {dag.py:3096} INFO - Sync 1 DAGs
[2025-12-12T07:28:41.910-0500] {logging_mixin.py:188} INFO - [2025-12-12T07:28:41.910-0500] {dag.py:3954} INFO - Setting next_dagrun for latest_only_with_trigger to 2025-12-12 08:00:00+00:00, run_after=2025-12-12 12:00:00+00:00
[2025-12-12T07:28:41.916-0500] {processor.py:183} INFO - Processing /Users/evankrupa/airflow_project/env/lib/python3.11/site-packages/airflow/example_dags/example_latest_only_with_trigger.py took 0.045 seconds
[2025-12-12T07:30:06.369-0500] {processor.py:161} INFO - Started process (PID=57990) to work on /Users/evankrupa/airflow_project/env/lib/python3.11/site-packages/airflow/example_dags/example_latest_only_with_trigger.py
[2025-12-12T07:30:06.370-0500] {processor.py:830} INFO - Processing file /Users/evankrupa/airflow_project/env/lib/python3.11/site-packages/airflow/example_dags/example_latest_only_with_trigger.py for tasks to queue
[2025-12-12T07:30:06.371-0500] {logging_mixin.py:188} INFO - [2025-12-12T07:30:06.371-0500] {dagbag.py:545} INFO - Filling up the DagBag from /Users/evankrupa/airflow_project/env/lib/python3.11/site-packages/airflow/example_dags/example_latest_only_with_trigger.py
[2025-12-12T07:30:06.375-0500] {processor.py:840} INFO - DAG(s) 'latest_only_with_trigger' retrieved from /Users/evankrupa/airflow_project/env/lib/python3.11/site-packages/airflow/example_dags/example_latest_only_with_trigger.py
[2025-12-12T07:30:06.406-0500] {logging_mixin.py:188} INFO - [2025-12-12T07:30:06.406-0500] {dag.py:3096} INFO - Sync 1 DAGs
[2025-12-12T07:30:06.412-0500] {logging_mixin.py:188} INFO - [2025-12-12T07:30:06.411-0500] {dag.py:3954} INFO - Setting next_dagrun for latest_only_with_trigger to 2025-12-12 08:00:00+00:00, run_after=2025-12-12 12:00:00+00:00
[2025-12-12T07:30:06.417-0500] {processor.py:183} INFO - Processing /Users/evankrupa/airflow_project/env/lib/python3.11/site-packages/airflow/example_dags/example_latest_only_with_trigger.py took 0.049 seconds
[2025-12-12T07:31:31.514-0500] {processor.py:161} INFO - Started process (PID=58318) to work on /Users/evankrupa/airflow_project/env/lib/python3.11/site-packages/airflow/example_dags/example_latest_only_with_trigger.py
[2025-12-12T07:31:31.515-0500] {processor.py:830} INFO - Processing file /Users/evankrupa/airflow_project/env/lib/python3.11/site-packages/airflow/example_dags/example_latest_only_with_trigger.py for tasks to queue
[2025-12-12T07:31:31.515-0500] {logging_mixin.py:188} INFO - [2025-12-12T07:31:31.515-0500] {dagbag.py:545} INFO - Filling up the DagBag from /Users/evankrupa/airflow_project/env/lib/python3.11/site-packages/airflow/example_dags/example_latest_only_with_trigger.py
[2025-12-12T07:31:31.518-0500] {processor.py:840} INFO - DAG(s) 'latest_only_with_trigger' retrieved from /Users/evankrupa/airflow_project/env/lib/python3.11/site-packages/airflow/example_dags/example_latest_only_with_trigger.py
[2025-12-12T07:31:31.546-0500] {logging_mixin.py:188} INFO - [2025-12-12T07:31:31.546-0500] {dag.py:3096} INFO - Sync 1 DAGs
[2025-12-12T07:31:31.552-0500] {logging_mixin.py:188} INFO - [2025-12-12T07:31:31.552-0500] {dag.py:3954} INFO - Setting next_dagrun for latest_only_with_trigger to 2025-12-12 08:00:00+00:00, run_after=2025-12-12 12:00:00+00:00
[2025-12-12T07:31:31.558-0500] {processor.py:183} INFO - Processing /Users/evankrupa/airflow_project/env/lib/python3.11/site-packages/airflow/example_dags/example_latest_only_with_trigger.py took 0.044 seconds
[2025-12-12T07:32:58.810-0500] {processor.py:161} INFO - Started process (PID=58431) to work on /Users/evankrupa/airflow_project/env/lib/python3.11/site-packages/airflow/example_dags/example_latest_only_with_trigger.py
[2025-12-12T07:32:58.810-0500] {processor.py:830} INFO - Processing file /Users/evankrupa/airflow_project/env/lib/python3.11/site-packages/airflow/example_dags/example_latest_only_with_trigger.py for tasks to queue
[2025-12-12T07:32:58.811-0500] {logging_mixin.py:188} INFO - [2025-12-12T07:32:58.811-0500] {dagbag.py:545} INFO - Filling up the DagBag from /Users/evankrupa/airflow_project/env/lib/python3.11/site-packages/airflow/example_dags/example_latest_only_with_trigger.py
[2025-12-12T07:32:58.813-0500] {processor.py:840} INFO - DAG(s) 'latest_only_with_trigger' retrieved from /Users/evankrupa/airflow_project/env/lib/python3.11/site-packages/airflow/example_dags/example_latest_only_with_trigger.py
[2025-12-12T07:32:58.841-0500] {logging_mixin.py:188} INFO - [2025-12-12T07:32:58.841-0500] {dag.py:3096} INFO - Sync 1 DAGs
[2025-12-12T07:32:58.845-0500] {logging_mixin.py:188} INFO - [2025-12-12T07:32:58.845-0500] {dag.py:3954} INFO - Setting next_dagrun for latest_only_with_trigger to 2025-12-12 08:00:00+00:00, run_after=2025-12-12 12:00:00+00:00
[2025-12-12T07:32:58.851-0500] {processor.py:183} INFO - Processing /Users/evankrupa/airflow_project/env/lib/python3.11/site-packages/airflow/example_dags/example_latest_only_with_trigger.py took 0.042 seconds
[2025-12-12T07:34:24.997-0500] {processor.py:161} INFO - Started process (PID=58507) to work on /Users/evankrupa/airflow_project/env/lib/python3.11/site-packages/airflow/example_dags/example_latest_only_with_trigger.py
[2025-12-12T07:34:24.998-0500] {processor.py:830} INFO - Processing file /Users/evankrupa/airflow_project/env/lib/python3.11/site-packages/airflow/example_dags/example_latest_only_with_trigger.py for tasks to queue
[2025-12-12T07:34:24.998-0500] {logging_mixin.py:188} INFO - [2025-12-12T07:34:24.998-0500] {dagbag.py:545} INFO - Filling up the DagBag from /Users/evankrupa/airflow_project/env/lib/python3.11/site-packages/airflow/example_dags/example_latest_only_with_trigger.py
[2025-12-12T07:34:25.001-0500] {processor.py:840} INFO - DAG(s) 'latest_only_with_trigger' retrieved from /Users/evankrupa/airflow_project/env/lib/python3.11/site-packages/airflow/example_dags/example_latest_only_with_trigger.py
[2025-12-12T07:34:25.029-0500] {logging_mixin.py:188} INFO - [2025-12-12T07:34:25.029-0500] {dag.py:3096} INFO - Sync 1 DAGs
[2025-12-12T07:34:25.033-0500] {logging_mixin.py:188} INFO - [2025-12-12T07:34:25.033-0500] {dag.py:3954} INFO - Setting next_dagrun for latest_only_with_trigger to 2025-12-12 08:00:00+00:00, run_after=2025-12-12 12:00:00+00:00
[2025-12-12T07:34:25.039-0500] {processor.py:183} INFO - Processing /Users/evankrupa/airflow_project/env/lib/python3.11/site-packages/airflow/example_dags/example_latest_only_with_trigger.py took 0.043 seconds
[2025-12-12T07:35:47.888-0500] {processor.py:161} INFO - Started process (PID=58581) to work on /Users/evankrupa/airflow_project/env/lib/python3.11/site-packages/airflow/example_dags/example_latest_only_with_trigger.py
[2025-12-12T07:35:47.889-0500] {processor.py:830} INFO - Processing file /Users/evankrupa/airflow_project/env/lib/python3.11/site-packages/airflow/example_dags/example_latest_only_with_trigger.py for tasks to queue
[2025-12-12T07:35:47.889-0500] {logging_mixin.py:188} INFO - [2025-12-12T07:35:47.889-0500] {dagbag.py:545} INFO - Filling up the DagBag from /Users/evankrupa/airflow_project/env/lib/python3.11/site-packages/airflow/example_dags/example_latest_only_with_trigger.py
[2025-12-12T07:35:47.892-0500] {processor.py:840} INFO - DAG(s) 'latest_only_with_trigger' retrieved from /Users/evankrupa/airflow_project/env/lib/python3.11/site-packages/airflow/example_dags/example_latest_only_with_trigger.py
[2025-12-12T07:35:47.919-0500] {logging_mixin.py:188} INFO - [2025-12-12T07:35:47.919-0500] {dag.py:3096} INFO - Sync 1 DAGs
[2025-12-12T07:35:47.923-0500] {logging_mixin.py:188} INFO - [2025-12-12T07:35:47.923-0500] {dag.py:3954} INFO - Setting next_dagrun for latest_only_with_trigger to 2025-12-12 08:00:00+00:00, run_after=2025-12-12 12:00:00+00:00
[2025-12-12T07:35:47.929-0500] {processor.py:183} INFO - Processing /Users/evankrupa/airflow_project/env/lib/python3.11/site-packages/airflow/example_dags/example_latest_only_with_trigger.py took 0.042 seconds
[2025-12-12T07:37:11.841-0500] {processor.py:161} INFO - Started process (PID=58650) to work on /Users/evankrupa/airflow_project/env/lib/python3.11/site-packages/airflow/example_dags/example_latest_only_with_trigger.py
[2025-12-12T07:37:11.843-0500] {processor.py:830} INFO - Processing file /Users/evankrupa/airflow_project/env/lib/python3.11/site-packages/airflow/example_dags/example_latest_only_with_trigger.py for tasks to queue
[2025-12-12T07:37:11.843-0500] {logging_mixin.py:188} INFO - [2025-12-12T07:37:11.843-0500] {dagbag.py:545} INFO - Filling up the DagBag from /Users/evankrupa/airflow_project/env/lib/python3.11/site-packages/airflow/example_dags/example_latest_only_with_trigger.py
[2025-12-12T07:37:11.845-0500] {processor.py:840} INFO - DAG(s) 'latest_only_with_trigger' retrieved from /Users/evankrupa/airflow_project/env/lib/python3.11/site-packages/airflow/example_dags/example_latest_only_with_trigger.py
[2025-12-12T07:37:11.873-0500] {logging_mixin.py:188} INFO - [2025-12-12T07:37:11.873-0500] {dag.py:3096} INFO - Sync 1 DAGs
[2025-12-12T07:37:11.878-0500] {logging_mixin.py:188} INFO - [2025-12-12T07:37:11.878-0500] {dag.py:3954} INFO - Setting next_dagrun for latest_only_with_trigger to 2025-12-12 08:00:00+00:00, run_after=2025-12-12 12:00:00+00:00
[2025-12-12T07:37:11.883-0500] {processor.py:183} INFO - Processing /Users/evankrupa/airflow_project/env/lib/python3.11/site-packages/airflow/example_dags/example_latest_only_with_trigger.py took 0.043 seconds
[2025-12-12T07:38:35.442-0500] {processor.py:161} INFO - Started process (PID=58731) to work on /Users/evankrupa/airflow_project/env/lib/python3.11/site-packages/airflow/example_dags/example_latest_only_with_trigger.py
[2025-12-12T07:38:35.443-0500] {processor.py:830} INFO - Processing file /Users/evankrupa/airflow_project/env/lib/python3.11/site-packages/airflow/example_dags/example_latest_only_with_trigger.py for tasks to queue
[2025-12-12T07:38:35.443-0500] {logging_mixin.py:188} INFO - [2025-12-12T07:38:35.443-0500] {dagbag.py:545} INFO - Filling up the DagBag from /Users/evankrupa/airflow_project/env/lib/python3.11/site-packages/airflow/example_dags/example_latest_only_with_trigger.py
[2025-12-12T07:38:35.446-0500] {processor.py:840} INFO - DAG(s) 'latest_only_with_trigger' retrieved from /Users/evankrupa/airflow_project/env/lib/python3.11/site-packages/airflow/example_dags/example_latest_only_with_trigger.py
[2025-12-12T07:38:35.473-0500] {logging_mixin.py:188} INFO - [2025-12-12T07:38:35.473-0500] {dag.py:3096} INFO - Sync 1 DAGs
[2025-12-12T07:38:35.478-0500] {logging_mixin.py:188} INFO - [2025-12-12T07:38:35.478-0500] {dag.py:3954} INFO - Setting next_dagrun for latest_only_with_trigger to 2025-12-12 08:00:00+00:00, run_after=2025-12-12 12:00:00+00:00
[2025-12-12T07:38:35.483-0500] {processor.py:183} INFO - Processing /Users/evankrupa/airflow_project/env/lib/python3.11/site-packages/airflow/example_dags/example_latest_only_with_trigger.py took 0.042 seconds
[2025-12-12T07:40:02.630-0500] {processor.py:161} INFO - Started process (PID=58851) to work on /Users/evankrupa/airflow_project/env/lib/python3.11/site-packages/airflow/example_dags/example_latest_only_with_trigger.py
[2025-12-12T07:40:02.630-0500] {processor.py:830} INFO - Processing file /Users/evankrupa/airflow_project/env/lib/python3.11/site-packages/airflow/example_dags/example_latest_only_with_trigger.py for tasks to queue
[2025-12-12T07:40:02.631-0500] {logging_mixin.py:188} INFO - [2025-12-12T07:40:02.631-0500] {dagbag.py:545} INFO - Filling up the DagBag from /Users/evankrupa/airflow_project/env/lib/python3.11/site-packages/airflow/example_dags/example_latest_only_with_trigger.py
[2025-12-12T07:40:02.633-0500] {processor.py:840} INFO - DAG(s) 'latest_only_with_trigger' retrieved from /Users/evankrupa/airflow_project/env/lib/python3.11/site-packages/airflow/example_dags/example_latest_only_with_trigger.py
[2025-12-12T07:40:02.662-0500] {logging_mixin.py:188} INFO - [2025-12-12T07:40:02.661-0500] {dag.py:3096} INFO - Sync 1 DAGs
[2025-12-12T07:40:02.666-0500] {logging_mixin.py:188} INFO - [2025-12-12T07:40:02.666-0500] {dag.py:3954} INFO - Setting next_dagrun for latest_only_with_trigger to 2025-12-12 08:00:00+00:00, run_after=2025-12-12 12:00:00+00:00
[2025-12-12T07:40:02.672-0500] {processor.py:183} INFO - Processing /Users/evankrupa/airflow_project/env/lib/python3.11/site-packages/airflow/example_dags/example_latest_only_with_trigger.py took 0.043 seconds
[2025-12-12T07:41:27.892-0500] {processor.py:161} INFO - Started process (PID=58948) to work on /Users/evankrupa/airflow_project/env/lib/python3.11/site-packages/airflow/example_dags/example_latest_only_with_trigger.py
[2025-12-12T07:41:27.892-0500] {processor.py:830} INFO - Processing file /Users/evankrupa/airflow_project/env/lib/python3.11/site-packages/airflow/example_dags/example_latest_only_with_trigger.py for tasks to queue
[2025-12-12T07:41:27.893-0500] {logging_mixin.py:188} INFO - [2025-12-12T07:41:27.892-0500] {dagbag.py:545} INFO - Filling up the DagBag from /Users/evankrupa/airflow_project/env/lib/python3.11/site-packages/airflow/example_dags/example_latest_only_with_trigger.py
[2025-12-12T07:41:27.895-0500] {processor.py:840} INFO - DAG(s) 'latest_only_with_trigger' retrieved from /Users/evankrupa/airflow_project/env/lib/python3.11/site-packages/airflow/example_dags/example_latest_only_with_trigger.py
[2025-12-12T07:41:27.923-0500] {logging_mixin.py:188} INFO - [2025-12-12T07:41:27.923-0500] {dag.py:3096} INFO - Sync 1 DAGs
[2025-12-12T07:41:27.928-0500] {logging_mixin.py:188} INFO - [2025-12-12T07:41:27.928-0500] {dag.py:3954} INFO - Setting next_dagrun for latest_only_with_trigger to 2025-12-12 08:00:00+00:00, run_after=2025-12-12 12:00:00+00:00
[2025-12-12T07:41:27.933-0500] {processor.py:183} INFO - Processing /Users/evankrupa/airflow_project/env/lib/python3.11/site-packages/airflow/example_dags/example_latest_only_with_trigger.py took 0.042 seconds
[2025-12-12T07:42:51.660-0500] {processor.py:161} INFO - Started process (PID=59109) to work on /Users/evankrupa/airflow_project/env/lib/python3.11/site-packages/airflow/example_dags/example_latest_only_with_trigger.py
[2025-12-12T07:42:51.660-0500] {processor.py:830} INFO - Processing file /Users/evankrupa/airflow_project/env/lib/python3.11/site-packages/airflow/example_dags/example_latest_only_with_trigger.py for tasks to queue
[2025-12-12T07:42:51.661-0500] {logging_mixin.py:188} INFO - [2025-12-12T07:42:51.661-0500] {dagbag.py:545} INFO - Filling up the DagBag from /Users/evankrupa/airflow_project/env/lib/python3.11/site-packages/airflow/example_dags/example_latest_only_with_trigger.py
[2025-12-12T07:42:51.663-0500] {processor.py:840} INFO - DAG(s) 'latest_only_with_trigger' retrieved from /Users/evankrupa/airflow_project/env/lib/python3.11/site-packages/airflow/example_dags/example_latest_only_with_trigger.py
[2025-12-12T07:42:51.692-0500] {logging_mixin.py:188} INFO - [2025-12-12T07:42:51.692-0500] {dag.py:3096} INFO - Sync 1 DAGs
[2025-12-12T07:42:51.698-0500] {logging_mixin.py:188} INFO - [2025-12-12T07:42:51.698-0500] {dag.py:3954} INFO - Setting next_dagrun for latest_only_with_trigger to 2025-12-12 08:00:00+00:00, run_after=2025-12-12 12:00:00+00:00
[2025-12-12T07:42:51.704-0500] {processor.py:183} INFO - Processing /Users/evankrupa/airflow_project/env/lib/python3.11/site-packages/airflow/example_dags/example_latest_only_with_trigger.py took 0.045 seconds
[2025-12-12T07:44:15.933-0500] {processor.py:161} INFO - Started process (PID=59196) to work on /Users/evankrupa/airflow_project/env/lib/python3.11/site-packages/airflow/example_dags/example_latest_only_with_trigger.py
[2025-12-12T07:44:15.934-0500] {processor.py:830} INFO - Processing file /Users/evankrupa/airflow_project/env/lib/python3.11/site-packages/airflow/example_dags/example_latest_only_with_trigger.py for tasks to queue
[2025-12-12T07:44:15.934-0500] {logging_mixin.py:188} INFO - [2025-12-12T07:44:15.934-0500] {dagbag.py:545} INFO - Filling up the DagBag from /Users/evankrupa/airflow_project/env/lib/python3.11/site-packages/airflow/example_dags/example_latest_only_with_trigger.py
[2025-12-12T07:44:15.937-0500] {processor.py:840} INFO - DAG(s) 'latest_only_with_trigger' retrieved from /Users/evankrupa/airflow_project/env/lib/python3.11/site-packages/airflow/example_dags/example_latest_only_with_trigger.py
[2025-12-12T07:44:15.964-0500] {logging_mixin.py:188} INFO - [2025-12-12T07:44:15.964-0500] {dag.py:3096} INFO - Sync 1 DAGs
[2025-12-12T07:44:15.969-0500] {logging_mixin.py:188} INFO - [2025-12-12T07:44:15.968-0500] {dag.py:3954} INFO - Setting next_dagrun for latest_only_with_trigger to 2025-12-12 08:00:00+00:00, run_after=2025-12-12 12:00:00+00:00
[2025-12-12T07:44:15.974-0500] {processor.py:183} INFO - Processing /Users/evankrupa/airflow_project/env/lib/python3.11/site-packages/airflow/example_dags/example_latest_only_with_trigger.py took 0.042 seconds
[2025-12-12T07:45:42.382-0500] {processor.py:161} INFO - Started process (PID=59278) to work on /Users/evankrupa/airflow_project/env/lib/python3.11/site-packages/airflow/example_dags/example_latest_only_with_trigger.py
[2025-12-12T07:45:42.382-0500] {processor.py:830} INFO - Processing file /Users/evankrupa/airflow_project/env/lib/python3.11/site-packages/airflow/example_dags/example_latest_only_with_trigger.py for tasks to queue
[2025-12-12T07:45:42.383-0500] {logging_mixin.py:188} INFO - [2025-12-12T07:45:42.383-0500] {dagbag.py:545} INFO - Filling up the DagBag from /Users/evankrupa/airflow_project/env/lib/python3.11/site-packages/airflow/example_dags/example_latest_only_with_trigger.py
[2025-12-12T07:45:42.385-0500] {processor.py:840} INFO - DAG(s) 'latest_only_with_trigger' retrieved from /Users/evankrupa/airflow_project/env/lib/python3.11/site-packages/airflow/example_dags/example_latest_only_with_trigger.py
[2025-12-12T07:45:42.414-0500] {logging_mixin.py:188} INFO - [2025-12-12T07:45:42.414-0500] {dag.py:3096} INFO - Sync 1 DAGs
[2025-12-12T07:45:42.420-0500] {logging_mixin.py:188} INFO - [2025-12-12T07:45:42.419-0500] {dag.py:3954} INFO - Setting next_dagrun for latest_only_with_trigger to 2025-12-12 08:00:00+00:00, run_after=2025-12-12 12:00:00+00:00
[2025-12-12T07:45:42.426-0500] {processor.py:183} INFO - Processing /Users/evankrupa/airflow_project/env/lib/python3.11/site-packages/airflow/example_dags/example_latest_only_with_trigger.py took 0.045 seconds
[2025-12-12T07:47:06.469-0500] {processor.py:161} INFO - Started process (PID=59355) to work on /Users/evankrupa/airflow_project/env/lib/python3.11/site-packages/airflow/example_dags/example_latest_only_with_trigger.py
[2025-12-12T07:47:06.470-0500] {processor.py:830} INFO - Processing file /Users/evankrupa/airflow_project/env/lib/python3.11/site-packages/airflow/example_dags/example_latest_only_with_trigger.py for tasks to queue
[2025-12-12T07:47:06.470-0500] {logging_mixin.py:188} INFO - [2025-12-12T07:47:06.470-0500] {dagbag.py:545} INFO - Filling up the DagBag from /Users/evankrupa/airflow_project/env/lib/python3.11/site-packages/airflow/example_dags/example_latest_only_with_trigger.py
[2025-12-12T07:47:06.473-0500] {processor.py:840} INFO - DAG(s) 'latest_only_with_trigger' retrieved from /Users/evankrupa/airflow_project/env/lib/python3.11/site-packages/airflow/example_dags/example_latest_only_with_trigger.py
[2025-12-12T07:47:06.500-0500] {logging_mixin.py:188} INFO - [2025-12-12T07:47:06.500-0500] {dag.py:3096} INFO - Sync 1 DAGs
[2025-12-12T07:47:06.505-0500] {logging_mixin.py:188} INFO - [2025-12-12T07:47:06.505-0500] {dag.py:3954} INFO - Setting next_dagrun for latest_only_with_trigger to 2025-12-12 08:00:00+00:00, run_after=2025-12-12 12:00:00+00:00
[2025-12-12T07:47:06.510-0500] {processor.py:183} INFO - Processing /Users/evankrupa/airflow_project/env/lib/python3.11/site-packages/airflow/example_dags/example_latest_only_with_trigger.py took 0.042 seconds
[2025-12-12T07:48:34.008-0500] {processor.py:161} INFO - Started process (PID=59469) to work on /Users/evankrupa/airflow_project/env/lib/python3.11/site-packages/airflow/example_dags/example_latest_only_with_trigger.py
[2025-12-12T07:48:34.008-0500] {processor.py:830} INFO - Processing file /Users/evankrupa/airflow_project/env/lib/python3.11/site-packages/airflow/example_dags/example_latest_only_with_trigger.py for tasks to queue
[2025-12-12T07:48:34.008-0500] {logging_mixin.py:188} INFO - [2025-12-12T07:48:34.008-0500] {dagbag.py:545} INFO - Filling up the DagBag from /Users/evankrupa/airflow_project/env/lib/python3.11/site-packages/airflow/example_dags/example_latest_only_with_trigger.py
[2025-12-12T07:48:34.011-0500] {processor.py:840} INFO - DAG(s) 'latest_only_with_trigger' retrieved from /Users/evankrupa/airflow_project/env/lib/python3.11/site-packages/airflow/example_dags/example_latest_only_with_trigger.py
[2025-12-12T07:48:34.041-0500] {logging_mixin.py:188} INFO - [2025-12-12T07:48:34.040-0500] {dag.py:3096} INFO - Sync 1 DAGs
[2025-12-12T07:48:34.045-0500] {logging_mixin.py:188} INFO - [2025-12-12T07:48:34.045-0500] {dag.py:3954} INFO - Setting next_dagrun for latest_only_with_trigger to 2025-12-12 08:00:00+00:00, run_after=2025-12-12 12:00:00+00:00
[2025-12-12T07:48:34.051-0500] {processor.py:183} INFO - Processing /Users/evankrupa/airflow_project/env/lib/python3.11/site-packages/airflow/example_dags/example_latest_only_with_trigger.py took 0.044 seconds
[2025-12-12T07:49:59.361-0500] {processor.py:161} INFO - Started process (PID=59546) to work on /Users/evankrupa/airflow_project/env/lib/python3.11/site-packages/airflow/example_dags/example_latest_only_with_trigger.py
[2025-12-12T07:49:59.362-0500] {processor.py:830} INFO - Processing file /Users/evankrupa/airflow_project/env/lib/python3.11/site-packages/airflow/example_dags/example_latest_only_with_trigger.py for tasks to queue
[2025-12-12T07:49:59.362-0500] {logging_mixin.py:188} INFO - [2025-12-12T07:49:59.362-0500] {dagbag.py:545} INFO - Filling up the DagBag from /Users/evankrupa/airflow_project/env/lib/python3.11/site-packages/airflow/example_dags/example_latest_only_with_trigger.py
[2025-12-12T07:49:59.365-0500] {processor.py:840} INFO - DAG(s) 'latest_only_with_trigger' retrieved from /Users/evankrupa/airflow_project/env/lib/python3.11/site-packages/airflow/example_dags/example_latest_only_with_trigger.py
[2025-12-12T07:49:59.392-0500] {logging_mixin.py:188} INFO - [2025-12-12T07:49:59.392-0500] {dag.py:3096} INFO - Sync 1 DAGs
[2025-12-12T07:49:59.397-0500] {logging_mixin.py:188} INFO - [2025-12-12T07:49:59.397-0500] {dag.py:3954} INFO - Setting next_dagrun for latest_only_with_trigger to 2025-12-12 08:00:00+00:00, run_after=2025-12-12 12:00:00+00:00
[2025-12-12T07:49:59.402-0500] {processor.py:183} INFO - Processing /Users/evankrupa/airflow_project/env/lib/python3.11/site-packages/airflow/example_dags/example_latest_only_with_trigger.py took 0.042 seconds
[2025-12-12T07:51:23.822-0500] {processor.py:161} INFO - Started process (PID=59615) to work on /Users/evankrupa/airflow_project/env/lib/python3.11/site-packages/airflow/example_dags/example_latest_only_with_trigger.py
[2025-12-12T07:51:23.822-0500] {processor.py:830} INFO - Processing file /Users/evankrupa/airflow_project/env/lib/python3.11/site-packages/airflow/example_dags/example_latest_only_with_trigger.py for tasks to queue
[2025-12-12T07:51:23.822-0500] {logging_mixin.py:188} INFO - [2025-12-12T07:51:23.822-0500] {dagbag.py:545} INFO - Filling up the DagBag from /Users/evankrupa/airflow_project/env/lib/python3.11/site-packages/airflow/example_dags/example_latest_only_with_trigger.py
[2025-12-12T07:51:23.825-0500] {processor.py:840} INFO - DAG(s) 'latest_only_with_trigger' retrieved from /Users/evankrupa/airflow_project/env/lib/python3.11/site-packages/airflow/example_dags/example_latest_only_with_trigger.py
[2025-12-12T07:51:23.853-0500] {logging_mixin.py:188} INFO - [2025-12-12T07:51:23.853-0500] {dag.py:3096} INFO - Sync 1 DAGs
[2025-12-12T07:51:23.859-0500] {logging_mixin.py:188} INFO - [2025-12-12T07:51:23.859-0500] {dag.py:3954} INFO - Setting next_dagrun for latest_only_with_trigger to 2025-12-12 08:00:00+00:00, run_after=2025-12-12 12:00:00+00:00
[2025-12-12T07:51:23.865-0500] {processor.py:183} INFO - Processing /Users/evankrupa/airflow_project/env/lib/python3.11/site-packages/airflow/example_dags/example_latest_only_with_trigger.py took 0.044 seconds
[2025-12-12T07:52:47.680-0500] {processor.py:161} INFO - Started process (PID=59686) to work on /Users/evankrupa/airflow_project/env/lib/python3.11/site-packages/airflow/example_dags/example_latest_only_with_trigger.py
[2025-12-12T07:52:47.681-0500] {processor.py:830} INFO - Processing file /Users/evankrupa/airflow_project/env/lib/python3.11/site-packages/airflow/example_dags/example_latest_only_with_trigger.py for tasks to queue
[2025-12-12T07:52:47.681-0500] {logging_mixin.py:188} INFO - [2025-12-12T07:52:47.681-0500] {dagbag.py:545} INFO - Filling up the DagBag from /Users/evankrupa/airflow_project/env/lib/python3.11/site-packages/airflow/example_dags/example_latest_only_with_trigger.py
[2025-12-12T07:52:47.684-0500] {processor.py:840} INFO - DAG(s) 'latest_only_with_trigger' retrieved from /Users/evankrupa/airflow_project/env/lib/python3.11/site-packages/airflow/example_dags/example_latest_only_with_trigger.py
[2025-12-12T07:52:47.711-0500] {logging_mixin.py:188} INFO - [2025-12-12T07:52:47.711-0500] {dag.py:3096} INFO - Sync 1 DAGs
[2025-12-12T07:52:47.716-0500] {logging_mixin.py:188} INFO - [2025-12-12T07:52:47.716-0500] {dag.py:3954} INFO - Setting next_dagrun for latest_only_with_trigger to 2025-12-12 08:00:00+00:00, run_after=2025-12-12 12:00:00+00:00
[2025-12-12T07:52:47.721-0500] {processor.py:183} INFO - Processing /Users/evankrupa/airflow_project/env/lib/python3.11/site-packages/airflow/example_dags/example_latest_only_with_trigger.py took 0.042 seconds
[2025-12-12T07:54:09.679-0500] {processor.py:161} INFO - Started process (PID=59768) to work on /Users/evankrupa/airflow_project/env/lib/python3.11/site-packages/airflow/example_dags/example_latest_only_with_trigger.py
[2025-12-12T07:54:09.681-0500] {processor.py:830} INFO - Processing file /Users/evankrupa/airflow_project/env/lib/python3.11/site-packages/airflow/example_dags/example_latest_only_with_trigger.py for tasks to queue
[2025-12-12T07:54:09.681-0500] {logging_mixin.py:188} INFO - [2025-12-12T07:54:09.681-0500] {dagbag.py:545} INFO - Filling up the DagBag from /Users/evankrupa/airflow_project/env/lib/python3.11/site-packages/airflow/example_dags/example_latest_only_with_trigger.py
[2025-12-12T07:54:09.684-0500] {processor.py:840} INFO - DAG(s) 'latest_only_with_trigger' retrieved from /Users/evankrupa/airflow_project/env/lib/python3.11/site-packages/airflow/example_dags/example_latest_only_with_trigger.py
[2025-12-12T07:54:09.711-0500] {logging_mixin.py:188} INFO - [2025-12-12T07:54:09.711-0500] {dag.py:3096} INFO - Sync 1 DAGs
[2025-12-12T07:54:09.716-0500] {logging_mixin.py:188} INFO - [2025-12-12T07:54:09.716-0500] {dag.py:3954} INFO - Setting next_dagrun for latest_only_with_trigger to 2025-12-12 08:00:00+00:00, run_after=2025-12-12 12:00:00+00:00
[2025-12-12T07:54:09.722-0500] {processor.py:183} INFO - Processing /Users/evankrupa/airflow_project/env/lib/python3.11/site-packages/airflow/example_dags/example_latest_only_with_trigger.py took 0.043 seconds
[2025-12-12T07:55:35.370-0500] {processor.py:161} INFO - Started process (PID=59855) to work on /Users/evankrupa/airflow_project/env/lib/python3.11/site-packages/airflow/example_dags/example_latest_only_with_trigger.py
[2025-12-12T07:55:35.371-0500] {processor.py:830} INFO - Processing file /Users/evankrupa/airflow_project/env/lib/python3.11/site-packages/airflow/example_dags/example_latest_only_with_trigger.py for tasks to queue
[2025-12-12T07:55:35.371-0500] {logging_mixin.py:188} INFO - [2025-12-12T07:55:35.371-0500] {dagbag.py:545} INFO - Filling up the DagBag from /Users/evankrupa/airflow_project/env/lib/python3.11/site-packages/airflow/example_dags/example_latest_only_with_trigger.py
[2025-12-12T07:55:35.374-0500] {processor.py:840} INFO - DAG(s) 'latest_only_with_trigger' retrieved from /Users/evankrupa/airflow_project/env/lib/python3.11/site-packages/airflow/example_dags/example_latest_only_with_trigger.py
[2025-12-12T07:55:35.401-0500] {logging_mixin.py:188} INFO - [2025-12-12T07:55:35.401-0500] {dag.py:3096} INFO - Sync 1 DAGs
[2025-12-12T07:55:35.406-0500] {logging_mixin.py:188} INFO - [2025-12-12T07:55:35.406-0500] {dag.py:3954} INFO - Setting next_dagrun for latest_only_with_trigger to 2025-12-12 08:00:00+00:00, run_after=2025-12-12 12:00:00+00:00
[2025-12-12T07:55:35.412-0500] {processor.py:183} INFO - Processing /Users/evankrupa/airflow_project/env/lib/python3.11/site-packages/airflow/example_dags/example_latest_only_with_trigger.py took 0.043 seconds
[2025-12-12T07:56:59.997-0500] {processor.py:161} INFO - Started process (PID=59923) to work on /Users/evankrupa/airflow_project/env/lib/python3.11/site-packages/airflow/example_dags/example_latest_only_with_trigger.py
[2025-12-12T07:56:59.998-0500] {processor.py:830} INFO - Processing file /Users/evankrupa/airflow_project/env/lib/python3.11/site-packages/airflow/example_dags/example_latest_only_with_trigger.py for tasks to queue
[2025-12-12T07:56:59.998-0500] {logging_mixin.py:188} INFO - [2025-12-12T07:56:59.998-0500] {dagbag.py:545} INFO - Filling up the DagBag from /Users/evankrupa/airflow_project/env/lib/python3.11/site-packages/airflow/example_dags/example_latest_only_with_trigger.py
[2025-12-12T07:57:00.001-0500] {processor.py:840} INFO - DAG(s) 'latest_only_with_trigger' retrieved from /Users/evankrupa/airflow_project/env/lib/python3.11/site-packages/airflow/example_dags/example_latest_only_with_trigger.py
[2025-12-12T07:57:00.029-0500] {logging_mixin.py:188} INFO - [2025-12-12T07:57:00.029-0500] {dag.py:3096} INFO - Sync 1 DAGs
[2025-12-12T07:57:00.035-0500] {logging_mixin.py:188} INFO - [2025-12-12T07:57:00.034-0500] {dag.py:3954} INFO - Setting next_dagrun for latest_only_with_trigger to 2025-12-12 08:00:00+00:00, run_after=2025-12-12 12:00:00+00:00
[2025-12-12T07:57:00.040-0500] {processor.py:183} INFO - Processing /Users/evankrupa/airflow_project/env/lib/python3.11/site-packages/airflow/example_dags/example_latest_only_with_trigger.py took 0.044 seconds
[2025-12-12T07:58:23.827-0500] {processor.py:161} INFO - Started process (PID=61184) to work on /Users/evankrupa/airflow_project/env/lib/python3.11/site-packages/airflow/example_dags/example_latest_only_with_trigger.py
[2025-12-12T07:58:23.828-0500] {processor.py:830} INFO - Processing file /Users/evankrupa/airflow_project/env/lib/python3.11/site-packages/airflow/example_dags/example_latest_only_with_trigger.py for tasks to queue
[2025-12-12T07:58:23.828-0500] {logging_mixin.py:188} INFO - [2025-12-12T07:58:23.828-0500] {dagbag.py:545} INFO - Filling up the DagBag from /Users/evankrupa/airflow_project/env/lib/python3.11/site-packages/airflow/example_dags/example_latest_only_with_trigger.py
[2025-12-12T07:58:23.831-0500] {processor.py:840} INFO - DAG(s) 'latest_only_with_trigger' retrieved from /Users/evankrupa/airflow_project/env/lib/python3.11/site-packages/airflow/example_dags/example_latest_only_with_trigger.py
[2025-12-12T07:58:23.859-0500] {logging_mixin.py:188} INFO - [2025-12-12T07:58:23.859-0500] {dag.py:3096} INFO - Sync 1 DAGs
[2025-12-12T07:58:23.864-0500] {logging_mixin.py:188} INFO - [2025-12-12T07:58:23.864-0500] {dag.py:3954} INFO - Setting next_dagrun for latest_only_with_trigger to 2025-12-12 08:00:00+00:00, run_after=2025-12-12 12:00:00+00:00
[2025-12-12T07:58:23.869-0500] {processor.py:183} INFO - Processing /Users/evankrupa/airflow_project/env/lib/python3.11/site-packages/airflow/example_dags/example_latest_only_with_trigger.py took 0.043 seconds
[2025-12-12T07:59:51.016-0500] {processor.py:161} INFO - Started process (PID=62731) to work on /Users/evankrupa/airflow_project/env/lib/python3.11/site-packages/airflow/example_dags/example_latest_only_with_trigger.py
[2025-12-12T07:59:51.017-0500] {processor.py:830} INFO - Processing file /Users/evankrupa/airflow_project/env/lib/python3.11/site-packages/airflow/example_dags/example_latest_only_with_trigger.py for tasks to queue
[2025-12-12T07:59:51.017-0500] {logging_mixin.py:188} INFO - [2025-12-12T07:59:51.017-0500] {dagbag.py:545} INFO - Filling up the DagBag from /Users/evankrupa/airflow_project/env/lib/python3.11/site-packages/airflow/example_dags/example_latest_only_with_trigger.py
[2025-12-12T07:59:51.020-0500] {processor.py:840} INFO - DAG(s) 'latest_only_with_trigger' retrieved from /Users/evankrupa/airflow_project/env/lib/python3.11/site-packages/airflow/example_dags/example_latest_only_with_trigger.py
[2025-12-12T07:59:51.048-0500] {logging_mixin.py:188} INFO - [2025-12-12T07:59:51.048-0500] {dag.py:3096} INFO - Sync 1 DAGs
[2025-12-12T07:59:51.053-0500] {logging_mixin.py:188} INFO - [2025-12-12T07:59:51.053-0500] {dag.py:3954} INFO - Setting next_dagrun for latest_only_with_trigger to 2025-12-12 08:00:00+00:00, run_after=2025-12-12 12:00:00+00:00
[2025-12-12T07:59:51.059-0500] {processor.py:183} INFO - Processing /Users/evankrupa/airflow_project/env/lib/python3.11/site-packages/airflow/example_dags/example_latest_only_with_trigger.py took 0.045 seconds
[2025-12-12T08:01:11.407-0500] {processor.py:161} INFO - Started process (PID=62799) to work on /Users/evankrupa/airflow_project/env/lib/python3.11/site-packages/airflow/example_dags/example_latest_only_with_trigger.py
[2025-12-12T08:01:11.408-0500] {processor.py:830} INFO - Processing file /Users/evankrupa/airflow_project/env/lib/python3.11/site-packages/airflow/example_dags/example_latest_only_with_trigger.py for tasks to queue
[2025-12-12T08:01:11.408-0500] {logging_mixin.py:188} INFO - [2025-12-12T08:01:11.408-0500] {dagbag.py:545} INFO - Filling up the DagBag from /Users/evankrupa/airflow_project/env/lib/python3.11/site-packages/airflow/example_dags/example_latest_only_with_trigger.py
[2025-12-12T08:01:11.410-0500] {processor.py:840} INFO - DAG(s) 'latest_only_with_trigger' retrieved from /Users/evankrupa/airflow_project/env/lib/python3.11/site-packages/airflow/example_dags/example_latest_only_with_trigger.py
[2025-12-12T08:01:11.439-0500] {logging_mixin.py:188} INFO - [2025-12-12T08:01:11.439-0500] {dag.py:3096} INFO - Sync 1 DAGs
[2025-12-12T08:01:11.444-0500] {logging_mixin.py:188} INFO - [2025-12-12T08:01:11.444-0500] {dag.py:3954} INFO - Setting next_dagrun for latest_only_with_trigger to 2025-12-12 08:00:00+00:00, run_after=2025-12-12 12:00:00+00:00
[2025-12-12T08:01:11.450-0500] {processor.py:183} INFO - Processing /Users/evankrupa/airflow_project/env/lib/python3.11/site-packages/airflow/example_dags/example_latest_only_with_trigger.py took 0.044 seconds
[2025-12-12T08:02:37.359-0500] {processor.py:161} INFO - Started process (PID=62867) to work on /Users/evankrupa/airflow_project/env/lib/python3.11/site-packages/airflow/example_dags/example_latest_only_with_trigger.py
[2025-12-12T08:02:37.360-0500] {processor.py:830} INFO - Processing file /Users/evankrupa/airflow_project/env/lib/python3.11/site-packages/airflow/example_dags/example_latest_only_with_trigger.py for tasks to queue
[2025-12-12T08:02:37.361-0500] {logging_mixin.py:188} INFO - [2025-12-12T08:02:37.361-0500] {dagbag.py:545} INFO - Filling up the DagBag from /Users/evankrupa/airflow_project/env/lib/python3.11/site-packages/airflow/example_dags/example_latest_only_with_trigger.py
[2025-12-12T08:02:37.363-0500] {processor.py:840} INFO - DAG(s) 'latest_only_with_trigger' retrieved from /Users/evankrupa/airflow_project/env/lib/python3.11/site-packages/airflow/example_dags/example_latest_only_with_trigger.py
[2025-12-12T08:02:37.392-0500] {logging_mixin.py:188} INFO - [2025-12-12T08:02:37.392-0500] {dag.py:3096} INFO - Sync 1 DAGs
[2025-12-12T08:02:37.397-0500] {logging_mixin.py:188} INFO - [2025-12-12T08:02:37.397-0500] {dag.py:3954} INFO - Setting next_dagrun for latest_only_with_trigger to 2025-12-12 08:00:00+00:00, run_after=2025-12-12 12:00:00+00:00
[2025-12-12T08:02:37.403-0500] {processor.py:183} INFO - Processing /Users/evankrupa/airflow_project/env/lib/python3.11/site-packages/airflow/example_dags/example_latest_only_with_trigger.py took 0.045 seconds
[2025-12-12T08:04:04.107-0500] {processor.py:161} INFO - Started process (PID=62949) to work on /Users/evankrupa/airflow_project/env/lib/python3.11/site-packages/airflow/example_dags/example_latest_only_with_trigger.py
[2025-12-12T08:04:04.107-0500] {processor.py:830} INFO - Processing file /Users/evankrupa/airflow_project/env/lib/python3.11/site-packages/airflow/example_dags/example_latest_only_with_trigger.py for tasks to queue
[2025-12-12T08:04:04.108-0500] {logging_mixin.py:188} INFO - [2025-12-12T08:04:04.108-0500] {dagbag.py:545} INFO - Filling up the DagBag from /Users/evankrupa/airflow_project/env/lib/python3.11/site-packages/airflow/example_dags/example_latest_only_with_trigger.py
[2025-12-12T08:04:04.111-0500] {processor.py:840} INFO - DAG(s) 'latest_only_with_trigger' retrieved from /Users/evankrupa/airflow_project/env/lib/python3.11/site-packages/airflow/example_dags/example_latest_only_with_trigger.py
[2025-12-12T08:04:04.143-0500] {logging_mixin.py:188} INFO - [2025-12-12T08:04:04.143-0500] {dag.py:3096} INFO - Sync 1 DAGs
[2025-12-12T08:04:04.149-0500] {logging_mixin.py:188} INFO - [2025-12-12T08:04:04.149-0500] {dag.py:3954} INFO - Setting next_dagrun for latest_only_with_trigger to 2025-12-12 08:00:00+00:00, run_after=2025-12-12 12:00:00+00:00
[2025-12-12T08:04:04.155-0500] {processor.py:183} INFO - Processing /Users/evankrupa/airflow_project/env/lib/python3.11/site-packages/airflow/example_dags/example_latest_only_with_trigger.py took 0.049 seconds
[2025-12-12T08:05:25.645-0500] {processor.py:161} INFO - Started process (PID=63086) to work on /Users/evankrupa/airflow_project/env/lib/python3.11/site-packages/airflow/example_dags/example_latest_only_with_trigger.py
[2025-12-12T08:05:25.645-0500] {processor.py:830} INFO - Processing file /Users/evankrupa/airflow_project/env/lib/python3.11/site-packages/airflow/example_dags/example_latest_only_with_trigger.py for tasks to queue
[2025-12-12T08:05:25.646-0500] {logging_mixin.py:188} INFO - [2025-12-12T08:05:25.645-0500] {dagbag.py:545} INFO - Filling up the DagBag from /Users/evankrupa/airflow_project/env/lib/python3.11/site-packages/airflow/example_dags/example_latest_only_with_trigger.py
[2025-12-12T08:05:25.648-0500] {processor.py:840} INFO - DAG(s) 'latest_only_with_trigger' retrieved from /Users/evankrupa/airflow_project/env/lib/python3.11/site-packages/airflow/example_dags/example_latest_only_with_trigger.py
[2025-12-12T08:05:25.677-0500] {logging_mixin.py:188} INFO - [2025-12-12T08:05:25.677-0500] {dag.py:3096} INFO - Sync 1 DAGs
[2025-12-12T08:05:25.682-0500] {logging_mixin.py:188} INFO - [2025-12-12T08:05:25.682-0500] {dag.py:3954} INFO - Setting next_dagrun for latest_only_with_trigger to 2025-12-12 08:00:00+00:00, run_after=2025-12-12 12:00:00+00:00
[2025-12-12T08:05:25.688-0500] {processor.py:183} INFO - Processing /Users/evankrupa/airflow_project/env/lib/python3.11/site-packages/airflow/example_dags/example_latest_only_with_trigger.py took 0.045 seconds
[2025-12-12T08:06:51.958-0500] {processor.py:161} INFO - Started process (PID=63180) to work on /Users/evankrupa/airflow_project/env/lib/python3.11/site-packages/airflow/example_dags/example_latest_only_with_trigger.py
[2025-12-12T08:06:51.959-0500] {processor.py:830} INFO - Processing file /Users/evankrupa/airflow_project/env/lib/python3.11/site-packages/airflow/example_dags/example_latest_only_with_trigger.py for tasks to queue
[2025-12-12T08:06:51.959-0500] {logging_mixin.py:188} INFO - [2025-12-12T08:06:51.959-0500] {dagbag.py:545} INFO - Filling up the DagBag from /Users/evankrupa/airflow_project/env/lib/python3.11/site-packages/airflow/example_dags/example_latest_only_with_trigger.py
[2025-12-12T08:06:51.962-0500] {processor.py:840} INFO - DAG(s) 'latest_only_with_trigger' retrieved from /Users/evankrupa/airflow_project/env/lib/python3.11/site-packages/airflow/example_dags/example_latest_only_with_trigger.py
[2025-12-12T08:06:51.989-0500] {logging_mixin.py:188} INFO - [2025-12-12T08:06:51.989-0500] {dag.py:3096} INFO - Sync 1 DAGs
[2025-12-12T08:06:51.994-0500] {logging_mixin.py:188} INFO - [2025-12-12T08:06:51.994-0500] {dag.py:3954} INFO - Setting next_dagrun for latest_only_with_trigger to 2025-12-12 08:00:00+00:00, run_after=2025-12-12 12:00:00+00:00
[2025-12-12T08:06:51.999-0500] {processor.py:183} INFO - Processing /Users/evankrupa/airflow_project/env/lib/python3.11/site-packages/airflow/example_dags/example_latest_only_with_trigger.py took 0.042 seconds
[2025-12-12T08:08:21.799-0500] {processor.py:161} INFO - Started process (PID=63687) to work on /Users/evankrupa/airflow_project/env/lib/python3.11/site-packages/airflow/example_dags/example_latest_only_with_trigger.py
[2025-12-12T08:08:21.800-0500] {processor.py:830} INFO - Processing file /Users/evankrupa/airflow_project/env/lib/python3.11/site-packages/airflow/example_dags/example_latest_only_with_trigger.py for tasks to queue
[2025-12-12T08:08:21.800-0500] {logging_mixin.py:188} INFO - [2025-12-12T08:08:21.800-0500] {dagbag.py:545} INFO - Filling up the DagBag from /Users/evankrupa/airflow_project/env/lib/python3.11/site-packages/airflow/example_dags/example_latest_only_with_trigger.py
[2025-12-12T08:08:21.803-0500] {processor.py:840} INFO - DAG(s) 'latest_only_with_trigger' retrieved from /Users/evankrupa/airflow_project/env/lib/python3.11/site-packages/airflow/example_dags/example_latest_only_with_trigger.py
[2025-12-12T08:08:21.831-0500] {logging_mixin.py:188} INFO - [2025-12-12T08:08:21.831-0500] {dag.py:3096} INFO - Sync 1 DAGs
[2025-12-12T08:08:21.836-0500] {logging_mixin.py:188} INFO - [2025-12-12T08:08:21.836-0500] {dag.py:3954} INFO - Setting next_dagrun for latest_only_with_trigger to 2025-12-12 08:00:00+00:00, run_after=2025-12-12 12:00:00+00:00
[2025-12-12T08:08:21.842-0500] {processor.py:183} INFO - Processing /Users/evankrupa/airflow_project/env/lib/python3.11/site-packages/airflow/example_dags/example_latest_only_with_trigger.py took 0.044 seconds
[2025-12-12T08:09:46.864-0500] {processor.py:161} INFO - Started process (PID=63753) to work on /Users/evankrupa/airflow_project/env/lib/python3.11/site-packages/airflow/example_dags/example_latest_only_with_trigger.py
[2025-12-12T08:09:46.865-0500] {processor.py:830} INFO - Processing file /Users/evankrupa/airflow_project/env/lib/python3.11/site-packages/airflow/example_dags/example_latest_only_with_trigger.py for tasks to queue
[2025-12-12T08:09:46.865-0500] {logging_mixin.py:188} INFO - [2025-12-12T08:09:46.865-0500] {dagbag.py:545} INFO - Filling up the DagBag from /Users/evankrupa/airflow_project/env/lib/python3.11/site-packages/airflow/example_dags/example_latest_only_with_trigger.py
[2025-12-12T08:09:46.868-0500] {processor.py:840} INFO - DAG(s) 'latest_only_with_trigger' retrieved from /Users/evankrupa/airflow_project/env/lib/python3.11/site-packages/airflow/example_dags/example_latest_only_with_trigger.py
[2025-12-12T08:09:46.896-0500] {logging_mixin.py:188} INFO - [2025-12-12T08:09:46.896-0500] {dag.py:3096} INFO - Sync 1 DAGs
[2025-12-12T08:09:46.900-0500] {logging_mixin.py:188} INFO - [2025-12-12T08:09:46.900-0500] {dag.py:3954} INFO - Setting next_dagrun for latest_only_with_trigger to 2025-12-12 08:00:00+00:00, run_after=2025-12-12 12:00:00+00:00
[2025-12-12T08:09:46.906-0500] {processor.py:183} INFO - Processing /Users/evankrupa/airflow_project/env/lib/python3.11/site-packages/airflow/example_dags/example_latest_only_with_trigger.py took 0.043 seconds
[2025-12-12T08:11:15.640-0500] {processor.py:161} INFO - Started process (PID=63824) to work on /Users/evankrupa/airflow_project/env/lib/python3.11/site-packages/airflow/example_dags/example_latest_only_with_trigger.py
[2025-12-12T08:11:15.641-0500] {processor.py:830} INFO - Processing file /Users/evankrupa/airflow_project/env/lib/python3.11/site-packages/airflow/example_dags/example_latest_only_with_trigger.py for tasks to queue
[2025-12-12T08:11:15.641-0500] {logging_mixin.py:188} INFO - [2025-12-12T08:11:15.641-0500] {dagbag.py:545} INFO - Filling up the DagBag from /Users/evankrupa/airflow_project/env/lib/python3.11/site-packages/airflow/example_dags/example_latest_only_with_trigger.py
[2025-12-12T08:11:15.644-0500] {processor.py:840} INFO - DAG(s) 'latest_only_with_trigger' retrieved from /Users/evankrupa/airflow_project/env/lib/python3.11/site-packages/airflow/example_dags/example_latest_only_with_trigger.py
[2025-12-12T08:11:15.672-0500] {logging_mixin.py:188} INFO - [2025-12-12T08:11:15.672-0500] {dag.py:3096} INFO - Sync 1 DAGs
[2025-12-12T08:11:15.677-0500] {logging_mixin.py:188} INFO - [2025-12-12T08:11:15.677-0500] {dag.py:3954} INFO - Setting next_dagrun for latest_only_with_trigger to 2025-12-12 08:00:00+00:00, run_after=2025-12-12 12:00:00+00:00
[2025-12-12T08:11:15.682-0500] {processor.py:183} INFO - Processing /Users/evankrupa/airflow_project/env/lib/python3.11/site-packages/airflow/example_dags/example_latest_only_with_trigger.py took 0.043 seconds
[2025-12-12T08:12:40.657-0500] {processor.py:161} INFO - Started process (PID=63891) to work on /Users/evankrupa/airflow_project/env/lib/python3.11/site-packages/airflow/example_dags/example_latest_only_with_trigger.py
[2025-12-12T08:12:40.658-0500] {processor.py:830} INFO - Processing file /Users/evankrupa/airflow_project/env/lib/python3.11/site-packages/airflow/example_dags/example_latest_only_with_trigger.py for tasks to queue
[2025-12-12T08:12:40.658-0500] {logging_mixin.py:188} INFO - [2025-12-12T08:12:40.658-0500] {dagbag.py:545} INFO - Filling up the DagBag from /Users/evankrupa/airflow_project/env/lib/python3.11/site-packages/airflow/example_dags/example_latest_only_with_trigger.py
[2025-12-12T08:12:40.661-0500] {processor.py:840} INFO - DAG(s) 'latest_only_with_trigger' retrieved from /Users/evankrupa/airflow_project/env/lib/python3.11/site-packages/airflow/example_dags/example_latest_only_with_trigger.py
[2025-12-12T08:12:40.690-0500] {logging_mixin.py:188} INFO - [2025-12-12T08:12:40.690-0500] {dag.py:3096} INFO - Sync 1 DAGs
[2025-12-12T08:12:40.695-0500] {logging_mixin.py:188} INFO - [2025-12-12T08:12:40.695-0500] {dag.py:3954} INFO - Setting next_dagrun for latest_only_with_trigger to 2025-12-12 08:00:00+00:00, run_after=2025-12-12 12:00:00+00:00
[2025-12-12T08:12:40.700-0500] {processor.py:183} INFO - Processing /Users/evankrupa/airflow_project/env/lib/python3.11/site-packages/airflow/example_dags/example_latest_only_with_trigger.py took 0.044 seconds
[2025-12-12T08:14:02.240-0500] {processor.py:161} INFO - Started process (PID=63957) to work on /Users/evankrupa/airflow_project/env/lib/python3.11/site-packages/airflow/example_dags/example_latest_only_with_trigger.py
[2025-12-12T08:14:02.241-0500] {processor.py:830} INFO - Processing file /Users/evankrupa/airflow_project/env/lib/python3.11/site-packages/airflow/example_dags/example_latest_only_with_trigger.py for tasks to queue
[2025-12-12T08:14:02.242-0500] {logging_mixin.py:188} INFO - [2025-12-12T08:14:02.242-0500] {dagbag.py:545} INFO - Filling up the DagBag from /Users/evankrupa/airflow_project/env/lib/python3.11/site-packages/airflow/example_dags/example_latest_only_with_trigger.py
[2025-12-12T08:14:02.244-0500] {processor.py:840} INFO - DAG(s) 'latest_only_with_trigger' retrieved from /Users/evankrupa/airflow_project/env/lib/python3.11/site-packages/airflow/example_dags/example_latest_only_with_trigger.py
[2025-12-12T08:14:02.273-0500] {logging_mixin.py:188} INFO - [2025-12-12T08:14:02.273-0500] {dag.py:3096} INFO - Sync 1 DAGs
[2025-12-12T08:14:02.278-0500] {logging_mixin.py:188} INFO - [2025-12-12T08:14:02.278-0500] {dag.py:3954} INFO - Setting next_dagrun for latest_only_with_trigger to 2025-12-12 08:00:00+00:00, run_after=2025-12-12 12:00:00+00:00
[2025-12-12T08:14:02.284-0500] {processor.py:183} INFO - Processing /Users/evankrupa/airflow_project/env/lib/python3.11/site-packages/airflow/example_dags/example_latest_only_with_trigger.py took 0.044 seconds
[2025-12-12T08:15:26.184-0500] {processor.py:161} INFO - Started process (PID=64030) to work on /Users/evankrupa/airflow_project/env/lib/python3.11/site-packages/airflow/example_dags/example_latest_only_with_trigger.py
[2025-12-12T08:15:26.185-0500] {processor.py:830} INFO - Processing file /Users/evankrupa/airflow_project/env/lib/python3.11/site-packages/airflow/example_dags/example_latest_only_with_trigger.py for tasks to queue
[2025-12-12T08:15:26.186-0500] {logging_mixin.py:188} INFO - [2025-12-12T08:15:26.186-0500] {dagbag.py:545} INFO - Filling up the DagBag from /Users/evankrupa/airflow_project/env/lib/python3.11/site-packages/airflow/example_dags/example_latest_only_with_trigger.py
[2025-12-12T08:15:26.188-0500] {processor.py:840} INFO - DAG(s) 'latest_only_with_trigger' retrieved from /Users/evankrupa/airflow_project/env/lib/python3.11/site-packages/airflow/example_dags/example_latest_only_with_trigger.py
[2025-12-12T08:15:26.219-0500] {logging_mixin.py:188} INFO - [2025-12-12T08:15:26.219-0500] {dag.py:3096} INFO - Sync 1 DAGs
[2025-12-12T08:15:26.225-0500] {logging_mixin.py:188} INFO - [2025-12-12T08:15:26.225-0500] {dag.py:3954} INFO - Setting next_dagrun for latest_only_with_trigger to 2025-12-12 08:00:00+00:00, run_after=2025-12-12 12:00:00+00:00
[2025-12-12T08:15:26.232-0500] {processor.py:183} INFO - Processing /Users/evankrupa/airflow_project/env/lib/python3.11/site-packages/airflow/example_dags/example_latest_only_with_trigger.py took 0.049 seconds
[2025-12-12T08:16:49.018-0500] {processor.py:161} INFO - Started process (PID=64098) to work on /Users/evankrupa/airflow_project/env/lib/python3.11/site-packages/airflow/example_dags/example_latest_only_with_trigger.py
[2025-12-12T08:16:49.019-0500] {processor.py:830} INFO - Processing file /Users/evankrupa/airflow_project/env/lib/python3.11/site-packages/airflow/example_dags/example_latest_only_with_trigger.py for tasks to queue
[2025-12-12T08:16:49.019-0500] {logging_mixin.py:188} INFO - [2025-12-12T08:16:49.019-0500] {dagbag.py:545} INFO - Filling up the DagBag from /Users/evankrupa/airflow_project/env/lib/python3.11/site-packages/airflow/example_dags/example_latest_only_with_trigger.py
[2025-12-12T08:16:49.022-0500] {processor.py:840} INFO - DAG(s) 'latest_only_with_trigger' retrieved from /Users/evankrupa/airflow_project/env/lib/python3.11/site-packages/airflow/example_dags/example_latest_only_with_trigger.py
[2025-12-12T08:16:49.050-0500] {logging_mixin.py:188} INFO - [2025-12-12T08:16:49.049-0500] {dag.py:3096} INFO - Sync 1 DAGs
[2025-12-12T08:16:49.054-0500] {logging_mixin.py:188} INFO - [2025-12-12T08:16:49.054-0500] {dag.py:3954} INFO - Setting next_dagrun for latest_only_with_trigger to 2025-12-12 08:00:00+00:00, run_after=2025-12-12 12:00:00+00:00
[2025-12-12T08:16:49.060-0500] {processor.py:183} INFO - Processing /Users/evankrupa/airflow_project/env/lib/python3.11/site-packages/airflow/example_dags/example_latest_only_with_trigger.py took 0.042 seconds
[2025-12-12T08:18:14.531-0500] {processor.py:161} INFO - Started process (PID=64167) to work on /Users/evankrupa/airflow_project/env/lib/python3.11/site-packages/airflow/example_dags/example_latest_only_with_trigger.py
[2025-12-12T08:18:14.532-0500] {processor.py:830} INFO - Processing file /Users/evankrupa/airflow_project/env/lib/python3.11/site-packages/airflow/example_dags/example_latest_only_with_trigger.py for tasks to queue
[2025-12-12T08:18:14.532-0500] {logging_mixin.py:188} INFO - [2025-12-12T08:18:14.532-0500] {dagbag.py:545} INFO - Filling up the DagBag from /Users/evankrupa/airflow_project/env/lib/python3.11/site-packages/airflow/example_dags/example_latest_only_with_trigger.py
[2025-12-12T08:18:14.535-0500] {processor.py:840} INFO - DAG(s) 'latest_only_with_trigger' retrieved from /Users/evankrupa/airflow_project/env/lib/python3.11/site-packages/airflow/example_dags/example_latest_only_with_trigger.py
[2025-12-12T08:18:14.563-0500] {logging_mixin.py:188} INFO - [2025-12-12T08:18:14.563-0500] {dag.py:3096} INFO - Sync 1 DAGs
[2025-12-12T08:18:14.568-0500] {logging_mixin.py:188} INFO - [2025-12-12T08:18:14.568-0500] {dag.py:3954} INFO - Setting next_dagrun for latest_only_with_trigger to 2025-12-12 08:00:00+00:00, run_after=2025-12-12 12:00:00+00:00
[2025-12-12T08:18:14.574-0500] {processor.py:183} INFO - Processing /Users/evankrupa/airflow_project/env/lib/python3.11/site-packages/airflow/example_dags/example_latest_only_with_trigger.py took 0.045 seconds
[2025-12-12T08:19:37.114-0500] {processor.py:161} INFO - Started process (PID=64234) to work on /Users/evankrupa/airflow_project/env/lib/python3.11/site-packages/airflow/example_dags/example_latest_only_with_trigger.py
[2025-12-12T08:19:37.115-0500] {processor.py:830} INFO - Processing file /Users/evankrupa/airflow_project/env/lib/python3.11/site-packages/airflow/example_dags/example_latest_only_with_trigger.py for tasks to queue
[2025-12-12T08:19:37.115-0500] {logging_mixin.py:188} INFO - [2025-12-12T08:19:37.115-0500] {dagbag.py:545} INFO - Filling up the DagBag from /Users/evankrupa/airflow_project/env/lib/python3.11/site-packages/airflow/example_dags/example_latest_only_with_trigger.py
[2025-12-12T08:19:37.118-0500] {processor.py:840} INFO - DAG(s) 'latest_only_with_trigger' retrieved from /Users/evankrupa/airflow_project/env/lib/python3.11/site-packages/airflow/example_dags/example_latest_only_with_trigger.py
[2025-12-12T08:19:37.145-0500] {logging_mixin.py:188} INFO - [2025-12-12T08:19:37.145-0500] {dag.py:3096} INFO - Sync 1 DAGs
[2025-12-12T08:19:37.149-0500] {logging_mixin.py:188} INFO - [2025-12-12T08:19:37.149-0500] {dag.py:3954} INFO - Setting next_dagrun for latest_only_with_trigger to 2025-12-12 08:00:00+00:00, run_after=2025-12-12 12:00:00+00:00
[2025-12-12T08:19:37.155-0500] {processor.py:183} INFO - Processing /Users/evankrupa/airflow_project/env/lib/python3.11/site-packages/airflow/example_dags/example_latest_only_with_trigger.py took 0.043 seconds
[2025-12-12T08:21:02.324-0500] {processor.py:161} INFO - Started process (PID=64302) to work on /Users/evankrupa/airflow_project/env/lib/python3.11/site-packages/airflow/example_dags/example_latest_only_with_trigger.py
[2025-12-12T08:21:02.325-0500] {processor.py:830} INFO - Processing file /Users/evankrupa/airflow_project/env/lib/python3.11/site-packages/airflow/example_dags/example_latest_only_with_trigger.py for tasks to queue
[2025-12-12T08:21:02.325-0500] {logging_mixin.py:188} INFO - [2025-12-12T08:21:02.325-0500] {dagbag.py:545} INFO - Filling up the DagBag from /Users/evankrupa/airflow_project/env/lib/python3.11/site-packages/airflow/example_dags/example_latest_only_with_trigger.py
[2025-12-12T08:21:02.328-0500] {processor.py:840} INFO - DAG(s) 'latest_only_with_trigger' retrieved from /Users/evankrupa/airflow_project/env/lib/python3.11/site-packages/airflow/example_dags/example_latest_only_with_trigger.py
[2025-12-12T08:21:02.356-0500] {logging_mixin.py:188} INFO - [2025-12-12T08:21:02.356-0500] {dag.py:3096} INFO - Sync 1 DAGs
[2025-12-12T08:21:02.361-0500] {logging_mixin.py:188} INFO - [2025-12-12T08:21:02.361-0500] {dag.py:3954} INFO - Setting next_dagrun for latest_only_with_trigger to 2025-12-12 08:00:00+00:00, run_after=2025-12-12 12:00:00+00:00
[2025-12-12T08:21:02.367-0500] {processor.py:183} INFO - Processing /Users/evankrupa/airflow_project/env/lib/python3.11/site-packages/airflow/example_dags/example_latest_only_with_trigger.py took 0.044 seconds
[2025-12-12T08:22:24.580-0500] {processor.py:161} INFO - Started process (PID=64368) to work on /Users/evankrupa/airflow_project/env/lib/python3.11/site-packages/airflow/example_dags/example_latest_only_with_trigger.py
[2025-12-12T08:22:24.582-0500] {processor.py:830} INFO - Processing file /Users/evankrupa/airflow_project/env/lib/python3.11/site-packages/airflow/example_dags/example_latest_only_with_trigger.py for tasks to queue
[2025-12-12T08:22:24.582-0500] {logging_mixin.py:188} INFO - [2025-12-12T08:22:24.582-0500] {dagbag.py:545} INFO - Filling up the DagBag from /Users/evankrupa/airflow_project/env/lib/python3.11/site-packages/airflow/example_dags/example_latest_only_with_trigger.py
[2025-12-12T08:22:24.585-0500] {processor.py:840} INFO - DAG(s) 'latest_only_with_trigger' retrieved from /Users/evankrupa/airflow_project/env/lib/python3.11/site-packages/airflow/example_dags/example_latest_only_with_trigger.py
[2025-12-12T08:22:24.612-0500] {logging_mixin.py:188} INFO - [2025-12-12T08:22:24.612-0500] {dag.py:3096} INFO - Sync 1 DAGs
[2025-12-12T08:22:24.617-0500] {logging_mixin.py:188} INFO - [2025-12-12T08:22:24.617-0500] {dag.py:3954} INFO - Setting next_dagrun for latest_only_with_trigger to 2025-12-12 08:00:00+00:00, run_after=2025-12-12 12:00:00+00:00
[2025-12-12T08:22:24.623-0500] {processor.py:183} INFO - Processing /Users/evankrupa/airflow_project/env/lib/python3.11/site-packages/airflow/example_dags/example_latest_only_with_trigger.py took 0.043 seconds
[2025-12-12T08:23:50.884-0500] {processor.py:161} INFO - Started process (PID=64443) to work on /Users/evankrupa/airflow_project/env/lib/python3.11/site-packages/airflow/example_dags/example_latest_only_with_trigger.py
[2025-12-12T08:23:50.885-0500] {processor.py:830} INFO - Processing file /Users/evankrupa/airflow_project/env/lib/python3.11/site-packages/airflow/example_dags/example_latest_only_with_trigger.py for tasks to queue
[2025-12-12T08:23:50.885-0500] {logging_mixin.py:188} INFO - [2025-12-12T08:23:50.885-0500] {dagbag.py:545} INFO - Filling up the DagBag from /Users/evankrupa/airflow_project/env/lib/python3.11/site-packages/airflow/example_dags/example_latest_only_with_trigger.py
[2025-12-12T08:23:50.888-0500] {processor.py:840} INFO - DAG(s) 'latest_only_with_trigger' retrieved from /Users/evankrupa/airflow_project/env/lib/python3.11/site-packages/airflow/example_dags/example_latest_only_with_trigger.py
[2025-12-12T08:23:50.915-0500] {logging_mixin.py:188} INFO - [2025-12-12T08:23:50.915-0500] {dag.py:3096} INFO - Sync 1 DAGs
[2025-12-12T08:23:50.920-0500] {logging_mixin.py:188} INFO - [2025-12-12T08:23:50.920-0500] {dag.py:3954} INFO - Setting next_dagrun for latest_only_with_trigger to 2025-12-12 08:00:00+00:00, run_after=2025-12-12 12:00:00+00:00
[2025-12-12T08:23:50.926-0500] {processor.py:183} INFO - Processing /Users/evankrupa/airflow_project/env/lib/python3.11/site-packages/airflow/example_dags/example_latest_only_with_trigger.py took 0.043 seconds
[2025-12-12T08:25:12.499-0500] {processor.py:161} INFO - Started process (PID=64510) to work on /Users/evankrupa/airflow_project/env/lib/python3.11/site-packages/airflow/example_dags/example_latest_only_with_trigger.py
[2025-12-12T08:25:12.500-0500] {processor.py:830} INFO - Processing file /Users/evankrupa/airflow_project/env/lib/python3.11/site-packages/airflow/example_dags/example_latest_only_with_trigger.py for tasks to queue
[2025-12-12T08:25:12.500-0500] {logging_mixin.py:188} INFO - [2025-12-12T08:25:12.500-0500] {dagbag.py:545} INFO - Filling up the DagBag from /Users/evankrupa/airflow_project/env/lib/python3.11/site-packages/airflow/example_dags/example_latest_only_with_trigger.py
[2025-12-12T08:25:12.503-0500] {processor.py:840} INFO - DAG(s) 'latest_only_with_trigger' retrieved from /Users/evankrupa/airflow_project/env/lib/python3.11/site-packages/airflow/example_dags/example_latest_only_with_trigger.py
[2025-12-12T08:25:12.531-0500] {logging_mixin.py:188} INFO - [2025-12-12T08:25:12.531-0500] {dag.py:3096} INFO - Sync 1 DAGs
[2025-12-12T08:25:12.535-0500] {logging_mixin.py:188} INFO - [2025-12-12T08:25:12.535-0500] {dag.py:3954} INFO - Setting next_dagrun for latest_only_with_trigger to 2025-12-12 08:00:00+00:00, run_after=2025-12-12 12:00:00+00:00
[2025-12-12T08:25:12.541-0500] {processor.py:183} INFO - Processing /Users/evankrupa/airflow_project/env/lib/python3.11/site-packages/airflow/example_dags/example_latest_only_with_trigger.py took 0.043 seconds
[2025-12-12T08:26:38.493-0500] {processor.py:161} INFO - Started process (PID=64576) to work on /Users/evankrupa/airflow_project/env/lib/python3.11/site-packages/airflow/example_dags/example_latest_only_with_trigger.py
[2025-12-12T08:26:38.494-0500] {processor.py:830} INFO - Processing file /Users/evankrupa/airflow_project/env/lib/python3.11/site-packages/airflow/example_dags/example_latest_only_with_trigger.py for tasks to queue
[2025-12-12T08:26:38.494-0500] {logging_mixin.py:188} INFO - [2025-12-12T08:26:38.494-0500] {dagbag.py:545} INFO - Filling up the DagBag from /Users/evankrupa/airflow_project/env/lib/python3.11/site-packages/airflow/example_dags/example_latest_only_with_trigger.py
[2025-12-12T08:26:38.497-0500] {processor.py:840} INFO - DAG(s) 'latest_only_with_trigger' retrieved from /Users/evankrupa/airflow_project/env/lib/python3.11/site-packages/airflow/example_dags/example_latest_only_with_trigger.py
[2025-12-12T08:26:38.525-0500] {logging_mixin.py:188} INFO - [2025-12-12T08:26:38.525-0500] {dag.py:3096} INFO - Sync 1 DAGs
[2025-12-12T08:26:38.530-0500] {logging_mixin.py:188} INFO - [2025-12-12T08:26:38.530-0500] {dag.py:3954} INFO - Setting next_dagrun for latest_only_with_trigger to 2025-12-12 08:00:00+00:00, run_after=2025-12-12 12:00:00+00:00
[2025-12-12T08:26:38.535-0500] {processor.py:183} INFO - Processing /Users/evankrupa/airflow_project/env/lib/python3.11/site-packages/airflow/example_dags/example_latest_only_with_trigger.py took 0.044 seconds
[2025-12-12T08:28:05.396-0500] {processor.py:161} INFO - Started process (PID=64680) to work on /Users/evankrupa/airflow_project/env/lib/python3.11/site-packages/airflow/example_dags/example_latest_only_with_trigger.py
[2025-12-12T08:28:05.397-0500] {processor.py:830} INFO - Processing file /Users/evankrupa/airflow_project/env/lib/python3.11/site-packages/airflow/example_dags/example_latest_only_with_trigger.py for tasks to queue
[2025-12-12T08:28:05.397-0500] {logging_mixin.py:188} INFO - [2025-12-12T08:28:05.397-0500] {dagbag.py:545} INFO - Filling up the DagBag from /Users/evankrupa/airflow_project/env/lib/python3.11/site-packages/airflow/example_dags/example_latest_only_with_trigger.py
[2025-12-12T08:28:05.400-0500] {processor.py:840} INFO - DAG(s) 'latest_only_with_trigger' retrieved from /Users/evankrupa/airflow_project/env/lib/python3.11/site-packages/airflow/example_dags/example_latest_only_with_trigger.py
[2025-12-12T08:28:05.427-0500] {logging_mixin.py:188} INFO - [2025-12-12T08:28:05.427-0500] {dag.py:3096} INFO - Sync 1 DAGs
[2025-12-12T08:28:05.432-0500] {logging_mixin.py:188} INFO - [2025-12-12T08:28:05.432-0500] {dag.py:3954} INFO - Setting next_dagrun for latest_only_with_trigger to 2025-12-12 08:00:00+00:00, run_after=2025-12-12 12:00:00+00:00
[2025-12-12T08:28:05.438-0500] {processor.py:183} INFO - Processing /Users/evankrupa/airflow_project/env/lib/python3.11/site-packages/airflow/example_dags/example_latest_only_with_trigger.py took 0.042 seconds
[2025-12-12T08:29:27.633-0500] {processor.py:161} INFO - Started process (PID=64761) to work on /Users/evankrupa/airflow_project/env/lib/python3.11/site-packages/airflow/example_dags/example_latest_only_with_trigger.py
[2025-12-12T08:29:27.634-0500] {processor.py:830} INFO - Processing file /Users/evankrupa/airflow_project/env/lib/python3.11/site-packages/airflow/example_dags/example_latest_only_with_trigger.py for tasks to queue
[2025-12-12T08:29:27.634-0500] {logging_mixin.py:188} INFO - [2025-12-12T08:29:27.634-0500] {dagbag.py:545} INFO - Filling up the DagBag from /Users/evankrupa/airflow_project/env/lib/python3.11/site-packages/airflow/example_dags/example_latest_only_with_trigger.py
[2025-12-12T08:29:27.637-0500] {processor.py:840} INFO - DAG(s) 'latest_only_with_trigger' retrieved from /Users/evankrupa/airflow_project/env/lib/python3.11/site-packages/airflow/example_dags/example_latest_only_with_trigger.py
[2025-12-12T08:29:27.664-0500] {logging_mixin.py:188} INFO - [2025-12-12T08:29:27.664-0500] {dag.py:3096} INFO - Sync 1 DAGs
[2025-12-12T08:29:27.669-0500] {logging_mixin.py:188} INFO - [2025-12-12T08:29:27.669-0500] {dag.py:3954} INFO - Setting next_dagrun for latest_only_with_trigger to 2025-12-12 08:00:00+00:00, run_after=2025-12-12 12:00:00+00:00
[2025-12-12T08:29:27.674-0500] {processor.py:183} INFO - Processing /Users/evankrupa/airflow_project/env/lib/python3.11/site-packages/airflow/example_dags/example_latest_only_with_trigger.py took 0.042 seconds
[2025-12-12T08:30:48.074-0500] {processor.py:161} INFO - Started process (PID=64838) to work on /Users/evankrupa/airflow_project/env/lib/python3.11/site-packages/airflow/example_dags/example_latest_only_with_trigger.py
[2025-12-12T08:30:48.075-0500] {processor.py:830} INFO - Processing file /Users/evankrupa/airflow_project/env/lib/python3.11/site-packages/airflow/example_dags/example_latest_only_with_trigger.py for tasks to queue
[2025-12-12T08:30:48.075-0500] {logging_mixin.py:188} INFO - [2025-12-12T08:30:48.075-0500] {dagbag.py:545} INFO - Filling up the DagBag from /Users/evankrupa/airflow_project/env/lib/python3.11/site-packages/airflow/example_dags/example_latest_only_with_trigger.py
[2025-12-12T08:30:48.078-0500] {processor.py:840} INFO - DAG(s) 'latest_only_with_trigger' retrieved from /Users/evankrupa/airflow_project/env/lib/python3.11/site-packages/airflow/example_dags/example_latest_only_with_trigger.py
[2025-12-12T08:30:48.107-0500] {logging_mixin.py:188} INFO - [2025-12-12T08:30:48.106-0500] {dag.py:3096} INFO - Sync 1 DAGs
[2025-12-12T08:30:48.111-0500] {logging_mixin.py:188} INFO - [2025-12-12T08:30:48.111-0500] {dag.py:3954} INFO - Setting next_dagrun for latest_only_with_trigger to 2025-12-12 08:00:00+00:00, run_after=2025-12-12 12:00:00+00:00
[2025-12-12T08:30:48.117-0500] {processor.py:183} INFO - Processing /Users/evankrupa/airflow_project/env/lib/python3.11/site-packages/airflow/example_dags/example_latest_only_with_trigger.py took 0.044 seconds
[2025-12-12T08:32:12.250-0500] {processor.py:161} INFO - Started process (PID=64921) to work on /Users/evankrupa/airflow_project/env/lib/python3.11/site-packages/airflow/example_dags/example_latest_only_with_trigger.py
[2025-12-12T08:32:12.251-0500] {processor.py:830} INFO - Processing file /Users/evankrupa/airflow_project/env/lib/python3.11/site-packages/airflow/example_dags/example_latest_only_with_trigger.py for tasks to queue
[2025-12-12T08:32:12.251-0500] {logging_mixin.py:188} INFO - [2025-12-12T08:32:12.251-0500] {dagbag.py:545} INFO - Filling up the DagBag from /Users/evankrupa/airflow_project/env/lib/python3.11/site-packages/airflow/example_dags/example_latest_only_with_trigger.py
[2025-12-12T08:32:12.254-0500] {processor.py:840} INFO - DAG(s) 'latest_only_with_trigger' retrieved from /Users/evankrupa/airflow_project/env/lib/python3.11/site-packages/airflow/example_dags/example_latest_only_with_trigger.py
[2025-12-12T08:32:12.282-0500] {logging_mixin.py:188} INFO - [2025-12-12T08:32:12.282-0500] {dag.py:3096} INFO - Sync 1 DAGs
[2025-12-12T08:32:12.287-0500] {logging_mixin.py:188} INFO - [2025-12-12T08:32:12.287-0500] {dag.py:3954} INFO - Setting next_dagrun for latest_only_with_trigger to 2025-12-12 08:00:00+00:00, run_after=2025-12-12 12:00:00+00:00
[2025-12-12T08:32:12.293-0500] {processor.py:183} INFO - Processing /Users/evankrupa/airflow_project/env/lib/python3.11/site-packages/airflow/example_dags/example_latest_only_with_trigger.py took 0.044 seconds
[2025-12-12T08:33:37.356-0500] {processor.py:161} INFO - Started process (PID=65021) to work on /Users/evankrupa/airflow_project/env/lib/python3.11/site-packages/airflow/example_dags/example_latest_only_with_trigger.py
[2025-12-12T08:33:37.356-0500] {processor.py:830} INFO - Processing file /Users/evankrupa/airflow_project/env/lib/python3.11/site-packages/airflow/example_dags/example_latest_only_with_trigger.py for tasks to queue
[2025-12-12T08:33:37.357-0500] {logging_mixin.py:188} INFO - [2025-12-12T08:33:37.357-0500] {dagbag.py:545} INFO - Filling up the DagBag from /Users/evankrupa/airflow_project/env/lib/python3.11/site-packages/airflow/example_dags/example_latest_only_with_trigger.py
[2025-12-12T08:33:37.359-0500] {processor.py:840} INFO - DAG(s) 'latest_only_with_trigger' retrieved from /Users/evankrupa/airflow_project/env/lib/python3.11/site-packages/airflow/example_dags/example_latest_only_with_trigger.py
[2025-12-12T08:33:37.388-0500] {logging_mixin.py:188} INFO - [2025-12-12T08:33:37.388-0500] {dag.py:3096} INFO - Sync 1 DAGs
[2025-12-12T08:33:37.393-0500] {logging_mixin.py:188} INFO - [2025-12-12T08:33:37.393-0500] {dag.py:3954} INFO - Setting next_dagrun for latest_only_with_trigger to 2025-12-12 08:00:00+00:00, run_after=2025-12-12 12:00:00+00:00
[2025-12-12T08:33:37.399-0500] {processor.py:183} INFO - Processing /Users/evankrupa/airflow_project/env/lib/python3.11/site-packages/airflow/example_dags/example_latest_only_with_trigger.py took 0.044 seconds
[2025-12-12T08:35:04.932-0500] {processor.py:161} INFO - Started process (PID=65120) to work on /Users/evankrupa/airflow_project/env/lib/python3.11/site-packages/airflow/example_dags/example_latest_only_with_trigger.py
[2025-12-12T08:35:04.933-0500] {processor.py:830} INFO - Processing file /Users/evankrupa/airflow_project/env/lib/python3.11/site-packages/airflow/example_dags/example_latest_only_with_trigger.py for tasks to queue
[2025-12-12T08:35:04.933-0500] {logging_mixin.py:188} INFO - [2025-12-12T08:35:04.933-0500] {dagbag.py:545} INFO - Filling up the DagBag from /Users/evankrupa/airflow_project/env/lib/python3.11/site-packages/airflow/example_dags/example_latest_only_with_trigger.py
[2025-12-12T08:35:04.938-0500] {processor.py:840} INFO - DAG(s) 'latest_only_with_trigger' retrieved from /Users/evankrupa/airflow_project/env/lib/python3.11/site-packages/airflow/example_dags/example_latest_only_with_trigger.py
[2025-12-12T08:35:04.968-0500] {logging_mixin.py:188} INFO - [2025-12-12T08:35:04.968-0500] {dag.py:3096} INFO - Sync 1 DAGs
[2025-12-12T08:35:04.973-0500] {logging_mixin.py:188} INFO - [2025-12-12T08:35:04.973-0500] {dag.py:3954} INFO - Setting next_dagrun for latest_only_with_trigger to 2025-12-12 08:00:00+00:00, run_after=2025-12-12 12:00:00+00:00
[2025-12-12T08:35:04.979-0500] {processor.py:183} INFO - Processing /Users/evankrupa/airflow_project/env/lib/python3.11/site-packages/airflow/example_dags/example_latest_only_with_trigger.py took 0.048 seconds
[2025-12-12T08:36:28.503-0500] {processor.py:161} INFO - Started process (PID=65205) to work on /Users/evankrupa/airflow_project/env/lib/python3.11/site-packages/airflow/example_dags/example_latest_only_with_trigger.py
[2025-12-12T08:36:28.503-0500] {processor.py:830} INFO - Processing file /Users/evankrupa/airflow_project/env/lib/python3.11/site-packages/airflow/example_dags/example_latest_only_with_trigger.py for tasks to queue
[2025-12-12T08:36:28.504-0500] {logging_mixin.py:188} INFO - [2025-12-12T08:36:28.504-0500] {dagbag.py:545} INFO - Filling up the DagBag from /Users/evankrupa/airflow_project/env/lib/python3.11/site-packages/airflow/example_dags/example_latest_only_with_trigger.py
[2025-12-12T08:36:28.506-0500] {processor.py:840} INFO - DAG(s) 'latest_only_with_trigger' retrieved from /Users/evankrupa/airflow_project/env/lib/python3.11/site-packages/airflow/example_dags/example_latest_only_with_trigger.py
[2025-12-12T08:36:28.534-0500] {logging_mixin.py:188} INFO - [2025-12-12T08:36:28.534-0500] {dag.py:3096} INFO - Sync 1 DAGs
[2025-12-12T08:36:28.539-0500] {logging_mixin.py:188} INFO - [2025-12-12T08:36:28.539-0500] {dag.py:3954} INFO - Setting next_dagrun for latest_only_with_trigger to 2025-12-12 08:00:00+00:00, run_after=2025-12-12 12:00:00+00:00
[2025-12-12T08:36:28.545-0500] {processor.py:183} INFO - Processing /Users/evankrupa/airflow_project/env/lib/python3.11/site-packages/airflow/example_dags/example_latest_only_with_trigger.py took 0.043 seconds
[2025-12-12T08:37:52.454-0500] {processor.py:161} INFO - Started process (PID=65272) to work on /Users/evankrupa/airflow_project/env/lib/python3.11/site-packages/airflow/example_dags/example_latest_only_with_trigger.py
[2025-12-12T08:37:52.455-0500] {processor.py:830} INFO - Processing file /Users/evankrupa/airflow_project/env/lib/python3.11/site-packages/airflow/example_dags/example_latest_only_with_trigger.py for tasks to queue
[2025-12-12T08:37:52.455-0500] {logging_mixin.py:188} INFO - [2025-12-12T08:37:52.455-0500] {dagbag.py:545} INFO - Filling up the DagBag from /Users/evankrupa/airflow_project/env/lib/python3.11/site-packages/airflow/example_dags/example_latest_only_with_trigger.py
[2025-12-12T08:37:52.458-0500] {processor.py:840} INFO - DAG(s) 'latest_only_with_trigger' retrieved from /Users/evankrupa/airflow_project/env/lib/python3.11/site-packages/airflow/example_dags/example_latest_only_with_trigger.py
[2025-12-12T08:37:52.485-0500] {logging_mixin.py:188} INFO - [2025-12-12T08:37:52.485-0500] {dag.py:3096} INFO - Sync 1 DAGs
[2025-12-12T08:37:52.490-0500] {logging_mixin.py:188} INFO - [2025-12-12T08:37:52.490-0500] {dag.py:3954} INFO - Setting next_dagrun for latest_only_with_trigger to 2025-12-12 08:00:00+00:00, run_after=2025-12-12 12:00:00+00:00
[2025-12-12T08:37:52.496-0500] {processor.py:183} INFO - Processing /Users/evankrupa/airflow_project/env/lib/python3.11/site-packages/airflow/example_dags/example_latest_only_with_trigger.py took 0.043 seconds
[2025-12-12T08:39:15.714-0500] {processor.py:161} INFO - Started process (PID=65352) to work on /Users/evankrupa/airflow_project/env/lib/python3.11/site-packages/airflow/example_dags/example_latest_only_with_trigger.py
[2025-12-12T08:39:15.715-0500] {processor.py:830} INFO - Processing file /Users/evankrupa/airflow_project/env/lib/python3.11/site-packages/airflow/example_dags/example_latest_only_with_trigger.py for tasks to queue
[2025-12-12T08:39:15.715-0500] {logging_mixin.py:188} INFO - [2025-12-12T08:39:15.715-0500] {dagbag.py:545} INFO - Filling up the DagBag from /Users/evankrupa/airflow_project/env/lib/python3.11/site-packages/airflow/example_dags/example_latest_only_with_trigger.py
[2025-12-12T08:39:15.718-0500] {processor.py:840} INFO - DAG(s) 'latest_only_with_trigger' retrieved from /Users/evankrupa/airflow_project/env/lib/python3.11/site-packages/airflow/example_dags/example_latest_only_with_trigger.py
[2025-12-12T08:39:15.746-0500] {logging_mixin.py:188} INFO - [2025-12-12T08:39:15.746-0500] {dag.py:3096} INFO - Sync 1 DAGs
[2025-12-12T08:39:15.750-0500] {logging_mixin.py:188} INFO - [2025-12-12T08:39:15.750-0500] {dag.py:3954} INFO - Setting next_dagrun for latest_only_with_trigger to 2025-12-12 08:00:00+00:00, run_after=2025-12-12 12:00:00+00:00
[2025-12-12T08:39:15.756-0500] {processor.py:183} INFO - Processing /Users/evankrupa/airflow_project/env/lib/python3.11/site-packages/airflow/example_dags/example_latest_only_with_trigger.py took 0.043 seconds
[2025-12-12T08:40:39.064-0500] {processor.py:161} INFO - Started process (PID=65438) to work on /Users/evankrupa/airflow_project/env/lib/python3.11/site-packages/airflow/example_dags/example_latest_only_with_trigger.py
[2025-12-12T08:40:39.065-0500] {processor.py:830} INFO - Processing file /Users/evankrupa/airflow_project/env/lib/python3.11/site-packages/airflow/example_dags/example_latest_only_with_trigger.py for tasks to queue
[2025-12-12T08:40:39.066-0500] {logging_mixin.py:188} INFO - [2025-12-12T08:40:39.065-0500] {dagbag.py:545} INFO - Filling up the DagBag from /Users/evankrupa/airflow_project/env/lib/python3.11/site-packages/airflow/example_dags/example_latest_only_with_trigger.py
[2025-12-12T08:40:39.068-0500] {processor.py:840} INFO - DAG(s) 'latest_only_with_trigger' retrieved from /Users/evankrupa/airflow_project/env/lib/python3.11/site-packages/airflow/example_dags/example_latest_only_with_trigger.py
[2025-12-12T08:40:39.096-0500] {logging_mixin.py:188} INFO - [2025-12-12T08:40:39.096-0500] {dag.py:3096} INFO - Sync 1 DAGs
[2025-12-12T08:40:39.100-0500] {logging_mixin.py:188} INFO - [2025-12-12T08:40:39.100-0500] {dag.py:3954} INFO - Setting next_dagrun for latest_only_with_trigger to 2025-12-12 08:00:00+00:00, run_after=2025-12-12 12:00:00+00:00
[2025-12-12T08:40:39.106-0500] {processor.py:183} INFO - Processing /Users/evankrupa/airflow_project/env/lib/python3.11/site-packages/airflow/example_dags/example_latest_only_with_trigger.py took 0.043 seconds
[2025-12-12T08:42:01.713-0500] {processor.py:161} INFO - Started process (PID=65506) to work on /Users/evankrupa/airflow_project/env/lib/python3.11/site-packages/airflow/example_dags/example_latest_only_with_trigger.py
[2025-12-12T08:42:01.715-0500] {processor.py:830} INFO - Processing file /Users/evankrupa/airflow_project/env/lib/python3.11/site-packages/airflow/example_dags/example_latest_only_with_trigger.py for tasks to queue
[2025-12-12T08:42:01.715-0500] {logging_mixin.py:188} INFO - [2025-12-12T08:42:01.715-0500] {dagbag.py:545} INFO - Filling up the DagBag from /Users/evankrupa/airflow_project/env/lib/python3.11/site-packages/airflow/example_dags/example_latest_only_with_trigger.py
[2025-12-12T08:42:01.719-0500] {processor.py:840} INFO - DAG(s) 'latest_only_with_trigger' retrieved from /Users/evankrupa/airflow_project/env/lib/python3.11/site-packages/airflow/example_dags/example_latest_only_with_trigger.py
[2025-12-12T08:42:01.746-0500] {logging_mixin.py:188} INFO - [2025-12-12T08:42:01.746-0500] {dag.py:3096} INFO - Sync 1 DAGs
[2025-12-12T08:42:01.751-0500] {logging_mixin.py:188} INFO - [2025-12-12T08:42:01.751-0500] {dag.py:3954} INFO - Setting next_dagrun for latest_only_with_trigger to 2025-12-12 08:00:00+00:00, run_after=2025-12-12 12:00:00+00:00
[2025-12-12T08:42:01.756-0500] {processor.py:183} INFO - Processing /Users/evankrupa/airflow_project/env/lib/python3.11/site-packages/airflow/example_dags/example_latest_only_with_trigger.py took 0.044 seconds
[2025-12-12T08:43:25.052-0500] {processor.py:161} INFO - Started process (PID=65590) to work on /Users/evankrupa/airflow_project/env/lib/python3.11/site-packages/airflow/example_dags/example_latest_only_with_trigger.py
[2025-12-12T08:43:25.053-0500] {processor.py:830} INFO - Processing file /Users/evankrupa/airflow_project/env/lib/python3.11/site-packages/airflow/example_dags/example_latest_only_with_trigger.py for tasks to queue
[2025-12-12T08:43:25.053-0500] {logging_mixin.py:188} INFO - [2025-12-12T08:43:25.053-0500] {dagbag.py:545} INFO - Filling up the DagBag from /Users/evankrupa/airflow_project/env/lib/python3.11/site-packages/airflow/example_dags/example_latest_only_with_trigger.py
[2025-12-12T08:43:25.056-0500] {processor.py:840} INFO - DAG(s) 'latest_only_with_trigger' retrieved from /Users/evankrupa/airflow_project/env/lib/python3.11/site-packages/airflow/example_dags/example_latest_only_with_trigger.py
[2025-12-12T08:43:25.084-0500] {logging_mixin.py:188} INFO - [2025-12-12T08:43:25.084-0500] {dag.py:3096} INFO - Sync 1 DAGs
[2025-12-12T08:43:25.088-0500] {logging_mixin.py:188} INFO - [2025-12-12T08:43:25.088-0500] {dag.py:3954} INFO - Setting next_dagrun for latest_only_with_trigger to 2025-12-12 08:00:00+00:00, run_after=2025-12-12 12:00:00+00:00
[2025-12-12T08:43:25.094-0500] {processor.py:183} INFO - Processing /Users/evankrupa/airflow_project/env/lib/python3.11/site-packages/airflow/example_dags/example_latest_only_with_trigger.py took 0.043 seconds
[2025-12-12T08:44:48.901-0500] {processor.py:161} INFO - Started process (PID=65656) to work on /Users/evankrupa/airflow_project/env/lib/python3.11/site-packages/airflow/example_dags/example_latest_only_with_trigger.py
[2025-12-12T08:44:48.902-0500] {processor.py:830} INFO - Processing file /Users/evankrupa/airflow_project/env/lib/python3.11/site-packages/airflow/example_dags/example_latest_only_with_trigger.py for tasks to queue
[2025-12-12T08:44:48.902-0500] {logging_mixin.py:188} INFO - [2025-12-12T08:44:48.902-0500] {dagbag.py:545} INFO - Filling up the DagBag from /Users/evankrupa/airflow_project/env/lib/python3.11/site-packages/airflow/example_dags/example_latest_only_with_trigger.py
[2025-12-12T08:44:48.905-0500] {processor.py:840} INFO - DAG(s) 'latest_only_with_trigger' retrieved from /Users/evankrupa/airflow_project/env/lib/python3.11/site-packages/airflow/example_dags/example_latest_only_with_trigger.py
[2025-12-12T08:44:48.933-0500] {logging_mixin.py:188} INFO - [2025-12-12T08:44:48.933-0500] {dag.py:3096} INFO - Sync 1 DAGs
[2025-12-12T08:44:48.938-0500] {logging_mixin.py:188} INFO - [2025-12-12T08:44:48.937-0500] {dag.py:3954} INFO - Setting next_dagrun for latest_only_with_trigger to 2025-12-12 08:00:00+00:00, run_after=2025-12-12 12:00:00+00:00
[2025-12-12T08:44:48.943-0500] {processor.py:183} INFO - Processing /Users/evankrupa/airflow_project/env/lib/python3.11/site-packages/airflow/example_dags/example_latest_only_with_trigger.py took 0.043 seconds
