[2025-12-12T07:26:13.469-0500] {processor.py:161} INFO - Started process (PID=56898) to work on /Users/evankrupa/airflow_project/env/lib/python3.11/site-packages/airflow/example_dags/example_bash_decorator.py
[2025-12-12T07:26:13.469-0500] {processor.py:830} INFO - Processing file /Users/evankrupa/airflow_project/env/lib/python3.11/site-packages/airflow/example_dags/example_bash_decorator.py for tasks to queue
[2025-12-12T07:26:13.469-0500] {logging_mixin.py:188} INFO - [2025-12-12T07:26:13.469-0500] {dagbag.py:545} INFO - Filling up the DagBag from /Users/evankrupa/airflow_project/env/lib/python3.11/site-packages/airflow/example_dags/example_bash_decorator.py
[2025-12-12T07:26:13.484-0500] {processor.py:840} INFO - DAG(s) 'example_bash_decorator' retrieved from /Users/evankrupa/airflow_project/env/lib/python3.11/site-packages/airflow/example_dags/example_bash_decorator.py
[2025-12-12T07:26:13.535-0500] {logging_mixin.py:188} INFO - [2025-12-12T07:26:13.534-0500] {override.py:1829} INFO - Created Permission View: can delete on DAG:example_bash_decorator
[2025-12-12T07:26:13.537-0500] {logging_mixin.py:188} INFO - [2025-12-12T07:26:13.537-0500] {override.py:1829} INFO - Created Permission View: can edit on DAG:example_bash_decorator
[2025-12-12T07:26:13.538-0500] {logging_mixin.py:188} INFO - [2025-12-12T07:26:13.538-0500] {override.py:1829} INFO - Created Permission View: can read on DAG:example_bash_decorator
[2025-12-12T07:26:13.539-0500] {logging_mixin.py:188} INFO - [2025-12-12T07:26:13.539-0500] {dag.py:3096} INFO - Sync 1 DAGs
[2025-12-12T07:26:13.561-0500] {logging_mixin.py:188} INFO - [2025-12-12T07:26:13.560-0500] {dag.py:3118} INFO - Creating ORM DAG for example_bash_decorator
[2025-12-12T07:26:13.561-0500] {logging_mixin.py:188} INFO - [2025-12-12T07:26:13.561-0500] {dag.py:3954} INFO - Setting next_dagrun for example_bash_decorator to None, run_after=None
[2025-12-12T07:26:13.565-0500] {processor.py:183} INFO - Processing /Users/evankrupa/airflow_project/env/lib/python3.11/site-packages/airflow/example_dags/example_bash_decorator.py took 0.098 seconds
[2025-12-12T07:27:38.972-0500] {processor.py:161} INFO - Started process (PID=57533) to work on /Users/evankrupa/airflow_project/env/lib/python3.11/site-packages/airflow/example_dags/example_bash_decorator.py
[2025-12-12T07:27:38.973-0500] {processor.py:830} INFO - Processing file /Users/evankrupa/airflow_project/env/lib/python3.11/site-packages/airflow/example_dags/example_bash_decorator.py for tasks to queue
[2025-12-12T07:27:38.973-0500] {logging_mixin.py:188} INFO - [2025-12-12T07:27:38.973-0500] {dagbag.py:545} INFO - Filling up the DagBag from /Users/evankrupa/airflow_project/env/lib/python3.11/site-packages/airflow/example_dags/example_bash_decorator.py
[2025-12-12T07:27:38.987-0500] {processor.py:840} INFO - DAG(s) 'example_bash_decorator' retrieved from /Users/evankrupa/airflow_project/env/lib/python3.11/site-packages/airflow/example_dags/example_bash_decorator.py
[2025-12-12T07:27:39.048-0500] {logging_mixin.py:188} INFO - [2025-12-12T07:27:39.048-0500] {dag.py:3096} INFO - Sync 1 DAGs
[2025-12-12T07:27:39.070-0500] {logging_mixin.py:188} INFO - [2025-12-12T07:27:39.070-0500] {dag.py:3954} INFO - Setting next_dagrun for example_bash_decorator to None, run_after=None
[2025-12-12T07:27:39.076-0500] {processor.py:183} INFO - Processing /Users/evankrupa/airflow_project/env/lib/python3.11/site-packages/airflow/example_dags/example_bash_decorator.py took 0.105 seconds
[2025-12-12T07:29:04.952-0500] {processor.py:161} INFO - Started process (PID=57894) to work on /Users/evankrupa/airflow_project/env/lib/python3.11/site-packages/airflow/example_dags/example_bash_decorator.py
[2025-12-12T07:29:04.953-0500] {processor.py:830} INFO - Processing file /Users/evankrupa/airflow_project/env/lib/python3.11/site-packages/airflow/example_dags/example_bash_decorator.py for tasks to queue
[2025-12-12T07:29:04.953-0500] {logging_mixin.py:188} INFO - [2025-12-12T07:29:04.953-0500] {dagbag.py:545} INFO - Filling up the DagBag from /Users/evankrupa/airflow_project/env/lib/python3.11/site-packages/airflow/example_dags/example_bash_decorator.py
[2025-12-12T07:29:04.967-0500] {processor.py:840} INFO - DAG(s) 'example_bash_decorator' retrieved from /Users/evankrupa/airflow_project/env/lib/python3.11/site-packages/airflow/example_dags/example_bash_decorator.py
[2025-12-12T07:29:05.029-0500] {logging_mixin.py:188} INFO - [2025-12-12T07:29:05.029-0500] {dag.py:3096} INFO - Sync 1 DAGs
[2025-12-12T07:29:05.054-0500] {logging_mixin.py:188} INFO - [2025-12-12T07:29:05.054-0500] {dag.py:3954} INFO - Setting next_dagrun for example_bash_decorator to None, run_after=None
[2025-12-12T07:29:05.061-0500] {processor.py:183} INFO - Processing /Users/evankrupa/airflow_project/env/lib/python3.11/site-packages/airflow/example_dags/example_bash_decorator.py took 0.109 seconds
[2025-12-12T07:30:30.137-0500] {processor.py:161} INFO - Started process (PID=58024) to work on /Users/evankrupa/airflow_project/env/lib/python3.11/site-packages/airflow/example_dags/example_bash_decorator.py
[2025-12-12T07:30:30.140-0500] {processor.py:830} INFO - Processing file /Users/evankrupa/airflow_project/env/lib/python3.11/site-packages/airflow/example_dags/example_bash_decorator.py for tasks to queue
[2025-12-12T07:30:30.143-0500] {logging_mixin.py:188} INFO - [2025-12-12T07:30:30.143-0500] {dagbag.py:545} INFO - Filling up the DagBag from /Users/evankrupa/airflow_project/env/lib/python3.11/site-packages/airflow/example_dags/example_bash_decorator.py
[2025-12-12T07:30:30.158-0500] {processor.py:840} INFO - DAG(s) 'example_bash_decorator' retrieved from /Users/evankrupa/airflow_project/env/lib/python3.11/site-packages/airflow/example_dags/example_bash_decorator.py
[2025-12-12T07:30:30.209-0500] {logging_mixin.py:188} INFO - [2025-12-12T07:30:30.209-0500] {dag.py:3096} INFO - Sync 1 DAGs
[2025-12-12T07:30:30.233-0500] {logging_mixin.py:188} INFO - [2025-12-12T07:30:30.233-0500] {dag.py:3954} INFO - Setting next_dagrun for example_bash_decorator to None, run_after=None
[2025-12-12T07:30:30.239-0500] {processor.py:183} INFO - Processing /Users/evankrupa/airflow_project/env/lib/python3.11/site-packages/airflow/example_dags/example_bash_decorator.py took 0.103 seconds
[2025-12-12T07:31:56.684-0500] {processor.py:161} INFO - Started process (PID=58361) to work on /Users/evankrupa/airflow_project/env/lib/python3.11/site-packages/airflow/example_dags/example_bash_decorator.py
[2025-12-12T07:31:56.686-0500] {processor.py:830} INFO - Processing file /Users/evankrupa/airflow_project/env/lib/python3.11/site-packages/airflow/example_dags/example_bash_decorator.py for tasks to queue
[2025-12-12T07:31:56.686-0500] {logging_mixin.py:188} INFO - [2025-12-12T07:31:56.686-0500] {dagbag.py:545} INFO - Filling up the DagBag from /Users/evankrupa/airflow_project/env/lib/python3.11/site-packages/airflow/example_dags/example_bash_decorator.py
[2025-12-12T07:31:56.700-0500] {processor.py:840} INFO - DAG(s) 'example_bash_decorator' retrieved from /Users/evankrupa/airflow_project/env/lib/python3.11/site-packages/airflow/example_dags/example_bash_decorator.py
[2025-12-12T07:31:56.761-0500] {logging_mixin.py:188} INFO - [2025-12-12T07:31:56.761-0500] {dag.py:3096} INFO - Sync 1 DAGs
[2025-12-12T07:31:56.782-0500] {logging_mixin.py:188} INFO - [2025-12-12T07:31:56.782-0500] {dag.py:3954} INFO - Setting next_dagrun for example_bash_decorator to None, run_after=None
[2025-12-12T07:31:56.788-0500] {processor.py:183} INFO - Processing /Users/evankrupa/airflow_project/env/lib/python3.11/site-packages/airflow/example_dags/example_bash_decorator.py took 0.105 seconds
[2025-12-12T07:33:22.658-0500] {processor.py:161} INFO - Started process (PID=58449) to work on /Users/evankrupa/airflow_project/env/lib/python3.11/site-packages/airflow/example_dags/example_bash_decorator.py
[2025-12-12T07:33:22.659-0500] {processor.py:830} INFO - Processing file /Users/evankrupa/airflow_project/env/lib/python3.11/site-packages/airflow/example_dags/example_bash_decorator.py for tasks to queue
[2025-12-12T07:33:22.659-0500] {logging_mixin.py:188} INFO - [2025-12-12T07:33:22.659-0500] {dagbag.py:545} INFO - Filling up the DagBag from /Users/evankrupa/airflow_project/env/lib/python3.11/site-packages/airflow/example_dags/example_bash_decorator.py
[2025-12-12T07:33:22.689-0500] {processor.py:840} INFO - DAG(s) 'example_bash_decorator' retrieved from /Users/evankrupa/airflow_project/env/lib/python3.11/site-packages/airflow/example_dags/example_bash_decorator.py
[2025-12-12T07:33:22.757-0500] {logging_mixin.py:188} INFO - [2025-12-12T07:33:22.757-0500] {dag.py:3096} INFO - Sync 1 DAGs
[2025-12-12T07:33:22.781-0500] {logging_mixin.py:188} INFO - [2025-12-12T07:33:22.781-0500] {dag.py:3954} INFO - Setting next_dagrun for example_bash_decorator to None, run_after=None
[2025-12-12T07:33:22.787-0500] {processor.py:183} INFO - Processing /Users/evankrupa/airflow_project/env/lib/python3.11/site-packages/airflow/example_dags/example_bash_decorator.py took 0.130 seconds
[2025-12-12T07:34:48.832-0500] {processor.py:161} INFO - Started process (PID=58528) to work on /Users/evankrupa/airflow_project/env/lib/python3.11/site-packages/airflow/example_dags/example_bash_decorator.py
[2025-12-12T07:34:48.833-0500] {processor.py:830} INFO - Processing file /Users/evankrupa/airflow_project/env/lib/python3.11/site-packages/airflow/example_dags/example_bash_decorator.py for tasks to queue
[2025-12-12T07:34:48.833-0500] {logging_mixin.py:188} INFO - [2025-12-12T07:34:48.833-0500] {dagbag.py:545} INFO - Filling up the DagBag from /Users/evankrupa/airflow_project/env/lib/python3.11/site-packages/airflow/example_dags/example_bash_decorator.py
[2025-12-12T07:34:48.847-0500] {processor.py:840} INFO - DAG(s) 'example_bash_decorator' retrieved from /Users/evankrupa/airflow_project/env/lib/python3.11/site-packages/airflow/example_dags/example_bash_decorator.py
[2025-12-12T07:34:48.898-0500] {logging_mixin.py:188} INFO - [2025-12-12T07:34:48.898-0500] {dag.py:3096} INFO - Sync 1 DAGs
[2025-12-12T07:34:48.921-0500] {logging_mixin.py:188} INFO - [2025-12-12T07:34:48.921-0500] {dag.py:3954} INFO - Setting next_dagrun for example_bash_decorator to None, run_after=None
[2025-12-12T07:34:48.928-0500] {processor.py:183} INFO - Processing /Users/evankrupa/airflow_project/env/lib/python3.11/site-packages/airflow/example_dags/example_bash_decorator.py took 0.097 seconds
[2025-12-12T07:36:11.871-0500] {processor.py:161} INFO - Started process (PID=58601) to work on /Users/evankrupa/airflow_project/env/lib/python3.11/site-packages/airflow/example_dags/example_bash_decorator.py
[2025-12-12T07:36:11.873-0500] {processor.py:830} INFO - Processing file /Users/evankrupa/airflow_project/env/lib/python3.11/site-packages/airflow/example_dags/example_bash_decorator.py for tasks to queue
[2025-12-12T07:36:11.873-0500] {logging_mixin.py:188} INFO - [2025-12-12T07:36:11.873-0500] {dagbag.py:545} INFO - Filling up the DagBag from /Users/evankrupa/airflow_project/env/lib/python3.11/site-packages/airflow/example_dags/example_bash_decorator.py
[2025-12-12T07:36:11.889-0500] {processor.py:840} INFO - DAG(s) 'example_bash_decorator' retrieved from /Users/evankrupa/airflow_project/env/lib/python3.11/site-packages/airflow/example_dags/example_bash_decorator.py
[2025-12-12T07:36:11.949-0500] {logging_mixin.py:188} INFO - [2025-12-12T07:36:11.949-0500] {dag.py:3096} INFO - Sync 1 DAGs
[2025-12-12T07:36:11.971-0500] {logging_mixin.py:188} INFO - [2025-12-12T07:36:11.970-0500] {dag.py:3954} INFO - Setting next_dagrun for example_bash_decorator to None, run_after=None
[2025-12-12T07:36:11.976-0500] {processor.py:183} INFO - Processing /Users/evankrupa/airflow_project/env/lib/python3.11/site-packages/airflow/example_dags/example_bash_decorator.py took 0.106 seconds
[2025-12-12T07:37:35.287-0500] {processor.py:161} INFO - Started process (PID=58670) to work on /Users/evankrupa/airflow_project/env/lib/python3.11/site-packages/airflow/example_dags/example_bash_decorator.py
[2025-12-12T07:37:35.289-0500] {processor.py:830} INFO - Processing file /Users/evankrupa/airflow_project/env/lib/python3.11/site-packages/airflow/example_dags/example_bash_decorator.py for tasks to queue
[2025-12-12T07:37:35.289-0500] {logging_mixin.py:188} INFO - [2025-12-12T07:37:35.289-0500] {dagbag.py:545} INFO - Filling up the DagBag from /Users/evankrupa/airflow_project/env/lib/python3.11/site-packages/airflow/example_dags/example_bash_decorator.py
[2025-12-12T07:37:35.305-0500] {processor.py:840} INFO - DAG(s) 'example_bash_decorator' retrieved from /Users/evankrupa/airflow_project/env/lib/python3.11/site-packages/airflow/example_dags/example_bash_decorator.py
[2025-12-12T07:37:35.370-0500] {logging_mixin.py:188} INFO - [2025-12-12T07:37:35.369-0500] {dag.py:3096} INFO - Sync 1 DAGs
[2025-12-12T07:37:35.393-0500] {logging_mixin.py:188} INFO - [2025-12-12T07:37:35.392-0500] {dag.py:3954} INFO - Setting next_dagrun for example_bash_decorator to None, run_after=None
[2025-12-12T07:37:35.399-0500] {processor.py:183} INFO - Processing /Users/evankrupa/airflow_project/env/lib/python3.11/site-packages/airflow/example_dags/example_bash_decorator.py took 0.112 seconds
[2025-12-12T07:39:00.464-0500] {processor.py:161} INFO - Started process (PID=58775) to work on /Users/evankrupa/airflow_project/env/lib/python3.11/site-packages/airflow/example_dags/example_bash_decorator.py
[2025-12-12T07:39:00.465-0500] {processor.py:830} INFO - Processing file /Users/evankrupa/airflow_project/env/lib/python3.11/site-packages/airflow/example_dags/example_bash_decorator.py for tasks to queue
[2025-12-12T07:39:00.465-0500] {logging_mixin.py:188} INFO - [2025-12-12T07:39:00.465-0500] {dagbag.py:545} INFO - Filling up the DagBag from /Users/evankrupa/airflow_project/env/lib/python3.11/site-packages/airflow/example_dags/example_bash_decorator.py
[2025-12-12T07:39:00.496-0500] {processor.py:840} INFO - DAG(s) 'example_bash_decorator' retrieved from /Users/evankrupa/airflow_project/env/lib/python3.11/site-packages/airflow/example_dags/example_bash_decorator.py
[2025-12-12T07:39:00.585-0500] {logging_mixin.py:188} INFO - [2025-12-12T07:39:00.585-0500] {dag.py:3096} INFO - Sync 1 DAGs
[2025-12-12T07:39:00.631-0500] {logging_mixin.py:188} INFO - [2025-12-12T07:39:00.631-0500] {dag.py:3954} INFO - Setting next_dagrun for example_bash_decorator to None, run_after=None
[2025-12-12T07:39:00.642-0500] {processor.py:183} INFO - Processing /Users/evankrupa/airflow_project/env/lib/python3.11/site-packages/airflow/example_dags/example_bash_decorator.py took 0.179 seconds
[2025-12-12T07:40:26.110-0500] {processor.py:161} INFO - Started process (PID=58895) to work on /Users/evankrupa/airflow_project/env/lib/python3.11/site-packages/airflow/example_dags/example_bash_decorator.py
[2025-12-12T07:40:26.111-0500] {processor.py:830} INFO - Processing file /Users/evankrupa/airflow_project/env/lib/python3.11/site-packages/airflow/example_dags/example_bash_decorator.py for tasks to queue
[2025-12-12T07:40:26.111-0500] {logging_mixin.py:188} INFO - [2025-12-12T07:40:26.111-0500] {dagbag.py:545} INFO - Filling up the DagBag from /Users/evankrupa/airflow_project/env/lib/python3.11/site-packages/airflow/example_dags/example_bash_decorator.py
[2025-12-12T07:40:26.130-0500] {processor.py:840} INFO - DAG(s) 'example_bash_decorator' retrieved from /Users/evankrupa/airflow_project/env/lib/python3.11/site-packages/airflow/example_dags/example_bash_decorator.py
[2025-12-12T07:40:26.194-0500] {logging_mixin.py:188} INFO - [2025-12-12T07:40:26.193-0500] {dag.py:3096} INFO - Sync 1 DAGs
[2025-12-12T07:40:26.217-0500] {logging_mixin.py:188} INFO - [2025-12-12T07:40:26.217-0500] {dag.py:3954} INFO - Setting next_dagrun for example_bash_decorator to None, run_after=None
[2025-12-12T07:40:26.223-0500] {processor.py:183} INFO - Processing /Users/evankrupa/airflow_project/env/lib/python3.11/site-packages/airflow/example_dags/example_bash_decorator.py took 0.113 seconds
[2025-12-12T07:41:51.637-0500] {processor.py:161} INFO - Started process (PID=58967) to work on /Users/evankrupa/airflow_project/env/lib/python3.11/site-packages/airflow/example_dags/example_bash_decorator.py
[2025-12-12T07:41:51.638-0500] {processor.py:830} INFO - Processing file /Users/evankrupa/airflow_project/env/lib/python3.11/site-packages/airflow/example_dags/example_bash_decorator.py for tasks to queue
[2025-12-12T07:41:51.638-0500] {logging_mixin.py:188} INFO - [2025-12-12T07:41:51.638-0500] {dagbag.py:545} INFO - Filling up the DagBag from /Users/evankrupa/airflow_project/env/lib/python3.11/site-packages/airflow/example_dags/example_bash_decorator.py
[2025-12-12T07:41:51.652-0500] {processor.py:840} INFO - DAG(s) 'example_bash_decorator' retrieved from /Users/evankrupa/airflow_project/env/lib/python3.11/site-packages/airflow/example_dags/example_bash_decorator.py
[2025-12-12T07:41:51.715-0500] {logging_mixin.py:188} INFO - [2025-12-12T07:41:51.715-0500] {dag.py:3096} INFO - Sync 1 DAGs
[2025-12-12T07:41:51.738-0500] {logging_mixin.py:188} INFO - [2025-12-12T07:41:51.738-0500] {dag.py:3954} INFO - Setting next_dagrun for example_bash_decorator to None, run_after=None
[2025-12-12T07:41:51.744-0500] {processor.py:183} INFO - Processing /Users/evankrupa/airflow_project/env/lib/python3.11/site-packages/airflow/example_dags/example_bash_decorator.py took 0.108 seconds
[2025-12-12T07:43:14.781-0500] {processor.py:161} INFO - Started process (PID=59129) to work on /Users/evankrupa/airflow_project/env/lib/python3.11/site-packages/airflow/example_dags/example_bash_decorator.py
[2025-12-12T07:43:14.782-0500] {processor.py:830} INFO - Processing file /Users/evankrupa/airflow_project/env/lib/python3.11/site-packages/airflow/example_dags/example_bash_decorator.py for tasks to queue
[2025-12-12T07:43:14.782-0500] {logging_mixin.py:188} INFO - [2025-12-12T07:43:14.782-0500] {dagbag.py:545} INFO - Filling up the DagBag from /Users/evankrupa/airflow_project/env/lib/python3.11/site-packages/airflow/example_dags/example_bash_decorator.py
[2025-12-12T07:43:14.796-0500] {processor.py:840} INFO - DAG(s) 'example_bash_decorator' retrieved from /Users/evankrupa/airflow_project/env/lib/python3.11/site-packages/airflow/example_dags/example_bash_decorator.py
[2025-12-12T07:43:14.857-0500] {logging_mixin.py:188} INFO - [2025-12-12T07:43:14.857-0500] {dag.py:3096} INFO - Sync 1 DAGs
[2025-12-12T07:43:14.879-0500] {logging_mixin.py:188} INFO - [2025-12-12T07:43:14.879-0500] {dag.py:3954} INFO - Setting next_dagrun for example_bash_decorator to None, run_after=None
[2025-12-12T07:43:14.885-0500] {processor.py:183} INFO - Processing /Users/evankrupa/airflow_project/env/lib/python3.11/site-packages/airflow/example_dags/example_bash_decorator.py took 0.105 seconds
[2025-12-12T07:44:39.710-0500] {processor.py:161} INFO - Started process (PID=59215) to work on /Users/evankrupa/airflow_project/env/lib/python3.11/site-packages/airflow/example_dags/example_bash_decorator.py
[2025-12-12T07:44:39.710-0500] {processor.py:830} INFO - Processing file /Users/evankrupa/airflow_project/env/lib/python3.11/site-packages/airflow/example_dags/example_bash_decorator.py for tasks to queue
[2025-12-12T07:44:39.711-0500] {logging_mixin.py:188} INFO - [2025-12-12T07:44:39.710-0500] {dagbag.py:545} INFO - Filling up the DagBag from /Users/evankrupa/airflow_project/env/lib/python3.11/site-packages/airflow/example_dags/example_bash_decorator.py
[2025-12-12T07:44:39.724-0500] {processor.py:840} INFO - DAG(s) 'example_bash_decorator' retrieved from /Users/evankrupa/airflow_project/env/lib/python3.11/site-packages/airflow/example_dags/example_bash_decorator.py
[2025-12-12T07:44:39.775-0500] {logging_mixin.py:188} INFO - [2025-12-12T07:44:39.775-0500] {dag.py:3096} INFO - Sync 1 DAGs
[2025-12-12T07:44:39.797-0500] {logging_mixin.py:188} INFO - [2025-12-12T07:44:39.797-0500] {dag.py:3954} INFO - Setting next_dagrun for example_bash_decorator to None, run_after=None
[2025-12-12T07:44:39.803-0500] {processor.py:183} INFO - Processing /Users/evankrupa/airflow_project/env/lib/python3.11/site-packages/airflow/example_dags/example_bash_decorator.py took 0.094 seconds
[2025-12-12T07:46:06.127-0500] {processor.py:161} INFO - Started process (PID=59296) to work on /Users/evankrupa/airflow_project/env/lib/python3.11/site-packages/airflow/example_dags/example_bash_decorator.py
[2025-12-12T07:46:06.127-0500] {processor.py:830} INFO - Processing file /Users/evankrupa/airflow_project/env/lib/python3.11/site-packages/airflow/example_dags/example_bash_decorator.py for tasks to queue
[2025-12-12T07:46:06.127-0500] {logging_mixin.py:188} INFO - [2025-12-12T07:46:06.127-0500] {dagbag.py:545} INFO - Filling up the DagBag from /Users/evankrupa/airflow_project/env/lib/python3.11/site-packages/airflow/example_dags/example_bash_decorator.py
[2025-12-12T07:46:06.142-0500] {processor.py:840} INFO - DAG(s) 'example_bash_decorator' retrieved from /Users/evankrupa/airflow_project/env/lib/python3.11/site-packages/airflow/example_dags/example_bash_decorator.py
[2025-12-12T07:46:06.208-0500] {logging_mixin.py:188} INFO - [2025-12-12T07:46:06.208-0500] {dag.py:3096} INFO - Sync 1 DAGs
[2025-12-12T07:46:06.233-0500] {logging_mixin.py:188} INFO - [2025-12-12T07:46:06.233-0500] {dag.py:3954} INFO - Setting next_dagrun for example_bash_decorator to None, run_after=None
[2025-12-12T07:46:06.239-0500] {processor.py:183} INFO - Processing /Users/evankrupa/airflow_project/env/lib/python3.11/site-packages/airflow/example_dags/example_bash_decorator.py took 0.113 seconds
[2025-12-12T07:47:29.918-0500] {processor.py:161} INFO - Started process (PID=59379) to work on /Users/evankrupa/airflow_project/env/lib/python3.11/site-packages/airflow/example_dags/example_bash_decorator.py
[2025-12-12T07:47:29.919-0500] {processor.py:830} INFO - Processing file /Users/evankrupa/airflow_project/env/lib/python3.11/site-packages/airflow/example_dags/example_bash_decorator.py for tasks to queue
[2025-12-12T07:47:29.919-0500] {logging_mixin.py:188} INFO - [2025-12-12T07:47:29.919-0500] {dagbag.py:545} INFO - Filling up the DagBag from /Users/evankrupa/airflow_project/env/lib/python3.11/site-packages/airflow/example_dags/example_bash_decorator.py
[2025-12-12T07:47:29.933-0500] {processor.py:840} INFO - DAG(s) 'example_bash_decorator' retrieved from /Users/evankrupa/airflow_project/env/lib/python3.11/site-packages/airflow/example_dags/example_bash_decorator.py
[2025-12-12T07:47:29.995-0500] {logging_mixin.py:188} INFO - [2025-12-12T07:47:29.995-0500] {dag.py:3096} INFO - Sync 1 DAGs
[2025-12-12T07:47:30.018-0500] {logging_mixin.py:188} INFO - [2025-12-12T07:47:30.017-0500] {dag.py:3954} INFO - Setting next_dagrun for example_bash_decorator to None, run_after=None
[2025-12-12T07:47:30.024-0500] {processor.py:183} INFO - Processing /Users/evankrupa/airflow_project/env/lib/python3.11/site-packages/airflow/example_dags/example_bash_decorator.py took 0.106 seconds
[2025-12-12T07:48:57.816-0500] {processor.py:161} INFO - Started process (PID=59490) to work on /Users/evankrupa/airflow_project/env/lib/python3.11/site-packages/airflow/example_dags/example_bash_decorator.py
[2025-12-12T07:48:57.817-0500] {processor.py:830} INFO - Processing file /Users/evankrupa/airflow_project/env/lib/python3.11/site-packages/airflow/example_dags/example_bash_decorator.py for tasks to queue
[2025-12-12T07:48:57.817-0500] {logging_mixin.py:188} INFO - [2025-12-12T07:48:57.817-0500] {dagbag.py:545} INFO - Filling up the DagBag from /Users/evankrupa/airflow_project/env/lib/python3.11/site-packages/airflow/example_dags/example_bash_decorator.py
[2025-12-12T07:48:57.831-0500] {processor.py:840} INFO - DAG(s) 'example_bash_decorator' retrieved from /Users/evankrupa/airflow_project/env/lib/python3.11/site-packages/airflow/example_dags/example_bash_decorator.py
[2025-12-12T07:48:57.893-0500] {logging_mixin.py:188} INFO - [2025-12-12T07:48:57.893-0500] {dag.py:3096} INFO - Sync 1 DAGs
[2025-12-12T07:48:57.915-0500] {logging_mixin.py:188} INFO - [2025-12-12T07:48:57.915-0500] {dag.py:3954} INFO - Setting next_dagrun for example_bash_decorator to None, run_after=None
[2025-12-12T07:48:57.921-0500] {processor.py:183} INFO - Processing /Users/evankrupa/airflow_project/env/lib/python3.11/site-packages/airflow/example_dags/example_bash_decorator.py took 0.106 seconds
[2025-12-12T07:50:22.604-0500] {processor.py:161} INFO - Started process (PID=59566) to work on /Users/evankrupa/airflow_project/env/lib/python3.11/site-packages/airflow/example_dags/example_bash_decorator.py
[2025-12-12T07:50:22.605-0500] {processor.py:830} INFO - Processing file /Users/evankrupa/airflow_project/env/lib/python3.11/site-packages/airflow/example_dags/example_bash_decorator.py for tasks to queue
[2025-12-12T07:50:22.605-0500] {logging_mixin.py:188} INFO - [2025-12-12T07:50:22.605-0500] {dagbag.py:545} INFO - Filling up the DagBag from /Users/evankrupa/airflow_project/env/lib/python3.11/site-packages/airflow/example_dags/example_bash_decorator.py
[2025-12-12T07:50:22.619-0500] {processor.py:840} INFO - DAG(s) 'example_bash_decorator' retrieved from /Users/evankrupa/airflow_project/env/lib/python3.11/site-packages/airflow/example_dags/example_bash_decorator.py
[2025-12-12T07:50:22.679-0500] {logging_mixin.py:188} INFO - [2025-12-12T07:50:22.679-0500] {dag.py:3096} INFO - Sync 1 DAGs
[2025-12-12T07:50:22.701-0500] {logging_mixin.py:188} INFO - [2025-12-12T07:50:22.701-0500] {dag.py:3954} INFO - Setting next_dagrun for example_bash_decorator to None, run_after=None
[2025-12-12T07:50:22.707-0500] {processor.py:183} INFO - Processing /Users/evankrupa/airflow_project/env/lib/python3.11/site-packages/airflow/example_dags/example_bash_decorator.py took 0.104 seconds
[2025-12-12T07:51:47.831-0500] {processor.py:161} INFO - Started process (PID=59633) to work on /Users/evankrupa/airflow_project/env/lib/python3.11/site-packages/airflow/example_dags/example_bash_decorator.py
[2025-12-12T07:51:47.832-0500] {processor.py:830} INFO - Processing file /Users/evankrupa/airflow_project/env/lib/python3.11/site-packages/airflow/example_dags/example_bash_decorator.py for tasks to queue
[2025-12-12T07:51:47.832-0500] {logging_mixin.py:188} INFO - [2025-12-12T07:51:47.832-0500] {dagbag.py:545} INFO - Filling up the DagBag from /Users/evankrupa/airflow_project/env/lib/python3.11/site-packages/airflow/example_dags/example_bash_decorator.py
[2025-12-12T07:51:47.846-0500] {processor.py:840} INFO - DAG(s) 'example_bash_decorator' retrieved from /Users/evankrupa/airflow_project/env/lib/python3.11/site-packages/airflow/example_dags/example_bash_decorator.py
[2025-12-12T07:51:47.908-0500] {logging_mixin.py:188} INFO - [2025-12-12T07:51:47.908-0500] {dag.py:3096} INFO - Sync 1 DAGs
[2025-12-12T07:51:47.931-0500] {logging_mixin.py:188} INFO - [2025-12-12T07:51:47.931-0500] {dag.py:3954} INFO - Setting next_dagrun for example_bash_decorator to None, run_after=None
[2025-12-12T07:51:47.937-0500] {processor.py:183} INFO - Processing /Users/evankrupa/airflow_project/env/lib/python3.11/site-packages/airflow/example_dags/example_bash_decorator.py took 0.106 seconds
[2025-12-12T07:53:10.733-0500] {processor.py:161} INFO - Started process (PID=59712) to work on /Users/evankrupa/airflow_project/env/lib/python3.11/site-packages/airflow/example_dags/example_bash_decorator.py
[2025-12-12T07:53:10.734-0500] {processor.py:830} INFO - Processing file /Users/evankrupa/airflow_project/env/lib/python3.11/site-packages/airflow/example_dags/example_bash_decorator.py for tasks to queue
[2025-12-12T07:53:10.734-0500] {logging_mixin.py:188} INFO - [2025-12-12T07:53:10.734-0500] {dagbag.py:545} INFO - Filling up the DagBag from /Users/evankrupa/airflow_project/env/lib/python3.11/site-packages/airflow/example_dags/example_bash_decorator.py
[2025-12-12T07:53:10.749-0500] {processor.py:840} INFO - DAG(s) 'example_bash_decorator' retrieved from /Users/evankrupa/airflow_project/env/lib/python3.11/site-packages/airflow/example_dags/example_bash_decorator.py
[2025-12-12T07:53:10.810-0500] {logging_mixin.py:188} INFO - [2025-12-12T07:53:10.810-0500] {dag.py:3096} INFO - Sync 1 DAGs
[2025-12-12T07:53:10.832-0500] {logging_mixin.py:188} INFO - [2025-12-12T07:53:10.832-0500] {dag.py:3954} INFO - Setting next_dagrun for example_bash_decorator to None, run_after=None
[2025-12-12T07:53:10.837-0500] {processor.py:183} INFO - Processing /Users/evankrupa/airflow_project/env/lib/python3.11/site-packages/airflow/example_dags/example_bash_decorator.py took 0.105 seconds
[2025-12-12T07:54:32.870-0500] {processor.py:161} INFO - Started process (PID=59788) to work on /Users/evankrupa/airflow_project/env/lib/python3.11/site-packages/airflow/example_dags/example_bash_decorator.py
[2025-12-12T07:54:32.871-0500] {processor.py:830} INFO - Processing file /Users/evankrupa/airflow_project/env/lib/python3.11/site-packages/airflow/example_dags/example_bash_decorator.py for tasks to queue
[2025-12-12T07:54:32.871-0500] {logging_mixin.py:188} INFO - [2025-12-12T07:54:32.871-0500] {dagbag.py:545} INFO - Filling up the DagBag from /Users/evankrupa/airflow_project/env/lib/python3.11/site-packages/airflow/example_dags/example_bash_decorator.py
[2025-12-12T07:54:32.885-0500] {processor.py:840} INFO - DAG(s) 'example_bash_decorator' retrieved from /Users/evankrupa/airflow_project/env/lib/python3.11/site-packages/airflow/example_dags/example_bash_decorator.py
[2025-12-12T07:54:32.936-0500] {logging_mixin.py:188} INFO - [2025-12-12T07:54:32.936-0500] {dag.py:3096} INFO - Sync 1 DAGs
[2025-12-12T07:54:32.958-0500] {logging_mixin.py:188} INFO - [2025-12-12T07:54:32.958-0500] {dag.py:3954} INFO - Setting next_dagrun for example_bash_decorator to None, run_after=None
[2025-12-12T07:54:32.964-0500] {processor.py:183} INFO - Processing /Users/evankrupa/airflow_project/env/lib/python3.11/site-packages/airflow/example_dags/example_bash_decorator.py took 0.095 seconds
[2025-12-12T07:55:58.796-0500] {processor.py:161} INFO - Started process (PID=59874) to work on /Users/evankrupa/airflow_project/env/lib/python3.11/site-packages/airflow/example_dags/example_bash_decorator.py
[2025-12-12T07:55:58.798-0500] {processor.py:830} INFO - Processing file /Users/evankrupa/airflow_project/env/lib/python3.11/site-packages/airflow/example_dags/example_bash_decorator.py for tasks to queue
[2025-12-12T07:55:58.798-0500] {logging_mixin.py:188} INFO - [2025-12-12T07:55:58.798-0500] {dagbag.py:545} INFO - Filling up the DagBag from /Users/evankrupa/airflow_project/env/lib/python3.11/site-packages/airflow/example_dags/example_bash_decorator.py
[2025-12-12T07:55:58.812-0500] {processor.py:840} INFO - DAG(s) 'example_bash_decorator' retrieved from /Users/evankrupa/airflow_project/env/lib/python3.11/site-packages/airflow/example_dags/example_bash_decorator.py
[2025-12-12T07:55:58.872-0500] {logging_mixin.py:188} INFO - [2025-12-12T07:55:58.872-0500] {dag.py:3096} INFO - Sync 1 DAGs
[2025-12-12T07:55:58.894-0500] {logging_mixin.py:188} INFO - [2025-12-12T07:55:58.894-0500] {dag.py:3954} INFO - Setting next_dagrun for example_bash_decorator to None, run_after=None
[2025-12-12T07:55:58.900-0500] {processor.py:183} INFO - Processing /Users/evankrupa/airflow_project/env/lib/python3.11/site-packages/airflow/example_dags/example_bash_decorator.py took 0.104 seconds
[2025-12-12T07:57:23.464-0500] {processor.py:161} INFO - Started process (PID=59951) to work on /Users/evankrupa/airflow_project/env/lib/python3.11/site-packages/airflow/example_dags/example_bash_decorator.py
[2025-12-12T07:57:23.465-0500] {processor.py:830} INFO - Processing file /Users/evankrupa/airflow_project/env/lib/python3.11/site-packages/airflow/example_dags/example_bash_decorator.py for tasks to queue
[2025-12-12T07:57:23.466-0500] {logging_mixin.py:188} INFO - [2025-12-12T07:57:23.465-0500] {dagbag.py:545} INFO - Filling up the DagBag from /Users/evankrupa/airflow_project/env/lib/python3.11/site-packages/airflow/example_dags/example_bash_decorator.py
[2025-12-12T07:57:23.480-0500] {processor.py:840} INFO - DAG(s) 'example_bash_decorator' retrieved from /Users/evankrupa/airflow_project/env/lib/python3.11/site-packages/airflow/example_dags/example_bash_decorator.py
[2025-12-12T07:57:23.542-0500] {logging_mixin.py:188} INFO - [2025-12-12T07:57:23.542-0500] {dag.py:3096} INFO - Sync 1 DAGs
[2025-12-12T07:57:23.564-0500] {logging_mixin.py:188} INFO - [2025-12-12T07:57:23.564-0500] {dag.py:3954} INFO - Setting next_dagrun for example_bash_decorator to None, run_after=None
[2025-12-12T07:57:23.570-0500] {processor.py:183} INFO - Processing /Users/evankrupa/airflow_project/env/lib/python3.11/site-packages/airflow/example_dags/example_bash_decorator.py took 0.106 seconds
[2025-12-12T07:58:48.457-0500] {processor.py:161} INFO - Started process (PID=62548) to work on /Users/evankrupa/airflow_project/env/lib/python3.11/site-packages/airflow/example_dags/example_bash_decorator.py
[2025-12-12T07:58:48.459-0500] {processor.py:830} INFO - Processing file /Users/evankrupa/airflow_project/env/lib/python3.11/site-packages/airflow/example_dags/example_bash_decorator.py for tasks to queue
[2025-12-12T07:58:48.459-0500] {logging_mixin.py:188} INFO - [2025-12-12T07:58:48.459-0500] {dagbag.py:545} INFO - Filling up the DagBag from /Users/evankrupa/airflow_project/env/lib/python3.11/site-packages/airflow/example_dags/example_bash_decorator.py
[2025-12-12T07:58:48.473-0500] {processor.py:840} INFO - DAG(s) 'example_bash_decorator' retrieved from /Users/evankrupa/airflow_project/env/lib/python3.11/site-packages/airflow/example_dags/example_bash_decorator.py
[2025-12-12T07:58:48.536-0500] {logging_mixin.py:188} INFO - [2025-12-12T07:58:48.536-0500] {dag.py:3096} INFO - Sync 1 DAGs
[2025-12-12T07:58:48.559-0500] {logging_mixin.py:188} INFO - [2025-12-12T07:58:48.558-0500] {dag.py:3954} INFO - Setting next_dagrun for example_bash_decorator to None, run_after=None
[2025-12-12T07:58:48.564-0500] {processor.py:183} INFO - Processing /Users/evankrupa/airflow_project/env/lib/python3.11/site-packages/airflow/example_dags/example_bash_decorator.py took 0.108 seconds
[2025-12-12T08:00:13.919-0500] {processor.py:161} INFO - Started process (PID=62751) to work on /Users/evankrupa/airflow_project/env/lib/python3.11/site-packages/airflow/example_dags/example_bash_decorator.py
[2025-12-12T08:00:13.920-0500] {processor.py:830} INFO - Processing file /Users/evankrupa/airflow_project/env/lib/python3.11/site-packages/airflow/example_dags/example_bash_decorator.py for tasks to queue
[2025-12-12T08:00:13.920-0500] {logging_mixin.py:188} INFO - [2025-12-12T08:00:13.920-0500] {dagbag.py:545} INFO - Filling up the DagBag from /Users/evankrupa/airflow_project/env/lib/python3.11/site-packages/airflow/example_dags/example_bash_decorator.py
[2025-12-12T08:00:13.934-0500] {processor.py:840} INFO - DAG(s) 'example_bash_decorator' retrieved from /Users/evankrupa/airflow_project/env/lib/python3.11/site-packages/airflow/example_dags/example_bash_decorator.py
[2025-12-12T08:00:13.985-0500] {logging_mixin.py:188} INFO - [2025-12-12T08:00:13.985-0500] {dag.py:3096} INFO - Sync 1 DAGs
[2025-12-12T08:00:14.006-0500] {logging_mixin.py:188} INFO - [2025-12-12T08:00:14.006-0500] {dag.py:3954} INFO - Setting next_dagrun for example_bash_decorator to None, run_after=None
[2025-12-12T08:00:14.012-0500] {processor.py:183} INFO - Processing /Users/evankrupa/airflow_project/env/lib/python3.11/site-packages/airflow/example_dags/example_bash_decorator.py took 0.094 seconds
[2025-12-12T08:01:34.529-0500] {processor.py:161} INFO - Started process (PID=62819) to work on /Users/evankrupa/airflow_project/env/lib/python3.11/site-packages/airflow/example_dags/example_bash_decorator.py
[2025-12-12T08:01:34.530-0500] {processor.py:830} INFO - Processing file /Users/evankrupa/airflow_project/env/lib/python3.11/site-packages/airflow/example_dags/example_bash_decorator.py for tasks to queue
[2025-12-12T08:01:34.530-0500] {logging_mixin.py:188} INFO - [2025-12-12T08:01:34.530-0500] {dagbag.py:545} INFO - Filling up the DagBag from /Users/evankrupa/airflow_project/env/lib/python3.11/site-packages/airflow/example_dags/example_bash_decorator.py
[2025-12-12T08:01:34.544-0500] {processor.py:840} INFO - DAG(s) 'example_bash_decorator' retrieved from /Users/evankrupa/airflow_project/env/lib/python3.11/site-packages/airflow/example_dags/example_bash_decorator.py
[2025-12-12T08:01:34.604-0500] {logging_mixin.py:188} INFO - [2025-12-12T08:01:34.604-0500] {dag.py:3096} INFO - Sync 1 DAGs
[2025-12-12T08:01:34.625-0500] {logging_mixin.py:188} INFO - [2025-12-12T08:01:34.625-0500] {dag.py:3954} INFO - Setting next_dagrun for example_bash_decorator to None, run_after=None
[2025-12-12T08:01:34.631-0500] {processor.py:183} INFO - Processing /Users/evankrupa/airflow_project/env/lib/python3.11/site-packages/airflow/example_dags/example_bash_decorator.py took 0.103 seconds
[2025-12-12T08:03:01.242-0500] {processor.py:161} INFO - Started process (PID=62886) to work on /Users/evankrupa/airflow_project/env/lib/python3.11/site-packages/airflow/example_dags/example_bash_decorator.py
[2025-12-12T08:03:01.243-0500] {processor.py:830} INFO - Processing file /Users/evankrupa/airflow_project/env/lib/python3.11/site-packages/airflow/example_dags/example_bash_decorator.py for tasks to queue
[2025-12-12T08:03:01.244-0500] {logging_mixin.py:188} INFO - [2025-12-12T08:03:01.243-0500] {dagbag.py:545} INFO - Filling up the DagBag from /Users/evankrupa/airflow_project/env/lib/python3.11/site-packages/airflow/example_dags/example_bash_decorator.py
[2025-12-12T08:03:01.257-0500] {processor.py:840} INFO - DAG(s) 'example_bash_decorator' retrieved from /Users/evankrupa/airflow_project/env/lib/python3.11/site-packages/airflow/example_dags/example_bash_decorator.py
[2025-12-12T08:03:01.317-0500] {logging_mixin.py:188} INFO - [2025-12-12T08:03:01.317-0500] {dag.py:3096} INFO - Sync 1 DAGs
[2025-12-12T08:03:01.339-0500] {logging_mixin.py:188} INFO - [2025-12-12T08:03:01.339-0500] {dag.py:3954} INFO - Setting next_dagrun for example_bash_decorator to None, run_after=None
[2025-12-12T08:03:01.345-0500] {processor.py:183} INFO - Processing /Users/evankrupa/airflow_project/env/lib/python3.11/site-packages/airflow/example_dags/example_bash_decorator.py took 0.104 seconds
[2025-12-12T08:04:26.562-0500] {processor.py:161} INFO - Started process (PID=62986) to work on /Users/evankrupa/airflow_project/env/lib/python3.11/site-packages/airflow/example_dags/example_bash_decorator.py
[2025-12-12T08:04:26.563-0500] {processor.py:830} INFO - Processing file /Users/evankrupa/airflow_project/env/lib/python3.11/site-packages/airflow/example_dags/example_bash_decorator.py for tasks to queue
[2025-12-12T08:04:26.563-0500] {logging_mixin.py:188} INFO - [2025-12-12T08:04:26.563-0500] {dagbag.py:545} INFO - Filling up the DagBag from /Users/evankrupa/airflow_project/env/lib/python3.11/site-packages/airflow/example_dags/example_bash_decorator.py
[2025-12-12T08:04:26.582-0500] {processor.py:840} INFO - DAG(s) 'example_bash_decorator' retrieved from /Users/evankrupa/airflow_project/env/lib/python3.11/site-packages/airflow/example_dags/example_bash_decorator.py
[2025-12-12T08:04:26.646-0500] {logging_mixin.py:188} INFO - [2025-12-12T08:04:26.646-0500] {dag.py:3096} INFO - Sync 1 DAGs
[2025-12-12T08:04:26.669-0500] {logging_mixin.py:188} INFO - [2025-12-12T08:04:26.668-0500] {dag.py:3954} INFO - Setting next_dagrun for example_bash_decorator to None, run_after=None
[2025-12-12T08:04:26.675-0500] {processor.py:183} INFO - Processing /Users/evankrupa/airflow_project/env/lib/python3.11/site-packages/airflow/example_dags/example_bash_decorator.py took 0.113 seconds
[2025-12-12T08:05:49.854-0500] {processor.py:161} INFO - Started process (PID=63107) to work on /Users/evankrupa/airflow_project/env/lib/python3.11/site-packages/airflow/example_dags/example_bash_decorator.py
[2025-12-12T08:05:49.854-0500] {processor.py:830} INFO - Processing file /Users/evankrupa/airflow_project/env/lib/python3.11/site-packages/airflow/example_dags/example_bash_decorator.py for tasks to queue
[2025-12-12T08:05:49.855-0500] {logging_mixin.py:188} INFO - [2025-12-12T08:05:49.854-0500] {dagbag.py:545} INFO - Filling up the DagBag from /Users/evankrupa/airflow_project/env/lib/python3.11/site-packages/airflow/example_dags/example_bash_decorator.py
[2025-12-12T08:05:49.871-0500] {processor.py:840} INFO - DAG(s) 'example_bash_decorator' retrieved from /Users/evankrupa/airflow_project/env/lib/python3.11/site-packages/airflow/example_dags/example_bash_decorator.py
[2025-12-12T08:05:49.933-0500] {logging_mixin.py:188} INFO - [2025-12-12T08:05:49.933-0500] {dag.py:3096} INFO - Sync 1 DAGs
[2025-12-12T08:05:49.961-0500] {logging_mixin.py:188} INFO - [2025-12-12T08:05:49.961-0500] {dag.py:3954} INFO - Setting next_dagrun for example_bash_decorator to None, run_after=None
[2025-12-12T08:05:49.967-0500] {processor.py:183} INFO - Processing /Users/evankrupa/airflow_project/env/lib/python3.11/site-packages/airflow/example_dags/example_bash_decorator.py took 0.114 seconds
[2025-12-12T08:07:17.134-0500] {processor.py:161} INFO - Started process (PID=63633) to work on /Users/evankrupa/airflow_project/env/lib/python3.11/site-packages/airflow/example_dags/example_bash_decorator.py
[2025-12-12T08:07:17.135-0500] {processor.py:830} INFO - Processing file /Users/evankrupa/airflow_project/env/lib/python3.11/site-packages/airflow/example_dags/example_bash_decorator.py for tasks to queue
[2025-12-12T08:07:17.135-0500] {logging_mixin.py:188} INFO - [2025-12-12T08:07:17.135-0500] {dagbag.py:545} INFO - Filling up the DagBag from /Users/evankrupa/airflow_project/env/lib/python3.11/site-packages/airflow/example_dags/example_bash_decorator.py
[2025-12-12T08:07:17.151-0500] {processor.py:840} INFO - DAG(s) 'example_bash_decorator' retrieved from /Users/evankrupa/airflow_project/env/lib/python3.11/site-packages/airflow/example_dags/example_bash_decorator.py
[2025-12-12T08:07:17.215-0500] {logging_mixin.py:188} INFO - [2025-12-12T08:07:17.214-0500] {dag.py:3096} INFO - Sync 1 DAGs
[2025-12-12T08:07:17.237-0500] {logging_mixin.py:188} INFO - [2025-12-12T08:07:17.237-0500] {dag.py:3954} INFO - Setting next_dagrun for example_bash_decorator to None, run_after=None
[2025-12-12T08:07:17.243-0500] {processor.py:183} INFO - Processing /Users/evankrupa/airflow_project/env/lib/python3.11/site-packages/airflow/example_dags/example_bash_decorator.py took 0.110 seconds
[2025-12-12T08:08:45.582-0500] {processor.py:161} INFO - Started process (PID=63704) to work on /Users/evankrupa/airflow_project/env/lib/python3.11/site-packages/airflow/example_dags/example_bash_decorator.py
[2025-12-12T08:08:45.583-0500] {processor.py:830} INFO - Processing file /Users/evankrupa/airflow_project/env/lib/python3.11/site-packages/airflow/example_dags/example_bash_decorator.py for tasks to queue
[2025-12-12T08:08:45.583-0500] {logging_mixin.py:188} INFO - [2025-12-12T08:08:45.583-0500] {dagbag.py:545} INFO - Filling up the DagBag from /Users/evankrupa/airflow_project/env/lib/python3.11/site-packages/airflow/example_dags/example_bash_decorator.py
[2025-12-12T08:08:45.597-0500] {processor.py:840} INFO - DAG(s) 'example_bash_decorator' retrieved from /Users/evankrupa/airflow_project/env/lib/python3.11/site-packages/airflow/example_dags/example_bash_decorator.py
[2025-12-12T08:08:45.648-0500] {logging_mixin.py:188} INFO - [2025-12-12T08:08:45.648-0500] {dag.py:3096} INFO - Sync 1 DAGs
[2025-12-12T08:08:45.670-0500] {logging_mixin.py:188} INFO - [2025-12-12T08:08:45.669-0500] {dag.py:3954} INFO - Setting next_dagrun for example_bash_decorator to None, run_after=None
[2025-12-12T08:08:45.676-0500] {processor.py:183} INFO - Processing /Users/evankrupa/airflow_project/env/lib/python3.11/site-packages/airflow/example_dags/example_bash_decorator.py took 0.095 seconds
[2025-12-12T08:10:10.855-0500] {processor.py:161} INFO - Started process (PID=63775) to work on /Users/evankrupa/airflow_project/env/lib/python3.11/site-packages/airflow/example_dags/example_bash_decorator.py
[2025-12-12T08:10:10.856-0500] {processor.py:830} INFO - Processing file /Users/evankrupa/airflow_project/env/lib/python3.11/site-packages/airflow/example_dags/example_bash_decorator.py for tasks to queue
[2025-12-12T08:10:10.857-0500] {logging_mixin.py:188} INFO - [2025-12-12T08:10:10.857-0500] {dagbag.py:545} INFO - Filling up the DagBag from /Users/evankrupa/airflow_project/env/lib/python3.11/site-packages/airflow/example_dags/example_bash_decorator.py
[2025-12-12T08:10:10.871-0500] {processor.py:840} INFO - DAG(s) 'example_bash_decorator' retrieved from /Users/evankrupa/airflow_project/env/lib/python3.11/site-packages/airflow/example_dags/example_bash_decorator.py
[2025-12-12T08:10:10.934-0500] {logging_mixin.py:188} INFO - [2025-12-12T08:10:10.934-0500] {dag.py:3096} INFO - Sync 1 DAGs
[2025-12-12T08:10:10.960-0500] {logging_mixin.py:188} INFO - [2025-12-12T08:10:10.959-0500] {dag.py:3954} INFO - Setting next_dagrun for example_bash_decorator to None, run_after=None
[2025-12-12T08:10:10.966-0500] {processor.py:183} INFO - Processing /Users/evankrupa/airflow_project/env/lib/python3.11/site-packages/airflow/example_dags/example_bash_decorator.py took 0.111 seconds
[2025-12-12T08:11:38.667-0500] {processor.py:161} INFO - Started process (PID=63842) to work on /Users/evankrupa/airflow_project/env/lib/python3.11/site-packages/airflow/example_dags/example_bash_decorator.py
[2025-12-12T08:11:38.668-0500] {processor.py:830} INFO - Processing file /Users/evankrupa/airflow_project/env/lib/python3.11/site-packages/airflow/example_dags/example_bash_decorator.py for tasks to queue
[2025-12-12T08:11:38.668-0500] {logging_mixin.py:188} INFO - [2025-12-12T08:11:38.668-0500] {dagbag.py:545} INFO - Filling up the DagBag from /Users/evankrupa/airflow_project/env/lib/python3.11/site-packages/airflow/example_dags/example_bash_decorator.py
[2025-12-12T08:11:38.682-0500] {processor.py:840} INFO - DAG(s) 'example_bash_decorator' retrieved from /Users/evankrupa/airflow_project/env/lib/python3.11/site-packages/airflow/example_dags/example_bash_decorator.py
[2025-12-12T08:11:38.747-0500] {logging_mixin.py:188} INFO - [2025-12-12T08:11:38.747-0500] {dag.py:3096} INFO - Sync 1 DAGs
[2025-12-12T08:11:38.770-0500] {logging_mixin.py:188} INFO - [2025-12-12T08:11:38.769-0500] {dag.py:3954} INFO - Setting next_dagrun for example_bash_decorator to None, run_after=None
[2025-12-12T08:11:38.775-0500] {processor.py:183} INFO - Processing /Users/evankrupa/airflow_project/env/lib/python3.11/site-packages/airflow/example_dags/example_bash_decorator.py took 0.109 seconds
[2025-12-12T08:13:03.870-0500] {processor.py:161} INFO - Started process (PID=63910) to work on /Users/evankrupa/airflow_project/env/lib/python3.11/site-packages/airflow/example_dags/example_bash_decorator.py
[2025-12-12T08:13:03.871-0500] {processor.py:830} INFO - Processing file /Users/evankrupa/airflow_project/env/lib/python3.11/site-packages/airflow/example_dags/example_bash_decorator.py for tasks to queue
[2025-12-12T08:13:03.871-0500] {logging_mixin.py:188} INFO - [2025-12-12T08:13:03.871-0500] {dagbag.py:545} INFO - Filling up the DagBag from /Users/evankrupa/airflow_project/env/lib/python3.11/site-packages/airflow/example_dags/example_bash_decorator.py
[2025-12-12T08:13:03.885-0500] {processor.py:840} INFO - DAG(s) 'example_bash_decorator' retrieved from /Users/evankrupa/airflow_project/env/lib/python3.11/site-packages/airflow/example_dags/example_bash_decorator.py
[2025-12-12T08:13:03.952-0500] {logging_mixin.py:188} INFO - [2025-12-12T08:13:03.952-0500] {dag.py:3096} INFO - Sync 1 DAGs
[2025-12-12T08:13:03.977-0500] {logging_mixin.py:188} INFO - [2025-12-12T08:13:03.977-0500] {dag.py:3954} INFO - Setting next_dagrun for example_bash_decorator to None, run_after=None
[2025-12-12T08:13:03.983-0500] {processor.py:183} INFO - Processing /Users/evankrupa/airflow_project/env/lib/python3.11/site-packages/airflow/example_dags/example_bash_decorator.py took 0.115 seconds
[2025-12-12T08:14:26.279-0500] {processor.py:161} INFO - Started process (PID=63976) to work on /Users/evankrupa/airflow_project/env/lib/python3.11/site-packages/airflow/example_dags/example_bash_decorator.py
[2025-12-12T08:14:26.279-0500] {processor.py:830} INFO - Processing file /Users/evankrupa/airflow_project/env/lib/python3.11/site-packages/airflow/example_dags/example_bash_decorator.py for tasks to queue
[2025-12-12T08:14:26.280-0500] {logging_mixin.py:188} INFO - [2025-12-12T08:14:26.280-0500] {dagbag.py:545} INFO - Filling up the DagBag from /Users/evankrupa/airflow_project/env/lib/python3.11/site-packages/airflow/example_dags/example_bash_decorator.py
[2025-12-12T08:14:26.293-0500] {processor.py:840} INFO - DAG(s) 'example_bash_decorator' retrieved from /Users/evankrupa/airflow_project/env/lib/python3.11/site-packages/airflow/example_dags/example_bash_decorator.py
[2025-12-12T08:14:26.358-0500] {logging_mixin.py:188} INFO - [2025-12-12T08:14:26.357-0500] {dag.py:3096} INFO - Sync 1 DAGs
[2025-12-12T08:14:26.380-0500] {logging_mixin.py:188} INFO - [2025-12-12T08:14:26.380-0500] {dag.py:3954} INFO - Setting next_dagrun for example_bash_decorator to None, run_after=None
[2025-12-12T08:14:26.386-0500] {processor.py:183} INFO - Processing /Users/evankrupa/airflow_project/env/lib/python3.11/site-packages/airflow/example_dags/example_bash_decorator.py took 0.108 seconds
[2025-12-12T08:15:47.991-0500] {processor.py:161} INFO - Started process (PID=64049) to work on /Users/evankrupa/airflow_project/env/lib/python3.11/site-packages/airflow/example_dags/example_bash_decorator.py
[2025-12-12T08:15:47.992-0500] {processor.py:830} INFO - Processing file /Users/evankrupa/airflow_project/env/lib/python3.11/site-packages/airflow/example_dags/example_bash_decorator.py for tasks to queue
[2025-12-12T08:15:47.993-0500] {logging_mixin.py:188} INFO - [2025-12-12T08:15:47.993-0500] {dagbag.py:545} INFO - Filling up the DagBag from /Users/evankrupa/airflow_project/env/lib/python3.11/site-packages/airflow/example_dags/example_bash_decorator.py
[2025-12-12T08:15:48.006-0500] {processor.py:840} INFO - DAG(s) 'example_bash_decorator' retrieved from /Users/evankrupa/airflow_project/env/lib/python3.11/site-packages/airflow/example_dags/example_bash_decorator.py
[2025-12-12T08:15:48.057-0500] {logging_mixin.py:188} INFO - [2025-12-12T08:15:48.057-0500] {dag.py:3096} INFO - Sync 1 DAGs
[2025-12-12T08:15:48.081-0500] {logging_mixin.py:188} INFO - [2025-12-12T08:15:48.081-0500] {dag.py:3954} INFO - Setting next_dagrun for example_bash_decorator to None, run_after=None
[2025-12-12T08:15:48.087-0500] {processor.py:183} INFO - Processing /Users/evankrupa/airflow_project/env/lib/python3.11/site-packages/airflow/example_dags/example_bash_decorator.py took 0.096 seconds
[2025-12-12T08:17:12.766-0500] {processor.py:161} INFO - Started process (PID=64117) to work on /Users/evankrupa/airflow_project/env/lib/python3.11/site-packages/airflow/example_dags/example_bash_decorator.py
[2025-12-12T08:17:12.767-0500] {processor.py:830} INFO - Processing file /Users/evankrupa/airflow_project/env/lib/python3.11/site-packages/airflow/example_dags/example_bash_decorator.py for tasks to queue
[2025-12-12T08:17:12.767-0500] {logging_mixin.py:188} INFO - [2025-12-12T08:17:12.767-0500] {dagbag.py:545} INFO - Filling up the DagBag from /Users/evankrupa/airflow_project/env/lib/python3.11/site-packages/airflow/example_dags/example_bash_decorator.py
[2025-12-12T08:17:12.781-0500] {processor.py:840} INFO - DAG(s) 'example_bash_decorator' retrieved from /Users/evankrupa/airflow_project/env/lib/python3.11/site-packages/airflow/example_dags/example_bash_decorator.py
[2025-12-12T08:17:12.832-0500] {logging_mixin.py:188} INFO - [2025-12-12T08:17:12.832-0500] {dag.py:3096} INFO - Sync 1 DAGs
[2025-12-12T08:17:12.854-0500] {logging_mixin.py:188} INFO - [2025-12-12T08:17:12.854-0500] {dag.py:3954} INFO - Setting next_dagrun for example_bash_decorator to None, run_after=None
[2025-12-12T08:17:12.860-0500] {processor.py:183} INFO - Processing /Users/evankrupa/airflow_project/env/lib/python3.11/site-packages/airflow/example_dags/example_bash_decorator.py took 0.095 seconds
[2025-12-12T08:18:37.254-0500] {processor.py:161} INFO - Started process (PID=64186) to work on /Users/evankrupa/airflow_project/env/lib/python3.11/site-packages/airflow/example_dags/example_bash_decorator.py
[2025-12-12T08:18:37.255-0500] {processor.py:830} INFO - Processing file /Users/evankrupa/airflow_project/env/lib/python3.11/site-packages/airflow/example_dags/example_bash_decorator.py for tasks to queue
[2025-12-12T08:18:37.256-0500] {logging_mixin.py:188} INFO - [2025-12-12T08:18:37.256-0500] {dagbag.py:545} INFO - Filling up the DagBag from /Users/evankrupa/airflow_project/env/lib/python3.11/site-packages/airflow/example_dags/example_bash_decorator.py
[2025-12-12T08:18:37.269-0500] {processor.py:840} INFO - DAG(s) 'example_bash_decorator' retrieved from /Users/evankrupa/airflow_project/env/lib/python3.11/site-packages/airflow/example_dags/example_bash_decorator.py
[2025-12-12T08:18:37.320-0500] {logging_mixin.py:188} INFO - [2025-12-12T08:18:37.320-0500] {dag.py:3096} INFO - Sync 1 DAGs
[2025-12-12T08:18:37.342-0500] {logging_mixin.py:188} INFO - [2025-12-12T08:18:37.342-0500] {dag.py:3954} INFO - Setting next_dagrun for example_bash_decorator to None, run_after=None
[2025-12-12T08:18:37.347-0500] {processor.py:183} INFO - Processing /Users/evankrupa/airflow_project/env/lib/python3.11/site-packages/airflow/example_dags/example_bash_decorator.py took 0.094 seconds
[2025-12-12T08:20:00.991-0500] {processor.py:161} INFO - Started process (PID=64253) to work on /Users/evankrupa/airflow_project/env/lib/python3.11/site-packages/airflow/example_dags/example_bash_decorator.py
[2025-12-12T08:20:00.991-0500] {processor.py:830} INFO - Processing file /Users/evankrupa/airflow_project/env/lib/python3.11/site-packages/airflow/example_dags/example_bash_decorator.py for tasks to queue
[2025-12-12T08:20:00.991-0500] {logging_mixin.py:188} INFO - [2025-12-12T08:20:00.991-0500] {dagbag.py:545} INFO - Filling up the DagBag from /Users/evankrupa/airflow_project/env/lib/python3.11/site-packages/airflow/example_dags/example_bash_decorator.py
[2025-12-12T08:20:01.005-0500] {processor.py:840} INFO - DAG(s) 'example_bash_decorator' retrieved from /Users/evankrupa/airflow_project/env/lib/python3.11/site-packages/airflow/example_dags/example_bash_decorator.py
[2025-12-12T08:20:01.068-0500] {logging_mixin.py:188} INFO - [2025-12-12T08:20:01.068-0500] {dag.py:3096} INFO - Sync 1 DAGs
[2025-12-12T08:20:01.092-0500] {logging_mixin.py:188} INFO - [2025-12-12T08:20:01.092-0500] {dag.py:3954} INFO - Setting next_dagrun for example_bash_decorator to None, run_after=None
[2025-12-12T08:20:01.098-0500] {processor.py:183} INFO - Processing /Users/evankrupa/airflow_project/env/lib/python3.11/site-packages/airflow/example_dags/example_bash_decorator.py took 0.108 seconds
[2025-12-12T08:21:25.062-0500] {processor.py:161} INFO - Started process (PID=64320) to work on /Users/evankrupa/airflow_project/env/lib/python3.11/site-packages/airflow/example_dags/example_bash_decorator.py
[2025-12-12T08:21:25.063-0500] {processor.py:830} INFO - Processing file /Users/evankrupa/airflow_project/env/lib/python3.11/site-packages/airflow/example_dags/example_bash_decorator.py for tasks to queue
[2025-12-12T08:21:25.063-0500] {logging_mixin.py:188} INFO - [2025-12-12T08:21:25.063-0500] {dagbag.py:545} INFO - Filling up the DagBag from /Users/evankrupa/airflow_project/env/lib/python3.11/site-packages/airflow/example_dags/example_bash_decorator.py
[2025-12-12T08:21:25.077-0500] {processor.py:840} INFO - DAG(s) 'example_bash_decorator' retrieved from /Users/evankrupa/airflow_project/env/lib/python3.11/site-packages/airflow/example_dags/example_bash_decorator.py
[2025-12-12T08:21:25.141-0500] {logging_mixin.py:188} INFO - [2025-12-12T08:21:25.141-0500] {dag.py:3096} INFO - Sync 1 DAGs
[2025-12-12T08:21:25.166-0500] {logging_mixin.py:188} INFO - [2025-12-12T08:21:25.166-0500] {dag.py:3954} INFO - Setting next_dagrun for example_bash_decorator to None, run_after=None
[2025-12-12T08:21:25.171-0500] {processor.py:183} INFO - Processing /Users/evankrupa/airflow_project/env/lib/python3.11/site-packages/airflow/example_dags/example_bash_decorator.py took 0.110 seconds
[2025-12-12T08:22:49.186-0500] {processor.py:161} INFO - Started process (PID=64386) to work on /Users/evankrupa/airflow_project/env/lib/python3.11/site-packages/airflow/example_dags/example_bash_decorator.py
[2025-12-12T08:22:49.187-0500] {processor.py:830} INFO - Processing file /Users/evankrupa/airflow_project/env/lib/python3.11/site-packages/airflow/example_dags/example_bash_decorator.py for tasks to queue
[2025-12-12T08:22:49.187-0500] {logging_mixin.py:188} INFO - [2025-12-12T08:22:49.187-0500] {dagbag.py:545} INFO - Filling up the DagBag from /Users/evankrupa/airflow_project/env/lib/python3.11/site-packages/airflow/example_dags/example_bash_decorator.py
[2025-12-12T08:22:49.201-0500] {processor.py:840} INFO - DAG(s) 'example_bash_decorator' retrieved from /Users/evankrupa/airflow_project/env/lib/python3.11/site-packages/airflow/example_dags/example_bash_decorator.py
[2025-12-12T08:22:49.263-0500] {logging_mixin.py:188} INFO - [2025-12-12T08:22:49.263-0500] {dag.py:3096} INFO - Sync 1 DAGs
[2025-12-12T08:22:49.286-0500] {logging_mixin.py:188} INFO - [2025-12-12T08:22:49.286-0500] {dag.py:3954} INFO - Setting next_dagrun for example_bash_decorator to None, run_after=None
[2025-12-12T08:22:49.292-0500] {processor.py:183} INFO - Processing /Users/evankrupa/airflow_project/env/lib/python3.11/site-packages/airflow/example_dags/example_bash_decorator.py took 0.107 seconds
[2025-12-12T08:24:13.710-0500] {processor.py:161} INFO - Started process (PID=64461) to work on /Users/evankrupa/airflow_project/env/lib/python3.11/site-packages/airflow/example_dags/example_bash_decorator.py
[2025-12-12T08:24:13.710-0500] {processor.py:830} INFO - Processing file /Users/evankrupa/airflow_project/env/lib/python3.11/site-packages/airflow/example_dags/example_bash_decorator.py for tasks to queue
[2025-12-12T08:24:13.710-0500] {logging_mixin.py:188} INFO - [2025-12-12T08:24:13.710-0500] {dagbag.py:545} INFO - Filling up the DagBag from /Users/evankrupa/airflow_project/env/lib/python3.11/site-packages/airflow/example_dags/example_bash_decorator.py
[2025-12-12T08:24:13.724-0500] {processor.py:840} INFO - DAG(s) 'example_bash_decorator' retrieved from /Users/evankrupa/airflow_project/env/lib/python3.11/site-packages/airflow/example_dags/example_bash_decorator.py
[2025-12-12T08:24:13.774-0500] {logging_mixin.py:188} INFO - [2025-12-12T08:24:13.774-0500] {dag.py:3096} INFO - Sync 1 DAGs
[2025-12-12T08:24:13.796-0500] {logging_mixin.py:188} INFO - [2025-12-12T08:24:13.796-0500] {dag.py:3954} INFO - Setting next_dagrun for example_bash_decorator to None, run_after=None
[2025-12-12T08:24:13.802-0500] {processor.py:183} INFO - Processing /Users/evankrupa/airflow_project/env/lib/python3.11/site-packages/airflow/example_dags/example_bash_decorator.py took 0.093 seconds
[2025-12-12T08:25:35.925-0500] {processor.py:161} INFO - Started process (PID=64529) to work on /Users/evankrupa/airflow_project/env/lib/python3.11/site-packages/airflow/example_dags/example_bash_decorator.py
[2025-12-12T08:25:35.926-0500] {processor.py:830} INFO - Processing file /Users/evankrupa/airflow_project/env/lib/python3.11/site-packages/airflow/example_dags/example_bash_decorator.py for tasks to queue
[2025-12-12T08:25:35.926-0500] {logging_mixin.py:188} INFO - [2025-12-12T08:25:35.926-0500] {dagbag.py:545} INFO - Filling up the DagBag from /Users/evankrupa/airflow_project/env/lib/python3.11/site-packages/airflow/example_dags/example_bash_decorator.py
[2025-12-12T08:25:35.940-0500] {processor.py:840} INFO - DAG(s) 'example_bash_decorator' retrieved from /Users/evankrupa/airflow_project/env/lib/python3.11/site-packages/airflow/example_dags/example_bash_decorator.py
[2025-12-12T08:25:36.001-0500] {logging_mixin.py:188} INFO - [2025-12-12T08:25:36.001-0500] {dag.py:3096} INFO - Sync 1 DAGs
[2025-12-12T08:25:36.025-0500] {logging_mixin.py:188} INFO - [2025-12-12T08:25:36.024-0500] {dag.py:3954} INFO - Setting next_dagrun for example_bash_decorator to None, run_after=None
[2025-12-12T08:25:36.030-0500] {processor.py:183} INFO - Processing /Users/evankrupa/airflow_project/env/lib/python3.11/site-packages/airflow/example_dags/example_bash_decorator.py took 0.106 seconds
[2025-12-12T08:27:02.365-0500] {processor.py:161} INFO - Started process (PID=64606) to work on /Users/evankrupa/airflow_project/env/lib/python3.11/site-packages/airflow/example_dags/example_bash_decorator.py
[2025-12-12T08:27:02.366-0500] {processor.py:830} INFO - Processing file /Users/evankrupa/airflow_project/env/lib/python3.11/site-packages/airflow/example_dags/example_bash_decorator.py for tasks to queue
[2025-12-12T08:27:02.366-0500] {logging_mixin.py:188} INFO - [2025-12-12T08:27:02.366-0500] {dagbag.py:545} INFO - Filling up the DagBag from /Users/evankrupa/airflow_project/env/lib/python3.11/site-packages/airflow/example_dags/example_bash_decorator.py
[2025-12-12T08:27:02.383-0500] {processor.py:840} INFO - DAG(s) 'example_bash_decorator' retrieved from /Users/evankrupa/airflow_project/env/lib/python3.11/site-packages/airflow/example_dags/example_bash_decorator.py
[2025-12-12T08:27:02.450-0500] {logging_mixin.py:188} INFO - [2025-12-12T08:27:02.450-0500] {dag.py:3096} INFO - Sync 1 DAGs
[2025-12-12T08:27:02.475-0500] {logging_mixin.py:188} INFO - [2025-12-12T08:27:02.475-0500] {dag.py:3954} INFO - Setting next_dagrun for example_bash_decorator to None, run_after=None
[2025-12-12T08:27:02.481-0500] {processor.py:183} INFO - Processing /Users/evankrupa/airflow_project/env/lib/python3.11/site-packages/airflow/example_dags/example_bash_decorator.py took 0.116 seconds
[2025-12-12T08:28:28.562-0500] {processor.py:161} INFO - Started process (PID=64708) to work on /Users/evankrupa/airflow_project/env/lib/python3.11/site-packages/airflow/example_dags/example_bash_decorator.py
[2025-12-12T08:28:28.563-0500] {processor.py:830} INFO - Processing file /Users/evankrupa/airflow_project/env/lib/python3.11/site-packages/airflow/example_dags/example_bash_decorator.py for tasks to queue
[2025-12-12T08:28:28.563-0500] {logging_mixin.py:188} INFO - [2025-12-12T08:28:28.563-0500] {dagbag.py:545} INFO - Filling up the DagBag from /Users/evankrupa/airflow_project/env/lib/python3.11/site-packages/airflow/example_dags/example_bash_decorator.py
[2025-12-12T08:28:28.577-0500] {processor.py:840} INFO - DAG(s) 'example_bash_decorator' retrieved from /Users/evankrupa/airflow_project/env/lib/python3.11/site-packages/airflow/example_dags/example_bash_decorator.py
[2025-12-12T08:28:28.639-0500] {logging_mixin.py:188} INFO - [2025-12-12T08:28:28.638-0500] {dag.py:3096} INFO - Sync 1 DAGs
[2025-12-12T08:28:28.663-0500] {logging_mixin.py:188} INFO - [2025-12-12T08:28:28.663-0500] {dag.py:3954} INFO - Setting next_dagrun for example_bash_decorator to None, run_after=None
[2025-12-12T08:28:28.669-0500] {processor.py:183} INFO - Processing /Users/evankrupa/airflow_project/env/lib/python3.11/site-packages/airflow/example_dags/example_bash_decorator.py took 0.108 seconds
[2025-12-12T08:29:50.601-0500] {processor.py:161} INFO - Started process (PID=64779) to work on /Users/evankrupa/airflow_project/env/lib/python3.11/site-packages/airflow/example_dags/example_bash_decorator.py
[2025-12-12T08:29:50.603-0500] {processor.py:830} INFO - Processing file /Users/evankrupa/airflow_project/env/lib/python3.11/site-packages/airflow/example_dags/example_bash_decorator.py for tasks to queue
[2025-12-12T08:29:50.603-0500] {logging_mixin.py:188} INFO - [2025-12-12T08:29:50.603-0500] {dagbag.py:545} INFO - Filling up the DagBag from /Users/evankrupa/airflow_project/env/lib/python3.11/site-packages/airflow/example_dags/example_bash_decorator.py
[2025-12-12T08:29:50.619-0500] {processor.py:840} INFO - DAG(s) 'example_bash_decorator' retrieved from /Users/evankrupa/airflow_project/env/lib/python3.11/site-packages/airflow/example_dags/example_bash_decorator.py
[2025-12-12T08:29:50.682-0500] {logging_mixin.py:188} INFO - [2025-12-12T08:29:50.682-0500] {dag.py:3096} INFO - Sync 1 DAGs
[2025-12-12T08:29:50.705-0500] {logging_mixin.py:188} INFO - [2025-12-12T08:29:50.705-0500] {dag.py:3954} INFO - Setting next_dagrun for example_bash_decorator to None, run_after=None
[2025-12-12T08:29:50.711-0500] {processor.py:183} INFO - Processing /Users/evankrupa/airflow_project/env/lib/python3.11/site-packages/airflow/example_dags/example_bash_decorator.py took 0.110 seconds
[2025-12-12T08:31:11.796-0500] {processor.py:161} INFO - Started process (PID=64865) to work on /Users/evankrupa/airflow_project/env/lib/python3.11/site-packages/airflow/example_dags/example_bash_decorator.py
[2025-12-12T08:31:11.798-0500] {processor.py:830} INFO - Processing file /Users/evankrupa/airflow_project/env/lib/python3.11/site-packages/airflow/example_dags/example_bash_decorator.py for tasks to queue
[2025-12-12T08:31:11.798-0500] {logging_mixin.py:188} INFO - [2025-12-12T08:31:11.798-0500] {dagbag.py:545} INFO - Filling up the DagBag from /Users/evankrupa/airflow_project/env/lib/python3.11/site-packages/airflow/example_dags/example_bash_decorator.py
[2025-12-12T08:31:11.812-0500] {processor.py:840} INFO - DAG(s) 'example_bash_decorator' retrieved from /Users/evankrupa/airflow_project/env/lib/python3.11/site-packages/airflow/example_dags/example_bash_decorator.py
[2025-12-12T08:31:11.872-0500] {logging_mixin.py:188} INFO - [2025-12-12T08:31:11.872-0500] {dag.py:3096} INFO - Sync 1 DAGs
[2025-12-12T08:31:11.894-0500] {logging_mixin.py:188} INFO - [2025-12-12T08:31:11.894-0500] {dag.py:3954} INFO - Setting next_dagrun for example_bash_decorator to None, run_after=None
[2025-12-12T08:31:11.900-0500] {processor.py:183} INFO - Processing /Users/evankrupa/airflow_project/env/lib/python3.11/site-packages/airflow/example_dags/example_bash_decorator.py took 0.104 seconds
[2025-12-12T08:32:36.811-0500] {processor.py:161} INFO - Started process (PID=64957) to work on /Users/evankrupa/airflow_project/env/lib/python3.11/site-packages/airflow/example_dags/example_bash_decorator.py
[2025-12-12T08:32:36.813-0500] {processor.py:830} INFO - Processing file /Users/evankrupa/airflow_project/env/lib/python3.11/site-packages/airflow/example_dags/example_bash_decorator.py for tasks to queue
[2025-12-12T08:32:36.813-0500] {logging_mixin.py:188} INFO - [2025-12-12T08:32:36.813-0500] {dagbag.py:545} INFO - Filling up the DagBag from /Users/evankrupa/airflow_project/env/lib/python3.11/site-packages/airflow/example_dags/example_bash_decorator.py
[2025-12-12T08:32:36.829-0500] {processor.py:840} INFO - DAG(s) 'example_bash_decorator' retrieved from /Users/evankrupa/airflow_project/env/lib/python3.11/site-packages/airflow/example_dags/example_bash_decorator.py
[2025-12-12T08:32:36.890-0500] {logging_mixin.py:188} INFO - [2025-12-12T08:32:36.890-0500] {dag.py:3096} INFO - Sync 1 DAGs
[2025-12-12T08:32:36.916-0500] {logging_mixin.py:188} INFO - [2025-12-12T08:32:36.916-0500] {dag.py:3954} INFO - Setting next_dagrun for example_bash_decorator to None, run_after=None
[2025-12-12T08:32:36.921-0500] {processor.py:183} INFO - Processing /Users/evankrupa/airflow_project/env/lib/python3.11/site-packages/airflow/example_dags/example_bash_decorator.py took 0.111 seconds
[2025-12-12T08:34:01.031-0500] {processor.py:161} INFO - Started process (PID=65052) to work on /Users/evankrupa/airflow_project/env/lib/python3.11/site-packages/airflow/example_dags/example_bash_decorator.py
[2025-12-12T08:34:01.032-0500] {processor.py:830} INFO - Processing file /Users/evankrupa/airflow_project/env/lib/python3.11/site-packages/airflow/example_dags/example_bash_decorator.py for tasks to queue
[2025-12-12T08:34:01.033-0500] {logging_mixin.py:188} INFO - [2025-12-12T08:34:01.033-0500] {dagbag.py:545} INFO - Filling up the DagBag from /Users/evankrupa/airflow_project/env/lib/python3.11/site-packages/airflow/example_dags/example_bash_decorator.py
[2025-12-12T08:34:01.047-0500] {processor.py:840} INFO - DAG(s) 'example_bash_decorator' retrieved from /Users/evankrupa/airflow_project/env/lib/python3.11/site-packages/airflow/example_dags/example_bash_decorator.py
[2025-12-12T08:34:01.107-0500] {logging_mixin.py:188} INFO - [2025-12-12T08:34:01.107-0500] {dag.py:3096} INFO - Sync 1 DAGs
[2025-12-12T08:34:01.130-0500] {logging_mixin.py:188} INFO - [2025-12-12T08:34:01.130-0500] {dag.py:3954} INFO - Setting next_dagrun for example_bash_decorator to None, run_after=None
[2025-12-12T08:34:01.135-0500] {processor.py:183} INFO - Processing /Users/evankrupa/airflow_project/env/lib/python3.11/site-packages/airflow/example_dags/example_bash_decorator.py took 0.105 seconds
[2025-12-12T08:35:28.660-0500] {processor.py:161} INFO - Started process (PID=65145) to work on /Users/evankrupa/airflow_project/env/lib/python3.11/site-packages/airflow/example_dags/example_bash_decorator.py
[2025-12-12T08:35:28.661-0500] {processor.py:830} INFO - Processing file /Users/evankrupa/airflow_project/env/lib/python3.11/site-packages/airflow/example_dags/example_bash_decorator.py for tasks to queue
[2025-12-12T08:35:28.661-0500] {logging_mixin.py:188} INFO - [2025-12-12T08:35:28.661-0500] {dagbag.py:545} INFO - Filling up the DagBag from /Users/evankrupa/airflow_project/env/lib/python3.11/site-packages/airflow/example_dags/example_bash_decorator.py
[2025-12-12T08:35:28.675-0500] {processor.py:840} INFO - DAG(s) 'example_bash_decorator' retrieved from /Users/evankrupa/airflow_project/env/lib/python3.11/site-packages/airflow/example_dags/example_bash_decorator.py
[2025-12-12T08:35:28.737-0500] {logging_mixin.py:188} INFO - [2025-12-12T08:35:28.737-0500] {dag.py:3096} INFO - Sync 1 DAGs
[2025-12-12T08:35:28.760-0500] {logging_mixin.py:188} INFO - [2025-12-12T08:35:28.760-0500] {dag.py:3954} INFO - Setting next_dagrun for example_bash_decorator to None, run_after=None
[2025-12-12T08:35:28.767-0500] {processor.py:183} INFO - Processing /Users/evankrupa/airflow_project/env/lib/python3.11/site-packages/airflow/example_dags/example_bash_decorator.py took 0.108 seconds
[2025-12-12T08:36:50.763-0500] {processor.py:161} INFO - Started process (PID=65222) to work on /Users/evankrupa/airflow_project/env/lib/python3.11/site-packages/airflow/example_dags/example_bash_decorator.py
[2025-12-12T08:36:50.765-0500] {processor.py:830} INFO - Processing file /Users/evankrupa/airflow_project/env/lib/python3.11/site-packages/airflow/example_dags/example_bash_decorator.py for tasks to queue
[2025-12-12T08:36:50.765-0500] {logging_mixin.py:188} INFO - [2025-12-12T08:36:50.765-0500] {dagbag.py:545} INFO - Filling up the DagBag from /Users/evankrupa/airflow_project/env/lib/python3.11/site-packages/airflow/example_dags/example_bash_decorator.py
[2025-12-12T08:36:50.779-0500] {processor.py:840} INFO - DAG(s) 'example_bash_decorator' retrieved from /Users/evankrupa/airflow_project/env/lib/python3.11/site-packages/airflow/example_dags/example_bash_decorator.py
[2025-12-12T08:36:50.829-0500] {logging_mixin.py:188} INFO - [2025-12-12T08:36:50.829-0500] {dag.py:3096} INFO - Sync 1 DAGs
[2025-12-12T08:36:50.850-0500] {logging_mixin.py:188} INFO - [2025-12-12T08:36:50.850-0500] {dag.py:3954} INFO - Setting next_dagrun for example_bash_decorator to None, run_after=None
[2025-12-12T08:36:50.856-0500] {processor.py:183} INFO - Processing /Users/evankrupa/airflow_project/env/lib/python3.11/site-packages/airflow/example_dags/example_bash_decorator.py took 0.094 seconds
[2025-12-12T08:38:16.245-0500] {processor.py:161} INFO - Started process (PID=65292) to work on /Users/evankrupa/airflow_project/env/lib/python3.11/site-packages/airflow/example_dags/example_bash_decorator.py
[2025-12-12T08:38:16.246-0500] {processor.py:830} INFO - Processing file /Users/evankrupa/airflow_project/env/lib/python3.11/site-packages/airflow/example_dags/example_bash_decorator.py for tasks to queue
[2025-12-12T08:38:16.246-0500] {logging_mixin.py:188} INFO - [2025-12-12T08:38:16.246-0500] {dagbag.py:545} INFO - Filling up the DagBag from /Users/evankrupa/airflow_project/env/lib/python3.11/site-packages/airflow/example_dags/example_bash_decorator.py
[2025-12-12T08:38:16.260-0500] {processor.py:840} INFO - DAG(s) 'example_bash_decorator' retrieved from /Users/evankrupa/airflow_project/env/lib/python3.11/site-packages/airflow/example_dags/example_bash_decorator.py
[2025-12-12T08:38:16.325-0500] {logging_mixin.py:188} INFO - [2025-12-12T08:38:16.325-0500] {dag.py:3096} INFO - Sync 1 DAGs
[2025-12-12T08:38:16.348-0500] {logging_mixin.py:188} INFO - [2025-12-12T08:38:16.348-0500] {dag.py:3954} INFO - Setting next_dagrun for example_bash_decorator to None, run_after=None
[2025-12-12T08:38:16.353-0500] {processor.py:183} INFO - Processing /Users/evankrupa/airflow_project/env/lib/python3.11/site-packages/airflow/example_dags/example_bash_decorator.py took 0.109 seconds
[2025-12-12T08:39:38.489-0500] {processor.py:161} INFO - Started process (PID=65372) to work on /Users/evankrupa/airflow_project/env/lib/python3.11/site-packages/airflow/example_dags/example_bash_decorator.py
[2025-12-12T08:39:38.490-0500] {processor.py:830} INFO - Processing file /Users/evankrupa/airflow_project/env/lib/python3.11/site-packages/airflow/example_dags/example_bash_decorator.py for tasks to queue
[2025-12-12T08:39:38.490-0500] {logging_mixin.py:188} INFO - [2025-12-12T08:39:38.490-0500] {dagbag.py:545} INFO - Filling up the DagBag from /Users/evankrupa/airflow_project/env/lib/python3.11/site-packages/airflow/example_dags/example_bash_decorator.py
[2025-12-12T08:39:38.507-0500] {processor.py:840} INFO - DAG(s) 'example_bash_decorator' retrieved from /Users/evankrupa/airflow_project/env/lib/python3.11/site-packages/airflow/example_dags/example_bash_decorator.py
[2025-12-12T08:39:38.568-0500] {logging_mixin.py:188} INFO - [2025-12-12T08:39:38.567-0500] {dag.py:3096} INFO - Sync 1 DAGs
[2025-12-12T08:39:38.590-0500] {logging_mixin.py:188} INFO - [2025-12-12T08:39:38.590-0500] {dag.py:3954} INFO - Setting next_dagrun for example_bash_decorator to None, run_after=None
[2025-12-12T08:39:38.596-0500] {processor.py:183} INFO - Processing /Users/evankrupa/airflow_project/env/lib/python3.11/site-packages/airflow/example_dags/example_bash_decorator.py took 0.108 seconds
[2025-12-12T08:41:02.457-0500] {processor.py:161} INFO - Started process (PID=65457) to work on /Users/evankrupa/airflow_project/env/lib/python3.11/site-packages/airflow/example_dags/example_bash_decorator.py
[2025-12-12T08:41:02.458-0500] {processor.py:830} INFO - Processing file /Users/evankrupa/airflow_project/env/lib/python3.11/site-packages/airflow/example_dags/example_bash_decorator.py for tasks to queue
[2025-12-12T08:41:02.458-0500] {logging_mixin.py:188} INFO - [2025-12-12T08:41:02.458-0500] {dagbag.py:545} INFO - Filling up the DagBag from /Users/evankrupa/airflow_project/env/lib/python3.11/site-packages/airflow/example_dags/example_bash_decorator.py
[2025-12-12T08:41:02.472-0500] {processor.py:840} INFO - DAG(s) 'example_bash_decorator' retrieved from /Users/evankrupa/airflow_project/env/lib/python3.11/site-packages/airflow/example_dags/example_bash_decorator.py
[2025-12-12T08:41:02.533-0500] {logging_mixin.py:188} INFO - [2025-12-12T08:41:02.533-0500] {dag.py:3096} INFO - Sync 1 DAGs
[2025-12-12T08:41:02.556-0500] {logging_mixin.py:188} INFO - [2025-12-12T08:41:02.556-0500] {dag.py:3954} INFO - Setting next_dagrun for example_bash_decorator to None, run_after=None
[2025-12-12T08:41:02.561-0500] {processor.py:183} INFO - Processing /Users/evankrupa/airflow_project/env/lib/python3.11/site-packages/airflow/example_dags/example_bash_decorator.py took 0.105 seconds
[2025-12-12T08:42:24.854-0500] {processor.py:161} INFO - Started process (PID=65525) to work on /Users/evankrupa/airflow_project/env/lib/python3.11/site-packages/airflow/example_dags/example_bash_decorator.py
[2025-12-12T08:42:24.855-0500] {processor.py:830} INFO - Processing file /Users/evankrupa/airflow_project/env/lib/python3.11/site-packages/airflow/example_dags/example_bash_decorator.py for tasks to queue
[2025-12-12T08:42:24.855-0500] {logging_mixin.py:188} INFO - [2025-12-12T08:42:24.855-0500] {dagbag.py:545} INFO - Filling up the DagBag from /Users/evankrupa/airflow_project/env/lib/python3.11/site-packages/airflow/example_dags/example_bash_decorator.py
[2025-12-12T08:42:24.871-0500] {processor.py:840} INFO - DAG(s) 'example_bash_decorator' retrieved from /Users/evankrupa/airflow_project/env/lib/python3.11/site-packages/airflow/example_dags/example_bash_decorator.py
[2025-12-12T08:42:24.931-0500] {logging_mixin.py:188} INFO - [2025-12-12T08:42:24.931-0500] {dag.py:3096} INFO - Sync 1 DAGs
[2025-12-12T08:42:24.955-0500] {logging_mixin.py:188} INFO - [2025-12-12T08:42:24.955-0500] {dag.py:3954} INFO - Setting next_dagrun for example_bash_decorator to None, run_after=None
[2025-12-12T08:42:24.960-0500] {processor.py:183} INFO - Processing /Users/evankrupa/airflow_project/env/lib/python3.11/site-packages/airflow/example_dags/example_bash_decorator.py took 0.107 seconds
[2025-12-12T08:43:48.404-0500] {processor.py:161} INFO - Started process (PID=65609) to work on /Users/evankrupa/airflow_project/env/lib/python3.11/site-packages/airflow/example_dags/example_bash_decorator.py
[2025-12-12T08:43:48.405-0500] {processor.py:830} INFO - Processing file /Users/evankrupa/airflow_project/env/lib/python3.11/site-packages/airflow/example_dags/example_bash_decorator.py for tasks to queue
[2025-12-12T08:43:48.405-0500] {logging_mixin.py:188} INFO - [2025-12-12T08:43:48.405-0500] {dagbag.py:545} INFO - Filling up the DagBag from /Users/evankrupa/airflow_project/env/lib/python3.11/site-packages/airflow/example_dags/example_bash_decorator.py
[2025-12-12T08:43:48.418-0500] {processor.py:840} INFO - DAG(s) 'example_bash_decorator' retrieved from /Users/evankrupa/airflow_project/env/lib/python3.11/site-packages/airflow/example_dags/example_bash_decorator.py
[2025-12-12T08:43:48.468-0500] {logging_mixin.py:188} INFO - [2025-12-12T08:43:48.468-0500] {dag.py:3096} INFO - Sync 1 DAGs
[2025-12-12T08:43:48.489-0500] {logging_mixin.py:188} INFO - [2025-12-12T08:43:48.489-0500] {dag.py:3954} INFO - Setting next_dagrun for example_bash_decorator to None, run_after=None
[2025-12-12T08:43:48.494-0500] {processor.py:183} INFO - Processing /Users/evankrupa/airflow_project/env/lib/python3.11/site-packages/airflow/example_dags/example_bash_decorator.py took 0.092 seconds
[2025-12-12T08:45:12.668-0500] {processor.py:161} INFO - Started process (PID=65688) to work on /Users/evankrupa/airflow_project/env/lib/python3.11/site-packages/airflow/example_dags/example_bash_decorator.py
[2025-12-12T08:45:12.670-0500] {processor.py:830} INFO - Processing file /Users/evankrupa/airflow_project/env/lib/python3.11/site-packages/airflow/example_dags/example_bash_decorator.py for tasks to queue
[2025-12-12T08:45:12.670-0500] {logging_mixin.py:188} INFO - [2025-12-12T08:45:12.670-0500] {dagbag.py:545} INFO - Filling up the DagBag from /Users/evankrupa/airflow_project/env/lib/python3.11/site-packages/airflow/example_dags/example_bash_decorator.py
[2025-12-12T08:45:12.683-0500] {processor.py:840} INFO - DAG(s) 'example_bash_decorator' retrieved from /Users/evankrupa/airflow_project/env/lib/python3.11/site-packages/airflow/example_dags/example_bash_decorator.py
[2025-12-12T08:45:12.734-0500] {logging_mixin.py:188} INFO - [2025-12-12T08:45:12.734-0500] {dag.py:3096} INFO - Sync 1 DAGs
[2025-12-12T08:45:12.755-0500] {logging_mixin.py:188} INFO - [2025-12-12T08:45:12.754-0500] {dag.py:3954} INFO - Setting next_dagrun for example_bash_decorator to None, run_after=None
[2025-12-12T08:45:12.760-0500] {processor.py:183} INFO - Processing /Users/evankrupa/airflow_project/env/lib/python3.11/site-packages/airflow/example_dags/example_bash_decorator.py took 0.093 seconds
