[2025-12-12T07:25:38.204-0500] {processor.py:161} INFO - Started process (PID=56861) to work on /Users/evankrupa/airflow_project/env/lib/python3.11/site-packages/airflow/example_dags/example_sensor_decorator.py
[2025-12-12T07:25:38.205-0500] {processor.py:830} INFO - Processing file /Users/evankrupa/airflow_project/env/lib/python3.11/site-packages/airflow/example_dags/example_sensor_decorator.py for tasks to queue
[2025-12-12T07:25:38.205-0500] {logging_mixin.py:188} INFO - [2025-12-12T07:25:38.205-0500] {dagbag.py:545} INFO - Filling up the DagBag from /Users/evankrupa/airflow_project/env/lib/python3.11/site-packages/airflow/example_dags/example_sensor_decorator.py
[2025-12-12T07:25:38.217-0500] {processor.py:840} INFO - DAG(s) 'example_sensor_decorator' retrieved from /Users/evankrupa/airflow_project/env/lib/python3.11/site-packages/airflow/example_dags/example_sensor_decorator.py
[2025-12-12T07:25:38.271-0500] {logging_mixin.py:188} INFO - [2025-12-12T07:25:38.271-0500] {override.py:1829} INFO - Created Permission View: can delete on DAG:example_sensor_decorator
[2025-12-12T07:25:38.273-0500] {logging_mixin.py:188} INFO - [2025-12-12T07:25:38.273-0500] {override.py:1829} INFO - Created Permission View: can read on DAG:example_sensor_decorator
[2025-12-12T07:25:38.275-0500] {logging_mixin.py:188} INFO - [2025-12-12T07:25:38.275-0500] {override.py:1829} INFO - Created Permission View: can edit on DAG:example_sensor_decorator
[2025-12-12T07:25:38.275-0500] {logging_mixin.py:188} INFO - [2025-12-12T07:25:38.275-0500] {dag.py:3096} INFO - Sync 1 DAGs
[2025-12-12T07:25:38.298-0500] {logging_mixin.py:188} INFO - [2025-12-12T07:25:38.298-0500] {dag.py:3118} INFO - Creating ORM DAG for example_sensor_decorator
[2025-12-12T07:25:38.298-0500] {logging_mixin.py:188} INFO - [2025-12-12T07:25:38.298-0500] {dag.py:3954} INFO - Setting next_dagrun for example_sensor_decorator to None, run_after=None
[2025-12-12T07:25:38.303-0500] {processor.py:183} INFO - Processing /Users/evankrupa/airflow_project/env/lib/python3.11/site-packages/airflow/example_dags/example_sensor_decorator.py took 0.100 seconds
[2025-12-12T07:26:51.173-0500] {processor.py:161} INFO - Started process (PID=56928) to work on /Users/evankrupa/airflow_project/env/lib/python3.11/site-packages/airflow/example_dags/example_sensor_decorator.py
[2025-12-12T07:26:51.174-0500] {processor.py:830} INFO - Processing file /Users/evankrupa/airflow_project/env/lib/python3.11/site-packages/airflow/example_dags/example_sensor_decorator.py for tasks to queue
[2025-12-12T07:26:51.174-0500] {logging_mixin.py:188} INFO - [2025-12-12T07:26:51.174-0500] {dagbag.py:545} INFO - Filling up the DagBag from /Users/evankrupa/airflow_project/env/lib/python3.11/site-packages/airflow/example_dags/example_sensor_decorator.py
[2025-12-12T07:26:51.186-0500] {processor.py:840} INFO - DAG(s) 'example_sensor_decorator' retrieved from /Users/evankrupa/airflow_project/env/lib/python3.11/site-packages/airflow/example_dags/example_sensor_decorator.py
[2025-12-12T07:26:51.216-0500] {logging_mixin.py:188} INFO - [2025-12-12T07:26:51.216-0500] {dag.py:3096} INFO - Sync 1 DAGs
[2025-12-12T07:26:51.219-0500] {logging_mixin.py:188} INFO - [2025-12-12T07:26:51.218-0500] {dag.py:3954} INFO - Setting next_dagrun for example_sensor_decorator to None, run_after=None
[2025-12-12T07:26:51.225-0500] {processor.py:183} INFO - Processing /Users/evankrupa/airflow_project/env/lib/python3.11/site-packages/airflow/example_dags/example_sensor_decorator.py took 0.053 seconds
[2025-12-12T07:28:16.301-0500] {processor.py:161} INFO - Started process (PID=57731) to work on /Users/evankrupa/airflow_project/env/lib/python3.11/site-packages/airflow/example_dags/example_sensor_decorator.py
[2025-12-12T07:28:16.302-0500] {processor.py:830} INFO - Processing file /Users/evankrupa/airflow_project/env/lib/python3.11/site-packages/airflow/example_dags/example_sensor_decorator.py for tasks to queue
[2025-12-12T07:28:16.302-0500] {logging_mixin.py:188} INFO - [2025-12-12T07:28:16.302-0500] {dagbag.py:545} INFO - Filling up the DagBag from /Users/evankrupa/airflow_project/env/lib/python3.11/site-packages/airflow/example_dags/example_sensor_decorator.py
[2025-12-12T07:28:16.314-0500] {processor.py:840} INFO - DAG(s) 'example_sensor_decorator' retrieved from /Users/evankrupa/airflow_project/env/lib/python3.11/site-packages/airflow/example_dags/example_sensor_decorator.py
[2025-12-12T07:28:16.344-0500] {logging_mixin.py:188} INFO - [2025-12-12T07:28:16.344-0500] {dag.py:3096} INFO - Sync 1 DAGs
[2025-12-12T07:28:16.347-0500] {logging_mixin.py:188} INFO - [2025-12-12T07:28:16.346-0500] {dag.py:3954} INFO - Setting next_dagrun for example_sensor_decorator to None, run_after=None
[2025-12-12T07:28:16.352-0500] {processor.py:183} INFO - Processing /Users/evankrupa/airflow_project/env/lib/python3.11/site-packages/airflow/example_dags/example_sensor_decorator.py took 0.052 seconds
[2025-12-12T07:29:41.037-0500] {processor.py:161} INFO - Started process (PID=57948) to work on /Users/evankrupa/airflow_project/env/lib/python3.11/site-packages/airflow/example_dags/example_sensor_decorator.py
[2025-12-12T07:29:41.039-0500] {processor.py:830} INFO - Processing file /Users/evankrupa/airflow_project/env/lib/python3.11/site-packages/airflow/example_dags/example_sensor_decorator.py for tasks to queue
[2025-12-12T07:29:41.039-0500] {logging_mixin.py:188} INFO - [2025-12-12T07:29:41.039-0500] {dagbag.py:545} INFO - Filling up the DagBag from /Users/evankrupa/airflow_project/env/lib/python3.11/site-packages/airflow/example_dags/example_sensor_decorator.py
[2025-12-12T07:29:41.051-0500] {processor.py:840} INFO - DAG(s) 'example_sensor_decorator' retrieved from /Users/evankrupa/airflow_project/env/lib/python3.11/site-packages/airflow/example_dags/example_sensor_decorator.py
[2025-12-12T07:29:41.080-0500] {logging_mixin.py:188} INFO - [2025-12-12T07:29:41.080-0500] {dag.py:3096} INFO - Sync 1 DAGs
[2025-12-12T07:29:41.082-0500] {logging_mixin.py:188} INFO - [2025-12-12T07:29:41.082-0500] {dag.py:3954} INFO - Setting next_dagrun for example_sensor_decorator to None, run_after=None
[2025-12-12T07:29:41.088-0500] {processor.py:183} INFO - Processing /Users/evankrupa/airflow_project/env/lib/python3.11/site-packages/airflow/example_dags/example_sensor_decorator.py took 0.051 seconds
[2025-12-12T07:31:05.856-0500] {processor.py:161} INFO - Started process (PID=58107) to work on /Users/evankrupa/airflow_project/env/lib/python3.11/site-packages/airflow/example_dags/example_sensor_decorator.py
[2025-12-12T07:31:05.857-0500] {processor.py:830} INFO - Processing file /Users/evankrupa/airflow_project/env/lib/python3.11/site-packages/airflow/example_dags/example_sensor_decorator.py for tasks to queue
[2025-12-12T07:31:05.857-0500] {logging_mixin.py:188} INFO - [2025-12-12T07:31:05.857-0500] {dagbag.py:545} INFO - Filling up the DagBag from /Users/evankrupa/airflow_project/env/lib/python3.11/site-packages/airflow/example_dags/example_sensor_decorator.py
[2025-12-12T07:31:05.869-0500] {processor.py:840} INFO - DAG(s) 'example_sensor_decorator' retrieved from /Users/evankrupa/airflow_project/env/lib/python3.11/site-packages/airflow/example_dags/example_sensor_decorator.py
[2025-12-12T07:31:05.898-0500] {logging_mixin.py:188} INFO - [2025-12-12T07:31:05.898-0500] {dag.py:3096} INFO - Sync 1 DAGs
[2025-12-12T07:31:05.900-0500] {logging_mixin.py:188} INFO - [2025-12-12T07:31:05.900-0500] {dag.py:3954} INFO - Setting next_dagrun for example_sensor_decorator to None, run_after=None
[2025-12-12T07:31:05.906-0500] {processor.py:183} INFO - Processing /Users/evankrupa/airflow_project/env/lib/python3.11/site-packages/airflow/example_dags/example_sensor_decorator.py took 0.050 seconds
[2025-12-12T07:32:34.169-0500] {processor.py:161} INFO - Started process (PID=58408) to work on /Users/evankrupa/airflow_project/env/lib/python3.11/site-packages/airflow/example_dags/example_sensor_decorator.py
[2025-12-12T07:32:34.170-0500] {processor.py:830} INFO - Processing file /Users/evankrupa/airflow_project/env/lib/python3.11/site-packages/airflow/example_dags/example_sensor_decorator.py for tasks to queue
[2025-12-12T07:32:34.170-0500] {logging_mixin.py:188} INFO - [2025-12-12T07:32:34.170-0500] {dagbag.py:545} INFO - Filling up the DagBag from /Users/evankrupa/airflow_project/env/lib/python3.11/site-packages/airflow/example_dags/example_sensor_decorator.py
[2025-12-12T07:32:34.183-0500] {processor.py:840} INFO - DAG(s) 'example_sensor_decorator' retrieved from /Users/evankrupa/airflow_project/env/lib/python3.11/site-packages/airflow/example_dags/example_sensor_decorator.py
[2025-12-12T07:32:34.213-0500] {logging_mixin.py:188} INFO - [2025-12-12T07:32:34.213-0500] {dag.py:3096} INFO - Sync 1 DAGs
[2025-12-12T07:32:34.216-0500] {logging_mixin.py:188} INFO - [2025-12-12T07:32:34.216-0500] {dag.py:3954} INFO - Setting next_dagrun for example_sensor_decorator to None, run_after=None
[2025-12-12T07:32:34.221-0500] {processor.py:183} INFO - Processing /Users/evankrupa/airflow_project/env/lib/python3.11/site-packages/airflow/example_dags/example_sensor_decorator.py took 0.053 seconds
[2025-12-12T07:34:00.128-0500] {processor.py:161} INFO - Started process (PID=58485) to work on /Users/evankrupa/airflow_project/env/lib/python3.11/site-packages/airflow/example_dags/example_sensor_decorator.py
[2025-12-12T07:34:00.129-0500] {processor.py:830} INFO - Processing file /Users/evankrupa/airflow_project/env/lib/python3.11/site-packages/airflow/example_dags/example_sensor_decorator.py for tasks to queue
[2025-12-12T07:34:00.129-0500] {logging_mixin.py:188} INFO - [2025-12-12T07:34:00.129-0500] {dagbag.py:545} INFO - Filling up the DagBag from /Users/evankrupa/airflow_project/env/lib/python3.11/site-packages/airflow/example_dags/example_sensor_decorator.py
[2025-12-12T07:34:00.141-0500] {processor.py:840} INFO - DAG(s) 'example_sensor_decorator' retrieved from /Users/evankrupa/airflow_project/env/lib/python3.11/site-packages/airflow/example_dags/example_sensor_decorator.py
[2025-12-12T07:34:00.171-0500] {logging_mixin.py:188} INFO - [2025-12-12T07:34:00.170-0500] {dag.py:3096} INFO - Sync 1 DAGs
[2025-12-12T07:34:00.173-0500] {logging_mixin.py:188} INFO - [2025-12-12T07:34:00.173-0500] {dag.py:3954} INFO - Setting next_dagrun for example_sensor_decorator to None, run_after=None
[2025-12-12T07:34:00.178-0500] {processor.py:183} INFO - Processing /Users/evankrupa/airflow_project/env/lib/python3.11/site-packages/airflow/example_dags/example_sensor_decorator.py took 0.052 seconds
[2025-12-12T07:35:23.868-0500] {processor.py:161} INFO - Started process (PID=58560) to work on /Users/evankrupa/airflow_project/env/lib/python3.11/site-packages/airflow/example_dags/example_sensor_decorator.py
[2025-12-12T07:35:23.869-0500] {processor.py:830} INFO - Processing file /Users/evankrupa/airflow_project/env/lib/python3.11/site-packages/airflow/example_dags/example_sensor_decorator.py for tasks to queue
[2025-12-12T07:35:23.869-0500] {logging_mixin.py:188} INFO - [2025-12-12T07:35:23.869-0500] {dagbag.py:545} INFO - Filling up the DagBag from /Users/evankrupa/airflow_project/env/lib/python3.11/site-packages/airflow/example_dags/example_sensor_decorator.py
[2025-12-12T07:35:23.881-0500] {processor.py:840} INFO - DAG(s) 'example_sensor_decorator' retrieved from /Users/evankrupa/airflow_project/env/lib/python3.11/site-packages/airflow/example_dags/example_sensor_decorator.py
[2025-12-12T07:35:23.913-0500] {logging_mixin.py:188} INFO - [2025-12-12T07:35:23.913-0500] {dag.py:3096} INFO - Sync 1 DAGs
[2025-12-12T07:35:23.916-0500] {logging_mixin.py:188} INFO - [2025-12-12T07:35:23.916-0500] {dag.py:3954} INFO - Setting next_dagrun for example_sensor_decorator to None, run_after=None
[2025-12-12T07:35:23.921-0500] {processor.py:183} INFO - Processing /Users/evankrupa/airflow_project/env/lib/python3.11/site-packages/airflow/example_dags/example_sensor_decorator.py took 0.054 seconds
[2025-12-12T07:36:47.575-0500] {processor.py:161} INFO - Started process (PID=58630) to work on /Users/evankrupa/airflow_project/env/lib/python3.11/site-packages/airflow/example_dags/example_sensor_decorator.py
[2025-12-12T07:36:47.576-0500] {processor.py:830} INFO - Processing file /Users/evankrupa/airflow_project/env/lib/python3.11/site-packages/airflow/example_dags/example_sensor_decorator.py for tasks to queue
[2025-12-12T07:36:47.576-0500] {logging_mixin.py:188} INFO - [2025-12-12T07:36:47.576-0500] {dagbag.py:545} INFO - Filling up the DagBag from /Users/evankrupa/airflow_project/env/lib/python3.11/site-packages/airflow/example_dags/example_sensor_decorator.py
[2025-12-12T07:36:47.588-0500] {processor.py:840} INFO - DAG(s) 'example_sensor_decorator' retrieved from /Users/evankrupa/airflow_project/env/lib/python3.11/site-packages/airflow/example_dags/example_sensor_decorator.py
[2025-12-12T07:36:47.618-0500] {logging_mixin.py:188} INFO - [2025-12-12T07:36:47.617-0500] {dag.py:3096} INFO - Sync 1 DAGs
[2025-12-12T07:36:47.620-0500] {logging_mixin.py:188} INFO - [2025-12-12T07:36:47.620-0500] {dag.py:3954} INFO - Setting next_dagrun for example_sensor_decorator to None, run_after=None
[2025-12-12T07:36:47.626-0500] {processor.py:183} INFO - Processing /Users/evankrupa/airflow_project/env/lib/python3.11/site-packages/airflow/example_dags/example_sensor_decorator.py took 0.051 seconds
[2025-12-12T07:38:13.452-0500] {processor.py:161} INFO - Started process (PID=58707) to work on /Users/evankrupa/airflow_project/env/lib/python3.11/site-packages/airflow/example_dags/example_sensor_decorator.py
[2025-12-12T07:38:13.453-0500] {processor.py:830} INFO - Processing file /Users/evankrupa/airflow_project/env/lib/python3.11/site-packages/airflow/example_dags/example_sensor_decorator.py for tasks to queue
[2025-12-12T07:38:13.453-0500] {logging_mixin.py:188} INFO - [2025-12-12T07:38:13.453-0500] {dagbag.py:545} INFO - Filling up the DagBag from /Users/evankrupa/airflow_project/env/lib/python3.11/site-packages/airflow/example_dags/example_sensor_decorator.py
[2025-12-12T07:38:13.466-0500] {processor.py:840} INFO - DAG(s) 'example_sensor_decorator' retrieved from /Users/evankrupa/airflow_project/env/lib/python3.11/site-packages/airflow/example_dags/example_sensor_decorator.py
[2025-12-12T07:38:13.494-0500] {logging_mixin.py:188} INFO - [2025-12-12T07:38:13.494-0500] {dag.py:3096} INFO - Sync 1 DAGs
[2025-12-12T07:38:13.497-0500] {logging_mixin.py:188} INFO - [2025-12-12T07:38:13.497-0500] {dag.py:3954} INFO - Setting next_dagrun for example_sensor_decorator to None, run_after=None
[2025-12-12T07:38:13.502-0500] {processor.py:183} INFO - Processing /Users/evankrupa/airflow_project/env/lib/python3.11/site-packages/airflow/example_dags/example_sensor_decorator.py took 0.051 seconds
[2025-12-12T07:39:37.642-0500] {processor.py:161} INFO - Started process (PID=58822) to work on /Users/evankrupa/airflow_project/env/lib/python3.11/site-packages/airflow/example_dags/example_sensor_decorator.py
[2025-12-12T07:39:37.643-0500] {processor.py:830} INFO - Processing file /Users/evankrupa/airflow_project/env/lib/python3.11/site-packages/airflow/example_dags/example_sensor_decorator.py for tasks to queue
[2025-12-12T07:39:37.643-0500] {logging_mixin.py:188} INFO - [2025-12-12T07:39:37.643-0500] {dagbag.py:545} INFO - Filling up the DagBag from /Users/evankrupa/airflow_project/env/lib/python3.11/site-packages/airflow/example_dags/example_sensor_decorator.py
[2025-12-12T07:39:37.656-0500] {processor.py:840} INFO - DAG(s) 'example_sensor_decorator' retrieved from /Users/evankrupa/airflow_project/env/lib/python3.11/site-packages/airflow/example_dags/example_sensor_decorator.py
[2025-12-12T07:39:37.686-0500] {logging_mixin.py:188} INFO - [2025-12-12T07:39:37.686-0500] {dag.py:3096} INFO - Sync 1 DAGs
[2025-12-12T07:39:37.688-0500] {logging_mixin.py:188} INFO - [2025-12-12T07:39:37.688-0500] {dag.py:3954} INFO - Setting next_dagrun for example_sensor_decorator to None, run_after=None
[2025-12-12T07:39:37.694-0500] {processor.py:183} INFO - Processing /Users/evankrupa/airflow_project/env/lib/python3.11/site-packages/airflow/example_dags/example_sensor_decorator.py took 0.053 seconds
[2025-12-12T07:41:03.392-0500] {processor.py:161} INFO - Started process (PID=58930) to work on /Users/evankrupa/airflow_project/env/lib/python3.11/site-packages/airflow/example_dags/example_sensor_decorator.py
[2025-12-12T07:41:03.393-0500] {processor.py:830} INFO - Processing file /Users/evankrupa/airflow_project/env/lib/python3.11/site-packages/airflow/example_dags/example_sensor_decorator.py for tasks to queue
[2025-12-12T07:41:03.393-0500] {logging_mixin.py:188} INFO - [2025-12-12T07:41:03.393-0500] {dagbag.py:545} INFO - Filling up the DagBag from /Users/evankrupa/airflow_project/env/lib/python3.11/site-packages/airflow/example_dags/example_sensor_decorator.py
[2025-12-12T07:41:03.405-0500] {processor.py:840} INFO - DAG(s) 'example_sensor_decorator' retrieved from /Users/evankrupa/airflow_project/env/lib/python3.11/site-packages/airflow/example_dags/example_sensor_decorator.py
[2025-12-12T07:41:03.434-0500] {logging_mixin.py:188} INFO - [2025-12-12T07:41:03.434-0500] {dag.py:3096} INFO - Sync 1 DAGs
[2025-12-12T07:41:03.437-0500] {logging_mixin.py:188} INFO - [2025-12-12T07:41:03.437-0500] {dag.py:3954} INFO - Setting next_dagrun for example_sensor_decorator to None, run_after=None
[2025-12-12T07:41:03.442-0500] {processor.py:183} INFO - Processing /Users/evankrupa/airflow_project/env/lib/python3.11/site-packages/airflow/example_dags/example_sensor_decorator.py took 0.051 seconds
[2025-12-12T07:42:28.224-0500] {processor.py:161} INFO - Started process (PID=59058) to work on /Users/evankrupa/airflow_project/env/lib/python3.11/site-packages/airflow/example_dags/example_sensor_decorator.py
[2025-12-12T07:42:28.225-0500] {processor.py:830} INFO - Processing file /Users/evankrupa/airflow_project/env/lib/python3.11/site-packages/airflow/example_dags/example_sensor_decorator.py for tasks to queue
[2025-12-12T07:42:28.225-0500] {logging_mixin.py:188} INFO - [2025-12-12T07:42:28.225-0500] {dagbag.py:545} INFO - Filling up the DagBag from /Users/evankrupa/airflow_project/env/lib/python3.11/site-packages/airflow/example_dags/example_sensor_decorator.py
[2025-12-12T07:42:28.243-0500] {processor.py:840} INFO - DAG(s) 'example_sensor_decorator' retrieved from /Users/evankrupa/airflow_project/env/lib/python3.11/site-packages/airflow/example_dags/example_sensor_decorator.py
[2025-12-12T07:42:28.274-0500] {logging_mixin.py:188} INFO - [2025-12-12T07:42:28.274-0500] {dag.py:3096} INFO - Sync 1 DAGs
[2025-12-12T07:42:28.277-0500] {logging_mixin.py:188} INFO - [2025-12-12T07:42:28.277-0500] {dag.py:3954} INFO - Setting next_dagrun for example_sensor_decorator to None, run_after=None
[2025-12-12T07:42:28.282-0500] {processor.py:183} INFO - Processing /Users/evankrupa/airflow_project/env/lib/python3.11/site-packages/airflow/example_dags/example_sensor_decorator.py took 0.059 seconds
[2025-12-12T07:43:50.892-0500] {processor.py:161} INFO - Started process (PID=59169) to work on /Users/evankrupa/airflow_project/env/lib/python3.11/site-packages/airflow/example_dags/example_sensor_decorator.py
[2025-12-12T07:43:50.893-0500] {processor.py:830} INFO - Processing file /Users/evankrupa/airflow_project/env/lib/python3.11/site-packages/airflow/example_dags/example_sensor_decorator.py for tasks to queue
[2025-12-12T07:43:50.893-0500] {logging_mixin.py:188} INFO - [2025-12-12T07:43:50.893-0500] {dagbag.py:545} INFO - Filling up the DagBag from /Users/evankrupa/airflow_project/env/lib/python3.11/site-packages/airflow/example_dags/example_sensor_decorator.py
[2025-12-12T07:43:50.905-0500] {processor.py:840} INFO - DAG(s) 'example_sensor_decorator' retrieved from /Users/evankrupa/airflow_project/env/lib/python3.11/site-packages/airflow/example_dags/example_sensor_decorator.py
[2025-12-12T07:43:50.935-0500] {logging_mixin.py:188} INFO - [2025-12-12T07:43:50.935-0500] {dag.py:3096} INFO - Sync 1 DAGs
[2025-12-12T07:43:50.939-0500] {logging_mixin.py:188} INFO - [2025-12-12T07:43:50.939-0500] {dag.py:3954} INFO - Setting next_dagrun for example_sensor_decorator to None, run_after=None
[2025-12-12T07:43:50.945-0500] {processor.py:183} INFO - Processing /Users/evankrupa/airflow_project/env/lib/python3.11/site-packages/airflow/example_dags/example_sensor_decorator.py took 0.054 seconds
[2025-12-12T07:45:17.241-0500] {processor.py:161} INFO - Started process (PID=59255) to work on /Users/evankrupa/airflow_project/env/lib/python3.11/site-packages/airflow/example_dags/example_sensor_decorator.py
[2025-12-12T07:45:17.242-0500] {processor.py:830} INFO - Processing file /Users/evankrupa/airflow_project/env/lib/python3.11/site-packages/airflow/example_dags/example_sensor_decorator.py for tasks to queue
[2025-12-12T07:45:17.242-0500] {logging_mixin.py:188} INFO - [2025-12-12T07:45:17.242-0500] {dagbag.py:545} INFO - Filling up the DagBag from /Users/evankrupa/airflow_project/env/lib/python3.11/site-packages/airflow/example_dags/example_sensor_decorator.py
[2025-12-12T07:45:17.254-0500] {processor.py:840} INFO - DAG(s) 'example_sensor_decorator' retrieved from /Users/evankrupa/airflow_project/env/lib/python3.11/site-packages/airflow/example_dags/example_sensor_decorator.py
[2025-12-12T07:45:17.283-0500] {logging_mixin.py:188} INFO - [2025-12-12T07:45:17.283-0500] {dag.py:3096} INFO - Sync 1 DAGs
[2025-12-12T07:45:17.286-0500] {logging_mixin.py:188} INFO - [2025-12-12T07:45:17.286-0500] {dag.py:3954} INFO - Setting next_dagrun for example_sensor_decorator to None, run_after=None
[2025-12-12T07:45:17.291-0500] {processor.py:183} INFO - Processing /Users/evankrupa/airflow_project/env/lib/python3.11/site-packages/airflow/example_dags/example_sensor_decorator.py took 0.051 seconds
[2025-12-12T07:46:42.841-0500] {processor.py:161} INFO - Started process (PID=59330) to work on /Users/evankrupa/airflow_project/env/lib/python3.11/site-packages/airflow/example_dags/example_sensor_decorator.py
[2025-12-12T07:46:42.841-0500] {processor.py:830} INFO - Processing file /Users/evankrupa/airflow_project/env/lib/python3.11/site-packages/airflow/example_dags/example_sensor_decorator.py for tasks to queue
[2025-12-12T07:46:42.842-0500] {logging_mixin.py:188} INFO - [2025-12-12T07:46:42.842-0500] {dagbag.py:545} INFO - Filling up the DagBag from /Users/evankrupa/airflow_project/env/lib/python3.11/site-packages/airflow/example_dags/example_sensor_decorator.py
[2025-12-12T07:46:42.854-0500] {processor.py:840} INFO - DAG(s) 'example_sensor_decorator' retrieved from /Users/evankrupa/airflow_project/env/lib/python3.11/site-packages/airflow/example_dags/example_sensor_decorator.py
[2025-12-12T07:46:42.884-0500] {logging_mixin.py:188} INFO - [2025-12-12T07:46:42.884-0500] {dag.py:3096} INFO - Sync 1 DAGs
[2025-12-12T07:46:42.887-0500] {logging_mixin.py:188} INFO - [2025-12-12T07:46:42.887-0500] {dag.py:3954} INFO - Setting next_dagrun for example_sensor_decorator to None, run_after=None
[2025-12-12T07:46:42.893-0500] {processor.py:183} INFO - Processing /Users/evankrupa/airflow_project/env/lib/python3.11/site-packages/airflow/example_dags/example_sensor_decorator.py took 0.053 seconds
[2025-12-12T07:48:06.296-0500] {processor.py:161} INFO - Started process (PID=59427) to work on /Users/evankrupa/airflow_project/env/lib/python3.11/site-packages/airflow/example_dags/example_sensor_decorator.py
[2025-12-12T07:48:06.296-0500] {processor.py:830} INFO - Processing file /Users/evankrupa/airflow_project/env/lib/python3.11/site-packages/airflow/example_dags/example_sensor_decorator.py for tasks to queue
[2025-12-12T07:48:06.297-0500] {logging_mixin.py:188} INFO - [2025-12-12T07:48:06.297-0500] {dagbag.py:545} INFO - Filling up the DagBag from /Users/evankrupa/airflow_project/env/lib/python3.11/site-packages/airflow/example_dags/example_sensor_decorator.py
[2025-12-12T07:48:06.309-0500] {processor.py:840} INFO - DAG(s) 'example_sensor_decorator' retrieved from /Users/evankrupa/airflow_project/env/lib/python3.11/site-packages/airflow/example_dags/example_sensor_decorator.py
[2025-12-12T07:48:06.340-0500] {logging_mixin.py:188} INFO - [2025-12-12T07:48:06.339-0500] {dag.py:3096} INFO - Sync 1 DAGs
[2025-12-12T07:48:06.342-0500] {logging_mixin.py:188} INFO - [2025-12-12T07:48:06.342-0500] {dag.py:3954} INFO - Setting next_dagrun for example_sensor_decorator to None, run_after=None
[2025-12-12T07:48:06.348-0500] {processor.py:183} INFO - Processing /Users/evankrupa/airflow_project/env/lib/python3.11/site-packages/airflow/example_dags/example_sensor_decorator.py took 0.053 seconds
[2025-12-12T07:49:32.969-0500] {processor.py:161} INFO - Started process (PID=59518) to work on /Users/evankrupa/airflow_project/env/lib/python3.11/site-packages/airflow/example_dags/example_sensor_decorator.py
[2025-12-12T07:49:32.970-0500] {processor.py:830} INFO - Processing file /Users/evankrupa/airflow_project/env/lib/python3.11/site-packages/airflow/example_dags/example_sensor_decorator.py for tasks to queue
[2025-12-12T07:49:32.970-0500] {logging_mixin.py:188} INFO - [2025-12-12T07:49:32.970-0500] {dagbag.py:545} INFO - Filling up the DagBag from /Users/evankrupa/airflow_project/env/lib/python3.11/site-packages/airflow/example_dags/example_sensor_decorator.py
[2025-12-12T07:49:32.982-0500] {processor.py:840} INFO - DAG(s) 'example_sensor_decorator' retrieved from /Users/evankrupa/airflow_project/env/lib/python3.11/site-packages/airflow/example_dags/example_sensor_decorator.py
[2025-12-12T07:49:33.012-0500] {logging_mixin.py:188} INFO - [2025-12-12T07:49:33.012-0500] {dag.py:3096} INFO - Sync 1 DAGs
[2025-12-12T07:49:33.015-0500] {logging_mixin.py:188} INFO - [2025-12-12T07:49:33.015-0500] {dag.py:3954} INFO - Setting next_dagrun for example_sensor_decorator to None, run_after=None
[2025-12-12T07:49:33.020-0500] {processor.py:183} INFO - Processing /Users/evankrupa/airflow_project/env/lib/python3.11/site-packages/airflow/example_dags/example_sensor_decorator.py took 0.052 seconds
[2025-12-12T07:50:59.199-0500] {processor.py:161} INFO - Started process (PID=59596) to work on /Users/evankrupa/airflow_project/env/lib/python3.11/site-packages/airflow/example_dags/example_sensor_decorator.py
[2025-12-12T07:50:59.200-0500] {processor.py:830} INFO - Processing file /Users/evankrupa/airflow_project/env/lib/python3.11/site-packages/airflow/example_dags/example_sensor_decorator.py for tasks to queue
[2025-12-12T07:50:59.200-0500] {logging_mixin.py:188} INFO - [2025-12-12T07:50:59.200-0500] {dagbag.py:545} INFO - Filling up the DagBag from /Users/evankrupa/airflow_project/env/lib/python3.11/site-packages/airflow/example_dags/example_sensor_decorator.py
[2025-12-12T07:50:59.212-0500] {processor.py:840} INFO - DAG(s) 'example_sensor_decorator' retrieved from /Users/evankrupa/airflow_project/env/lib/python3.11/site-packages/airflow/example_dags/example_sensor_decorator.py
[2025-12-12T07:50:59.240-0500] {logging_mixin.py:188} INFO - [2025-12-12T07:50:59.240-0500] {dag.py:3096} INFO - Sync 1 DAGs
[2025-12-12T07:50:59.243-0500] {logging_mixin.py:188} INFO - [2025-12-12T07:50:59.243-0500] {dag.py:3954} INFO - Setting next_dagrun for example_sensor_decorator to None, run_after=None
[2025-12-12T07:50:59.248-0500] {processor.py:183} INFO - Processing /Users/evankrupa/airflow_project/env/lib/python3.11/site-packages/airflow/example_dags/example_sensor_decorator.py took 0.051 seconds
[2025-12-12T07:52:24.726-0500] {processor.py:161} INFO - Started process (PID=59664) to work on /Users/evankrupa/airflow_project/env/lib/python3.11/site-packages/airflow/example_dags/example_sensor_decorator.py
[2025-12-12T07:52:24.727-0500] {processor.py:830} INFO - Processing file /Users/evankrupa/airflow_project/env/lib/python3.11/site-packages/airflow/example_dags/example_sensor_decorator.py for tasks to queue
[2025-12-12T07:52:24.727-0500] {logging_mixin.py:188} INFO - [2025-12-12T07:52:24.727-0500] {dagbag.py:545} INFO - Filling up the DagBag from /Users/evankrupa/airflow_project/env/lib/python3.11/site-packages/airflow/example_dags/example_sensor_decorator.py
[2025-12-12T07:52:24.739-0500] {processor.py:840} INFO - DAG(s) 'example_sensor_decorator' retrieved from /Users/evankrupa/airflow_project/env/lib/python3.11/site-packages/airflow/example_dags/example_sensor_decorator.py
[2025-12-12T07:52:24.768-0500] {logging_mixin.py:188} INFO - [2025-12-12T07:52:24.768-0500] {dag.py:3096} INFO - Sync 1 DAGs
[2025-12-12T07:52:24.771-0500] {logging_mixin.py:188} INFO - [2025-12-12T07:52:24.771-0500] {dag.py:3954} INFO - Setting next_dagrun for example_sensor_decorator to None, run_after=None
[2025-12-12T07:52:24.776-0500] {processor.py:183} INFO - Processing /Users/evankrupa/airflow_project/env/lib/python3.11/site-packages/airflow/example_dags/example_sensor_decorator.py took 0.051 seconds
[2025-12-12T07:53:46.570-0500] {processor.py:161} INFO - Started process (PID=59750) to work on /Users/evankrupa/airflow_project/env/lib/python3.11/site-packages/airflow/example_dags/example_sensor_decorator.py
[2025-12-12T07:53:46.571-0500] {processor.py:830} INFO - Processing file /Users/evankrupa/airflow_project/env/lib/python3.11/site-packages/airflow/example_dags/example_sensor_decorator.py for tasks to queue
[2025-12-12T07:53:46.571-0500] {logging_mixin.py:188} INFO - [2025-12-12T07:53:46.571-0500] {dagbag.py:545} INFO - Filling up the DagBag from /Users/evankrupa/airflow_project/env/lib/python3.11/site-packages/airflow/example_dags/example_sensor_decorator.py
[2025-12-12T07:53:46.583-0500] {processor.py:840} INFO - DAG(s) 'example_sensor_decorator' retrieved from /Users/evankrupa/airflow_project/env/lib/python3.11/site-packages/airflow/example_dags/example_sensor_decorator.py
[2025-12-12T07:53:46.611-0500] {logging_mixin.py:188} INFO - [2025-12-12T07:53:46.611-0500] {dag.py:3096} INFO - Sync 1 DAGs
[2025-12-12T07:53:46.614-0500] {logging_mixin.py:188} INFO - [2025-12-12T07:53:46.614-0500] {dag.py:3954} INFO - Setting next_dagrun for example_sensor_decorator to None, run_after=None
[2025-12-12T07:53:46.619-0500] {processor.py:183} INFO - Processing /Users/evankrupa/airflow_project/env/lib/python3.11/site-packages/airflow/example_dags/example_sensor_decorator.py took 0.050 seconds
[2025-12-12T07:55:09.922-0500] {processor.py:161} INFO - Started process (PID=59826) to work on /Users/evankrupa/airflow_project/env/lib/python3.11/site-packages/airflow/example_dags/example_sensor_decorator.py
[2025-12-12T07:55:09.923-0500] {processor.py:830} INFO - Processing file /Users/evankrupa/airflow_project/env/lib/python3.11/site-packages/airflow/example_dags/example_sensor_decorator.py for tasks to queue
[2025-12-12T07:55:09.923-0500] {logging_mixin.py:188} INFO - [2025-12-12T07:55:09.923-0500] {dagbag.py:545} INFO - Filling up the DagBag from /Users/evankrupa/airflow_project/env/lib/python3.11/site-packages/airflow/example_dags/example_sensor_decorator.py
[2025-12-12T07:55:09.934-0500] {processor.py:840} INFO - DAG(s) 'example_sensor_decorator' retrieved from /Users/evankrupa/airflow_project/env/lib/python3.11/site-packages/airflow/example_dags/example_sensor_decorator.py
[2025-12-12T07:55:09.963-0500] {logging_mixin.py:188} INFO - [2025-12-12T07:55:09.963-0500] {dag.py:3096} INFO - Sync 1 DAGs
[2025-12-12T07:55:09.966-0500] {logging_mixin.py:188} INFO - [2025-12-12T07:55:09.966-0500] {dag.py:3954} INFO - Setting next_dagrun for example_sensor_decorator to None, run_after=None
[2025-12-12T07:55:09.971-0500] {processor.py:183} INFO - Processing /Users/evankrupa/airflow_project/env/lib/python3.11/site-packages/airflow/example_dags/example_sensor_decorator.py took 0.050 seconds
[2025-12-12T07:56:35.083-0500] {processor.py:161} INFO - Started process (PID=59903) to work on /Users/evankrupa/airflow_project/env/lib/python3.11/site-packages/airflow/example_dags/example_sensor_decorator.py
[2025-12-12T07:56:35.084-0500] {processor.py:830} INFO - Processing file /Users/evankrupa/airflow_project/env/lib/python3.11/site-packages/airflow/example_dags/example_sensor_decorator.py for tasks to queue
[2025-12-12T07:56:35.084-0500] {logging_mixin.py:188} INFO - [2025-12-12T07:56:35.084-0500] {dagbag.py:545} INFO - Filling up the DagBag from /Users/evankrupa/airflow_project/env/lib/python3.11/site-packages/airflow/example_dags/example_sensor_decorator.py
[2025-12-12T07:56:35.095-0500] {processor.py:840} INFO - DAG(s) 'example_sensor_decorator' retrieved from /Users/evankrupa/airflow_project/env/lib/python3.11/site-packages/airflow/example_dags/example_sensor_decorator.py
[2025-12-12T07:56:35.124-0500] {logging_mixin.py:188} INFO - [2025-12-12T07:56:35.124-0500] {dag.py:3096} INFO - Sync 1 DAGs
[2025-12-12T07:56:35.127-0500] {logging_mixin.py:188} INFO - [2025-12-12T07:56:35.127-0500] {dag.py:3954} INFO - Setting next_dagrun for example_sensor_decorator to None, run_after=None
[2025-12-12T07:56:35.132-0500] {processor.py:183} INFO - Processing /Users/evankrupa/airflow_project/env/lib/python3.11/site-packages/airflow/example_dags/example_sensor_decorator.py took 0.050 seconds
[2025-12-12T07:58:00.707-0500] {processor.py:161} INFO - Started process (PID=60802) to work on /Users/evankrupa/airflow_project/env/lib/python3.11/site-packages/airflow/example_dags/example_sensor_decorator.py
[2025-12-12T07:58:00.707-0500] {processor.py:830} INFO - Processing file /Users/evankrupa/airflow_project/env/lib/python3.11/site-packages/airflow/example_dags/example_sensor_decorator.py for tasks to queue
[2025-12-12T07:58:00.708-0500] {logging_mixin.py:188} INFO - [2025-12-12T07:58:00.708-0500] {dagbag.py:545} INFO - Filling up the DagBag from /Users/evankrupa/airflow_project/env/lib/python3.11/site-packages/airflow/example_dags/example_sensor_decorator.py
[2025-12-12T07:58:00.723-0500] {processor.py:840} INFO - DAG(s) 'example_sensor_decorator' retrieved from /Users/evankrupa/airflow_project/env/lib/python3.11/site-packages/airflow/example_dags/example_sensor_decorator.py
[2025-12-12T07:58:00.760-0500] {logging_mixin.py:188} INFO - [2025-12-12T07:58:00.759-0500] {dag.py:3096} INFO - Sync 1 DAGs
[2025-12-12T07:58:00.763-0500] {logging_mixin.py:188} INFO - [2025-12-12T07:58:00.763-0500] {dag.py:3954} INFO - Setting next_dagrun for example_sensor_decorator to None, run_after=None
[2025-12-12T07:58:00.771-0500] {processor.py:183} INFO - Processing /Users/evankrupa/airflow_project/env/lib/python3.11/site-packages/airflow/example_dags/example_sensor_decorator.py took 0.065 seconds
[2025-12-12T07:59:27.112-0500] {processor.py:161} INFO - Started process (PID=62670) to work on /Users/evankrupa/airflow_project/env/lib/python3.11/site-packages/airflow/example_dags/example_sensor_decorator.py
[2025-12-12T07:59:27.113-0500] {processor.py:830} INFO - Processing file /Users/evankrupa/airflow_project/env/lib/python3.11/site-packages/airflow/example_dags/example_sensor_decorator.py for tasks to queue
[2025-12-12T07:59:27.113-0500] {logging_mixin.py:188} INFO - [2025-12-12T07:59:27.113-0500] {dagbag.py:545} INFO - Filling up the DagBag from /Users/evankrupa/airflow_project/env/lib/python3.11/site-packages/airflow/example_dags/example_sensor_decorator.py
[2025-12-12T07:59:27.126-0500] {processor.py:840} INFO - DAG(s) 'example_sensor_decorator' retrieved from /Users/evankrupa/airflow_project/env/lib/python3.11/site-packages/airflow/example_dags/example_sensor_decorator.py
[2025-12-12T07:59:27.158-0500] {logging_mixin.py:188} INFO - [2025-12-12T07:59:27.158-0500] {dag.py:3096} INFO - Sync 1 DAGs
[2025-12-12T07:59:27.162-0500] {logging_mixin.py:188} INFO - [2025-12-12T07:59:27.162-0500] {dag.py:3954} INFO - Setting next_dagrun for example_sensor_decorator to None, run_after=None
[2025-12-12T07:59:27.168-0500] {processor.py:183} INFO - Processing /Users/evankrupa/airflow_project/env/lib/python3.11/site-packages/airflow/example_dags/example_sensor_decorator.py took 0.056 seconds
[2025-12-12T08:00:49.135-0500] {processor.py:161} INFO - Started process (PID=62781) to work on /Users/evankrupa/airflow_project/env/lib/python3.11/site-packages/airflow/example_dags/example_sensor_decorator.py
[2025-12-12T08:00:49.136-0500] {processor.py:830} INFO - Processing file /Users/evankrupa/airflow_project/env/lib/python3.11/site-packages/airflow/example_dags/example_sensor_decorator.py for tasks to queue
[2025-12-12T08:00:49.136-0500] {logging_mixin.py:188} INFO - [2025-12-12T08:00:49.136-0500] {dagbag.py:545} INFO - Filling up the DagBag from /Users/evankrupa/airflow_project/env/lib/python3.11/site-packages/airflow/example_dags/example_sensor_decorator.py
[2025-12-12T08:00:49.148-0500] {processor.py:840} INFO - DAG(s) 'example_sensor_decorator' retrieved from /Users/evankrupa/airflow_project/env/lib/python3.11/site-packages/airflow/example_dags/example_sensor_decorator.py
[2025-12-12T08:00:49.177-0500] {logging_mixin.py:188} INFO - [2025-12-12T08:00:49.177-0500] {dag.py:3096} INFO - Sync 1 DAGs
[2025-12-12T08:00:49.180-0500] {logging_mixin.py:188} INFO - [2025-12-12T08:00:49.180-0500] {dag.py:3954} INFO - Setting next_dagrun for example_sensor_decorator to None, run_after=None
[2025-12-12T08:00:49.186-0500] {processor.py:183} INFO - Processing /Users/evankrupa/airflow_project/env/lib/python3.11/site-packages/airflow/example_dags/example_sensor_decorator.py took 0.052 seconds
[2025-12-12T08:02:12.687-0500] {processor.py:161} INFO - Started process (PID=62847) to work on /Users/evankrupa/airflow_project/env/lib/python3.11/site-packages/airflow/example_dags/example_sensor_decorator.py
[2025-12-12T08:02:12.689-0500] {processor.py:830} INFO - Processing file /Users/evankrupa/airflow_project/env/lib/python3.11/site-packages/airflow/example_dags/example_sensor_decorator.py for tasks to queue
[2025-12-12T08:02:12.689-0500] {logging_mixin.py:188} INFO - [2025-12-12T08:02:12.689-0500] {dagbag.py:545} INFO - Filling up the DagBag from /Users/evankrupa/airflow_project/env/lib/python3.11/site-packages/airflow/example_dags/example_sensor_decorator.py
[2025-12-12T08:02:12.701-0500] {processor.py:840} INFO - DAG(s) 'example_sensor_decorator' retrieved from /Users/evankrupa/airflow_project/env/lib/python3.11/site-packages/airflow/example_dags/example_sensor_decorator.py
[2025-12-12T08:02:12.730-0500] {logging_mixin.py:188} INFO - [2025-12-12T08:02:12.730-0500] {dag.py:3096} INFO - Sync 1 DAGs
[2025-12-12T08:02:12.733-0500] {logging_mixin.py:188} INFO - [2025-12-12T08:02:12.733-0500] {dag.py:3954} INFO - Setting next_dagrun for example_sensor_decorator to None, run_after=None
[2025-12-12T08:02:12.738-0500] {processor.py:183} INFO - Processing /Users/evankrupa/airflow_project/env/lib/python3.11/site-packages/airflow/example_dags/example_sensor_decorator.py took 0.052 seconds
[2025-12-12T08:03:37.395-0500] {processor.py:161} INFO - Started process (PID=62915) to work on /Users/evankrupa/airflow_project/env/lib/python3.11/site-packages/airflow/example_dags/example_sensor_decorator.py
[2025-12-12T08:03:37.396-0500] {processor.py:830} INFO - Processing file /Users/evankrupa/airflow_project/env/lib/python3.11/site-packages/airflow/example_dags/example_sensor_decorator.py for tasks to queue
[2025-12-12T08:03:37.396-0500] {logging_mixin.py:188} INFO - [2025-12-12T08:03:37.396-0500] {dagbag.py:545} INFO - Filling up the DagBag from /Users/evankrupa/airflow_project/env/lib/python3.11/site-packages/airflow/example_dags/example_sensor_decorator.py
[2025-12-12T08:03:37.408-0500] {processor.py:840} INFO - DAG(s) 'example_sensor_decorator' retrieved from /Users/evankrupa/airflow_project/env/lib/python3.11/site-packages/airflow/example_dags/example_sensor_decorator.py
[2025-12-12T08:03:37.438-0500] {logging_mixin.py:188} INFO - [2025-12-12T08:03:37.438-0500] {dag.py:3096} INFO - Sync 1 DAGs
[2025-12-12T08:03:37.441-0500] {logging_mixin.py:188} INFO - [2025-12-12T08:03:37.441-0500] {dag.py:3954} INFO - Setting next_dagrun for example_sensor_decorator to None, run_after=None
[2025-12-12T08:03:37.446-0500] {processor.py:183} INFO - Processing /Users/evankrupa/airflow_project/env/lib/python3.11/site-packages/airflow/example_dags/example_sensor_decorator.py took 0.052 seconds
[2025-12-12T08:05:01.483-0500] {processor.py:161} INFO - Started process (PID=63066) to work on /Users/evankrupa/airflow_project/env/lib/python3.11/site-packages/airflow/example_dags/example_sensor_decorator.py
[2025-12-12T08:05:01.485-0500] {processor.py:830} INFO - Processing file /Users/evankrupa/airflow_project/env/lib/python3.11/site-packages/airflow/example_dags/example_sensor_decorator.py for tasks to queue
[2025-12-12T08:05:01.485-0500] {logging_mixin.py:188} INFO - [2025-12-12T08:05:01.485-0500] {dagbag.py:545} INFO - Filling up the DagBag from /Users/evankrupa/airflow_project/env/lib/python3.11/site-packages/airflow/example_dags/example_sensor_decorator.py
[2025-12-12T08:05:01.497-0500] {processor.py:840} INFO - DAG(s) 'example_sensor_decorator' retrieved from /Users/evankrupa/airflow_project/env/lib/python3.11/site-packages/airflow/example_dags/example_sensor_decorator.py
[2025-12-12T08:05:01.527-0500] {logging_mixin.py:188} INFO - [2025-12-12T08:05:01.527-0500] {dag.py:3096} INFO - Sync 1 DAGs
[2025-12-12T08:05:01.530-0500] {logging_mixin.py:188} INFO - [2025-12-12T08:05:01.530-0500] {dag.py:3954} INFO - Setting next_dagrun for example_sensor_decorator to None, run_after=None
[2025-12-12T08:05:01.535-0500] {processor.py:183} INFO - Processing /Users/evankrupa/airflow_project/env/lib/python3.11/site-packages/airflow/example_dags/example_sensor_decorator.py took 0.053 seconds
[2025-12-12T08:06:25.469-0500] {processor.py:161} INFO - Started process (PID=63139) to work on /Users/evankrupa/airflow_project/env/lib/python3.11/site-packages/airflow/example_dags/example_sensor_decorator.py
[2025-12-12T08:06:25.470-0500] {processor.py:830} INFO - Processing file /Users/evankrupa/airflow_project/env/lib/python3.11/site-packages/airflow/example_dags/example_sensor_decorator.py for tasks to queue
[2025-12-12T08:06:25.471-0500] {logging_mixin.py:188} INFO - [2025-12-12T08:06:25.471-0500] {dagbag.py:545} INFO - Filling up the DagBag from /Users/evankrupa/airflow_project/env/lib/python3.11/site-packages/airflow/example_dags/example_sensor_decorator.py
[2025-12-12T08:06:25.484-0500] {processor.py:840} INFO - DAG(s) 'example_sensor_decorator' retrieved from /Users/evankrupa/airflow_project/env/lib/python3.11/site-packages/airflow/example_dags/example_sensor_decorator.py
[2025-12-12T08:06:25.515-0500] {logging_mixin.py:188} INFO - [2025-12-12T08:06:25.515-0500] {dag.py:3096} INFO - Sync 1 DAGs
[2025-12-12T08:06:25.518-0500] {logging_mixin.py:188} INFO - [2025-12-12T08:06:25.518-0500] {dag.py:3954} INFO - Setting next_dagrun for example_sensor_decorator to None, run_after=None
[2025-12-12T08:06:25.524-0500] {processor.py:183} INFO - Processing /Users/evankrupa/airflow_project/env/lib/python3.11/site-packages/airflow/example_dags/example_sensor_decorator.py took 0.055 seconds
[2025-12-12T08:07:55.340-0500] {processor.py:161} INFO - Started process (PID=63667) to work on /Users/evankrupa/airflow_project/env/lib/python3.11/site-packages/airflow/example_dags/example_sensor_decorator.py
[2025-12-12T08:07:55.341-0500] {processor.py:830} INFO - Processing file /Users/evankrupa/airflow_project/env/lib/python3.11/site-packages/airflow/example_dags/example_sensor_decorator.py for tasks to queue
[2025-12-12T08:07:55.341-0500] {logging_mixin.py:188} INFO - [2025-12-12T08:07:55.341-0500] {dagbag.py:545} INFO - Filling up the DagBag from /Users/evankrupa/airflow_project/env/lib/python3.11/site-packages/airflow/example_dags/example_sensor_decorator.py
[2025-12-12T08:07:55.353-0500] {processor.py:840} INFO - DAG(s) 'example_sensor_decorator' retrieved from /Users/evankrupa/airflow_project/env/lib/python3.11/site-packages/airflow/example_dags/example_sensor_decorator.py
[2025-12-12T08:07:55.383-0500] {logging_mixin.py:188} INFO - [2025-12-12T08:07:55.383-0500] {dag.py:3096} INFO - Sync 1 DAGs
[2025-12-12T08:07:55.385-0500] {logging_mixin.py:188} INFO - [2025-12-12T08:07:55.385-0500] {dag.py:3954} INFO - Setting next_dagrun for example_sensor_decorator to None, run_after=None
[2025-12-12T08:07:55.391-0500] {processor.py:183} INFO - Processing /Users/evankrupa/airflow_project/env/lib/python3.11/site-packages/airflow/example_dags/example_sensor_decorator.py took 0.052 seconds
[2025-12-12T08:09:20.629-0500] {processor.py:161} INFO - Started process (PID=63732) to work on /Users/evankrupa/airflow_project/env/lib/python3.11/site-packages/airflow/example_dags/example_sensor_decorator.py
[2025-12-12T08:09:20.631-0500] {processor.py:830} INFO - Processing file /Users/evankrupa/airflow_project/env/lib/python3.11/site-packages/airflow/example_dags/example_sensor_decorator.py for tasks to queue
[2025-12-12T08:09:20.631-0500] {logging_mixin.py:188} INFO - [2025-12-12T08:09:20.631-0500] {dagbag.py:545} INFO - Filling up the DagBag from /Users/evankrupa/airflow_project/env/lib/python3.11/site-packages/airflow/example_dags/example_sensor_decorator.py
[2025-12-12T08:09:20.643-0500] {processor.py:840} INFO - DAG(s) 'example_sensor_decorator' retrieved from /Users/evankrupa/airflow_project/env/lib/python3.11/site-packages/airflow/example_dags/example_sensor_decorator.py
[2025-12-12T08:09:20.674-0500] {logging_mixin.py:188} INFO - [2025-12-12T08:09:20.674-0500] {dag.py:3096} INFO - Sync 1 DAGs
[2025-12-12T08:09:20.677-0500] {logging_mixin.py:188} INFO - [2025-12-12T08:09:20.677-0500] {dag.py:3954} INFO - Setting next_dagrun for example_sensor_decorator to None, run_after=None
[2025-12-12T08:09:20.682-0500] {processor.py:183} INFO - Processing /Users/evankrupa/airflow_project/env/lib/python3.11/site-packages/airflow/example_dags/example_sensor_decorator.py took 0.054 seconds
[2025-12-12T08:10:47.405-0500] {processor.py:161} INFO - Started process (PID=63803) to work on /Users/evankrupa/airflow_project/env/lib/python3.11/site-packages/airflow/example_dags/example_sensor_decorator.py
[2025-12-12T08:10:47.407-0500] {processor.py:830} INFO - Processing file /Users/evankrupa/airflow_project/env/lib/python3.11/site-packages/airflow/example_dags/example_sensor_decorator.py for tasks to queue
[2025-12-12T08:10:47.407-0500] {logging_mixin.py:188} INFO - [2025-12-12T08:10:47.407-0500] {dagbag.py:545} INFO - Filling up the DagBag from /Users/evankrupa/airflow_project/env/lib/python3.11/site-packages/airflow/example_dags/example_sensor_decorator.py
[2025-12-12T08:10:47.418-0500] {processor.py:840} INFO - DAG(s) 'example_sensor_decorator' retrieved from /Users/evankrupa/airflow_project/env/lib/python3.11/site-packages/airflow/example_dags/example_sensor_decorator.py
[2025-12-12T08:10:47.449-0500] {logging_mixin.py:188} INFO - [2025-12-12T08:10:47.449-0500] {dag.py:3096} INFO - Sync 1 DAGs
[2025-12-12T08:10:47.451-0500] {logging_mixin.py:188} INFO - [2025-12-12T08:10:47.451-0500] {dag.py:3954} INFO - Setting next_dagrun for example_sensor_decorator to None, run_after=None
[2025-12-12T08:10:47.457-0500] {processor.py:183} INFO - Processing /Users/evankrupa/airflow_project/env/lib/python3.11/site-packages/airflow/example_dags/example_sensor_decorator.py took 0.052 seconds
[2025-12-12T08:12:14.996-0500] {processor.py:161} INFO - Started process (PID=63870) to work on /Users/evankrupa/airflow_project/env/lib/python3.11/site-packages/airflow/example_dags/example_sensor_decorator.py
[2025-12-12T08:12:14.997-0500] {processor.py:830} INFO - Processing file /Users/evankrupa/airflow_project/env/lib/python3.11/site-packages/airflow/example_dags/example_sensor_decorator.py for tasks to queue
[2025-12-12T08:12:14.997-0500] {logging_mixin.py:188} INFO - [2025-12-12T08:12:14.997-0500] {dagbag.py:545} INFO - Filling up the DagBag from /Users/evankrupa/airflow_project/env/lib/python3.11/site-packages/airflow/example_dags/example_sensor_decorator.py
[2025-12-12T08:12:15.010-0500] {processor.py:840} INFO - DAG(s) 'example_sensor_decorator' retrieved from /Users/evankrupa/airflow_project/env/lib/python3.11/site-packages/airflow/example_dags/example_sensor_decorator.py
[2025-12-12T08:12:15.043-0500] {logging_mixin.py:188} INFO - [2025-12-12T08:12:15.043-0500] {dag.py:3096} INFO - Sync 1 DAGs
[2025-12-12T08:12:15.046-0500] {logging_mixin.py:188} INFO - [2025-12-12T08:12:15.046-0500] {dag.py:3954} INFO - Setting next_dagrun for example_sensor_decorator to None, run_after=None
[2025-12-12T08:12:15.052-0500] {processor.py:183} INFO - Processing /Users/evankrupa/airflow_project/env/lib/python3.11/site-packages/airflow/example_dags/example_sensor_decorator.py took 0.056 seconds
[2025-12-12T08:13:38.145-0500] {processor.py:161} INFO - Started process (PID=63937) to work on /Users/evankrupa/airflow_project/env/lib/python3.11/site-packages/airflow/example_dags/example_sensor_decorator.py
[2025-12-12T08:13:38.146-0500] {processor.py:830} INFO - Processing file /Users/evankrupa/airflow_project/env/lib/python3.11/site-packages/airflow/example_dags/example_sensor_decorator.py for tasks to queue
[2025-12-12T08:13:38.146-0500] {logging_mixin.py:188} INFO - [2025-12-12T08:13:38.146-0500] {dagbag.py:545} INFO - Filling up the DagBag from /Users/evankrupa/airflow_project/env/lib/python3.11/site-packages/airflow/example_dags/example_sensor_decorator.py
[2025-12-12T08:13:38.159-0500] {processor.py:840} INFO - DAG(s) 'example_sensor_decorator' retrieved from /Users/evankrupa/airflow_project/env/lib/python3.11/site-packages/airflow/example_dags/example_sensor_decorator.py
[2025-12-12T08:13:38.197-0500] {logging_mixin.py:188} INFO - [2025-12-12T08:13:38.197-0500] {dag.py:3096} INFO - Sync 1 DAGs
[2025-12-12T08:13:38.201-0500] {logging_mixin.py:188} INFO - [2025-12-12T08:13:38.200-0500] {dag.py:3954} INFO - Setting next_dagrun for example_sensor_decorator to None, run_after=None
[2025-12-12T08:13:38.208-0500] {processor.py:183} INFO - Processing /Users/evankrupa/airflow_project/env/lib/python3.11/site-packages/airflow/example_dags/example_sensor_decorator.py took 0.063 seconds
[2025-12-12T08:15:01.629-0500] {processor.py:161} INFO - Started process (PID=64006) to work on /Users/evankrupa/airflow_project/env/lib/python3.11/site-packages/airflow/example_dags/example_sensor_decorator.py
[2025-12-12T08:15:01.630-0500] {processor.py:830} INFO - Processing file /Users/evankrupa/airflow_project/env/lib/python3.11/site-packages/airflow/example_dags/example_sensor_decorator.py for tasks to queue
[2025-12-12T08:15:01.630-0500] {logging_mixin.py:188} INFO - [2025-12-12T08:15:01.630-0500] {dagbag.py:545} INFO - Filling up the DagBag from /Users/evankrupa/airflow_project/env/lib/python3.11/site-packages/airflow/example_dags/example_sensor_decorator.py
[2025-12-12T08:15:01.642-0500] {processor.py:840} INFO - DAG(s) 'example_sensor_decorator' retrieved from /Users/evankrupa/airflow_project/env/lib/python3.11/site-packages/airflow/example_dags/example_sensor_decorator.py
[2025-12-12T08:15:01.672-0500] {logging_mixin.py:188} INFO - [2025-12-12T08:15:01.672-0500] {dag.py:3096} INFO - Sync 1 DAGs
[2025-12-12T08:15:01.675-0500] {logging_mixin.py:188} INFO - [2025-12-12T08:15:01.675-0500] {dag.py:3954} INFO - Setting next_dagrun for example_sensor_decorator to None, run_after=None
[2025-12-12T08:15:01.680-0500] {processor.py:183} INFO - Processing /Users/evankrupa/airflow_project/env/lib/python3.11/site-packages/airflow/example_dags/example_sensor_decorator.py took 0.053 seconds
[2025-12-12T08:16:22.224-0500] {processor.py:161} INFO - Started process (PID=64079) to work on /Users/evankrupa/airflow_project/env/lib/python3.11/site-packages/airflow/example_dags/example_sensor_decorator.py
[2025-12-12T08:16:22.226-0500] {processor.py:830} INFO - Processing file /Users/evankrupa/airflow_project/env/lib/python3.11/site-packages/airflow/example_dags/example_sensor_decorator.py for tasks to queue
[2025-12-12T08:16:22.226-0500] {logging_mixin.py:188} INFO - [2025-12-12T08:16:22.226-0500] {dagbag.py:545} INFO - Filling up the DagBag from /Users/evankrupa/airflow_project/env/lib/python3.11/site-packages/airflow/example_dags/example_sensor_decorator.py
[2025-12-12T08:16:22.238-0500] {processor.py:840} INFO - DAG(s) 'example_sensor_decorator' retrieved from /Users/evankrupa/airflow_project/env/lib/python3.11/site-packages/airflow/example_dags/example_sensor_decorator.py
[2025-12-12T08:16:22.267-0500] {logging_mixin.py:188} INFO - [2025-12-12T08:16:22.267-0500] {dag.py:3096} INFO - Sync 1 DAGs
[2025-12-12T08:16:22.270-0500] {logging_mixin.py:188} INFO - [2025-12-12T08:16:22.270-0500] {dag.py:3954} INFO - Setting next_dagrun for example_sensor_decorator to None, run_after=None
[2025-12-12T08:16:22.275-0500] {processor.py:183} INFO - Processing /Users/evankrupa/airflow_project/env/lib/python3.11/site-packages/airflow/example_dags/example_sensor_decorator.py took 0.051 seconds
[2025-12-12T08:17:49.806-0500] {processor.py:161} INFO - Started process (PID=64147) to work on /Users/evankrupa/airflow_project/env/lib/python3.11/site-packages/airflow/example_dags/example_sensor_decorator.py
[2025-12-12T08:17:49.807-0500] {processor.py:830} INFO - Processing file /Users/evankrupa/airflow_project/env/lib/python3.11/site-packages/airflow/example_dags/example_sensor_decorator.py for tasks to queue
[2025-12-12T08:17:49.807-0500] {logging_mixin.py:188} INFO - [2025-12-12T08:17:49.807-0500] {dagbag.py:545} INFO - Filling up the DagBag from /Users/evankrupa/airflow_project/env/lib/python3.11/site-packages/airflow/example_dags/example_sensor_decorator.py
[2025-12-12T08:17:49.819-0500] {processor.py:840} INFO - DAG(s) 'example_sensor_decorator' retrieved from /Users/evankrupa/airflow_project/env/lib/python3.11/site-packages/airflow/example_dags/example_sensor_decorator.py
[2025-12-12T08:17:49.848-0500] {logging_mixin.py:188} INFO - [2025-12-12T08:17:49.848-0500] {dag.py:3096} INFO - Sync 1 DAGs
[2025-12-12T08:17:49.851-0500] {logging_mixin.py:188} INFO - [2025-12-12T08:17:49.851-0500] {dag.py:3954} INFO - Setting next_dagrun for example_sensor_decorator to None, run_after=None
[2025-12-12T08:17:49.856-0500] {processor.py:183} INFO - Processing /Users/evankrupa/airflow_project/env/lib/python3.11/site-packages/airflow/example_dags/example_sensor_decorator.py took 0.051 seconds
[2025-12-12T08:19:11.947-0500] {processor.py:161} INFO - Started process (PID=64214) to work on /Users/evankrupa/airflow_project/env/lib/python3.11/site-packages/airflow/example_dags/example_sensor_decorator.py
[2025-12-12T08:19:11.948-0500] {processor.py:830} INFO - Processing file /Users/evankrupa/airflow_project/env/lib/python3.11/site-packages/airflow/example_dags/example_sensor_decorator.py for tasks to queue
[2025-12-12T08:19:11.948-0500] {logging_mixin.py:188} INFO - [2025-12-12T08:19:11.948-0500] {dagbag.py:545} INFO - Filling up the DagBag from /Users/evankrupa/airflow_project/env/lib/python3.11/site-packages/airflow/example_dags/example_sensor_decorator.py
[2025-12-12T08:19:11.961-0500] {processor.py:840} INFO - DAG(s) 'example_sensor_decorator' retrieved from /Users/evankrupa/airflow_project/env/lib/python3.11/site-packages/airflow/example_dags/example_sensor_decorator.py
[2025-12-12T08:19:11.990-0500] {logging_mixin.py:188} INFO - [2025-12-12T08:19:11.989-0500] {dag.py:3096} INFO - Sync 1 DAGs
[2025-12-12T08:19:11.992-0500] {logging_mixin.py:188} INFO - [2025-12-12T08:19:11.992-0500] {dag.py:3954} INFO - Setting next_dagrun for example_sensor_decorator to None, run_after=None
[2025-12-12T08:19:11.998-0500] {processor.py:183} INFO - Processing /Users/evankrupa/airflow_project/env/lib/python3.11/site-packages/airflow/example_dags/example_sensor_decorator.py took 0.051 seconds
[2025-12-12T08:20:36.651-0500] {processor.py:161} INFO - Started process (PID=64282) to work on /Users/evankrupa/airflow_project/env/lib/python3.11/site-packages/airflow/example_dags/example_sensor_decorator.py
[2025-12-12T08:20:36.652-0500] {processor.py:830} INFO - Processing file /Users/evankrupa/airflow_project/env/lib/python3.11/site-packages/airflow/example_dags/example_sensor_decorator.py for tasks to queue
[2025-12-12T08:20:36.652-0500] {logging_mixin.py:188} INFO - [2025-12-12T08:20:36.652-0500] {dagbag.py:545} INFO - Filling up the DagBag from /Users/evankrupa/airflow_project/env/lib/python3.11/site-packages/airflow/example_dags/example_sensor_decorator.py
[2025-12-12T08:20:36.666-0500] {processor.py:840} INFO - DAG(s) 'example_sensor_decorator' retrieved from /Users/evankrupa/airflow_project/env/lib/python3.11/site-packages/airflow/example_dags/example_sensor_decorator.py
[2025-12-12T08:20:36.697-0500] {logging_mixin.py:188} INFO - [2025-12-12T08:20:36.697-0500] {dag.py:3096} INFO - Sync 1 DAGs
[2025-12-12T08:20:36.700-0500] {logging_mixin.py:188} INFO - [2025-12-12T08:20:36.700-0500] {dag.py:3954} INFO - Setting next_dagrun for example_sensor_decorator to None, run_after=None
[2025-12-12T08:20:36.705-0500] {processor.py:183} INFO - Processing /Users/evankrupa/airflow_project/env/lib/python3.11/site-packages/airflow/example_dags/example_sensor_decorator.py took 0.056 seconds
[2025-12-12T08:22:00.177-0500] {processor.py:161} INFO - Started process (PID=64349) to work on /Users/evankrupa/airflow_project/env/lib/python3.11/site-packages/airflow/example_dags/example_sensor_decorator.py
[2025-12-12T08:22:00.178-0500] {processor.py:830} INFO - Processing file /Users/evankrupa/airflow_project/env/lib/python3.11/site-packages/airflow/example_dags/example_sensor_decorator.py for tasks to queue
[2025-12-12T08:22:00.178-0500] {logging_mixin.py:188} INFO - [2025-12-12T08:22:00.178-0500] {dagbag.py:545} INFO - Filling up the DagBag from /Users/evankrupa/airflow_project/env/lib/python3.11/site-packages/airflow/example_dags/example_sensor_decorator.py
[2025-12-12T08:22:00.191-0500] {processor.py:840} INFO - DAG(s) 'example_sensor_decorator' retrieved from /Users/evankrupa/airflow_project/env/lib/python3.11/site-packages/airflow/example_dags/example_sensor_decorator.py
[2025-12-12T08:22:00.220-0500] {logging_mixin.py:188} INFO - [2025-12-12T08:22:00.220-0500] {dag.py:3096} INFO - Sync 1 DAGs
[2025-12-12T08:22:00.223-0500] {logging_mixin.py:188} INFO - [2025-12-12T08:22:00.223-0500] {dag.py:3954} INFO - Setting next_dagrun for example_sensor_decorator to None, run_after=None
[2025-12-12T08:22:00.229-0500] {processor.py:183} INFO - Processing /Users/evankrupa/airflow_project/env/lib/python3.11/site-packages/airflow/example_dags/example_sensor_decorator.py took 0.053 seconds
[2025-12-12T08:23:26.647-0500] {processor.py:161} INFO - Started process (PID=64415) to work on /Users/evankrupa/airflow_project/env/lib/python3.11/site-packages/airflow/example_dags/example_sensor_decorator.py
[2025-12-12T08:23:26.648-0500] {processor.py:830} INFO - Processing file /Users/evankrupa/airflow_project/env/lib/python3.11/site-packages/airflow/example_dags/example_sensor_decorator.py for tasks to queue
[2025-12-12T08:23:26.648-0500] {logging_mixin.py:188} INFO - [2025-12-12T08:23:26.648-0500] {dagbag.py:545} INFO - Filling up the DagBag from /Users/evankrupa/airflow_project/env/lib/python3.11/site-packages/airflow/example_dags/example_sensor_decorator.py
[2025-12-12T08:23:26.660-0500] {processor.py:840} INFO - DAG(s) 'example_sensor_decorator' retrieved from /Users/evankrupa/airflow_project/env/lib/python3.11/site-packages/airflow/example_dags/example_sensor_decorator.py
[2025-12-12T08:23:26.690-0500] {logging_mixin.py:188} INFO - [2025-12-12T08:23:26.690-0500] {dag.py:3096} INFO - Sync 1 DAGs
[2025-12-12T08:23:26.693-0500] {logging_mixin.py:188} INFO - [2025-12-12T08:23:26.693-0500] {dag.py:3954} INFO - Setting next_dagrun for example_sensor_decorator to None, run_after=None
[2025-12-12T08:23:26.698-0500] {processor.py:183} INFO - Processing /Users/evankrupa/airflow_project/env/lib/python3.11/site-packages/airflow/example_dags/example_sensor_decorator.py took 0.052 seconds
[2025-12-12T08:24:47.369-0500] {processor.py:161} INFO - Started process (PID=64488) to work on /Users/evankrupa/airflow_project/env/lib/python3.11/site-packages/airflow/example_dags/example_sensor_decorator.py
[2025-12-12T08:24:47.370-0500] {processor.py:830} INFO - Processing file /Users/evankrupa/airflow_project/env/lib/python3.11/site-packages/airflow/example_dags/example_sensor_decorator.py for tasks to queue
[2025-12-12T08:24:47.370-0500] {logging_mixin.py:188} INFO - [2025-12-12T08:24:47.370-0500] {dagbag.py:545} INFO - Filling up the DagBag from /Users/evankrupa/airflow_project/env/lib/python3.11/site-packages/airflow/example_dags/example_sensor_decorator.py
[2025-12-12T08:24:47.382-0500] {processor.py:840} INFO - DAG(s) 'example_sensor_decorator' retrieved from /Users/evankrupa/airflow_project/env/lib/python3.11/site-packages/airflow/example_dags/example_sensor_decorator.py
[2025-12-12T08:24:47.411-0500] {logging_mixin.py:188} INFO - [2025-12-12T08:24:47.411-0500] {dag.py:3096} INFO - Sync 1 DAGs
[2025-12-12T08:24:47.414-0500] {logging_mixin.py:188} INFO - [2025-12-12T08:24:47.414-0500] {dag.py:3954} INFO - Setting next_dagrun for example_sensor_decorator to None, run_after=None
[2025-12-12T08:24:47.419-0500] {processor.py:183} INFO - Processing /Users/evankrupa/airflow_project/env/lib/python3.11/site-packages/airflow/example_dags/example_sensor_decorator.py took 0.051 seconds
[2025-12-12T08:26:13.665-0500] {processor.py:161} INFO - Started process (PID=64557) to work on /Users/evankrupa/airflow_project/env/lib/python3.11/site-packages/airflow/example_dags/example_sensor_decorator.py
[2025-12-12T08:26:13.666-0500] {processor.py:830} INFO - Processing file /Users/evankrupa/airflow_project/env/lib/python3.11/site-packages/airflow/example_dags/example_sensor_decorator.py for tasks to queue
[2025-12-12T08:26:13.666-0500] {logging_mixin.py:188} INFO - [2025-12-12T08:26:13.666-0500] {dagbag.py:545} INFO - Filling up the DagBag from /Users/evankrupa/airflow_project/env/lib/python3.11/site-packages/airflow/example_dags/example_sensor_decorator.py
[2025-12-12T08:26:13.678-0500] {processor.py:840} INFO - DAG(s) 'example_sensor_decorator' retrieved from /Users/evankrupa/airflow_project/env/lib/python3.11/site-packages/airflow/example_dags/example_sensor_decorator.py
[2025-12-12T08:26:13.707-0500] {logging_mixin.py:188} INFO - [2025-12-12T08:26:13.707-0500] {dag.py:3096} INFO - Sync 1 DAGs
[2025-12-12T08:26:13.710-0500] {logging_mixin.py:188} INFO - [2025-12-12T08:26:13.710-0500] {dag.py:3954} INFO - Setting next_dagrun for example_sensor_decorator to None, run_after=None
[2025-12-12T08:26:13.715-0500] {processor.py:183} INFO - Processing /Users/evankrupa/airflow_project/env/lib/python3.11/site-packages/airflow/example_dags/example_sensor_decorator.py took 0.051 seconds
[2025-12-12T08:27:38.344-0500] {processor.py:161} INFO - Started process (PID=64655) to work on /Users/evankrupa/airflow_project/env/lib/python3.11/site-packages/airflow/example_dags/example_sensor_decorator.py
[2025-12-12T08:27:38.345-0500] {processor.py:830} INFO - Processing file /Users/evankrupa/airflow_project/env/lib/python3.11/site-packages/airflow/example_dags/example_sensor_decorator.py for tasks to queue
[2025-12-12T08:27:38.345-0500] {logging_mixin.py:188} INFO - [2025-12-12T08:27:38.345-0500] {dagbag.py:545} INFO - Filling up the DagBag from /Users/evankrupa/airflow_project/env/lib/python3.11/site-packages/airflow/example_dags/example_sensor_decorator.py
[2025-12-12T08:27:38.357-0500] {processor.py:840} INFO - DAG(s) 'example_sensor_decorator' retrieved from /Users/evankrupa/airflow_project/env/lib/python3.11/site-packages/airflow/example_dags/example_sensor_decorator.py
[2025-12-12T08:27:38.386-0500] {logging_mixin.py:188} INFO - [2025-12-12T08:27:38.386-0500] {dag.py:3096} INFO - Sync 1 DAGs
[2025-12-12T08:27:38.389-0500] {logging_mixin.py:188} INFO - [2025-12-12T08:27:38.389-0500] {dag.py:3954} INFO - Setting next_dagrun for example_sensor_decorator to None, run_after=None
[2025-12-12T08:27:38.394-0500] {processor.py:183} INFO - Processing /Users/evankrupa/airflow_project/env/lib/python3.11/site-packages/airflow/example_dags/example_sensor_decorator.py took 0.052 seconds
[2025-12-12T08:29:03.084-0500] {processor.py:161} INFO - Started process (PID=64734) to work on /Users/evankrupa/airflow_project/env/lib/python3.11/site-packages/airflow/example_dags/example_sensor_decorator.py
[2025-12-12T08:29:03.085-0500] {processor.py:830} INFO - Processing file /Users/evankrupa/airflow_project/env/lib/python3.11/site-packages/airflow/example_dags/example_sensor_decorator.py for tasks to queue
[2025-12-12T08:29:03.085-0500] {logging_mixin.py:188} INFO - [2025-12-12T08:29:03.085-0500] {dagbag.py:545} INFO - Filling up the DagBag from /Users/evankrupa/airflow_project/env/lib/python3.11/site-packages/airflow/example_dags/example_sensor_decorator.py
[2025-12-12T08:29:03.100-0500] {processor.py:840} INFO - DAG(s) 'example_sensor_decorator' retrieved from /Users/evankrupa/airflow_project/env/lib/python3.11/site-packages/airflow/example_dags/example_sensor_decorator.py
[2025-12-12T08:29:03.133-0500] {logging_mixin.py:188} INFO - [2025-12-12T08:29:03.133-0500] {dag.py:3096} INFO - Sync 1 DAGs
[2025-12-12T08:29:03.137-0500] {logging_mixin.py:188} INFO - [2025-12-12T08:29:03.137-0500] {dag.py:3954} INFO - Setting next_dagrun for example_sensor_decorator to None, run_after=None
[2025-12-12T08:29:03.143-0500] {processor.py:183} INFO - Processing /Users/evankrupa/airflow_project/env/lib/python3.11/site-packages/airflow/example_dags/example_sensor_decorator.py took 0.060 seconds
[2025-12-12T08:30:24.522-0500] {processor.py:161} INFO - Started process (PID=64818) to work on /Users/evankrupa/airflow_project/env/lib/python3.11/site-packages/airflow/example_dags/example_sensor_decorator.py
[2025-12-12T08:30:24.523-0500] {processor.py:830} INFO - Processing file /Users/evankrupa/airflow_project/env/lib/python3.11/site-packages/airflow/example_dags/example_sensor_decorator.py for tasks to queue
[2025-12-12T08:30:24.523-0500] {logging_mixin.py:188} INFO - [2025-12-12T08:30:24.523-0500] {dagbag.py:545} INFO - Filling up the DagBag from /Users/evankrupa/airflow_project/env/lib/python3.11/site-packages/airflow/example_dags/example_sensor_decorator.py
[2025-12-12T08:30:24.538-0500] {processor.py:840} INFO - DAG(s) 'example_sensor_decorator' retrieved from /Users/evankrupa/airflow_project/env/lib/python3.11/site-packages/airflow/example_dags/example_sensor_decorator.py
[2025-12-12T08:30:24.574-0500] {logging_mixin.py:188} INFO - [2025-12-12T08:30:24.574-0500] {dag.py:3096} INFO - Sync 1 DAGs
[2025-12-12T08:30:24.577-0500] {logging_mixin.py:188} INFO - [2025-12-12T08:30:24.577-0500] {dag.py:3954} INFO - Setting next_dagrun for example_sensor_decorator to None, run_after=None
[2025-12-12T08:30:24.585-0500] {processor.py:183} INFO - Processing /Users/evankrupa/airflow_project/env/lib/python3.11/site-packages/airflow/example_dags/example_sensor_decorator.py took 0.063 seconds
[2025-12-12T08:31:46.528-0500] {processor.py:161} INFO - Started process (PID=64896) to work on /Users/evankrupa/airflow_project/env/lib/python3.11/site-packages/airflow/example_dags/example_sensor_decorator.py
[2025-12-12T08:31:46.529-0500] {processor.py:830} INFO - Processing file /Users/evankrupa/airflow_project/env/lib/python3.11/site-packages/airflow/example_dags/example_sensor_decorator.py for tasks to queue
[2025-12-12T08:31:46.529-0500] {logging_mixin.py:188} INFO - [2025-12-12T08:31:46.529-0500] {dagbag.py:545} INFO - Filling up the DagBag from /Users/evankrupa/airflow_project/env/lib/python3.11/site-packages/airflow/example_dags/example_sensor_decorator.py
[2025-12-12T08:31:46.541-0500] {processor.py:840} INFO - DAG(s) 'example_sensor_decorator' retrieved from /Users/evankrupa/airflow_project/env/lib/python3.11/site-packages/airflow/example_dags/example_sensor_decorator.py
[2025-12-12T08:31:46.570-0500] {logging_mixin.py:188} INFO - [2025-12-12T08:31:46.570-0500] {dag.py:3096} INFO - Sync 1 DAGs
[2025-12-12T08:31:46.572-0500] {logging_mixin.py:188} INFO - [2025-12-12T08:31:46.572-0500] {dag.py:3954} INFO - Setting next_dagrun for example_sensor_decorator to None, run_after=None
[2025-12-12T08:31:46.578-0500] {processor.py:183} INFO - Processing /Users/evankrupa/airflow_project/env/lib/python3.11/site-packages/airflow/example_dags/example_sensor_decorator.py took 0.051 seconds
[2025-12-12T08:33:10.952-0500] {processor.py:161} INFO - Started process (PID=64995) to work on /Users/evankrupa/airflow_project/env/lib/python3.11/site-packages/airflow/example_dags/example_sensor_decorator.py
[2025-12-12T08:33:10.953-0500] {processor.py:830} INFO - Processing file /Users/evankrupa/airflow_project/env/lib/python3.11/site-packages/airflow/example_dags/example_sensor_decorator.py for tasks to queue
[2025-12-12T08:33:10.953-0500] {logging_mixin.py:188} INFO - [2025-12-12T08:33:10.953-0500] {dagbag.py:545} INFO - Filling up the DagBag from /Users/evankrupa/airflow_project/env/lib/python3.11/site-packages/airflow/example_dags/example_sensor_decorator.py
[2025-12-12T08:33:10.965-0500] {processor.py:840} INFO - DAG(s) 'example_sensor_decorator' retrieved from /Users/evankrupa/airflow_project/env/lib/python3.11/site-packages/airflow/example_dags/example_sensor_decorator.py
[2025-12-12T08:33:10.994-0500] {logging_mixin.py:188} INFO - [2025-12-12T08:33:10.994-0500] {dag.py:3096} INFO - Sync 1 DAGs
[2025-12-12T08:33:10.997-0500] {logging_mixin.py:188} INFO - [2025-12-12T08:33:10.997-0500] {dag.py:3954} INFO - Setting next_dagrun for example_sensor_decorator to None, run_after=None
[2025-12-12T08:33:11.002-0500] {processor.py:183} INFO - Processing /Users/evankrupa/airflow_project/env/lib/python3.11/site-packages/airflow/example_dags/example_sensor_decorator.py took 0.051 seconds
[2025-12-12T08:34:36.819-0500] {processor.py:161} INFO - Started process (PID=65079) to work on /Users/evankrupa/airflow_project/env/lib/python3.11/site-packages/airflow/example_dags/example_sensor_decorator.py
[2025-12-12T08:34:36.819-0500] {processor.py:830} INFO - Processing file /Users/evankrupa/airflow_project/env/lib/python3.11/site-packages/airflow/example_dags/example_sensor_decorator.py for tasks to queue
[2025-12-12T08:34:36.819-0500] {logging_mixin.py:188} INFO - [2025-12-12T08:34:36.819-0500] {dagbag.py:545} INFO - Filling up the DagBag from /Users/evankrupa/airflow_project/env/lib/python3.11/site-packages/airflow/example_dags/example_sensor_decorator.py
[2025-12-12T08:34:36.831-0500] {processor.py:840} INFO - DAG(s) 'example_sensor_decorator' retrieved from /Users/evankrupa/airflow_project/env/lib/python3.11/site-packages/airflow/example_dags/example_sensor_decorator.py
[2025-12-12T08:34:36.860-0500] {logging_mixin.py:188} INFO - [2025-12-12T08:34:36.860-0500] {dag.py:3096} INFO - Sync 1 DAGs
[2025-12-12T08:34:36.863-0500] {logging_mixin.py:188} INFO - [2025-12-12T08:34:36.863-0500] {dag.py:3954} INFO - Setting next_dagrun for example_sensor_decorator to None, run_after=None
[2025-12-12T08:34:36.869-0500] {processor.py:183} INFO - Processing /Users/evankrupa/airflow_project/env/lib/python3.11/site-packages/airflow/example_dags/example_sensor_decorator.py took 0.051 seconds
[2025-12-12T08:36:02.840-0500] {processor.py:161} INFO - Started process (PID=65183) to work on /Users/evankrupa/airflow_project/env/lib/python3.11/site-packages/airflow/example_dags/example_sensor_decorator.py
[2025-12-12T08:36:02.841-0500] {processor.py:830} INFO - Processing file /Users/evankrupa/airflow_project/env/lib/python3.11/site-packages/airflow/example_dags/example_sensor_decorator.py for tasks to queue
[2025-12-12T08:36:02.841-0500] {logging_mixin.py:188} INFO - [2025-12-12T08:36:02.841-0500] {dagbag.py:545} INFO - Filling up the DagBag from /Users/evankrupa/airflow_project/env/lib/python3.11/site-packages/airflow/example_dags/example_sensor_decorator.py
[2025-12-12T08:36:02.853-0500] {processor.py:840} INFO - DAG(s) 'example_sensor_decorator' retrieved from /Users/evankrupa/airflow_project/env/lib/python3.11/site-packages/airflow/example_dags/example_sensor_decorator.py
[2025-12-12T08:36:02.883-0500] {logging_mixin.py:188} INFO - [2025-12-12T08:36:02.882-0500] {dag.py:3096} INFO - Sync 1 DAGs
[2025-12-12T08:36:02.885-0500] {logging_mixin.py:188} INFO - [2025-12-12T08:36:02.885-0500] {dag.py:3954} INFO - Setting next_dagrun for example_sensor_decorator to None, run_after=None
[2025-12-12T08:36:02.891-0500] {processor.py:183} INFO - Processing /Users/evankrupa/airflow_project/env/lib/python3.11/site-packages/airflow/example_dags/example_sensor_decorator.py took 0.051 seconds
[2025-12-12T08:37:25.158-0500] {processor.py:161} INFO - Started process (PID=65253) to work on /Users/evankrupa/airflow_project/env/lib/python3.11/site-packages/airflow/example_dags/example_sensor_decorator.py
[2025-12-12T08:37:25.159-0500] {processor.py:830} INFO - Processing file /Users/evankrupa/airflow_project/env/lib/python3.11/site-packages/airflow/example_dags/example_sensor_decorator.py for tasks to queue
[2025-12-12T08:37:25.159-0500] {logging_mixin.py:188} INFO - [2025-12-12T08:37:25.159-0500] {dagbag.py:545} INFO - Filling up the DagBag from /Users/evankrupa/airflow_project/env/lib/python3.11/site-packages/airflow/example_dags/example_sensor_decorator.py
[2025-12-12T08:37:25.171-0500] {processor.py:840} INFO - DAG(s) 'example_sensor_decorator' retrieved from /Users/evankrupa/airflow_project/env/lib/python3.11/site-packages/airflow/example_dags/example_sensor_decorator.py
[2025-12-12T08:37:25.201-0500] {logging_mixin.py:188} INFO - [2025-12-12T08:37:25.200-0500] {dag.py:3096} INFO - Sync 1 DAGs
[2025-12-12T08:37:25.203-0500] {logging_mixin.py:188} INFO - [2025-12-12T08:37:25.203-0500] {dag.py:3954} INFO - Setting next_dagrun for example_sensor_decorator to None, run_after=None
[2025-12-12T08:37:25.209-0500] {processor.py:183} INFO - Processing /Users/evankrupa/airflow_project/env/lib/python3.11/site-packages/airflow/example_dags/example_sensor_decorator.py took 0.051 seconds
[2025-12-12T08:38:50.363-0500] {processor.py:161} INFO - Started process (PID=65330) to work on /Users/evankrupa/airflow_project/env/lib/python3.11/site-packages/airflow/example_dags/example_sensor_decorator.py
[2025-12-12T08:38:50.364-0500] {processor.py:830} INFO - Processing file /Users/evankrupa/airflow_project/env/lib/python3.11/site-packages/airflow/example_dags/example_sensor_decorator.py for tasks to queue
[2025-12-12T08:38:50.364-0500] {logging_mixin.py:188} INFO - [2025-12-12T08:38:50.364-0500] {dagbag.py:545} INFO - Filling up the DagBag from /Users/evankrupa/airflow_project/env/lib/python3.11/site-packages/airflow/example_dags/example_sensor_decorator.py
[2025-12-12T08:38:50.377-0500] {processor.py:840} INFO - DAG(s) 'example_sensor_decorator' retrieved from /Users/evankrupa/airflow_project/env/lib/python3.11/site-packages/airflow/example_dags/example_sensor_decorator.py
[2025-12-12T08:38:50.408-0500] {logging_mixin.py:188} INFO - [2025-12-12T08:38:50.408-0500] {dag.py:3096} INFO - Sync 1 DAGs
[2025-12-12T08:38:50.411-0500] {logging_mixin.py:188} INFO - [2025-12-12T08:38:50.411-0500] {dag.py:3954} INFO - Setting next_dagrun for example_sensor_decorator to None, run_after=None
[2025-12-12T08:38:50.417-0500] {processor.py:183} INFO - Processing /Users/evankrupa/airflow_project/env/lib/python3.11/site-packages/airflow/example_dags/example_sensor_decorator.py took 0.055 seconds
[2025-12-12T08:40:13.371-0500] {processor.py:161} INFO - Started process (PID=65402) to work on /Users/evankrupa/airflow_project/env/lib/python3.11/site-packages/airflow/example_dags/example_sensor_decorator.py
[2025-12-12T08:40:13.372-0500] {processor.py:830} INFO - Processing file /Users/evankrupa/airflow_project/env/lib/python3.11/site-packages/airflow/example_dags/example_sensor_decorator.py for tasks to queue
[2025-12-12T08:40:13.372-0500] {logging_mixin.py:188} INFO - [2025-12-12T08:40:13.372-0500] {dagbag.py:545} INFO - Filling up the DagBag from /Users/evankrupa/airflow_project/env/lib/python3.11/site-packages/airflow/example_dags/example_sensor_decorator.py
[2025-12-12T08:40:13.384-0500] {processor.py:840} INFO - DAG(s) 'example_sensor_decorator' retrieved from /Users/evankrupa/airflow_project/env/lib/python3.11/site-packages/airflow/example_dags/example_sensor_decorator.py
[2025-12-12T08:40:13.413-0500] {logging_mixin.py:188} INFO - [2025-12-12T08:40:13.413-0500] {dag.py:3096} INFO - Sync 1 DAGs
[2025-12-12T08:40:13.416-0500] {logging_mixin.py:188} INFO - [2025-12-12T08:40:13.415-0500] {dag.py:3954} INFO - Setting next_dagrun for example_sensor_decorator to None, run_after=None
[2025-12-12T08:40:13.421-0500] {processor.py:183} INFO - Processing /Users/evankrupa/airflow_project/env/lib/python3.11/site-packages/airflow/example_dags/example_sensor_decorator.py took 0.051 seconds
[2025-12-12T08:41:37.958-0500] {processor.py:161} INFO - Started process (PID=65487) to work on /Users/evankrupa/airflow_project/env/lib/python3.11/site-packages/airflow/example_dags/example_sensor_decorator.py
[2025-12-12T08:41:37.958-0500] {processor.py:830} INFO - Processing file /Users/evankrupa/airflow_project/env/lib/python3.11/site-packages/airflow/example_dags/example_sensor_decorator.py for tasks to queue
[2025-12-12T08:41:37.958-0500] {logging_mixin.py:188} INFO - [2025-12-12T08:41:37.958-0500] {dagbag.py:545} INFO - Filling up the DagBag from /Users/evankrupa/airflow_project/env/lib/python3.11/site-packages/airflow/example_dags/example_sensor_decorator.py
[2025-12-12T08:41:37.970-0500] {processor.py:840} INFO - DAG(s) 'example_sensor_decorator' retrieved from /Users/evankrupa/airflow_project/env/lib/python3.11/site-packages/airflow/example_dags/example_sensor_decorator.py
[2025-12-12T08:41:37.999-0500] {logging_mixin.py:188} INFO - [2025-12-12T08:41:37.999-0500] {dag.py:3096} INFO - Sync 1 DAGs
[2025-12-12T08:41:38.002-0500] {logging_mixin.py:188} INFO - [2025-12-12T08:41:38.002-0500] {dag.py:3954} INFO - Setting next_dagrun for example_sensor_decorator to None, run_after=None
[2025-12-12T08:41:38.008-0500] {processor.py:183} INFO - Processing /Users/evankrupa/airflow_project/env/lib/python3.11/site-packages/airflow/example_dags/example_sensor_decorator.py took 0.051 seconds
[2025-12-12T08:43:00.371-0500] {processor.py:161} INFO - Started process (PID=65565) to work on /Users/evankrupa/airflow_project/env/lib/python3.11/site-packages/airflow/example_dags/example_sensor_decorator.py
[2025-12-12T08:43:00.371-0500] {processor.py:830} INFO - Processing file /Users/evankrupa/airflow_project/env/lib/python3.11/site-packages/airflow/example_dags/example_sensor_decorator.py for tasks to queue
[2025-12-12T08:43:00.371-0500] {logging_mixin.py:188} INFO - [2025-12-12T08:43:00.371-0500] {dagbag.py:545} INFO - Filling up the DagBag from /Users/evankrupa/airflow_project/env/lib/python3.11/site-packages/airflow/example_dags/example_sensor_decorator.py
[2025-12-12T08:43:00.383-0500] {processor.py:840} INFO - DAG(s) 'example_sensor_decorator' retrieved from /Users/evankrupa/airflow_project/env/lib/python3.11/site-packages/airflow/example_dags/example_sensor_decorator.py
[2025-12-12T08:43:00.412-0500] {logging_mixin.py:188} INFO - [2025-12-12T08:43:00.412-0500] {dag.py:3096} INFO - Sync 1 DAGs
[2025-12-12T08:43:00.415-0500] {logging_mixin.py:188} INFO - [2025-12-12T08:43:00.415-0500] {dag.py:3954} INFO - Setting next_dagrun for example_sensor_decorator to None, run_after=None
[2025-12-12T08:43:00.420-0500] {processor.py:183} INFO - Processing /Users/evankrupa/airflow_project/env/lib/python3.11/site-packages/airflow/example_dags/example_sensor_decorator.py took 0.051 seconds
[2025-12-12T08:44:24.190-0500] {processor.py:161} INFO - Started process (PID=65636) to work on /Users/evankrupa/airflow_project/env/lib/python3.11/site-packages/airflow/example_dags/example_sensor_decorator.py
[2025-12-12T08:44:24.191-0500] {processor.py:830} INFO - Processing file /Users/evankrupa/airflow_project/env/lib/python3.11/site-packages/airflow/example_dags/example_sensor_decorator.py for tasks to queue
[2025-12-12T08:44:24.191-0500] {logging_mixin.py:188} INFO - [2025-12-12T08:44:24.191-0500] {dagbag.py:545} INFO - Filling up the DagBag from /Users/evankrupa/airflow_project/env/lib/python3.11/site-packages/airflow/example_dags/example_sensor_decorator.py
[2025-12-12T08:44:24.203-0500] {processor.py:840} INFO - DAG(s) 'example_sensor_decorator' retrieved from /Users/evankrupa/airflow_project/env/lib/python3.11/site-packages/airflow/example_dags/example_sensor_decorator.py
[2025-12-12T08:44:24.232-0500] {logging_mixin.py:188} INFO - [2025-12-12T08:44:24.232-0500] {dag.py:3096} INFO - Sync 1 DAGs
[2025-12-12T08:44:24.235-0500] {logging_mixin.py:188} INFO - [2025-12-12T08:44:24.234-0500] {dag.py:3954} INFO - Setting next_dagrun for example_sensor_decorator to None, run_after=None
[2025-12-12T08:44:24.240-0500] {processor.py:183} INFO - Processing /Users/evankrupa/airflow_project/env/lib/python3.11/site-packages/airflow/example_dags/example_sensor_decorator.py took 0.051 seconds
[2025-12-12T08:45:49.251-0500] {processor.py:161} INFO - Started process (PID=65716) to work on /Users/evankrupa/airflow_project/env/lib/python3.11/site-packages/airflow/example_dags/example_sensor_decorator.py
[2025-12-12T08:45:49.252-0500] {processor.py:830} INFO - Processing file /Users/evankrupa/airflow_project/env/lib/python3.11/site-packages/airflow/example_dags/example_sensor_decorator.py for tasks to queue
[2025-12-12T08:45:49.252-0500] {logging_mixin.py:188} INFO - [2025-12-12T08:45:49.252-0500] {dagbag.py:545} INFO - Filling up the DagBag from /Users/evankrupa/airflow_project/env/lib/python3.11/site-packages/airflow/example_dags/example_sensor_decorator.py
[2025-12-12T08:45:49.264-0500] {processor.py:840} INFO - DAG(s) 'example_sensor_decorator' retrieved from /Users/evankrupa/airflow_project/env/lib/python3.11/site-packages/airflow/example_dags/example_sensor_decorator.py
[2025-12-12T08:45:49.293-0500] {logging_mixin.py:188} INFO - [2025-12-12T08:45:49.293-0500] {dag.py:3096} INFO - Sync 1 DAGs
[2025-12-12T08:45:49.296-0500] {logging_mixin.py:188} INFO - [2025-12-12T08:45:49.296-0500] {dag.py:3954} INFO - Setting next_dagrun for example_sensor_decorator to None, run_after=None
[2025-12-12T08:45:49.301-0500] {processor.py:183} INFO - Processing /Users/evankrupa/airflow_project/env/lib/python3.11/site-packages/airflow/example_dags/example_sensor_decorator.py took 0.051 seconds
