[2025-12-12T07:26:01.633-0500] {processor.py:161} INFO - Started process (PID=56888) to work on /Users/evankrupa/airflow_project/env/lib/python3.11/site-packages/airflow/example_dags/example_complex.py
[2025-12-12T07:26:01.633-0500] {processor.py:830} INFO - Processing file /Users/evankrupa/airflow_project/env/lib/python3.11/site-packages/airflow/example_dags/example_complex.py for tasks to queue
[2025-12-12T07:26:01.633-0500] {logging_mixin.py:188} INFO - [2025-12-12T07:26:01.633-0500] {dagbag.py:545} INFO - Filling up the DagBag from /Users/evankrupa/airflow_project/env/lib/python3.11/site-packages/airflow/example_dags/example_complex.py
[2025-12-12T07:26:01.638-0500] {processor.py:840} INFO - DAG(s) 'example_complex' retrieved from /Users/evankrupa/airflow_project/env/lib/python3.11/site-packages/airflow/example_dags/example_complex.py
[2025-12-12T07:26:01.692-0500] {logging_mixin.py:188} INFO - [2025-12-12T07:26:01.692-0500] {override.py:1829} INFO - Created Permission View: can edit on DAG:example_complex
[2025-12-12T07:26:01.695-0500] {logging_mixin.py:188} INFO - [2025-12-12T07:26:01.695-0500] {override.py:1829} INFO - Created Permission View: can delete on DAG:example_complex
[2025-12-12T07:26:01.696-0500] {logging_mixin.py:188} INFO - [2025-12-12T07:26:01.696-0500] {override.py:1829} INFO - Created Permission View: can read on DAG:example_complex
[2025-12-12T07:26:01.696-0500] {logging_mixin.py:188} INFO - [2025-12-12T07:26:01.696-0500] {dag.py:3096} INFO - Sync 1 DAGs
[2025-12-12T07:26:01.699-0500] {logging_mixin.py:188} INFO - [2025-12-12T07:26:01.699-0500] {dag.py:3118} INFO - Creating ORM DAG for example_complex
[2025-12-12T07:26:01.699-0500] {logging_mixin.py:188} INFO - [2025-12-12T07:26:01.699-0500] {dag.py:3954} INFO - Setting next_dagrun for example_complex to None, run_after=None
[2025-12-12T07:26:01.704-0500] {processor.py:183} INFO - Processing /Users/evankrupa/airflow_project/env/lib/python3.11/site-packages/airflow/example_dags/example_complex.py took 0.072 seconds
[2025-12-12T07:27:27.948-0500] {processor.py:161} INFO - Started process (PID=57516) to work on /Users/evankrupa/airflow_project/env/lib/python3.11/site-packages/airflow/example_dags/example_complex.py
[2025-12-12T07:27:27.949-0500] {processor.py:830} INFO - Processing file /Users/evankrupa/airflow_project/env/lib/python3.11/site-packages/airflow/example_dags/example_complex.py for tasks to queue
[2025-12-12T07:27:27.949-0500] {logging_mixin.py:188} INFO - [2025-12-12T07:27:27.949-0500] {dagbag.py:545} INFO - Filling up the DagBag from /Users/evankrupa/airflow_project/env/lib/python3.11/site-packages/airflow/example_dags/example_complex.py
[2025-12-12T07:27:27.953-0500] {processor.py:840} INFO - DAG(s) 'example_complex' retrieved from /Users/evankrupa/airflow_project/env/lib/python3.11/site-packages/airflow/example_dags/example_complex.py
[2025-12-12T07:27:27.985-0500] {logging_mixin.py:188} INFO - [2025-12-12T07:27:27.984-0500] {dag.py:3096} INFO - Sync 1 DAGs
[2025-12-12T07:27:27.987-0500] {logging_mixin.py:188} INFO - [2025-12-12T07:27:27.987-0500] {dag.py:3954} INFO - Setting next_dagrun for example_complex to None, run_after=None
[2025-12-12T07:27:27.993-0500] {processor.py:183} INFO - Processing /Users/evankrupa/airflow_project/env/lib/python3.11/site-packages/airflow/example_dags/example_complex.py took 0.046 seconds
[2025-12-12T07:28:53.889-0500] {processor.py:161} INFO - Started process (PID=57766) to work on /Users/evankrupa/airflow_project/env/lib/python3.11/site-packages/airflow/example_dags/example_complex.py
[2025-12-12T07:28:53.889-0500] {processor.py:830} INFO - Processing file /Users/evankrupa/airflow_project/env/lib/python3.11/site-packages/airflow/example_dags/example_complex.py for tasks to queue
[2025-12-12T07:28:53.889-0500] {logging_mixin.py:188} INFO - [2025-12-12T07:28:53.889-0500] {dagbag.py:545} INFO - Filling up the DagBag from /Users/evankrupa/airflow_project/env/lib/python3.11/site-packages/airflow/example_dags/example_complex.py
[2025-12-12T07:28:53.893-0500] {processor.py:840} INFO - DAG(s) 'example_complex' retrieved from /Users/evankrupa/airflow_project/env/lib/python3.11/site-packages/airflow/example_dags/example_complex.py
[2025-12-12T07:28:53.925-0500] {logging_mixin.py:188} INFO - [2025-12-12T07:28:53.925-0500] {dag.py:3096} INFO - Sync 1 DAGs
[2025-12-12T07:28:53.927-0500] {logging_mixin.py:188} INFO - [2025-12-12T07:28:53.927-0500] {dag.py:3954} INFO - Setting next_dagrun for example_complex to None, run_after=None
[2025-12-12T07:28:53.933-0500] {processor.py:183} INFO - Processing /Users/evankrupa/airflow_project/env/lib/python3.11/site-packages/airflow/example_dags/example_complex.py took 0.045 seconds
[2025-12-12T07:30:19.023-0500] {processor.py:161} INFO - Started process (PID=58005) to work on /Users/evankrupa/airflow_project/env/lib/python3.11/site-packages/airflow/example_dags/example_complex.py
[2025-12-12T07:30:19.024-0500] {processor.py:830} INFO - Processing file /Users/evankrupa/airflow_project/env/lib/python3.11/site-packages/airflow/example_dags/example_complex.py for tasks to queue
[2025-12-12T07:30:19.024-0500] {logging_mixin.py:188} INFO - [2025-12-12T07:30:19.024-0500] {dagbag.py:545} INFO - Filling up the DagBag from /Users/evankrupa/airflow_project/env/lib/python3.11/site-packages/airflow/example_dags/example_complex.py
[2025-12-12T07:30:19.028-0500] {processor.py:840} INFO - DAG(s) 'example_complex' retrieved from /Users/evankrupa/airflow_project/env/lib/python3.11/site-packages/airflow/example_dags/example_complex.py
[2025-12-12T07:30:19.061-0500] {logging_mixin.py:188} INFO - [2025-12-12T07:30:19.060-0500] {dag.py:3096} INFO - Sync 1 DAGs
[2025-12-12T07:30:19.064-0500] {logging_mixin.py:188} INFO - [2025-12-12T07:30:19.063-0500] {dag.py:3954} INFO - Setting next_dagrun for example_complex to None, run_after=None
[2025-12-12T07:30:19.070-0500] {processor.py:183} INFO - Processing /Users/evankrupa/airflow_project/env/lib/python3.11/site-packages/airflow/example_dags/example_complex.py took 0.048 seconds
[2025-12-12T07:31:44.724-0500] {processor.py:161} INFO - Started process (PID=58343) to work on /Users/evankrupa/airflow_project/env/lib/python3.11/site-packages/airflow/example_dags/example_complex.py
[2025-12-12T07:31:44.725-0500] {processor.py:830} INFO - Processing file /Users/evankrupa/airflow_project/env/lib/python3.11/site-packages/airflow/example_dags/example_complex.py for tasks to queue
[2025-12-12T07:31:44.725-0500] {logging_mixin.py:188} INFO - [2025-12-12T07:31:44.725-0500] {dagbag.py:545} INFO - Filling up the DagBag from /Users/evankrupa/airflow_project/env/lib/python3.11/site-packages/airflow/example_dags/example_complex.py
[2025-12-12T07:31:44.729-0500] {processor.py:840} INFO - DAG(s) 'example_complex' retrieved from /Users/evankrupa/airflow_project/env/lib/python3.11/site-packages/airflow/example_dags/example_complex.py
[2025-12-12T07:31:44.767-0500] {logging_mixin.py:188} INFO - [2025-12-12T07:31:44.767-0500] {dag.py:3096} INFO - Sync 1 DAGs
[2025-12-12T07:31:44.771-0500] {logging_mixin.py:188} INFO - [2025-12-12T07:31:44.771-0500] {dag.py:3954} INFO - Setting next_dagrun for example_complex to None, run_after=None
[2025-12-12T07:31:44.778-0500] {processor.py:183} INFO - Processing /Users/evankrupa/airflow_project/env/lib/python3.11/site-packages/airflow/example_dags/example_complex.py took 0.054 seconds
[2025-12-12T07:33:11.489-0500] {processor.py:161} INFO - Started process (PID=58440) to work on /Users/evankrupa/airflow_project/env/lib/python3.11/site-packages/airflow/example_dags/example_complex.py
[2025-12-12T07:33:11.489-0500] {processor.py:830} INFO - Processing file /Users/evankrupa/airflow_project/env/lib/python3.11/site-packages/airflow/example_dags/example_complex.py for tasks to queue
[2025-12-12T07:33:11.489-0500] {logging_mixin.py:188} INFO - [2025-12-12T07:33:11.489-0500] {dagbag.py:545} INFO - Filling up the DagBag from /Users/evankrupa/airflow_project/env/lib/python3.11/site-packages/airflow/example_dags/example_complex.py
[2025-12-12T07:33:11.493-0500] {processor.py:840} INFO - DAG(s) 'example_complex' retrieved from /Users/evankrupa/airflow_project/env/lib/python3.11/site-packages/airflow/example_dags/example_complex.py
[2025-12-12T07:33:11.525-0500] {logging_mixin.py:188} INFO - [2025-12-12T07:33:11.525-0500] {dag.py:3096} INFO - Sync 1 DAGs
[2025-12-12T07:33:11.528-0500] {logging_mixin.py:188} INFO - [2025-12-12T07:33:11.528-0500] {dag.py:3954} INFO - Setting next_dagrun for example_complex to None, run_after=None
[2025-12-12T07:33:11.533-0500] {processor.py:183} INFO - Processing /Users/evankrupa/airflow_project/env/lib/python3.11/site-packages/airflow/example_dags/example_complex.py took 0.045 seconds
[2025-12-12T07:34:37.913-0500] {processor.py:161} INFO - Started process (PID=58520) to work on /Users/evankrupa/airflow_project/env/lib/python3.11/site-packages/airflow/example_dags/example_complex.py
[2025-12-12T07:34:37.914-0500] {processor.py:830} INFO - Processing file /Users/evankrupa/airflow_project/env/lib/python3.11/site-packages/airflow/example_dags/example_complex.py for tasks to queue
[2025-12-12T07:34:37.914-0500] {logging_mixin.py:188} INFO - [2025-12-12T07:34:37.914-0500] {dagbag.py:545} INFO - Filling up the DagBag from /Users/evankrupa/airflow_project/env/lib/python3.11/site-packages/airflow/example_dags/example_complex.py
[2025-12-12T07:34:37.918-0500] {processor.py:840} INFO - DAG(s) 'example_complex' retrieved from /Users/evankrupa/airflow_project/env/lib/python3.11/site-packages/airflow/example_dags/example_complex.py
[2025-12-12T07:34:37.949-0500] {logging_mixin.py:188} INFO - [2025-12-12T07:34:37.949-0500] {dag.py:3096} INFO - Sync 1 DAGs
[2025-12-12T07:34:37.952-0500] {logging_mixin.py:188} INFO - [2025-12-12T07:34:37.952-0500] {dag.py:3954} INFO - Setting next_dagrun for example_complex to None, run_after=None
[2025-12-12T07:34:37.958-0500] {processor.py:183} INFO - Processing /Users/evankrupa/airflow_project/env/lib/python3.11/site-packages/airflow/example_dags/example_complex.py took 0.045 seconds
[2025-12-12T07:36:00.797-0500] {processor.py:161} INFO - Started process (PID=58591) to work on /Users/evankrupa/airflow_project/env/lib/python3.11/site-packages/airflow/example_dags/example_complex.py
[2025-12-12T07:36:00.798-0500] {processor.py:830} INFO - Processing file /Users/evankrupa/airflow_project/env/lib/python3.11/site-packages/airflow/example_dags/example_complex.py for tasks to queue
[2025-12-12T07:36:00.798-0500] {logging_mixin.py:188} INFO - [2025-12-12T07:36:00.798-0500] {dagbag.py:545} INFO - Filling up the DagBag from /Users/evankrupa/airflow_project/env/lib/python3.11/site-packages/airflow/example_dags/example_complex.py
[2025-12-12T07:36:00.803-0500] {processor.py:840} INFO - DAG(s) 'example_complex' retrieved from /Users/evankrupa/airflow_project/env/lib/python3.11/site-packages/airflow/example_dags/example_complex.py
[2025-12-12T07:36:00.838-0500] {logging_mixin.py:188} INFO - [2025-12-12T07:36:00.838-0500] {dag.py:3096} INFO - Sync 1 DAGs
[2025-12-12T07:36:00.841-0500] {logging_mixin.py:188} INFO - [2025-12-12T07:36:00.841-0500] {dag.py:3954} INFO - Setting next_dagrun for example_complex to None, run_after=None
[2025-12-12T07:36:00.847-0500] {processor.py:183} INFO - Processing /Users/evankrupa/airflow_project/env/lib/python3.11/site-packages/airflow/example_dags/example_complex.py took 0.051 seconds
[2025-12-12T07:37:24.144-0500] {processor.py:161} INFO - Started process (PID=58660) to work on /Users/evankrupa/airflow_project/env/lib/python3.11/site-packages/airflow/example_dags/example_complex.py
[2025-12-12T07:37:24.145-0500] {processor.py:830} INFO - Processing file /Users/evankrupa/airflow_project/env/lib/python3.11/site-packages/airflow/example_dags/example_complex.py for tasks to queue
[2025-12-12T07:37:24.145-0500] {logging_mixin.py:188} INFO - [2025-12-12T07:37:24.145-0500] {dagbag.py:545} INFO - Filling up the DagBag from /Users/evankrupa/airflow_project/env/lib/python3.11/site-packages/airflow/example_dags/example_complex.py
[2025-12-12T07:37:24.149-0500] {processor.py:840} INFO - DAG(s) 'example_complex' retrieved from /Users/evankrupa/airflow_project/env/lib/python3.11/site-packages/airflow/example_dags/example_complex.py
[2025-12-12T07:37:24.182-0500] {logging_mixin.py:188} INFO - [2025-12-12T07:37:24.182-0500] {dag.py:3096} INFO - Sync 1 DAGs
[2025-12-12T07:37:24.184-0500] {logging_mixin.py:188} INFO - [2025-12-12T07:37:24.184-0500] {dag.py:3954} INFO - Setting next_dagrun for example_complex to None, run_after=None
[2025-12-12T07:37:24.191-0500] {processor.py:183} INFO - Processing /Users/evankrupa/airflow_project/env/lib/python3.11/site-packages/airflow/example_dags/example_complex.py took 0.047 seconds
[2025-12-12T07:38:47.804-0500] {processor.py:161} INFO - Started process (PID=58740) to work on /Users/evankrupa/airflow_project/env/lib/python3.11/site-packages/airflow/example_dags/example_complex.py
[2025-12-12T07:38:47.805-0500] {processor.py:830} INFO - Processing file /Users/evankrupa/airflow_project/env/lib/python3.11/site-packages/airflow/example_dags/example_complex.py for tasks to queue
[2025-12-12T07:38:47.805-0500] {logging_mixin.py:188} INFO - [2025-12-12T07:38:47.805-0500] {dagbag.py:545} INFO - Filling up the DagBag from /Users/evankrupa/airflow_project/env/lib/python3.11/site-packages/airflow/example_dags/example_complex.py
[2025-12-12T07:38:47.809-0500] {processor.py:840} INFO - DAG(s) 'example_complex' retrieved from /Users/evankrupa/airflow_project/env/lib/python3.11/site-packages/airflow/example_dags/example_complex.py
[2025-12-12T07:38:47.840-0500] {logging_mixin.py:188} INFO - [2025-12-12T07:38:47.840-0500] {dag.py:3096} INFO - Sync 1 DAGs
[2025-12-12T07:38:47.843-0500] {logging_mixin.py:188} INFO - [2025-12-12T07:38:47.843-0500] {dag.py:3954} INFO - Setting next_dagrun for example_complex to None, run_after=None
[2025-12-12T07:38:47.849-0500] {processor.py:183} INFO - Processing /Users/evankrupa/airflow_project/env/lib/python3.11/site-packages/airflow/example_dags/example_complex.py took 0.045 seconds
[2025-12-12T07:40:15.364-0500] {processor.py:161} INFO - Started process (PID=58866) to work on /Users/evankrupa/airflow_project/env/lib/python3.11/site-packages/airflow/example_dags/example_complex.py
[2025-12-12T07:40:15.366-0500] {processor.py:830} INFO - Processing file /Users/evankrupa/airflow_project/env/lib/python3.11/site-packages/airflow/example_dags/example_complex.py for tasks to queue
[2025-12-12T07:40:15.366-0500] {logging_mixin.py:188} INFO - [2025-12-12T07:40:15.366-0500] {dagbag.py:545} INFO - Filling up the DagBag from /Users/evankrupa/airflow_project/env/lib/python3.11/site-packages/airflow/example_dags/example_complex.py
[2025-12-12T07:40:15.370-0500] {processor.py:840} INFO - DAG(s) 'example_complex' retrieved from /Users/evankrupa/airflow_project/env/lib/python3.11/site-packages/airflow/example_dags/example_complex.py
[2025-12-12T07:40:15.402-0500] {logging_mixin.py:188} INFO - [2025-12-12T07:40:15.402-0500] {dag.py:3096} INFO - Sync 1 DAGs
[2025-12-12T07:40:15.404-0500] {logging_mixin.py:188} INFO - [2025-12-12T07:40:15.404-0500] {dag.py:3954} INFO - Setting next_dagrun for example_complex to None, run_after=None
[2025-12-12T07:40:15.410-0500] {processor.py:183} INFO - Processing /Users/evankrupa/airflow_project/env/lib/python3.11/site-packages/airflow/example_dags/example_complex.py took 0.047 seconds
[2025-12-12T07:41:40.510-0500] {processor.py:161} INFO - Started process (PID=58958) to work on /Users/evankrupa/airflow_project/env/lib/python3.11/site-packages/airflow/example_dags/example_complex.py
[2025-12-12T07:41:40.511-0500] {processor.py:830} INFO - Processing file /Users/evankrupa/airflow_project/env/lib/python3.11/site-packages/airflow/example_dags/example_complex.py for tasks to queue
[2025-12-12T07:41:40.511-0500] {logging_mixin.py:188} INFO - [2025-12-12T07:41:40.511-0500] {dagbag.py:545} INFO - Filling up the DagBag from /Users/evankrupa/airflow_project/env/lib/python3.11/site-packages/airflow/example_dags/example_complex.py
[2025-12-12T07:41:40.515-0500] {processor.py:840} INFO - DAG(s) 'example_complex' retrieved from /Users/evankrupa/airflow_project/env/lib/python3.11/site-packages/airflow/example_dags/example_complex.py
[2025-12-12T07:41:40.546-0500] {logging_mixin.py:188} INFO - [2025-12-12T07:41:40.546-0500] {dag.py:3096} INFO - Sync 1 DAGs
[2025-12-12T07:41:40.549-0500] {logging_mixin.py:188} INFO - [2025-12-12T07:41:40.549-0500] {dag.py:3954} INFO - Setting next_dagrun for example_complex to None, run_after=None
[2025-12-12T07:41:40.554-0500] {processor.py:183} INFO - Processing /Users/evankrupa/airflow_project/env/lib/python3.11/site-packages/airflow/example_dags/example_complex.py took 0.045 seconds
[2025-12-12T07:43:03.960-0500] {processor.py:161} INFO - Started process (PID=59120) to work on /Users/evankrupa/airflow_project/env/lib/python3.11/site-packages/airflow/example_dags/example_complex.py
[2025-12-12T07:43:03.961-0500] {processor.py:830} INFO - Processing file /Users/evankrupa/airflow_project/env/lib/python3.11/site-packages/airflow/example_dags/example_complex.py for tasks to queue
[2025-12-12T07:43:03.961-0500] {logging_mixin.py:188} INFO - [2025-12-12T07:43:03.961-0500] {dagbag.py:545} INFO - Filling up the DagBag from /Users/evankrupa/airflow_project/env/lib/python3.11/site-packages/airflow/example_dags/example_complex.py
[2025-12-12T07:43:03.965-0500] {processor.py:840} INFO - DAG(s) 'example_complex' retrieved from /Users/evankrupa/airflow_project/env/lib/python3.11/site-packages/airflow/example_dags/example_complex.py
[2025-12-12T07:43:03.997-0500] {logging_mixin.py:188} INFO - [2025-12-12T07:43:03.997-0500] {dag.py:3096} INFO - Sync 1 DAGs
[2025-12-12T07:43:03.999-0500] {logging_mixin.py:188} INFO - [2025-12-12T07:43:03.999-0500] {dag.py:3954} INFO - Setting next_dagrun for example_complex to None, run_after=None
[2025-12-12T07:43:04.005-0500] {processor.py:183} INFO - Processing /Users/evankrupa/airflow_project/env/lib/python3.11/site-packages/airflow/example_dags/example_complex.py took 0.046 seconds
[2025-12-12T07:44:28.757-0500] {processor.py:161} INFO - Started process (PID=59206) to work on /Users/evankrupa/airflow_project/env/lib/python3.11/site-packages/airflow/example_dags/example_complex.py
[2025-12-12T07:44:28.759-0500] {processor.py:830} INFO - Processing file /Users/evankrupa/airflow_project/env/lib/python3.11/site-packages/airflow/example_dags/example_complex.py for tasks to queue
[2025-12-12T07:44:28.759-0500] {logging_mixin.py:188} INFO - [2025-12-12T07:44:28.759-0500] {dagbag.py:545} INFO - Filling up the DagBag from /Users/evankrupa/airflow_project/env/lib/python3.11/site-packages/airflow/example_dags/example_complex.py
[2025-12-12T07:44:28.763-0500] {processor.py:840} INFO - DAG(s) 'example_complex' retrieved from /Users/evankrupa/airflow_project/env/lib/python3.11/site-packages/airflow/example_dags/example_complex.py
[2025-12-12T07:44:28.793-0500] {logging_mixin.py:188} INFO - [2025-12-12T07:44:28.793-0500] {dag.py:3096} INFO - Sync 1 DAGs
[2025-12-12T07:44:28.796-0500] {logging_mixin.py:188} INFO - [2025-12-12T07:44:28.796-0500] {dag.py:3954} INFO - Setting next_dagrun for example_complex to None, run_after=None
[2025-12-12T07:44:28.802-0500] {processor.py:183} INFO - Processing /Users/evankrupa/airflow_project/env/lib/python3.11/site-packages/airflow/example_dags/example_complex.py took 0.045 seconds
[2025-12-12T07:45:54.972-0500] {processor.py:161} INFO - Started process (PID=59288) to work on /Users/evankrupa/airflow_project/env/lib/python3.11/site-packages/airflow/example_dags/example_complex.py
[2025-12-12T07:45:54.973-0500] {processor.py:830} INFO - Processing file /Users/evankrupa/airflow_project/env/lib/python3.11/site-packages/airflow/example_dags/example_complex.py for tasks to queue
[2025-12-12T07:45:54.973-0500] {logging_mixin.py:188} INFO - [2025-12-12T07:45:54.973-0500] {dagbag.py:545} INFO - Filling up the DagBag from /Users/evankrupa/airflow_project/env/lib/python3.11/site-packages/airflow/example_dags/example_complex.py
[2025-12-12T07:45:54.977-0500] {processor.py:840} INFO - DAG(s) 'example_complex' retrieved from /Users/evankrupa/airflow_project/env/lib/python3.11/site-packages/airflow/example_dags/example_complex.py
[2025-12-12T07:45:55.009-0500] {logging_mixin.py:188} INFO - [2025-12-12T07:45:55.008-0500] {dag.py:3096} INFO - Sync 1 DAGs
[2025-12-12T07:45:55.011-0500] {logging_mixin.py:188} INFO - [2025-12-12T07:45:55.011-0500] {dag.py:3954} INFO - Setting next_dagrun for example_complex to None, run_after=None
[2025-12-12T07:45:55.017-0500] {processor.py:183} INFO - Processing /Users/evankrupa/airflow_project/env/lib/python3.11/site-packages/airflow/example_dags/example_complex.py took 0.046 seconds
[2025-12-12T07:47:18.741-0500] {processor.py:161} INFO - Started process (PID=59366) to work on /Users/evankrupa/airflow_project/env/lib/python3.11/site-packages/airflow/example_dags/example_complex.py
[2025-12-12T07:47:18.741-0500] {processor.py:830} INFO - Processing file /Users/evankrupa/airflow_project/env/lib/python3.11/site-packages/airflow/example_dags/example_complex.py for tasks to queue
[2025-12-12T07:47:18.742-0500] {logging_mixin.py:188} INFO - [2025-12-12T07:47:18.741-0500] {dagbag.py:545} INFO - Filling up the DagBag from /Users/evankrupa/airflow_project/env/lib/python3.11/site-packages/airflow/example_dags/example_complex.py
[2025-12-12T07:47:18.746-0500] {processor.py:840} INFO - DAG(s) 'example_complex' retrieved from /Users/evankrupa/airflow_project/env/lib/python3.11/site-packages/airflow/example_dags/example_complex.py
[2025-12-12T07:47:18.783-0500] {logging_mixin.py:188} INFO - [2025-12-12T07:47:18.783-0500] {dag.py:3096} INFO - Sync 1 DAGs
[2025-12-12T07:47:18.786-0500] {logging_mixin.py:188} INFO - [2025-12-12T07:47:18.786-0500] {dag.py:3954} INFO - Setting next_dagrun for example_complex to None, run_after=None
[2025-12-12T07:47:18.793-0500] {processor.py:183} INFO - Processing /Users/evankrupa/airflow_project/env/lib/python3.11/site-packages/airflow/example_dags/example_complex.py took 0.054 seconds
[2025-12-12T07:48:46.887-0500] {processor.py:161} INFO - Started process (PID=59481) to work on /Users/evankrupa/airflow_project/env/lib/python3.11/site-packages/airflow/example_dags/example_complex.py
[2025-12-12T07:48:46.888-0500] {processor.py:830} INFO - Processing file /Users/evankrupa/airflow_project/env/lib/python3.11/site-packages/airflow/example_dags/example_complex.py for tasks to queue
[2025-12-12T07:48:46.888-0500] {logging_mixin.py:188} INFO - [2025-12-12T07:48:46.888-0500] {dagbag.py:545} INFO - Filling up the DagBag from /Users/evankrupa/airflow_project/env/lib/python3.11/site-packages/airflow/example_dags/example_complex.py
[2025-12-12T07:48:46.892-0500] {processor.py:840} INFO - DAG(s) 'example_complex' retrieved from /Users/evankrupa/airflow_project/env/lib/python3.11/site-packages/airflow/example_dags/example_complex.py
[2025-12-12T07:48:46.929-0500] {logging_mixin.py:188} INFO - [2025-12-12T07:48:46.929-0500] {dag.py:3096} INFO - Sync 1 DAGs
[2025-12-12T07:48:46.933-0500] {logging_mixin.py:188} INFO - [2025-12-12T07:48:46.933-0500] {dag.py:3954} INFO - Setting next_dagrun for example_complex to None, run_after=None
[2025-12-12T07:48:46.939-0500] {processor.py:183} INFO - Processing /Users/evankrupa/airflow_project/env/lib/python3.11/site-packages/airflow/example_dags/example_complex.py took 0.053 seconds
[2025-12-12T07:50:11.478-0500] {processor.py:161} INFO - Started process (PID=59557) to work on /Users/evankrupa/airflow_project/env/lib/python3.11/site-packages/airflow/example_dags/example_complex.py
[2025-12-12T07:50:11.478-0500] {processor.py:830} INFO - Processing file /Users/evankrupa/airflow_project/env/lib/python3.11/site-packages/airflow/example_dags/example_complex.py for tasks to queue
[2025-12-12T07:50:11.478-0500] {logging_mixin.py:188} INFO - [2025-12-12T07:50:11.478-0500] {dagbag.py:545} INFO - Filling up the DagBag from /Users/evankrupa/airflow_project/env/lib/python3.11/site-packages/airflow/example_dags/example_complex.py
[2025-12-12T07:50:11.482-0500] {processor.py:840} INFO - DAG(s) 'example_complex' retrieved from /Users/evankrupa/airflow_project/env/lib/python3.11/site-packages/airflow/example_dags/example_complex.py
[2025-12-12T07:50:11.514-0500] {logging_mixin.py:188} INFO - [2025-12-12T07:50:11.514-0500] {dag.py:3096} INFO - Sync 1 DAGs
[2025-12-12T07:50:11.516-0500] {logging_mixin.py:188} INFO - [2025-12-12T07:50:11.516-0500] {dag.py:3954} INFO - Setting next_dagrun for example_complex to None, run_after=None
[2025-12-12T07:50:11.522-0500] {processor.py:183} INFO - Processing /Users/evankrupa/airflow_project/env/lib/python3.11/site-packages/airflow/example_dags/example_complex.py took 0.045 seconds
[2025-12-12T07:51:36.668-0500] {processor.py:161} INFO - Started process (PID=59624) to work on /Users/evankrupa/airflow_project/env/lib/python3.11/site-packages/airflow/example_dags/example_complex.py
[2025-12-12T07:51:36.669-0500] {processor.py:830} INFO - Processing file /Users/evankrupa/airflow_project/env/lib/python3.11/site-packages/airflow/example_dags/example_complex.py for tasks to queue
[2025-12-12T07:51:36.669-0500] {logging_mixin.py:188} INFO - [2025-12-12T07:51:36.669-0500] {dagbag.py:545} INFO - Filling up the DagBag from /Users/evankrupa/airflow_project/env/lib/python3.11/site-packages/airflow/example_dags/example_complex.py
[2025-12-12T07:51:36.673-0500] {processor.py:840} INFO - DAG(s) 'example_complex' retrieved from /Users/evankrupa/airflow_project/env/lib/python3.11/site-packages/airflow/example_dags/example_complex.py
[2025-12-12T07:51:36.707-0500] {logging_mixin.py:188} INFO - [2025-12-12T07:51:36.707-0500] {dag.py:3096} INFO - Sync 1 DAGs
[2025-12-12T07:51:36.710-0500] {logging_mixin.py:188} INFO - [2025-12-12T07:51:36.710-0500] {dag.py:3954} INFO - Setting next_dagrun for example_complex to None, run_after=None
[2025-12-12T07:51:36.716-0500] {processor.py:183} INFO - Processing /Users/evankrupa/airflow_project/env/lib/python3.11/site-packages/airflow/example_dags/example_complex.py took 0.049 seconds
[2025-12-12T07:53:00.507-0500] {processor.py:161} INFO - Started process (PID=59703) to work on /Users/evankrupa/airflow_project/env/lib/python3.11/site-packages/airflow/example_dags/example_complex.py
[2025-12-12T07:53:00.508-0500] {processor.py:830} INFO - Processing file /Users/evankrupa/airflow_project/env/lib/python3.11/site-packages/airflow/example_dags/example_complex.py for tasks to queue
[2025-12-12T07:53:00.508-0500] {logging_mixin.py:188} INFO - [2025-12-12T07:53:00.508-0500] {dagbag.py:545} INFO - Filling up the DagBag from /Users/evankrupa/airflow_project/env/lib/python3.11/site-packages/airflow/example_dags/example_complex.py
[2025-12-12T07:53:00.512-0500] {processor.py:840} INFO - DAG(s) 'example_complex' retrieved from /Users/evankrupa/airflow_project/env/lib/python3.11/site-packages/airflow/example_dags/example_complex.py
[2025-12-12T07:53:00.543-0500] {logging_mixin.py:188} INFO - [2025-12-12T07:53:00.543-0500] {dag.py:3096} INFO - Sync 1 DAGs
[2025-12-12T07:53:00.546-0500] {logging_mixin.py:188} INFO - [2025-12-12T07:53:00.546-0500] {dag.py:3954} INFO - Setting next_dagrun for example_complex to None, run_after=None
[2025-12-12T07:53:00.552-0500] {processor.py:183} INFO - Processing /Users/evankrupa/airflow_project/env/lib/python3.11/site-packages/airflow/example_dags/example_complex.py took 0.045 seconds
[2025-12-12T07:54:21.692-0500] {processor.py:161} INFO - Started process (PID=59778) to work on /Users/evankrupa/airflow_project/env/lib/python3.11/site-packages/airflow/example_dags/example_complex.py
[2025-12-12T07:54:21.693-0500] {processor.py:830} INFO - Processing file /Users/evankrupa/airflow_project/env/lib/python3.11/site-packages/airflow/example_dags/example_complex.py for tasks to queue
[2025-12-12T07:54:21.693-0500] {logging_mixin.py:188} INFO - [2025-12-12T07:54:21.693-0500] {dagbag.py:545} INFO - Filling up the DagBag from /Users/evankrupa/airflow_project/env/lib/python3.11/site-packages/airflow/example_dags/example_complex.py
[2025-12-12T07:54:21.698-0500] {processor.py:840} INFO - DAG(s) 'example_complex' retrieved from /Users/evankrupa/airflow_project/env/lib/python3.11/site-packages/airflow/example_dags/example_complex.py
[2025-12-12T07:54:21.738-0500] {logging_mixin.py:188} INFO - [2025-12-12T07:54:21.738-0500] {dag.py:3096} INFO - Sync 1 DAGs
[2025-12-12T07:54:21.742-0500] {logging_mixin.py:188} INFO - [2025-12-12T07:54:21.742-0500] {dag.py:3954} INFO - Setting next_dagrun for example_complex to None, run_after=None
[2025-12-12T07:54:21.752-0500] {processor.py:183} INFO - Processing /Users/evankrupa/airflow_project/env/lib/python3.11/site-packages/airflow/example_dags/example_complex.py took 0.061 seconds
[2025-12-12T07:55:48.244-0500] {processor.py:161} INFO - Started process (PID=59865) to work on /Users/evankrupa/airflow_project/env/lib/python3.11/site-packages/airflow/example_dags/example_complex.py
[2025-12-12T07:55:48.245-0500] {processor.py:830} INFO - Processing file /Users/evankrupa/airflow_project/env/lib/python3.11/site-packages/airflow/example_dags/example_complex.py for tasks to queue
[2025-12-12T07:55:48.245-0500] {logging_mixin.py:188} INFO - [2025-12-12T07:55:48.245-0500] {dagbag.py:545} INFO - Filling up the DagBag from /Users/evankrupa/airflow_project/env/lib/python3.11/site-packages/airflow/example_dags/example_complex.py
[2025-12-12T07:55:48.249-0500] {processor.py:840} INFO - DAG(s) 'example_complex' retrieved from /Users/evankrupa/airflow_project/env/lib/python3.11/site-packages/airflow/example_dags/example_complex.py
[2025-12-12T07:55:48.280-0500] {logging_mixin.py:188} INFO - [2025-12-12T07:55:48.280-0500] {dag.py:3096} INFO - Sync 1 DAGs
[2025-12-12T07:55:48.283-0500] {logging_mixin.py:188} INFO - [2025-12-12T07:55:48.283-0500] {dag.py:3954} INFO - Setting next_dagrun for example_complex to None, run_after=None
[2025-12-12T07:55:48.289-0500] {processor.py:183} INFO - Processing /Users/evankrupa/airflow_project/env/lib/python3.11/site-packages/airflow/example_dags/example_complex.py took 0.045 seconds
[2025-12-12T07:57:12.197-0500] {processor.py:161} INFO - Started process (PID=59932) to work on /Users/evankrupa/airflow_project/env/lib/python3.11/site-packages/airflow/example_dags/example_complex.py
[2025-12-12T07:57:12.198-0500] {processor.py:830} INFO - Processing file /Users/evankrupa/airflow_project/env/lib/python3.11/site-packages/airflow/example_dags/example_complex.py for tasks to queue
[2025-12-12T07:57:12.198-0500] {logging_mixin.py:188} INFO - [2025-12-12T07:57:12.198-0500] {dagbag.py:545} INFO - Filling up the DagBag from /Users/evankrupa/airflow_project/env/lib/python3.11/site-packages/airflow/example_dags/example_complex.py
[2025-12-12T07:57:12.202-0500] {processor.py:840} INFO - DAG(s) 'example_complex' retrieved from /Users/evankrupa/airflow_project/env/lib/python3.11/site-packages/airflow/example_dags/example_complex.py
[2025-12-12T07:57:12.234-0500] {logging_mixin.py:188} INFO - [2025-12-12T07:57:12.234-0500] {dag.py:3096} INFO - Sync 1 DAGs
[2025-12-12T07:57:12.237-0500] {logging_mixin.py:188} INFO - [2025-12-12T07:57:12.237-0500] {dag.py:3954} INFO - Setting next_dagrun for example_complex to None, run_after=None
[2025-12-12T07:57:12.243-0500] {processor.py:183} INFO - Processing /Users/evankrupa/airflow_project/env/lib/python3.11/site-packages/airflow/example_dags/example_complex.py took 0.046 seconds
[2025-12-12T07:58:36.127-0500] {processor.py:161} INFO - Started process (PID=61194) to work on /Users/evankrupa/airflow_project/env/lib/python3.11/site-packages/airflow/example_dags/example_complex.py
[2025-12-12T07:58:36.128-0500] {processor.py:830} INFO - Processing file /Users/evankrupa/airflow_project/env/lib/python3.11/site-packages/airflow/example_dags/example_complex.py for tasks to queue
[2025-12-12T07:58:36.128-0500] {logging_mixin.py:188} INFO - [2025-12-12T07:58:36.128-0500] {dagbag.py:545} INFO - Filling up the DagBag from /Users/evankrupa/airflow_project/env/lib/python3.11/site-packages/airflow/example_dags/example_complex.py
[2025-12-12T07:58:36.134-0500] {processor.py:840} INFO - DAG(s) 'example_complex' retrieved from /Users/evankrupa/airflow_project/env/lib/python3.11/site-packages/airflow/example_dags/example_complex.py
[2025-12-12T07:58:36.266-0500] {logging_mixin.py:188} INFO - [2025-12-12T07:58:36.265-0500] {dag.py:3096} INFO - Sync 1 DAGs
[2025-12-12T07:58:36.270-0500] {logging_mixin.py:188} INFO - [2025-12-12T07:58:36.270-0500] {dag.py:3954} INFO - Setting next_dagrun for example_complex to None, run_after=None
[2025-12-12T07:58:36.296-0500] {processor.py:183} INFO - Processing /Users/evankrupa/airflow_project/env/lib/python3.11/site-packages/airflow/example_dags/example_complex.py took 0.170 seconds
[2025-12-12T08:00:03.018-0500] {processor.py:161} INFO - Started process (PID=62741) to work on /Users/evankrupa/airflow_project/env/lib/python3.11/site-packages/airflow/example_dags/example_complex.py
[2025-12-12T08:00:03.019-0500] {processor.py:830} INFO - Processing file /Users/evankrupa/airflow_project/env/lib/python3.11/site-packages/airflow/example_dags/example_complex.py for tasks to queue
[2025-12-12T08:00:03.019-0500] {logging_mixin.py:188} INFO - [2025-12-12T08:00:03.019-0500] {dagbag.py:545} INFO - Filling up the DagBag from /Users/evankrupa/airflow_project/env/lib/python3.11/site-packages/airflow/example_dags/example_complex.py
[2025-12-12T08:00:03.023-0500] {processor.py:840} INFO - DAG(s) 'example_complex' retrieved from /Users/evankrupa/airflow_project/env/lib/python3.11/site-packages/airflow/example_dags/example_complex.py
[2025-12-12T08:00:03.055-0500] {logging_mixin.py:188} INFO - [2025-12-12T08:00:03.055-0500] {dag.py:3096} INFO - Sync 1 DAGs
[2025-12-12T08:00:03.057-0500] {logging_mixin.py:188} INFO - [2025-12-12T08:00:03.057-0500] {dag.py:3954} INFO - Setting next_dagrun for example_complex to None, run_after=None
[2025-12-12T08:00:03.063-0500] {processor.py:183} INFO - Processing /Users/evankrupa/airflow_project/env/lib/python3.11/site-packages/airflow/example_dags/example_complex.py took 0.047 seconds
[2025-12-12T08:01:23.589-0500] {processor.py:161} INFO - Started process (PID=62809) to work on /Users/evankrupa/airflow_project/env/lib/python3.11/site-packages/airflow/example_dags/example_complex.py
[2025-12-12T08:01:23.590-0500] {processor.py:830} INFO - Processing file /Users/evankrupa/airflow_project/env/lib/python3.11/site-packages/airflow/example_dags/example_complex.py for tasks to queue
[2025-12-12T08:01:23.590-0500] {logging_mixin.py:188} INFO - [2025-12-12T08:01:23.590-0500] {dagbag.py:545} INFO - Filling up the DagBag from /Users/evankrupa/airflow_project/env/lib/python3.11/site-packages/airflow/example_dags/example_complex.py
[2025-12-12T08:01:23.594-0500] {processor.py:840} INFO - DAG(s) 'example_complex' retrieved from /Users/evankrupa/airflow_project/env/lib/python3.11/site-packages/airflow/example_dags/example_complex.py
[2025-12-12T08:01:23.626-0500] {logging_mixin.py:188} INFO - [2025-12-12T08:01:23.626-0500] {dag.py:3096} INFO - Sync 1 DAGs
[2025-12-12T08:01:23.629-0500] {logging_mixin.py:188} INFO - [2025-12-12T08:01:23.629-0500] {dag.py:3954} INFO - Setting next_dagrun for example_complex to None, run_after=None
[2025-12-12T08:01:23.635-0500] {processor.py:183} INFO - Processing /Users/evankrupa/airflow_project/env/lib/python3.11/site-packages/airflow/example_dags/example_complex.py took 0.046 seconds
[2025-12-12T08:02:50.277-0500] {processor.py:161} INFO - Started process (PID=62877) to work on /Users/evankrupa/airflow_project/env/lib/python3.11/site-packages/airflow/example_dags/example_complex.py
[2025-12-12T08:02:50.277-0500] {processor.py:830} INFO - Processing file /Users/evankrupa/airflow_project/env/lib/python3.11/site-packages/airflow/example_dags/example_complex.py for tasks to queue
[2025-12-12T08:02:50.277-0500] {logging_mixin.py:188} INFO - [2025-12-12T08:02:50.277-0500] {dagbag.py:545} INFO - Filling up the DagBag from /Users/evankrupa/airflow_project/env/lib/python3.11/site-packages/airflow/example_dags/example_complex.py
[2025-12-12T08:02:50.281-0500] {processor.py:840} INFO - DAG(s) 'example_complex' retrieved from /Users/evankrupa/airflow_project/env/lib/python3.11/site-packages/airflow/example_dags/example_complex.py
[2025-12-12T08:02:50.313-0500] {logging_mixin.py:188} INFO - [2025-12-12T08:02:50.313-0500] {dag.py:3096} INFO - Sync 1 DAGs
[2025-12-12T08:02:50.315-0500] {logging_mixin.py:188} INFO - [2025-12-12T08:02:50.315-0500] {dag.py:3954} INFO - Setting next_dagrun for example_complex to None, run_after=None
[2025-12-12T08:02:50.321-0500] {processor.py:183} INFO - Processing /Users/evankrupa/airflow_project/env/lib/python3.11/site-packages/airflow/example_dags/example_complex.py took 0.045 seconds
[2025-12-12T08:04:15.284-0500] {processor.py:161} INFO - Started process (PID=62966) to work on /Users/evankrupa/airflow_project/env/lib/python3.11/site-packages/airflow/example_dags/example_complex.py
[2025-12-12T08:04:15.285-0500] {processor.py:830} INFO - Processing file /Users/evankrupa/airflow_project/env/lib/python3.11/site-packages/airflow/example_dags/example_complex.py for tasks to queue
[2025-12-12T08:04:15.285-0500] {logging_mixin.py:188} INFO - [2025-12-12T08:04:15.285-0500] {dagbag.py:545} INFO - Filling up the DagBag from /Users/evankrupa/airflow_project/env/lib/python3.11/site-packages/airflow/example_dags/example_complex.py
[2025-12-12T08:04:15.289-0500] {processor.py:840} INFO - DAG(s) 'example_complex' retrieved from /Users/evankrupa/airflow_project/env/lib/python3.11/site-packages/airflow/example_dags/example_complex.py
[2025-12-12T08:04:15.321-0500] {logging_mixin.py:188} INFO - [2025-12-12T08:04:15.320-0500] {dag.py:3096} INFO - Sync 1 DAGs
[2025-12-12T08:04:15.323-0500] {logging_mixin.py:188} INFO - [2025-12-12T08:04:15.323-0500] {dag.py:3954} INFO - Setting next_dagrun for example_complex to None, run_after=None
[2025-12-12T08:04:15.329-0500] {processor.py:183} INFO - Processing /Users/evankrupa/airflow_project/env/lib/python3.11/site-packages/airflow/example_dags/example_complex.py took 0.046 seconds
[2025-12-12T08:05:38.542-0500] {processor.py:161} INFO - Started process (PID=63098) to work on /Users/evankrupa/airflow_project/env/lib/python3.11/site-packages/airflow/example_dags/example_complex.py
[2025-12-12T08:05:38.543-0500] {processor.py:830} INFO - Processing file /Users/evankrupa/airflow_project/env/lib/python3.11/site-packages/airflow/example_dags/example_complex.py for tasks to queue
[2025-12-12T08:05:38.543-0500] {logging_mixin.py:188} INFO - [2025-12-12T08:05:38.543-0500] {dagbag.py:545} INFO - Filling up the DagBag from /Users/evankrupa/airflow_project/env/lib/python3.11/site-packages/airflow/example_dags/example_complex.py
[2025-12-12T08:05:38.548-0500] {processor.py:840} INFO - DAG(s) 'example_complex' retrieved from /Users/evankrupa/airflow_project/env/lib/python3.11/site-packages/airflow/example_dags/example_complex.py
[2025-12-12T08:05:38.581-0500] {logging_mixin.py:188} INFO - [2025-12-12T08:05:38.581-0500] {dag.py:3096} INFO - Sync 1 DAGs
[2025-12-12T08:05:38.583-0500] {logging_mixin.py:188} INFO - [2025-12-12T08:05:38.583-0500] {dag.py:3954} INFO - Setting next_dagrun for example_complex to None, run_after=None
[2025-12-12T08:05:38.590-0500] {processor.py:183} INFO - Processing /Users/evankrupa/airflow_project/env/lib/python3.11/site-packages/airflow/example_dags/example_complex.py took 0.049 seconds
[2025-12-12T08:07:06.177-0500] {processor.py:161} INFO - Started process (PID=63606) to work on /Users/evankrupa/airflow_project/env/lib/python3.11/site-packages/airflow/example_dags/example_complex.py
[2025-12-12T08:07:06.178-0500] {processor.py:830} INFO - Processing file /Users/evankrupa/airflow_project/env/lib/python3.11/site-packages/airflow/example_dags/example_complex.py for tasks to queue
[2025-12-12T08:07:06.258-0500] {logging_mixin.py:188} INFO - [2025-12-12T08:07:06.258-0500] {dagbag.py:545} INFO - Filling up the DagBag from /Users/evankrupa/airflow_project/env/lib/python3.11/site-packages/airflow/example_dags/example_complex.py
[2025-12-12T08:07:06.263-0500] {processor.py:840} INFO - DAG(s) 'example_complex' retrieved from /Users/evankrupa/airflow_project/env/lib/python3.11/site-packages/airflow/example_dags/example_complex.py
[2025-12-12T08:07:06.303-0500] {logging_mixin.py:188} INFO - [2025-12-12T08:07:06.303-0500] {dag.py:3096} INFO - Sync 1 DAGs
[2025-12-12T08:07:06.306-0500] {logging_mixin.py:188} INFO - [2025-12-12T08:07:06.306-0500] {dag.py:3954} INFO - Setting next_dagrun for example_complex to None, run_after=None
[2025-12-12T08:07:06.313-0500] {processor.py:183} INFO - Processing /Users/evankrupa/airflow_project/env/lib/python3.11/site-packages/airflow/example_dags/example_complex.py took 0.136 seconds
[2025-12-12T08:08:34.451-0500] {processor.py:161} INFO - Started process (PID=63696) to work on /Users/evankrupa/airflow_project/env/lib/python3.11/site-packages/airflow/example_dags/example_complex.py
[2025-12-12T08:08:34.451-0500] {processor.py:830} INFO - Processing file /Users/evankrupa/airflow_project/env/lib/python3.11/site-packages/airflow/example_dags/example_complex.py for tasks to queue
[2025-12-12T08:08:34.451-0500] {logging_mixin.py:188} INFO - [2025-12-12T08:08:34.451-0500] {dagbag.py:545} INFO - Filling up the DagBag from /Users/evankrupa/airflow_project/env/lib/python3.11/site-packages/airflow/example_dags/example_complex.py
[2025-12-12T08:08:34.455-0500] {processor.py:840} INFO - DAG(s) 'example_complex' retrieved from /Users/evankrupa/airflow_project/env/lib/python3.11/site-packages/airflow/example_dags/example_complex.py
[2025-12-12T08:08:34.487-0500] {logging_mixin.py:188} INFO - [2025-12-12T08:08:34.487-0500] {dag.py:3096} INFO - Sync 1 DAGs
[2025-12-12T08:08:34.490-0500] {logging_mixin.py:188} INFO - [2025-12-12T08:08:34.490-0500] {dag.py:3954} INFO - Setting next_dagrun for example_complex to None, run_after=None
[2025-12-12T08:08:34.495-0500] {processor.py:183} INFO - Processing /Users/evankrupa/airflow_project/env/lib/python3.11/site-packages/airflow/example_dags/example_complex.py took 0.046 seconds
[2025-12-12T08:09:59.841-0500] {processor.py:161} INFO - Started process (PID=63765) to work on /Users/evankrupa/airflow_project/env/lib/python3.11/site-packages/airflow/example_dags/example_complex.py
[2025-12-12T08:09:59.842-0500] {processor.py:830} INFO - Processing file /Users/evankrupa/airflow_project/env/lib/python3.11/site-packages/airflow/example_dags/example_complex.py for tasks to queue
[2025-12-12T08:09:59.843-0500] {logging_mixin.py:188} INFO - [2025-12-12T08:09:59.843-0500] {dagbag.py:545} INFO - Filling up the DagBag from /Users/evankrupa/airflow_project/env/lib/python3.11/site-packages/airflow/example_dags/example_complex.py
[2025-12-12T08:09:59.849-0500] {processor.py:840} INFO - DAG(s) 'example_complex' retrieved from /Users/evankrupa/airflow_project/env/lib/python3.11/site-packages/airflow/example_dags/example_complex.py
[2025-12-12T08:09:59.885-0500] {logging_mixin.py:188} INFO - [2025-12-12T08:09:59.885-0500] {dag.py:3096} INFO - Sync 1 DAGs
[2025-12-12T08:09:59.888-0500] {logging_mixin.py:188} INFO - [2025-12-12T08:09:59.888-0500] {dag.py:3954} INFO - Setting next_dagrun for example_complex to None, run_after=None
[2025-12-12T08:09:59.894-0500] {processor.py:183} INFO - Processing /Users/evankrupa/airflow_project/env/lib/python3.11/site-packages/airflow/example_dags/example_complex.py took 0.054 seconds
[2025-12-12T08:11:28.081-0500] {processor.py:161} INFO - Started process (PID=63834) to work on /Users/evankrupa/airflow_project/env/lib/python3.11/site-packages/airflow/example_dags/example_complex.py
[2025-12-12T08:11:28.082-0500] {processor.py:830} INFO - Processing file /Users/evankrupa/airflow_project/env/lib/python3.11/site-packages/airflow/example_dags/example_complex.py for tasks to queue
[2025-12-12T08:11:28.082-0500] {logging_mixin.py:188} INFO - [2025-12-12T08:11:28.082-0500] {dagbag.py:545} INFO - Filling up the DagBag from /Users/evankrupa/airflow_project/env/lib/python3.11/site-packages/airflow/example_dags/example_complex.py
[2025-12-12T08:11:28.086-0500] {processor.py:840} INFO - DAG(s) 'example_complex' retrieved from /Users/evankrupa/airflow_project/env/lib/python3.11/site-packages/airflow/example_dags/example_complex.py
[2025-12-12T08:11:28.119-0500] {logging_mixin.py:188} INFO - [2025-12-12T08:11:28.119-0500] {dag.py:3096} INFO - Sync 1 DAGs
[2025-12-12T08:11:28.122-0500] {logging_mixin.py:188} INFO - [2025-12-12T08:11:28.122-0500] {dag.py:3954} INFO - Setting next_dagrun for example_complex to None, run_after=None
[2025-12-12T08:11:28.128-0500] {processor.py:183} INFO - Processing /Users/evankrupa/airflow_project/env/lib/python3.11/site-packages/airflow/example_dags/example_complex.py took 0.048 seconds
[2025-12-12T08:12:53.219-0500] {processor.py:161} INFO - Started process (PID=63902) to work on /Users/evankrupa/airflow_project/env/lib/python3.11/site-packages/airflow/example_dags/example_complex.py
[2025-12-12T08:12:53.220-0500] {processor.py:830} INFO - Processing file /Users/evankrupa/airflow_project/env/lib/python3.11/site-packages/airflow/example_dags/example_complex.py for tasks to queue
[2025-12-12T08:12:53.220-0500] {logging_mixin.py:188} INFO - [2025-12-12T08:12:53.220-0500] {dagbag.py:545} INFO - Filling up the DagBag from /Users/evankrupa/airflow_project/env/lib/python3.11/site-packages/airflow/example_dags/example_complex.py
[2025-12-12T08:12:53.224-0500] {processor.py:840} INFO - DAG(s) 'example_complex' retrieved from /Users/evankrupa/airflow_project/env/lib/python3.11/site-packages/airflow/example_dags/example_complex.py
[2025-12-12T08:12:53.256-0500] {logging_mixin.py:188} INFO - [2025-12-12T08:12:53.256-0500] {dag.py:3096} INFO - Sync 1 DAGs
[2025-12-12T08:12:53.258-0500] {logging_mixin.py:188} INFO - [2025-12-12T08:12:53.258-0500] {dag.py:3954} INFO - Setting next_dagrun for example_complex to None, run_after=None
[2025-12-12T08:12:53.264-0500] {processor.py:183} INFO - Processing /Users/evankrupa/airflow_project/env/lib/python3.11/site-packages/airflow/example_dags/example_complex.py took 0.046 seconds
[2025-12-12T08:14:15.109-0500] {processor.py:161} INFO - Started process (PID=63967) to work on /Users/evankrupa/airflow_project/env/lib/python3.11/site-packages/airflow/example_dags/example_complex.py
[2025-12-12T08:14:15.110-0500] {processor.py:830} INFO - Processing file /Users/evankrupa/airflow_project/env/lib/python3.11/site-packages/airflow/example_dags/example_complex.py for tasks to queue
[2025-12-12T08:14:15.110-0500] {logging_mixin.py:188} INFO - [2025-12-12T08:14:15.110-0500] {dagbag.py:545} INFO - Filling up the DagBag from /Users/evankrupa/airflow_project/env/lib/python3.11/site-packages/airflow/example_dags/example_complex.py
[2025-12-12T08:14:15.114-0500] {processor.py:840} INFO - DAG(s) 'example_complex' retrieved from /Users/evankrupa/airflow_project/env/lib/python3.11/site-packages/airflow/example_dags/example_complex.py
[2025-12-12T08:14:15.148-0500] {logging_mixin.py:188} INFO - [2025-12-12T08:14:15.148-0500] {dag.py:3096} INFO - Sync 1 DAGs
[2025-12-12T08:14:15.151-0500] {logging_mixin.py:188} INFO - [2025-12-12T08:14:15.151-0500] {dag.py:3954} INFO - Setting next_dagrun for example_complex to None, run_after=None
[2025-12-12T08:14:15.157-0500] {processor.py:183} INFO - Processing /Users/evankrupa/airflow_project/env/lib/python3.11/site-packages/airflow/example_dags/example_complex.py took 0.049 seconds
[2025-12-12T08:15:37.317-0500] {processor.py:161} INFO - Started process (PID=64041) to work on /Users/evankrupa/airflow_project/env/lib/python3.11/site-packages/airflow/example_dags/example_complex.py
[2025-12-12T08:15:37.318-0500] {processor.py:830} INFO - Processing file /Users/evankrupa/airflow_project/env/lib/python3.11/site-packages/airflow/example_dags/example_complex.py for tasks to queue
[2025-12-12T08:15:37.319-0500] {logging_mixin.py:188} INFO - [2025-12-12T08:15:37.318-0500] {dagbag.py:545} INFO - Filling up the DagBag from /Users/evankrupa/airflow_project/env/lib/python3.11/site-packages/airflow/example_dags/example_complex.py
[2025-12-12T08:15:37.322-0500] {processor.py:840} INFO - DAG(s) 'example_complex' retrieved from /Users/evankrupa/airflow_project/env/lib/python3.11/site-packages/airflow/example_dags/example_complex.py
[2025-12-12T08:15:37.354-0500] {logging_mixin.py:188} INFO - [2025-12-12T08:15:37.354-0500] {dag.py:3096} INFO - Sync 1 DAGs
[2025-12-12T08:15:37.357-0500] {logging_mixin.py:188} INFO - [2025-12-12T08:15:37.357-0500] {dag.py:3954} INFO - Setting next_dagrun for example_complex to None, run_after=None
[2025-12-12T08:15:37.363-0500] {processor.py:183} INFO - Processing /Users/evankrupa/airflow_project/env/lib/python3.11/site-packages/airflow/example_dags/example_complex.py took 0.047 seconds
[2025-12-12T08:17:01.897-0500] {processor.py:161} INFO - Started process (PID=64109) to work on /Users/evankrupa/airflow_project/env/lib/python3.11/site-packages/airflow/example_dags/example_complex.py
[2025-12-12T08:17:01.898-0500] {processor.py:830} INFO - Processing file /Users/evankrupa/airflow_project/env/lib/python3.11/site-packages/airflow/example_dags/example_complex.py for tasks to queue
[2025-12-12T08:17:01.898-0500] {logging_mixin.py:188} INFO - [2025-12-12T08:17:01.898-0500] {dagbag.py:545} INFO - Filling up the DagBag from /Users/evankrupa/airflow_project/env/lib/python3.11/site-packages/airflow/example_dags/example_complex.py
[2025-12-12T08:17:01.902-0500] {processor.py:840} INFO - DAG(s) 'example_complex' retrieved from /Users/evankrupa/airflow_project/env/lib/python3.11/site-packages/airflow/example_dags/example_complex.py
[2025-12-12T08:17:01.933-0500] {logging_mixin.py:188} INFO - [2025-12-12T08:17:01.933-0500] {dag.py:3096} INFO - Sync 1 DAGs
[2025-12-12T08:17:01.936-0500] {logging_mixin.py:188} INFO - [2025-12-12T08:17:01.936-0500] {dag.py:3954} INFO - Setting next_dagrun for example_complex to None, run_after=None
[2025-12-12T08:17:01.941-0500] {processor.py:183} INFO - Processing /Users/evankrupa/airflow_project/env/lib/python3.11/site-packages/airflow/example_dags/example_complex.py took 0.045 seconds
[2025-12-12T08:18:26.672-0500] {processor.py:161} INFO - Started process (PID=64177) to work on /Users/evankrupa/airflow_project/env/lib/python3.11/site-packages/airflow/example_dags/example_complex.py
[2025-12-12T08:18:26.673-0500] {processor.py:830} INFO - Processing file /Users/evankrupa/airflow_project/env/lib/python3.11/site-packages/airflow/example_dags/example_complex.py for tasks to queue
[2025-12-12T08:18:26.673-0500] {logging_mixin.py:188} INFO - [2025-12-12T08:18:26.673-0500] {dagbag.py:545} INFO - Filling up the DagBag from /Users/evankrupa/airflow_project/env/lib/python3.11/site-packages/airflow/example_dags/example_complex.py
[2025-12-12T08:18:26.677-0500] {processor.py:840} INFO - DAG(s) 'example_complex' retrieved from /Users/evankrupa/airflow_project/env/lib/python3.11/site-packages/airflow/example_dags/example_complex.py
[2025-12-12T08:18:26.709-0500] {logging_mixin.py:188} INFO - [2025-12-12T08:18:26.708-0500] {dag.py:3096} INFO - Sync 1 DAGs
[2025-12-12T08:18:26.711-0500] {logging_mixin.py:188} INFO - [2025-12-12T08:18:26.711-0500] {dag.py:3954} INFO - Setting next_dagrun for example_complex to None, run_after=None
[2025-12-12T08:18:26.717-0500] {processor.py:183} INFO - Processing /Users/evankrupa/airflow_project/env/lib/python3.11/site-packages/airflow/example_dags/example_complex.py took 0.046 seconds
[2025-12-12T08:19:50.042-0500] {processor.py:161} INFO - Started process (PID=64243) to work on /Users/evankrupa/airflow_project/env/lib/python3.11/site-packages/airflow/example_dags/example_complex.py
[2025-12-12T08:19:50.042-0500] {processor.py:830} INFO - Processing file /Users/evankrupa/airflow_project/env/lib/python3.11/site-packages/airflow/example_dags/example_complex.py for tasks to queue
[2025-12-12T08:19:50.043-0500] {logging_mixin.py:188} INFO - [2025-12-12T08:19:50.042-0500] {dagbag.py:545} INFO - Filling up the DagBag from /Users/evankrupa/airflow_project/env/lib/python3.11/site-packages/airflow/example_dags/example_complex.py
[2025-12-12T08:19:50.047-0500] {processor.py:840} INFO - DAG(s) 'example_complex' retrieved from /Users/evankrupa/airflow_project/env/lib/python3.11/site-packages/airflow/example_dags/example_complex.py
[2025-12-12T08:19:50.078-0500] {logging_mixin.py:188} INFO - [2025-12-12T08:19:50.078-0500] {dag.py:3096} INFO - Sync 1 DAGs
[2025-12-12T08:19:50.081-0500] {logging_mixin.py:188} INFO - [2025-12-12T08:19:50.081-0500] {dag.py:3954} INFO - Setting next_dagrun for example_complex to None, run_after=None
[2025-12-12T08:19:50.087-0500] {processor.py:183} INFO - Processing /Users/evankrupa/airflow_project/env/lib/python3.11/site-packages/airflow/example_dags/example_complex.py took 0.046 seconds
[2025-12-12T08:21:14.473-0500] {processor.py:161} INFO - Started process (PID=64311) to work on /Users/evankrupa/airflow_project/env/lib/python3.11/site-packages/airflow/example_dags/example_complex.py
[2025-12-12T08:21:14.474-0500] {processor.py:830} INFO - Processing file /Users/evankrupa/airflow_project/env/lib/python3.11/site-packages/airflow/example_dags/example_complex.py for tasks to queue
[2025-12-12T08:21:14.474-0500] {logging_mixin.py:188} INFO - [2025-12-12T08:21:14.474-0500] {dagbag.py:545} INFO - Filling up the DagBag from /Users/evankrupa/airflow_project/env/lib/python3.11/site-packages/airflow/example_dags/example_complex.py
[2025-12-12T08:21:14.478-0500] {processor.py:840} INFO - DAG(s) 'example_complex' retrieved from /Users/evankrupa/airflow_project/env/lib/python3.11/site-packages/airflow/example_dags/example_complex.py
[2025-12-12T08:21:14.510-0500] {logging_mixin.py:188} INFO - [2025-12-12T08:21:14.510-0500] {dag.py:3096} INFO - Sync 1 DAGs
[2025-12-12T08:21:14.513-0500] {logging_mixin.py:188} INFO - [2025-12-12T08:21:14.513-0500] {dag.py:3954} INFO - Setting next_dagrun for example_complex to None, run_after=None
[2025-12-12T08:21:14.519-0500] {processor.py:183} INFO - Processing /Users/evankrupa/airflow_project/env/lib/python3.11/site-packages/airflow/example_dags/example_complex.py took 0.047 seconds
[2025-12-12T08:22:38.033-0500] {processor.py:161} INFO - Started process (PID=64378) to work on /Users/evankrupa/airflow_project/env/lib/python3.11/site-packages/airflow/example_dags/example_complex.py
[2025-12-12T08:22:38.035-0500] {processor.py:830} INFO - Processing file /Users/evankrupa/airflow_project/env/lib/python3.11/site-packages/airflow/example_dags/example_complex.py for tasks to queue
[2025-12-12T08:22:38.035-0500] {logging_mixin.py:188} INFO - [2025-12-12T08:22:38.035-0500] {dagbag.py:545} INFO - Filling up the DagBag from /Users/evankrupa/airflow_project/env/lib/python3.11/site-packages/airflow/example_dags/example_complex.py
[2025-12-12T08:22:38.039-0500] {processor.py:840} INFO - DAG(s) 'example_complex' retrieved from /Users/evankrupa/airflow_project/env/lib/python3.11/site-packages/airflow/example_dags/example_complex.py
[2025-12-12T08:22:38.071-0500] {logging_mixin.py:188} INFO - [2025-12-12T08:22:38.071-0500] {dag.py:3096} INFO - Sync 1 DAGs
[2025-12-12T08:22:38.074-0500] {logging_mixin.py:188} INFO - [2025-12-12T08:22:38.074-0500] {dag.py:3954} INFO - Setting next_dagrun for example_complex to None, run_after=None
[2025-12-12T08:22:38.080-0500] {processor.py:183} INFO - Processing /Users/evankrupa/airflow_project/env/lib/python3.11/site-packages/airflow/example_dags/example_complex.py took 0.048 seconds
[2025-12-12T08:24:04.293-0500] {processor.py:161} INFO - Started process (PID=64453) to work on /Users/evankrupa/airflow_project/env/lib/python3.11/site-packages/airflow/example_dags/example_complex.py
[2025-12-12T08:24:04.294-0500] {processor.py:830} INFO - Processing file /Users/evankrupa/airflow_project/env/lib/python3.11/site-packages/airflow/example_dags/example_complex.py for tasks to queue
[2025-12-12T08:24:04.294-0500] {logging_mixin.py:188} INFO - [2025-12-12T08:24:04.294-0500] {dagbag.py:545} INFO - Filling up the DagBag from /Users/evankrupa/airflow_project/env/lib/python3.11/site-packages/airflow/example_dags/example_complex.py
[2025-12-12T08:24:04.298-0500] {processor.py:840} INFO - DAG(s) 'example_complex' retrieved from /Users/evankrupa/airflow_project/env/lib/python3.11/site-packages/airflow/example_dags/example_complex.py
[2025-12-12T08:24:04.329-0500] {logging_mixin.py:188} INFO - [2025-12-12T08:24:04.329-0500] {dag.py:3096} INFO - Sync 1 DAGs
[2025-12-12T08:24:04.332-0500] {logging_mixin.py:188} INFO - [2025-12-12T08:24:04.332-0500] {dag.py:3954} INFO - Setting next_dagrun for example_complex to None, run_after=None
[2025-12-12T08:24:04.338-0500] {processor.py:183} INFO - Processing /Users/evankrupa/airflow_project/env/lib/python3.11/site-packages/airflow/example_dags/example_complex.py took 0.046 seconds
[2025-12-12T08:25:24.686-0500] {processor.py:161} INFO - Started process (PID=64520) to work on /Users/evankrupa/airflow_project/env/lib/python3.11/site-packages/airflow/example_dags/example_complex.py
[2025-12-12T08:25:24.687-0500] {processor.py:830} INFO - Processing file /Users/evankrupa/airflow_project/env/lib/python3.11/site-packages/airflow/example_dags/example_complex.py for tasks to queue
[2025-12-12T08:25:24.687-0500] {logging_mixin.py:188} INFO - [2025-12-12T08:25:24.687-0500] {dagbag.py:545} INFO - Filling up the DagBag from /Users/evankrupa/airflow_project/env/lib/python3.11/site-packages/airflow/example_dags/example_complex.py
[2025-12-12T08:25:24.691-0500] {processor.py:840} INFO - DAG(s) 'example_complex' retrieved from /Users/evankrupa/airflow_project/env/lib/python3.11/site-packages/airflow/example_dags/example_complex.py
[2025-12-12T08:25:24.722-0500] {logging_mixin.py:188} INFO - [2025-12-12T08:25:24.722-0500] {dag.py:3096} INFO - Sync 1 DAGs
[2025-12-12T08:25:24.725-0500] {logging_mixin.py:188} INFO - [2025-12-12T08:25:24.725-0500] {dag.py:3954} INFO - Setting next_dagrun for example_complex to None, run_after=None
[2025-12-12T08:25:24.731-0500] {processor.py:183} INFO - Processing /Users/evankrupa/airflow_project/env/lib/python3.11/site-packages/airflow/example_dags/example_complex.py took 0.046 seconds
[2025-12-12T08:26:51.334-0500] {processor.py:161} INFO - Started process (PID=64594) to work on /Users/evankrupa/airflow_project/env/lib/python3.11/site-packages/airflow/example_dags/example_complex.py
[2025-12-12T08:26:51.336-0500] {processor.py:830} INFO - Processing file /Users/evankrupa/airflow_project/env/lib/python3.11/site-packages/airflow/example_dags/example_complex.py for tasks to queue
[2025-12-12T08:26:51.336-0500] {logging_mixin.py:188} INFO - [2025-12-12T08:26:51.336-0500] {dagbag.py:545} INFO - Filling up the DagBag from /Users/evankrupa/airflow_project/env/lib/python3.11/site-packages/airflow/example_dags/example_complex.py
[2025-12-12T08:26:51.340-0500] {processor.py:840} INFO - DAG(s) 'example_complex' retrieved from /Users/evankrupa/airflow_project/env/lib/python3.11/site-packages/airflow/example_dags/example_complex.py
[2025-12-12T08:26:51.371-0500] {logging_mixin.py:188} INFO - [2025-12-12T08:26:51.371-0500] {dag.py:3096} INFO - Sync 1 DAGs
[2025-12-12T08:26:51.374-0500] {logging_mixin.py:188} INFO - [2025-12-12T08:26:51.374-0500] {dag.py:3954} INFO - Setting next_dagrun for example_complex to None, run_after=None
[2025-12-12T08:26:51.379-0500] {processor.py:183} INFO - Processing /Users/evankrupa/airflow_project/env/lib/python3.11/site-packages/airflow/example_dags/example_complex.py took 0.046 seconds
[2025-12-12T08:28:17.391-0500] {processor.py:161} INFO - Started process (PID=64694) to work on /Users/evankrupa/airflow_project/env/lib/python3.11/site-packages/airflow/example_dags/example_complex.py
[2025-12-12T08:28:17.393-0500] {processor.py:830} INFO - Processing file /Users/evankrupa/airflow_project/env/lib/python3.11/site-packages/airflow/example_dags/example_complex.py for tasks to queue
[2025-12-12T08:28:17.393-0500] {logging_mixin.py:188} INFO - [2025-12-12T08:28:17.393-0500] {dagbag.py:545} INFO - Filling up the DagBag from /Users/evankrupa/airflow_project/env/lib/python3.11/site-packages/airflow/example_dags/example_complex.py
[2025-12-12T08:28:17.397-0500] {processor.py:840} INFO - DAG(s) 'example_complex' retrieved from /Users/evankrupa/airflow_project/env/lib/python3.11/site-packages/airflow/example_dags/example_complex.py
[2025-12-12T08:28:17.428-0500] {logging_mixin.py:188} INFO - [2025-12-12T08:28:17.428-0500] {dag.py:3096} INFO - Sync 1 DAGs
[2025-12-12T08:28:17.431-0500] {logging_mixin.py:188} INFO - [2025-12-12T08:28:17.431-0500] {dag.py:3954} INFO - Setting next_dagrun for example_complex to None, run_after=None
[2025-12-12T08:28:17.436-0500] {processor.py:183} INFO - Processing /Users/evankrupa/airflow_project/env/lib/python3.11/site-packages/airflow/example_dags/example_complex.py took 0.046 seconds
[2025-12-12T08:29:39.961-0500] {processor.py:161} INFO - Started process (PID=64770) to work on /Users/evankrupa/airflow_project/env/lib/python3.11/site-packages/airflow/example_dags/example_complex.py
[2025-12-12T08:29:39.963-0500] {processor.py:830} INFO - Processing file /Users/evankrupa/airflow_project/env/lib/python3.11/site-packages/airflow/example_dags/example_complex.py for tasks to queue
[2025-12-12T08:29:39.963-0500] {logging_mixin.py:188} INFO - [2025-12-12T08:29:39.963-0500] {dagbag.py:545} INFO - Filling up the DagBag from /Users/evankrupa/airflow_project/env/lib/python3.11/site-packages/airflow/example_dags/example_complex.py
[2025-12-12T08:29:39.968-0500] {processor.py:840} INFO - DAG(s) 'example_complex' retrieved from /Users/evankrupa/airflow_project/env/lib/python3.11/site-packages/airflow/example_dags/example_complex.py
[2025-12-12T08:29:40.009-0500] {logging_mixin.py:188} INFO - [2025-12-12T08:29:40.009-0500] {dag.py:3096} INFO - Sync 1 DAGs
[2025-12-12T08:29:40.012-0500] {logging_mixin.py:188} INFO - [2025-12-12T08:29:40.012-0500] {dag.py:3954} INFO - Setting next_dagrun for example_complex to None, run_after=None
[2025-12-12T08:29:40.019-0500] {processor.py:183} INFO - Processing /Users/evankrupa/airflow_project/env/lib/python3.11/site-packages/airflow/example_dags/example_complex.py took 0.059 seconds
[2025-12-12T08:31:01.363-0500] {processor.py:161} INFO - Started process (PID=64854) to work on /Users/evankrupa/airflow_project/env/lib/python3.11/site-packages/airflow/example_dags/example_complex.py
[2025-12-12T08:31:01.365-0500] {processor.py:830} INFO - Processing file /Users/evankrupa/airflow_project/env/lib/python3.11/site-packages/airflow/example_dags/example_complex.py for tasks to queue
[2025-12-12T08:31:01.365-0500] {logging_mixin.py:188} INFO - [2025-12-12T08:31:01.365-0500] {dagbag.py:545} INFO - Filling up the DagBag from /Users/evankrupa/airflow_project/env/lib/python3.11/site-packages/airflow/example_dags/example_complex.py
[2025-12-12T08:31:01.369-0500] {processor.py:840} INFO - DAG(s) 'example_complex' retrieved from /Users/evankrupa/airflow_project/env/lib/python3.11/site-packages/airflow/example_dags/example_complex.py
[2025-12-12T08:31:01.400-0500] {logging_mixin.py:188} INFO - [2025-12-12T08:31:01.400-0500] {dag.py:3096} INFO - Sync 1 DAGs
[2025-12-12T08:31:01.403-0500] {logging_mixin.py:188} INFO - [2025-12-12T08:31:01.403-0500] {dag.py:3954} INFO - Setting next_dagrun for example_complex to None, run_after=None
[2025-12-12T08:31:01.408-0500] {processor.py:183} INFO - Processing /Users/evankrupa/airflow_project/env/lib/python3.11/site-packages/airflow/example_dags/example_complex.py took 0.046 seconds
[2025-12-12T08:32:25.385-0500] {processor.py:161} INFO - Started process (PID=64941) to work on /Users/evankrupa/airflow_project/env/lib/python3.11/site-packages/airflow/example_dags/example_complex.py
[2025-12-12T08:32:25.386-0500] {processor.py:830} INFO - Processing file /Users/evankrupa/airflow_project/env/lib/python3.11/site-packages/airflow/example_dags/example_complex.py for tasks to queue
[2025-12-12T08:32:25.386-0500] {logging_mixin.py:188} INFO - [2025-12-12T08:32:25.386-0500] {dagbag.py:545} INFO - Filling up the DagBag from /Users/evankrupa/airflow_project/env/lib/python3.11/site-packages/airflow/example_dags/example_complex.py
[2025-12-12T08:32:25.390-0500] {processor.py:840} INFO - DAG(s) 'example_complex' retrieved from /Users/evankrupa/airflow_project/env/lib/python3.11/site-packages/airflow/example_dags/example_complex.py
[2025-12-12T08:32:25.422-0500] {logging_mixin.py:188} INFO - [2025-12-12T08:32:25.422-0500] {dag.py:3096} INFO - Sync 1 DAGs
[2025-12-12T08:32:25.424-0500] {logging_mixin.py:188} INFO - [2025-12-12T08:32:25.424-0500] {dag.py:3954} INFO - Setting next_dagrun for example_complex to None, run_after=None
[2025-12-12T08:32:25.430-0500] {processor.py:183} INFO - Processing /Users/evankrupa/airflow_project/env/lib/python3.11/site-packages/airflow/example_dags/example_complex.py took 0.046 seconds
[2025-12-12T08:33:49.895-0500] {processor.py:161} INFO - Started process (PID=65038) to work on /Users/evankrupa/airflow_project/env/lib/python3.11/site-packages/airflow/example_dags/example_complex.py
[2025-12-12T08:33:49.896-0500] {processor.py:830} INFO - Processing file /Users/evankrupa/airflow_project/env/lib/python3.11/site-packages/airflow/example_dags/example_complex.py for tasks to queue
[2025-12-12T08:33:49.897-0500] {logging_mixin.py:188} INFO - [2025-12-12T08:33:49.897-0500] {dagbag.py:545} INFO - Filling up the DagBag from /Users/evankrupa/airflow_project/env/lib/python3.11/site-packages/airflow/example_dags/example_complex.py
[2025-12-12T08:33:49.901-0500] {processor.py:840} INFO - DAG(s) 'example_complex' retrieved from /Users/evankrupa/airflow_project/env/lib/python3.11/site-packages/airflow/example_dags/example_complex.py
[2025-12-12T08:33:49.933-0500] {logging_mixin.py:188} INFO - [2025-12-12T08:33:49.933-0500] {dag.py:3096} INFO - Sync 1 DAGs
[2025-12-12T08:33:49.936-0500] {logging_mixin.py:188} INFO - [2025-12-12T08:33:49.935-0500] {dag.py:3954} INFO - Setting next_dagrun for example_complex to None, run_after=None
[2025-12-12T08:33:49.941-0500] {processor.py:183} INFO - Processing /Users/evankrupa/airflow_project/env/lib/python3.11/site-packages/airflow/example_dags/example_complex.py took 0.047 seconds
[2025-12-12T08:35:16.802-0500] {processor.py:161} INFO - Started process (PID=65137) to work on /Users/evankrupa/airflow_project/env/lib/python3.11/site-packages/airflow/example_dags/example_complex.py
[2025-12-12T08:35:16.803-0500] {processor.py:830} INFO - Processing file /Users/evankrupa/airflow_project/env/lib/python3.11/site-packages/airflow/example_dags/example_complex.py for tasks to queue
[2025-12-12T08:35:16.803-0500] {logging_mixin.py:188} INFO - [2025-12-12T08:35:16.803-0500] {dagbag.py:545} INFO - Filling up the DagBag from /Users/evankrupa/airflow_project/env/lib/python3.11/site-packages/airflow/example_dags/example_complex.py
[2025-12-12T08:35:16.807-0500] {processor.py:840} INFO - DAG(s) 'example_complex' retrieved from /Users/evankrupa/airflow_project/env/lib/python3.11/site-packages/airflow/example_dags/example_complex.py
[2025-12-12T08:35:16.838-0500] {logging_mixin.py:188} INFO - [2025-12-12T08:35:16.838-0500] {dag.py:3096} INFO - Sync 1 DAGs
[2025-12-12T08:35:16.841-0500] {logging_mixin.py:188} INFO - [2025-12-12T08:35:16.841-0500] {dag.py:3954} INFO - Setting next_dagrun for example_complex to None, run_after=None
[2025-12-12T08:35:16.847-0500] {processor.py:183} INFO - Processing /Users/evankrupa/airflow_project/env/lib/python3.11/site-packages/airflow/example_dags/example_complex.py took 0.045 seconds
[2025-12-12T08:36:39.759-0500] {processor.py:161} INFO - Started process (PID=65214) to work on /Users/evankrupa/airflow_project/env/lib/python3.11/site-packages/airflow/example_dags/example_complex.py
[2025-12-12T08:36:39.760-0500] {processor.py:830} INFO - Processing file /Users/evankrupa/airflow_project/env/lib/python3.11/site-packages/airflow/example_dags/example_complex.py for tasks to queue
[2025-12-12T08:36:39.760-0500] {logging_mixin.py:188} INFO - [2025-12-12T08:36:39.760-0500] {dagbag.py:545} INFO - Filling up the DagBag from /Users/evankrupa/airflow_project/env/lib/python3.11/site-packages/airflow/example_dags/example_complex.py
[2025-12-12T08:36:39.764-0500] {processor.py:840} INFO - DAG(s) 'example_complex' retrieved from /Users/evankrupa/airflow_project/env/lib/python3.11/site-packages/airflow/example_dags/example_complex.py
[2025-12-12T08:36:39.795-0500] {logging_mixin.py:188} INFO - [2025-12-12T08:36:39.795-0500] {dag.py:3096} INFO - Sync 1 DAGs
[2025-12-12T08:36:39.798-0500] {logging_mixin.py:188} INFO - [2025-12-12T08:36:39.798-0500] {dag.py:3954} INFO - Setting next_dagrun for example_complex to None, run_after=None
[2025-12-12T08:36:39.804-0500] {processor.py:183} INFO - Processing /Users/evankrupa/airflow_project/env/lib/python3.11/site-packages/airflow/example_dags/example_complex.py took 0.046 seconds
[2025-12-12T08:38:05.059-0500] {processor.py:161} INFO - Started process (PID=65283) to work on /Users/evankrupa/airflow_project/env/lib/python3.11/site-packages/airflow/example_dags/example_complex.py
[2025-12-12T08:38:05.060-0500] {processor.py:830} INFO - Processing file /Users/evankrupa/airflow_project/env/lib/python3.11/site-packages/airflow/example_dags/example_complex.py for tasks to queue
[2025-12-12T08:38:05.060-0500] {logging_mixin.py:188} INFO - [2025-12-12T08:38:05.060-0500] {dagbag.py:545} INFO - Filling up the DagBag from /Users/evankrupa/airflow_project/env/lib/python3.11/site-packages/airflow/example_dags/example_complex.py
[2025-12-12T08:38:05.064-0500] {processor.py:840} INFO - DAG(s) 'example_complex' retrieved from /Users/evankrupa/airflow_project/env/lib/python3.11/site-packages/airflow/example_dags/example_complex.py
[2025-12-12T08:38:05.096-0500] {logging_mixin.py:188} INFO - [2025-12-12T08:38:05.096-0500] {dag.py:3096} INFO - Sync 1 DAGs
[2025-12-12T08:38:05.099-0500] {logging_mixin.py:188} INFO - [2025-12-12T08:38:05.099-0500] {dag.py:3954} INFO - Setting next_dagrun for example_complex to None, run_after=None
[2025-12-12T08:38:05.105-0500] {processor.py:183} INFO - Processing /Users/evankrupa/airflow_project/env/lib/python3.11/site-packages/airflow/example_dags/example_complex.py took 0.047 seconds
[2025-12-12T08:39:27.373-0500] {processor.py:161} INFO - Started process (PID=65363) to work on /Users/evankrupa/airflow_project/env/lib/python3.11/site-packages/airflow/example_dags/example_complex.py
[2025-12-12T08:39:27.374-0500] {processor.py:830} INFO - Processing file /Users/evankrupa/airflow_project/env/lib/python3.11/site-packages/airflow/example_dags/example_complex.py for tasks to queue
[2025-12-12T08:39:27.374-0500] {logging_mixin.py:188} INFO - [2025-12-12T08:39:27.374-0500] {dagbag.py:545} INFO - Filling up the DagBag from /Users/evankrupa/airflow_project/env/lib/python3.11/site-packages/airflow/example_dags/example_complex.py
[2025-12-12T08:39:27.378-0500] {processor.py:840} INFO - DAG(s) 'example_complex' retrieved from /Users/evankrupa/airflow_project/env/lib/python3.11/site-packages/airflow/example_dags/example_complex.py
[2025-12-12T08:39:27.409-0500] {logging_mixin.py:188} INFO - [2025-12-12T08:39:27.409-0500] {dag.py:3096} INFO - Sync 1 DAGs
[2025-12-12T08:39:27.412-0500] {logging_mixin.py:188} INFO - [2025-12-12T08:39:27.412-0500] {dag.py:3954} INFO - Setting next_dagrun for example_complex to None, run_after=None
[2025-12-12T08:39:27.417-0500] {processor.py:183} INFO - Processing /Users/evankrupa/airflow_project/env/lib/python3.11/site-packages/airflow/example_dags/example_complex.py took 0.045 seconds
[2025-12-12T08:40:51.892-0500] {processor.py:161} INFO - Started process (PID=65448) to work on /Users/evankrupa/airflow_project/env/lib/python3.11/site-packages/airflow/example_dags/example_complex.py
[2025-12-12T08:40:51.893-0500] {processor.py:830} INFO - Processing file /Users/evankrupa/airflow_project/env/lib/python3.11/site-packages/airflow/example_dags/example_complex.py for tasks to queue
[2025-12-12T08:40:51.893-0500] {logging_mixin.py:188} INFO - [2025-12-12T08:40:51.893-0500] {dagbag.py:545} INFO - Filling up the DagBag from /Users/evankrupa/airflow_project/env/lib/python3.11/site-packages/airflow/example_dags/example_complex.py
[2025-12-12T08:40:51.897-0500] {processor.py:840} INFO - DAG(s) 'example_complex' retrieved from /Users/evankrupa/airflow_project/env/lib/python3.11/site-packages/airflow/example_dags/example_complex.py
[2025-12-12T08:40:51.929-0500] {logging_mixin.py:188} INFO - [2025-12-12T08:40:51.929-0500] {dag.py:3096} INFO - Sync 1 DAGs
[2025-12-12T08:40:51.932-0500] {logging_mixin.py:188} INFO - [2025-12-12T08:40:51.932-0500] {dag.py:3954} INFO - Setting next_dagrun for example_complex to None, run_after=None
[2025-12-12T08:40:51.937-0500] {processor.py:183} INFO - Processing /Users/evankrupa/airflow_project/env/lib/python3.11/site-packages/airflow/example_dags/example_complex.py took 0.046 seconds
[2025-12-12T08:42:13.711-0500] {processor.py:161} INFO - Started process (PID=65515) to work on /Users/evankrupa/airflow_project/env/lib/python3.11/site-packages/airflow/example_dags/example_complex.py
[2025-12-12T08:42:13.712-0500] {processor.py:830} INFO - Processing file /Users/evankrupa/airflow_project/env/lib/python3.11/site-packages/airflow/example_dags/example_complex.py for tasks to queue
[2025-12-12T08:42:13.712-0500] {logging_mixin.py:188} INFO - [2025-12-12T08:42:13.712-0500] {dagbag.py:545} INFO - Filling up the DagBag from /Users/evankrupa/airflow_project/env/lib/python3.11/site-packages/airflow/example_dags/example_complex.py
[2025-12-12T08:42:13.716-0500] {processor.py:840} INFO - DAG(s) 'example_complex' retrieved from /Users/evankrupa/airflow_project/env/lib/python3.11/site-packages/airflow/example_dags/example_complex.py
[2025-12-12T08:42:13.747-0500] {logging_mixin.py:188} INFO - [2025-12-12T08:42:13.747-0500] {dag.py:3096} INFO - Sync 1 DAGs
[2025-12-12T08:42:13.749-0500] {logging_mixin.py:188} INFO - [2025-12-12T08:42:13.749-0500] {dag.py:3954} INFO - Setting next_dagrun for example_complex to None, run_after=None
[2025-12-12T08:42:13.755-0500] {processor.py:183} INFO - Processing /Users/evankrupa/airflow_project/env/lib/python3.11/site-packages/airflow/example_dags/example_complex.py took 0.045 seconds
[2025-12-12T08:43:37.846-0500] {processor.py:161} INFO - Started process (PID=65600) to work on /Users/evankrupa/airflow_project/env/lib/python3.11/site-packages/airflow/example_dags/example_complex.py
[2025-12-12T08:43:37.847-0500] {processor.py:830} INFO - Processing file /Users/evankrupa/airflow_project/env/lib/python3.11/site-packages/airflow/example_dags/example_complex.py for tasks to queue
[2025-12-12T08:43:37.847-0500] {logging_mixin.py:188} INFO - [2025-12-12T08:43:37.847-0500] {dagbag.py:545} INFO - Filling up the DagBag from /Users/evankrupa/airflow_project/env/lib/python3.11/site-packages/airflow/example_dags/example_complex.py
[2025-12-12T08:43:37.851-0500] {processor.py:840} INFO - DAG(s) 'example_complex' retrieved from /Users/evankrupa/airflow_project/env/lib/python3.11/site-packages/airflow/example_dags/example_complex.py
[2025-12-12T08:43:37.881-0500] {logging_mixin.py:188} INFO - [2025-12-12T08:43:37.881-0500] {dag.py:3096} INFO - Sync 1 DAGs
[2025-12-12T08:43:37.884-0500] {logging_mixin.py:188} INFO - [2025-12-12T08:43:37.884-0500] {dag.py:3954} INFO - Setting next_dagrun for example_complex to None, run_after=None
[2025-12-12T08:43:37.889-0500] {processor.py:183} INFO - Processing /Users/evankrupa/airflow_project/env/lib/python3.11/site-packages/airflow/example_dags/example_complex.py took 0.044 seconds
[2025-12-12T08:45:01.036-0500] {processor.py:161} INFO - Started process (PID=65666) to work on /Users/evankrupa/airflow_project/env/lib/python3.11/site-packages/airflow/example_dags/example_complex.py
[2025-12-12T08:45:01.037-0500] {processor.py:830} INFO - Processing file /Users/evankrupa/airflow_project/env/lib/python3.11/site-packages/airflow/example_dags/example_complex.py for tasks to queue
[2025-12-12T08:45:01.037-0500] {logging_mixin.py:188} INFO - [2025-12-12T08:45:01.037-0500] {dagbag.py:545} INFO - Filling up the DagBag from /Users/evankrupa/airflow_project/env/lib/python3.11/site-packages/airflow/example_dags/example_complex.py
[2025-12-12T08:45:01.041-0500] {processor.py:840} INFO - DAG(s) 'example_complex' retrieved from /Users/evankrupa/airflow_project/env/lib/python3.11/site-packages/airflow/example_dags/example_complex.py
[2025-12-12T08:45:01.072-0500] {logging_mixin.py:188} INFO - [2025-12-12T08:45:01.072-0500] {dag.py:3096} INFO - Sync 1 DAGs
[2025-12-12T08:45:01.074-0500] {logging_mixin.py:188} INFO - [2025-12-12T08:45:01.074-0500] {dag.py:3954} INFO - Setting next_dagrun for example_complex to None, run_after=None
[2025-12-12T08:45:01.080-0500] {processor.py:183} INFO - Processing /Users/evankrupa/airflow_project/env/lib/python3.11/site-packages/airflow/example_dags/example_complex.py took 0.045 seconds
