[2025-12-12T07:25:31.867-0500] {processor.py:161} INFO - Started process (PID=56855) to work on /Users/evankrupa/airflow_project/env/lib/python3.11/site-packages/airflow/example_dags/example_short_circuit_operator.py
[2025-12-12T07:25:31.867-0500] {processor.py:830} INFO - Processing file /Users/evankrupa/airflow_project/env/lib/python3.11/site-packages/airflow/example_dags/example_short_circuit_operator.py for tasks to queue
[2025-12-12T07:25:31.867-0500] {logging_mixin.py:188} INFO - [2025-12-12T07:25:31.867-0500] {dagbag.py:545} INFO - Filling up the DagBag from /Users/evankrupa/airflow_project/env/lib/python3.11/site-packages/airflow/example_dags/example_short_circuit_operator.py
[2025-12-12T07:25:31.877-0500] {processor.py:840} INFO - DAG(s) 'example_short_circuit_operator' retrieved from /Users/evankrupa/airflow_project/env/lib/python3.11/site-packages/airflow/example_dags/example_short_circuit_operator.py
[2025-12-12T07:25:31.927-0500] {logging_mixin.py:188} INFO - [2025-12-12T07:25:31.927-0500] {override.py:1829} INFO - Created Permission View: can edit on DAG:example_short_circuit_operator
[2025-12-12T07:25:31.930-0500] {logging_mixin.py:188} INFO - [2025-12-12T07:25:31.930-0500] {override.py:1829} INFO - Created Permission View: can read on DAG:example_short_circuit_operator
[2025-12-12T07:25:31.931-0500] {logging_mixin.py:188} INFO - [2025-12-12T07:25:31.931-0500] {override.py:1829} INFO - Created Permission View: can delete on DAG:example_short_circuit_operator
[2025-12-12T07:25:31.931-0500] {logging_mixin.py:188} INFO - [2025-12-12T07:25:31.931-0500] {dag.py:3096} INFO - Sync 1 DAGs
[2025-12-12T07:25:31.934-0500] {logging_mixin.py:188} INFO - [2025-12-12T07:25:31.934-0500] {dag.py:3118} INFO - Creating ORM DAG for example_short_circuit_operator
[2025-12-12T07:25:31.936-0500] {logging_mixin.py:188} INFO - [2025-12-12T07:25:31.936-0500] {dag.py:3954} INFO - Setting next_dagrun for example_short_circuit_operator to 2025-12-11 00:00:00+00:00, run_after=2025-12-12 00:00:00+00:00
[2025-12-12T07:25:31.960-0500] {processor.py:183} INFO - Processing /Users/evankrupa/airflow_project/env/lib/python3.11/site-packages/airflow/example_dags/example_short_circuit_operator.py took 0.095 seconds
[2025-12-12T07:26:44.720-0500] {processor.py:161} INFO - Started process (PID=56921) to work on /Users/evankrupa/airflow_project/env/lib/python3.11/site-packages/airflow/example_dags/example_short_circuit_operator.py
[2025-12-12T07:26:44.721-0500] {processor.py:830} INFO - Processing file /Users/evankrupa/airflow_project/env/lib/python3.11/site-packages/airflow/example_dags/example_short_circuit_operator.py for tasks to queue
[2025-12-12T07:26:44.721-0500] {logging_mixin.py:188} INFO - [2025-12-12T07:26:44.721-0500] {dagbag.py:545} INFO - Filling up the DagBag from /Users/evankrupa/airflow_project/env/lib/python3.11/site-packages/airflow/example_dags/example_short_circuit_operator.py
[2025-12-12T07:26:44.731-0500] {processor.py:840} INFO - DAG(s) 'example_short_circuit_operator' retrieved from /Users/evankrupa/airflow_project/env/lib/python3.11/site-packages/airflow/example_dags/example_short_circuit_operator.py
[2025-12-12T07:26:44.759-0500] {logging_mixin.py:188} INFO - [2025-12-12T07:26:44.759-0500] {dag.py:3096} INFO - Sync 1 DAGs
[2025-12-12T07:26:44.764-0500] {logging_mixin.py:188} INFO - [2025-12-12T07:26:44.764-0500] {dag.py:3954} INFO - Setting next_dagrun for example_short_circuit_operator to 2025-12-11 00:00:00+00:00, run_after=2025-12-12 00:00:00+00:00
[2025-12-12T07:26:44.769-0500] {processor.py:183} INFO - Processing /Users/evankrupa/airflow_project/env/lib/python3.11/site-packages/airflow/example_dags/example_short_circuit_operator.py took 0.051 seconds
[2025-12-12T07:28:09.183-0500] {processor.py:161} INFO - Started process (PID=57723) to work on /Users/evankrupa/airflow_project/env/lib/python3.11/site-packages/airflow/example_dags/example_short_circuit_operator.py
[2025-12-12T07:28:09.184-0500] {processor.py:830} INFO - Processing file /Users/evankrupa/airflow_project/env/lib/python3.11/site-packages/airflow/example_dags/example_short_circuit_operator.py for tasks to queue
[2025-12-12T07:28:09.184-0500] {logging_mixin.py:188} INFO - [2025-12-12T07:28:09.184-0500] {dagbag.py:545} INFO - Filling up the DagBag from /Users/evankrupa/airflow_project/env/lib/python3.11/site-packages/airflow/example_dags/example_short_circuit_operator.py
[2025-12-12T07:28:09.193-0500] {processor.py:840} INFO - DAG(s) 'example_short_circuit_operator' retrieved from /Users/evankrupa/airflow_project/env/lib/python3.11/site-packages/airflow/example_dags/example_short_circuit_operator.py
[2025-12-12T07:28:09.220-0500] {logging_mixin.py:188} INFO - [2025-12-12T07:28:09.220-0500] {dag.py:3096} INFO - Sync 1 DAGs
[2025-12-12T07:28:09.225-0500] {logging_mixin.py:188} INFO - [2025-12-12T07:28:09.225-0500] {dag.py:3954} INFO - Setting next_dagrun for example_short_circuit_operator to 2025-12-11 00:00:00+00:00, run_after=2025-12-12 00:00:00+00:00
[2025-12-12T07:28:09.230-0500] {processor.py:183} INFO - Processing /Users/evankrupa/airflow_project/env/lib/python3.11/site-packages/airflow/example_dags/example_short_circuit_operator.py took 0.048 seconds
[2025-12-12T07:29:34.506-0500] {processor.py:161} INFO - Started process (PID=57933) to work on /Users/evankrupa/airflow_project/env/lib/python3.11/site-packages/airflow/example_dags/example_short_circuit_operator.py
[2025-12-12T07:29:34.507-0500] {processor.py:830} INFO - Processing file /Users/evankrupa/airflow_project/env/lib/python3.11/site-packages/airflow/example_dags/example_short_circuit_operator.py for tasks to queue
[2025-12-12T07:29:34.507-0500] {logging_mixin.py:188} INFO - [2025-12-12T07:29:34.507-0500] {dagbag.py:545} INFO - Filling up the DagBag from /Users/evankrupa/airflow_project/env/lib/python3.11/site-packages/airflow/example_dags/example_short_circuit_operator.py
[2025-12-12T07:29:34.516-0500] {processor.py:840} INFO - DAG(s) 'example_short_circuit_operator' retrieved from /Users/evankrupa/airflow_project/env/lib/python3.11/site-packages/airflow/example_dags/example_short_circuit_operator.py
[2025-12-12T07:29:34.543-0500] {logging_mixin.py:188} INFO - [2025-12-12T07:29:34.543-0500] {dag.py:3096} INFO - Sync 1 DAGs
[2025-12-12T07:29:34.548-0500] {logging_mixin.py:188} INFO - [2025-12-12T07:29:34.548-0500] {dag.py:3954} INFO - Setting next_dagrun for example_short_circuit_operator to 2025-12-11 00:00:00+00:00, run_after=2025-12-12 00:00:00+00:00
[2025-12-12T07:29:34.553-0500] {processor.py:183} INFO - Processing /Users/evankrupa/airflow_project/env/lib/python3.11/site-packages/airflow/example_dags/example_short_circuit_operator.py took 0.048 seconds
[2025-12-12T07:30:59.386-0500] {processor.py:161} INFO - Started process (PID=58060) to work on /Users/evankrupa/airflow_project/env/lib/python3.11/site-packages/airflow/example_dags/example_short_circuit_operator.py
[2025-12-12T07:30:59.387-0500] {processor.py:830} INFO - Processing file /Users/evankrupa/airflow_project/env/lib/python3.11/site-packages/airflow/example_dags/example_short_circuit_operator.py for tasks to queue
[2025-12-12T07:30:59.387-0500] {logging_mixin.py:188} INFO - [2025-12-12T07:30:59.387-0500] {dagbag.py:545} INFO - Filling up the DagBag from /Users/evankrupa/airflow_project/env/lib/python3.11/site-packages/airflow/example_dags/example_short_circuit_operator.py
[2025-12-12T07:30:59.396-0500] {processor.py:840} INFO - DAG(s) 'example_short_circuit_operator' retrieved from /Users/evankrupa/airflow_project/env/lib/python3.11/site-packages/airflow/example_dags/example_short_circuit_operator.py
[2025-12-12T07:30:59.423-0500] {logging_mixin.py:188} INFO - [2025-12-12T07:30:59.423-0500] {dag.py:3096} INFO - Sync 1 DAGs
[2025-12-12T07:30:59.428-0500] {logging_mixin.py:188} INFO - [2025-12-12T07:30:59.428-0500] {dag.py:3954} INFO - Setting next_dagrun for example_short_circuit_operator to 2025-12-11 00:00:00+00:00, run_after=2025-12-12 00:00:00+00:00
[2025-12-12T07:30:59.434-0500] {processor.py:183} INFO - Processing /Users/evankrupa/airflow_project/env/lib/python3.11/site-packages/airflow/example_dags/example_short_circuit_operator.py took 0.049 seconds
[2025-12-12T07:32:26.501-0500] {processor.py:161} INFO - Started process (PID=58396) to work on /Users/evankrupa/airflow_project/env/lib/python3.11/site-packages/airflow/example_dags/example_short_circuit_operator.py
[2025-12-12T07:32:26.502-0500] {processor.py:830} INFO - Processing file /Users/evankrupa/airflow_project/env/lib/python3.11/site-packages/airflow/example_dags/example_short_circuit_operator.py for tasks to queue
[2025-12-12T07:32:26.502-0500] {logging_mixin.py:188} INFO - [2025-12-12T07:32:26.502-0500] {dagbag.py:545} INFO - Filling up the DagBag from /Users/evankrupa/airflow_project/env/lib/python3.11/site-packages/airflow/example_dags/example_short_circuit_operator.py
[2025-12-12T07:32:26.512-0500] {processor.py:840} INFO - DAG(s) 'example_short_circuit_operator' retrieved from /Users/evankrupa/airflow_project/env/lib/python3.11/site-packages/airflow/example_dags/example_short_circuit_operator.py
[2025-12-12T07:32:26.540-0500] {logging_mixin.py:188} INFO - [2025-12-12T07:32:26.540-0500] {dag.py:3096} INFO - Sync 1 DAGs
[2025-12-12T07:32:26.545-0500] {logging_mixin.py:188} INFO - [2025-12-12T07:32:26.545-0500] {dag.py:3954} INFO - Setting next_dagrun for example_short_circuit_operator to 2025-12-11 00:00:00+00:00, run_after=2025-12-12 00:00:00+00:00
[2025-12-12T07:32:26.550-0500] {processor.py:183} INFO - Processing /Users/evankrupa/airflow_project/env/lib/python3.11/site-packages/airflow/example_dags/example_short_circuit_operator.py took 0.050 seconds
[2025-12-12T07:33:53.112-0500] {processor.py:161} INFO - Started process (PID=58480) to work on /Users/evankrupa/airflow_project/env/lib/python3.11/site-packages/airflow/example_dags/example_short_circuit_operator.py
[2025-12-12T07:33:53.113-0500] {processor.py:830} INFO - Processing file /Users/evankrupa/airflow_project/env/lib/python3.11/site-packages/airflow/example_dags/example_short_circuit_operator.py for tasks to queue
[2025-12-12T07:33:53.113-0500] {logging_mixin.py:188} INFO - [2025-12-12T07:33:53.113-0500] {dagbag.py:545} INFO - Filling up the DagBag from /Users/evankrupa/airflow_project/env/lib/python3.11/site-packages/airflow/example_dags/example_short_circuit_operator.py
[2025-12-12T07:33:53.123-0500] {processor.py:840} INFO - DAG(s) 'example_short_circuit_operator' retrieved from /Users/evankrupa/airflow_project/env/lib/python3.11/site-packages/airflow/example_dags/example_short_circuit_operator.py
[2025-12-12T07:33:53.151-0500] {logging_mixin.py:188} INFO - [2025-12-12T07:33:53.150-0500] {dag.py:3096} INFO - Sync 1 DAGs
[2025-12-12T07:33:53.156-0500] {logging_mixin.py:188} INFO - [2025-12-12T07:33:53.156-0500] {dag.py:3954} INFO - Setting next_dagrun for example_short_circuit_operator to 2025-12-11 00:00:00+00:00, run_after=2025-12-12 00:00:00+00:00
[2025-12-12T07:33:53.161-0500] {processor.py:183} INFO - Processing /Users/evankrupa/airflow_project/env/lib/python3.11/site-packages/airflow/example_dags/example_short_circuit_operator.py took 0.050 seconds
[2025-12-12T07:35:16.727-0500] {processor.py:161} INFO - Started process (PID=58555) to work on /Users/evankrupa/airflow_project/env/lib/python3.11/site-packages/airflow/example_dags/example_short_circuit_operator.py
[2025-12-12T07:35:16.728-0500] {processor.py:830} INFO - Processing file /Users/evankrupa/airflow_project/env/lib/python3.11/site-packages/airflow/example_dags/example_short_circuit_operator.py for tasks to queue
[2025-12-12T07:35:16.728-0500] {logging_mixin.py:188} INFO - [2025-12-12T07:35:16.728-0500] {dagbag.py:545} INFO - Filling up the DagBag from /Users/evankrupa/airflow_project/env/lib/python3.11/site-packages/airflow/example_dags/example_short_circuit_operator.py
[2025-12-12T07:35:16.738-0500] {processor.py:840} INFO - DAG(s) 'example_short_circuit_operator' retrieved from /Users/evankrupa/airflow_project/env/lib/python3.11/site-packages/airflow/example_dags/example_short_circuit_operator.py
[2025-12-12T07:35:16.765-0500] {logging_mixin.py:188} INFO - [2025-12-12T07:35:16.765-0500] {dag.py:3096} INFO - Sync 1 DAGs
[2025-12-12T07:35:16.770-0500] {logging_mixin.py:188} INFO - [2025-12-12T07:35:16.770-0500] {dag.py:3954} INFO - Setting next_dagrun for example_short_circuit_operator to 2025-12-11 00:00:00+00:00, run_after=2025-12-12 00:00:00+00:00
[2025-12-12T07:35:16.775-0500] {processor.py:183} INFO - Processing /Users/evankrupa/airflow_project/env/lib/python3.11/site-packages/airflow/example_dags/example_short_circuit_operator.py took 0.049 seconds
[2025-12-12T07:36:40.403-0500] {processor.py:161} INFO - Started process (PID=58625) to work on /Users/evankrupa/airflow_project/env/lib/python3.11/site-packages/airflow/example_dags/example_short_circuit_operator.py
[2025-12-12T07:36:40.403-0500] {processor.py:830} INFO - Processing file /Users/evankrupa/airflow_project/env/lib/python3.11/site-packages/airflow/example_dags/example_short_circuit_operator.py for tasks to queue
[2025-12-12T07:36:40.404-0500] {logging_mixin.py:188} INFO - [2025-12-12T07:36:40.404-0500] {dagbag.py:545} INFO - Filling up the DagBag from /Users/evankrupa/airflow_project/env/lib/python3.11/site-packages/airflow/example_dags/example_short_circuit_operator.py
[2025-12-12T07:36:40.414-0500] {processor.py:840} INFO - DAG(s) 'example_short_circuit_operator' retrieved from /Users/evankrupa/airflow_project/env/lib/python3.11/site-packages/airflow/example_dags/example_short_circuit_operator.py
[2025-12-12T07:36:40.444-0500] {logging_mixin.py:188} INFO - [2025-12-12T07:36:40.444-0500] {dag.py:3096} INFO - Sync 1 DAGs
[2025-12-12T07:36:40.450-0500] {logging_mixin.py:188} INFO - [2025-12-12T07:36:40.450-0500] {dag.py:3954} INFO - Setting next_dagrun for example_short_circuit_operator to 2025-12-11 00:00:00+00:00, run_after=2025-12-12 00:00:00+00:00
[2025-12-12T07:36:40.456-0500] {processor.py:183} INFO - Processing /Users/evankrupa/airflow_project/env/lib/python3.11/site-packages/airflow/example_dags/example_short_circuit_operator.py took 0.054 seconds
[2025-12-12T07:38:06.290-0500] {processor.py:161} INFO - Started process (PID=58697) to work on /Users/evankrupa/airflow_project/env/lib/python3.11/site-packages/airflow/example_dags/example_short_circuit_operator.py
[2025-12-12T07:38:06.290-0500] {processor.py:830} INFO - Processing file /Users/evankrupa/airflow_project/env/lib/python3.11/site-packages/airflow/example_dags/example_short_circuit_operator.py for tasks to queue
[2025-12-12T07:38:06.291-0500] {logging_mixin.py:188} INFO - [2025-12-12T07:38:06.291-0500] {dagbag.py:545} INFO - Filling up the DagBag from /Users/evankrupa/airflow_project/env/lib/python3.11/site-packages/airflow/example_dags/example_short_circuit_operator.py
[2025-12-12T07:38:06.300-0500] {processor.py:840} INFO - DAG(s) 'example_short_circuit_operator' retrieved from /Users/evankrupa/airflow_project/env/lib/python3.11/site-packages/airflow/example_dags/example_short_circuit_operator.py
[2025-12-12T07:38:06.330-0500] {logging_mixin.py:188} INFO - [2025-12-12T07:38:06.330-0500] {dag.py:3096} INFO - Sync 1 DAGs
[2025-12-12T07:38:06.336-0500] {logging_mixin.py:188} INFO - [2025-12-12T07:38:06.336-0500] {dag.py:3954} INFO - Setting next_dagrun for example_short_circuit_operator to 2025-12-11 00:00:00+00:00, run_after=2025-12-12 00:00:00+00:00
[2025-12-12T07:38:06.341-0500] {processor.py:183} INFO - Processing /Users/evankrupa/airflow_project/env/lib/python3.11/site-packages/airflow/example_dags/example_short_circuit_operator.py took 0.052 seconds
[2025-12-12T07:39:31.410-0500] {processor.py:161} INFO - Started process (PID=58814) to work on /Users/evankrupa/airflow_project/env/lib/python3.11/site-packages/airflow/example_dags/example_short_circuit_operator.py
[2025-12-12T07:39:31.411-0500] {processor.py:830} INFO - Processing file /Users/evankrupa/airflow_project/env/lib/python3.11/site-packages/airflow/example_dags/example_short_circuit_operator.py for tasks to queue
[2025-12-12T07:39:31.411-0500] {logging_mixin.py:188} INFO - [2025-12-12T07:39:31.411-0500] {dagbag.py:545} INFO - Filling up the DagBag from /Users/evankrupa/airflow_project/env/lib/python3.11/site-packages/airflow/example_dags/example_short_circuit_operator.py
[2025-12-12T07:39:31.423-0500] {processor.py:840} INFO - DAG(s) 'example_short_circuit_operator' retrieved from /Users/evankrupa/airflow_project/env/lib/python3.11/site-packages/airflow/example_dags/example_short_circuit_operator.py
[2025-12-12T07:39:31.458-0500] {logging_mixin.py:188} INFO - [2025-12-12T07:39:31.458-0500] {dag.py:3096} INFO - Sync 1 DAGs
[2025-12-12T07:39:31.464-0500] {logging_mixin.py:188} INFO - [2025-12-12T07:39:31.464-0500] {dag.py:3954} INFO - Setting next_dagrun for example_short_circuit_operator to 2025-12-11 00:00:00+00:00, run_after=2025-12-12 00:00:00+00:00
[2025-12-12T07:39:31.471-0500] {processor.py:183} INFO - Processing /Users/evankrupa/airflow_project/env/lib/python3.11/site-packages/airflow/example_dags/example_short_circuit_operator.py took 0.061 seconds
[2025-12-12T07:40:55.652-0500] {processor.py:161} INFO - Started process (PID=58924) to work on /Users/evankrupa/airflow_project/env/lib/python3.11/site-packages/airflow/example_dags/example_short_circuit_operator.py
[2025-12-12T07:40:55.653-0500] {processor.py:830} INFO - Processing file /Users/evankrupa/airflow_project/env/lib/python3.11/site-packages/airflow/example_dags/example_short_circuit_operator.py for tasks to queue
[2025-12-12T07:40:55.653-0500] {logging_mixin.py:188} INFO - [2025-12-12T07:40:55.653-0500] {dagbag.py:545} INFO - Filling up the DagBag from /Users/evankrupa/airflow_project/env/lib/python3.11/site-packages/airflow/example_dags/example_short_circuit_operator.py
[2025-12-12T07:40:55.662-0500] {processor.py:840} INFO - DAG(s) 'example_short_circuit_operator' retrieved from /Users/evankrupa/airflow_project/env/lib/python3.11/site-packages/airflow/example_dags/example_short_circuit_operator.py
[2025-12-12T07:40:55.691-0500] {logging_mixin.py:188} INFO - [2025-12-12T07:40:55.690-0500] {dag.py:3096} INFO - Sync 1 DAGs
[2025-12-12T07:40:55.696-0500] {logging_mixin.py:188} INFO - [2025-12-12T07:40:55.696-0500] {dag.py:3954} INFO - Setting next_dagrun for example_short_circuit_operator to 2025-12-11 00:00:00+00:00, run_after=2025-12-12 00:00:00+00:00
[2025-12-12T07:40:55.701-0500] {processor.py:183} INFO - Processing /Users/evankrupa/airflow_project/env/lib/python3.11/site-packages/airflow/example_dags/example_short_circuit_operator.py took 0.050 seconds
[2025-12-12T07:42:21.378-0500] {processor.py:161} INFO - Started process (PID=58997) to work on /Users/evankrupa/airflow_project/env/lib/python3.11/site-packages/airflow/example_dags/example_short_circuit_operator.py
[2025-12-12T07:42:21.379-0500] {processor.py:830} INFO - Processing file /Users/evankrupa/airflow_project/env/lib/python3.11/site-packages/airflow/example_dags/example_short_circuit_operator.py for tasks to queue
[2025-12-12T07:42:21.379-0500] {logging_mixin.py:188} INFO - [2025-12-12T07:42:21.379-0500] {dagbag.py:545} INFO - Filling up the DagBag from /Users/evankrupa/airflow_project/env/lib/python3.11/site-packages/airflow/example_dags/example_short_circuit_operator.py
[2025-12-12T07:42:21.389-0500] {processor.py:840} INFO - DAG(s) 'example_short_circuit_operator' retrieved from /Users/evankrupa/airflow_project/env/lib/python3.11/site-packages/airflow/example_dags/example_short_circuit_operator.py
[2025-12-12T07:42:21.419-0500] {logging_mixin.py:188} INFO - [2025-12-12T07:42:21.418-0500] {dag.py:3096} INFO - Sync 1 DAGs
[2025-12-12T07:42:21.424-0500] {logging_mixin.py:188} INFO - [2025-12-12T07:42:21.424-0500] {dag.py:3954} INFO - Setting next_dagrun for example_short_circuit_operator to 2025-12-11 00:00:00+00:00, run_after=2025-12-12 00:00:00+00:00
[2025-12-12T07:42:21.429-0500] {processor.py:183} INFO - Processing /Users/evankrupa/airflow_project/env/lib/python3.11/site-packages/airflow/example_dags/example_short_circuit_operator.py took 0.052 seconds
[2025-12-12T07:43:44.722-0500] {processor.py:161} INFO - Started process (PID=59162) to work on /Users/evankrupa/airflow_project/env/lib/python3.11/site-packages/airflow/example_dags/example_short_circuit_operator.py
[2025-12-12T07:43:44.724-0500] {processor.py:830} INFO - Processing file /Users/evankrupa/airflow_project/env/lib/python3.11/site-packages/airflow/example_dags/example_short_circuit_operator.py for tasks to queue
[2025-12-12T07:43:44.724-0500] {logging_mixin.py:188} INFO - [2025-12-12T07:43:44.724-0500] {dagbag.py:545} INFO - Filling up the DagBag from /Users/evankrupa/airflow_project/env/lib/python3.11/site-packages/airflow/example_dags/example_short_circuit_operator.py
[2025-12-12T07:43:44.733-0500] {processor.py:840} INFO - DAG(s) 'example_short_circuit_operator' retrieved from /Users/evankrupa/airflow_project/env/lib/python3.11/site-packages/airflow/example_dags/example_short_circuit_operator.py
[2025-12-12T07:43:44.760-0500] {logging_mixin.py:188} INFO - [2025-12-12T07:43:44.760-0500] {dag.py:3096} INFO - Sync 1 DAGs
[2025-12-12T07:43:44.765-0500] {logging_mixin.py:188} INFO - [2025-12-12T07:43:44.765-0500] {dag.py:3954} INFO - Setting next_dagrun for example_short_circuit_operator to 2025-12-11 00:00:00+00:00, run_after=2025-12-12 00:00:00+00:00
[2025-12-12T07:43:44.770-0500] {processor.py:183} INFO - Processing /Users/evankrupa/airflow_project/env/lib/python3.11/site-packages/airflow/example_dags/example_short_circuit_operator.py took 0.049 seconds
[2025-12-12T07:45:10.070-0500] {processor.py:161} INFO - Started process (PID=59249) to work on /Users/evankrupa/airflow_project/env/lib/python3.11/site-packages/airflow/example_dags/example_short_circuit_operator.py
[2025-12-12T07:45:10.070-0500] {processor.py:830} INFO - Processing file /Users/evankrupa/airflow_project/env/lib/python3.11/site-packages/airflow/example_dags/example_short_circuit_operator.py for tasks to queue
[2025-12-12T07:45:10.071-0500] {logging_mixin.py:188} INFO - [2025-12-12T07:45:10.070-0500] {dagbag.py:545} INFO - Filling up the DagBag from /Users/evankrupa/airflow_project/env/lib/python3.11/site-packages/airflow/example_dags/example_short_circuit_operator.py
[2025-12-12T07:45:10.080-0500] {processor.py:840} INFO - DAG(s) 'example_short_circuit_operator' retrieved from /Users/evankrupa/airflow_project/env/lib/python3.11/site-packages/airflow/example_dags/example_short_circuit_operator.py
[2025-12-12T07:45:10.109-0500] {logging_mixin.py:188} INFO - [2025-12-12T07:45:10.109-0500] {dag.py:3096} INFO - Sync 1 DAGs
[2025-12-12T07:45:10.115-0500] {logging_mixin.py:188} INFO - [2025-12-12T07:45:10.114-0500] {dag.py:3954} INFO - Setting next_dagrun for example_short_circuit_operator to 2025-12-11 00:00:00+00:00, run_after=2025-12-12 00:00:00+00:00
[2025-12-12T07:45:10.120-0500] {processor.py:183} INFO - Processing /Users/evankrupa/airflow_project/env/lib/python3.11/site-packages/airflow/example_dags/example_short_circuit_operator.py took 0.052 seconds
[2025-12-12T07:46:35.708-0500] {processor.py:161} INFO - Started process (PID=59324) to work on /Users/evankrupa/airflow_project/env/lib/python3.11/site-packages/airflow/example_dags/example_short_circuit_operator.py
[2025-12-12T07:46:35.709-0500] {processor.py:830} INFO - Processing file /Users/evankrupa/airflow_project/env/lib/python3.11/site-packages/airflow/example_dags/example_short_circuit_operator.py for tasks to queue
[2025-12-12T07:46:35.709-0500] {logging_mixin.py:188} INFO - [2025-12-12T07:46:35.709-0500] {dagbag.py:545} INFO - Filling up the DagBag from /Users/evankrupa/airflow_project/env/lib/python3.11/site-packages/airflow/example_dags/example_short_circuit_operator.py
[2025-12-12T07:46:35.718-0500] {processor.py:840} INFO - DAG(s) 'example_short_circuit_operator' retrieved from /Users/evankrupa/airflow_project/env/lib/python3.11/site-packages/airflow/example_dags/example_short_circuit_operator.py
[2025-12-12T07:46:35.746-0500] {logging_mixin.py:188} INFO - [2025-12-12T07:46:35.746-0500] {dag.py:3096} INFO - Sync 1 DAGs
[2025-12-12T07:46:35.751-0500] {logging_mixin.py:188} INFO - [2025-12-12T07:46:35.751-0500] {dag.py:3954} INFO - Setting next_dagrun for example_short_circuit_operator to 2025-12-11 00:00:00+00:00, run_after=2025-12-12 00:00:00+00:00
[2025-12-12T07:46:35.757-0500] {processor.py:183} INFO - Processing /Users/evankrupa/airflow_project/env/lib/python3.11/site-packages/airflow/example_dags/example_short_circuit_operator.py took 0.049 seconds
[2025-12-12T07:47:58.275-0500] {processor.py:161} INFO - Started process (PID=59422) to work on /Users/evankrupa/airflow_project/env/lib/python3.11/site-packages/airflow/example_dags/example_short_circuit_operator.py
[2025-12-12T07:47:58.276-0500] {processor.py:830} INFO - Processing file /Users/evankrupa/airflow_project/env/lib/python3.11/site-packages/airflow/example_dags/example_short_circuit_operator.py for tasks to queue
[2025-12-12T07:47:58.276-0500] {logging_mixin.py:188} INFO - [2025-12-12T07:47:58.276-0500] {dagbag.py:545} INFO - Filling up the DagBag from /Users/evankrupa/airflow_project/env/lib/python3.11/site-packages/airflow/example_dags/example_short_circuit_operator.py
[2025-12-12T07:47:58.286-0500] {processor.py:840} INFO - DAG(s) 'example_short_circuit_operator' retrieved from /Users/evankrupa/airflow_project/env/lib/python3.11/site-packages/airflow/example_dags/example_short_circuit_operator.py
[2025-12-12T07:47:58.316-0500] {logging_mixin.py:188} INFO - [2025-12-12T07:47:58.316-0500] {dag.py:3096} INFO - Sync 1 DAGs
[2025-12-12T07:47:58.321-0500] {logging_mixin.py:188} INFO - [2025-12-12T07:47:58.321-0500] {dag.py:3954} INFO - Setting next_dagrun for example_short_circuit_operator to 2025-12-11 00:00:00+00:00, run_after=2025-12-12 00:00:00+00:00
[2025-12-12T07:47:58.326-0500] {processor.py:183} INFO - Processing /Users/evankrupa/airflow_project/env/lib/python3.11/site-packages/airflow/example_dags/example_short_circuit_operator.py took 0.052 seconds
[2025-12-12T07:49:26.386-0500] {processor.py:161} INFO - Started process (PID=59512) to work on /Users/evankrupa/airflow_project/env/lib/python3.11/site-packages/airflow/example_dags/example_short_circuit_operator.py
[2025-12-12T07:49:26.388-0500] {processor.py:830} INFO - Processing file /Users/evankrupa/airflow_project/env/lib/python3.11/site-packages/airflow/example_dags/example_short_circuit_operator.py for tasks to queue
[2025-12-12T07:49:26.388-0500] {logging_mixin.py:188} INFO - [2025-12-12T07:49:26.388-0500] {dagbag.py:545} INFO - Filling up the DagBag from /Users/evankrupa/airflow_project/env/lib/python3.11/site-packages/airflow/example_dags/example_short_circuit_operator.py
[2025-12-12T07:49:26.397-0500] {processor.py:840} INFO - DAG(s) 'example_short_circuit_operator' retrieved from /Users/evankrupa/airflow_project/env/lib/python3.11/site-packages/airflow/example_dags/example_short_circuit_operator.py
[2025-12-12T07:49:26.425-0500] {logging_mixin.py:188} INFO - [2025-12-12T07:49:26.425-0500] {dag.py:3096} INFO - Sync 1 DAGs
[2025-12-12T07:49:26.430-0500] {logging_mixin.py:188} INFO - [2025-12-12T07:49:26.430-0500] {dag.py:3954} INFO - Setting next_dagrun for example_short_circuit_operator to 2025-12-11 00:00:00+00:00, run_after=2025-12-12 00:00:00+00:00
[2025-12-12T07:49:26.435-0500] {processor.py:183} INFO - Processing /Users/evankrupa/airflow_project/env/lib/python3.11/site-packages/airflow/example_dags/example_short_circuit_operator.py took 0.049 seconds
[2025-12-12T07:50:52.084-0500] {processor.py:161} INFO - Started process (PID=59589) to work on /Users/evankrupa/airflow_project/env/lib/python3.11/site-packages/airflow/example_dags/example_short_circuit_operator.py
[2025-12-12T07:50:52.084-0500] {processor.py:830} INFO - Processing file /Users/evankrupa/airflow_project/env/lib/python3.11/site-packages/airflow/example_dags/example_short_circuit_operator.py for tasks to queue
[2025-12-12T07:50:52.084-0500] {logging_mixin.py:188} INFO - [2025-12-12T07:50:52.084-0500] {dagbag.py:545} INFO - Filling up the DagBag from /Users/evankrupa/airflow_project/env/lib/python3.11/site-packages/airflow/example_dags/example_short_circuit_operator.py
[2025-12-12T07:50:52.094-0500] {processor.py:840} INFO - DAG(s) 'example_short_circuit_operator' retrieved from /Users/evankrupa/airflow_project/env/lib/python3.11/site-packages/airflow/example_dags/example_short_circuit_operator.py
[2025-12-12T07:50:52.121-0500] {logging_mixin.py:188} INFO - [2025-12-12T07:50:52.121-0500] {dag.py:3096} INFO - Sync 1 DAGs
[2025-12-12T07:50:52.126-0500] {logging_mixin.py:188} INFO - [2025-12-12T07:50:52.126-0500] {dag.py:3954} INFO - Setting next_dagrun for example_short_circuit_operator to 2025-12-11 00:00:00+00:00, run_after=2025-12-12 00:00:00+00:00
[2025-12-12T07:50:52.131-0500] {processor.py:183} INFO - Processing /Users/evankrupa/airflow_project/env/lib/python3.11/site-packages/airflow/example_dags/example_short_circuit_operator.py took 0.048 seconds
[2025-12-12T07:52:17.762-0500] {processor.py:161} INFO - Started process (PID=59659) to work on /Users/evankrupa/airflow_project/env/lib/python3.11/site-packages/airflow/example_dags/example_short_circuit_operator.py
[2025-12-12T07:52:17.762-0500] {processor.py:830} INFO - Processing file /Users/evankrupa/airflow_project/env/lib/python3.11/site-packages/airflow/example_dags/example_short_circuit_operator.py for tasks to queue
[2025-12-12T07:52:17.762-0500] {logging_mixin.py:188} INFO - [2025-12-12T07:52:17.762-0500] {dagbag.py:545} INFO - Filling up the DagBag from /Users/evankrupa/airflow_project/env/lib/python3.11/site-packages/airflow/example_dags/example_short_circuit_operator.py
[2025-12-12T07:52:17.772-0500] {processor.py:840} INFO - DAG(s) 'example_short_circuit_operator' retrieved from /Users/evankrupa/airflow_project/env/lib/python3.11/site-packages/airflow/example_dags/example_short_circuit_operator.py
[2025-12-12T07:52:17.801-0500] {logging_mixin.py:188} INFO - [2025-12-12T07:52:17.801-0500] {dag.py:3096} INFO - Sync 1 DAGs
[2025-12-12T07:52:17.806-0500] {logging_mixin.py:188} INFO - [2025-12-12T07:52:17.806-0500] {dag.py:3954} INFO - Setting next_dagrun for example_short_circuit_operator to 2025-12-11 00:00:00+00:00, run_after=2025-12-12 00:00:00+00:00
[2025-12-12T07:52:17.812-0500] {processor.py:183} INFO - Processing /Users/evankrupa/airflow_project/env/lib/python3.11/site-packages/airflow/example_dags/example_short_circuit_operator.py took 0.051 seconds
[2025-12-12T07:53:40.299-0500] {processor.py:161} INFO - Started process (PID=59744) to work on /Users/evankrupa/airflow_project/env/lib/python3.11/site-packages/airflow/example_dags/example_short_circuit_operator.py
[2025-12-12T07:53:40.300-0500] {processor.py:830} INFO - Processing file /Users/evankrupa/airflow_project/env/lib/python3.11/site-packages/airflow/example_dags/example_short_circuit_operator.py for tasks to queue
[2025-12-12T07:53:40.300-0500] {logging_mixin.py:188} INFO - [2025-12-12T07:53:40.300-0500] {dagbag.py:545} INFO - Filling up the DagBag from /Users/evankrupa/airflow_project/env/lib/python3.11/site-packages/airflow/example_dags/example_short_circuit_operator.py
[2025-12-12T07:53:40.309-0500] {processor.py:840} INFO - DAG(s) 'example_short_circuit_operator' retrieved from /Users/evankrupa/airflow_project/env/lib/python3.11/site-packages/airflow/example_dags/example_short_circuit_operator.py
[2025-12-12T07:53:40.337-0500] {logging_mixin.py:188} INFO - [2025-12-12T07:53:40.337-0500] {dag.py:3096} INFO - Sync 1 DAGs
[2025-12-12T07:53:40.342-0500] {logging_mixin.py:188} INFO - [2025-12-12T07:53:40.342-0500] {dag.py:3954} INFO - Setting next_dagrun for example_short_circuit_operator to 2025-12-11 00:00:00+00:00, run_after=2025-12-12 00:00:00+00:00
[2025-12-12T07:53:40.347-0500] {processor.py:183} INFO - Processing /Users/evankrupa/airflow_project/env/lib/python3.11/site-packages/airflow/example_dags/example_short_circuit_operator.py took 0.049 seconds
[2025-12-12T07:55:02.468-0500] {processor.py:161} INFO - Started process (PID=59818) to work on /Users/evankrupa/airflow_project/env/lib/python3.11/site-packages/airflow/example_dags/example_short_circuit_operator.py
[2025-12-12T07:55:02.468-0500] {processor.py:830} INFO - Processing file /Users/evankrupa/airflow_project/env/lib/python3.11/site-packages/airflow/example_dags/example_short_circuit_operator.py for tasks to queue
[2025-12-12T07:55:02.468-0500] {logging_mixin.py:188} INFO - [2025-12-12T07:55:02.468-0500] {dagbag.py:545} INFO - Filling up the DagBag from /Users/evankrupa/airflow_project/env/lib/python3.11/site-packages/airflow/example_dags/example_short_circuit_operator.py
[2025-12-12T07:55:02.478-0500] {processor.py:840} INFO - DAG(s) 'example_short_circuit_operator' retrieved from /Users/evankrupa/airflow_project/env/lib/python3.11/site-packages/airflow/example_dags/example_short_circuit_operator.py
[2025-12-12T07:55:02.506-0500] {logging_mixin.py:188} INFO - [2025-12-12T07:55:02.506-0500] {dag.py:3096} INFO - Sync 1 DAGs
[2025-12-12T07:55:02.512-0500] {logging_mixin.py:188} INFO - [2025-12-12T07:55:02.512-0500] {dag.py:3954} INFO - Setting next_dagrun for example_short_circuit_operator to 2025-12-11 00:00:00+00:00, run_after=2025-12-12 00:00:00+00:00
[2025-12-12T07:55:02.517-0500] {processor.py:183} INFO - Processing /Users/evankrupa/airflow_project/env/lib/python3.11/site-packages/airflow/example_dags/example_short_circuit_operator.py took 0.050 seconds
[2025-12-12T07:56:28.747-0500] {processor.py:161} INFO - Started process (PID=59898) to work on /Users/evankrupa/airflow_project/env/lib/python3.11/site-packages/airflow/example_dags/example_short_circuit_operator.py
[2025-12-12T07:56:28.748-0500] {processor.py:830} INFO - Processing file /Users/evankrupa/airflow_project/env/lib/python3.11/site-packages/airflow/example_dags/example_short_circuit_operator.py for tasks to queue
[2025-12-12T07:56:28.748-0500] {logging_mixin.py:188} INFO - [2025-12-12T07:56:28.748-0500] {dagbag.py:545} INFO - Filling up the DagBag from /Users/evankrupa/airflow_project/env/lib/python3.11/site-packages/airflow/example_dags/example_short_circuit_operator.py
[2025-12-12T07:56:28.758-0500] {processor.py:840} INFO - DAG(s) 'example_short_circuit_operator' retrieved from /Users/evankrupa/airflow_project/env/lib/python3.11/site-packages/airflow/example_dags/example_short_circuit_operator.py
[2025-12-12T07:56:28.786-0500] {logging_mixin.py:188} INFO - [2025-12-12T07:56:28.786-0500] {dag.py:3096} INFO - Sync 1 DAGs
[2025-12-12T07:56:28.791-0500] {logging_mixin.py:188} INFO - [2025-12-12T07:56:28.791-0500] {dag.py:3954} INFO - Setting next_dagrun for example_short_circuit_operator to 2025-12-11 00:00:00+00:00, run_after=2025-12-12 00:00:00+00:00
[2025-12-12T07:56:28.797-0500] {processor.py:183} INFO - Processing /Users/evankrupa/airflow_project/env/lib/python3.11/site-packages/airflow/example_dags/example_short_circuit_operator.py took 0.050 seconds
[2025-12-12T07:57:54.072-0500] {processor.py:161} INFO - Started process (PID=60420) to work on /Users/evankrupa/airflow_project/env/lib/python3.11/site-packages/airflow/example_dags/example_short_circuit_operator.py
[2025-12-12T07:57:54.073-0500] {processor.py:830} INFO - Processing file /Users/evankrupa/airflow_project/env/lib/python3.11/site-packages/airflow/example_dags/example_short_circuit_operator.py for tasks to queue
[2025-12-12T07:57:54.073-0500] {logging_mixin.py:188} INFO - [2025-12-12T07:57:54.073-0500] {dagbag.py:545} INFO - Filling up the DagBag from /Users/evankrupa/airflow_project/env/lib/python3.11/site-packages/airflow/example_dags/example_short_circuit_operator.py
[2025-12-12T07:57:54.083-0500] {processor.py:840} INFO - DAG(s) 'example_short_circuit_operator' retrieved from /Users/evankrupa/airflow_project/env/lib/python3.11/site-packages/airflow/example_dags/example_short_circuit_operator.py
[2025-12-12T07:57:54.111-0500] {logging_mixin.py:188} INFO - [2025-12-12T07:57:54.111-0500] {dag.py:3096} INFO - Sync 1 DAGs
[2025-12-12T07:57:54.116-0500] {logging_mixin.py:188} INFO - [2025-12-12T07:57:54.116-0500] {dag.py:3954} INFO - Setting next_dagrun for example_short_circuit_operator to 2025-12-11 00:00:00+00:00, run_after=2025-12-12 00:00:00+00:00
[2025-12-12T07:57:54.121-0500] {processor.py:183} INFO - Processing /Users/evankrupa/airflow_project/env/lib/python3.11/site-packages/airflow/example_dags/example_short_circuit_operator.py took 0.050 seconds
[2025-12-12T07:59:19.880-0500] {processor.py:161} INFO - Started process (PID=62658) to work on /Users/evankrupa/airflow_project/env/lib/python3.11/site-packages/airflow/example_dags/example_short_circuit_operator.py
[2025-12-12T07:59:19.880-0500] {processor.py:830} INFO - Processing file /Users/evankrupa/airflow_project/env/lib/python3.11/site-packages/airflow/example_dags/example_short_circuit_operator.py for tasks to queue
[2025-12-12T07:59:19.881-0500] {logging_mixin.py:188} INFO - [2025-12-12T07:59:19.880-0500] {dagbag.py:545} INFO - Filling up the DagBag from /Users/evankrupa/airflow_project/env/lib/python3.11/site-packages/airflow/example_dags/example_short_circuit_operator.py
[2025-12-12T07:59:19.890-0500] {processor.py:840} INFO - DAG(s) 'example_short_circuit_operator' retrieved from /Users/evankrupa/airflow_project/env/lib/python3.11/site-packages/airflow/example_dags/example_short_circuit_operator.py
[2025-12-12T07:59:19.918-0500] {logging_mixin.py:188} INFO - [2025-12-12T07:59:19.918-0500] {dag.py:3096} INFO - Sync 1 DAGs
[2025-12-12T07:59:19.924-0500] {logging_mixin.py:188} INFO - [2025-12-12T07:59:19.924-0500] {dag.py:3954} INFO - Setting next_dagrun for example_short_circuit_operator to 2025-12-11 00:00:00+00:00, run_after=2025-12-12 00:00:00+00:00
[2025-12-12T07:59:19.930-0500] {processor.py:183} INFO - Processing /Users/evankrupa/airflow_project/env/lib/python3.11/site-packages/airflow/example_dags/example_short_circuit_operator.py took 0.051 seconds
[2025-12-12T08:00:41.542-0500] {processor.py:161} INFO - Started process (PID=62776) to work on /Users/evankrupa/airflow_project/env/lib/python3.11/site-packages/airflow/example_dags/example_short_circuit_operator.py
[2025-12-12T08:00:41.543-0500] {processor.py:830} INFO - Processing file /Users/evankrupa/airflow_project/env/lib/python3.11/site-packages/airflow/example_dags/example_short_circuit_operator.py for tasks to queue
[2025-12-12T08:00:41.543-0500] {logging_mixin.py:188} INFO - [2025-12-12T08:00:41.543-0500] {dagbag.py:545} INFO - Filling up the DagBag from /Users/evankrupa/airflow_project/env/lib/python3.11/site-packages/airflow/example_dags/example_short_circuit_operator.py
[2025-12-12T08:00:41.552-0500] {processor.py:840} INFO - DAG(s) 'example_short_circuit_operator' retrieved from /Users/evankrupa/airflow_project/env/lib/python3.11/site-packages/airflow/example_dags/example_short_circuit_operator.py
[2025-12-12T08:00:41.580-0500] {logging_mixin.py:188} INFO - [2025-12-12T08:00:41.580-0500] {dag.py:3096} INFO - Sync 1 DAGs
[2025-12-12T08:00:41.585-0500] {logging_mixin.py:188} INFO - [2025-12-12T08:00:41.585-0500] {dag.py:3954} INFO - Setting next_dagrun for example_short_circuit_operator to 2025-12-11 00:00:00+00:00, run_after=2025-12-12 00:00:00+00:00
[2025-12-12T08:00:41.590-0500] {processor.py:183} INFO - Processing /Users/evankrupa/airflow_project/env/lib/python3.11/site-packages/airflow/example_dags/example_short_circuit_operator.py took 0.049 seconds
[2025-12-12T08:02:05.537-0500] {processor.py:161} INFO - Started process (PID=62842) to work on /Users/evankrupa/airflow_project/env/lib/python3.11/site-packages/airflow/example_dags/example_short_circuit_operator.py
[2025-12-12T08:02:05.538-0500] {processor.py:830} INFO - Processing file /Users/evankrupa/airflow_project/env/lib/python3.11/site-packages/airflow/example_dags/example_short_circuit_operator.py for tasks to queue
[2025-12-12T08:02:05.538-0500] {logging_mixin.py:188} INFO - [2025-12-12T08:02:05.538-0500] {dagbag.py:545} INFO - Filling up the DagBag from /Users/evankrupa/airflow_project/env/lib/python3.11/site-packages/airflow/example_dags/example_short_circuit_operator.py
[2025-12-12T08:02:05.547-0500] {processor.py:840} INFO - DAG(s) 'example_short_circuit_operator' retrieved from /Users/evankrupa/airflow_project/env/lib/python3.11/site-packages/airflow/example_dags/example_short_circuit_operator.py
[2025-12-12T08:02:05.575-0500] {logging_mixin.py:188} INFO - [2025-12-12T08:02:05.575-0500] {dag.py:3096} INFO - Sync 1 DAGs
[2025-12-12T08:02:05.580-0500] {logging_mixin.py:188} INFO - [2025-12-12T08:02:05.580-0500] {dag.py:3954} INFO - Setting next_dagrun for example_short_circuit_operator to 2025-12-11 00:00:00+00:00, run_after=2025-12-12 00:00:00+00:00
[2025-12-12T08:02:05.585-0500] {processor.py:183} INFO - Processing /Users/evankrupa/airflow_project/env/lib/python3.11/site-packages/airflow/example_dags/example_short_circuit_operator.py took 0.049 seconds
[2025-12-12T08:03:30.843-0500] {processor.py:161} INFO - Started process (PID=62910) to work on /Users/evankrupa/airflow_project/env/lib/python3.11/site-packages/airflow/example_dags/example_short_circuit_operator.py
[2025-12-12T08:03:30.844-0500] {processor.py:830} INFO - Processing file /Users/evankrupa/airflow_project/env/lib/python3.11/site-packages/airflow/example_dags/example_short_circuit_operator.py for tasks to queue
[2025-12-12T08:03:30.844-0500] {logging_mixin.py:188} INFO - [2025-12-12T08:03:30.844-0500] {dagbag.py:545} INFO - Filling up the DagBag from /Users/evankrupa/airflow_project/env/lib/python3.11/site-packages/airflow/example_dags/example_short_circuit_operator.py
[2025-12-12T08:03:30.854-0500] {processor.py:840} INFO - DAG(s) 'example_short_circuit_operator' retrieved from /Users/evankrupa/airflow_project/env/lib/python3.11/site-packages/airflow/example_dags/example_short_circuit_operator.py
[2025-12-12T08:03:30.881-0500] {logging_mixin.py:188} INFO - [2025-12-12T08:03:30.881-0500] {dag.py:3096} INFO - Sync 1 DAGs
[2025-12-12T08:03:30.886-0500] {logging_mixin.py:188} INFO - [2025-12-12T08:03:30.886-0500] {dag.py:3954} INFO - Setting next_dagrun for example_short_circuit_operator to 2025-12-11 00:00:00+00:00, run_after=2025-12-12 00:00:00+00:00
[2025-12-12T08:03:30.891-0500] {processor.py:183} INFO - Processing /Users/evankrupa/airflow_project/env/lib/python3.11/site-packages/airflow/example_dags/example_short_circuit_operator.py took 0.049 seconds
[2025-12-12T08:04:54.323-0500] {processor.py:161} INFO - Started process (PID=63061) to work on /Users/evankrupa/airflow_project/env/lib/python3.11/site-packages/airflow/example_dags/example_short_circuit_operator.py
[2025-12-12T08:04:54.324-0500] {processor.py:830} INFO - Processing file /Users/evankrupa/airflow_project/env/lib/python3.11/site-packages/airflow/example_dags/example_short_circuit_operator.py for tasks to queue
[2025-12-12T08:04:54.324-0500] {logging_mixin.py:188} INFO - [2025-12-12T08:04:54.324-0500] {dagbag.py:545} INFO - Filling up the DagBag from /Users/evankrupa/airflow_project/env/lib/python3.11/site-packages/airflow/example_dags/example_short_circuit_operator.py
[2025-12-12T08:04:54.334-0500] {processor.py:840} INFO - DAG(s) 'example_short_circuit_operator' retrieved from /Users/evankrupa/airflow_project/env/lib/python3.11/site-packages/airflow/example_dags/example_short_circuit_operator.py
[2025-12-12T08:04:54.361-0500] {logging_mixin.py:188} INFO - [2025-12-12T08:04:54.361-0500] {dag.py:3096} INFO - Sync 1 DAGs
[2025-12-12T08:04:54.366-0500] {logging_mixin.py:188} INFO - [2025-12-12T08:04:54.366-0500] {dag.py:3954} INFO - Setting next_dagrun for example_short_circuit_operator to 2025-12-11 00:00:00+00:00, run_after=2025-12-12 00:00:00+00:00
[2025-12-12T08:04:54.371-0500] {processor.py:183} INFO - Processing /Users/evankrupa/airflow_project/env/lib/python3.11/site-packages/airflow/example_dags/example_short_circuit_operator.py took 0.049 seconds
[2025-12-12T08:06:19.088-0500] {processor.py:161} INFO - Started process (PID=63134) to work on /Users/evankrupa/airflow_project/env/lib/python3.11/site-packages/airflow/example_dags/example_short_circuit_operator.py
[2025-12-12T08:06:19.089-0500] {processor.py:830} INFO - Processing file /Users/evankrupa/airflow_project/env/lib/python3.11/site-packages/airflow/example_dags/example_short_circuit_operator.py for tasks to queue
[2025-12-12T08:06:19.089-0500] {logging_mixin.py:188} INFO - [2025-12-12T08:06:19.089-0500] {dagbag.py:545} INFO - Filling up the DagBag from /Users/evankrupa/airflow_project/env/lib/python3.11/site-packages/airflow/example_dags/example_short_circuit_operator.py
[2025-12-12T08:06:19.098-0500] {processor.py:840} INFO - DAG(s) 'example_short_circuit_operator' retrieved from /Users/evankrupa/airflow_project/env/lib/python3.11/site-packages/airflow/example_dags/example_short_circuit_operator.py
[2025-12-12T08:06:19.126-0500] {logging_mixin.py:188} INFO - [2025-12-12T08:06:19.126-0500] {dag.py:3096} INFO - Sync 1 DAGs
[2025-12-12T08:06:19.132-0500] {logging_mixin.py:188} INFO - [2025-12-12T08:06:19.131-0500] {dag.py:3954} INFO - Setting next_dagrun for example_short_circuit_operator to 2025-12-11 00:00:00+00:00, run_after=2025-12-12 00:00:00+00:00
[2025-12-12T08:06:19.137-0500] {processor.py:183} INFO - Processing /Users/evankrupa/airflow_project/env/lib/python3.11/site-packages/airflow/example_dags/example_short_circuit_operator.py took 0.050 seconds
[2025-12-12T08:07:48.640-0500] {processor.py:161} INFO - Started process (PID=63661) to work on /Users/evankrupa/airflow_project/env/lib/python3.11/site-packages/airflow/example_dags/example_short_circuit_operator.py
[2025-12-12T08:07:48.641-0500] {processor.py:830} INFO - Processing file /Users/evankrupa/airflow_project/env/lib/python3.11/site-packages/airflow/example_dags/example_short_circuit_operator.py for tasks to queue
[2025-12-12T08:07:48.641-0500] {logging_mixin.py:188} INFO - [2025-12-12T08:07:48.641-0500] {dagbag.py:545} INFO - Filling up the DagBag from /Users/evankrupa/airflow_project/env/lib/python3.11/site-packages/airflow/example_dags/example_short_circuit_operator.py
[2025-12-12T08:07:48.650-0500] {processor.py:840} INFO - DAG(s) 'example_short_circuit_operator' retrieved from /Users/evankrupa/airflow_project/env/lib/python3.11/site-packages/airflow/example_dags/example_short_circuit_operator.py
[2025-12-12T08:07:48.678-0500] {logging_mixin.py:188} INFO - [2025-12-12T08:07:48.678-0500] {dag.py:3096} INFO - Sync 1 DAGs
[2025-12-12T08:07:48.683-0500] {logging_mixin.py:188} INFO - [2025-12-12T08:07:48.683-0500] {dag.py:3954} INFO - Setting next_dagrun for example_short_circuit_operator to 2025-12-11 00:00:00+00:00, run_after=2025-12-12 00:00:00+00:00
[2025-12-12T08:07:48.688-0500] {processor.py:183} INFO - Processing /Users/evankrupa/airflow_project/env/lib/python3.11/site-packages/airflow/example_dags/example_short_circuit_operator.py took 0.049 seconds
[2025-12-12T08:09:13.557-0500] {processor.py:161} INFO - Started process (PID=63726) to work on /Users/evankrupa/airflow_project/env/lib/python3.11/site-packages/airflow/example_dags/example_short_circuit_operator.py
[2025-12-12T08:09:13.557-0500] {processor.py:830} INFO - Processing file /Users/evankrupa/airflow_project/env/lib/python3.11/site-packages/airflow/example_dags/example_short_circuit_operator.py for tasks to queue
[2025-12-12T08:09:13.558-0500] {logging_mixin.py:188} INFO - [2025-12-12T08:09:13.558-0500] {dagbag.py:545} INFO - Filling up the DagBag from /Users/evankrupa/airflow_project/env/lib/python3.11/site-packages/airflow/example_dags/example_short_circuit_operator.py
[2025-12-12T08:09:13.567-0500] {processor.py:840} INFO - DAG(s) 'example_short_circuit_operator' retrieved from /Users/evankrupa/airflow_project/env/lib/python3.11/site-packages/airflow/example_dags/example_short_circuit_operator.py
[2025-12-12T08:09:13.600-0500] {logging_mixin.py:188} INFO - [2025-12-12T08:09:13.600-0500] {dag.py:3096} INFO - Sync 1 DAGs
[2025-12-12T08:09:13.606-0500] {logging_mixin.py:188} INFO - [2025-12-12T08:09:13.606-0500] {dag.py:3954} INFO - Setting next_dagrun for example_short_circuit_operator to 2025-12-11 00:00:00+00:00, run_after=2025-12-12 00:00:00+00:00
[2025-12-12T08:09:13.611-0500] {processor.py:183} INFO - Processing /Users/evankrupa/airflow_project/env/lib/python3.11/site-packages/airflow/example_dags/example_short_circuit_operator.py took 0.055 seconds
[2025-12-12T08:10:40.881-0500] {processor.py:161} INFO - Started process (PID=63798) to work on /Users/evankrupa/airflow_project/env/lib/python3.11/site-packages/airflow/example_dags/example_short_circuit_operator.py
[2025-12-12T08:10:40.882-0500] {processor.py:830} INFO - Processing file /Users/evankrupa/airflow_project/env/lib/python3.11/site-packages/airflow/example_dags/example_short_circuit_operator.py for tasks to queue
[2025-12-12T08:10:40.882-0500] {logging_mixin.py:188} INFO - [2025-12-12T08:10:40.882-0500] {dagbag.py:545} INFO - Filling up the DagBag from /Users/evankrupa/airflow_project/env/lib/python3.11/site-packages/airflow/example_dags/example_short_circuit_operator.py
[2025-12-12T08:10:40.892-0500] {processor.py:840} INFO - DAG(s) 'example_short_circuit_operator' retrieved from /Users/evankrupa/airflow_project/env/lib/python3.11/site-packages/airflow/example_dags/example_short_circuit_operator.py
[2025-12-12T08:10:40.922-0500] {logging_mixin.py:188} INFO - [2025-12-12T08:10:40.922-0500] {dag.py:3096} INFO - Sync 1 DAGs
[2025-12-12T08:10:40.927-0500] {logging_mixin.py:188} INFO - [2025-12-12T08:10:40.927-0500] {dag.py:3954} INFO - Setting next_dagrun for example_short_circuit_operator to 2025-12-11 00:00:00+00:00, run_after=2025-12-12 00:00:00+00:00
[2025-12-12T08:10:40.932-0500] {processor.py:183} INFO - Processing /Users/evankrupa/airflow_project/env/lib/python3.11/site-packages/airflow/example_dags/example_short_circuit_operator.py took 0.052 seconds
[2025-12-12T08:12:07.570-0500] {processor.py:161} INFO - Started process (PID=63865) to work on /Users/evankrupa/airflow_project/env/lib/python3.11/site-packages/airflow/example_dags/example_short_circuit_operator.py
[2025-12-12T08:12:07.571-0500] {processor.py:830} INFO - Processing file /Users/evankrupa/airflow_project/env/lib/python3.11/site-packages/airflow/example_dags/example_short_circuit_operator.py for tasks to queue
[2025-12-12T08:12:07.571-0500] {logging_mixin.py:188} INFO - [2025-12-12T08:12:07.571-0500] {dagbag.py:545} INFO - Filling up the DagBag from /Users/evankrupa/airflow_project/env/lib/python3.11/site-packages/airflow/example_dags/example_short_circuit_operator.py
[2025-12-12T08:12:07.580-0500] {processor.py:840} INFO - DAG(s) 'example_short_circuit_operator' retrieved from /Users/evankrupa/airflow_project/env/lib/python3.11/site-packages/airflow/example_dags/example_short_circuit_operator.py
[2025-12-12T08:12:07.608-0500] {logging_mixin.py:188} INFO - [2025-12-12T08:12:07.608-0500] {dag.py:3096} INFO - Sync 1 DAGs
[2025-12-12T08:12:07.613-0500] {logging_mixin.py:188} INFO - [2025-12-12T08:12:07.613-0500] {dag.py:3954} INFO - Setting next_dagrun for example_short_circuit_operator to 2025-12-11 00:00:00+00:00, run_after=2025-12-12 00:00:00+00:00
[2025-12-12T08:12:07.618-0500] {processor.py:183} INFO - Processing /Users/evankrupa/airflow_project/env/lib/python3.11/site-packages/airflow/example_dags/example_short_circuit_operator.py took 0.049 seconds
[2025-12-12T08:13:30.988-0500] {processor.py:161} INFO - Started process (PID=63932) to work on /Users/evankrupa/airflow_project/env/lib/python3.11/site-packages/airflow/example_dags/example_short_circuit_operator.py
[2025-12-12T08:13:30.989-0500] {processor.py:830} INFO - Processing file /Users/evankrupa/airflow_project/env/lib/python3.11/site-packages/airflow/example_dags/example_short_circuit_operator.py for tasks to queue
[2025-12-12T08:13:30.989-0500] {logging_mixin.py:188} INFO - [2025-12-12T08:13:30.989-0500] {dagbag.py:545} INFO - Filling up the DagBag from /Users/evankrupa/airflow_project/env/lib/python3.11/site-packages/airflow/example_dags/example_short_circuit_operator.py
[2025-12-12T08:13:30.998-0500] {processor.py:840} INFO - DAG(s) 'example_short_circuit_operator' retrieved from /Users/evankrupa/airflow_project/env/lib/python3.11/site-packages/airflow/example_dags/example_short_circuit_operator.py
[2025-12-12T08:13:31.029-0500] {logging_mixin.py:188} INFO - [2025-12-12T08:13:31.029-0500] {dag.py:3096} INFO - Sync 1 DAGs
[2025-12-12T08:13:31.034-0500] {logging_mixin.py:188} INFO - [2025-12-12T08:13:31.034-0500] {dag.py:3954} INFO - Setting next_dagrun for example_short_circuit_operator to 2025-12-11 00:00:00+00:00, run_after=2025-12-12 00:00:00+00:00
[2025-12-12T08:13:31.039-0500] {processor.py:183} INFO - Processing /Users/evankrupa/airflow_project/env/lib/python3.11/site-packages/airflow/example_dags/example_short_circuit_operator.py took 0.053 seconds
[2025-12-12T08:14:55.746-0500] {processor.py:161} INFO - Started process (PID=64001) to work on /Users/evankrupa/airflow_project/env/lib/python3.11/site-packages/airflow/example_dags/example_short_circuit_operator.py
[2025-12-12T08:14:55.747-0500] {processor.py:830} INFO - Processing file /Users/evankrupa/airflow_project/env/lib/python3.11/site-packages/airflow/example_dags/example_short_circuit_operator.py for tasks to queue
[2025-12-12T08:14:55.748-0500] {logging_mixin.py:188} INFO - [2025-12-12T08:14:55.748-0500] {dagbag.py:545} INFO - Filling up the DagBag from /Users/evankrupa/airflow_project/env/lib/python3.11/site-packages/airflow/example_dags/example_short_circuit_operator.py
[2025-12-12T08:14:55.757-0500] {processor.py:840} INFO - DAG(s) 'example_short_circuit_operator' retrieved from /Users/evankrupa/airflow_project/env/lib/python3.11/site-packages/airflow/example_dags/example_short_circuit_operator.py
[2025-12-12T08:14:55.785-0500] {logging_mixin.py:188} INFO - [2025-12-12T08:14:55.785-0500] {dag.py:3096} INFO - Sync 1 DAGs
[2025-12-12T08:14:55.791-0500] {logging_mixin.py:188} INFO - [2025-12-12T08:14:55.790-0500] {dag.py:3954} INFO - Setting next_dagrun for example_short_circuit_operator to 2025-12-11 00:00:00+00:00, run_after=2025-12-12 00:00:00+00:00
[2025-12-12T08:14:55.796-0500] {processor.py:183} INFO - Processing /Users/evankrupa/airflow_project/env/lib/python3.11/site-packages/airflow/example_dags/example_short_circuit_operator.py took 0.050 seconds
[2025-12-12T08:16:15.637-0500] {processor.py:161} INFO - Started process (PID=64073) to work on /Users/evankrupa/airflow_project/env/lib/python3.11/site-packages/airflow/example_dags/example_short_circuit_operator.py
[2025-12-12T08:16:15.638-0500] {processor.py:830} INFO - Processing file /Users/evankrupa/airflow_project/env/lib/python3.11/site-packages/airflow/example_dags/example_short_circuit_operator.py for tasks to queue
[2025-12-12T08:16:15.638-0500] {logging_mixin.py:188} INFO - [2025-12-12T08:16:15.638-0500] {dagbag.py:545} INFO - Filling up the DagBag from /Users/evankrupa/airflow_project/env/lib/python3.11/site-packages/airflow/example_dags/example_short_circuit_operator.py
[2025-12-12T08:16:15.647-0500] {processor.py:840} INFO - DAG(s) 'example_short_circuit_operator' retrieved from /Users/evankrupa/airflow_project/env/lib/python3.11/site-packages/airflow/example_dags/example_short_circuit_operator.py
[2025-12-12T08:16:15.675-0500] {logging_mixin.py:188} INFO - [2025-12-12T08:16:15.675-0500] {dag.py:3096} INFO - Sync 1 DAGs
[2025-12-12T08:16:15.680-0500] {logging_mixin.py:188} INFO - [2025-12-12T08:16:15.680-0500] {dag.py:3954} INFO - Setting next_dagrun for example_short_circuit_operator to 2025-12-11 00:00:00+00:00, run_after=2025-12-12 00:00:00+00:00
[2025-12-12T08:16:15.685-0500] {processor.py:183} INFO - Processing /Users/evankrupa/airflow_project/env/lib/python3.11/site-packages/airflow/example_dags/example_short_circuit_operator.py took 0.049 seconds
[2025-12-12T08:17:42.652-0500] {processor.py:161} INFO - Started process (PID=64141) to work on /Users/evankrupa/airflow_project/env/lib/python3.11/site-packages/airflow/example_dags/example_short_circuit_operator.py
[2025-12-12T08:17:42.654-0500] {processor.py:830} INFO - Processing file /Users/evankrupa/airflow_project/env/lib/python3.11/site-packages/airflow/example_dags/example_short_circuit_operator.py for tasks to queue
[2025-12-12T08:17:42.654-0500] {logging_mixin.py:188} INFO - [2025-12-12T08:17:42.654-0500] {dagbag.py:545} INFO - Filling up the DagBag from /Users/evankrupa/airflow_project/env/lib/python3.11/site-packages/airflow/example_dags/example_short_circuit_operator.py
[2025-12-12T08:17:42.663-0500] {processor.py:840} INFO - DAG(s) 'example_short_circuit_operator' retrieved from /Users/evankrupa/airflow_project/env/lib/python3.11/site-packages/airflow/example_dags/example_short_circuit_operator.py
[2025-12-12T08:17:42.691-0500] {logging_mixin.py:188} INFO - [2025-12-12T08:17:42.690-0500] {dag.py:3096} INFO - Sync 1 DAGs
[2025-12-12T08:17:42.695-0500] {logging_mixin.py:188} INFO - [2025-12-12T08:17:42.695-0500] {dag.py:3954} INFO - Setting next_dagrun for example_short_circuit_operator to 2025-12-11 00:00:00+00:00, run_after=2025-12-12 00:00:00+00:00
[2025-12-12T08:17:42.701-0500] {processor.py:183} INFO - Processing /Users/evankrupa/airflow_project/env/lib/python3.11/site-packages/airflow/example_dags/example_short_circuit_operator.py took 0.049 seconds
[2025-12-12T08:19:04.397-0500] {processor.py:161} INFO - Started process (PID=64209) to work on /Users/evankrupa/airflow_project/env/lib/python3.11/site-packages/airflow/example_dags/example_short_circuit_operator.py
[2025-12-12T08:19:04.398-0500] {processor.py:830} INFO - Processing file /Users/evankrupa/airflow_project/env/lib/python3.11/site-packages/airflow/example_dags/example_short_circuit_operator.py for tasks to queue
[2025-12-12T08:19:04.398-0500] {logging_mixin.py:188} INFO - [2025-12-12T08:19:04.398-0500] {dagbag.py:545} INFO - Filling up the DagBag from /Users/evankrupa/airflow_project/env/lib/python3.11/site-packages/airflow/example_dags/example_short_circuit_operator.py
[2025-12-12T08:19:04.407-0500] {processor.py:840} INFO - DAG(s) 'example_short_circuit_operator' retrieved from /Users/evankrupa/airflow_project/env/lib/python3.11/site-packages/airflow/example_dags/example_short_circuit_operator.py
[2025-12-12T08:19:04.435-0500] {logging_mixin.py:188} INFO - [2025-12-12T08:19:04.435-0500] {dag.py:3096} INFO - Sync 1 DAGs
[2025-12-12T08:19:04.440-0500] {logging_mixin.py:188} INFO - [2025-12-12T08:19:04.440-0500] {dag.py:3954} INFO - Setting next_dagrun for example_short_circuit_operator to 2025-12-11 00:00:00+00:00, run_after=2025-12-12 00:00:00+00:00
[2025-12-12T08:19:04.446-0500] {processor.py:183} INFO - Processing /Users/evankrupa/airflow_project/env/lib/python3.11/site-packages/airflow/example_dags/example_short_circuit_operator.py took 0.049 seconds
[2025-12-12T08:20:30.607-0500] {processor.py:161} INFO - Started process (PID=64277) to work on /Users/evankrupa/airflow_project/env/lib/python3.11/site-packages/airflow/example_dags/example_short_circuit_operator.py
[2025-12-12T08:20:30.609-0500] {processor.py:830} INFO - Processing file /Users/evankrupa/airflow_project/env/lib/python3.11/site-packages/airflow/example_dags/example_short_circuit_operator.py for tasks to queue
[2025-12-12T08:20:30.609-0500] {logging_mixin.py:188} INFO - [2025-12-12T08:20:30.609-0500] {dagbag.py:545} INFO - Filling up the DagBag from /Users/evankrupa/airflow_project/env/lib/python3.11/site-packages/airflow/example_dags/example_short_circuit_operator.py
[2025-12-12T08:20:30.618-0500] {processor.py:840} INFO - DAG(s) 'example_short_circuit_operator' retrieved from /Users/evankrupa/airflow_project/env/lib/python3.11/site-packages/airflow/example_dags/example_short_circuit_operator.py
[2025-12-12T08:20:30.646-0500] {logging_mixin.py:188} INFO - [2025-12-12T08:20:30.646-0500] {dag.py:3096} INFO - Sync 1 DAGs
[2025-12-12T08:20:30.651-0500] {logging_mixin.py:188} INFO - [2025-12-12T08:20:30.651-0500] {dag.py:3954} INFO - Setting next_dagrun for example_short_circuit_operator to 2025-12-11 00:00:00+00:00, run_after=2025-12-12 00:00:00+00:00
[2025-12-12T08:20:30.656-0500] {processor.py:183} INFO - Processing /Users/evankrupa/airflow_project/env/lib/python3.11/site-packages/airflow/example_dags/example_short_circuit_operator.py took 0.049 seconds
[2025-12-12T08:21:53.854-0500] {processor.py:161} INFO - Started process (PID=64344) to work on /Users/evankrupa/airflow_project/env/lib/python3.11/site-packages/airflow/example_dags/example_short_circuit_operator.py
[2025-12-12T08:21:53.855-0500] {processor.py:830} INFO - Processing file /Users/evankrupa/airflow_project/env/lib/python3.11/site-packages/airflow/example_dags/example_short_circuit_operator.py for tasks to queue
[2025-12-12T08:21:53.855-0500] {logging_mixin.py:188} INFO - [2025-12-12T08:21:53.855-0500] {dagbag.py:545} INFO - Filling up the DagBag from /Users/evankrupa/airflow_project/env/lib/python3.11/site-packages/airflow/example_dags/example_short_circuit_operator.py
[2025-12-12T08:21:53.867-0500] {processor.py:840} INFO - DAG(s) 'example_short_circuit_operator' retrieved from /Users/evankrupa/airflow_project/env/lib/python3.11/site-packages/airflow/example_dags/example_short_circuit_operator.py
[2025-12-12T08:21:53.897-0500] {logging_mixin.py:188} INFO - [2025-12-12T08:21:53.896-0500] {dag.py:3096} INFO - Sync 1 DAGs
[2025-12-12T08:21:53.902-0500] {logging_mixin.py:188} INFO - [2025-12-12T08:21:53.902-0500] {dag.py:3954} INFO - Setting next_dagrun for example_short_circuit_operator to 2025-12-11 00:00:00+00:00, run_after=2025-12-12 00:00:00+00:00
[2025-12-12T08:21:53.907-0500] {processor.py:183} INFO - Processing /Users/evankrupa/airflow_project/env/lib/python3.11/site-packages/airflow/example_dags/example_short_circuit_operator.py took 0.054 seconds
[2025-12-12T08:23:19.675-0500] {processor.py:161} INFO - Started process (PID=64409) to work on /Users/evankrupa/airflow_project/env/lib/python3.11/site-packages/airflow/example_dags/example_short_circuit_operator.py
[2025-12-12T08:23:19.675-0500] {processor.py:830} INFO - Processing file /Users/evankrupa/airflow_project/env/lib/python3.11/site-packages/airflow/example_dags/example_short_circuit_operator.py for tasks to queue
[2025-12-12T08:23:19.675-0500] {logging_mixin.py:188} INFO - [2025-12-12T08:23:19.675-0500] {dagbag.py:545} INFO - Filling up the DagBag from /Users/evankrupa/airflow_project/env/lib/python3.11/site-packages/airflow/example_dags/example_short_circuit_operator.py
[2025-12-12T08:23:19.684-0500] {processor.py:840} INFO - DAG(s) 'example_short_circuit_operator' retrieved from /Users/evankrupa/airflow_project/env/lib/python3.11/site-packages/airflow/example_dags/example_short_circuit_operator.py
[2025-12-12T08:23:19.712-0500] {logging_mixin.py:188} INFO - [2025-12-12T08:23:19.712-0500] {dag.py:3096} INFO - Sync 1 DAGs
[2025-12-12T08:23:19.717-0500] {logging_mixin.py:188} INFO - [2025-12-12T08:23:19.717-0500] {dag.py:3954} INFO - Setting next_dagrun for example_short_circuit_operator to 2025-12-11 00:00:00+00:00, run_after=2025-12-12 00:00:00+00:00
[2025-12-12T08:23:19.724-0500] {processor.py:183} INFO - Processing /Users/evankrupa/airflow_project/env/lib/python3.11/site-packages/airflow/example_dags/example_short_circuit_operator.py took 0.050 seconds
[2025-12-12T08:24:40.230-0500] {processor.py:161} INFO - Started process (PID=64483) to work on /Users/evankrupa/airflow_project/env/lib/python3.11/site-packages/airflow/example_dags/example_short_circuit_operator.py
[2025-12-12T08:24:40.231-0500] {processor.py:830} INFO - Processing file /Users/evankrupa/airflow_project/env/lib/python3.11/site-packages/airflow/example_dags/example_short_circuit_operator.py for tasks to queue
[2025-12-12T08:24:40.231-0500] {logging_mixin.py:188} INFO - [2025-12-12T08:24:40.231-0500] {dagbag.py:545} INFO - Filling up the DagBag from /Users/evankrupa/airflow_project/env/lib/python3.11/site-packages/airflow/example_dags/example_short_circuit_operator.py
[2025-12-12T08:24:40.240-0500] {processor.py:840} INFO - DAG(s) 'example_short_circuit_operator' retrieved from /Users/evankrupa/airflow_project/env/lib/python3.11/site-packages/airflow/example_dags/example_short_circuit_operator.py
[2025-12-12T08:24:40.268-0500] {logging_mixin.py:188} INFO - [2025-12-12T08:24:40.268-0500] {dag.py:3096} INFO - Sync 1 DAGs
[2025-12-12T08:24:40.273-0500] {logging_mixin.py:188} INFO - [2025-12-12T08:24:40.273-0500] {dag.py:3954} INFO - Setting next_dagrun for example_short_circuit_operator to 2025-12-11 00:00:00+00:00, run_after=2025-12-12 00:00:00+00:00
[2025-12-12T08:24:40.278-0500] {processor.py:183} INFO - Processing /Users/evankrupa/airflow_project/env/lib/python3.11/site-packages/airflow/example_dags/example_short_circuit_operator.py took 0.049 seconds
[2025-12-12T08:26:05.999-0500] {processor.py:161} INFO - Started process (PID=64552) to work on /Users/evankrupa/airflow_project/env/lib/python3.11/site-packages/airflow/example_dags/example_short_circuit_operator.py
[2025-12-12T08:26:06.000-0500] {processor.py:830} INFO - Processing file /Users/evankrupa/airflow_project/env/lib/python3.11/site-packages/airflow/example_dags/example_short_circuit_operator.py for tasks to queue
[2025-12-12T08:26:06.000-0500] {logging_mixin.py:188} INFO - [2025-12-12T08:26:06.000-0500] {dagbag.py:545} INFO - Filling up the DagBag from /Users/evankrupa/airflow_project/env/lib/python3.11/site-packages/airflow/example_dags/example_short_circuit_operator.py
[2025-12-12T08:26:06.011-0500] {processor.py:840} INFO - DAG(s) 'example_short_circuit_operator' retrieved from /Users/evankrupa/airflow_project/env/lib/python3.11/site-packages/airflow/example_dags/example_short_circuit_operator.py
[2025-12-12T08:26:06.074-0500] {logging_mixin.py:188} INFO - [2025-12-12T08:26:06.074-0500] {dag.py:3096} INFO - Sync 1 DAGs
[2025-12-12T08:26:06.081-0500] {logging_mixin.py:188} INFO - [2025-12-12T08:26:06.081-0500] {dag.py:3954} INFO - Setting next_dagrun for example_short_circuit_operator to 2025-12-11 00:00:00+00:00, run_after=2025-12-12 00:00:00+00:00
[2025-12-12T08:26:06.088-0500] {processor.py:183} INFO - Processing /Users/evankrupa/airflow_project/env/lib/python3.11/site-packages/airflow/example_dags/example_short_circuit_operator.py took 0.090 seconds
[2025-12-12T08:27:31.941-0500] {processor.py:161} INFO - Started process (PID=64644) to work on /Users/evankrupa/airflow_project/env/lib/python3.11/site-packages/airflow/example_dags/example_short_circuit_operator.py
[2025-12-12T08:27:31.942-0500] {processor.py:830} INFO - Processing file /Users/evankrupa/airflow_project/env/lib/python3.11/site-packages/airflow/example_dags/example_short_circuit_operator.py for tasks to queue
[2025-12-12T08:27:31.943-0500] {logging_mixin.py:188} INFO - [2025-12-12T08:27:31.943-0500] {dagbag.py:545} INFO - Filling up the DagBag from /Users/evankrupa/airflow_project/env/lib/python3.11/site-packages/airflow/example_dags/example_short_circuit_operator.py
[2025-12-12T08:27:31.952-0500] {processor.py:840} INFO - DAG(s) 'example_short_circuit_operator' retrieved from /Users/evankrupa/airflow_project/env/lib/python3.11/site-packages/airflow/example_dags/example_short_circuit_operator.py
[2025-12-12T08:27:31.980-0500] {logging_mixin.py:188} INFO - [2025-12-12T08:27:31.980-0500] {dag.py:3096} INFO - Sync 1 DAGs
[2025-12-12T08:27:31.985-0500] {logging_mixin.py:188} INFO - [2025-12-12T08:27:31.985-0500] {dag.py:3954} INFO - Setting next_dagrun for example_short_circuit_operator to 2025-12-11 00:00:00+00:00, run_after=2025-12-12 00:00:00+00:00
[2025-12-12T08:27:31.991-0500] {processor.py:183} INFO - Processing /Users/evankrupa/airflow_project/env/lib/python3.11/site-packages/airflow/example_dags/example_short_circuit_operator.py took 0.050 seconds
[2025-12-12T08:28:56.483-0500] {processor.py:161} INFO - Started process (PID=64729) to work on /Users/evankrupa/airflow_project/env/lib/python3.11/site-packages/airflow/example_dags/example_short_circuit_operator.py
[2025-12-12T08:28:56.484-0500] {processor.py:830} INFO - Processing file /Users/evankrupa/airflow_project/env/lib/python3.11/site-packages/airflow/example_dags/example_short_circuit_operator.py for tasks to queue
[2025-12-12T08:28:56.485-0500] {logging_mixin.py:188} INFO - [2025-12-12T08:28:56.485-0500] {dagbag.py:545} INFO - Filling up the DagBag from /Users/evankrupa/airflow_project/env/lib/python3.11/site-packages/airflow/example_dags/example_short_circuit_operator.py
[2025-12-12T08:28:56.494-0500] {processor.py:840} INFO - DAG(s) 'example_short_circuit_operator' retrieved from /Users/evankrupa/airflow_project/env/lib/python3.11/site-packages/airflow/example_dags/example_short_circuit_operator.py
[2025-12-12T08:28:56.521-0500] {logging_mixin.py:188} INFO - [2025-12-12T08:28:56.521-0500] {dag.py:3096} INFO - Sync 1 DAGs
[2025-12-12T08:28:56.526-0500] {logging_mixin.py:188} INFO - [2025-12-12T08:28:56.526-0500] {dag.py:3954} INFO - Setting next_dagrun for example_short_circuit_operator to 2025-12-11 00:00:00+00:00, run_after=2025-12-12 00:00:00+00:00
[2025-12-12T08:28:56.531-0500] {processor.py:183} INFO - Processing /Users/evankrupa/airflow_project/env/lib/python3.11/site-packages/airflow/example_dags/example_short_circuit_operator.py took 0.048 seconds
[2025-12-12T08:30:16.839-0500] {processor.py:161} INFO - Started process (PID=64812) to work on /Users/evankrupa/airflow_project/env/lib/python3.11/site-packages/airflow/example_dags/example_short_circuit_operator.py
[2025-12-12T08:30:16.840-0500] {processor.py:830} INFO - Processing file /Users/evankrupa/airflow_project/env/lib/python3.11/site-packages/airflow/example_dags/example_short_circuit_operator.py for tasks to queue
[2025-12-12T08:30:16.840-0500] {logging_mixin.py:188} INFO - [2025-12-12T08:30:16.840-0500] {dagbag.py:545} INFO - Filling up the DagBag from /Users/evankrupa/airflow_project/env/lib/python3.11/site-packages/airflow/example_dags/example_short_circuit_operator.py
[2025-12-12T08:30:16.850-0500] {processor.py:840} INFO - DAG(s) 'example_short_circuit_operator' retrieved from /Users/evankrupa/airflow_project/env/lib/python3.11/site-packages/airflow/example_dags/example_short_circuit_operator.py
[2025-12-12T08:30:16.878-0500] {logging_mixin.py:188} INFO - [2025-12-12T08:30:16.878-0500] {dag.py:3096} INFO - Sync 1 DAGs
[2025-12-12T08:30:16.883-0500] {logging_mixin.py:188} INFO - [2025-12-12T08:30:16.883-0500] {dag.py:3954} INFO - Setting next_dagrun for example_short_circuit_operator to 2025-12-11 00:00:00+00:00, run_after=2025-12-12 00:00:00+00:00
[2025-12-12T08:30:16.888-0500] {processor.py:183} INFO - Processing /Users/evankrupa/airflow_project/env/lib/python3.11/site-packages/airflow/example_dags/example_short_circuit_operator.py took 0.050 seconds
[2025-12-12T08:31:39.272-0500] {processor.py:161} INFO - Started process (PID=64891) to work on /Users/evankrupa/airflow_project/env/lib/python3.11/site-packages/airflow/example_dags/example_short_circuit_operator.py
[2025-12-12T08:31:39.273-0500] {processor.py:830} INFO - Processing file /Users/evankrupa/airflow_project/env/lib/python3.11/site-packages/airflow/example_dags/example_short_circuit_operator.py for tasks to queue
[2025-12-12T08:31:39.273-0500] {logging_mixin.py:188} INFO - [2025-12-12T08:31:39.273-0500] {dagbag.py:545} INFO - Filling up the DagBag from /Users/evankrupa/airflow_project/env/lib/python3.11/site-packages/airflow/example_dags/example_short_circuit_operator.py
[2025-12-12T08:31:39.282-0500] {processor.py:840} INFO - DAG(s) 'example_short_circuit_operator' retrieved from /Users/evankrupa/airflow_project/env/lib/python3.11/site-packages/airflow/example_dags/example_short_circuit_operator.py
[2025-12-12T08:31:39.310-0500] {logging_mixin.py:188} INFO - [2025-12-12T08:31:39.310-0500] {dag.py:3096} INFO - Sync 1 DAGs
[2025-12-12T08:31:39.314-0500] {logging_mixin.py:188} INFO - [2025-12-12T08:31:39.314-0500] {dag.py:3954} INFO - Setting next_dagrun for example_short_circuit_operator to 2025-12-11 00:00:00+00:00, run_after=2025-12-12 00:00:00+00:00
[2025-12-12T08:31:39.320-0500] {processor.py:183} INFO - Processing /Users/evankrupa/airflow_project/env/lib/python3.11/site-packages/airflow/example_dags/example_short_circuit_operator.py took 0.049 seconds
[2025-12-12T08:33:04.085-0500] {processor.py:161} INFO - Started process (PID=64988) to work on /Users/evankrupa/airflow_project/env/lib/python3.11/site-packages/airflow/example_dags/example_short_circuit_operator.py
[2025-12-12T08:33:04.086-0500] {processor.py:830} INFO - Processing file /Users/evankrupa/airflow_project/env/lib/python3.11/site-packages/airflow/example_dags/example_short_circuit_operator.py for tasks to queue
[2025-12-12T08:33:04.086-0500] {logging_mixin.py:188} INFO - [2025-12-12T08:33:04.086-0500] {dagbag.py:545} INFO - Filling up the DagBag from /Users/evankrupa/airflow_project/env/lib/python3.11/site-packages/airflow/example_dags/example_short_circuit_operator.py
[2025-12-12T08:33:04.095-0500] {processor.py:840} INFO - DAG(s) 'example_short_circuit_operator' retrieved from /Users/evankrupa/airflow_project/env/lib/python3.11/site-packages/airflow/example_dags/example_short_circuit_operator.py
[2025-12-12T08:33:04.124-0500] {logging_mixin.py:188} INFO - [2025-12-12T08:33:04.124-0500] {dag.py:3096} INFO - Sync 1 DAGs
[2025-12-12T08:33:04.129-0500] {logging_mixin.py:188} INFO - [2025-12-12T08:33:04.129-0500] {dag.py:3954} INFO - Setting next_dagrun for example_short_circuit_operator to 2025-12-11 00:00:00+00:00, run_after=2025-12-12 00:00:00+00:00
[2025-12-12T08:33:04.134-0500] {processor.py:183} INFO - Processing /Users/evankrupa/airflow_project/env/lib/python3.11/site-packages/airflow/example_dags/example_short_circuit_operator.py took 0.050 seconds
[2025-12-12T08:34:29.347-0500] {processor.py:161} INFO - Started process (PID=65074) to work on /Users/evankrupa/airflow_project/env/lib/python3.11/site-packages/airflow/example_dags/example_short_circuit_operator.py
[2025-12-12T08:34:29.348-0500] {processor.py:830} INFO - Processing file /Users/evankrupa/airflow_project/env/lib/python3.11/site-packages/airflow/example_dags/example_short_circuit_operator.py for tasks to queue
[2025-12-12T08:34:29.349-0500] {logging_mixin.py:188} INFO - [2025-12-12T08:34:29.348-0500] {dagbag.py:545} INFO - Filling up the DagBag from /Users/evankrupa/airflow_project/env/lib/python3.11/site-packages/airflow/example_dags/example_short_circuit_operator.py
[2025-12-12T08:34:29.357-0500] {processor.py:840} INFO - DAG(s) 'example_short_circuit_operator' retrieved from /Users/evankrupa/airflow_project/env/lib/python3.11/site-packages/airflow/example_dags/example_short_circuit_operator.py
[2025-12-12T08:34:29.385-0500] {logging_mixin.py:188} INFO - [2025-12-12T08:34:29.385-0500] {dag.py:3096} INFO - Sync 1 DAGs
[2025-12-12T08:34:29.390-0500] {logging_mixin.py:188} INFO - [2025-12-12T08:34:29.389-0500] {dag.py:3954} INFO - Setting next_dagrun for example_short_circuit_operator to 2025-12-11 00:00:00+00:00, run_after=2025-12-12 00:00:00+00:00
[2025-12-12T08:34:29.394-0500] {processor.py:183} INFO - Processing /Users/evankrupa/airflow_project/env/lib/python3.11/site-packages/airflow/example_dags/example_short_circuit_operator.py took 0.048 seconds
[2025-12-12T08:35:56.323-0500] {processor.py:161} INFO - Started process (PID=65173) to work on /Users/evankrupa/airflow_project/env/lib/python3.11/site-packages/airflow/example_dags/example_short_circuit_operator.py
[2025-12-12T08:35:56.324-0500] {processor.py:830} INFO - Processing file /Users/evankrupa/airflow_project/env/lib/python3.11/site-packages/airflow/example_dags/example_short_circuit_operator.py for tasks to queue
[2025-12-12T08:35:56.325-0500] {logging_mixin.py:188} INFO - [2025-12-12T08:35:56.324-0500] {dagbag.py:545} INFO - Filling up the DagBag from /Users/evankrupa/airflow_project/env/lib/python3.11/site-packages/airflow/example_dags/example_short_circuit_operator.py
[2025-12-12T08:35:56.340-0500] {processor.py:840} INFO - DAG(s) 'example_short_circuit_operator' retrieved from /Users/evankrupa/airflow_project/env/lib/python3.11/site-packages/airflow/example_dags/example_short_circuit_operator.py
[2025-12-12T08:35:56.384-0500] {logging_mixin.py:188} INFO - [2025-12-12T08:35:56.384-0500] {dag.py:3096} INFO - Sync 1 DAGs
[2025-12-12T08:35:56.392-0500] {logging_mixin.py:188} INFO - [2025-12-12T08:35:56.392-0500] {dag.py:3954} INFO - Setting next_dagrun for example_short_circuit_operator to 2025-12-11 00:00:00+00:00, run_after=2025-12-12 00:00:00+00:00
[2025-12-12T08:35:56.402-0500] {processor.py:183} INFO - Processing /Users/evankrupa/airflow_project/env/lib/python3.11/site-packages/airflow/example_dags/example_short_circuit_operator.py took 0.081 seconds
[2025-12-12T08:37:18.551-0500] {processor.py:161} INFO - Started process (PID=65248) to work on /Users/evankrupa/airflow_project/env/lib/python3.11/site-packages/airflow/example_dags/example_short_circuit_operator.py
[2025-12-12T08:37:18.552-0500] {processor.py:830} INFO - Processing file /Users/evankrupa/airflow_project/env/lib/python3.11/site-packages/airflow/example_dags/example_short_circuit_operator.py for tasks to queue
[2025-12-12T08:37:18.552-0500] {logging_mixin.py:188} INFO - [2025-12-12T08:37:18.552-0500] {dagbag.py:545} INFO - Filling up the DagBag from /Users/evankrupa/airflow_project/env/lib/python3.11/site-packages/airflow/example_dags/example_short_circuit_operator.py
[2025-12-12T08:37:18.561-0500] {processor.py:840} INFO - DAG(s) 'example_short_circuit_operator' retrieved from /Users/evankrupa/airflow_project/env/lib/python3.11/site-packages/airflow/example_dags/example_short_circuit_operator.py
[2025-12-12T08:37:18.589-0500] {logging_mixin.py:188} INFO - [2025-12-12T08:37:18.589-0500] {dag.py:3096} INFO - Sync 1 DAGs
[2025-12-12T08:37:18.594-0500] {logging_mixin.py:188} INFO - [2025-12-12T08:37:18.594-0500] {dag.py:3954} INFO - Setting next_dagrun for example_short_circuit_operator to 2025-12-11 00:00:00+00:00, run_after=2025-12-12 00:00:00+00:00
[2025-12-12T08:37:18.599-0500] {processor.py:183} INFO - Processing /Users/evankrupa/airflow_project/env/lib/python3.11/site-packages/airflow/example_dags/example_short_circuit_operator.py took 0.050 seconds
[2025-12-12T08:38:43.174-0500] {processor.py:161} INFO - Started process (PID=65320) to work on /Users/evankrupa/airflow_project/env/lib/python3.11/site-packages/airflow/example_dags/example_short_circuit_operator.py
[2025-12-12T08:38:43.175-0500] {processor.py:830} INFO - Processing file /Users/evankrupa/airflow_project/env/lib/python3.11/site-packages/airflow/example_dags/example_short_circuit_operator.py for tasks to queue
[2025-12-12T08:38:43.175-0500] {logging_mixin.py:188} INFO - [2025-12-12T08:38:43.175-0500] {dagbag.py:545} INFO - Filling up the DagBag from /Users/evankrupa/airflow_project/env/lib/python3.11/site-packages/airflow/example_dags/example_short_circuit_operator.py
[2025-12-12T08:38:43.184-0500] {processor.py:840} INFO - DAG(s) 'example_short_circuit_operator' retrieved from /Users/evankrupa/airflow_project/env/lib/python3.11/site-packages/airflow/example_dags/example_short_circuit_operator.py
[2025-12-12T08:38:43.213-0500] {logging_mixin.py:188} INFO - [2025-12-12T08:38:43.213-0500] {dag.py:3096} INFO - Sync 1 DAGs
[2025-12-12T08:38:43.218-0500] {logging_mixin.py:188} INFO - [2025-12-12T08:38:43.218-0500] {dag.py:3954} INFO - Setting next_dagrun for example_short_circuit_operator to 2025-12-11 00:00:00+00:00, run_after=2025-12-12 00:00:00+00:00
[2025-12-12T08:38:43.223-0500] {processor.py:183} INFO - Processing /Users/evankrupa/airflow_project/env/lib/python3.11/site-packages/airflow/example_dags/example_short_circuit_operator.py took 0.050 seconds
[2025-12-12T08:40:06.197-0500] {processor.py:161} INFO - Started process (PID=65393) to work on /Users/evankrupa/airflow_project/env/lib/python3.11/site-packages/airflow/example_dags/example_short_circuit_operator.py
[2025-12-12T08:40:06.198-0500] {processor.py:830} INFO - Processing file /Users/evankrupa/airflow_project/env/lib/python3.11/site-packages/airflow/example_dags/example_short_circuit_operator.py for tasks to queue
[2025-12-12T08:40:06.198-0500] {logging_mixin.py:188} INFO - [2025-12-12T08:40:06.198-0500] {dagbag.py:545} INFO - Filling up the DagBag from /Users/evankrupa/airflow_project/env/lib/python3.11/site-packages/airflow/example_dags/example_short_circuit_operator.py
[2025-12-12T08:40:06.207-0500] {processor.py:840} INFO - DAG(s) 'example_short_circuit_operator' retrieved from /Users/evankrupa/airflow_project/env/lib/python3.11/site-packages/airflow/example_dags/example_short_circuit_operator.py
[2025-12-12T08:40:06.235-0500] {logging_mixin.py:188} INFO - [2025-12-12T08:40:06.234-0500] {dag.py:3096} INFO - Sync 1 DAGs
[2025-12-12T08:40:06.239-0500] {logging_mixin.py:188} INFO - [2025-12-12T08:40:06.239-0500] {dag.py:3954} INFO - Setting next_dagrun for example_short_circuit_operator to 2025-12-11 00:00:00+00:00, run_after=2025-12-12 00:00:00+00:00
[2025-12-12T08:40:06.245-0500] {processor.py:183} INFO - Processing /Users/evankrupa/airflow_project/env/lib/python3.11/site-packages/airflow/example_dags/example_short_circuit_operator.py took 0.049 seconds
[2025-12-12T08:41:32.373-0500] {processor.py:161} INFO - Started process (PID=65482) to work on /Users/evankrupa/airflow_project/env/lib/python3.11/site-packages/airflow/example_dags/example_short_circuit_operator.py
[2025-12-12T08:41:32.373-0500] {processor.py:830} INFO - Processing file /Users/evankrupa/airflow_project/env/lib/python3.11/site-packages/airflow/example_dags/example_short_circuit_operator.py for tasks to queue
[2025-12-12T08:41:32.374-0500] {logging_mixin.py:188} INFO - [2025-12-12T08:41:32.373-0500] {dagbag.py:545} INFO - Filling up the DagBag from /Users/evankrupa/airflow_project/env/lib/python3.11/site-packages/airflow/example_dags/example_short_circuit_operator.py
[2025-12-12T08:41:32.383-0500] {processor.py:840} INFO - DAG(s) 'example_short_circuit_operator' retrieved from /Users/evankrupa/airflow_project/env/lib/python3.11/site-packages/airflow/example_dags/example_short_circuit_operator.py
[2025-12-12T08:41:32.410-0500] {logging_mixin.py:188} INFO - [2025-12-12T08:41:32.410-0500] {dag.py:3096} INFO - Sync 1 DAGs
[2025-12-12T08:41:32.415-0500] {logging_mixin.py:188} INFO - [2025-12-12T08:41:32.415-0500] {dag.py:3954} INFO - Setting next_dagrun for example_short_circuit_operator to 2025-12-11 00:00:00+00:00, run_after=2025-12-12 00:00:00+00:00
[2025-12-12T08:41:32.420-0500] {processor.py:183} INFO - Processing /Users/evankrupa/airflow_project/env/lib/python3.11/site-packages/airflow/example_dags/example_short_circuit_operator.py took 0.049 seconds
[2025-12-12T08:42:53.188-0500] {processor.py:161} INFO - Started process (PID=65552) to work on /Users/evankrupa/airflow_project/env/lib/python3.11/site-packages/airflow/example_dags/example_short_circuit_operator.py
[2025-12-12T08:42:53.189-0500] {processor.py:830} INFO - Processing file /Users/evankrupa/airflow_project/env/lib/python3.11/site-packages/airflow/example_dags/example_short_circuit_operator.py for tasks to queue
[2025-12-12T08:42:53.190-0500] {logging_mixin.py:188} INFO - [2025-12-12T08:42:53.189-0500] {dagbag.py:545} INFO - Filling up the DagBag from /Users/evankrupa/airflow_project/env/lib/python3.11/site-packages/airflow/example_dags/example_short_circuit_operator.py
[2025-12-12T08:42:53.199-0500] {processor.py:840} INFO - DAG(s) 'example_short_circuit_operator' retrieved from /Users/evankrupa/airflow_project/env/lib/python3.11/site-packages/airflow/example_dags/example_short_circuit_operator.py
[2025-12-12T08:42:53.227-0500] {logging_mixin.py:188} INFO - [2025-12-12T08:42:53.226-0500] {dag.py:3096} INFO - Sync 1 DAGs
[2025-12-12T08:42:53.231-0500] {logging_mixin.py:188} INFO - [2025-12-12T08:42:53.231-0500] {dag.py:3954} INFO - Setting next_dagrun for example_short_circuit_operator to 2025-12-11 00:00:00+00:00, run_after=2025-12-12 00:00:00+00:00
[2025-12-12T08:42:53.237-0500] {processor.py:183} INFO - Processing /Users/evankrupa/airflow_project/env/lib/python3.11/site-packages/airflow/example_dags/example_short_circuit_operator.py took 0.049 seconds
[2025-12-12T08:44:17.072-0500] {processor.py:161} INFO - Started process (PID=65631) to work on /Users/evankrupa/airflow_project/env/lib/python3.11/site-packages/airflow/example_dags/example_short_circuit_operator.py
[2025-12-12T08:44:17.072-0500] {processor.py:830} INFO - Processing file /Users/evankrupa/airflow_project/env/lib/python3.11/site-packages/airflow/example_dags/example_short_circuit_operator.py for tasks to queue
[2025-12-12T08:44:17.073-0500] {logging_mixin.py:188} INFO - [2025-12-12T08:44:17.073-0500] {dagbag.py:545} INFO - Filling up the DagBag from /Users/evankrupa/airflow_project/env/lib/python3.11/site-packages/airflow/example_dags/example_short_circuit_operator.py
[2025-12-12T08:44:17.082-0500] {processor.py:840} INFO - DAG(s) 'example_short_circuit_operator' retrieved from /Users/evankrupa/airflow_project/env/lib/python3.11/site-packages/airflow/example_dags/example_short_circuit_operator.py
[2025-12-12T08:44:17.109-0500] {logging_mixin.py:188} INFO - [2025-12-12T08:44:17.109-0500] {dag.py:3096} INFO - Sync 1 DAGs
[2025-12-12T08:44:17.114-0500] {logging_mixin.py:188} INFO - [2025-12-12T08:44:17.114-0500] {dag.py:3954} INFO - Setting next_dagrun for example_short_circuit_operator to 2025-12-11 00:00:00+00:00, run_after=2025-12-12 00:00:00+00:00
[2025-12-12T08:44:17.119-0500] {processor.py:183} INFO - Processing /Users/evankrupa/airflow_project/env/lib/python3.11/site-packages/airflow/example_dags/example_short_circuit_operator.py took 0.048 seconds
[2025-12-12T08:45:42.043-0500] {processor.py:161} INFO - Started process (PID=65710) to work on /Users/evankrupa/airflow_project/env/lib/python3.11/site-packages/airflow/example_dags/example_short_circuit_operator.py
[2025-12-12T08:45:42.044-0500] {processor.py:830} INFO - Processing file /Users/evankrupa/airflow_project/env/lib/python3.11/site-packages/airflow/example_dags/example_short_circuit_operator.py for tasks to queue
[2025-12-12T08:45:42.044-0500] {logging_mixin.py:188} INFO - [2025-12-12T08:45:42.044-0500] {dagbag.py:545} INFO - Filling up the DagBag from /Users/evankrupa/airflow_project/env/lib/python3.11/site-packages/airflow/example_dags/example_short_circuit_operator.py
[2025-12-12T08:45:42.053-0500] {processor.py:840} INFO - DAG(s) 'example_short_circuit_operator' retrieved from /Users/evankrupa/airflow_project/env/lib/python3.11/site-packages/airflow/example_dags/example_short_circuit_operator.py
[2025-12-12T08:45:42.080-0500] {logging_mixin.py:188} INFO - [2025-12-12T08:45:42.080-0500] {dag.py:3096} INFO - Sync 1 DAGs
[2025-12-12T08:45:42.084-0500] {logging_mixin.py:188} INFO - [2025-12-12T08:45:42.084-0500] {dag.py:3954} INFO - Setting next_dagrun for example_short_circuit_operator to 2025-12-11 00:00:00+00:00, run_after=2025-12-12 00:00:00+00:00
[2025-12-12T08:45:42.090-0500] {processor.py:183} INFO - Processing /Users/evankrupa/airflow_project/env/lib/python3.11/site-packages/airflow/example_dags/example_short_circuit_operator.py took 0.048 seconds
