[2025-12-12T07:26:06.295-0500] {processor.py:161} INFO - Started process (PID=56893) to work on /Users/evankrupa/airflow_project/env/lib/python3.11/site-packages/airflow/example_dags/example_branch_operator.py
[2025-12-12T07:26:06.295-0500] {processor.py:830} INFO - Processing file /Users/evankrupa/airflow_project/env/lib/python3.11/site-packages/airflow/example_dags/example_branch_operator.py for tasks to queue
[2025-12-12T07:26:06.295-0500] {logging_mixin.py:188} INFO - [2025-12-12T07:26:06.295-0500] {dagbag.py:545} INFO - Filling up the DagBag from /Users/evankrupa/airflow_project/env/lib/python3.11/site-packages/airflow/example_dags/example_branch_operator.py
[2025-12-12T07:26:06.303-0500] {processor.py:842} WARNING - No viable dags retrieved from /Users/evankrupa/airflow_project/env/lib/python3.11/site-packages/airflow/example_dags/example_branch_operator.py
[2025-12-12T07:26:06.326-0500] {processor.py:183} INFO - Processing /Users/evankrupa/airflow_project/env/lib/python3.11/site-packages/airflow/example_dags/example_branch_operator.py took 0.032 seconds
[2025-12-12T07:27:31.814-0500] {processor.py:161} INFO - Started process (PID=57522) to work on /Users/evankrupa/airflow_project/env/lib/python3.11/site-packages/airflow/example_dags/example_branch_operator.py
[2025-12-12T07:27:31.815-0500] {processor.py:830} INFO - Processing file /Users/evankrupa/airflow_project/env/lib/python3.11/site-packages/airflow/example_dags/example_branch_operator.py for tasks to queue
[2025-12-12T07:27:31.815-0500] {logging_mixin.py:188} INFO - [2025-12-12T07:27:31.815-0500] {dagbag.py:545} INFO - Filling up the DagBag from /Users/evankrupa/airflow_project/env/lib/python3.11/site-packages/airflow/example_dags/example_branch_operator.py
[2025-12-12T07:27:31.822-0500] {processor.py:842} WARNING - No viable dags retrieved from /Users/evankrupa/airflow_project/env/lib/python3.11/site-packages/airflow/example_dags/example_branch_operator.py
[2025-12-12T07:27:31.844-0500] {processor.py:183} INFO - Processing /Users/evankrupa/airflow_project/env/lib/python3.11/site-packages/airflow/example_dags/example_branch_operator.py took 0.031 seconds
[2025-12-12T07:28:57.993-0500] {processor.py:161} INFO - Started process (PID=57769) to work on /Users/evankrupa/airflow_project/env/lib/python3.11/site-packages/airflow/example_dags/example_branch_operator.py
[2025-12-12T07:28:57.994-0500] {processor.py:830} INFO - Processing file /Users/evankrupa/airflow_project/env/lib/python3.11/site-packages/airflow/example_dags/example_branch_operator.py for tasks to queue
[2025-12-12T07:28:57.994-0500] {logging_mixin.py:188} INFO - [2025-12-12T07:28:57.994-0500] {dagbag.py:545} INFO - Filling up the DagBag from /Users/evankrupa/airflow_project/env/lib/python3.11/site-packages/airflow/example_dags/example_branch_operator.py
[2025-12-12T07:28:58.002-0500] {processor.py:842} WARNING - No viable dags retrieved from /Users/evankrupa/airflow_project/env/lib/python3.11/site-packages/airflow/example_dags/example_branch_operator.py
[2025-12-12T07:28:58.026-0500] {processor.py:183} INFO - Processing /Users/evankrupa/airflow_project/env/lib/python3.11/site-packages/airflow/example_dags/example_branch_operator.py took 0.034 seconds
[2025-12-12T07:30:23.018-0500] {processor.py:161} INFO - Started process (PID=58012) to work on /Users/evankrupa/airflow_project/env/lib/python3.11/site-packages/airflow/example_dags/example_branch_operator.py
[2025-12-12T07:30:23.019-0500] {processor.py:830} INFO - Processing file /Users/evankrupa/airflow_project/env/lib/python3.11/site-packages/airflow/example_dags/example_branch_operator.py for tasks to queue
[2025-12-12T07:30:23.019-0500] {logging_mixin.py:188} INFO - [2025-12-12T07:30:23.019-0500] {dagbag.py:545} INFO - Filling up the DagBag from /Users/evankrupa/airflow_project/env/lib/python3.11/site-packages/airflow/example_dags/example_branch_operator.py
[2025-12-12T07:30:23.026-0500] {processor.py:842} WARNING - No viable dags retrieved from /Users/evankrupa/airflow_project/env/lib/python3.11/site-packages/airflow/example_dags/example_branch_operator.py
[2025-12-12T07:30:23.048-0500] {processor.py:183} INFO - Processing /Users/evankrupa/airflow_project/env/lib/python3.11/site-packages/airflow/example_dags/example_branch_operator.py took 0.031 seconds
[2025-12-12T07:31:49.523-0500] {processor.py:161} INFO - Started process (PID=58351) to work on /Users/evankrupa/airflow_project/env/lib/python3.11/site-packages/airflow/example_dags/example_branch_operator.py
[2025-12-12T07:31:49.523-0500] {processor.py:830} INFO - Processing file /Users/evankrupa/airflow_project/env/lib/python3.11/site-packages/airflow/example_dags/example_branch_operator.py for tasks to queue
[2025-12-12T07:31:49.524-0500] {logging_mixin.py:188} INFO - [2025-12-12T07:31:49.524-0500] {dagbag.py:545} INFO - Filling up the DagBag from /Users/evankrupa/airflow_project/env/lib/python3.11/site-packages/airflow/example_dags/example_branch_operator.py
[2025-12-12T07:31:49.531-0500] {processor.py:842} WARNING - No viable dags retrieved from /Users/evankrupa/airflow_project/env/lib/python3.11/site-packages/airflow/example_dags/example_branch_operator.py
[2025-12-12T07:31:49.553-0500] {processor.py:183} INFO - Processing /Users/evankrupa/airflow_project/env/lib/python3.11/site-packages/airflow/example_dags/example_branch_operator.py took 0.031 seconds
[2025-12-12T07:33:15.483-0500] {processor.py:161} INFO - Started process (PID=58443) to work on /Users/evankrupa/airflow_project/env/lib/python3.11/site-packages/airflow/example_dags/example_branch_operator.py
[2025-12-12T07:33:15.484-0500] {processor.py:830} INFO - Processing file /Users/evankrupa/airflow_project/env/lib/python3.11/site-packages/airflow/example_dags/example_branch_operator.py for tasks to queue
[2025-12-12T07:33:15.484-0500] {logging_mixin.py:188} INFO - [2025-12-12T07:33:15.484-0500] {dagbag.py:545} INFO - Filling up the DagBag from /Users/evankrupa/airflow_project/env/lib/python3.11/site-packages/airflow/example_dags/example_branch_operator.py
[2025-12-12T07:33:15.491-0500] {processor.py:842} WARNING - No viable dags retrieved from /Users/evankrupa/airflow_project/env/lib/python3.11/site-packages/airflow/example_dags/example_branch_operator.py
[2025-12-12T07:33:15.513-0500] {processor.py:183} INFO - Processing /Users/evankrupa/airflow_project/env/lib/python3.11/site-packages/airflow/example_dags/example_branch_operator.py took 0.031 seconds
[2025-12-12T07:34:41.700-0500] {processor.py:161} INFO - Started process (PID=58523) to work on /Users/evankrupa/airflow_project/env/lib/python3.11/site-packages/airflow/example_dags/example_branch_operator.py
[2025-12-12T07:34:41.701-0500] {processor.py:830} INFO - Processing file /Users/evankrupa/airflow_project/env/lib/python3.11/site-packages/airflow/example_dags/example_branch_operator.py for tasks to queue
[2025-12-12T07:34:41.701-0500] {logging_mixin.py:188} INFO - [2025-12-12T07:34:41.701-0500] {dagbag.py:545} INFO - Filling up the DagBag from /Users/evankrupa/airflow_project/env/lib/python3.11/site-packages/airflow/example_dags/example_branch_operator.py
[2025-12-12T07:34:41.708-0500] {processor.py:842} WARNING - No viable dags retrieved from /Users/evankrupa/airflow_project/env/lib/python3.11/site-packages/airflow/example_dags/example_branch_operator.py
[2025-12-12T07:34:41.730-0500] {processor.py:183} INFO - Processing /Users/evankrupa/airflow_project/env/lib/python3.11/site-packages/airflow/example_dags/example_branch_operator.py took 0.031 seconds
[2025-12-12T07:36:04.580-0500] {processor.py:161} INFO - Started process (PID=58595) to work on /Users/evankrupa/airflow_project/env/lib/python3.11/site-packages/airflow/example_dags/example_branch_operator.py
[2025-12-12T07:36:04.581-0500] {processor.py:830} INFO - Processing file /Users/evankrupa/airflow_project/env/lib/python3.11/site-packages/airflow/example_dags/example_branch_operator.py for tasks to queue
[2025-12-12T07:36:04.581-0500] {logging_mixin.py:188} INFO - [2025-12-12T07:36:04.581-0500] {dagbag.py:545} INFO - Filling up the DagBag from /Users/evankrupa/airflow_project/env/lib/python3.11/site-packages/airflow/example_dags/example_branch_operator.py
[2025-12-12T07:36:04.588-0500] {processor.py:842} WARNING - No viable dags retrieved from /Users/evankrupa/airflow_project/env/lib/python3.11/site-packages/airflow/example_dags/example_branch_operator.py
[2025-12-12T07:36:04.611-0500] {processor.py:183} INFO - Processing /Users/evankrupa/airflow_project/env/lib/python3.11/site-packages/airflow/example_dags/example_branch_operator.py took 0.031 seconds
[2025-12-12T07:37:28.858-0500] {processor.py:161} INFO - Started process (PID=58664) to work on /Users/evankrupa/airflow_project/env/lib/python3.11/site-packages/airflow/example_dags/example_branch_operator.py
[2025-12-12T07:37:28.859-0500] {processor.py:830} INFO - Processing file /Users/evankrupa/airflow_project/env/lib/python3.11/site-packages/airflow/example_dags/example_branch_operator.py for tasks to queue
[2025-12-12T07:37:28.859-0500] {logging_mixin.py:188} INFO - [2025-12-12T07:37:28.859-0500] {dagbag.py:545} INFO - Filling up the DagBag from /Users/evankrupa/airflow_project/env/lib/python3.11/site-packages/airflow/example_dags/example_branch_operator.py
[2025-12-12T07:37:28.867-0500] {processor.py:842} WARNING - No viable dags retrieved from /Users/evankrupa/airflow_project/env/lib/python3.11/site-packages/airflow/example_dags/example_branch_operator.py
[2025-12-12T07:37:28.888-0500] {processor.py:183} INFO - Processing /Users/evankrupa/airflow_project/env/lib/python3.11/site-packages/airflow/example_dags/example_branch_operator.py took 0.031 seconds
[2025-12-12T07:38:52.995-0500] {processor.py:161} INFO - Started process (PID=58758) to work on /Users/evankrupa/airflow_project/env/lib/python3.11/site-packages/airflow/example_dags/example_branch_operator.py
[2025-12-12T07:38:52.996-0500] {processor.py:830} INFO - Processing file /Users/evankrupa/airflow_project/env/lib/python3.11/site-packages/airflow/example_dags/example_branch_operator.py for tasks to queue
[2025-12-12T07:38:52.996-0500] {logging_mixin.py:188} INFO - [2025-12-12T07:38:52.996-0500] {dagbag.py:545} INFO - Filling up the DagBag from /Users/evankrupa/airflow_project/env/lib/python3.11/site-packages/airflow/example_dags/example_branch_operator.py
[2025-12-12T07:38:53.005-0500] {processor.py:842} WARNING - No viable dags retrieved from /Users/evankrupa/airflow_project/env/lib/python3.11/site-packages/airflow/example_dags/example_branch_operator.py
[2025-12-12T07:38:53.031-0500] {processor.py:183} INFO - Processing /Users/evankrupa/airflow_project/env/lib/python3.11/site-packages/airflow/example_dags/example_branch_operator.py took 0.037 seconds
[2025-12-12T07:40:18.415-0500] {processor.py:161} INFO - Started process (PID=58870) to work on /Users/evankrupa/airflow_project/env/lib/python3.11/site-packages/airflow/example_dags/example_branch_operator.py
[2025-12-12T07:40:18.415-0500] {processor.py:830} INFO - Processing file /Users/evankrupa/airflow_project/env/lib/python3.11/site-packages/airflow/example_dags/example_branch_operator.py for tasks to queue
[2025-12-12T07:40:18.415-0500] {logging_mixin.py:188} INFO - [2025-12-12T07:40:18.415-0500] {dagbag.py:545} INFO - Filling up the DagBag from /Users/evankrupa/airflow_project/env/lib/python3.11/site-packages/airflow/example_dags/example_branch_operator.py
[2025-12-12T07:40:18.423-0500] {processor.py:842} WARNING - No viable dags retrieved from /Users/evankrupa/airflow_project/env/lib/python3.11/site-packages/airflow/example_dags/example_branch_operator.py
[2025-12-12T07:40:18.445-0500] {processor.py:183} INFO - Processing /Users/evankrupa/airflow_project/env/lib/python3.11/site-packages/airflow/example_dags/example_branch_operator.py took 0.032 seconds
[2025-12-12T07:41:44.509-0500] {processor.py:161} INFO - Started process (PID=58961) to work on /Users/evankrupa/airflow_project/env/lib/python3.11/site-packages/airflow/example_dags/example_branch_operator.py
[2025-12-12T07:41:44.509-0500] {processor.py:830} INFO - Processing file /Users/evankrupa/airflow_project/env/lib/python3.11/site-packages/airflow/example_dags/example_branch_operator.py for tasks to queue
[2025-12-12T07:41:44.510-0500] {logging_mixin.py:188} INFO - [2025-12-12T07:41:44.510-0500] {dagbag.py:545} INFO - Filling up the DagBag from /Users/evankrupa/airflow_project/env/lib/python3.11/site-packages/airflow/example_dags/example_branch_operator.py
[2025-12-12T07:41:44.517-0500] {processor.py:842} WARNING - No viable dags retrieved from /Users/evankrupa/airflow_project/env/lib/python3.11/site-packages/airflow/example_dags/example_branch_operator.py
[2025-12-12T07:41:44.540-0500] {processor.py:183} INFO - Processing /Users/evankrupa/airflow_project/env/lib/python3.11/site-packages/airflow/example_dags/example_branch_operator.py took 0.032 seconds
[2025-12-12T07:43:08.109-0500] {processor.py:161} INFO - Started process (PID=59124) to work on /Users/evankrupa/airflow_project/env/lib/python3.11/site-packages/airflow/example_dags/example_branch_operator.py
[2025-12-12T07:43:08.111-0500] {processor.py:830} INFO - Processing file /Users/evankrupa/airflow_project/env/lib/python3.11/site-packages/airflow/example_dags/example_branch_operator.py for tasks to queue
[2025-12-12T07:43:08.111-0500] {logging_mixin.py:188} INFO - [2025-12-12T07:43:08.111-0500] {dagbag.py:545} INFO - Filling up the DagBag from /Users/evankrupa/airflow_project/env/lib/python3.11/site-packages/airflow/example_dags/example_branch_operator.py
[2025-12-12T07:43:08.118-0500] {processor.py:842} WARNING - No viable dags retrieved from /Users/evankrupa/airflow_project/env/lib/python3.11/site-packages/airflow/example_dags/example_branch_operator.py
[2025-12-12T07:43:08.141-0500] {processor.py:183} INFO - Processing /Users/evankrupa/airflow_project/env/lib/python3.11/site-packages/airflow/example_dags/example_branch_operator.py took 0.032 seconds
[2025-12-12T07:44:32.583-0500] {processor.py:161} INFO - Started process (PID=59209) to work on /Users/evankrupa/airflow_project/env/lib/python3.11/site-packages/airflow/example_dags/example_branch_operator.py
[2025-12-12T07:44:32.584-0500] {processor.py:830} INFO - Processing file /Users/evankrupa/airflow_project/env/lib/python3.11/site-packages/airflow/example_dags/example_branch_operator.py for tasks to queue
[2025-12-12T07:44:32.584-0500] {logging_mixin.py:188} INFO - [2025-12-12T07:44:32.584-0500] {dagbag.py:545} INFO - Filling up the DagBag from /Users/evankrupa/airflow_project/env/lib/python3.11/site-packages/airflow/example_dags/example_branch_operator.py
[2025-12-12T07:44:32.592-0500] {processor.py:842} WARNING - No viable dags retrieved from /Users/evankrupa/airflow_project/env/lib/python3.11/site-packages/airflow/example_dags/example_branch_operator.py
[2025-12-12T07:44:32.615-0500] {processor.py:183} INFO - Processing /Users/evankrupa/airflow_project/env/lib/python3.11/site-packages/airflow/example_dags/example_branch_operator.py took 0.033 seconds
[2025-12-12T07:45:59.692-0500] {processor.py:161} INFO - Started process (PID=59291) to work on /Users/evankrupa/airflow_project/env/lib/python3.11/site-packages/airflow/example_dags/example_branch_operator.py
[2025-12-12T07:45:59.693-0500] {processor.py:830} INFO - Processing file /Users/evankrupa/airflow_project/env/lib/python3.11/site-packages/airflow/example_dags/example_branch_operator.py for tasks to queue
[2025-12-12T07:45:59.693-0500] {logging_mixin.py:188} INFO - [2025-12-12T07:45:59.693-0500] {dagbag.py:545} INFO - Filling up the DagBag from /Users/evankrupa/airflow_project/env/lib/python3.11/site-packages/airflow/example_dags/example_branch_operator.py
[2025-12-12T07:45:59.700-0500] {processor.py:842} WARNING - No viable dags retrieved from /Users/evankrupa/airflow_project/env/lib/python3.11/site-packages/airflow/example_dags/example_branch_operator.py
[2025-12-12T07:45:59.723-0500] {processor.py:183} INFO - Processing /Users/evankrupa/airflow_project/env/lib/python3.11/site-packages/airflow/example_dags/example_branch_operator.py took 0.032 seconds
[2025-12-12T07:47:23.520-0500] {processor.py:161} INFO - Started process (PID=59374) to work on /Users/evankrupa/airflow_project/env/lib/python3.11/site-packages/airflow/example_dags/example_branch_operator.py
[2025-12-12T07:47:23.521-0500] {processor.py:830} INFO - Processing file /Users/evankrupa/airflow_project/env/lib/python3.11/site-packages/airflow/example_dags/example_branch_operator.py for tasks to queue
[2025-12-12T07:47:23.522-0500] {logging_mixin.py:188} INFO - [2025-12-12T07:47:23.521-0500] {dagbag.py:545} INFO - Filling up the DagBag from /Users/evankrupa/airflow_project/env/lib/python3.11/site-packages/airflow/example_dags/example_branch_operator.py
[2025-12-12T07:47:23.529-0500] {processor.py:842} WARNING - No viable dags retrieved from /Users/evankrupa/airflow_project/env/lib/python3.11/site-packages/airflow/example_dags/example_branch_operator.py
[2025-12-12T07:47:23.551-0500] {processor.py:183} INFO - Processing /Users/evankrupa/airflow_project/env/lib/python3.11/site-packages/airflow/example_dags/example_branch_operator.py took 0.031 seconds
[2025-12-12T07:48:50.695-0500] {processor.py:161} INFO - Started process (PID=59484) to work on /Users/evankrupa/airflow_project/env/lib/python3.11/site-packages/airflow/example_dags/example_branch_operator.py
[2025-12-12T07:48:50.695-0500] {processor.py:830} INFO - Processing file /Users/evankrupa/airflow_project/env/lib/python3.11/site-packages/airflow/example_dags/example_branch_operator.py for tasks to queue
[2025-12-12T07:48:50.696-0500] {logging_mixin.py:188} INFO - [2025-12-12T07:48:50.696-0500] {dagbag.py:545} INFO - Filling up the DagBag from /Users/evankrupa/airflow_project/env/lib/python3.11/site-packages/airflow/example_dags/example_branch_operator.py
[2025-12-12T07:48:50.703-0500] {processor.py:842} WARNING - No viable dags retrieved from /Users/evankrupa/airflow_project/env/lib/python3.11/site-packages/airflow/example_dags/example_branch_operator.py
[2025-12-12T07:48:50.727-0500] {processor.py:183} INFO - Processing /Users/evankrupa/airflow_project/env/lib/python3.11/site-packages/airflow/example_dags/example_branch_operator.py took 0.033 seconds
[2025-12-12T07:50:16.224-0500] {processor.py:161} INFO - Started process (PID=59561) to work on /Users/evankrupa/airflow_project/env/lib/python3.11/site-packages/airflow/example_dags/example_branch_operator.py
[2025-12-12T07:50:16.225-0500] {processor.py:830} INFO - Processing file /Users/evankrupa/airflow_project/env/lib/python3.11/site-packages/airflow/example_dags/example_branch_operator.py for tasks to queue
[2025-12-12T07:50:16.225-0500] {logging_mixin.py:188} INFO - [2025-12-12T07:50:16.225-0500] {dagbag.py:545} INFO - Filling up the DagBag from /Users/evankrupa/airflow_project/env/lib/python3.11/site-packages/airflow/example_dags/example_branch_operator.py
[2025-12-12T07:50:16.233-0500] {processor.py:842} WARNING - No viable dags retrieved from /Users/evankrupa/airflow_project/env/lib/python3.11/site-packages/airflow/example_dags/example_branch_operator.py
[2025-12-12T07:50:16.256-0500] {processor.py:183} INFO - Processing /Users/evankrupa/airflow_project/env/lib/python3.11/site-packages/airflow/example_dags/example_branch_operator.py took 0.033 seconds
[2025-12-12T07:51:40.662-0500] {processor.py:161} INFO - Started process (PID=59627) to work on /Users/evankrupa/airflow_project/env/lib/python3.11/site-packages/airflow/example_dags/example_branch_operator.py
[2025-12-12T07:51:40.663-0500] {processor.py:830} INFO - Processing file /Users/evankrupa/airflow_project/env/lib/python3.11/site-packages/airflow/example_dags/example_branch_operator.py for tasks to queue
[2025-12-12T07:51:40.663-0500] {logging_mixin.py:188} INFO - [2025-12-12T07:51:40.663-0500] {dagbag.py:545} INFO - Filling up the DagBag from /Users/evankrupa/airflow_project/env/lib/python3.11/site-packages/airflow/example_dags/example_branch_operator.py
[2025-12-12T07:51:40.671-0500] {processor.py:842} WARNING - No viable dags retrieved from /Users/evankrupa/airflow_project/env/lib/python3.11/site-packages/airflow/example_dags/example_branch_operator.py
[2025-12-12T07:51:40.693-0500] {processor.py:183} INFO - Processing /Users/evankrupa/airflow_project/env/lib/python3.11/site-packages/airflow/example_dags/example_branch_operator.py took 0.032 seconds
[2025-12-12T07:53:04.482-0500] {processor.py:161} INFO - Started process (PID=59707) to work on /Users/evankrupa/airflow_project/env/lib/python3.11/site-packages/airflow/example_dags/example_branch_operator.py
[2025-12-12T07:53:04.483-0500] {processor.py:830} INFO - Processing file /Users/evankrupa/airflow_project/env/lib/python3.11/site-packages/airflow/example_dags/example_branch_operator.py for tasks to queue
[2025-12-12T07:53:04.483-0500] {logging_mixin.py:188} INFO - [2025-12-12T07:53:04.483-0500] {dagbag.py:545} INFO - Filling up the DagBag from /Users/evankrupa/airflow_project/env/lib/python3.11/site-packages/airflow/example_dags/example_branch_operator.py
[2025-12-12T07:53:04.491-0500] {processor.py:842} WARNING - No viable dags retrieved from /Users/evankrupa/airflow_project/env/lib/python3.11/site-packages/airflow/example_dags/example_branch_operator.py
[2025-12-12T07:53:04.512-0500] {processor.py:183} INFO - Processing /Users/evankrupa/airflow_project/env/lib/python3.11/site-packages/airflow/example_dags/example_branch_operator.py took 0.031 seconds
[2025-12-12T07:54:26.451-0500] {processor.py:161} INFO - Started process (PID=59781) to work on /Users/evankrupa/airflow_project/env/lib/python3.11/site-packages/airflow/example_dags/example_branch_operator.py
[2025-12-12T07:54:26.452-0500] {processor.py:830} INFO - Processing file /Users/evankrupa/airflow_project/env/lib/python3.11/site-packages/airflow/example_dags/example_branch_operator.py for tasks to queue
[2025-12-12T07:54:26.453-0500] {logging_mixin.py:188} INFO - [2025-12-12T07:54:26.453-0500] {dagbag.py:545} INFO - Filling up the DagBag from /Users/evankrupa/airflow_project/env/lib/python3.11/site-packages/airflow/example_dags/example_branch_operator.py
[2025-12-12T07:54:26.460-0500] {processor.py:842} WARNING - No viable dags retrieved from /Users/evankrupa/airflow_project/env/lib/python3.11/site-packages/airflow/example_dags/example_branch_operator.py
[2025-12-12T07:54:26.482-0500] {processor.py:183} INFO - Processing /Users/evankrupa/airflow_project/env/lib/python3.11/site-packages/airflow/example_dags/example_branch_operator.py took 0.031 seconds
[2025-12-12T07:55:52.091-0500] {processor.py:161} INFO - Started process (PID=59869) to work on /Users/evankrupa/airflow_project/env/lib/python3.11/site-packages/airflow/example_dags/example_branch_operator.py
[2025-12-12T07:55:52.092-0500] {processor.py:830} INFO - Processing file /Users/evankrupa/airflow_project/env/lib/python3.11/site-packages/airflow/example_dags/example_branch_operator.py for tasks to queue
[2025-12-12T07:55:52.092-0500] {logging_mixin.py:188} INFO - [2025-12-12T07:55:52.092-0500] {dagbag.py:545} INFO - Filling up the DagBag from /Users/evankrupa/airflow_project/env/lib/python3.11/site-packages/airflow/example_dags/example_branch_operator.py
[2025-12-12T07:55:52.099-0500] {processor.py:842} WARNING - No viable dags retrieved from /Users/evankrupa/airflow_project/env/lib/python3.11/site-packages/airflow/example_dags/example_branch_operator.py
[2025-12-12T07:55:52.122-0500] {processor.py:183} INFO - Processing /Users/evankrupa/airflow_project/env/lib/python3.11/site-packages/airflow/example_dags/example_branch_operator.py took 0.031 seconds
[2025-12-12T07:57:16.720-0500] {processor.py:161} INFO - Started process (PID=59943) to work on /Users/evankrupa/airflow_project/env/lib/python3.11/site-packages/airflow/example_dags/example_branch_operator.py
[2025-12-12T07:57:16.721-0500] {processor.py:830} INFO - Processing file /Users/evankrupa/airflow_project/env/lib/python3.11/site-packages/airflow/example_dags/example_branch_operator.py for tasks to queue
[2025-12-12T07:57:16.721-0500] {logging_mixin.py:188} INFO - [2025-12-12T07:57:16.721-0500] {dagbag.py:545} INFO - Filling up the DagBag from /Users/evankrupa/airflow_project/env/lib/python3.11/site-packages/airflow/example_dags/example_branch_operator.py
[2025-12-12T07:57:16.728-0500] {processor.py:842} WARNING - No viable dags retrieved from /Users/evankrupa/airflow_project/env/lib/python3.11/site-packages/airflow/example_dags/example_branch_operator.py
[2025-12-12T07:57:16.751-0500] {processor.py:183} INFO - Processing /Users/evankrupa/airflow_project/env/lib/python3.11/site-packages/airflow/example_dags/example_branch_operator.py took 0.032 seconds
[2025-12-12T07:58:41.191-0500] {processor.py:161} INFO - Started process (PID=62522) to work on /Users/evankrupa/airflow_project/env/lib/python3.11/site-packages/airflow/example_dags/example_branch_operator.py
[2025-12-12T07:58:41.193-0500] {processor.py:830} INFO - Processing file /Users/evankrupa/airflow_project/env/lib/python3.11/site-packages/airflow/example_dags/example_branch_operator.py for tasks to queue
[2025-12-12T07:58:41.193-0500] {logging_mixin.py:188} INFO - [2025-12-12T07:58:41.193-0500] {dagbag.py:545} INFO - Filling up the DagBag from /Users/evankrupa/airflow_project/env/lib/python3.11/site-packages/airflow/example_dags/example_branch_operator.py
[2025-12-12T07:58:41.208-0500] {processor.py:842} WARNING - No viable dags retrieved from /Users/evankrupa/airflow_project/env/lib/python3.11/site-packages/airflow/example_dags/example_branch_operator.py
[2025-12-12T07:58:41.236-0500] {processor.py:183} INFO - Processing /Users/evankrupa/airflow_project/env/lib/python3.11/site-packages/airflow/example_dags/example_branch_operator.py took 0.046 seconds
[2025-12-12T08:00:07.746-0500] {processor.py:161} INFO - Started process (PID=62746) to work on /Users/evankrupa/airflow_project/env/lib/python3.11/site-packages/airflow/example_dags/example_branch_operator.py
[2025-12-12T08:00:07.747-0500] {processor.py:830} INFO - Processing file /Users/evankrupa/airflow_project/env/lib/python3.11/site-packages/airflow/example_dags/example_branch_operator.py for tasks to queue
[2025-12-12T08:00:07.748-0500] {logging_mixin.py:188} INFO - [2025-12-12T08:00:07.747-0500] {dagbag.py:545} INFO - Filling up the DagBag from /Users/evankrupa/airflow_project/env/lib/python3.11/site-packages/airflow/example_dags/example_branch_operator.py
[2025-12-12T08:00:07.755-0500] {processor.py:842} WARNING - No viable dags retrieved from /Users/evankrupa/airflow_project/env/lib/python3.11/site-packages/airflow/example_dags/example_branch_operator.py
[2025-12-12T08:00:07.778-0500] {processor.py:183} INFO - Processing /Users/evankrupa/airflow_project/env/lib/python3.11/site-packages/airflow/example_dags/example_branch_operator.py took 0.032 seconds
[2025-12-12T08:01:28.441-0500] {processor.py:161} INFO - Started process (PID=62814) to work on /Users/evankrupa/airflow_project/env/lib/python3.11/site-packages/airflow/example_dags/example_branch_operator.py
[2025-12-12T08:01:28.442-0500] {processor.py:830} INFO - Processing file /Users/evankrupa/airflow_project/env/lib/python3.11/site-packages/airflow/example_dags/example_branch_operator.py for tasks to queue
[2025-12-12T08:01:28.442-0500] {logging_mixin.py:188} INFO - [2025-12-12T08:01:28.442-0500] {dagbag.py:545} INFO - Filling up the DagBag from /Users/evankrupa/airflow_project/env/lib/python3.11/site-packages/airflow/example_dags/example_branch_operator.py
[2025-12-12T08:01:28.450-0500] {processor.py:842} WARNING - No viable dags retrieved from /Users/evankrupa/airflow_project/env/lib/python3.11/site-packages/airflow/example_dags/example_branch_operator.py
[2025-12-12T08:01:28.472-0500] {processor.py:183} INFO - Processing /Users/evankrupa/airflow_project/env/lib/python3.11/site-packages/airflow/example_dags/example_branch_operator.py took 0.032 seconds
[2025-12-12T08:02:54.102-0500] {processor.py:161} INFO - Started process (PID=62881) to work on /Users/evankrupa/airflow_project/env/lib/python3.11/site-packages/airflow/example_dags/example_branch_operator.py
[2025-12-12T08:02:54.103-0500] {processor.py:830} INFO - Processing file /Users/evankrupa/airflow_project/env/lib/python3.11/site-packages/airflow/example_dags/example_branch_operator.py for tasks to queue
[2025-12-12T08:02:54.103-0500] {logging_mixin.py:188} INFO - [2025-12-12T08:02:54.103-0500] {dagbag.py:545} INFO - Filling up the DagBag from /Users/evankrupa/airflow_project/env/lib/python3.11/site-packages/airflow/example_dags/example_branch_operator.py
[2025-12-12T08:02:54.110-0500] {processor.py:842} WARNING - No viable dags retrieved from /Users/evankrupa/airflow_project/env/lib/python3.11/site-packages/airflow/example_dags/example_branch_operator.py
[2025-12-12T08:02:54.132-0500] {processor.py:183} INFO - Processing /Users/evankrupa/airflow_project/env/lib/python3.11/site-packages/airflow/example_dags/example_branch_operator.py took 0.032 seconds
[2025-12-12T08:04:19.398-0500] {processor.py:161} INFO - Started process (PID=62969) to work on /Users/evankrupa/airflow_project/env/lib/python3.11/site-packages/airflow/example_dags/example_branch_operator.py
[2025-12-12T08:04:19.399-0500] {processor.py:830} INFO - Processing file /Users/evankrupa/airflow_project/env/lib/python3.11/site-packages/airflow/example_dags/example_branch_operator.py for tasks to queue
[2025-12-12T08:04:19.399-0500] {logging_mixin.py:188} INFO - [2025-12-12T08:04:19.399-0500] {dagbag.py:545} INFO - Filling up the DagBag from /Users/evankrupa/airflow_project/env/lib/python3.11/site-packages/airflow/example_dags/example_branch_operator.py
[2025-12-12T08:04:19.407-0500] {processor.py:842} WARNING - No viable dags retrieved from /Users/evankrupa/airflow_project/env/lib/python3.11/site-packages/airflow/example_dags/example_branch_operator.py
[2025-12-12T08:04:19.430-0500] {processor.py:183} INFO - Processing /Users/evankrupa/airflow_project/env/lib/python3.11/site-packages/airflow/example_dags/example_branch_operator.py took 0.033 seconds
[2025-12-12T08:05:42.427-0500] {processor.py:161} INFO - Started process (PID=63101) to work on /Users/evankrupa/airflow_project/env/lib/python3.11/site-packages/airflow/example_dags/example_branch_operator.py
[2025-12-12T08:05:42.428-0500] {processor.py:830} INFO - Processing file /Users/evankrupa/airflow_project/env/lib/python3.11/site-packages/airflow/example_dags/example_branch_operator.py for tasks to queue
[2025-12-12T08:05:42.428-0500] {logging_mixin.py:188} INFO - [2025-12-12T08:05:42.428-0500] {dagbag.py:545} INFO - Filling up the DagBag from /Users/evankrupa/airflow_project/env/lib/python3.11/site-packages/airflow/example_dags/example_branch_operator.py
[2025-12-12T08:05:42.436-0500] {processor.py:842} WARNING - No viable dags retrieved from /Users/evankrupa/airflow_project/env/lib/python3.11/site-packages/airflow/example_dags/example_branch_operator.py
[2025-12-12T08:05:42.459-0500] {processor.py:183} INFO - Processing /Users/evankrupa/airflow_project/env/lib/python3.11/site-packages/airflow/example_dags/example_branch_operator.py took 0.033 seconds
[2025-12-12T08:07:09.995-0500] {processor.py:161} INFO - Started process (PID=63619) to work on /Users/evankrupa/airflow_project/env/lib/python3.11/site-packages/airflow/example_dags/example_branch_operator.py
[2025-12-12T08:07:09.996-0500] {processor.py:830} INFO - Processing file /Users/evankrupa/airflow_project/env/lib/python3.11/site-packages/airflow/example_dags/example_branch_operator.py for tasks to queue
[2025-12-12T08:07:09.996-0500] {logging_mixin.py:188} INFO - [2025-12-12T08:07:09.996-0500] {dagbag.py:545} INFO - Filling up the DagBag from /Users/evankrupa/airflow_project/env/lib/python3.11/site-packages/airflow/example_dags/example_branch_operator.py
[2025-12-12T08:07:10.005-0500] {processor.py:842} WARNING - No viable dags retrieved from /Users/evankrupa/airflow_project/env/lib/python3.11/site-packages/airflow/example_dags/example_branch_operator.py
[2025-12-12T08:07:10.031-0500] {processor.py:183} INFO - Processing /Users/evankrupa/airflow_project/env/lib/python3.11/site-packages/airflow/example_dags/example_branch_operator.py took 0.037 seconds
[2025-12-12T08:08:39.219-0500] {processor.py:161} INFO - Started process (PID=63699) to work on /Users/evankrupa/airflow_project/env/lib/python3.11/site-packages/airflow/example_dags/example_branch_operator.py
[2025-12-12T08:08:39.220-0500] {processor.py:830} INFO - Processing file /Users/evankrupa/airflow_project/env/lib/python3.11/site-packages/airflow/example_dags/example_branch_operator.py for tasks to queue
[2025-12-12T08:08:39.220-0500] {logging_mixin.py:188} INFO - [2025-12-12T08:08:39.220-0500] {dagbag.py:545} INFO - Filling up the DagBag from /Users/evankrupa/airflow_project/env/lib/python3.11/site-packages/airflow/example_dags/example_branch_operator.py
[2025-12-12T08:08:39.228-0500] {processor.py:842} WARNING - No viable dags retrieved from /Users/evankrupa/airflow_project/env/lib/python3.11/site-packages/airflow/example_dags/example_branch_operator.py
[2025-12-12T08:08:39.251-0500] {processor.py:183} INFO - Processing /Users/evankrupa/airflow_project/env/lib/python3.11/site-packages/airflow/example_dags/example_branch_operator.py took 0.032 seconds
[2025-12-12T08:10:03.664-0500] {processor.py:161} INFO - Started process (PID=63768) to work on /Users/evankrupa/airflow_project/env/lib/python3.11/site-packages/airflow/example_dags/example_branch_operator.py
[2025-12-12T08:10:03.665-0500] {processor.py:830} INFO - Processing file /Users/evankrupa/airflow_project/env/lib/python3.11/site-packages/airflow/example_dags/example_branch_operator.py for tasks to queue
[2025-12-12T08:10:03.665-0500] {logging_mixin.py:188} INFO - [2025-12-12T08:10:03.665-0500] {dagbag.py:545} INFO - Filling up the DagBag from /Users/evankrupa/airflow_project/env/lib/python3.11/site-packages/airflow/example_dags/example_branch_operator.py
[2025-12-12T08:10:03.673-0500] {processor.py:842} WARNING - No viable dags retrieved from /Users/evankrupa/airflow_project/env/lib/python3.11/site-packages/airflow/example_dags/example_branch_operator.py
[2025-12-12T08:10:03.697-0500] {processor.py:183} INFO - Processing /Users/evankrupa/airflow_project/env/lib/python3.11/site-packages/airflow/example_dags/example_branch_operator.py took 0.033 seconds
[2025-12-12T08:11:32.238-0500] {processor.py:161} INFO - Started process (PID=63837) to work on /Users/evankrupa/airflow_project/env/lib/python3.11/site-packages/airflow/example_dags/example_branch_operator.py
[2025-12-12T08:11:32.239-0500] {processor.py:830} INFO - Processing file /Users/evankrupa/airflow_project/env/lib/python3.11/site-packages/airflow/example_dags/example_branch_operator.py for tasks to queue
[2025-12-12T08:11:32.239-0500] {logging_mixin.py:188} INFO - [2025-12-12T08:11:32.239-0500] {dagbag.py:545} INFO - Filling up the DagBag from /Users/evankrupa/airflow_project/env/lib/python3.11/site-packages/airflow/example_dags/example_branch_operator.py
[2025-12-12T08:11:32.246-0500] {processor.py:842} WARNING - No viable dags retrieved from /Users/evankrupa/airflow_project/env/lib/python3.11/site-packages/airflow/example_dags/example_branch_operator.py
[2025-12-12T08:11:32.270-0500] {processor.py:183} INFO - Processing /Users/evankrupa/airflow_project/env/lib/python3.11/site-packages/airflow/example_dags/example_branch_operator.py took 0.033 seconds
[2025-12-12T08:12:57.376-0500] {processor.py:161} INFO - Started process (PID=63905) to work on /Users/evankrupa/airflow_project/env/lib/python3.11/site-packages/airflow/example_dags/example_branch_operator.py
[2025-12-12T08:12:57.377-0500] {processor.py:830} INFO - Processing file /Users/evankrupa/airflow_project/env/lib/python3.11/site-packages/airflow/example_dags/example_branch_operator.py for tasks to queue
[2025-12-12T08:12:57.377-0500] {logging_mixin.py:188} INFO - [2025-12-12T08:12:57.377-0500] {dagbag.py:545} INFO - Filling up the DagBag from /Users/evankrupa/airflow_project/env/lib/python3.11/site-packages/airflow/example_dags/example_branch_operator.py
[2025-12-12T08:12:57.385-0500] {processor.py:842} WARNING - No viable dags retrieved from /Users/evankrupa/airflow_project/env/lib/python3.11/site-packages/airflow/example_dags/example_branch_operator.py
[2025-12-12T08:12:57.407-0500] {processor.py:183} INFO - Processing /Users/evankrupa/airflow_project/env/lib/python3.11/site-packages/airflow/example_dags/example_branch_operator.py took 0.033 seconds
[2025-12-12T08:14:19.152-0500] {processor.py:161} INFO - Started process (PID=63970) to work on /Users/evankrupa/airflow_project/env/lib/python3.11/site-packages/airflow/example_dags/example_branch_operator.py
[2025-12-12T08:14:19.153-0500] {processor.py:830} INFO - Processing file /Users/evankrupa/airflow_project/env/lib/python3.11/site-packages/airflow/example_dags/example_branch_operator.py for tasks to queue
[2025-12-12T08:14:19.153-0500] {logging_mixin.py:188} INFO - [2025-12-12T08:14:19.153-0500] {dagbag.py:545} INFO - Filling up the DagBag from /Users/evankrupa/airflow_project/env/lib/python3.11/site-packages/airflow/example_dags/example_branch_operator.py
[2025-12-12T08:14:19.161-0500] {processor.py:842} WARNING - No viable dags retrieved from /Users/evankrupa/airflow_project/env/lib/python3.11/site-packages/airflow/example_dags/example_branch_operator.py
[2025-12-12T08:14:19.184-0500] {processor.py:183} INFO - Processing /Users/evankrupa/airflow_project/env/lib/python3.11/site-packages/airflow/example_dags/example_branch_operator.py took 0.032 seconds
[2025-12-12T08:15:41.758-0500] {processor.py:161} INFO - Started process (PID=64044) to work on /Users/evankrupa/airflow_project/env/lib/python3.11/site-packages/airflow/example_dags/example_branch_operator.py
[2025-12-12T08:15:41.759-0500] {processor.py:830} INFO - Processing file /Users/evankrupa/airflow_project/env/lib/python3.11/site-packages/airflow/example_dags/example_branch_operator.py for tasks to queue
[2025-12-12T08:15:41.759-0500] {logging_mixin.py:188} INFO - [2025-12-12T08:15:41.759-0500] {dagbag.py:545} INFO - Filling up the DagBag from /Users/evankrupa/airflow_project/env/lib/python3.11/site-packages/airflow/example_dags/example_branch_operator.py
[2025-12-12T08:15:41.766-0500] {processor.py:842} WARNING - No viable dags retrieved from /Users/evankrupa/airflow_project/env/lib/python3.11/site-packages/airflow/example_dags/example_branch_operator.py
[2025-12-12T08:15:41.788-0500] {processor.py:183} INFO - Processing /Users/evankrupa/airflow_project/env/lib/python3.11/site-packages/airflow/example_dags/example_branch_operator.py took 0.032 seconds
[2025-12-12T08:17:05.887-0500] {processor.py:161} INFO - Started process (PID=64112) to work on /Users/evankrupa/airflow_project/env/lib/python3.11/site-packages/airflow/example_dags/example_branch_operator.py
[2025-12-12T08:17:05.888-0500] {processor.py:830} INFO - Processing file /Users/evankrupa/airflow_project/env/lib/python3.11/site-packages/airflow/example_dags/example_branch_operator.py for tasks to queue
[2025-12-12T08:17:05.888-0500] {logging_mixin.py:188} INFO - [2025-12-12T08:17:05.888-0500] {dagbag.py:545} INFO - Filling up the DagBag from /Users/evankrupa/airflow_project/env/lib/python3.11/site-packages/airflow/example_dags/example_branch_operator.py
[2025-12-12T08:17:05.896-0500] {processor.py:842} WARNING - No viable dags retrieved from /Users/evankrupa/airflow_project/env/lib/python3.11/site-packages/airflow/example_dags/example_branch_operator.py
[2025-12-12T08:17:05.918-0500] {processor.py:183} INFO - Processing /Users/evankrupa/airflow_project/env/lib/python3.11/site-packages/airflow/example_dags/example_branch_operator.py took 0.032 seconds
[2025-12-12T08:18:31.010-0500] {processor.py:161} INFO - Started process (PID=64181) to work on /Users/evankrupa/airflow_project/env/lib/python3.11/site-packages/airflow/example_dags/example_branch_operator.py
[2025-12-12T08:18:31.011-0500] {processor.py:830} INFO - Processing file /Users/evankrupa/airflow_project/env/lib/python3.11/site-packages/airflow/example_dags/example_branch_operator.py for tasks to queue
[2025-12-12T08:18:31.011-0500] {logging_mixin.py:188} INFO - [2025-12-12T08:18:31.011-0500] {dagbag.py:545} INFO - Filling up the DagBag from /Users/evankrupa/airflow_project/env/lib/python3.11/site-packages/airflow/example_dags/example_branch_operator.py
[2025-12-12T08:18:31.019-0500] {processor.py:842} WARNING - No viable dags retrieved from /Users/evankrupa/airflow_project/env/lib/python3.11/site-packages/airflow/example_dags/example_branch_operator.py
[2025-12-12T08:18:31.042-0500] {processor.py:183} INFO - Processing /Users/evankrupa/airflow_project/env/lib/python3.11/site-packages/airflow/example_dags/example_branch_operator.py took 0.032 seconds
[2025-12-12T08:19:53.859-0500] {processor.py:161} INFO - Started process (PID=64248) to work on /Users/evankrupa/airflow_project/env/lib/python3.11/site-packages/airflow/example_dags/example_branch_operator.py
[2025-12-12T08:19:53.860-0500] {processor.py:830} INFO - Processing file /Users/evankrupa/airflow_project/env/lib/python3.11/site-packages/airflow/example_dags/example_branch_operator.py for tasks to queue
[2025-12-12T08:19:53.860-0500] {logging_mixin.py:188} INFO - [2025-12-12T08:19:53.860-0500] {dagbag.py:545} INFO - Filling up the DagBag from /Users/evankrupa/airflow_project/env/lib/python3.11/site-packages/airflow/example_dags/example_branch_operator.py
[2025-12-12T08:19:53.868-0500] {processor.py:842} WARNING - No viable dags retrieved from /Users/evankrupa/airflow_project/env/lib/python3.11/site-packages/airflow/example_dags/example_branch_operator.py
[2025-12-12T08:19:53.891-0500] {processor.py:183} INFO - Processing /Users/evankrupa/airflow_project/env/lib/python3.11/site-packages/airflow/example_dags/example_branch_operator.py took 0.032 seconds
[2025-12-12T08:21:19.087-0500] {processor.py:161} INFO - Started process (PID=64314) to work on /Users/evankrupa/airflow_project/env/lib/python3.11/site-packages/airflow/example_dags/example_branch_operator.py
[2025-12-12T08:21:19.088-0500] {processor.py:830} INFO - Processing file /Users/evankrupa/airflow_project/env/lib/python3.11/site-packages/airflow/example_dags/example_branch_operator.py for tasks to queue
[2025-12-12T08:21:19.089-0500] {logging_mixin.py:188} INFO - [2025-12-12T08:21:19.089-0500] {dagbag.py:545} INFO - Filling up the DagBag from /Users/evankrupa/airflow_project/env/lib/python3.11/site-packages/airflow/example_dags/example_branch_operator.py
[2025-12-12T08:21:19.096-0500] {processor.py:842} WARNING - No viable dags retrieved from /Users/evankrupa/airflow_project/env/lib/python3.11/site-packages/airflow/example_dags/example_branch_operator.py
[2025-12-12T08:21:19.118-0500] {processor.py:183} INFO - Processing /Users/evankrupa/airflow_project/env/lib/python3.11/site-packages/airflow/example_dags/example_branch_operator.py took 0.031 seconds
[2025-12-12T08:22:42.315-0500] {processor.py:161} INFO - Started process (PID=64381) to work on /Users/evankrupa/airflow_project/env/lib/python3.11/site-packages/airflow/example_dags/example_branch_operator.py
[2025-12-12T08:22:42.316-0500] {processor.py:830} INFO - Processing file /Users/evankrupa/airflow_project/env/lib/python3.11/site-packages/airflow/example_dags/example_branch_operator.py for tasks to queue
[2025-12-12T08:22:42.317-0500] {logging_mixin.py:188} INFO - [2025-12-12T08:22:42.317-0500] {dagbag.py:545} INFO - Filling up the DagBag from /Users/evankrupa/airflow_project/env/lib/python3.11/site-packages/airflow/example_dags/example_branch_operator.py
[2025-12-12T08:22:42.324-0500] {processor.py:842} WARNING - No viable dags retrieved from /Users/evankrupa/airflow_project/env/lib/python3.11/site-packages/airflow/example_dags/example_branch_operator.py
[2025-12-12T08:22:42.347-0500] {processor.py:183} INFO - Processing /Users/evankrupa/airflow_project/env/lib/python3.11/site-packages/airflow/example_dags/example_branch_operator.py took 0.032 seconds
[2025-12-12T08:24:08.151-0500] {processor.py:161} INFO - Started process (PID=64456) to work on /Users/evankrupa/airflow_project/env/lib/python3.11/site-packages/airflow/example_dags/example_branch_operator.py
[2025-12-12T08:24:08.152-0500] {processor.py:830} INFO - Processing file /Users/evankrupa/airflow_project/env/lib/python3.11/site-packages/airflow/example_dags/example_branch_operator.py for tasks to queue
[2025-12-12T08:24:08.153-0500] {logging_mixin.py:188} INFO - [2025-12-12T08:24:08.153-0500] {dagbag.py:545} INFO - Filling up the DagBag from /Users/evankrupa/airflow_project/env/lib/python3.11/site-packages/airflow/example_dags/example_branch_operator.py
[2025-12-12T08:24:08.160-0500] {processor.py:842} WARNING - No viable dags retrieved from /Users/evankrupa/airflow_project/env/lib/python3.11/site-packages/airflow/example_dags/example_branch_operator.py
[2025-12-12T08:24:08.182-0500] {processor.py:183} INFO - Processing /Users/evankrupa/airflow_project/env/lib/python3.11/site-packages/airflow/example_dags/example_branch_operator.py took 0.032 seconds
[2025-12-12T08:25:29.424-0500] {processor.py:161} INFO - Started process (PID=64524) to work on /Users/evankrupa/airflow_project/env/lib/python3.11/site-packages/airflow/example_dags/example_branch_operator.py
[2025-12-12T08:25:29.425-0500] {processor.py:830} INFO - Processing file /Users/evankrupa/airflow_project/env/lib/python3.11/site-packages/airflow/example_dags/example_branch_operator.py for tasks to queue
[2025-12-12T08:25:29.426-0500] {logging_mixin.py:188} INFO - [2025-12-12T08:25:29.426-0500] {dagbag.py:545} INFO - Filling up the DagBag from /Users/evankrupa/airflow_project/env/lib/python3.11/site-packages/airflow/example_dags/example_branch_operator.py
[2025-12-12T08:25:29.433-0500] {processor.py:842} WARNING - No viable dags retrieved from /Users/evankrupa/airflow_project/env/lib/python3.11/site-packages/airflow/example_dags/example_branch_operator.py
[2025-12-12T08:25:29.456-0500] {processor.py:183} INFO - Processing /Users/evankrupa/airflow_project/env/lib/python3.11/site-packages/airflow/example_dags/example_branch_operator.py took 0.032 seconds
[2025-12-12T08:26:55.167-0500] {processor.py:161} INFO - Started process (PID=64598) to work on /Users/evankrupa/airflow_project/env/lib/python3.11/site-packages/airflow/example_dags/example_branch_operator.py
[2025-12-12T08:26:55.168-0500] {processor.py:830} INFO - Processing file /Users/evankrupa/airflow_project/env/lib/python3.11/site-packages/airflow/example_dags/example_branch_operator.py for tasks to queue
[2025-12-12T08:26:55.168-0500] {logging_mixin.py:188} INFO - [2025-12-12T08:26:55.168-0500] {dagbag.py:545} INFO - Filling up the DagBag from /Users/evankrupa/airflow_project/env/lib/python3.11/site-packages/airflow/example_dags/example_branch_operator.py
[2025-12-12T08:26:55.176-0500] {processor.py:842} WARNING - No viable dags retrieved from /Users/evankrupa/airflow_project/env/lib/python3.11/site-packages/airflow/example_dags/example_branch_operator.py
[2025-12-12T08:26:55.199-0500] {processor.py:183} INFO - Processing /Users/evankrupa/airflow_project/env/lib/python3.11/site-packages/airflow/example_dags/example_branch_operator.py took 0.032 seconds
[2025-12-12T08:28:21.511-0500] {processor.py:161} INFO - Started process (PID=64701) to work on /Users/evankrupa/airflow_project/env/lib/python3.11/site-packages/airflow/example_dags/example_branch_operator.py
[2025-12-12T08:28:21.512-0500] {processor.py:830} INFO - Processing file /Users/evankrupa/airflow_project/env/lib/python3.11/site-packages/airflow/example_dags/example_branch_operator.py for tasks to queue
[2025-12-12T08:28:21.512-0500] {logging_mixin.py:188} INFO - [2025-12-12T08:28:21.512-0500] {dagbag.py:545} INFO - Filling up the DagBag from /Users/evankrupa/airflow_project/env/lib/python3.11/site-packages/airflow/example_dags/example_branch_operator.py
[2025-12-12T08:28:21.522-0500] {processor.py:842} WARNING - No viable dags retrieved from /Users/evankrupa/airflow_project/env/lib/python3.11/site-packages/airflow/example_dags/example_branch_operator.py
[2025-12-12T08:28:21.544-0500] {processor.py:183} INFO - Processing /Users/evankrupa/airflow_project/env/lib/python3.11/site-packages/airflow/example_dags/example_branch_operator.py took 0.035 seconds
[2025-12-12T08:29:43.857-0500] {processor.py:161} INFO - Started process (PID=64774) to work on /Users/evankrupa/airflow_project/env/lib/python3.11/site-packages/airflow/example_dags/example_branch_operator.py
[2025-12-12T08:29:43.858-0500] {processor.py:830} INFO - Processing file /Users/evankrupa/airflow_project/env/lib/python3.11/site-packages/airflow/example_dags/example_branch_operator.py for tasks to queue
[2025-12-12T08:29:43.859-0500] {logging_mixin.py:188} INFO - [2025-12-12T08:29:43.858-0500] {dagbag.py:545} INFO - Filling up the DagBag from /Users/evankrupa/airflow_project/env/lib/python3.11/site-packages/airflow/example_dags/example_branch_operator.py
[2025-12-12T08:29:43.866-0500] {processor.py:842} WARNING - No viable dags retrieved from /Users/evankrupa/airflow_project/env/lib/python3.11/site-packages/airflow/example_dags/example_branch_operator.py
[2025-12-12T08:29:43.889-0500] {processor.py:183} INFO - Processing /Users/evankrupa/airflow_project/env/lib/python3.11/site-packages/airflow/example_dags/example_branch_operator.py took 0.032 seconds
[2025-12-12T08:31:05.225-0500] {processor.py:161} INFO - Started process (PID=64860) to work on /Users/evankrupa/airflow_project/env/lib/python3.11/site-packages/airflow/example_dags/example_branch_operator.py
[2025-12-12T08:31:05.226-0500] {processor.py:830} INFO - Processing file /Users/evankrupa/airflow_project/env/lib/python3.11/site-packages/airflow/example_dags/example_branch_operator.py for tasks to queue
[2025-12-12T08:31:05.226-0500] {logging_mixin.py:188} INFO - [2025-12-12T08:31:05.226-0500] {dagbag.py:545} INFO - Filling up the DagBag from /Users/evankrupa/airflow_project/env/lib/python3.11/site-packages/airflow/example_dags/example_branch_operator.py
[2025-12-12T08:31:05.233-0500] {processor.py:842} WARNING - No viable dags retrieved from /Users/evankrupa/airflow_project/env/lib/python3.11/site-packages/airflow/example_dags/example_branch_operator.py
[2025-12-12T08:31:05.255-0500] {processor.py:183} INFO - Processing /Users/evankrupa/airflow_project/env/lib/python3.11/site-packages/airflow/example_dags/example_branch_operator.py took 0.031 seconds
[2025-12-12T08:32:29.652-0500] {processor.py:161} INFO - Started process (PID=64949) to work on /Users/evankrupa/airflow_project/env/lib/python3.11/site-packages/airflow/example_dags/example_branch_operator.py
[2025-12-12T08:32:29.653-0500] {processor.py:830} INFO - Processing file /Users/evankrupa/airflow_project/env/lib/python3.11/site-packages/airflow/example_dags/example_branch_operator.py for tasks to queue
[2025-12-12T08:32:29.653-0500] {logging_mixin.py:188} INFO - [2025-12-12T08:32:29.653-0500] {dagbag.py:545} INFO - Filling up the DagBag from /Users/evankrupa/airflow_project/env/lib/python3.11/site-packages/airflow/example_dags/example_branch_operator.py
[2025-12-12T08:32:29.660-0500] {processor.py:842} WARNING - No viable dags retrieved from /Users/evankrupa/airflow_project/env/lib/python3.11/site-packages/airflow/example_dags/example_branch_operator.py
[2025-12-12T08:32:29.683-0500] {processor.py:183} INFO - Processing /Users/evankrupa/airflow_project/env/lib/python3.11/site-packages/airflow/example_dags/example_branch_operator.py took 0.032 seconds
[2025-12-12T08:33:54.618-0500] {processor.py:161} INFO - Started process (PID=65045) to work on /Users/evankrupa/airflow_project/env/lib/python3.11/site-packages/airflow/example_dags/example_branch_operator.py
[2025-12-12T08:33:54.619-0500] {processor.py:830} INFO - Processing file /Users/evankrupa/airflow_project/env/lib/python3.11/site-packages/airflow/example_dags/example_branch_operator.py for tasks to queue
[2025-12-12T08:33:54.619-0500] {logging_mixin.py:188} INFO - [2025-12-12T08:33:54.619-0500] {dagbag.py:545} INFO - Filling up the DagBag from /Users/evankrupa/airflow_project/env/lib/python3.11/site-packages/airflow/example_dags/example_branch_operator.py
[2025-12-12T08:33:54.626-0500] {processor.py:842} WARNING - No viable dags retrieved from /Users/evankrupa/airflow_project/env/lib/python3.11/site-packages/airflow/example_dags/example_branch_operator.py
[2025-12-12T08:33:54.648-0500] {processor.py:183} INFO - Processing /Users/evankrupa/airflow_project/env/lib/python3.11/site-packages/airflow/example_dags/example_branch_operator.py took 0.032 seconds
[2025-12-12T08:35:21.528-0500] {processor.py:161} INFO - Started process (PID=65140) to work on /Users/evankrupa/airflow_project/env/lib/python3.11/site-packages/airflow/example_dags/example_branch_operator.py
[2025-12-12T08:35:21.529-0500] {processor.py:830} INFO - Processing file /Users/evankrupa/airflow_project/env/lib/python3.11/site-packages/airflow/example_dags/example_branch_operator.py for tasks to queue
[2025-12-12T08:35:21.529-0500] {logging_mixin.py:188} INFO - [2025-12-12T08:35:21.529-0500] {dagbag.py:545} INFO - Filling up the DagBag from /Users/evankrupa/airflow_project/env/lib/python3.11/site-packages/airflow/example_dags/example_branch_operator.py
[2025-12-12T08:35:21.537-0500] {processor.py:842} WARNING - No viable dags retrieved from /Users/evankrupa/airflow_project/env/lib/python3.11/site-packages/airflow/example_dags/example_branch_operator.py
[2025-12-12T08:35:21.560-0500] {processor.py:183} INFO - Processing /Users/evankrupa/airflow_project/env/lib/python3.11/site-packages/airflow/example_dags/example_branch_operator.py took 0.033 seconds
[2025-12-12T08:36:43.637-0500] {processor.py:161} INFO - Started process (PID=65217) to work on /Users/evankrupa/airflow_project/env/lib/python3.11/site-packages/airflow/example_dags/example_branch_operator.py
[2025-12-12T08:36:43.638-0500] {processor.py:830} INFO - Processing file /Users/evankrupa/airflow_project/env/lib/python3.11/site-packages/airflow/example_dags/example_branch_operator.py for tasks to queue
[2025-12-12T08:36:43.639-0500] {logging_mixin.py:188} INFO - [2025-12-12T08:36:43.639-0500] {dagbag.py:545} INFO - Filling up the DagBag from /Users/evankrupa/airflow_project/env/lib/python3.11/site-packages/airflow/example_dags/example_branch_operator.py
[2025-12-12T08:36:43.647-0500] {processor.py:842} WARNING - No viable dags retrieved from /Users/evankrupa/airflow_project/env/lib/python3.11/site-packages/airflow/example_dags/example_branch_operator.py
[2025-12-12T08:36:43.670-0500] {processor.py:183} INFO - Processing /Users/evankrupa/airflow_project/env/lib/python3.11/site-packages/airflow/example_dags/example_branch_operator.py took 0.033 seconds
[2025-12-12T08:38:09.666-0500] {processor.py:161} INFO - Started process (PID=65286) to work on /Users/evankrupa/airflow_project/env/lib/python3.11/site-packages/airflow/example_dags/example_branch_operator.py
[2025-12-12T08:38:09.667-0500] {processor.py:830} INFO - Processing file /Users/evankrupa/airflow_project/env/lib/python3.11/site-packages/airflow/example_dags/example_branch_operator.py for tasks to queue
[2025-12-12T08:38:09.667-0500] {logging_mixin.py:188} INFO - [2025-12-12T08:38:09.667-0500] {dagbag.py:545} INFO - Filling up the DagBag from /Users/evankrupa/airflow_project/env/lib/python3.11/site-packages/airflow/example_dags/example_branch_operator.py
[2025-12-12T08:38:09.675-0500] {processor.py:842} WARNING - No viable dags retrieved from /Users/evankrupa/airflow_project/env/lib/python3.11/site-packages/airflow/example_dags/example_branch_operator.py
[2025-12-12T08:38:09.697-0500] {processor.py:183} INFO - Processing /Users/evankrupa/airflow_project/env/lib/python3.11/site-packages/airflow/example_dags/example_branch_operator.py took 0.033 seconds
[2025-12-12T08:39:32.061-0500] {processor.py:161} INFO - Started process (PID=65366) to work on /Users/evankrupa/airflow_project/env/lib/python3.11/site-packages/airflow/example_dags/example_branch_operator.py
[2025-12-12T08:39:32.062-0500] {processor.py:830} INFO - Processing file /Users/evankrupa/airflow_project/env/lib/python3.11/site-packages/airflow/example_dags/example_branch_operator.py for tasks to queue
[2025-12-12T08:39:32.062-0500] {logging_mixin.py:188} INFO - [2025-12-12T08:39:32.062-0500] {dagbag.py:545} INFO - Filling up the DagBag from /Users/evankrupa/airflow_project/env/lib/python3.11/site-packages/airflow/example_dags/example_branch_operator.py
[2025-12-12T08:39:32.070-0500] {processor.py:842} WARNING - No viable dags retrieved from /Users/evankrupa/airflow_project/env/lib/python3.11/site-packages/airflow/example_dags/example_branch_operator.py
[2025-12-12T08:39:32.091-0500] {processor.py:183} INFO - Processing /Users/evankrupa/airflow_project/env/lib/python3.11/site-packages/airflow/example_dags/example_branch_operator.py took 0.031 seconds
[2025-12-12T08:40:55.877-0500] {processor.py:161} INFO - Started process (PID=65452) to work on /Users/evankrupa/airflow_project/env/lib/python3.11/site-packages/airflow/example_dags/example_branch_operator.py
[2025-12-12T08:40:55.878-0500] {processor.py:830} INFO - Processing file /Users/evankrupa/airflow_project/env/lib/python3.11/site-packages/airflow/example_dags/example_branch_operator.py for tasks to queue
[2025-12-12T08:40:55.879-0500] {logging_mixin.py:188} INFO - [2025-12-12T08:40:55.879-0500] {dagbag.py:545} INFO - Filling up the DagBag from /Users/evankrupa/airflow_project/env/lib/python3.11/site-packages/airflow/example_dags/example_branch_operator.py
[2025-12-12T08:40:55.886-0500] {processor.py:842} WARNING - No viable dags retrieved from /Users/evankrupa/airflow_project/env/lib/python3.11/site-packages/airflow/example_dags/example_branch_operator.py
[2025-12-12T08:40:55.908-0500] {processor.py:183} INFO - Processing /Users/evankrupa/airflow_project/env/lib/python3.11/site-packages/airflow/example_dags/example_branch_operator.py took 0.031 seconds
[2025-12-12T08:42:17.854-0500] {processor.py:161} INFO - Started process (PID=65519) to work on /Users/evankrupa/airflow_project/env/lib/python3.11/site-packages/airflow/example_dags/example_branch_operator.py
[2025-12-12T08:42:17.855-0500] {processor.py:830} INFO - Processing file /Users/evankrupa/airflow_project/env/lib/python3.11/site-packages/airflow/example_dags/example_branch_operator.py for tasks to queue
[2025-12-12T08:42:17.855-0500] {logging_mixin.py:188} INFO - [2025-12-12T08:42:17.855-0500] {dagbag.py:545} INFO - Filling up the DagBag from /Users/evankrupa/airflow_project/env/lib/python3.11/site-packages/airflow/example_dags/example_branch_operator.py
[2025-12-12T08:42:17.863-0500] {processor.py:842} WARNING - No viable dags retrieved from /Users/evankrupa/airflow_project/env/lib/python3.11/site-packages/airflow/example_dags/example_branch_operator.py
[2025-12-12T08:42:17.885-0500] {processor.py:183} INFO - Processing /Users/evankrupa/airflow_project/env/lib/python3.11/site-packages/airflow/example_dags/example_branch_operator.py took 0.032 seconds
[2025-12-12T08:43:41.841-0500] {processor.py:161} INFO - Started process (PID=65603) to work on /Users/evankrupa/airflow_project/env/lib/python3.11/site-packages/airflow/example_dags/example_branch_operator.py
[2025-12-12T08:43:41.842-0500] {processor.py:830} INFO - Processing file /Users/evankrupa/airflow_project/env/lib/python3.11/site-packages/airflow/example_dags/example_branch_operator.py for tasks to queue
[2025-12-12T08:43:41.843-0500] {logging_mixin.py:188} INFO - [2025-12-12T08:43:41.843-0500] {dagbag.py:545} INFO - Filling up the DagBag from /Users/evankrupa/airflow_project/env/lib/python3.11/site-packages/airflow/example_dags/example_branch_operator.py
[2025-12-12T08:43:41.850-0500] {processor.py:842} WARNING - No viable dags retrieved from /Users/evankrupa/airflow_project/env/lib/python3.11/site-packages/airflow/example_dags/example_branch_operator.py
[2025-12-12T08:43:41.872-0500] {processor.py:183} INFO - Processing /Users/evankrupa/airflow_project/env/lib/python3.11/site-packages/airflow/example_dags/example_branch_operator.py took 0.031 seconds
[2025-12-12T08:45:05.701-0500] {processor.py:161} INFO - Started process (PID=65679) to work on /Users/evankrupa/airflow_project/env/lib/python3.11/site-packages/airflow/example_dags/example_branch_operator.py
[2025-12-12T08:45:05.702-0500] {processor.py:830} INFO - Processing file /Users/evankrupa/airflow_project/env/lib/python3.11/site-packages/airflow/example_dags/example_branch_operator.py for tasks to queue
[2025-12-12T08:45:05.702-0500] {logging_mixin.py:188} INFO - [2025-12-12T08:45:05.702-0500] {dagbag.py:545} INFO - Filling up the DagBag from /Users/evankrupa/airflow_project/env/lib/python3.11/site-packages/airflow/example_dags/example_branch_operator.py
[2025-12-12T08:45:05.709-0500] {processor.py:842} WARNING - No viable dags retrieved from /Users/evankrupa/airflow_project/env/lib/python3.11/site-packages/airflow/example_dags/example_branch_operator.py
[2025-12-12T08:45:05.731-0500] {processor.py:183} INFO - Processing /Users/evankrupa/airflow_project/env/lib/python3.11/site-packages/airflow/example_dags/example_branch_operator.py took 0.031 seconds
