[2025-12-12T08:34:41.086-0500] {local_task_job_runner.py:120} INFO - ::group::Pre task execution logs
[2025-12-12T08:34:41.091-0500] {taskinstance.py:2076} INFO - Dependencies all met for dep_context=non-requeueable deps ti=<TaskInstance: bike_etl_dag.list_bike_data_files manual__2025-12-12T13:34:37.999659+00:00 [queued]>
[2025-12-12T08:34:41.092-0500] {taskinstance.py:2076} INFO - Dependencies all met for dep_context=requeueable deps ti=<TaskInstance: bike_etl_dag.list_bike_data_files manual__2025-12-12T13:34:37.999659+00:00 [queued]>
[2025-12-12T08:34:41.092-0500] {taskinstance.py:2306} INFO - Starting attempt 1 of 1
[2025-12-12T08:34:41.095-0500] {taskinstance.py:2330} INFO - Executing <Task(BashOperator): list_bike_data_files> on 2025-12-12 13:34:37.999659+00:00
[2025-12-12T08:34:41.097-0500] {standard_task_runner.py:63} INFO - Started process 65091 to run task
[2025-12-12T08:34:41.099-0500] {standard_task_runner.py:90} INFO - Running: ['airflow', 'tasks', 'run', 'bike_etl_dag', 'list_bike_data_files', 'manual__2025-12-12T13:34:37.999659+00:00', '--job-id', '5', '--raw', '--subdir', 'DAGS_FOLDER/bike_etl_dag.py', '--cfg-path', '/var/folders/x8/gzvp79n54f19ddgbkqmljtcc0000gn/T/tmp8cvi5rkp']
[2025-12-12T08:34:41.101-0500] {standard_task_runner.py:91} INFO - Job 5: Subtask list_bike_data_files
[2025-12-12T08:34:41.114-0500] {task_command.py:426} INFO - Running <TaskInstance: bike_etl_dag.list_bike_data_files manual__2025-12-12T13:34:37.999659+00:00 [running]> on host evans-macbook-pro.local
[2025-12-12T08:34:41.131-0500] {taskinstance.py:2648} INFO - Exporting env vars: AIRFLOW_CTX_DAG_OWNER='airflow' AIRFLOW_CTX_DAG_ID='bike_etl_dag' AIRFLOW_CTX_TASK_ID='list_bike_data_files' AIRFLOW_CTX_EXECUTION_DATE='2025-12-12T13:34:37.999659+00:00' AIRFLOW_CTX_TRY_NUMBER='1' AIRFLOW_CTX_DAG_RUN_ID='manual__2025-12-12T13:34:37.999659+00:00'
[2025-12-12T08:34:41.132-0500] {taskinstance.py:430} INFO - ::endgroup::
[2025-12-12T08:34:41.132-0500] {subprocess.py:63} INFO - Tmp dir root location: /var/folders/x8/gzvp79n54f19ddgbkqmljtcc0000gn/T
[2025-12-12T08:34:41.133-0500] {subprocess.py:75} INFO - Running command: ['/bin/bash', '-c', 'echo "Current time is: $(date)"']
[2025-12-12T08:34:41.136-0500] {subprocess.py:86} INFO - Output:
[2025-12-12T08:34:41.143-0500] {subprocess.py:93} INFO - Current time is: Fri Dec 12 08:34:41 EST 2025
[2025-12-12T08:34:41.144-0500] {subprocess.py:97} INFO - Command exited with return code 0
[2025-12-12T08:34:41.144-0500] {taskinstance.py:441} INFO - ::group::Post task execution logs
[2025-12-12T08:34:41.149-0500] {taskinstance.py:1206} INFO - Marking task as SUCCESS. dag_id=bike_etl_dag, task_id=list_bike_data_files, run_id=manual__2025-12-12T13:34:37.999659+00:00, execution_date=20251212T133437, start_date=20251212T133441, end_date=20251212T133441
[2025-12-12T08:34:41.161-0500] {local_task_job_runner.py:240} INFO - Task exited with return code 0
[2025-12-12T08:34:41.165-0500] {taskinstance.py:3498} INFO - 0 downstream tasks scheduled from follow-on schedule check
[2025-12-12T08:34:41.165-0500] {local_task_job_runner.py:222} INFO - ::endgroup::
